[2022-11-10T13:45:10.413+0000] {manager.py:483} INFO - Processing files using up to 2 processes at a time 
[2022-11-10T13:45:10.414+0000] {manager.py:484} INFO - Process each file at most once every 30 seconds
[2022-11-10T13:45:10.415+0000] {manager.py:486} INFO - Checking for new files in /opt/airflow/dags every 300 seconds
[2022-11-10T13:45:10.415+0000] {manager.py:724} INFO - Searching for files in /opt/airflow/dags
[2022-11-10T13:45:10.416+0000] {manager.py:727} INFO - There are 0 files in /opt/airflow/dags
[2022-11-10T13:46:56.640+0000] {manager.py:483} INFO - Processing files using up to 2 processes at a time 
[2022-11-10T13:46:56.659+0000] {manager.py:484} INFO - Process each file at most once every 30 seconds
[2022-11-10T13:46:56.659+0000] {manager.py:486} INFO - Checking for new files in /opt/airflow/dags every 300 seconds
[2022-11-10T13:46:56.659+0000] {manager.py:724} INFO - Searching for files in /opt/airflow/dags
[2022-11-10T13:46:56.660+0000] {manager.py:727} INFO - There are 1 files in /opt/airflow/dags
[2022-11-10T13:46:56.796+0000] {manager.py:846} INFO - 
================================================================================
DAG File Processing Stats

File Path                                    PID  Runtime      # DAGs    # Errors  Last Runtime    Last Run
-----------------------------------------  -----  ---------  --------  ----------  --------------  ----------
/opt/airflow/dags/postgre_create_table.py     46  0.05s             0           0
================================================================================
[2022-11-10T13:47:26.919+0000] {manager.py:846} INFO - 
================================================================================
DAG File Processing Stats

File Path                                  PID    Runtime      # DAGs    # Errors  Last Runtime    Last Run
-----------------------------------------  -----  ---------  --------  ----------  --------------  -------------------
/opt/airflow/dags/postgre_create_table.py                           1           0  2.49s           2022-11-10T13:46:59
================================================================================
[2022-11-10T13:47:57.055+0000] {manager.py:846} INFO - 
================================================================================
DAG File Processing Stats

File Path                                  PID    Runtime      # DAGs    # Errors  Last Runtime    Last Run
-----------------------------------------  -----  ---------  --------  ----------  --------------  -------------------
/opt/airflow/dags/postgre_create_table.py                           1           0  0.79s           2022-11-10T13:47:30
================================================================================
[2022-11-10T13:48:27.152+0000] {manager.py:846} INFO - 
================================================================================
DAG File Processing Stats

File Path                                  PID    Runtime      # DAGs    # Errors  Last Runtime    Last Run
-----------------------------------------  -----  ---------  --------  ----------  --------------  -------------------
/opt/airflow/dags/postgre_create_table.py                           1           0  0.71s           2022-11-10T13:48:01
================================================================================
[2022-11-10T13:48:57.689+0000] {manager.py:846} INFO - 
================================================================================
DAG File Processing Stats

File Path                                  PID    Runtime      # DAGs    # Errors  Last Runtime    Last Run
-----------------------------------------  -----  ---------  --------  ----------  --------------  -------------------
/opt/airflow/dags/postgre_create_table.py                           1           0  0.64s           2022-11-10T13:48:31
================================================================================
[2022-11-10T13:49:28.152+0000] {manager.py:846} INFO - 
================================================================================
DAG File Processing Stats

File Path                                  PID    Runtime      # DAGs    # Errors  Last Runtime    Last Run
-----------------------------------------  -----  ---------  --------  ----------  --------------  -------------------
/opt/airflow/dags/postgre_create_table.py                           1           0  0.48s           2022-11-10T13:49:02
================================================================================
[2022-11-10T13:49:58.327+0000] {manager.py:846} INFO - 
================================================================================
DAG File Processing Stats

File Path                                  PID    Runtime      # DAGs    # Errors  Last Runtime    Last Run
-----------------------------------------  -----  ---------  --------  ----------  --------------  -------------------
/opt/airflow/dags/postgre_create_table.py                           1           0  0.63s           2022-11-10T13:49:33
================================================================================
[2022-11-10T13:50:28.523+0000] {manager.py:846} INFO - 
================================================================================
DAG File Processing Stats

File Path                                  PID    Runtime      # DAGs    # Errors  Last Runtime    Last Run
-----------------------------------------  -----  ---------  --------  ----------  --------------  -------------------
/opt/airflow/dags/postgre_create_table.py                           1           0  0.55s           2022-11-10T13:50:03
================================================================================
[2022-11-12T11:20:28.783+0000] {manager.py:483} INFO - Processing files using up to 2 processes at a time 
[2022-11-12T11:20:28.787+0000] {manager.py:484} INFO - Process each file at most once every 30 seconds
[2022-11-12T11:20:28.787+0000] {manager.py:486} INFO - Checking for new files in /opt/airflow/dags every 300 seconds
[2022-11-12T11:20:28.788+0000] {manager.py:724} INFO - Searching for files in /opt/airflow/dags
[2022-11-12T11:20:28.789+0000] {manager.py:727} INFO - There are 1 files in /opt/airflow/dags
[2022-11-12T11:20:28.905+0000] {manager.py:846} INFO - 
================================================================================
DAG File Processing Stats

File Path                                    PID  Runtime      # DAGs    # Errors  Last Runtime    Last Run
-----------------------------------------  -----  ---------  --------  ----------  --------------  ----------
/opt/airflow/dags/postgre_create_table.py     37  0.03s             0           0
================================================================================
[2022-11-12T11:20:59.060+0000] {manager.py:846} INFO - 
================================================================================
DAG File Processing Stats

File Path                                  PID    Runtime      # DAGs    # Errors  Last Runtime    Last Run
-----------------------------------------  -----  ---------  --------  ----------  --------------  -------------------
/opt/airflow/dags/postgre_create_table.py                           1           0  0.80s           2022-11-12T11:20:29
================================================================================
[2022-11-12T11:21:29.395+0000] {manager.py:846} INFO - 
================================================================================
DAG File Processing Stats

File Path                                  PID    Runtime      # DAGs    # Errors  Last Runtime    Last Run
-----------------------------------------  -----  ---------  --------  ----------  --------------  -------------------
/opt/airflow/dags/postgre_create_table.py                           1           0  0.85s           2022-11-12T11:21:00
================================================================================
[2022-11-12T11:21:59.783+0000] {manager.py:846} INFO - 
================================================================================
DAG File Processing Stats

File Path                                  PID    Runtime      # DAGs    # Errors  Last Runtime    Last Run
-----------------------------------------  -----  ---------  --------  ----------  --------------  -------------------
/opt/airflow/dags/postgre_create_table.py                           1           0  11.02s          2022-11-12T11:21:47
================================================================================
[2022-11-12T11:22:30.013+0000] {manager.py:846} INFO - 
================================================================================
DAG File Processing Stats

File Path                                  PID    Runtime      # DAGs    # Errors  Last Runtime    Last Run
-----------------------------------------  -----  ---------  --------  ----------  --------------  -------------------
/opt/airflow/dags/postgre_create_table.py                           1           0  0.62s           2022-11-12T11:22:18
================================================================================
[2022-11-12T11:22:57.284+0000] {manager.py:465} INFO - Exiting gracefully upon receiving signal 15
[2022-11-12T11:24:32.125+0000] {manager.py:483} INFO - Processing files using up to 2 processes at a time 
[2022-11-12T11:24:32.127+0000] {manager.py:484} INFO - Process each file at most once every 30 seconds
[2022-11-12T11:24:32.127+0000] {manager.py:486} INFO - Checking for new files in /opt/airflow/dags every 300 seconds
[2022-11-12T11:24:32.128+0000] {manager.py:724} INFO - Searching for files in /opt/airflow/dags
[2022-11-12T11:24:32.129+0000] {manager.py:727} INFO - There are 1 files in /opt/airflow/dags
[2022-11-12T11:24:32.394+0000] {manager.py:846} INFO - 
================================================================================
DAG File Processing Stats

File Path                                    PID  Runtime      # DAGs    # Errors  Last Runtime    Last Run
-----------------------------------------  -----  ---------  --------  ----------  --------------  ----------
/opt/airflow/dags/postgre_create_table.py     46  0.02s             0           0
================================================================================
[2022-11-12T11:25:02.522+0000] {manager.py:846} INFO - 
================================================================================
DAG File Processing Stats

File Path                                  PID    Runtime      # DAGs    # Errors  Last Runtime    Last Run
-----------------------------------------  -----  ---------  --------  ----------  --------------  -------------------
/opt/airflow/dags/postgre_create_table.py                           1           0  1.76s           2022-11-12T11:24:34
================================================================================
[2022-11-12T11:25:32.732+0000] {manager.py:846} INFO - 
================================================================================
DAG File Processing Stats

File Path                                  PID    Runtime      # DAGs    # Errors  Last Runtime    Last Run
-----------------------------------------  -----  ---------  --------  ----------  --------------  -------------------
/opt/airflow/dags/postgre_create_table.py                           1           0  0.61s           2022-11-12T11:25:05
================================================================================
[2022-11-12T11:26:02.945+0000] {manager.py:846} INFO - 
================================================================================
DAG File Processing Stats

File Path                                  PID    Runtime      # DAGs    # Errors  Last Runtime    Last Run
-----------------------------------------  -----  ---------  --------  ----------  --------------  -------------------
/opt/airflow/dags/postgre_create_table.py                           1           0  0.54s           2022-11-12T11:25:35
================================================================================
[2022-11-12T11:26:33.205+0000] {manager.py:846} INFO - 
================================================================================
DAG File Processing Stats

File Path                                  PID    Runtime      # DAGs    # Errors  Last Runtime    Last Run
-----------------------------------------  -----  ---------  --------  ----------  --------------  -------------------
/opt/airflow/dags/postgre_create_table.py                           1           0  0.39s           2022-11-12T11:26:26
================================================================================
[2022-11-12T11:28:07.946+0000] {manager.py:1137} ERROR - Processor for /opt/airflow/dags/postgre_create_table.py with PID 153 started at 2022-11-12T11:26:56.586054+00:00 has timed out, killing it.
[2022-11-12T11:28:08.126+0000] {manager.py:846} INFO - 
================================================================================
DAG File Processing Stats

File Path                                    PID  Runtime      # DAGs    # Errors  Last Runtime    Last Run
-----------------------------------------  -----  ---------  --------  ----------  --------------  -------------------
/opt/airflow/dags/postgre_create_table.py    155  0.02s             1           0  0.39s           2022-11-12T11:26:26
================================================================================
[2022-11-12T11:28:38.378+0000] {manager.py:846} INFO - 
================================================================================
DAG File Processing Stats

File Path                                  PID    Runtime      # DAGs    # Errors  Last Runtime    Last Run
-----------------------------------------  -----  ---------  --------  ----------  --------------  -------------------
/opt/airflow/dags/postgre_create_table.py                           1           0  1.60s           2022-11-12T11:28:09
================================================================================
[2022-11-12T11:29:08.476+0000] {manager.py:846} INFO - 
================================================================================
DAG File Processing Stats

File Path                                  PID    Runtime      # DAGs    # Errors  Last Runtime    Last Run
-----------------------------------------  -----  ---------  --------  ----------  --------------  -------------------
/opt/airflow/dags/postgre_create_table.py                           1           0  0.42s           2022-11-12T11:28:40
================================================================================
[2022-11-12T11:29:32.192+0000] {manager.py:724} INFO - Searching for files in /opt/airflow/dags
[2022-11-12T11:29:32.195+0000] {manager.py:727} INFO - There are 1 files in /opt/airflow/dags
[2022-11-12T11:29:39.275+0000] {manager.py:846} INFO - 
================================================================================
DAG File Processing Stats

File Path                                  PID    Runtime      # DAGs    # Errors  Last Runtime    Last Run
-----------------------------------------  -----  ---------  --------  ----------  --------------  -------------------
/opt/airflow/dags/postgre_create_table.py                           1           0  0.61s           2022-11-12T11:29:11
================================================================================
[2022-11-12T11:30:09.484+0000] {manager.py:846} INFO - 
================================================================================
DAG File Processing Stats

File Path                                  PID    Runtime      # DAGs    # Errors  Last Runtime    Last Run
-----------------------------------------  -----  ---------  --------  ----------  --------------  -------------------
/opt/airflow/dags/postgre_create_table.py                           1           0  0.41s           2022-11-12T11:29:41
================================================================================
[2022-11-12T11:30:39.995+0000] {manager.py:846} INFO - 
================================================================================
DAG File Processing Stats

File Path                                  PID    Runtime      # DAGs    # Errors  Last Runtime    Last Run
-----------------------------------------  -----  ---------  --------  ----------  --------------  -------------------
/opt/airflow/dags/postgre_create_table.py                           1           0  0.48s           2022-11-12T11:30:12
================================================================================
[2022-11-12T11:31:10.189+0000] {manager.py:846} INFO - 
================================================================================
DAG File Processing Stats

File Path                                  PID    Runtime      # DAGs    # Errors  Last Runtime    Last Run
-----------------------------------------  -----  ---------  --------  ----------  --------------  -------------------
/opt/airflow/dags/postgre_create_table.py                           1           0  0.89s           2022-11-12T11:30:43
================================================================================
[2022-11-12T11:31:40.715+0000] {manager.py:846} INFO - 
================================================================================
DAG File Processing Stats

File Path                                  PID    Runtime      # DAGs    # Errors  Last Runtime    Last Run
-----------------------------------------  -----  ---------  --------  ----------  --------------  -------------------
/opt/airflow/dags/postgre_create_table.py                           1           0  0.36s           2022-11-12T11:31:13
================================================================================
[2022-11-12T11:32:11.241+0000] {manager.py:846} INFO - 
================================================================================
DAG File Processing Stats

File Path                                  PID    Runtime      # DAGs    # Errors  Last Runtime    Last Run
-----------------------------------------  -----  ---------  --------  ----------  --------------  -------------------
/opt/airflow/dags/postgre_create_table.py                           1           0  0.45s           2022-11-12T11:31:44
================================================================================
[2022-11-12T11:32:41.843+0000] {manager.py:846} INFO - 
================================================================================
DAG File Processing Stats

File Path                                  PID    Runtime      # DAGs    # Errors  Last Runtime    Last Run
-----------------------------------------  -----  ---------  --------  ----------  --------------  -------------------
/opt/airflow/dags/postgre_create_table.py                           1           0  0.41s           2022-11-12T11:32:15
================================================================================
[2022-11-12T11:33:11.954+0000] {manager.py:846} INFO - 
================================================================================
DAG File Processing Stats

File Path                                  PID    Runtime      # DAGs    # Errors  Last Runtime    Last Run
-----------------------------------------  -----  ---------  --------  ----------  --------------  -------------------
/opt/airflow/dags/postgre_create_table.py                           1           0  0.57s           2022-11-12T11:32:45
================================================================================
[2022-11-12T11:33:42.623+0000] {manager.py:846} INFO - 
================================================================================
DAG File Processing Stats

File Path                                  PID    Runtime      # DAGs    # Errors  Last Runtime    Last Run
-----------------------------------------  -----  ---------  --------  ----------  --------------  -------------------
/opt/airflow/dags/postgre_create_table.py                           0           1  0.19s           2022-11-12T11:33:39
================================================================================
[2022-11-12T11:34:12.819+0000] {manager.py:846} INFO - 
================================================================================
DAG File Processing Stats

File Path                                  PID    Runtime      # DAGs    # Errors  Last Runtime    Last Run
-----------------------------------------  -----  ---------  --------  ----------  --------------  -------------------
/opt/airflow/dags/postgre_create_table.py                           0           1  0.08s           2022-11-12T11:34:09
================================================================================
[2022-11-12T11:34:32.948+0000] {manager.py:724} INFO - Searching for files in /opt/airflow/dags
[2022-11-12T11:34:32.953+0000] {manager.py:727} INFO - There are 1 files in /opt/airflow/dags
[2022-11-12T11:34:43.073+0000] {manager.py:846} INFO - 
================================================================================
DAG File Processing Stats

File Path                                  PID    Runtime      # DAGs    # Errors  Last Runtime    Last Run
-----------------------------------------  -----  ---------  --------  ----------  --------------  -------------------
/opt/airflow/dags/postgre_create_table.py                           0           1  0.10s           2022-11-12T11:34:37
================================================================================
[2022-11-12T11:35:10.488+0000] {manager.py:520} INFO - DAG load_to_dwh_v2 is missing and will be deactivated.
[2022-11-12T11:35:10.502+0000] {manager.py:530} INFO - Deactivated 1 DAGs which are no longer present in file.
[2022-11-12T11:35:10.508+0000] {manager.py:534} INFO - Deleted DAG load_to_dwh_v2 in serialized_dag table
[2022-11-12T11:35:13.536+0000] {manager.py:846} INFO - 
================================================================================
DAG File Processing Stats

File Path                                  PID    Runtime      # DAGs    # Errors  Last Runtime    Last Run
-----------------------------------------  -----  ---------  --------  ----------  --------------  -------------------
/opt/airflow/dags/postgre_create_table.py                           0           1  0.07s           2022-11-12T11:35:04
================================================================================
[2022-11-12T11:35:43.795+0000] {manager.py:846} INFO - 
================================================================================
DAG File Processing Stats

File Path                                  PID    Runtime      # DAGs    # Errors  Last Runtime    Last Run
-----------------------------------------  -----  ---------  --------  ----------  --------------  -------------------
/opt/airflow/dags/postgre_create_table.py                           0           1  0.21s           2022-11-12T11:35:13
================================================================================
[2022-11-12T11:36:13.957+0000] {manager.py:846} INFO - 
================================================================================
DAG File Processing Stats

File Path                                  PID    Runtime      # DAGs    # Errors  Last Runtime    Last Run
-----------------------------------------  -----  ---------  --------  ----------  --------------  -------------------
/opt/airflow/dags/postgre_create_table.py                           1           0  0.82s           2022-11-12T11:35:52
================================================================================
[2022-11-12T11:36:44.333+0000] {manager.py:846} INFO - 
================================================================================
DAG File Processing Stats

File Path                                  PID    Runtime      # DAGs    # Errors  Last Runtime    Last Run
-----------------------------------------  -----  ---------  --------  ----------  --------------  -------------------
/opt/airflow/dags/postgre_create_table.py                           1           0  0.49s           2022-11-12T11:36:23
================================================================================
[2022-11-12T11:37:14.775+0000] {manager.py:846} INFO - 
================================================================================
DAG File Processing Stats

File Path                                  PID    Runtime      # DAGs    # Errors  Last Runtime    Last Run
-----------------------------------------  -----  ---------  --------  ----------  --------------  -------------------
/opt/airflow/dags/postgre_create_table.py                           1           0  0.41s           2022-11-12T11:36:54
================================================================================
[2022-11-12T11:37:45.340+0000] {manager.py:846} INFO - 
================================================================================
DAG File Processing Stats

File Path                                  PID    Runtime      # DAGs    # Errors  Last Runtime    Last Run
-----------------------------------------  -----  ---------  --------  ----------  --------------  -------------------
/opt/airflow/dags/postgre_create_table.py                           1           0  0.41s           2022-11-12T11:37:24
================================================================================
[2022-11-12T11:38:15.392+0000] {manager.py:846} INFO - 
================================================================================
DAG File Processing Stats

File Path                                  PID    Runtime      # DAGs    # Errors  Last Runtime    Last Run
-----------------------------------------  -----  ---------  --------  ----------  --------------  -------------------
/opt/airflow/dags/postgre_create_table.py                           1           0  0.49s           2022-11-12T11:37:55
================================================================================
[2022-11-12T11:38:45.561+0000] {manager.py:846} INFO - 
================================================================================
DAG File Processing Stats

File Path                                  PID    Runtime      # DAGs    # Errors  Last Runtime    Last Run
-----------------------------------------  -----  ---------  --------  ----------  --------------  -------------------
/opt/airflow/dags/postgre_create_table.py                           1           0  0.41s           2022-11-12T11:38:25
================================================================================
[2022-11-12T11:39:16.127+0000] {manager.py:846} INFO - 
================================================================================
DAG File Processing Stats

File Path                                  PID    Runtime      # DAGs    # Errors  Last Runtime    Last Run
-----------------------------------------  -----  ---------  --------  ----------  --------------  -------------------
/opt/airflow/dags/postgre_create_table.py                           1           0  0.39s           2022-11-12T11:38:56
================================================================================
[2022-11-12T11:39:33.591+0000] {manager.py:724} INFO - Searching for files in /opt/airflow/dags
[2022-11-12T11:39:33.597+0000] {manager.py:727} INFO - There are 1 files in /opt/airflow/dags
[2022-11-12T11:39:46.710+0000] {manager.py:846} INFO - 
================================================================================
DAG File Processing Stats

File Path                                  PID    Runtime      # DAGs    # Errors  Last Runtime    Last Run
-----------------------------------------  -----  ---------  --------  ----------  --------------  -------------------
/opt/airflow/dags/postgre_create_table.py                           1           0  0.37s           2022-11-12T11:39:26
================================================================================
[2022-11-12T11:40:17.039+0000] {manager.py:846} INFO - 
================================================================================
DAG File Processing Stats

File Path                                  PID    Runtime      # DAGs    # Errors  Last Runtime    Last Run
-----------------------------------------  -----  ---------  --------  ----------  --------------  -------------------
/opt/airflow/dags/postgre_create_table.py                           1           0  0.40s           2022-11-12T11:40:11
================================================================================
[2022-11-12T11:40:47.195+0000] {manager.py:846} INFO - 
================================================================================
DAG File Processing Stats

File Path                                  PID    Runtime      # DAGs    # Errors  Last Runtime    Last Run
-----------------------------------------  -----  ---------  --------  ----------  --------------  -------------------
/opt/airflow/dags/postgre_create_table.py                           1           0  0.59s           2022-11-12T11:40:41
================================================================================
[2022-11-12T11:41:17.598+0000] {manager.py:846} INFO - 
================================================================================
DAG File Processing Stats

File Path                                  PID    Runtime      # DAGs    # Errors  Last Runtime    Last Run
-----------------------------------------  -----  ---------  --------  ----------  --------------  -------------------
/opt/airflow/dags/postgre_create_table.py                           1           0  0.44s           2022-11-12T11:40:49
================================================================================
[2022-11-12T11:41:40.833+0000] {manager.py:465} INFO - Exiting gracefully upon receiving signal 15
[2022-11-12T11:42:32.041+0000] {manager.py:483} INFO - Processing files using up to 2 processes at a time 
[2022-11-12T11:42:32.082+0000] {manager.py:484} INFO - Process each file at most once every 30 seconds
[2022-11-12T11:42:32.083+0000] {manager.py:486} INFO - Checking for new files in /opt/airflow/dags every 300 seconds
[2022-11-12T11:42:32.083+0000] {manager.py:724} INFO - Searching for files in /opt/airflow/dags
[2022-11-12T11:42:32.085+0000] {manager.py:727} INFO - There are 1 files in /opt/airflow/dags
[2022-11-12T11:42:32.320+0000] {manager.py:846} INFO - 
================================================================================
DAG File Processing Stats

File Path                                    PID  Runtime      # DAGs    # Errors  Last Runtime    Last Run
-----------------------------------------  -----  ---------  --------  ----------  --------------  ----------
/opt/airflow/dags/postgre_create_table.py     46  0.05s             0           0
================================================================================
[2022-11-12T11:43:02.448+0000] {manager.py:846} INFO - 
================================================================================
DAG File Processing Stats

File Path                                  PID    Runtime      # DAGs    # Errors  Last Runtime    Last Run
-----------------------------------------  -----  ---------  --------  ----------  --------------  -------------------
/opt/airflow/dags/postgre_create_table.py                           1           0  2.02s           2022-11-12T11:42:34
================================================================================
[2022-11-12T11:43:32.599+0000] {manager.py:846} INFO - 
================================================================================
DAG File Processing Stats

File Path                                  PID    Runtime      # DAGs    # Errors  Last Runtime    Last Run
-----------------------------------------  -----  ---------  --------  ----------  --------------  -------------------
/opt/airflow/dags/postgre_create_table.py                           1           0  0.54s           2022-11-12T11:43:04
================================================================================
[2022-11-12T11:44:03.562+0000] {manager.py:846} INFO - 
================================================================================
DAG File Processing Stats

File Path                                  PID    Runtime      # DAGs    # Errors  Last Runtime    Last Run
-----------------------------------------  -----  ---------  --------  ----------  --------------  -------------------
/opt/airflow/dags/postgre_create_table.py                           1           0  0.62s           2022-11-12T11:43:35
================================================================================
[2022-11-12T11:44:49.428+0000] {manager.py:846} INFO - 
================================================================================
DAG File Processing Stats

File Path                                    PID  Runtime      # DAGs    # Errors  Last Runtime    Last Run
-----------------------------------------  -----  ---------  --------  ----------  --------------  -------------------
/opt/airflow/dags/postgre_create_table.py    106  0.01s             1           0  0.62s           2022-11-12T11:43:35
================================================================================
[2022-11-12T11:45:19.694+0000] {manager.py:846} INFO - 
================================================================================
DAG File Processing Stats

File Path                                  PID    Runtime      # DAGs    # Errors  Last Runtime    Last Run
-----------------------------------------  -----  ---------  --------  ----------  --------------  -------------------
/opt/airflow/dags/postgre_create_table.py                           1           0  1.01s           2022-11-12T11:45:00
================================================================================
[2022-11-12T11:45:49.988+0000] {manager.py:846} INFO - 
================================================================================
DAG File Processing Stats

File Path                                  PID    Runtime      # DAGs    # Errors  Last Runtime    Last Run
-----------------------------------------  -----  ---------  --------  ----------  --------------  -------------------
/opt/airflow/dags/postgre_create_table.py                           1           0  0.48s           2022-11-12T11:45:31
================================================================================
[2022-11-12T11:46:20.509+0000] {manager.py:846} INFO - 
================================================================================
DAG File Processing Stats

File Path                                  PID    Runtime      # DAGs    # Errors  Last Runtime    Last Run
-----------------------------------------  -----  ---------  --------  ----------  --------------  -------------------
/opt/airflow/dags/postgre_create_table.py                           1           0  0.46s           2022-11-12T11:46:01
================================================================================
[2022-11-12T11:46:50.608+0000] {manager.py:846} INFO - 
================================================================================
DAG File Processing Stats

File Path                                  PID    Runtime      # DAGs    # Errors  Last Runtime    Last Run
-----------------------------------------  -----  ---------  --------  ----------  --------------  -------------------
/opt/airflow/dags/postgre_create_table.py                           1           0  0.61s           2022-11-12T11:46:41
================================================================================
[2022-11-12T11:47:21.164+0000] {manager.py:846} INFO - 
================================================================================
DAG File Processing Stats

File Path                                  PID    Runtime      # DAGs    # Errors  Last Runtime    Last Run
-----------------------------------------  -----  ---------  --------  ----------  --------------  -------------------
/opt/airflow/dags/postgre_create_table.py                           1           0  0.56s           2022-11-12T11:47:12
================================================================================
[2022-11-12T11:47:32.227+0000] {manager.py:724} INFO - Searching for files in /opt/airflow/dags
[2022-11-12T11:47:32.229+0000] {manager.py:727} INFO - There are 1 files in /opt/airflow/dags
[2022-11-12T11:47:51.462+0000] {manager.py:846} INFO - 
================================================================================
DAG File Processing Stats

File Path                                  PID    Runtime      # DAGs    # Errors  Last Runtime    Last Run
-----------------------------------------  -----  ---------  --------  ----------  --------------  -------------------
/opt/airflow/dags/postgre_create_table.py                           1           0  0.42s           2022-11-12T11:47:42
================================================================================
[2022-11-12T11:48:21.962+0000] {manager.py:846} INFO - 
================================================================================
DAG File Processing Stats

File Path                                  PID    Runtime      # DAGs    # Errors  Last Runtime    Last Run
-----------------------------------------  -----  ---------  --------  ----------  --------------  -------------------
/opt/airflow/dags/postgre_create_table.py                           1           0  0.45s           2022-11-12T11:48:13
================================================================================
[2022-11-12T11:48:52.059+0000] {manager.py:846} INFO - 
================================================================================
DAG File Processing Stats

File Path                                  PID    Runtime      # DAGs    # Errors  Last Runtime    Last Run
-----------------------------------------  -----  ---------  --------  ----------  --------------  -------------------
/opt/airflow/dags/postgre_create_table.py                           1           0  0.46s           2022-11-12T11:48:47
================================================================================
[2022-11-12T11:49:22.764+0000] {manager.py:846} INFO - 
================================================================================
DAG File Processing Stats

File Path                                  PID    Runtime      # DAGs    # Errors  Last Runtime    Last Run
-----------------------------------------  -----  ---------  --------  ----------  --------------  -------------------
/opt/airflow/dags/postgre_create_table.py                           1           0  0.64s           2022-11-12T11:49:17
================================================================================
[2022-11-12T11:49:53.020+0000] {manager.py:846} INFO - 
================================================================================
DAG File Processing Stats

File Path                                  PID    Runtime      # DAGs    # Errors  Last Runtime    Last Run
-----------------------------------------  -----  ---------  --------  ----------  --------------  -------------------
/opt/airflow/dags/postgre_create_table.py                           1           0  0.45s           2022-11-12T11:49:48
================================================================================
[2022-11-12T11:50:23.077+0000] {manager.py:846} INFO - 
================================================================================
DAG File Processing Stats

File Path                                  PID    Runtime      # DAGs    # Errors  Last Runtime    Last Run
-----------------------------------------  -----  ---------  --------  ----------  --------------  -------------------
/opt/airflow/dags/postgre_create_table.py                           1           0  0.57s           2022-11-12T11:50:21
================================================================================
[2022-11-12T11:50:53.276+0000] {manager.py:846} INFO - 
================================================================================
DAG File Processing Stats

File Path                                  PID    Runtime      # DAGs    # Errors  Last Runtime    Last Run
-----------------------------------------  -----  ---------  --------  ----------  --------------  -------------------
/opt/airflow/dags/postgre_create_table.py                           1           0  0.40s           2022-11-12T11:50:51
================================================================================
[2022-11-12T11:51:23.438+0000] {manager.py:846} INFO - 
================================================================================
DAG File Processing Stats

File Path                                  PID    Runtime      # DAGs    # Errors  Last Runtime    Last Run
-----------------------------------------  -----  ---------  --------  ----------  --------------  -------------------
/opt/airflow/dags/postgre_create_table.py                           1           0  0.62s           2022-11-12T11:51:22
================================================================================
[2022-11-12T11:51:53.624+0000] {manager.py:846} INFO - 
================================================================================
DAG File Processing Stats

File Path                                  PID    Runtime      # DAGs    # Errors  Last Runtime    Last Run
-----------------------------------------  -----  ---------  --------  ----------  --------------  -------------------
/opt/airflow/dags/postgre_create_table.py                           1           0  0.49s           2022-11-12T11:51:53
================================================================================
[2022-11-12T11:52:23.635+0000] {manager.py:846} INFO - 
================================================================================
DAG File Processing Stats

File Path                                  PID    Runtime      # DAGs    # Errors  Last Runtime    Last Run
-----------------------------------------  -----  ---------  --------  ----------  --------------  -------------------
/opt/airflow/dags/postgre_create_table.py                           1           0  0.42s           2022-11-12T11:52:23
================================================================================
[2022-11-12T11:52:32.277+0000] {manager.py:724} INFO - Searching for files in /opt/airflow/dags
[2022-11-12T11:52:32.281+0000] {manager.py:727} INFO - There are 1 files in /opt/airflow/dags
[2022-11-12T11:52:53.803+0000] {manager.py:846} INFO - 
================================================================================
DAG File Processing Stats

File Path                                    PID  Runtime      # DAGs    # Errors  Last Runtime    Last Run
-----------------------------------------  -----  ---------  --------  ----------  --------------  -------------------
/opt/airflow/dags/postgre_create_table.py    513  0.02s             1           0  0.42s           2022-11-12T11:52:23
================================================================================
[2022-11-12T11:53:15.006+0000] {manager.py:465} INFO - Exiting gracefully upon receiving signal 15
[2022-11-12T12:55:42.199+0000] {manager.py:483} INFO - Processing files using up to 2 processes at a time 
[2022-11-12T12:55:42.202+0000] {manager.py:484} INFO - Process each file at most once every 30 seconds
[2022-11-12T12:55:42.202+0000] {manager.py:486} INFO - Checking for new files in /opt/airflow/dags every 300 seconds
[2022-11-12T12:55:42.202+0000] {manager.py:724} INFO - Searching for files in /opt/airflow/dags
[2022-11-12T12:55:42.204+0000] {manager.py:727} INFO - There are 1 files in /opt/airflow/dags
[2022-11-12T12:55:42.505+0000] {manager.py:846} INFO - 
================================================================================
DAG File Processing Stats

File Path                                    PID  Runtime      # DAGs    # Errors  Last Runtime    Last Run
-----------------------------------------  -----  ---------  --------  ----------  --------------  ----------
/opt/airflow/dags/postgre_create_table.py     45  0.03s             0           0
================================================================================
[2022-11-12T12:56:12.668+0000] {manager.py:846} INFO - 
================================================================================
DAG File Processing Stats

File Path                                  PID    Runtime      # DAGs    # Errors  Last Runtime    Last Run
-----------------------------------------  -----  ---------  --------  ----------  --------------  -------------------
/opt/airflow/dags/postgre_create_table.py                           1           0  1.35s           2022-11-12T12:55:43
================================================================================
[2022-11-12T12:56:43.140+0000] {manager.py:846} INFO - 
================================================================================
DAG File Processing Stats

File Path                                  PID    Runtime      # DAGs    # Errors  Last Runtime    Last Run
-----------------------------------------  -----  ---------  --------  ----------  --------------  -------------------
/opt/airflow/dags/postgre_create_table.py                           1           0  0.52s           2022-11-12T12:56:14
================================================================================
[2022-11-12T12:57:13.238+0000] {manager.py:846} INFO - 
================================================================================
DAG File Processing Stats

File Path                                  PID    Runtime      # DAGs    # Errors  Last Runtime    Last Run
-----------------------------------------  -----  ---------  --------  ----------  --------------  -------------------
/opt/airflow/dags/postgre_create_table.py                           1           0  0.44s           2022-11-12T12:56:45
================================================================================
[2022-11-12T12:57:43.418+0000] {manager.py:846} INFO - 
================================================================================
DAG File Processing Stats

File Path                                  PID    Runtime      # DAGs    # Errors  Last Runtime    Last Run
-----------------------------------------  -----  ---------  --------  ----------  --------------  -------------------
/opt/airflow/dags/postgre_create_table.py                           1           0  0.51s           2022-11-12T12:57:15
================================================================================
[2022-11-12T12:58:13.592+0000] {manager.py:846} INFO - 
================================================================================
DAG File Processing Stats

File Path                                  PID    Runtime      # DAGs    # Errors  Last Runtime    Last Run
-----------------------------------------  -----  ---------  --------  ----------  --------------  -------------------
/opt/airflow/dags/postgre_create_table.py                           1           0  0.48s           2022-11-12T12:57:46
================================================================================
[2022-11-12T12:58:43.804+0000] {manager.py:846} INFO - 
================================================================================
DAG File Processing Stats

File Path                                  PID    Runtime      # DAGs    # Errors  Last Runtime    Last Run
-----------------------------------------  -----  ---------  --------  ----------  --------------  -------------------
/opt/airflow/dags/postgre_create_table.py                           1           0  0.41s           2022-11-12T12:58:17
================================================================================
[2022-11-12T12:59:14.361+0000] {manager.py:846} INFO - 
================================================================================
DAG File Processing Stats

File Path                                  PID    Runtime      # DAGs    # Errors  Last Runtime    Last Run
-----------------------------------------  -----  ---------  --------  ----------  --------------  -------------------
/opt/airflow/dags/postgre_create_table.py                           1           0  0.39s           2022-11-12T12:58:47
================================================================================
[2022-11-12T12:59:44.957+0000] {manager.py:846} INFO - 
================================================================================
DAG File Processing Stats

File Path                                  PID    Runtime      # DAGs    # Errors  Last Runtime    Last Run
-----------------------------------------  -----  ---------  --------  ----------  --------------  -------------------
/opt/airflow/dags/postgre_create_table.py                           1           0  0.42s           2022-11-12T12:59:18
================================================================================
[2022-11-12T13:00:15.016+0000] {manager.py:846} INFO - 
================================================================================
DAG File Processing Stats

File Path                                  PID    Runtime      # DAGs    # Errors  Last Runtime    Last Run
-----------------------------------------  -----  ---------  --------  ----------  --------------  -------------------
/opt/airflow/dags/postgre_create_table.py                           1           0  0.48s           2022-11-12T12:59:48
================================================================================
[2022-11-12T13:00:19.649+0000] {manager.py:465} INFO - Exiting gracefully upon receiving signal 15
[2022-11-12T13:00:19.649+0000] {manager.py:465} INFO - Exiting gracefully upon receiving signal 15
[2022-11-12T13:00:20.117+0000] {manager.py:465} INFO - Exiting gracefully upon receiving signal 15
[2022-11-12T13:09:52.291+0000] {manager.py:483} INFO - Processing files using up to 2 processes at a time 
[2022-11-12T13:09:52.293+0000] {manager.py:484} INFO - Process each file at most once every 30 seconds
[2022-11-12T13:09:52.293+0000] {manager.py:486} INFO - Checking for new files in /opt/airflow/dags every 300 seconds
[2022-11-12T13:09:52.293+0000] {manager.py:724} INFO - Searching for files in /opt/airflow/dags
[2022-11-12T13:09:52.294+0000] {manager.py:727} INFO - There are 1 files in /opt/airflow/dags
[2022-11-12T13:09:52.706+0000] {manager.py:846} INFO - 
================================================================================
DAG File Processing Stats

File Path                                    PID  Runtime      # DAGs    # Errors  Last Runtime    Last Run
-----------------------------------------  -----  ---------  --------  ----------  --------------  ----------
/opt/airflow/dags/postgre_create_table.py     47  0.05s             0           0
================================================================================
[2022-11-12T13:10:22.879+0000] {manager.py:846} INFO - 
================================================================================
DAG File Processing Stats

File Path                                  PID    Runtime      # DAGs    # Errors  Last Runtime    Last Run
-----------------------------------------  -----  ---------  --------  ----------  --------------  -------------------
/opt/airflow/dags/postgre_create_table.py                           1           0  1.59s           2022-11-12T13:09:54
================================================================================
[2022-11-12T13:10:53.017+0000] {manager.py:846} INFO - 
================================================================================
DAG File Processing Stats

File Path                                  PID    Runtime      # DAGs    # Errors  Last Runtime    Last Run
-----------------------------------------  -----  ---------  --------  ----------  --------------  -------------------
/opt/airflow/dags/postgre_create_table.py                           1           0  0.44s           2022-11-12T13:10:24
================================================================================
[2022-11-12T13:11:23.785+0000] {manager.py:846} INFO - 
================================================================================
DAG File Processing Stats

File Path                                  PID    Runtime      # DAGs    # Errors  Last Runtime    Last Run
-----------------------------------------  -----  ---------  --------  ----------  --------------  -------------------
/opt/airflow/dags/postgre_create_table.py                           1           0  0.66s           2022-11-12T13:10:55
================================================================================
[2022-11-12T13:11:54.033+0000] {manager.py:846} INFO - 
================================================================================
DAG File Processing Stats

File Path                                  PID    Runtime      # DAGs    # Errors  Last Runtime    Last Run
-----------------------------------------  -----  ---------  --------  ----------  --------------  -------------------
/opt/airflow/dags/postgre_create_table.py                           1           0  0.58s           2022-11-12T13:11:26
================================================================================
[2022-11-12T13:12:24.186+0000] {manager.py:846} INFO - 
================================================================================
DAG File Processing Stats

File Path                                  PID    Runtime      # DAGs    # Errors  Last Runtime    Last Run
-----------------------------------------  -----  ---------  --------  ----------  --------------  -------------------
/opt/airflow/dags/postgre_create_table.py                           1           0  0.49s           2022-11-12T13:11:57
================================================================================
[2022-11-12T13:12:54.898+0000] {manager.py:846} INFO - 
================================================================================
DAG File Processing Stats

File Path                                  PID    Runtime      # DAGs    # Errors  Last Runtime    Last Run
-----------------------------------------  -----  ---------  --------  ----------  --------------  -------------------
/opt/airflow/dags/postgre_create_table.py                           1           0  0.54s           2022-11-12T13:12:27
================================================================================
[2022-11-12T13:13:25.073+0000] {manager.py:846} INFO - 
================================================================================
DAG File Processing Stats

File Path                                  PID    Runtime      # DAGs    # Errors  Last Runtime    Last Run
-----------------------------------------  -----  ---------  --------  ----------  --------------  -------------------
/opt/airflow/dags/postgre_create_table.py                           1           0  0.42s           2022-11-12T13:12:58
================================================================================
[2022-11-12T13:13:55.653+0000] {manager.py:846} INFO - 
================================================================================
DAG File Processing Stats

File Path                                  PID    Runtime      # DAGs    # Errors  Last Runtime    Last Run
-----------------------------------------  -----  ---------  --------  ----------  --------------  -------------------
/opt/airflow/dags/postgre_create_table.py                           1           0  0.39s           2022-11-12T13:13:28
================================================================================
[2022-11-12T13:14:25.736+0000] {manager.py:846} INFO - 
================================================================================
DAG File Processing Stats

File Path                                  PID    Runtime      # DAGs    # Errors  Last Runtime    Last Run
-----------------------------------------  -----  ---------  --------  ----------  --------------  -------------------
/opt/airflow/dags/postgre_create_table.py                           1           0  0.48s           2022-11-12T13:13:59
================================================================================
[2022-11-12T13:14:52.595+0000] {manager.py:724} INFO - Searching for files in /opt/airflow/dags
[2022-11-12T13:14:52.600+0000] {manager.py:727} INFO - There are 1 files in /opt/airflow/dags
[2022-11-12T13:14:56.306+0000] {manager.py:846} INFO - 
================================================================================
DAG File Processing Stats

File Path                                  PID    Runtime      # DAGs    # Errors  Last Runtime    Last Run
-----------------------------------------  -----  ---------  --------  ----------  --------------  -------------------
/opt/airflow/dags/postgre_create_table.py                           1           0  0.70s           2022-11-12T13:14:37
================================================================================
[2022-11-12T13:15:26.841+0000] {manager.py:846} INFO - 
================================================================================
DAG File Processing Stats

File Path                                  PID    Runtime      # DAGs    # Errors  Last Runtime    Last Run
-----------------------------------------  -----  ---------  --------  ----------  --------------  -------------------
/opt/airflow/dags/postgre_create_table.py                           1           0  0.44s           2022-11-12T13:15:08
================================================================================
[2022-11-12T13:15:56.967+0000] {manager.py:846} INFO - 
================================================================================
DAG File Processing Stats

File Path                                  PID    Runtime      # DAGs    # Errors  Last Runtime    Last Run
-----------------------------------------  -----  ---------  --------  ----------  --------------  -------------------
/opt/airflow/dags/postgre_create_table.py                           1           0  0.58s           2022-11-12T13:15:38
================================================================================
[2022-11-12T13:16:27.573+0000] {manager.py:846} INFO - 
================================================================================
DAG File Processing Stats

File Path                                  PID    Runtime      # DAGs    # Errors  Last Runtime    Last Run
-----------------------------------------  -----  ---------  --------  ----------  --------------  -------------------
/opt/airflow/dags/postgre_create_table.py                           1           0  0.50s           2022-11-12T13:16:09
================================================================================
[2022-11-12T13:16:57.781+0000] {manager.py:846} INFO - 
================================================================================
DAG File Processing Stats

File Path                                  PID    Runtime      # DAGs    # Errors  Last Runtime    Last Run
-----------------------------------------  -----  ---------  --------  ----------  --------------  -------------------
/opt/airflow/dags/postgre_create_table.py                           1           0  0.42s           2022-11-12T13:16:40
================================================================================
[2022-11-12T13:17:27.786+0000] {manager.py:846} INFO - 
================================================================================
DAG File Processing Stats

File Path                                  PID    Runtime      # DAGs    # Errors  Last Runtime    Last Run
-----------------------------------------  -----  ---------  --------  ----------  --------------  -------------------
/opt/airflow/dags/postgre_create_table.py                           1           0  0.44s           2022-11-12T13:17:10
================================================================================
[2022-11-12T13:17:57.971+0000] {manager.py:846} INFO - 
================================================================================
DAG File Processing Stats

File Path                                  PID    Runtime      # DAGs    # Errors  Last Runtime    Last Run
-----------------------------------------  -----  ---------  --------  ----------  --------------  -------------------
/opt/airflow/dags/postgre_create_table.py                           1           0  0.45s           2022-11-12T13:17:41
================================================================================
[2022-11-12T13:18:28.014+0000] {manager.py:846} INFO - 
================================================================================
DAG File Processing Stats

File Path                                  PID    Runtime      # DAGs    # Errors  Last Runtime    Last Run
-----------------------------------------  -----  ---------  --------  ----------  --------------  -------------------
/opt/airflow/dags/postgre_create_table.py                           1           0  0.41s           2022-11-12T13:18:11
================================================================================
[2022-11-12T13:18:58.199+0000] {manager.py:846} INFO - 
================================================================================
DAG File Processing Stats

File Path                                  PID    Runtime      # DAGs    # Errors  Last Runtime    Last Run
-----------------------------------------  -----  ---------  --------  ----------  --------------  -------------------
/opt/airflow/dags/postgre_create_table.py                           1           0  0.46s           2022-11-12T13:18:42
================================================================================
[2022-11-12T13:19:28.285+0000] {manager.py:846} INFO - 
================================================================================
DAG File Processing Stats

File Path                                  PID    Runtime      # DAGs    # Errors  Last Runtime    Last Run
-----------------------------------------  -----  ---------  --------  ----------  --------------  -------------------
/opt/airflow/dags/postgre_create_table.py                           1           0  0.46s           2022-11-12T13:19:13
================================================================================
[2022-11-12T13:19:52.925+0000] {manager.py:724} INFO - Searching for files in /opt/airflow/dags
[2022-11-12T13:19:52.926+0000] {manager.py:727} INFO - There are 1 files in /opt/airflow/dags
[2022-11-12T13:19:58.460+0000] {manager.py:846} INFO - 
================================================================================
DAG File Processing Stats

File Path                                  PID    Runtime      # DAGs    # Errors  Last Runtime    Last Run
-----------------------------------------  -----  ---------  --------  ----------  --------------  -------------------
/opt/airflow/dags/postgre_create_table.py                           1           0  0.51s           2022-11-12T13:19:43
================================================================================
[2022-11-12T13:20:28.568+0000] {manager.py:846} INFO - 
================================================================================
DAG File Processing Stats

File Path                                  PID    Runtime      # DAGs    # Errors  Last Runtime    Last Run
-----------------------------------------  -----  ---------  --------  ----------  --------------  -------------------
/opt/airflow/dags/postgre_create_table.py                           1           0  0.40s           2022-11-12T13:20:14
================================================================================
[2022-11-12T13:20:58.742+0000] {manager.py:846} INFO - 
================================================================================
DAG File Processing Stats

File Path                                  PID    Runtime      # DAGs    # Errors  Last Runtime    Last Run
-----------------------------------------  -----  ---------  --------  ----------  --------------  -------------------
/opt/airflow/dags/postgre_create_table.py                           1           0  0.42s           2022-11-12T13:20:45
================================================================================
[2022-11-12T13:21:28.794+0000] {manager.py:846} INFO - 
================================================================================
DAG File Processing Stats

File Path                                  PID    Runtime      # DAGs    # Errors  Last Runtime    Last Run
-----------------------------------------  -----  ---------  --------  ----------  --------------  -------------------
/opt/airflow/dags/postgre_create_table.py                           1           0  0.46s           2022-11-12T13:21:15
================================================================================
[2022-11-12T13:21:58.971+0000] {manager.py:846} INFO - 
================================================================================
DAG File Processing Stats

File Path                                  PID    Runtime      # DAGs    # Errors  Last Runtime    Last Run
-----------------------------------------  -----  ---------  --------  ----------  --------------  -------------------
/opt/airflow/dags/postgre_create_table.py                           1           0  0.41s           2022-11-12T13:21:46
================================================================================
[2022-11-12T13:22:29.028+0000] {manager.py:846} INFO - 
================================================================================
DAG File Processing Stats

File Path                                  PID    Runtime      # DAGs    # Errors  Last Runtime    Last Run
-----------------------------------------  -----  ---------  --------  ----------  --------------  -------------------
/opt/airflow/dags/postgre_create_table.py                           1           0  0.48s           2022-11-12T13:22:16
================================================================================
[2022-11-12T13:22:59.224+0000] {manager.py:846} INFO - 
================================================================================
DAG File Processing Stats

File Path                                  PID    Runtime      # DAGs    # Errors  Last Runtime    Last Run
-----------------------------------------  -----  ---------  --------  ----------  --------------  -------------------
/opt/airflow/dags/postgre_create_table.py                           1           0  0.41s           2022-11-12T13:22:47
================================================================================
[2022-11-12T13:23:29.812+0000] {manager.py:846} INFO - 
================================================================================
DAG File Processing Stats

File Path                                  PID    Runtime      # DAGs    # Errors  Last Runtime    Last Run
-----------------------------------------  -----  ---------  --------  ----------  --------------  -------------------
/opt/airflow/dags/postgre_create_table.py                           1           0  0.43s           2022-11-12T13:23:02
================================================================================
[2022-11-12T13:24:00.022+0000] {manager.py:846} INFO - 
================================================================================
DAG File Processing Stats

File Path                                  PID    Runtime      # DAGs    # Errors  Last Runtime    Last Run
-----------------------------------------  -----  ---------  --------  ----------  --------------  -------------------
/opt/airflow/dags/postgre_create_table.py                           1           0  0.40s           2022-11-12T13:23:33
================================================================================
[2022-11-12T13:24:30.116+0000] {manager.py:846} INFO - 
================================================================================
DAG File Processing Stats

File Path                                  PID    Runtime      # DAGs    # Errors  Last Runtime    Last Run
-----------------------------------------  -----  ---------  --------  ----------  --------------  -------------------
/opt/airflow/dags/postgre_create_table.py                           1           0  0.56s           2022-11-12T13:24:03
================================================================================
[2022-11-12T13:24:53.210+0000] {manager.py:724} INFO - Searching for files in /opt/airflow/dags
[2022-11-12T13:24:53.215+0000] {manager.py:727} INFO - There are 1 files in /opt/airflow/dags
[2022-11-12T13:25:00.307+0000] {manager.py:846} INFO - 
================================================================================
DAG File Processing Stats

File Path                                  PID    Runtime      # DAGs    # Errors  Last Runtime    Last Run
-----------------------------------------  -----  ---------  --------  ----------  --------------  -------------------
/opt/airflow/dags/postgre_create_table.py                           1           0  0.40s           2022-11-12T13:24:34
================================================================================
[2022-11-12T13:25:30.329+0000] {manager.py:846} INFO - 
================================================================================
DAG File Processing Stats

File Path                                  PID    Runtime      # DAGs    # Errors  Last Runtime    Last Run
-----------------------------------------  -----  ---------  --------  ----------  --------------  -------------------
/opt/airflow/dags/postgre_create_table.py                           1           0  0.51s           2022-11-12T13:25:05
================================================================================
[2022-11-12T13:26:00.512+0000] {manager.py:846} INFO - 
================================================================================
DAG File Processing Stats

File Path                                  PID    Runtime      # DAGs    # Errors  Last Runtime    Last Run
-----------------------------------------  -----  ---------  --------  ----------  --------------  -------------------
/opt/airflow/dags/postgre_create_table.py                           1           0  0.45s           2022-11-12T13:25:35
================================================================================
[2022-11-12T13:26:30.619+0000] {manager.py:846} INFO - 
================================================================================
DAG File Processing Stats

File Path                                  PID    Runtime      # DAGs    # Errors  Last Runtime    Last Run
-----------------------------------------  -----  ---------  --------  ----------  --------------  -------------------
/opt/airflow/dags/postgre_create_table.py                           1           0  0.46s           2022-11-12T13:26:06
================================================================================
[2022-11-12T13:27:00.767+0000] {manager.py:846} INFO - 
================================================================================
DAG File Processing Stats

File Path                                  PID    Runtime      # DAGs    # Errors  Last Runtime    Last Run
-----------------------------------------  -----  ---------  --------  ----------  --------------  -------------------
/opt/airflow/dags/postgre_create_table.py                           1           0  0.46s           2022-11-12T13:26:37
================================================================================
[2022-11-12T13:27:30.778+0000] {manager.py:846} INFO - 
================================================================================
DAG File Processing Stats

File Path                                  PID    Runtime      # DAGs    # Errors  Last Runtime    Last Run
-----------------------------------------  -----  ---------  --------  ----------  --------------  -------------------
/opt/airflow/dags/postgre_create_table.py                           1           0  0.39s           2022-11-12T13:27:07
================================================================================
[2022-11-12T13:28:00.968+0000] {manager.py:846} INFO - 
================================================================================
DAG File Processing Stats

File Path                                  PID    Runtime      # DAGs    # Errors  Last Runtime    Last Run
-----------------------------------------  -----  ---------  --------  ----------  --------------  -------------------
/opt/airflow/dags/postgre_create_table.py                           1           0  0.55s           2022-11-12T13:27:38
================================================================================
[2022-11-12T13:28:31.162+0000] {manager.py:846} INFO - 
================================================================================
DAG File Processing Stats

File Path                                  PID    Runtime      # DAGs    # Errors  Last Runtime    Last Run
-----------------------------------------  -----  ---------  --------  ----------  --------------  -------------------
/opt/airflow/dags/postgre_create_table.py                           1           0  0.43s           2022-11-12T13:28:09
================================================================================
[2022-11-12T13:29:01.366+0000] {manager.py:846} INFO - 
================================================================================
DAG File Processing Stats

File Path                                  PID    Runtime      # DAGs    # Errors  Last Runtime    Last Run
-----------------------------------------  -----  ---------  --------  ----------  --------------  -------------------
/opt/airflow/dags/postgre_create_table.py                           1           0  0.40s           2022-11-12T13:28:39
================================================================================
[2022-11-12T13:29:31.960+0000] {manager.py:846} INFO - 
================================================================================
DAG File Processing Stats

File Path                                  PID    Runtime      # DAGs    # Errors  Last Runtime    Last Run
-----------------------------------------  -----  ---------  --------  ----------  --------------  -------------------
/opt/airflow/dags/postgre_create_table.py                           1           0  0.39s           2022-11-12T13:29:10
================================================================================
[2022-11-12T13:29:53.463+0000] {manager.py:724} INFO - Searching for files in /opt/airflow/dags
[2022-11-12T13:29:53.464+0000] {manager.py:727} INFO - There are 1 files in /opt/airflow/dags
[2022-11-12T13:30:02.059+0000] {manager.py:846} INFO - 
================================================================================
DAG File Processing Stats

File Path                                  PID    Runtime      # DAGs    # Errors  Last Runtime    Last Run
-----------------------------------------  -----  ---------  --------  ----------  --------------  -------------------
/opt/airflow/dags/postgre_create_table.py                           1           0  0.53s           2022-11-12T13:29:40
================================================================================
[2022-11-12T13:30:32.280+0000] {manager.py:846} INFO - 
================================================================================
DAG File Processing Stats

File Path                                  PID    Runtime      # DAGs    # Errors  Last Runtime    Last Run
-----------------------------------------  -----  ---------  --------  ----------  --------------  -------------------
/opt/airflow/dags/postgre_create_table.py                           1           0  0.43s           2022-11-12T13:30:11
================================================================================
[2022-11-12T13:31:02.891+0000] {manager.py:846} INFO - 
================================================================================
DAG File Processing Stats

File Path                                  PID    Runtime      # DAGs    # Errors  Last Runtime    Last Run
-----------------------------------------  -----  ---------  --------  ----------  --------------  -------------------
/opt/airflow/dags/postgre_create_table.py                           1           0  0.39s           2022-11-12T13:30:42
================================================================================
[2022-11-12T13:31:33.458+0000] {manager.py:846} INFO - 
================================================================================
DAG File Processing Stats

File Path                                  PID    Runtime      # DAGs    # Errors  Last Runtime    Last Run
-----------------------------------------  -----  ---------  --------  ----------  --------------  -------------------
/opt/airflow/dags/postgre_create_table.py                           1           0  0.41s           2022-11-12T13:31:12
================================================================================
[2022-11-12T13:32:03.502+0000] {manager.py:846} INFO - 
================================================================================
DAG File Processing Stats

File Path                                  PID    Runtime      # DAGs    # Errors  Last Runtime    Last Run
-----------------------------------------  -----  ---------  --------  ----------  --------------  -------------------
/opt/airflow/dags/postgre_create_table.py                           1           0  0.45s           2022-11-12T13:31:43
================================================================================
[2022-11-12T13:32:33.690+0000] {manager.py:846} INFO - 
================================================================================
DAG File Processing Stats

File Path                                  PID    Runtime      # DAGs    # Errors  Last Runtime    Last Run
-----------------------------------------  -----  ---------  --------  ----------  --------------  -------------------
/opt/airflow/dags/postgre_create_table.py                           1           0  0.40s           2022-11-12T13:32:13
================================================================================
[2022-11-12T13:33:03.874+0000] {manager.py:846} INFO - 
================================================================================
DAG File Processing Stats

File Path                                  PID    Runtime      # DAGs    # Errors  Last Runtime    Last Run
-----------------------------------------  -----  ---------  --------  ----------  --------------  -------------------
/opt/airflow/dags/postgre_create_table.py                           1           0  0.65s           2022-11-12T13:32:44
================================================================================
[2022-11-12T13:33:34.070+0000] {manager.py:846} INFO - 
================================================================================
DAG File Processing Stats

File Path                                  PID    Runtime      # DAGs    # Errors  Last Runtime    Last Run
-----------------------------------------  -----  ---------  --------  ----------  --------------  -------------------
/opt/airflow/dags/postgre_create_table.py                           1           0  0.40s           2022-11-12T13:33:15
================================================================================
[2022-11-12T13:34:04.651+0000] {manager.py:846} INFO - 
================================================================================
DAG File Processing Stats

File Path                                  PID    Runtime      # DAGs    # Errors  Last Runtime    Last Run
-----------------------------------------  -----  ---------  --------  ----------  --------------  -------------------
/opt/airflow/dags/postgre_create_table.py                           1           0  0.36s           2022-11-12T13:33:45
================================================================================
[2022-11-12T13:34:35.203+0000] {manager.py:846} INFO - 
================================================================================
DAG File Processing Stats

File Path                                  PID    Runtime      # DAGs    # Errors  Last Runtime    Last Run
-----------------------------------------  -----  ---------  --------  ----------  --------------  -------------------
/opt/airflow/dags/postgre_create_table.py                           1           0  0.45s           2022-11-12T13:34:16
================================================================================
[2022-11-12T13:34:53.729+0000] {manager.py:724} INFO - Searching for files in /opt/airflow/dags
[2022-11-12T13:34:53.733+0000] {manager.py:727} INFO - There are 1 files in /opt/airflow/dags
[2022-11-12T13:35:05.250+0000] {manager.py:846} INFO - 
================================================================================
DAG File Processing Stats

File Path                                  PID    Runtime      # DAGs    # Errors  Last Runtime    Last Run
-----------------------------------------  -----  ---------  --------  ----------  --------------  -------------------
/opt/airflow/dags/postgre_create_table.py                           1           0  0.47s           2022-11-12T13:34:47
================================================================================
[2022-11-12T13:35:35.422+0000] {manager.py:846} INFO - 
================================================================================
DAG File Processing Stats

File Path                                  PID    Runtime      # DAGs    # Errors  Last Runtime    Last Run
-----------------------------------------  -----  ---------  --------  ----------  --------------  -------------------
/opt/airflow/dags/postgre_create_table.py                           1           0  0.37s           2022-11-12T13:35:17
================================================================================
[2022-11-12T13:36:05.961+0000] {manager.py:846} INFO - 
================================================================================
DAG File Processing Stats

File Path                                  PID    Runtime      # DAGs    # Errors  Last Runtime    Last Run
-----------------------------------------  -----  ---------  --------  ----------  --------------  -------------------
/opt/airflow/dags/postgre_create_table.py                           1           0  0.45s           2022-11-12T13:35:48
================================================================================
[2022-11-12T13:36:36.025+0000] {manager.py:846} INFO - 
================================================================================
DAG File Processing Stats

File Path                                  PID    Runtime      # DAGs    # Errors  Last Runtime    Last Run
-----------------------------------------  -----  ---------  --------  ----------  --------------  -------------------
/opt/airflow/dags/postgre_create_table.py                           1           0  0.44s           2022-11-12T13:36:18
================================================================================
[2022-11-12T13:37:06.220+0000] {manager.py:846} INFO - 
================================================================================
DAG File Processing Stats

File Path                                  PID    Runtime      # DAGs    # Errors  Last Runtime    Last Run
-----------------------------------------  -----  ---------  --------  ----------  --------------  -------------------
/opt/airflow/dags/postgre_create_table.py                           1           0  0.37s           2022-11-12T13:36:49
================================================================================
[2022-11-12T13:37:36.733+0000] {manager.py:846} INFO - 
================================================================================
DAG File Processing Stats

File Path                                  PID    Runtime      # DAGs    # Errors  Last Runtime    Last Run
-----------------------------------------  -----  ---------  --------  ----------  --------------  -------------------
/opt/airflow/dags/postgre_create_table.py                           1           0  0.45s           2022-11-12T13:37:20
================================================================================
[2022-11-12T13:38:06.734+0000] {manager.py:846} INFO - 
================================================================================
DAG File Processing Stats

File Path                                  PID    Runtime      # DAGs    # Errors  Last Runtime    Last Run
-----------------------------------------  -----  ---------  --------  ----------  --------------  -------------------
/opt/airflow/dags/postgre_create_table.py                           1           0  0.39s           2022-11-12T13:37:50
================================================================================
[2022-11-12T13:38:36.836+0000] {manager.py:846} INFO - 
================================================================================
DAG File Processing Stats

File Path                                  PID    Runtime      # DAGs    # Errors  Last Runtime    Last Run
-----------------------------------------  -----  ---------  --------  ----------  --------------  -------------------
/opt/airflow/dags/postgre_create_table.py                           1           0  0.37s           2022-11-12T13:38:21
================================================================================
[2022-11-12T13:39:07.441+0000] {manager.py:846} INFO - 
================================================================================
DAG File Processing Stats

File Path                                  PID    Runtime      # DAGs    # Errors  Last Runtime    Last Run
-----------------------------------------  -----  ---------  --------  ----------  --------------  -------------------
/opt/airflow/dags/postgre_create_table.py                           1           0  0.39s           2022-11-12T13:38:51
================================================================================
[2022-11-12T13:39:37.877+0000] {manager.py:846} INFO - 
================================================================================
DAG File Processing Stats

File Path                                  PID    Runtime      # DAGs    # Errors  Last Runtime    Last Run
-----------------------------------------  -----  ---------  --------  ----------  --------------  -------------------
/opt/airflow/dags/postgre_create_table.py                           1           0  0.38s           2022-11-12T13:39:22
================================================================================
[2022-11-12T13:39:53.821+0000] {manager.py:724} INFO - Searching for files in /opt/airflow/dags
[2022-11-12T13:39:53.823+0000] {manager.py:727} INFO - There are 1 files in /opt/airflow/dags
[2022-11-12T13:40:07.882+0000] {manager.py:846} INFO - 
================================================================================
DAG File Processing Stats

File Path                                  PID    Runtime      # DAGs    # Errors  Last Runtime    Last Run
-----------------------------------------  -----  ---------  --------  ----------  --------------  -------------------
/opt/airflow/dags/postgre_create_table.py                           1           0  0.41s           2022-11-12T13:39:52
================================================================================
[2022-11-12T13:40:37.992+0000] {manager.py:846} INFO - 
================================================================================
DAG File Processing Stats

File Path                                  PID    Runtime      # DAGs    # Errors  Last Runtime    Last Run
-----------------------------------------  -----  ---------  --------  ----------  --------------  -------------------
/opt/airflow/dags/postgre_create_table.py                           1           0  0.34s           2022-11-12T13:40:23
================================================================================
[2022-11-12T13:41:08.548+0000] {manager.py:846} INFO - 
================================================================================
DAG File Processing Stats

File Path                                  PID    Runtime      # DAGs    # Errors  Last Runtime    Last Run
-----------------------------------------  -----  ---------  --------  ----------  --------------  -------------------
/opt/airflow/dags/postgre_create_table.py                           1           0  0.38s           2022-11-12T13:40:53
================================================================================
[2022-11-12T13:41:38.974+0000] {manager.py:846} INFO - 
================================================================================
DAG File Processing Stats

File Path                                  PID    Runtime      # DAGs    # Errors  Last Runtime    Last Run
-----------------------------------------  -----  ---------  --------  ----------  --------------  -------------------
/opt/airflow/dags/postgre_create_table.py                           1           0  0.38s           2022-11-12T13:41:24
================================================================================
[2022-11-12T13:42:09.051+0000] {manager.py:846} INFO - 
================================================================================
DAG File Processing Stats

File Path                                  PID    Runtime      # DAGs    # Errors  Last Runtime    Last Run
-----------------------------------------  -----  ---------  --------  ----------  --------------  -------------------
/opt/airflow/dags/postgre_create_table.py                           1           0  0.50s           2022-11-12T13:41:54
================================================================================
[2022-11-12T13:42:39.228+0000] {manager.py:846} INFO - 
================================================================================
DAG File Processing Stats

File Path                                  PID    Runtime      # DAGs    # Errors  Last Runtime    Last Run
-----------------------------------------  -----  ---------  --------  ----------  --------------  -------------------
/opt/airflow/dags/postgre_create_table.py                           1           0  0.43s           2022-11-12T13:42:25
================================================================================
[2022-11-12T13:43:09.789+0000] {manager.py:846} INFO - 
================================================================================
DAG File Processing Stats

File Path                                  PID    Runtime      # DAGs    # Errors  Last Runtime    Last Run
-----------------------------------------  -----  ---------  --------  ----------  --------------  -------------------
/opt/airflow/dags/postgre_create_table.py                           1           0  0.42s           2022-11-12T13:42:56
================================================================================
[2022-11-12T13:43:39.898+0000] {manager.py:846} INFO - 
================================================================================
DAG File Processing Stats

File Path                                  PID    Runtime      # DAGs    # Errors  Last Runtime    Last Run
-----------------------------------------  -----  ---------  --------  ----------  --------------  -------------------
/opt/airflow/dags/postgre_create_table.py                           1           0  0.58s           2022-11-12T13:43:26
================================================================================
[2022-11-12T13:44:10.445+0000] {manager.py:846} INFO - 
================================================================================
DAG File Processing Stats

File Path                                  PID    Runtime      # DAGs    # Errors  Last Runtime    Last Run
-----------------------------------------  -----  ---------  --------  ----------  --------------  -------------------
/opt/airflow/dags/postgre_create_table.py                           1           0  0.43s           2022-11-12T13:43:57
================================================================================
[2022-11-12T13:44:40.567+0000] {manager.py:846} INFO - 
================================================================================
DAG File Processing Stats

File Path                                  PID    Runtime      # DAGs    # Errors  Last Runtime    Last Run
-----------------------------------------  -----  ---------  --------  ----------  --------------  -------------------
/opt/airflow/dags/postgre_create_table.py                           1           0  0.39s           2022-11-12T13:44:27
================================================================================
[2022-11-12T13:44:54.063+0000] {manager.py:724} INFO - Searching for files in /opt/airflow/dags
[2022-11-12T13:44:54.065+0000] {manager.py:727} INFO - There are 1 files in /opt/airflow/dags
[2022-11-12T13:45:10.739+0000] {manager.py:846} INFO - 
================================================================================
DAG File Processing Stats

File Path                                  PID    Runtime      # DAGs    # Errors  Last Runtime    Last Run
-----------------------------------------  -----  ---------  --------  ----------  --------------  -------------------
/opt/airflow/dags/postgre_create_table.py                           1           0  0.60s           2022-11-12T13:44:58
================================================================================
[2022-11-12T13:45:40.967+0000] {manager.py:846} INFO - 
================================================================================
DAG File Processing Stats

File Path                                  PID    Runtime      # DAGs    # Errors  Last Runtime    Last Run
-----------------------------------------  -----  ---------  --------  ----------  --------------  -------------------
/opt/airflow/dags/postgre_create_table.py                           1           0  0.48s           2022-11-12T13:45:29
================================================================================
[2022-11-12T13:46:11.493+0000] {manager.py:846} INFO - 
================================================================================
DAG File Processing Stats

File Path                                  PID    Runtime      # DAGs    # Errors  Last Runtime    Last Run
-----------------------------------------  -----  ---------  --------  ----------  --------------  -------------------
/opt/airflow/dags/postgre_create_table.py                           1           0  0.42s           2022-11-12T13:45:59
================================================================================
[2022-11-12T13:46:41.546+0000] {manager.py:846} INFO - 
================================================================================
DAG File Processing Stats

File Path                                  PID    Runtime      # DAGs    # Errors  Last Runtime    Last Run
-----------------------------------------  -----  ---------  --------  ----------  --------------  -------------------
/opt/airflow/dags/postgre_create_table.py                           1           0  0.43s           2022-11-12T13:46:30
================================================================================
