[2022-11-12T13:13:11.457+0000] {taskinstance.py:1165} INFO - Dependencies all met for <TaskInstance: load_to_dwh_v2.load_raw_data manual__2022-11-12T13:12:59.725747+00:00 [queued]>
[2022-11-12T13:13:11.470+0000] {taskinstance.py:1165} INFO - Dependencies all met for <TaskInstance: load_to_dwh_v2.load_raw_data manual__2022-11-12T13:12:59.725747+00:00 [queued]>
[2022-11-12T13:13:11.471+0000] {taskinstance.py:1362} INFO - 
--------------------------------------------------------------------------------
[2022-11-12T13:13:11.471+0000] {taskinstance.py:1363} INFO - Starting attempt 1 of 6
[2022-11-12T13:13:11.471+0000] {taskinstance.py:1364} INFO - 
--------------------------------------------------------------------------------
[2022-11-12T13:13:11.491+0000] {taskinstance.py:1383} INFO - Executing <Task(PythonOperator): load_raw_data> on 2022-11-12 13:12:59.725747+00:00
[2022-11-12T13:13:11.497+0000] {standard_task_runner.py:54} INFO - Started process 228 to run task
[2022-11-12T13:13:11.501+0000] {standard_task_runner.py:82} INFO - Running: ['***', 'tasks', 'run', 'load_to_dwh_v2', 'load_raw_data', 'manual__2022-11-12T13:12:59.725747+00:00', '--job-id', '257', '--raw', '--subdir', 'DAGS_FOLDER/postgre_create_table.py', '--cfg-path', '/tmp/tmpwgpi2hkc']
[2022-11-12T13:13:11.502+0000] {standard_task_runner.py:83} INFO - Job 257: Subtask load_raw_data
[2022-11-12T13:13:11.503+0000] {dagbag.py:525} INFO - Filling up the DagBag from /opt/***/dags/postgre_create_table.py
[2022-11-12T13:13:11.882+0000] {task_command.py:384} INFO - Running <TaskInstance: load_to_dwh_v2.load_raw_data manual__2022-11-12T13:12:59.725747+00:00 [running]> on host f7644c80e7bb
[2022-11-12T13:13:11.987+0000] {taskinstance.py:1592} INFO - Exporting the following env vars:
AIRFLOW_CTX_DAG_OWNER=nahom
AIRFLOW_CTX_DAG_ID=load_to_dwh_v2
AIRFLOW_CTX_TASK_ID=load_raw_data
AIRFLOW_CTX_EXECUTION_DATE=2022-11-12T13:12:59.725747+00:00
AIRFLOW_CTX_TRY_NUMBER=1
AIRFLOW_CTX_DAG_RUN_ID=manual__2022-11-12T13:12:59.725747+00:00
[2022-11-12T13:13:11.988+0000] {logging_mixin.py:117} INFO - writing data..............
[2022-11-12T13:13:12.008+0000] {logging_mixin.py:117} INFO - 2022-11-12 13:13:12,007 INFO sqlalchemy.engine.Engine select pg_catalog.version()
[2022-11-12T13:13:12.007+0000] {log.py:117} INFO - select pg_catalog.version()
[2022-11-12T13:13:12.008+0000] {logging_mixin.py:117} INFO - 2022-11-12 13:13:12,008 INFO sqlalchemy.engine.Engine [raw sql] {}
[2022-11-12T13:13:12.008+0000] {log.py:117} INFO - [raw sql] {}
[2022-11-12T13:13:12.009+0000] {logging_mixin.py:117} INFO - 2022-11-12 13:13:12,009 INFO sqlalchemy.engine.Engine select current_schema()
[2022-11-12T13:13:12.009+0000] {log.py:117} INFO - select current_schema()
[2022-11-12T13:13:12.010+0000] {logging_mixin.py:117} INFO - 2022-11-12 13:13:12,009 INFO sqlalchemy.engine.Engine [raw sql] {}
[2022-11-12T13:13:12.009+0000] {log.py:117} INFO - [raw sql] {}
[2022-11-12T13:13:12.011+0000] {logging_mixin.py:117} INFO - 2022-11-12 13:13:12,011 INFO sqlalchemy.engine.Engine show standard_conforming_strings
[2022-11-12T13:13:12.011+0000] {log.py:117} INFO - show standard_conforming_strings
[2022-11-12T13:13:12.011+0000] {logging_mixin.py:117} INFO - 2022-11-12 13:13:12,011 INFO sqlalchemy.engine.Engine [raw sql] {}
[2022-11-12T13:13:12.011+0000] {log.py:117} INFO - [raw sql] {}
[2022-11-12T13:13:12.013+0000] {logging_mixin.py:117} INFO - 2022-11-12 13:13:12,013 INFO sqlalchemy.engine.Engine select relname from pg_class c join pg_namespace n on n.oid=c.relnamespace where pg_catalog.pg_table_is_visible(c.oid) and relname=%(name)s
[2022-11-12T13:13:12.013+0000] {log.py:117} INFO - select relname from pg_class c join pg_namespace n on n.oid=c.relnamespace where pg_catalog.pg_table_is_visible(c.oid) and relname=%(name)s
[2022-11-12T13:13:12.013+0000] {logging_mixin.py:117} INFO - 2022-11-12 13:13:12,013 INFO sqlalchemy.engine.Engine [generated in 0.00061s] {'name': 'traffic_raw'}
[2022-11-12T13:13:12.013+0000] {log.py:117} INFO - [generated in 0.00061s] {'name': 'traffic_raw'}
[2022-11-12T13:13:12.016+0000] {logging_mixin.py:117} INFO - 2022-11-12 13:13:12,016 INFO sqlalchemy.engine.Engine select relname from pg_class c join pg_namespace n on n.oid=c.relnamespace where pg_catalog.pg_table_is_visible(c.oid) and relname=%(name)s
[2022-11-12T13:13:12.016+0000] {log.py:117} INFO - select relname from pg_class c join pg_namespace n on n.oid=c.relnamespace where pg_catalog.pg_table_is_visible(c.oid) and relname=%(name)s
[2022-11-12T13:13:12.017+0000] {logging_mixin.py:117} INFO - 2022-11-12 13:13:12,017 INFO sqlalchemy.engine.Engine [cached since 0.003893s ago] {'name': 'traffic_raw'}
[2022-11-12T13:13:12.017+0000] {log.py:117} INFO - [cached since 0.003893s ago] {'name': 'traffic_raw'}
[2022-11-12T13:13:12.019+0000] {logging_mixin.py:117} INFO - 2022-11-12 13:13:12,019 INFO sqlalchemy.engine.Engine SELECT c.relname FROM pg_class c JOIN pg_namespace n ON n.oid = c.relnamespace WHERE n.nspname = %(schema)s AND c.relkind in ('r', 'p')
[2022-11-12T13:13:12.019+0000] {log.py:117} INFO - SELECT c.relname FROM pg_class c JOIN pg_namespace n ON n.oid = c.relnamespace WHERE n.nspname = %(schema)s AND c.relkind in ('r', 'p')
[2022-11-12T13:13:12.020+0000] {logging_mixin.py:117} INFO - 2022-11-12 13:13:12,020 INFO sqlalchemy.engine.Engine [generated in 0.00046s] {'schema': 'public'}
[2022-11-12T13:13:12.020+0000] {log.py:117} INFO - [generated in 0.00046s] {'schema': 'public'}
[2022-11-12T13:13:12.022+0000] {logging_mixin.py:117} INFO - 2022-11-12 13:13:12,022 INFO sqlalchemy.engine.Engine 
            SELECT c.oid
            FROM pg_catalog.pg_class c
            LEFT JOIN pg_catalog.pg_namespace n ON n.oid = c.relnamespace
            WHERE (pg_catalog.pg_table_is_visible(c.oid))
            AND c.relname = %(table_name)s AND c.relkind in
            ('r', 'v', 'm', 'f', 'p')
[2022-11-12T13:13:12.022+0000] {log.py:117} INFO - 
            SELECT c.oid
            FROM pg_catalog.pg_class c
            LEFT JOIN pg_catalog.pg_namespace n ON n.oid = c.relnamespace
            WHERE (pg_catalog.pg_table_is_visible(c.oid))
            AND c.relname = %(table_name)s AND c.relkind in
            ('r', 'v', 'm', 'f', 'p')
        
[2022-11-12T13:13:12.022+0000] {logging_mixin.py:117} INFO - 2022-11-12 13:13:12,022 INFO sqlalchemy.engine.Engine [generated in 0.00048s] {'table_name': 'traffic_raw'}
[2022-11-12T13:13:12.022+0000] {log.py:117} INFO - [generated in 0.00048s] {'table_name': 'traffic_raw'}
[2022-11-12T13:13:12.029+0000] {logging_mixin.py:117} INFO - 2022-11-12 13:13:12,029 INFO sqlalchemy.engine.Engine 
            SELECT a.attname,
              pg_catalog.format_type(a.atttypid, a.atttypmod),
              (
                SELECT pg_catalog.pg_get_expr(d.adbin, d.adrelid)
                FROM pg_catalog.pg_attrdef d
                WHERE d.adrelid = a.attrelid AND d.adnum = a.attnum
                AND a.atthasdef
              ) AS DEFAULT,
              a.attnotnull,
              a.attrelid as table_oid,
              pgd.description as comment,
              a.attgenerated as generated,
                              (SELECT json_build_object(
                    'always', a.attidentity = 'a',
                    'start', s.seqstart,
                    'increment', s.seqincrement,
                    'minvalue', s.seqmin,
                    'maxvalue', s.seqmax,
                    'cache', s.seqcache,
                    'cycle', s.seqcycle)
                FROM pg_catalog.pg_sequence s
                JOIN pg_catalog.pg_class c on s.seqrelid = c."oid"
                WHERE c.relkind = 'S'
                AND a.attidentity != ''
                AND s.seqrelid = pg_catalog.pg_get_serial_sequence(
                    a.attrelid::regclass::text, a.attname
                )::regclass::oid
                ) as identity_options                
            FROM pg_catalog.pg_attribute a
            LEFT JOIN pg_catalog.pg_description pgd ON (
                pgd.objoid = a.attrelid AND pgd.objsubid = a.attnum)
            WHERE a.attrelid = %(table_oid)s
            AND a.attnum > 0 AND NOT a.attisdropped
            ORDER BY a.attnum
[2022-11-12T13:13:12.029+0000] {log.py:117} INFO - 
            SELECT a.attname,
              pg_catalog.format_type(a.atttypid, a.atttypmod),
              (
                SELECT pg_catalog.pg_get_expr(d.adbin, d.adrelid)
                FROM pg_catalog.pg_attrdef d
                WHERE d.adrelid = a.attrelid AND d.adnum = a.attnum
                AND a.atthasdef
              ) AS DEFAULT,
              a.attnotnull,
              a.attrelid as table_oid,
              pgd.description as comment,
              a.attgenerated as generated,
                              (SELECT json_build_object(
                    'always', a.attidentity = 'a',
                    'start', s.seqstart,
                    'increment', s.seqincrement,
                    'minvalue', s.seqmin,
                    'maxvalue', s.seqmax,
                    'cache', s.seqcache,
                    'cycle', s.seqcycle)
                FROM pg_catalog.pg_sequence s
                JOIN pg_catalog.pg_class c on s.seqrelid = c."oid"
                WHERE c.relkind = 'S'
                AND a.attidentity != ''
                AND s.seqrelid = pg_catalog.pg_get_serial_sequence(
                    a.attrelid::regclass::text, a.attname
                )::regclass::oid
                ) as identity_options                
            FROM pg_catalog.pg_attribute a
            LEFT JOIN pg_catalog.pg_description pgd ON (
                pgd.objoid = a.attrelid AND pgd.objsubid = a.attnum)
            WHERE a.attrelid = %(table_oid)s
            AND a.attnum > 0 AND NOT a.attisdropped
            ORDER BY a.attnum
        
[2022-11-12T13:13:12.029+0000] {logging_mixin.py:117} INFO - 2022-11-12 13:13:12,029 INFO sqlalchemy.engine.Engine [generated in 0.00071s] {'table_oid': 65537}
[2022-11-12T13:13:12.029+0000] {log.py:117} INFO - [generated in 0.00071s] {'table_oid': 65537}
[2022-11-12T13:13:12.033+0000] {logging_mixin.py:117} INFO - 2022-11-12 13:13:12,033 INFO sqlalchemy.engine.Engine 
            SELECT t.typname as "name",
               pg_catalog.format_type(t.typbasetype, t.typtypmod) as "attype",
               not t.typnotnull as "nullable",
               t.typdefault as "default",
               pg_catalog.pg_type_is_visible(t.oid) as "visible",
               n.nspname as "schema"
            FROM pg_catalog.pg_type t
               LEFT JOIN pg_catalog.pg_namespace n ON n.oid = t.typnamespace
            WHERE t.typtype = 'd'
[2022-11-12T13:13:12.033+0000] {log.py:117} INFO - 
            SELECT t.typname as "name",
               pg_catalog.format_type(t.typbasetype, t.typtypmod) as "attype",
               not t.typnotnull as "nullable",
               t.typdefault as "default",
               pg_catalog.pg_type_is_visible(t.oid) as "visible",
               n.nspname as "schema"
            FROM pg_catalog.pg_type t
               LEFT JOIN pg_catalog.pg_namespace n ON n.oid = t.typnamespace
            WHERE t.typtype = 'd'
        
[2022-11-12T13:13:12.034+0000] {logging_mixin.py:117} INFO - 2022-11-12 13:13:12,034 INFO sqlalchemy.engine.Engine [generated in 0.00061s] {}
[2022-11-12T13:13:12.034+0000] {log.py:117} INFO - [generated in 0.00061s] {}
[2022-11-12T13:13:12.036+0000] {logging_mixin.py:117} INFO - 2022-11-12 13:13:12,036 INFO sqlalchemy.engine.Engine 
            SELECT t.typname as "name",
               -- no enum defaults in 8.4 at least
               -- t.typdefault as "default",
               pg_catalog.pg_type_is_visible(t.oid) as "visible",
               n.nspname as "schema",
               e.enumlabel as "label"
            FROM pg_catalog.pg_type t
                 LEFT JOIN pg_catalog.pg_namespace n ON n.oid = t.typnamespace
                 LEFT JOIN pg_catalog.pg_enum e ON t.oid = e.enumtypid
            WHERE t.typtype = 'e'
        ORDER BY "schema", "name", e.oid
[2022-11-12T13:13:12.036+0000] {log.py:117} INFO - 
            SELECT t.typname as "name",
               -- no enum defaults in 8.4 at least
               -- t.typdefault as "default",
               pg_catalog.pg_type_is_visible(t.oid) as "visible",
               n.nspname as "schema",
               e.enumlabel as "label"
            FROM pg_catalog.pg_type t
                 LEFT JOIN pg_catalog.pg_namespace n ON n.oid = t.typnamespace
                 LEFT JOIN pg_catalog.pg_enum e ON t.oid = e.enumtypid
            WHERE t.typtype = 'e'
        ORDER BY "schema", "name", e.oid
[2022-11-12T13:13:12.037+0000] {logging_mixin.py:117} INFO - 2022-11-12 13:13:12,037 INFO sqlalchemy.engine.Engine [generated in 0.00061s] {}
[2022-11-12T13:13:12.037+0000] {log.py:117} INFO - [generated in 0.00061s] {}
[2022-11-12T13:13:12.041+0000] {logging_mixin.py:117} INFO - 2022-11-12 13:13:12,041 INFO sqlalchemy.engine.Engine 
                SELECT a.attname
                FROM pg_attribute a JOIN (
                    SELECT unnest(ix.indkey) attnum,
                           generate_subscripts(ix.indkey, 1) ord
                    FROM pg_index ix
                    WHERE ix.indrelid = %(table_oid)s AND ix.indisprimary
                    ) k ON a.attnum=k.attnum
                WHERE a.attrelid = %(table_oid)s
                ORDER BY k.ord
[2022-11-12T13:13:12.041+0000] {log.py:117} INFO - 
                SELECT a.attname
                FROM pg_attribute a JOIN (
                    SELECT unnest(ix.indkey) attnum,
                           generate_subscripts(ix.indkey, 1) ord
                    FROM pg_index ix
                    WHERE ix.indrelid = %(table_oid)s AND ix.indisprimary
                    ) k ON a.attnum=k.attnum
                WHERE a.attrelid = %(table_oid)s
                ORDER BY k.ord
            
[2022-11-12T13:13:12.042+0000] {logging_mixin.py:117} INFO - 2022-11-12 13:13:12,041 INFO sqlalchemy.engine.Engine [generated in 0.00059s] {'table_oid': 65537}
[2022-11-12T13:13:12.041+0000] {log.py:117} INFO - [generated in 0.00059s] {'table_oid': 65537}
[2022-11-12T13:13:12.043+0000] {logging_mixin.py:117} INFO - 2022-11-12 13:13:12,043 INFO sqlalchemy.engine.Engine 
        SELECT conname
           FROM  pg_catalog.pg_constraint r
           WHERE r.conrelid = %(table_oid)s AND r.contype = 'p'
           ORDER BY 1
[2022-11-12T13:13:12.043+0000] {log.py:117} INFO - 
        SELECT conname
           FROM  pg_catalog.pg_constraint r
           WHERE r.conrelid = %(table_oid)s AND r.contype = 'p'
           ORDER BY 1
        
[2022-11-12T13:13:12.044+0000] {logging_mixin.py:117} INFO - 2022-11-12 13:13:12,044 INFO sqlalchemy.engine.Engine [generated in 0.00053s] {'table_oid': 65537}
[2022-11-12T13:13:12.044+0000] {log.py:117} INFO - [generated in 0.00053s] {'table_oid': 65537}
[2022-11-12T13:13:12.046+0000] {logging_mixin.py:117} INFO - 2022-11-12 13:13:12,046 INFO sqlalchemy.engine.Engine 
          SELECT r.conname,
                pg_catalog.pg_get_constraintdef(r.oid, true) as condef,
                n.nspname as conschema
          FROM  pg_catalog.pg_constraint r,
                pg_namespace n,
                pg_class c

          WHERE r.conrelid = %(table)s AND
                r.contype = 'f' AND
                c.oid = confrelid AND
                n.oid = c.relnamespace
          ORDER BY 1
[2022-11-12T13:13:12.046+0000] {log.py:117} INFO - 
          SELECT r.conname,
                pg_catalog.pg_get_constraintdef(r.oid, true) as condef,
                n.nspname as conschema
          FROM  pg_catalog.pg_constraint r,
                pg_namespace n,
                pg_class c

          WHERE r.conrelid = %(table)s AND
                r.contype = 'f' AND
                c.oid = confrelid AND
                n.oid = c.relnamespace
          ORDER BY 1
        
[2022-11-12T13:13:12.047+0000] {logging_mixin.py:117} INFO - 2022-11-12 13:13:12,047 INFO sqlalchemy.engine.Engine [generated in 0.00068s] {'table': 65537}
[2022-11-12T13:13:12.047+0000] {log.py:117} INFO - [generated in 0.00068s] {'table': 65537}
[2022-11-12T13:13:12.049+0000] {logging_mixin.py:117} INFO - 2022-11-12 13:13:12,049 INFO sqlalchemy.engine.Engine 
              SELECT
                  i.relname as relname,
                  ix.indisunique, ix.indexprs,
                  a.attname, a.attnum, c.conrelid, ix.indkey::varchar,
                  ix.indoption::varchar, i.reloptions, am.amname,
                  pg_get_expr(ix.indpred, ix.indrelid),
                  ix.indnkeyatts as indnkeyatts
              FROM
                  pg_class t
                        join pg_index ix on t.oid = ix.indrelid
                        join pg_class i on i.oid = ix.indexrelid
                        left outer join
                            pg_attribute a
                            on t.oid = a.attrelid and a.attnum = ANY(ix.indkey)
                        left outer join
                            pg_constraint c
                            on (ix.indrelid = c.conrelid and
                                ix.indexrelid = c.conindid and
                                c.contype in ('p', 'u', 'x'))
                        left outer join
                            pg_am am
                            on i.relam = am.oid
              WHERE
                  t.relkind IN ('r', 'v', 'f', 'm', 'p')
                  and t.oid = %(table_oid)s
                  and ix.indisprimary = 'f'
              ORDER BY
                  t.relname,
                  i.relname
[2022-11-12T13:13:12.049+0000] {log.py:117} INFO - 
              SELECT
                  i.relname as relname,
                  ix.indisunique, ix.indexprs,
                  a.attname, a.attnum, c.conrelid, ix.indkey::varchar,
                  ix.indoption::varchar, i.reloptions, am.amname,
                  pg_get_expr(ix.indpred, ix.indrelid),
                  ix.indnkeyatts as indnkeyatts
              FROM
                  pg_class t
                        join pg_index ix on t.oid = ix.indrelid
                        join pg_class i on i.oid = ix.indexrelid
                        left outer join
                            pg_attribute a
                            on t.oid = a.attrelid and a.attnum = ANY(ix.indkey)
                        left outer join
                            pg_constraint c
                            on (ix.indrelid = c.conrelid and
                                ix.indexrelid = c.conindid and
                                c.contype in ('p', 'u', 'x'))
                        left outer join
                            pg_am am
                            on i.relam = am.oid
              WHERE
                  t.relkind IN ('r', 'v', 'f', 'm', 'p')
                  and t.oid = %(table_oid)s
                  and ix.indisprimary = 'f'
              ORDER BY
                  t.relname,
                  i.relname
            
[2022-11-12T13:13:12.050+0000] {logging_mixin.py:117} INFO - 2022-11-12 13:13:12,050 INFO sqlalchemy.engine.Engine [generated in 0.00066s] {'table_oid': 65537}
[2022-11-12T13:13:12.050+0000] {log.py:117} INFO - [generated in 0.00066s] {'table_oid': 65537}
[2022-11-12T13:13:12.053+0000] {logging_mixin.py:117} INFO - 2022-11-12 13:13:12,053 INFO sqlalchemy.engine.Engine 
            SELECT
                cons.conname as name,
                cons.conkey as key,
                a.attnum as col_num,
                a.attname as col_name
            FROM
                pg_catalog.pg_constraint cons
                join pg_attribute a
                  on cons.conrelid = a.attrelid AND
                    a.attnum = ANY(cons.conkey)
            WHERE
                cons.conrelid = %(table_oid)s AND
                cons.contype = 'u'
[2022-11-12T13:13:12.053+0000] {log.py:117} INFO - 
            SELECT
                cons.conname as name,
                cons.conkey as key,
                a.attnum as col_num,
                a.attname as col_name
            FROM
                pg_catalog.pg_constraint cons
                join pg_attribute a
                  on cons.conrelid = a.attrelid AND
                    a.attnum = ANY(cons.conkey)
            WHERE
                cons.conrelid = %(table_oid)s AND
                cons.contype = 'u'
        
[2022-11-12T13:13:12.054+0000] {logging_mixin.py:117} INFO - 2022-11-12 13:13:12,053 INFO sqlalchemy.engine.Engine [generated in 0.00055s] {'table_oid': 65537}
[2022-11-12T13:13:12.053+0000] {log.py:117} INFO - [generated in 0.00055s] {'table_oid': 65537}
[2022-11-12T13:13:12.055+0000] {logging_mixin.py:117} INFO - 2022-11-12 13:13:12,055 INFO sqlalchemy.engine.Engine 
            SELECT
                cons.conname as name,
                pg_get_constraintdef(cons.oid) as src
            FROM
                pg_catalog.pg_constraint cons
            WHERE
                cons.conrelid = %(table_oid)s AND
                cons.contype = 'c'
[2022-11-12T13:13:12.055+0000] {log.py:117} INFO - 
            SELECT
                cons.conname as name,
                pg_get_constraintdef(cons.oid) as src
            FROM
                pg_catalog.pg_constraint cons
            WHERE
                cons.conrelid = %(table_oid)s AND
                cons.contype = 'c'
        
[2022-11-12T13:13:12.055+0000] {logging_mixin.py:117} INFO - 2022-11-12 13:13:12,055 INFO sqlalchemy.engine.Engine [generated in 0.00054s] {'table_oid': 65537}
[2022-11-12T13:13:12.055+0000] {log.py:117} INFO - [generated in 0.00054s] {'table_oid': 65537}
[2022-11-12T13:13:12.057+0000] {logging_mixin.py:117} INFO - 2022-11-12 13:13:12,057 INFO sqlalchemy.engine.Engine 
            SELECT
                pgd.description as table_comment
            FROM
                pg_catalog.pg_description pgd
            WHERE
                pgd.objsubid = 0 AND
                pgd.objoid = %(table_oid)s
[2022-11-12T13:13:12.057+0000] {log.py:117} INFO - 
            SELECT
                pgd.description as table_comment
            FROM
                pg_catalog.pg_description pgd
            WHERE
                pgd.objsubid = 0 AND
                pgd.objoid = %(table_oid)s
        
[2022-11-12T13:13:12.058+0000] {logging_mixin.py:117} INFO - 2022-11-12 13:13:12,058 INFO sqlalchemy.engine.Engine [generated in 0.00070s] {'table_oid': 65537}
[2022-11-12T13:13:12.058+0000] {log.py:117} INFO - [generated in 0.00070s] {'table_oid': 65537}
[2022-11-12T13:13:12.059+0000] {logging_mixin.py:117} INFO - 2022-11-12 13:13:12,059 INFO sqlalchemy.engine.Engine BEGIN (implicit)
[2022-11-12T13:13:12.059+0000] {log.py:117} INFO - BEGIN (implicit)
[2022-11-12T13:13:12.060+0000] {logging_mixin.py:117} INFO - 2022-11-12 13:13:12,060 INFO sqlalchemy.engine.Engine 
DROP TABLE traffic_raw
[2022-11-12T13:13:12.060+0000] {log.py:117} INFO - 
DROP TABLE traffic_raw
[2022-11-12T13:13:12.060+0000] {logging_mixin.py:117} INFO - 2022-11-12 13:13:12,060 INFO sqlalchemy.engine.Engine [no key 0.00042s] {}
[2022-11-12T13:13:12.060+0000] {log.py:117} INFO - [no key 0.00042s] {}
[2022-11-12T13:13:12.062+0000] {logging_mixin.py:117} INFO - 2022-11-12 13:13:12,062 INFO sqlalchemy.engine.Engine COMMIT
[2022-11-12T13:13:12.062+0000] {log.py:117} INFO - COMMIT
[2022-11-12T13:13:12.068+0000] {logging_mixin.py:117} INFO - 2022-11-12 13:13:12,068 INFO sqlalchemy.engine.Engine BEGIN (implicit)
[2022-11-12T13:13:12.068+0000] {log.py:117} INFO - BEGIN (implicit)
[2022-11-12T13:13:12.071+0000] {logging_mixin.py:117} INFO - 2022-11-12 13:13:12,071 INFO sqlalchemy.engine.Engine 
CREATE TABLE traffic_raw (
	id BIGINT, 
	track_id BIGINT, 
	type TEXT, 
	traveled_d FLOAT(53), 
	avg_speed FLOAT(53), 
	lat FLOAT(53), 
	lon FLOAT(53), 
	speed FLOAT(53), 
	lon_acc FLOAT(53), 
	lat_acc FLOAT(53), 
	time FLOAT(53)
)
[2022-11-12T13:13:12.071+0000] {log.py:117} INFO - 
CREATE TABLE traffic_raw (
	id BIGINT, 
	track_id BIGINT, 
	type TEXT, 
	traveled_d FLOAT(53), 
	avg_speed FLOAT(53), 
	lat FLOAT(53), 
	lon FLOAT(53), 
	speed FLOAT(53), 
	lon_acc FLOAT(53), 
	lat_acc FLOAT(53), 
	time FLOAT(53)
)


[2022-11-12T13:13:12.071+0000] {logging_mixin.py:117} INFO - 2022-11-12 13:13:12,071 INFO sqlalchemy.engine.Engine [no key 0.00050s] {}
[2022-11-12T13:13:12.071+0000] {log.py:117} INFO - [no key 0.00050s] {}
[2022-11-12T13:13:12.077+0000] {logging_mixin.py:117} INFO - 2022-11-12 13:13:12,077 INFO sqlalchemy.engine.Engine CREATE INDEX ix_traffic_raw_id ON traffic_raw (id)
[2022-11-12T13:13:12.077+0000] {log.py:117} INFO - CREATE INDEX ix_traffic_raw_id ON traffic_raw (id)
[2022-11-12T13:13:12.078+0000] {logging_mixin.py:117} INFO - 2022-11-12 13:13:12,078 INFO sqlalchemy.engine.Engine [no key 0.00055s] {}
[2022-11-12T13:13:12.078+0000] {log.py:117} INFO - [no key 0.00055s] {}
[2022-11-12T13:13:12.083+0000] {logging_mixin.py:117} INFO - 2022-11-12 13:13:12,082 INFO sqlalchemy.engine.Engine COMMIT
[2022-11-12T13:13:12.082+0000] {log.py:117} INFO - COMMIT
[2022-11-12T13:13:12.093+0000] {logging_mixin.py:117} INFO - 2022-11-12 13:13:12,093 INFO sqlalchemy.engine.Engine BEGIN (implicit)
[2022-11-12T13:13:12.093+0000] {log.py:117} INFO - BEGIN (implicit)
[2022-11-12T13:13:12.185+0000] {logging_mixin.py:117} INFO - 2022-11-12 13:13:12,185 INFO sqlalchemy.engine.Engine INSERT INTO traffic_raw (id, track_id, type, traveled_d, avg_speed, lat, lon, speed, lon_acc, lat_acc, time) VALUES (%(id)s, %(track_id)s, %(type)s, %(traveled_d)s, %(avg_speed)s, %(lat)s, %(lon)s, %(speed)s, %(lon_acc)s, %(lat_acc)s, %(time)s)
[2022-11-12T13:13:12.185+0000] {log.py:117} INFO - INSERT INTO traffic_raw (id, track_id, type, traveled_d, avg_speed, lat, lon, speed, lon_acc, lat_acc, time) VALUES (%(id)s, %(track_id)s, %(type)s, %(traveled_d)s, %(avg_speed)s, %(lat)s, %(lon)s, %(speed)s, %(lon_acc)s, %(lat_acc)s, %(time)s)
[2022-11-12T13:13:12.186+0000] {logging_mixin.py:117} INFO - 2022-11-12 13:13:12,186 INFO sqlalchemy.engine.Engine [generated in 0.08032s] ({'id': 0, 'track_id': 1, 'type': ' Car', 'traveled_d': 419.73, 'avg_speed': 33.728231, 'lat': 37.982482, 'lon': 23.729523, 'speed': 31.031, 'lon_acc': 0.0476, 'lat_acc': -0.0501, 'time': 0.0}, {'id': 1, 'track_id': 2, 'type': ' Car', 'traveled_d': 173.65, 'avg_speed': 33.609869, 'lat': 37.979914, 'lon': 23.733339, 'speed': 40.492, 'lon_acc': -0.0074, 'lat_acc': -0.1593, 'time': 0.0}, {'id': 2, 'track_id': 3, 'type': ' Car', 'traveled_d': 374.39, 'avg_speed': 31.938416, 'lat': 37.979915, 'lon': 23.733292, 'speed': 44.2296, 'lon_acc': -0.0142, 'lat_acc': -0.1395, 'time': 0.0}, {'id': 3, 'track_id': 4, 'type': ' Motorcycle', 'traveled_d': 471.19, 'avg_speed': 58.091304, 'lat': 37.979891, 'lon': 23.733233, 'speed': 64.7725, 'lon_acc': 0.0326, 'lat_acc': -0.1309, 'time': 0.0}, {'id': 4, 'track_id': 5, 'type': ' Car', 'traveled_d': 465.16, 'avg_speed': 56.957816, 'lat': 37.979942, 'lon': 23.73322, 'speed': 47.1936, 'lon_acc': -0.0387, 'lat_acc': -0.2323, 'time': 0.0}, {'id': 5, 'track_id': 6, 'type': ' Car', 'traveled_d': 363.4, 'avg_speed': 33.544162, 'lat': 37.98001, 'lon': 23.733218, 'speed': 44.3073, 'lon_acc': -0.0273, 'lat_acc': -0.192, 'time': 0.0}, {'id': 6, 'track_id': 7, 'type': ' Motorcycle', 'traveled_d': 280.83, 'avg_speed': 32.197439, 'lat': 37.979985, 'lon': 23.733131, 'speed': 55.9541, 'lon_acc': 0.0463, 'lat_acc': 0.2381, 'time': 0.0}, {'id': 7, 'track_id': 8, 'type': ' Car', 'traveled_d': 442.63, 'avg_speed': 34.640822, 'lat': 37.980139, 'lon': 23.733109, 'speed': 46.4509, 'lon_acc': -0.0088, 'lat_acc': -0.1975, 'time': 0.0}  ... displaying 10 of 2495 total bound parameter sets ...  {'id': 2493, 'track_id': 2494, 'type': ' Motorcycle', 'traveled_d': 31.48, 'avg_speed': 94.437932, 'lat': 37.979873, 'lon': 23.733336, 'speed': 98.8912, 'lon_acc': -1.8008, 'lat_acc': 0.7762, 'time': 801.6}, {'id': 2494, 'track_id': 2495, 'type': ' Medium Vehicle', 'traveled_d': 6.87, 'avg_speed': 30.906398, 'lat': 37.979854, 'lon': 23.733287, 'speed': 32.5331, 'lon_acc': -0.0, 'lat_acc': -0.0, 'time': 802.0})
[2022-11-12T13:13:12.186+0000] {log.py:117} INFO - [generated in 0.08032s] ({'id': 0, 'track_id': 1, 'type': ' Car', 'traveled_d': 419.73, 'avg_speed': 33.728231, 'lat': 37.982482, 'lon': 23.729523, 'speed': 31.031, 'lon_acc': 0.0476, 'lat_acc': -0.0501, 'time': 0.0}, {'id': 1, 'track_id': 2, 'type': ' Car', 'traveled_d': 173.65, 'avg_speed': 33.609869, 'lat': 37.979914, 'lon': 23.733339, 'speed': 40.492, 'lon_acc': -0.0074, 'lat_acc': -0.1593, 'time': 0.0}, {'id': 2, 'track_id': 3, 'type': ' Car', 'traveled_d': 374.39, 'avg_speed': 31.938416, 'lat': 37.979915, 'lon': 23.733292, 'speed': 44.2296, 'lon_acc': -0.0142, 'lat_acc': -0.1395, 'time': 0.0}, {'id': 3, 'track_id': 4, 'type': ' Motorcycle', 'traveled_d': 471.19, 'avg_speed': 58.091304, 'lat': 37.979891, 'lon': 23.733233, 'speed': 64.7725, 'lon_acc': 0.0326, 'lat_acc': -0.1309, 'time': 0.0}, {'id': 4, 'track_id': 5, 'type': ' Car', 'traveled_d': 465.16, 'avg_speed': 56.957816, 'lat': 37.979942, 'lon': 23.73322, 'speed': 47.1936, 'lon_acc': -0.0387, 'lat_acc': -0.2323, 'time': 0.0}, {'id': 5, 'track_id': 6, 'type': ' Car', 'traveled_d': 363.4, 'avg_speed': 33.544162, 'lat': 37.98001, 'lon': 23.733218, 'speed': 44.3073, 'lon_acc': -0.0273, 'lat_acc': -0.192, 'time': 0.0}, {'id': 6, 'track_id': 7, 'type': ' Motorcycle', 'traveled_d': 280.83, 'avg_speed': 32.197439, 'lat': 37.979985, 'lon': 23.733131, 'speed': 55.9541, 'lon_acc': 0.0463, 'lat_acc': 0.2381, 'time': 0.0}, {'id': 7, 'track_id': 8, 'type': ' Car', 'traveled_d': 442.63, 'avg_speed': 34.640822, 'lat': 37.980139, 'lon': 23.733109, 'speed': 46.4509, 'lon_acc': -0.0088, 'lat_acc': -0.1975, 'time': 0.0}  ... displaying 10 of 2495 total bound parameter sets ...  {'id': 2493, 'track_id': 2494, 'type': ' Motorcycle', 'traveled_d': 31.48, 'avg_speed': 94.437932, 'lat': 37.979873, 'lon': 23.733336, 'speed': 98.8912, 'lon_acc': -1.8008, 'lat_acc': 0.7762, 'time': 801.6}, {'id': 2494, 'track_id': 2495, 'type': ' Medium Vehicle', 'traveled_d': 6.87, 'avg_speed': 30.906398, 'lat': 37.979854, 'lon': 23.733287, 'speed': 32.5331, 'lon_acc': -0.0, 'lat_acc': -0.0, 'time': 802.0})
[2022-11-12T13:13:12.391+0000] {logging_mixin.py:117} INFO - 2022-11-12 13:13:12,391 INFO sqlalchemy.engine.Engine COMMIT
[2022-11-12T13:13:12.391+0000] {log.py:117} INFO - COMMIT
[2022-11-12T13:13:12.394+0000] {logging_mixin.py:117} INFO - !!!!Done!!!!
[2022-11-12T13:13:12.394+0000] {python.py:177} INFO - Done. Returned value was: None
[2022-11-12T13:13:12.413+0000] {taskinstance.py:1406} INFO - Marking task as SUCCESS. dag_id=load_to_dwh_v2, task_id=load_raw_data, execution_date=20221112T131259, start_date=20221112T131311, end_date=20221112T131312
[2022-11-12T13:13:12.477+0000] {local_task_job.py:164} INFO - Task exited with return code 0
[2022-11-12T13:13:12.509+0000] {local_task_job.py:273} INFO - 0 downstream tasks scheduled from follow-on schedule check
