[2022-11-10T13:50:05.002+0000] {taskinstance.py:1165} INFO - Dependencies all met for <TaskInstance: load_to_dwh_v2.load_raw_data manual__2022-11-10T13:50:03.925020+00:00 [queued]>
[2022-11-10T13:50:05.023+0000] {taskinstance.py:1165} INFO - Dependencies all met for <TaskInstance: load_to_dwh_v2.load_raw_data manual__2022-11-10T13:50:03.925020+00:00 [queued]>
[2022-11-10T13:50:05.023+0000] {taskinstance.py:1362} INFO - 
--------------------------------------------------------------------------------
[2022-11-10T13:50:05.023+0000] {taskinstance.py:1363} INFO - Starting attempt 1 of 6
[2022-11-10T13:50:05.023+0000] {taskinstance.py:1364} INFO - 
--------------------------------------------------------------------------------
[2022-11-10T13:50:05.045+0000] {taskinstance.py:1383} INFO - Executing <Task(PythonOperator): load_raw_data> on 2022-11-10 13:50:03.925020+00:00
[2022-11-10T13:50:05.052+0000] {standard_task_runner.py:54} INFO - Started process 168 to run task
[2022-11-10T13:50:05.057+0000] {standard_task_runner.py:82} INFO - Running: ['***', 'tasks', 'run', 'load_to_dwh_v2', 'load_raw_data', 'manual__2022-11-10T13:50:03.925020+00:00', '--job-id', '81', '--raw', '--subdir', 'DAGS_FOLDER/postgre_create_table.py', '--cfg-path', '/tmp/tmp9_cw9anl']
[2022-11-10T13:50:05.057+0000] {standard_task_runner.py:83} INFO - Job 81: Subtask load_raw_data
[2022-11-10T13:50:05.058+0000] {dagbag.py:525} INFO - Filling up the DagBag from /opt/***/dags/postgre_create_table.py
[2022-11-10T13:50:05.576+0000] {task_command.py:384} INFO - Running <TaskInstance: load_to_dwh_v2.load_raw_data manual__2022-11-10T13:50:03.925020+00:00 [running]> on host 7ed92ead7851
[2022-11-10T13:50:05.675+0000] {taskinstance.py:1592} INFO - Exporting the following env vars:
AIRFLOW_CTX_DAG_OWNER=nahom
AIRFLOW_CTX_DAG_ID=load_to_dwh_v2
AIRFLOW_CTX_TASK_ID=load_raw_data
AIRFLOW_CTX_EXECUTION_DATE=2022-11-10T13:50:03.925020+00:00
AIRFLOW_CTX_TRY_NUMBER=1
AIRFLOW_CTX_DAG_RUN_ID=manual__2022-11-10T13:50:03.925020+00:00
[2022-11-10T13:50:05.676+0000] {logging_mixin.py:117} INFO - writing data..............
[2022-11-10T13:50:05.701+0000] {logging_mixin.py:117} INFO - 2022-11-10 13:50:05,701 INFO sqlalchemy.engine.Engine select pg_catalog.version()
[2022-11-10T13:50:05.701+0000] {log.py:117} INFO - select pg_catalog.version()
[2022-11-10T13:50:05.701+0000] {logging_mixin.py:117} INFO - 2022-11-10 13:50:05,701 INFO sqlalchemy.engine.Engine [raw sql] {}
[2022-11-10T13:50:05.701+0000] {log.py:117} INFO - [raw sql] {}
[2022-11-10T13:50:05.702+0000] {logging_mixin.py:117} INFO - 2022-11-10 13:50:05,702 INFO sqlalchemy.engine.Engine select current_schema()
[2022-11-10T13:50:05.702+0000] {log.py:117} INFO - select current_schema()
[2022-11-10T13:50:05.703+0000] {logging_mixin.py:117} INFO - 2022-11-10 13:50:05,703 INFO sqlalchemy.engine.Engine [raw sql] {}
[2022-11-10T13:50:05.703+0000] {log.py:117} INFO - [raw sql] {}
[2022-11-10T13:50:05.703+0000] {logging_mixin.py:117} INFO - 2022-11-10 13:50:05,703 INFO sqlalchemy.engine.Engine show standard_conforming_strings
[2022-11-10T13:50:05.703+0000] {log.py:117} INFO - show standard_conforming_strings
[2022-11-10T13:50:05.704+0000] {logging_mixin.py:117} INFO - 2022-11-10 13:50:05,704 INFO sqlalchemy.engine.Engine [raw sql] {}
[2022-11-10T13:50:05.704+0000] {log.py:117} INFO - [raw sql] {}
[2022-11-10T13:50:05.706+0000] {logging_mixin.py:117} INFO - 2022-11-10 13:50:05,706 INFO sqlalchemy.engine.Engine select relname from pg_class c join pg_namespace n on n.oid=c.relnamespace where pg_catalog.pg_table_is_visible(c.oid) and relname=%(name)s
[2022-11-10T13:50:05.706+0000] {log.py:117} INFO - select relname from pg_class c join pg_namespace n on n.oid=c.relnamespace where pg_catalog.pg_table_is_visible(c.oid) and relname=%(name)s
[2022-11-10T13:50:05.706+0000] {logging_mixin.py:117} INFO - 2022-11-10 13:50:05,706 INFO sqlalchemy.engine.Engine [generated in 0.00052s] {'name': 'traffic_raw'}
[2022-11-10T13:50:05.706+0000] {log.py:117} INFO - [generated in 0.00052s] {'name': 'traffic_raw'}
[2022-11-10T13:50:05.709+0000] {logging_mixin.py:117} INFO - 2022-11-10 13:50:05,708 INFO sqlalchemy.engine.Engine select relname from pg_class c join pg_namespace n on n.oid=c.relnamespace where pg_catalog.pg_table_is_visible(c.oid) and relname=%(name)s
[2022-11-10T13:50:05.708+0000] {log.py:117} INFO - select relname from pg_class c join pg_namespace n on n.oid=c.relnamespace where pg_catalog.pg_table_is_visible(c.oid) and relname=%(name)s
[2022-11-10T13:50:05.709+0000] {logging_mixin.py:117} INFO - 2022-11-10 13:50:05,709 INFO sqlalchemy.engine.Engine [cached since 0.003092s ago] {'name': 'traffic_raw'}
[2022-11-10T13:50:05.709+0000] {log.py:117} INFO - [cached since 0.003092s ago] {'name': 'traffic_raw'}
[2022-11-10T13:50:05.711+0000] {logging_mixin.py:117} INFO - 2022-11-10 13:50:05,711 INFO sqlalchemy.engine.Engine SELECT c.relname FROM pg_class c JOIN pg_namespace n ON n.oid = c.relnamespace WHERE n.nspname = %(schema)s AND c.relkind in ('r', 'p')
[2022-11-10T13:50:05.711+0000] {log.py:117} INFO - SELECT c.relname FROM pg_class c JOIN pg_namespace n ON n.oid = c.relnamespace WHERE n.nspname = %(schema)s AND c.relkind in ('r', 'p')
[2022-11-10T13:50:05.711+0000] {logging_mixin.py:117} INFO - 2022-11-10 13:50:05,711 INFO sqlalchemy.engine.Engine [generated in 0.00042s] {'schema': 'public'}
[2022-11-10T13:50:05.711+0000] {log.py:117} INFO - [generated in 0.00042s] {'schema': 'public'}
[2022-11-10T13:50:05.714+0000] {logging_mixin.py:117} INFO - 2022-11-10 13:50:05,714 INFO sqlalchemy.engine.Engine 
            SELECT c.oid
            FROM pg_catalog.pg_class c
            LEFT JOIN pg_catalog.pg_namespace n ON n.oid = c.relnamespace
            WHERE (pg_catalog.pg_table_is_visible(c.oid))
            AND c.relname = %(table_name)s AND c.relkind in
            ('r', 'v', 'm', 'f', 'p')
[2022-11-10T13:50:05.714+0000] {log.py:117} INFO - 
            SELECT c.oid
            FROM pg_catalog.pg_class c
            LEFT JOIN pg_catalog.pg_namespace n ON n.oid = c.relnamespace
            WHERE (pg_catalog.pg_table_is_visible(c.oid))
            AND c.relname = %(table_name)s AND c.relkind in
            ('r', 'v', 'm', 'f', 'p')
        
[2022-11-10T13:50:05.714+0000] {logging_mixin.py:117} INFO - 2022-11-10 13:50:05,714 INFO sqlalchemy.engine.Engine [generated in 0.00039s] {'table_name': 'traffic_raw'}
[2022-11-10T13:50:05.714+0000] {log.py:117} INFO - [generated in 0.00039s] {'table_name': 'traffic_raw'}
[2022-11-10T13:50:05.716+0000] {logging_mixin.py:117} INFO - 2022-11-10 13:50:05,715 INFO sqlalchemy.engine.Engine 
            SELECT a.attname,
              pg_catalog.format_type(a.atttypid, a.atttypmod),
              (
                SELECT pg_catalog.pg_get_expr(d.adbin, d.adrelid)
                FROM pg_catalog.pg_attrdef d
                WHERE d.adrelid = a.attrelid AND d.adnum = a.attnum
                AND a.atthasdef
              ) AS DEFAULT,
              a.attnotnull,
              a.attrelid as table_oid,
              pgd.description as comment,
              a.attgenerated as generated,
                              (SELECT json_build_object(
                    'always', a.attidentity = 'a',
                    'start', s.seqstart,
                    'increment', s.seqincrement,
                    'minvalue', s.seqmin,
                    'maxvalue', s.seqmax,
                    'cache', s.seqcache,
                    'cycle', s.seqcycle)
                FROM pg_catalog.pg_sequence s
                JOIN pg_catalog.pg_class c on s.seqrelid = c."oid"
                WHERE c.relkind = 'S'
                AND a.attidentity != ''
                AND s.seqrelid = pg_catalog.pg_get_serial_sequence(
                    a.attrelid::regclass::text, a.attname
                )::regclass::oid
                ) as identity_options                
            FROM pg_catalog.pg_attribute a
            LEFT JOIN pg_catalog.pg_description pgd ON (
                pgd.objoid = a.attrelid AND pgd.objsubid = a.attnum)
            WHERE a.attrelid = %(table_oid)s
            AND a.attnum > 0 AND NOT a.attisdropped
            ORDER BY a.attnum
[2022-11-10T13:50:05.715+0000] {log.py:117} INFO - 
            SELECT a.attname,
              pg_catalog.format_type(a.atttypid, a.atttypmod),
              (
                SELECT pg_catalog.pg_get_expr(d.adbin, d.adrelid)
                FROM pg_catalog.pg_attrdef d
                WHERE d.adrelid = a.attrelid AND d.adnum = a.attnum
                AND a.atthasdef
              ) AS DEFAULT,
              a.attnotnull,
              a.attrelid as table_oid,
              pgd.description as comment,
              a.attgenerated as generated,
                              (SELECT json_build_object(
                    'always', a.attidentity = 'a',
                    'start', s.seqstart,
                    'increment', s.seqincrement,
                    'minvalue', s.seqmin,
                    'maxvalue', s.seqmax,
                    'cache', s.seqcache,
                    'cycle', s.seqcycle)
                FROM pg_catalog.pg_sequence s
                JOIN pg_catalog.pg_class c on s.seqrelid = c."oid"
                WHERE c.relkind = 'S'
                AND a.attidentity != ''
                AND s.seqrelid = pg_catalog.pg_get_serial_sequence(
                    a.attrelid::regclass::text, a.attname
                )::regclass::oid
                ) as identity_options                
            FROM pg_catalog.pg_attribute a
            LEFT JOIN pg_catalog.pg_description pgd ON (
                pgd.objoid = a.attrelid AND pgd.objsubid = a.attnum)
            WHERE a.attrelid = %(table_oid)s
            AND a.attnum > 0 AND NOT a.attisdropped
            ORDER BY a.attnum
        
[2022-11-10T13:50:05.716+0000] {logging_mixin.py:117} INFO - 2022-11-10 13:50:05,716 INFO sqlalchemy.engine.Engine [generated in 0.00045s] {'table_oid': 40968}
[2022-11-10T13:50:05.716+0000] {log.py:117} INFO - [generated in 0.00045s] {'table_oid': 40968}
[2022-11-10T13:50:05.720+0000] {logging_mixin.py:117} INFO - 2022-11-10 13:50:05,720 INFO sqlalchemy.engine.Engine 
            SELECT t.typname as "name",
               pg_catalog.format_type(t.typbasetype, t.typtypmod) as "attype",
               not t.typnotnull as "nullable",
               t.typdefault as "default",
               pg_catalog.pg_type_is_visible(t.oid) as "visible",
               n.nspname as "schema"
            FROM pg_catalog.pg_type t
               LEFT JOIN pg_catalog.pg_namespace n ON n.oid = t.typnamespace
            WHERE t.typtype = 'd'
[2022-11-10T13:50:05.720+0000] {log.py:117} INFO - 
            SELECT t.typname as "name",
               pg_catalog.format_type(t.typbasetype, t.typtypmod) as "attype",
               not t.typnotnull as "nullable",
               t.typdefault as "default",
               pg_catalog.pg_type_is_visible(t.oid) as "visible",
               n.nspname as "schema"
            FROM pg_catalog.pg_type t
               LEFT JOIN pg_catalog.pg_namespace n ON n.oid = t.typnamespace
            WHERE t.typtype = 'd'
        
[2022-11-10T13:50:05.721+0000] {logging_mixin.py:117} INFO - 2022-11-10 13:50:05,721 INFO sqlalchemy.engine.Engine [generated in 0.00070s] {}
[2022-11-10T13:50:05.721+0000] {log.py:117} INFO - [generated in 0.00070s] {}
[2022-11-10T13:50:05.723+0000] {logging_mixin.py:117} INFO - 2022-11-10 13:50:05,723 INFO sqlalchemy.engine.Engine 
            SELECT t.typname as "name",
               -- no enum defaults in 8.4 at least
               -- t.typdefault as "default",
               pg_catalog.pg_type_is_visible(t.oid) as "visible",
               n.nspname as "schema",
               e.enumlabel as "label"
            FROM pg_catalog.pg_type t
                 LEFT JOIN pg_catalog.pg_namespace n ON n.oid = t.typnamespace
                 LEFT JOIN pg_catalog.pg_enum e ON t.oid = e.enumtypid
            WHERE t.typtype = 'e'
        ORDER BY "schema", "name", e.oid
[2022-11-10T13:50:05.723+0000] {log.py:117} INFO - 
            SELECT t.typname as "name",
               -- no enum defaults in 8.4 at least
               -- t.typdefault as "default",
               pg_catalog.pg_type_is_visible(t.oid) as "visible",
               n.nspname as "schema",
               e.enumlabel as "label"
            FROM pg_catalog.pg_type t
                 LEFT JOIN pg_catalog.pg_namespace n ON n.oid = t.typnamespace
                 LEFT JOIN pg_catalog.pg_enum e ON t.oid = e.enumtypid
            WHERE t.typtype = 'e'
        ORDER BY "schema", "name", e.oid
[2022-11-10T13:50:05.723+0000] {logging_mixin.py:117} INFO - 2022-11-10 13:50:05,723 INFO sqlalchemy.engine.Engine [generated in 0.00044s] {}
[2022-11-10T13:50:05.723+0000] {log.py:117} INFO - [generated in 0.00044s] {}
[2022-11-10T13:50:05.727+0000] {logging_mixin.py:117} INFO - 2022-11-10 13:50:05,727 INFO sqlalchemy.engine.Engine 
                SELECT a.attname
                FROM pg_attribute a JOIN (
                    SELECT unnest(ix.indkey) attnum,
                           generate_subscripts(ix.indkey, 1) ord
                    FROM pg_index ix
                    WHERE ix.indrelid = %(table_oid)s AND ix.indisprimary
                    ) k ON a.attnum=k.attnum
                WHERE a.attrelid = %(table_oid)s
                ORDER BY k.ord
[2022-11-10T13:50:05.727+0000] {log.py:117} INFO - 
                SELECT a.attname
                FROM pg_attribute a JOIN (
                    SELECT unnest(ix.indkey) attnum,
                           generate_subscripts(ix.indkey, 1) ord
                    FROM pg_index ix
                    WHERE ix.indrelid = %(table_oid)s AND ix.indisprimary
                    ) k ON a.attnum=k.attnum
                WHERE a.attrelid = %(table_oid)s
                ORDER BY k.ord
            
[2022-11-10T13:50:05.727+0000] {logging_mixin.py:117} INFO - 2022-11-10 13:50:05,727 INFO sqlalchemy.engine.Engine [generated in 0.00054s] {'table_oid': 40968}
[2022-11-10T13:50:05.727+0000] {log.py:117} INFO - [generated in 0.00054s] {'table_oid': 40968}
[2022-11-10T13:50:05.730+0000] {logging_mixin.py:117} INFO - 2022-11-10 13:50:05,729 INFO sqlalchemy.engine.Engine 
        SELECT conname
           FROM  pg_catalog.pg_constraint r
           WHERE r.conrelid = %(table_oid)s AND r.contype = 'p'
           ORDER BY 1
[2022-11-10T13:50:05.729+0000] {log.py:117} INFO - 
        SELECT conname
           FROM  pg_catalog.pg_constraint r
           WHERE r.conrelid = %(table_oid)s AND r.contype = 'p'
           ORDER BY 1
        
[2022-11-10T13:50:05.730+0000] {logging_mixin.py:117} INFO - 2022-11-10 13:50:05,730 INFO sqlalchemy.engine.Engine [generated in 0.00043s] {'table_oid': 40968}
[2022-11-10T13:50:05.730+0000] {log.py:117} INFO - [generated in 0.00043s] {'table_oid': 40968}
[2022-11-10T13:50:05.732+0000] {logging_mixin.py:117} INFO - 2022-11-10 13:50:05,732 INFO sqlalchemy.engine.Engine 
          SELECT r.conname,
                pg_catalog.pg_get_constraintdef(r.oid, true) as condef,
                n.nspname as conschema
          FROM  pg_catalog.pg_constraint r,
                pg_namespace n,
                pg_class c

          WHERE r.conrelid = %(table)s AND
                r.contype = 'f' AND
                c.oid = confrelid AND
                n.oid = c.relnamespace
          ORDER BY 1
[2022-11-10T13:50:05.732+0000] {log.py:117} INFO - 
          SELECT r.conname,
                pg_catalog.pg_get_constraintdef(r.oid, true) as condef,
                n.nspname as conschema
          FROM  pg_catalog.pg_constraint r,
                pg_namespace n,
                pg_class c

          WHERE r.conrelid = %(table)s AND
                r.contype = 'f' AND
                c.oid = confrelid AND
                n.oid = c.relnamespace
          ORDER BY 1
        
[2022-11-10T13:50:05.732+0000] {logging_mixin.py:117} INFO - 2022-11-10 13:50:05,732 INFO sqlalchemy.engine.Engine [generated in 0.00035s] {'table': 40968}
[2022-11-10T13:50:05.732+0000] {log.py:117} INFO - [generated in 0.00035s] {'table': 40968}
[2022-11-10T13:50:05.734+0000] {logging_mixin.py:117} INFO - 2022-11-10 13:50:05,734 INFO sqlalchemy.engine.Engine 
              SELECT
                  i.relname as relname,
                  ix.indisunique, ix.indexprs,
                  a.attname, a.attnum, c.conrelid, ix.indkey::varchar,
                  ix.indoption::varchar, i.reloptions, am.amname,
                  pg_get_expr(ix.indpred, ix.indrelid),
                  ix.indnkeyatts as indnkeyatts
              FROM
                  pg_class t
                        join pg_index ix on t.oid = ix.indrelid
                        join pg_class i on i.oid = ix.indexrelid
                        left outer join
                            pg_attribute a
                            on t.oid = a.attrelid and a.attnum = ANY(ix.indkey)
                        left outer join
                            pg_constraint c
                            on (ix.indrelid = c.conrelid and
                                ix.indexrelid = c.conindid and
                                c.contype in ('p', 'u', 'x'))
                        left outer join
                            pg_am am
                            on i.relam = am.oid
              WHERE
                  t.relkind IN ('r', 'v', 'f', 'm', 'p')
                  and t.oid = %(table_oid)s
                  and ix.indisprimary = 'f'
              ORDER BY
                  t.relname,
                  i.relname
[2022-11-10T13:50:05.734+0000] {log.py:117} INFO - 
              SELECT
                  i.relname as relname,
                  ix.indisunique, ix.indexprs,
                  a.attname, a.attnum, c.conrelid, ix.indkey::varchar,
                  ix.indoption::varchar, i.reloptions, am.amname,
                  pg_get_expr(ix.indpred, ix.indrelid),
                  ix.indnkeyatts as indnkeyatts
              FROM
                  pg_class t
                        join pg_index ix on t.oid = ix.indrelid
                        join pg_class i on i.oid = ix.indexrelid
                        left outer join
                            pg_attribute a
                            on t.oid = a.attrelid and a.attnum = ANY(ix.indkey)
                        left outer join
                            pg_constraint c
                            on (ix.indrelid = c.conrelid and
                                ix.indexrelid = c.conindid and
                                c.contype in ('p', 'u', 'x'))
                        left outer join
                            pg_am am
                            on i.relam = am.oid
              WHERE
                  t.relkind IN ('r', 'v', 'f', 'm', 'p')
                  and t.oid = %(table_oid)s
                  and ix.indisprimary = 'f'
              ORDER BY
                  t.relname,
                  i.relname
            
[2022-11-10T13:50:05.734+0000] {logging_mixin.py:117} INFO - 2022-11-10 13:50:05,734 INFO sqlalchemy.engine.Engine [generated in 0.00038s] {'table_oid': 40968}
[2022-11-10T13:50:05.734+0000] {log.py:117} INFO - [generated in 0.00038s] {'table_oid': 40968}
[2022-11-10T13:50:05.740+0000] {logging_mixin.py:117} INFO - 2022-11-10 13:50:05,740 INFO sqlalchemy.engine.Engine 
            SELECT
                cons.conname as name,
                cons.conkey as key,
                a.attnum as col_num,
                a.attname as col_name
            FROM
                pg_catalog.pg_constraint cons
                join pg_attribute a
                  on cons.conrelid = a.attrelid AND
                    a.attnum = ANY(cons.conkey)
            WHERE
                cons.conrelid = %(table_oid)s AND
                cons.contype = 'u'
[2022-11-10T13:50:05.740+0000] {log.py:117} INFO - 
            SELECT
                cons.conname as name,
                cons.conkey as key,
                a.attnum as col_num,
                a.attname as col_name
            FROM
                pg_catalog.pg_constraint cons
                join pg_attribute a
                  on cons.conrelid = a.attrelid AND
                    a.attnum = ANY(cons.conkey)
            WHERE
                cons.conrelid = %(table_oid)s AND
                cons.contype = 'u'
        
[2022-11-10T13:50:05.740+0000] {logging_mixin.py:117} INFO - 2022-11-10 13:50:05,740 INFO sqlalchemy.engine.Engine [generated in 0.00076s] {'table_oid': 40968}
[2022-11-10T13:50:05.740+0000] {log.py:117} INFO - [generated in 0.00076s] {'table_oid': 40968}
[2022-11-10T13:50:05.742+0000] {logging_mixin.py:117} INFO - 2022-11-10 13:50:05,742 INFO sqlalchemy.engine.Engine 
            SELECT
                cons.conname as name,
                pg_get_constraintdef(cons.oid) as src
            FROM
                pg_catalog.pg_constraint cons
            WHERE
                cons.conrelid = %(table_oid)s AND
                cons.contype = 'c'
[2022-11-10T13:50:05.742+0000] {log.py:117} INFO - 
            SELECT
                cons.conname as name,
                pg_get_constraintdef(cons.oid) as src
            FROM
                pg_catalog.pg_constraint cons
            WHERE
                cons.conrelid = %(table_oid)s AND
                cons.contype = 'c'
        
[2022-11-10T13:50:05.743+0000] {logging_mixin.py:117} INFO - 2022-11-10 13:50:05,743 INFO sqlalchemy.engine.Engine [generated in 0.00064s] {'table_oid': 40968}
[2022-11-10T13:50:05.743+0000] {log.py:117} INFO - [generated in 0.00064s] {'table_oid': 40968}
[2022-11-10T13:50:05.744+0000] {logging_mixin.py:117} INFO - 2022-11-10 13:50:05,744 INFO sqlalchemy.engine.Engine 
            SELECT
                pgd.description as table_comment
            FROM
                pg_catalog.pg_description pgd
            WHERE
                pgd.objsubid = 0 AND
                pgd.objoid = %(table_oid)s
[2022-11-10T13:50:05.744+0000] {log.py:117} INFO - 
            SELECT
                pgd.description as table_comment
            FROM
                pg_catalog.pg_description pgd
            WHERE
                pgd.objsubid = 0 AND
                pgd.objoid = %(table_oid)s
        
[2022-11-10T13:50:05.745+0000] {logging_mixin.py:117} INFO - 2022-11-10 13:50:05,745 INFO sqlalchemy.engine.Engine [generated in 0.00043s] {'table_oid': 40968}
[2022-11-10T13:50:05.745+0000] {log.py:117} INFO - [generated in 0.00043s] {'table_oid': 40968}
[2022-11-10T13:50:05.746+0000] {logging_mixin.py:117} INFO - 2022-11-10 13:50:05,746 INFO sqlalchemy.engine.Engine BEGIN (implicit)
[2022-11-10T13:50:05.746+0000] {log.py:117} INFO - BEGIN (implicit)
[2022-11-10T13:50:05.746+0000] {logging_mixin.py:117} INFO - 2022-11-10 13:50:05,746 INFO sqlalchemy.engine.Engine 
DROP TABLE traffic_raw
[2022-11-10T13:50:05.746+0000] {log.py:117} INFO - 
DROP TABLE traffic_raw
[2022-11-10T13:50:05.747+0000] {logging_mixin.py:117} INFO - 2022-11-10 13:50:05,747 INFO sqlalchemy.engine.Engine [no key 0.00030s] {}
[2022-11-10T13:50:05.747+0000] {log.py:117} INFO - [no key 0.00030s] {}
[2022-11-10T13:50:05.748+0000] {logging_mixin.py:117} INFO - 2022-11-10 13:50:05,748 INFO sqlalchemy.engine.Engine COMMIT
[2022-11-10T13:50:05.748+0000] {log.py:117} INFO - COMMIT
[2022-11-10T13:50:05.752+0000] {logging_mixin.py:117} INFO - 2022-11-10 13:50:05,752 INFO sqlalchemy.engine.Engine BEGIN (implicit)
[2022-11-10T13:50:05.752+0000] {log.py:117} INFO - BEGIN (implicit)
[2022-11-10T13:50:05.754+0000] {logging_mixin.py:117} INFO - 2022-11-10 13:50:05,754 INFO sqlalchemy.engine.Engine 
CREATE TABLE traffic_raw (
	id BIGINT, 
	track_id BIGINT, 
	type TEXT, 
	traveled_d FLOAT(53), 
	avg_speed FLOAT(53), 
	lat FLOAT(53), 
	lon FLOAT(53), 
	speed FLOAT(53), 
	lon_acc FLOAT(53), 
	lat_acc FLOAT(53), 
	time FLOAT(53)
)
[2022-11-10T13:50:05.754+0000] {log.py:117} INFO - 
CREATE TABLE traffic_raw (
	id BIGINT, 
	track_id BIGINT, 
	type TEXT, 
	traveled_d FLOAT(53), 
	avg_speed FLOAT(53), 
	lat FLOAT(53), 
	lon FLOAT(53), 
	speed FLOAT(53), 
	lon_acc FLOAT(53), 
	lat_acc FLOAT(53), 
	time FLOAT(53)
)


[2022-11-10T13:50:05.754+0000] {logging_mixin.py:117} INFO - 2022-11-10 13:50:05,754 INFO sqlalchemy.engine.Engine [no key 0.00033s] {}
[2022-11-10T13:50:05.754+0000] {log.py:117} INFO - [no key 0.00033s] {}
[2022-11-10T13:50:05.761+0000] {logging_mixin.py:117} INFO - 2022-11-10 13:50:05,760 INFO sqlalchemy.engine.Engine CREATE INDEX ix_traffic_raw_id ON traffic_raw (id)
[2022-11-10T13:50:05.760+0000] {log.py:117} INFO - CREATE INDEX ix_traffic_raw_id ON traffic_raw (id)
[2022-11-10T13:50:05.761+0000] {logging_mixin.py:117} INFO - 2022-11-10 13:50:05,761 INFO sqlalchemy.engine.Engine [no key 0.00047s] {}
[2022-11-10T13:50:05.761+0000] {log.py:117} INFO - [no key 0.00047s] {}
[2022-11-10T13:50:05.769+0000] {logging_mixin.py:117} INFO - 2022-11-10 13:50:05,769 INFO sqlalchemy.engine.Engine COMMIT
[2022-11-10T13:50:05.769+0000] {log.py:117} INFO - COMMIT
[2022-11-10T13:50:05.776+0000] {logging_mixin.py:117} INFO - 2022-11-10 13:50:05,776 INFO sqlalchemy.engine.Engine BEGIN (implicit)
[2022-11-10T13:50:05.776+0000] {log.py:117} INFO - BEGIN (implicit)
[2022-11-10T13:50:05.863+0000] {logging_mixin.py:117} INFO - 2022-11-10 13:50:05,863 INFO sqlalchemy.engine.Engine INSERT INTO traffic_raw (id, track_id, type, traveled_d, avg_speed, lat, lon, speed, lon_acc, lat_acc, time) VALUES (%(id)s, %(track_id)s, %(type)s, %(traveled_d)s, %(avg_speed)s, %(lat)s, %(lon)s, %(speed)s, %(lon_acc)s, %(lat_acc)s, %(time)s)
[2022-11-10T13:50:05.863+0000] {log.py:117} INFO - INSERT INTO traffic_raw (id, track_id, type, traveled_d, avg_speed, lat, lon, speed, lon_acc, lat_acc, time) VALUES (%(id)s, %(track_id)s, %(type)s, %(traveled_d)s, %(avg_speed)s, %(lat)s, %(lon)s, %(speed)s, %(lon_acc)s, %(lat_acc)s, %(time)s)
[2022-11-10T13:50:05.864+0000] {logging_mixin.py:117} INFO - 2022-11-10 13:50:05,863 INFO sqlalchemy.engine.Engine [generated in 0.07845s] ({'id': 0, 'track_id': 1, 'type': ' Car', 'traveled_d': 419.73, 'avg_speed': 33.728231, 'lat': 37.982482, 'lon': 23.729523, 'speed': 31.031, 'lon_acc': 0.0476, 'lat_acc': -0.0501, 'time': 0.0}, {'id': 1, 'track_id': 2, 'type': ' Car', 'traveled_d': 173.65, 'avg_speed': 33.609869, 'lat': 37.979914, 'lon': 23.733339, 'speed': 40.492, 'lon_acc': -0.0074, 'lat_acc': -0.1593, 'time': 0.0}, {'id': 2, 'track_id': 3, 'type': ' Car', 'traveled_d': 374.39, 'avg_speed': 31.938416, 'lat': 37.979915, 'lon': 23.733292, 'speed': 44.2296, 'lon_acc': -0.0142, 'lat_acc': -0.1395, 'time': 0.0}, {'id': 3, 'track_id': 4, 'type': ' Motorcycle', 'traveled_d': 471.19, 'avg_speed': 58.091304, 'lat': 37.979891, 'lon': 23.733233, 'speed': 64.7725, 'lon_acc': 0.0326, 'lat_acc': -0.1309, 'time': 0.0}, {'id': 4, 'track_id': 5, 'type': ' Car', 'traveled_d': 465.16, 'avg_speed': 56.957816, 'lat': 37.979942, 'lon': 23.73322, 'speed': 47.1936, 'lon_acc': -0.0387, 'lat_acc': -0.2323, 'time': 0.0}, {'id': 5, 'track_id': 6, 'type': ' Car', 'traveled_d': 363.4, 'avg_speed': 33.544162, 'lat': 37.98001, 'lon': 23.733218, 'speed': 44.3073, 'lon_acc': -0.0273, 'lat_acc': -0.192, 'time': 0.0}, {'id': 6, 'track_id': 7, 'type': ' Motorcycle', 'traveled_d': 280.83, 'avg_speed': 32.197439, 'lat': 37.979985, 'lon': 23.733131, 'speed': 55.9541, 'lon_acc': 0.0463, 'lat_acc': 0.2381, 'time': 0.0}, {'id': 7, 'track_id': 8, 'type': ' Car', 'traveled_d': 442.63, 'avg_speed': 34.640822, 'lat': 37.980139, 'lon': 23.733109, 'speed': 46.4509, 'lon_acc': -0.0088, 'lat_acc': -0.1975, 'time': 0.0}  ... displaying 10 of 2495 total bound parameter sets ...  {'id': 2493, 'track_id': 2494, 'type': ' Motorcycle', 'traveled_d': 31.48, 'avg_speed': 94.437932, 'lat': 37.979873, 'lon': 23.733336, 'speed': 98.8912, 'lon_acc': -1.8008, 'lat_acc': 0.7762, 'time': 801.6}, {'id': 2494, 'track_id': 2495, 'type': ' Medium Vehicle', 'traveled_d': 6.87, 'avg_speed': 30.906398, 'lat': 37.979854, 'lon': 23.733287, 'speed': 32.5331, 'lon_acc': -0.0, 'lat_acc': -0.0, 'time': 802.0})
[2022-11-10T13:50:05.863+0000] {log.py:117} INFO - [generated in 0.07845s] ({'id': 0, 'track_id': 1, 'type': ' Car', 'traveled_d': 419.73, 'avg_speed': 33.728231, 'lat': 37.982482, 'lon': 23.729523, 'speed': 31.031, 'lon_acc': 0.0476, 'lat_acc': -0.0501, 'time': 0.0}, {'id': 1, 'track_id': 2, 'type': ' Car', 'traveled_d': 173.65, 'avg_speed': 33.609869, 'lat': 37.979914, 'lon': 23.733339, 'speed': 40.492, 'lon_acc': -0.0074, 'lat_acc': -0.1593, 'time': 0.0}, {'id': 2, 'track_id': 3, 'type': ' Car', 'traveled_d': 374.39, 'avg_speed': 31.938416, 'lat': 37.979915, 'lon': 23.733292, 'speed': 44.2296, 'lon_acc': -0.0142, 'lat_acc': -0.1395, 'time': 0.0}, {'id': 3, 'track_id': 4, 'type': ' Motorcycle', 'traveled_d': 471.19, 'avg_speed': 58.091304, 'lat': 37.979891, 'lon': 23.733233, 'speed': 64.7725, 'lon_acc': 0.0326, 'lat_acc': -0.1309, 'time': 0.0}, {'id': 4, 'track_id': 5, 'type': ' Car', 'traveled_d': 465.16, 'avg_speed': 56.957816, 'lat': 37.979942, 'lon': 23.73322, 'speed': 47.1936, 'lon_acc': -0.0387, 'lat_acc': -0.2323, 'time': 0.0}, {'id': 5, 'track_id': 6, 'type': ' Car', 'traveled_d': 363.4, 'avg_speed': 33.544162, 'lat': 37.98001, 'lon': 23.733218, 'speed': 44.3073, 'lon_acc': -0.0273, 'lat_acc': -0.192, 'time': 0.0}, {'id': 6, 'track_id': 7, 'type': ' Motorcycle', 'traveled_d': 280.83, 'avg_speed': 32.197439, 'lat': 37.979985, 'lon': 23.733131, 'speed': 55.9541, 'lon_acc': 0.0463, 'lat_acc': 0.2381, 'time': 0.0}, {'id': 7, 'track_id': 8, 'type': ' Car', 'traveled_d': 442.63, 'avg_speed': 34.640822, 'lat': 37.980139, 'lon': 23.733109, 'speed': 46.4509, 'lon_acc': -0.0088, 'lat_acc': -0.1975, 'time': 0.0}  ... displaying 10 of 2495 total bound parameter sets ...  {'id': 2493, 'track_id': 2494, 'type': ' Motorcycle', 'traveled_d': 31.48, 'avg_speed': 94.437932, 'lat': 37.979873, 'lon': 23.733336, 'speed': 98.8912, 'lon_acc': -1.8008, 'lat_acc': 0.7762, 'time': 801.6}, {'id': 2494, 'track_id': 2495, 'type': ' Medium Vehicle', 'traveled_d': 6.87, 'avg_speed': 30.906398, 'lat': 37.979854, 'lon': 23.733287, 'speed': 32.5331, 'lon_acc': -0.0, 'lat_acc': -0.0, 'time': 802.0})
[2022-11-10T13:50:06.036+0000] {logging_mixin.py:117} INFO - 2022-11-10 13:50:06,036 INFO sqlalchemy.engine.Engine COMMIT
[2022-11-10T13:50:06.036+0000] {log.py:117} INFO - COMMIT
[2022-11-10T13:50:06.039+0000] {logging_mixin.py:117} INFO - !!!!Done!!!!
[2022-11-10T13:50:06.039+0000] {python.py:177} INFO - Done. Returned value was: None
[2022-11-10T13:50:06.051+0000] {taskinstance.py:1406} INFO - Marking task as SUCCESS. dag_id=load_to_dwh_v2, task_id=load_raw_data, execution_date=20221110T135003, start_date=20221110T135005, end_date=20221110T135006
[2022-11-10T13:50:06.080+0000] {local_task_job.py:164} INFO - Task exited with return code 0
[2022-11-10T13:50:06.108+0000] {local_task_job.py:273} INFO - 0 downstream tasks scheduled from follow-on schedule check
