

============================== 2022-09-24 19:46:01.650974 | 9f705af0-7e5f-45da-adcb-85069e8b200c ==============================
[0m19:46:01.650987 [info ] [MainThread]: Running with dbt=1.2.1
[0m19:46:01.651408 [debug] [MainThread]: running dbt with arguments {'write_json': True, 'use_colors': True, 'printer_width': 80, 'version_check': True, 'partial_parse': True, 'static_parser': True, 'profiles_dir': '/home/nhgirma/.dbt', 'send_anonymous_usage_stats': True, 'event_buffer_size': 100000, 'quiet': False, 'no_print': False, 'skip_profile_setup': False, 'which': 'init', 'indirect_selection': 'eager'}
[0m19:46:01.651577 [debug] [MainThread]: Tracking: tracking
[0m19:46:01.655838 [debug] [MainThread]: Sending event: {'category': 'dbt', 'action': 'invocation', 'label': 'start', 'context': [<snowplow_tracker.self_describing_json.SelfDescribingJson object at 0x7fc7fcd84a90>, <snowplow_tracker.self_describing_json.SelfDescribingJson object at 0x7fc7fcd84bb0>, <snowplow_tracker.self_describing_json.SelfDescribingJson object at 0x7fc7fcd84b80>]}
[0m19:47:16.558066 [debug] [MainThread]: Starter project path: /home/nhgirma/anaconda3/lib/python3.9/site-packages/dbt/include/starter_project
[0m19:47:19.734363 [info ] [MainThread]: 
Your new dbt project "traffic_dbt" was created!

For more information on how to configure the profiles.yml file,
please consult the dbt documentation here:

  https://docs.getdbt.com/docs/configure-your-profile

One more thing:

Need help? Don't hesitate to reach out to us via GitHub issues or on Slack:

  https://community.getdbt.com/

Happy modeling!

[0m19:47:19.735178 [debug] [MainThread]: Sending event: {'category': 'dbt', 'action': 'invocation', 'label': 'end', 'context': [<snowplow_tracker.self_describing_json.SelfDescribingJson object at 0x7fc7fcd84c40>, <snowplow_tracker.self_describing_json.SelfDescribingJson object at 0x7fc7fcd84b80>, <snowplow_tracker.self_describing_json.SelfDescribingJson object at 0x7fc7fcd84b50>]}
[0m19:47:19.735637 [debug] [MainThread]: Flushing usage events


============================== 2022-09-25 07:08:22.277519 | c00eb5fb-3e9b-4f32-abca-13c71900fe56 ==============================
[0m07:08:22.277527 [info ] [MainThread]: Running with dbt=1.2.1
[0m07:08:22.278136 [debug] [MainThread]: running dbt with arguments {'write_json': True, 'use_colors': True, 'printer_width': 80, 'version_check': True, 'partial_parse': True, 'static_parser': True, 'profiles_dir': '/home/nhgirma/.dbt', 'send_anonymous_usage_stats': True, 'event_buffer_size': 100000, 'quiet': False, 'no_print': False, 'config_dir': True, 'which': 'debug', 'indirect_selection': 'eager'}
[0m07:08:22.278333 [debug] [MainThread]: Tracking: tracking
[0m07:08:22.281855 [debug] [MainThread]: Sending event: {'category': 'dbt', 'action': 'invocation', 'label': 'start', 'context': [<snowplow_tracker.self_describing_json.SelfDescribingJson object at 0x7f8cb1144a90>, <snowplow_tracker.self_describing_json.SelfDescribingJson object at 0x7f8cb1144bb0>, <snowplow_tracker.self_describing_json.SelfDescribingJson object at 0x7f8cb1144b80>]}
[0m07:08:22.282618 [info ] [MainThread]: To view your profiles.yml file, run:

xdg-open /home/nhgirma/.dbt
[0m07:08:22.283097 [debug] [MainThread]: Sending event: {'category': 'dbt', 'action': 'invocation', 'label': 'end', 'context': [<snowplow_tracker.self_describing_json.SelfDescribingJson object at 0x7f8cb1144bb0>, <snowplow_tracker.self_describing_json.SelfDescribingJson object at 0x7f8cb1144b80>, <snowplow_tracker.self_describing_json.SelfDescribingJson object at 0x7f8cb1144c40>]}
[0m07:08:22.283353 [debug] [MainThread]: Flushing usage events


============================== 2022-09-25 07:10:17.412189 | e12627ca-49ec-4638-999f-d524129aefb1 ==============================
[0m07:10:17.412198 [info ] [MainThread]: Running with dbt=1.2.1
[0m07:10:17.412552 [debug] [MainThread]: running dbt with arguments {'write_json': True, 'use_colors': True, 'printer_width': 80, 'version_check': True, 'partial_parse': True, 'static_parser': True, 'profiles_dir': '/home/nhgirma/.dbt', 'send_anonymous_usage_stats': True, 'event_buffer_size': 100000, 'quiet': False, 'no_print': False, 'config_dir': False, 'which': 'debug', 'indirect_selection': 'eager'}
[0m07:10:17.412758 [debug] [MainThread]: Tracking: tracking
[0m07:10:17.416050 [debug] [MainThread]: Sending event: {'category': 'dbt', 'action': 'invocation', 'label': 'start', 'context': [<snowplow_tracker.self_describing_json.SelfDescribingJson object at 0x7f7fa3444b50>, <snowplow_tracker.self_describing_json.SelfDescribingJson object at 0x7f7fa3444af0>, <snowplow_tracker.self_describing_json.SelfDescribingJson object at 0x7f7fa3444c10>]}
[0m07:10:17.500478 [debug] [MainThread]: Executing "git --help"
[0m07:10:17.508622 [debug] [MainThread]: STDOUT: "b"usage: git [-v | --version] [-h | --help] [-C <path>] [-c <name>=<value>]\n           [--exec-path[=<path>]] [--html-path] [--man-path] [--info-path]\n           [-p | --paginate | -P | --no-pager] [--no-replace-objects] [--bare]\n           [--git-dir=<path>] [--work-tree=<path>] [--namespace=<name>]\n           [--super-prefix=<path>] [--config-env=<name>=<envvar>]\n           <command> [<args>]\n\nThese are common Git commands used in various situations:\n\nstart a working area (see also: git help tutorial)\n   clone     Clone a repository into a new directory\n   init      Create an empty Git repository or reinitialize an existing one\n\nwork on the current change (see also: git help everyday)\n   add       Add file contents to the index\n   mv        Move or rename a file, a directory, or a symlink\n   restore   Restore working tree files\n   rm        Remove files from the working tree and from the index\n\nexamine the history and state (see also: git help revisions)\n   bisect    Use binary search to find the commit that introduced a bug\n   diff      Show changes between commits, commit and working tree, etc\n   grep      Print lines matching a pattern\n   log       Show commit logs\n   show      Show various types of objects\n   status    Show the working tree status\n\ngrow, mark and tweak your common history\n   branch    List, create, or delete branches\n   commit    Record changes to the repository\n   merge     Join two or more development histories together\n   rebase    Reapply commits on top of another base tip\n   reset     Reset current HEAD to the specified state\n   switch    Switch branches\n   tag       Create, list, delete or verify a tag object signed with GPG\n\ncollaborate (see also: git help workflows)\n   fetch     Download objects and refs from another repository\n   pull      Fetch from and integrate with another repository or a local branch\n   push      Update remote refs along with associated objects\n\n'git help -a' and 'git help -g' list available subcommands and some\nconcept guides. See 'git help <command>' or 'git help <concept>'\nto read about a specific subcommand or concept.\nSee 'git help git' for an overview of the system.\n""
[0m07:10:17.509492 [debug] [MainThread]: STDERR: "b''"
[0m07:10:17.510141 [debug] [MainThread]: Sending event: {'category': 'dbt', 'action': 'invocation', 'label': 'end', 'context': [<snowplow_tracker.self_describing_json.SelfDescribingJson object at 0x7f7fa3444be0>, <snowplow_tracker.self_describing_json.SelfDescribingJson object at 0x7f7fa25c70a0>, <snowplow_tracker.self_describing_json.SelfDescribingJson object at 0x7f7fa25c7430>]}
[0m07:10:17.510583 [debug] [MainThread]: Flushing usage events
