[2022-11-12T11:41:33.359+0000] {taskinstance.py:1165} INFO - Dependencies all met for <TaskInstance: load_to_dwh_v2.extract_and_clean_data manual__2022-11-12T11:30:42.459725+00:00 [queued]>
[2022-11-12T11:41:33.373+0000] {taskinstance.py:1165} INFO - Dependencies all met for <TaskInstance: load_to_dwh_v2.extract_and_clean_data manual__2022-11-12T11:30:42.459725+00:00 [queued]>
[2022-11-12T11:41:33.373+0000] {taskinstance.py:1362} INFO - 
--------------------------------------------------------------------------------
[2022-11-12T11:41:33.373+0000] {taskinstance.py:1363} INFO - Starting attempt 6 of 6
[2022-11-12T11:41:33.374+0000] {taskinstance.py:1364} INFO - 
--------------------------------------------------------------------------------
[2022-11-12T11:41:33.403+0000] {taskinstance.py:1383} INFO - Executing <Task(PythonOperator): extract_and_clean_data> on 2022-11-12 11:30:42.459725+00:00
[2022-11-12T11:41:33.411+0000] {standard_task_runner.py:54} INFO - Started process 837 to run task
[2022-11-12T11:41:33.418+0000] {standard_task_runner.py:82} INFO - Running: ['***', 'tasks', 'run', 'load_to_dwh_v2', 'extract_and_clean_data', 'manual__2022-11-12T11:30:42.459725+00:00', '--job-id', '169', '--raw', '--subdir', 'DAGS_FOLDER/postgre_create_table.py', '--cfg-path', '/tmp/tmpz9g4thdd']
[2022-11-12T11:41:33.418+0000] {standard_task_runner.py:83} INFO - Job 169: Subtask extract_and_clean_data
[2022-11-12T11:41:33.419+0000] {dagbag.py:525} INFO - Filling up the DagBag from /opt/***/dags/postgre_create_table.py
[2022-11-12T11:41:33.779+0000] {task_command.py:384} INFO - Running <TaskInstance: load_to_dwh_v2.extract_and_clean_data manual__2022-11-12T11:30:42.459725+00:00 [running]> on host f73c12cbae8a
[2022-11-12T11:41:33.864+0000] {taskinstance.py:1592} INFO - Exporting the following env vars:
AIRFLOW_CTX_DAG_OWNER=nahom
AIRFLOW_CTX_DAG_ID=load_to_dwh_v2
AIRFLOW_CTX_TASK_ID=extract_and_clean_data
AIRFLOW_CTX_EXECUTION_DATE=2022-11-12T11:30:42.459725+00:00
AIRFLOW_CTX_TRY_NUMBER=6
AIRFLOW_CTX_DAG_RUN_ID=manual__2022-11-12T11:30:42.459725+00:00
[2022-11-12T11:41:33.865+0000] {warnings.py:110} WARNING - /home/***/.local/lib/python3.7/site-packages/pandas/util/_decorators.py:311: ParserWarning: Falling back to the 'python' engine because the 'c' engine does not support regex separators (separators > 1 char and different from '\s+' are interpreted as regex); you can avoid this warning by specifying engine='python'.
  return func(*args, **kwargs)

