[2022-09-23T05:52:41.397+0000] {processor.py:156} INFO - Started process (PID=46) to work on /opt/airflow/dags/postgre_create_table.py
[2022-09-23T05:52:41.398+0000] {processor.py:758} INFO - Processing file /opt/airflow/dags/postgre_create_table.py for tasks to queue
[2022-09-23T05:52:41.399+0000] {logging_mixin.py:117} INFO - [2022-09-23T05:52:41.399+0000] {dagbag.py:525} INFO - Filling up the DagBag from /opt/airflow/dags/postgre_create_table.py
[2022-09-23T05:52:43.011+0000] {processor.py:768} INFO - DAG(s) dict_keys(['postgres_operator_dag']) retrieved from /opt/airflow/dags/postgre_create_table.py
[2022-09-23T05:52:43.194+0000] {logging_mixin.py:117} INFO - [2022-09-23T05:52:43.193+0000] {dag.py:2573} INFO - Sync 1 DAGs
[2022-09-23T05:52:43.302+0000] {logging_mixin.py:117} INFO - [2022-09-23T05:52:43.302+0000] {dag.py:3328} INFO - Setting next_dagrun for postgres_operator_dag to None, run_after=None
[2022-09-23T05:52:43.361+0000] {processor.py:178} INFO - Processing /opt/airflow/dags/postgre_create_table.py took 1.992 seconds
[2022-09-23T05:53:14.176+0000] {processor.py:156} INFO - Started process (PID=66) to work on /opt/airflow/dags/postgre_create_table.py
[2022-09-23T05:53:14.181+0000] {processor.py:758} INFO - Processing file /opt/airflow/dags/postgre_create_table.py for tasks to queue
[2022-09-23T05:53:14.192+0000] {logging_mixin.py:117} INFO - [2022-09-23T05:53:14.183+0000] {dagbag.py:525} INFO - Filling up the DagBag from /opt/airflow/dags/postgre_create_table.py
[2022-09-23T05:53:15.921+0000] {processor.py:768} INFO - DAG(s) dict_keys(['postgres_operator_dag']) retrieved from /opt/airflow/dags/postgre_create_table.py
[2022-09-23T05:53:16.035+0000] {logging_mixin.py:117} INFO - [2022-09-23T05:53:16.034+0000] {dag.py:2573} INFO - Sync 1 DAGs
[2022-09-23T05:53:16.210+0000] {logging_mixin.py:117} INFO - [2022-09-23T05:53:16.196+0000] {dag.py:3328} INFO - Setting next_dagrun for postgres_operator_dag to None, run_after=None
[2022-09-23T05:53:16.363+0000] {processor.py:178} INFO - Processing /opt/airflow/dags/postgre_create_table.py took 2.204 seconds
[2022-09-23T05:53:46.710+0000] {processor.py:156} INFO - Started process (PID=85) to work on /opt/airflow/dags/postgre_create_table.py
[2022-09-23T05:53:46.717+0000] {processor.py:758} INFO - Processing file /opt/airflow/dags/postgre_create_table.py for tasks to queue
[2022-09-23T05:53:46.720+0000] {logging_mixin.py:117} INFO - [2022-09-23T05:53:46.719+0000] {dagbag.py:525} INFO - Filling up the DagBag from /opt/airflow/dags/postgre_create_table.py
[2022-09-23T05:53:48.571+0000] {processor.py:768} INFO - DAG(s) dict_keys(['postgres_operator_dag']) retrieved from /opt/airflow/dags/postgre_create_table.py
[2022-09-23T05:53:48.704+0000] {logging_mixin.py:117} INFO - [2022-09-23T05:53:48.704+0000] {dag.py:2573} INFO - Sync 1 DAGs
[2022-09-23T05:53:48.827+0000] {logging_mixin.py:117} INFO - [2022-09-23T05:53:48.824+0000] {dag.py:3328} INFO - Setting next_dagrun for postgres_operator_dag to None, run_after=None
[2022-09-23T05:53:48.989+0000] {processor.py:178} INFO - Processing /opt/airflow/dags/postgre_create_table.py took 2.295 seconds
[2022-09-23T05:54:19.336+0000] {processor.py:156} INFO - Started process (PID=105) to work on /opt/airflow/dags/postgre_create_table.py
[2022-09-23T05:54:19.344+0000] {processor.py:758} INFO - Processing file /opt/airflow/dags/postgre_create_table.py for tasks to queue
[2022-09-23T05:54:19.346+0000] {logging_mixin.py:117} INFO - [2022-09-23T05:54:19.345+0000] {dagbag.py:525} INFO - Filling up the DagBag from /opt/airflow/dags/postgre_create_table.py
[2022-09-23T05:54:21.069+0000] {processor.py:768} INFO - DAG(s) dict_keys(['postgres_operator_dag']) retrieved from /opt/airflow/dags/postgre_create_table.py
[2022-09-23T05:54:21.201+0000] {logging_mixin.py:117} INFO - [2022-09-23T05:54:21.199+0000] {dag.py:2573} INFO - Sync 1 DAGs
[2022-09-23T05:54:21.300+0000] {logging_mixin.py:117} INFO - [2022-09-23T05:54:21.300+0000] {dag.py:3328} INFO - Setting next_dagrun for postgres_operator_dag to None, run_after=None
[2022-09-23T05:54:21.408+0000] {processor.py:178} INFO - Processing /opt/airflow/dags/postgre_create_table.py took 2.086 seconds
[2022-09-23T05:54:51.684+0000] {processor.py:156} INFO - Started process (PID=126) to work on /opt/airflow/dags/postgre_create_table.py
[2022-09-23T05:54:51.685+0000] {processor.py:758} INFO - Processing file /opt/airflow/dags/postgre_create_table.py for tasks to queue
[2022-09-23T05:54:51.686+0000] {logging_mixin.py:117} INFO - [2022-09-23T05:54:51.685+0000] {dagbag.py:525} INFO - Filling up the DagBag from /opt/airflow/dags/postgre_create_table.py
[2022-09-23T05:54:52.313+0000] {processor.py:768} INFO - DAG(s) dict_keys(['postgres_operator_dag']) retrieved from /opt/airflow/dags/postgre_create_table.py
[2022-09-23T05:54:52.358+0000] {logging_mixin.py:117} INFO - [2022-09-23T05:54:52.357+0000] {dag.py:2573} INFO - Sync 1 DAGs
[2022-09-23T05:54:52.407+0000] {logging_mixin.py:117} INFO - [2022-09-23T05:54:52.407+0000] {dag.py:3328} INFO - Setting next_dagrun for postgres_operator_dag to None, run_after=None
[2022-09-23T05:54:52.435+0000] {processor.py:178} INFO - Processing /opt/airflow/dags/postgre_create_table.py took 0.756 seconds
[2022-09-23T05:55:22.616+0000] {processor.py:156} INFO - Started process (PID=154) to work on /opt/airflow/dags/postgre_create_table.py
[2022-09-23T05:55:22.617+0000] {processor.py:758} INFO - Processing file /opt/airflow/dags/postgre_create_table.py for tasks to queue
[2022-09-23T05:55:22.618+0000] {logging_mixin.py:117} INFO - [2022-09-23T05:55:22.618+0000] {dagbag.py:525} INFO - Filling up the DagBag from /opt/airflow/dags/postgre_create_table.py
[2022-09-23T05:55:23.196+0000] {processor.py:768} INFO - DAG(s) dict_keys(['postgres_operator_dag']) retrieved from /opt/airflow/dags/postgre_create_table.py
[2022-09-23T05:55:23.247+0000] {logging_mixin.py:117} INFO - [2022-09-23T05:55:23.247+0000] {dag.py:2573} INFO - Sync 1 DAGs
[2022-09-23T05:55:23.287+0000] {logging_mixin.py:117} INFO - [2022-09-23T05:55:23.287+0000] {dag.py:3328} INFO - Setting next_dagrun for postgres_operator_dag to None, run_after=None
[2022-09-23T05:55:23.319+0000] {processor.py:178} INFO - Processing /opt/airflow/dags/postgre_create_table.py took 0.707 seconds
[2022-09-23T05:55:53.693+0000] {processor.py:156} INFO - Started process (PID=174) to work on /opt/airflow/dags/postgre_create_table.py
[2022-09-23T05:55:53.696+0000] {processor.py:758} INFO - Processing file /opt/airflow/dags/postgre_create_table.py for tasks to queue
[2022-09-23T05:55:53.699+0000] {logging_mixin.py:117} INFO - [2022-09-23T05:55:53.698+0000] {dagbag.py:525} INFO - Filling up the DagBag from /opt/airflow/dags/postgre_create_table.py
[2022-09-23T05:55:55.200+0000] {processor.py:768} INFO - DAG(s) dict_keys(['postgres_operator_dag']) retrieved from /opt/airflow/dags/postgre_create_table.py
[2022-09-23T05:55:55.415+0000] {logging_mixin.py:117} INFO - [2022-09-23T05:55:55.408+0000] {dag.py:2573} INFO - Sync 1 DAGs
[2022-09-23T05:55:55.560+0000] {logging_mixin.py:117} INFO - [2022-09-23T05:55:55.559+0000] {dag.py:3328} INFO - Setting next_dagrun for postgres_operator_dag to None, run_after=None
[2022-09-23T05:55:55.628+0000] {processor.py:178} INFO - Processing /opt/airflow/dags/postgre_create_table.py took 1.976 seconds
[2022-09-23T05:56:25.825+0000] {processor.py:156} INFO - Started process (PID=203) to work on /opt/airflow/dags/postgre_create_table.py
[2022-09-23T05:56:25.826+0000] {processor.py:758} INFO - Processing file /opt/airflow/dags/postgre_create_table.py for tasks to queue
[2022-09-23T05:56:25.827+0000] {logging_mixin.py:117} INFO - [2022-09-23T05:56:25.827+0000] {dagbag.py:525} INFO - Filling up the DagBag from /opt/airflow/dags/postgre_create_table.py
[2022-09-23T05:56:26.329+0000] {processor.py:768} INFO - DAG(s) dict_keys(['postgres_operator_dag']) retrieved from /opt/airflow/dags/postgre_create_table.py
[2022-09-23T05:56:26.377+0000] {logging_mixin.py:117} INFO - [2022-09-23T05:56:26.377+0000] {dag.py:2573} INFO - Sync 1 DAGs
[2022-09-23T05:56:26.413+0000] {logging_mixin.py:117} INFO - [2022-09-23T05:56:26.413+0000] {dag.py:3328} INFO - Setting next_dagrun for postgres_operator_dag to None, run_after=None
[2022-09-23T05:56:26.437+0000] {processor.py:178} INFO - Processing /opt/airflow/dags/postgre_create_table.py took 0.617 seconds
[2022-09-23T05:56:56.602+0000] {processor.py:156} INFO - Started process (PID=221) to work on /opt/airflow/dags/postgre_create_table.py
[2022-09-23T05:56:56.604+0000] {processor.py:758} INFO - Processing file /opt/airflow/dags/postgre_create_table.py for tasks to queue
[2022-09-23T05:56:56.606+0000] {logging_mixin.py:117} INFO - [2022-09-23T05:56:56.606+0000] {dagbag.py:525} INFO - Filling up the DagBag from /opt/airflow/dags/postgre_create_table.py
[2022-09-23T05:56:57.146+0000] {processor.py:768} INFO - DAG(s) dict_keys(['postgres_operator_dag']) retrieved from /opt/airflow/dags/postgre_create_table.py
[2022-09-23T05:56:57.202+0000] {logging_mixin.py:117} INFO - [2022-09-23T05:56:57.202+0000] {dag.py:2573} INFO - Sync 1 DAGs
[2022-09-23T05:56:57.264+0000] {logging_mixin.py:117} INFO - [2022-09-23T05:56:57.264+0000] {dag.py:3328} INFO - Setting next_dagrun for postgres_operator_dag to None, run_after=None
[2022-09-23T05:56:57.310+0000] {processor.py:178} INFO - Processing /opt/airflow/dags/postgre_create_table.py took 0.716 seconds
[2022-09-23T05:57:27.526+0000] {processor.py:156} INFO - Started process (PID=249) to work on /opt/airflow/dags/postgre_create_table.py
[2022-09-23T05:57:27.527+0000] {processor.py:758} INFO - Processing file /opt/airflow/dags/postgre_create_table.py for tasks to queue
[2022-09-23T05:57:27.527+0000] {logging_mixin.py:117} INFO - [2022-09-23T05:57:27.527+0000] {dagbag.py:525} INFO - Filling up the DagBag from /opt/airflow/dags/postgre_create_table.py
[2022-09-23T05:57:28.059+0000] {processor.py:768} INFO - DAG(s) dict_keys(['postgres_operator_dag']) retrieved from /opt/airflow/dags/postgre_create_table.py
[2022-09-23T05:57:28.116+0000] {logging_mixin.py:117} INFO - [2022-09-23T05:57:28.116+0000] {dag.py:2573} INFO - Sync 1 DAGs
[2022-09-23T05:57:28.160+0000] {logging_mixin.py:117} INFO - [2022-09-23T05:57:28.160+0000] {dag.py:3328} INFO - Setting next_dagrun for postgres_operator_dag to None, run_after=None
[2022-09-23T05:57:28.188+0000] {processor.py:178} INFO - Processing /opt/airflow/dags/postgre_create_table.py took 0.666 seconds
[2022-09-23T05:57:58.354+0000] {processor.py:156} INFO - Started process (PID=269) to work on /opt/airflow/dags/postgre_create_table.py
[2022-09-23T05:57:58.355+0000] {processor.py:758} INFO - Processing file /opt/airflow/dags/postgre_create_table.py for tasks to queue
[2022-09-23T05:57:58.356+0000] {logging_mixin.py:117} INFO - [2022-09-23T05:57:58.356+0000] {dagbag.py:525} INFO - Filling up the DagBag from /opt/airflow/dags/postgre_create_table.py
[2022-09-23T05:57:58.945+0000] {processor.py:768} INFO - DAG(s) dict_keys(['postgres_operator_dag']) retrieved from /opt/airflow/dags/postgre_create_table.py
[2022-09-23T05:57:59.020+0000] {logging_mixin.py:117} INFO - [2022-09-23T05:57:59.019+0000] {dag.py:2573} INFO - Sync 1 DAGs
[2022-09-23T05:57:59.074+0000] {logging_mixin.py:117} INFO - [2022-09-23T05:57:59.074+0000] {dag.py:3328} INFO - Setting next_dagrun for postgres_operator_dag to None, run_after=None
[2022-09-23T05:57:59.106+0000] {processor.py:178} INFO - Processing /opt/airflow/dags/postgre_create_table.py took 0.757 seconds
[2022-09-23T05:58:29.372+0000] {processor.py:156} INFO - Started process (PID=289) to work on /opt/airflow/dags/postgre_create_table.py
[2022-09-23T05:58:29.373+0000] {processor.py:758} INFO - Processing file /opt/airflow/dags/postgre_create_table.py for tasks to queue
[2022-09-23T05:58:29.374+0000] {logging_mixin.py:117} INFO - [2022-09-23T05:58:29.374+0000] {dagbag.py:525} INFO - Filling up the DagBag from /opt/airflow/dags/postgre_create_table.py
[2022-09-23T05:58:29.844+0000] {processor.py:768} INFO - DAG(s) dict_keys(['postgres_operator_dag']) retrieved from /opt/airflow/dags/postgre_create_table.py
[2022-09-23T05:58:29.892+0000] {logging_mixin.py:117} INFO - [2022-09-23T05:58:29.892+0000] {dag.py:2573} INFO - Sync 1 DAGs
[2022-09-23T05:58:29.931+0000] {logging_mixin.py:117} INFO - [2022-09-23T05:58:29.930+0000] {dag.py:3328} INFO - Setting next_dagrun for postgres_operator_dag to None, run_after=None
[2022-09-23T05:58:29.953+0000] {processor.py:178} INFO - Processing /opt/airflow/dags/postgre_create_table.py took 0.585 seconds
[2022-09-23T05:59:00.122+0000] {processor.py:156} INFO - Started process (PID=318) to work on /opt/airflow/dags/postgre_create_table.py
[2022-09-23T05:59:00.123+0000] {processor.py:758} INFO - Processing file /opt/airflow/dags/postgre_create_table.py for tasks to queue
[2022-09-23T05:59:00.124+0000] {logging_mixin.py:117} INFO - [2022-09-23T05:59:00.123+0000] {dagbag.py:525} INFO - Filling up the DagBag from /opt/airflow/dags/postgre_create_table.py
[2022-09-23T05:59:00.859+0000] {processor.py:768} INFO - DAG(s) dict_keys(['postgres_operator_dag']) retrieved from /opt/airflow/dags/postgre_create_table.py
[2022-09-23T05:59:00.940+0000] {logging_mixin.py:117} INFO - [2022-09-23T05:59:00.940+0000] {dag.py:2573} INFO - Sync 1 DAGs
[2022-09-23T05:59:00.994+0000] {logging_mixin.py:117} INFO - [2022-09-23T05:59:00.994+0000] {dag.py:3328} INFO - Setting next_dagrun for postgres_operator_dag to None, run_after=None
[2022-09-23T05:59:01.028+0000] {processor.py:178} INFO - Processing /opt/airflow/dags/postgre_create_table.py took 0.911 seconds
[2022-09-23T05:59:31.209+0000] {processor.py:156} INFO - Started process (PID=338) to work on /opt/airflow/dags/postgre_create_table.py
[2022-09-23T05:59:31.211+0000] {processor.py:758} INFO - Processing file /opt/airflow/dags/postgre_create_table.py for tasks to queue
[2022-09-23T05:59:31.213+0000] {logging_mixin.py:117} INFO - [2022-09-23T05:59:31.213+0000] {dagbag.py:525} INFO - Filling up the DagBag from /opt/airflow/dags/postgre_create_table.py
[2022-09-23T05:59:31.667+0000] {processor.py:768} INFO - DAG(s) dict_keys(['postgres_operator_dag']) retrieved from /opt/airflow/dags/postgre_create_table.py
[2022-09-23T05:59:31.741+0000] {logging_mixin.py:117} INFO - [2022-09-23T05:59:31.740+0000] {dag.py:2573} INFO - Sync 1 DAGs
[2022-09-23T05:59:31.816+0000] {logging_mixin.py:117} INFO - [2022-09-23T05:59:31.816+0000] {dag.py:3328} INFO - Setting next_dagrun for postgres_operator_dag to None, run_after=None
[2022-09-23T05:59:31.865+0000] {processor.py:178} INFO - Processing /opt/airflow/dags/postgre_create_table.py took 0.665 seconds
[2022-09-23T06:00:02.143+0000] {processor.py:156} INFO - Started process (PID=365) to work on /opt/airflow/dags/postgre_create_table.py
[2022-09-23T06:00:02.143+0000] {processor.py:758} INFO - Processing file /opt/airflow/dags/postgre_create_table.py for tasks to queue
[2022-09-23T06:00:02.144+0000] {logging_mixin.py:117} INFO - [2022-09-23T06:00:02.144+0000] {dagbag.py:525} INFO - Filling up the DagBag from /opt/airflow/dags/postgre_create_table.py
[2022-09-23T06:00:02.665+0000] {processor.py:768} INFO - DAG(s) dict_keys(['postgres_operator_dag']) retrieved from /opt/airflow/dags/postgre_create_table.py
[2022-09-23T06:00:02.718+0000] {logging_mixin.py:117} INFO - [2022-09-23T06:00:02.717+0000] {dag.py:2573} INFO - Sync 1 DAGs
[2022-09-23T06:00:02.756+0000] {logging_mixin.py:117} INFO - [2022-09-23T06:00:02.756+0000] {dag.py:3328} INFO - Setting next_dagrun for postgres_operator_dag to None, run_after=None
[2022-09-23T06:00:02.780+0000] {processor.py:178} INFO - Processing /opt/airflow/dags/postgre_create_table.py took 0.641 seconds
[2022-09-23T06:00:32.964+0000] {processor.py:156} INFO - Started process (PID=383) to work on /opt/airflow/dags/postgre_create_table.py
[2022-09-23T06:00:32.965+0000] {processor.py:758} INFO - Processing file /opt/airflow/dags/postgre_create_table.py for tasks to queue
[2022-09-23T06:00:32.966+0000] {logging_mixin.py:117} INFO - [2022-09-23T06:00:32.966+0000] {dagbag.py:525} INFO - Filling up the DagBag from /opt/airflow/dags/postgre_create_table.py
[2022-09-23T06:00:33.481+0000] {processor.py:768} INFO - DAG(s) dict_keys(['postgres_operator_dag']) retrieved from /opt/airflow/dags/postgre_create_table.py
[2022-09-23T06:00:33.537+0000] {logging_mixin.py:117} INFO - [2022-09-23T06:00:33.537+0000] {dag.py:2573} INFO - Sync 1 DAGs
[2022-09-23T06:00:33.581+0000] {logging_mixin.py:117} INFO - [2022-09-23T06:00:33.581+0000] {dag.py:3328} INFO - Setting next_dagrun for postgres_operator_dag to None, run_after=None
[2022-09-23T06:00:33.611+0000] {processor.py:178} INFO - Processing /opt/airflow/dags/postgre_create_table.py took 0.652 seconds
[2022-09-23T06:01:03.795+0000] {processor.py:156} INFO - Started process (PID=403) to work on /opt/airflow/dags/postgre_create_table.py
[2022-09-23T06:01:03.795+0000] {processor.py:758} INFO - Processing file /opt/airflow/dags/postgre_create_table.py for tasks to queue
[2022-09-23T06:01:03.796+0000] {logging_mixin.py:117} INFO - [2022-09-23T06:01:03.796+0000] {dagbag.py:525} INFO - Filling up the DagBag from /opt/airflow/dags/postgre_create_table.py
[2022-09-23T06:01:04.093+0000] {processor.py:768} INFO - DAG(s) dict_keys(['postgres_operator_dag']) retrieved from /opt/airflow/dags/postgre_create_table.py
[2022-09-23T06:01:04.150+0000] {logging_mixin.py:117} INFO - [2022-09-23T06:01:04.149+0000] {dag.py:2573} INFO - Sync 1 DAGs
[2022-09-23T06:01:04.199+0000] {logging_mixin.py:117} INFO - [2022-09-23T06:01:04.198+0000] {dag.py:3328} INFO - Setting next_dagrun for postgres_operator_dag to None, run_after=None
[2022-09-23T06:01:04.225+0000] {processor.py:178} INFO - Processing /opt/airflow/dags/postgre_create_table.py took 0.433 seconds
[2022-09-23T06:01:34.317+0000] {processor.py:156} INFO - Started process (PID=433) to work on /opt/airflow/dags/postgre_create_table.py
[2022-09-23T06:01:34.318+0000] {processor.py:758} INFO - Processing file /opt/airflow/dags/postgre_create_table.py for tasks to queue
[2022-09-23T06:01:34.320+0000] {logging_mixin.py:117} INFO - [2022-09-23T06:01:34.320+0000] {dagbag.py:525} INFO - Filling up the DagBag from /opt/airflow/dags/postgre_create_table.py
[2022-09-23T06:01:34.888+0000] {processor.py:768} INFO - DAG(s) dict_keys(['postgres_operator_dag']) retrieved from /opt/airflow/dags/postgre_create_table.py
[2022-09-23T06:01:34.937+0000] {logging_mixin.py:117} INFO - [2022-09-23T06:01:34.937+0000] {dag.py:2573} INFO - Sync 1 DAGs
[2022-09-23T06:01:34.970+0000] {logging_mixin.py:117} INFO - [2022-09-23T06:01:34.970+0000] {dag.py:3328} INFO - Setting next_dagrun for postgres_operator_dag to None, run_after=None
[2022-09-23T06:01:34.998+0000] {processor.py:178} INFO - Processing /opt/airflow/dags/postgre_create_table.py took 0.685 seconds
[2022-09-23T06:02:05.189+0000] {processor.py:156} INFO - Started process (PID=454) to work on /opt/airflow/dags/postgre_create_table.py
[2022-09-23T06:02:05.198+0000] {processor.py:758} INFO - Processing file /opt/airflow/dags/postgre_create_table.py for tasks to queue
[2022-09-23T06:02:05.200+0000] {logging_mixin.py:117} INFO - [2022-09-23T06:02:05.199+0000] {dagbag.py:525} INFO - Filling up the DagBag from /opt/airflow/dags/postgre_create_table.py
[2022-09-23T06:02:05.575+0000] {processor.py:768} INFO - DAG(s) dict_keys(['postgres_operator_dag']) retrieved from /opt/airflow/dags/postgre_create_table.py
[2022-09-23T06:02:05.620+0000] {logging_mixin.py:117} INFO - [2022-09-23T06:02:05.620+0000] {dag.py:2573} INFO - Sync 1 DAGs
[2022-09-23T06:02:05.654+0000] {logging_mixin.py:117} INFO - [2022-09-23T06:02:05.654+0000] {dag.py:3328} INFO - Setting next_dagrun for postgres_operator_dag to None, run_after=None
[2022-09-23T06:02:05.685+0000] {processor.py:178} INFO - Processing /opt/airflow/dags/postgre_create_table.py took 0.504 seconds
[2022-09-23T06:02:35.866+0000] {processor.py:156} INFO - Started process (PID=484) to work on /opt/airflow/dags/postgre_create_table.py
[2022-09-23T06:02:35.876+0000] {processor.py:758} INFO - Processing file /opt/airflow/dags/postgre_create_table.py for tasks to queue
[2022-09-23T06:02:35.878+0000] {logging_mixin.py:117} INFO - [2022-09-23T06:02:35.878+0000] {dagbag.py:525} INFO - Filling up the DagBag from /opt/airflow/dags/postgre_create_table.py
[2022-09-23T06:02:36.210+0000] {processor.py:768} INFO - DAG(s) dict_keys(['postgres_operator_dag']) retrieved from /opt/airflow/dags/postgre_create_table.py
[2022-09-23T06:02:36.250+0000] {logging_mixin.py:117} INFO - [2022-09-23T06:02:36.250+0000] {dag.py:2573} INFO - Sync 1 DAGs
[2022-09-23T06:02:36.288+0000] {logging_mixin.py:117} INFO - [2022-09-23T06:02:36.288+0000] {dag.py:3328} INFO - Setting next_dagrun for postgres_operator_dag to None, run_after=None
[2022-09-23T06:02:36.317+0000] {processor.py:178} INFO - Processing /opt/airflow/dags/postgre_create_table.py took 0.462 seconds
[2022-09-23T06:03:06.483+0000] {processor.py:156} INFO - Started process (PID=513) to work on /opt/airflow/dags/postgre_create_table.py
[2022-09-23T06:03:06.491+0000] {processor.py:758} INFO - Processing file /opt/airflow/dags/postgre_create_table.py for tasks to queue
[2022-09-23T06:03:06.492+0000] {logging_mixin.py:117} INFO - [2022-09-23T06:03:06.492+0000] {dagbag.py:525} INFO - Filling up the DagBag from /opt/airflow/dags/postgre_create_table.py
[2022-09-23T06:03:06.884+0000] {processor.py:768} INFO - DAG(s) dict_keys(['postgres_operator_dag']) retrieved from /opt/airflow/dags/postgre_create_table.py
[2022-09-23T06:03:06.932+0000] {logging_mixin.py:117} INFO - [2022-09-23T06:03:06.932+0000] {dag.py:2573} INFO - Sync 1 DAGs
[2022-09-23T06:03:06.966+0000] {logging_mixin.py:117} INFO - [2022-09-23T06:03:06.966+0000] {dag.py:3328} INFO - Setting next_dagrun for postgres_operator_dag to None, run_after=None
[2022-09-23T06:03:06.986+0000] {processor.py:178} INFO - Processing /opt/airflow/dags/postgre_create_table.py took 0.505 seconds
