[2022-09-25T08:21:29.487+0000] {taskinstance.py:1165} INFO - Dependencies all met for <TaskInstance: load_to_dwh_v2.load_raw_data scheduled__2022-09-24T00:00:00+00:00 [queued]>
[2022-09-25T08:21:29.502+0000] {taskinstance.py:1165} INFO - Dependencies all met for <TaskInstance: load_to_dwh_v2.load_raw_data scheduled__2022-09-24T00:00:00+00:00 [queued]>
[2022-09-25T08:21:29.502+0000] {taskinstance.py:1362} INFO - 
--------------------------------------------------------------------------------
[2022-09-25T08:21:29.502+0000] {taskinstance.py:1363} INFO - Starting attempt 1 of 6
[2022-09-25T08:21:29.503+0000] {taskinstance.py:1364} INFO - 
--------------------------------------------------------------------------------
[2022-09-25T08:21:29.531+0000] {taskinstance.py:1383} INFO - Executing <Task(PythonOperator): load_raw_data> on 2022-09-24 00:00:00+00:00
[2022-09-25T08:21:29.544+0000] {standard_task_runner.py:54} INFO - Started process 236 to run task
[2022-09-25T08:21:29.548+0000] {standard_task_runner.py:82} INFO - Running: ['***', 'tasks', 'run', 'load_to_dwh_v2', 'load_raw_data', 'scheduled__2022-09-24T00:00:00+00:00', '--job-id', '90', '--raw', '--subdir', 'DAGS_FOLDER/postgre_create_table.py', '--cfg-path', '/tmp/tmp9m50lrgs']
[2022-09-25T08:21:29.549+0000] {standard_task_runner.py:83} INFO - Job 90: Subtask load_raw_data
[2022-09-25T08:21:29.551+0000] {dagbag.py:525} INFO - Filling up the DagBag from /opt/***/dags/postgre_create_table.py
[2022-09-25T08:21:31.239+0000] {task_command.py:384} INFO - Running <TaskInstance: load_to_dwh_v2.load_raw_data scheduled__2022-09-24T00:00:00+00:00 [running]> on host 30b215935e39
[2022-09-25T08:21:31.378+0000] {taskinstance.py:1592} INFO - Exporting the following env vars:
AIRFLOW_CTX_DAG_OWNER=nahom
AIRFLOW_CTX_DAG_ID=load_to_dwh_v2
AIRFLOW_CTX_TASK_ID=load_raw_data
AIRFLOW_CTX_EXECUTION_DATE=2022-09-24T00:00:00+00:00
AIRFLOW_CTX_TRY_NUMBER=1
AIRFLOW_CTX_DAG_RUN_ID=scheduled__2022-09-24T00:00:00+00:00
[2022-09-25T08:21:31.380+0000] {logging_mixin.py:117} INFO - writing data..............
[2022-09-25T08:21:48.515+0000] {logging_mixin.py:117} INFO - !!!!Done!!!!
[2022-09-25T08:21:48.515+0000] {python.py:177} INFO - Done. Returned value was: None
[2022-09-25T08:21:48.536+0000] {taskinstance.py:1406} INFO - Marking task as SUCCESS. dag_id=load_to_dwh_v2, task_id=load_raw_data, execution_date=20220924T000000, start_date=20220925T082129, end_date=20220925T082148
[2022-09-25T08:21:48.613+0000] {local_task_job.py:164} INFO - Task exited with return code 0
[2022-09-25T08:21:48.653+0000] {local_task_job.py:273} INFO - 0 downstream tasks scheduled from follow-on schedule check
