[2022-09-21T20:20:29.562+0000] {processor.py:156} INFO - Started process (PID=77) to work on /home/airflow/.local/lib/python3.7/site-packages/airflow/example_dags/example_external_task_marker_dag.py
[2022-09-21T20:20:29.563+0000] {processor.py:758} INFO - Processing file /home/airflow/.local/lib/python3.7/site-packages/airflow/example_dags/example_external_task_marker_dag.py for tasks to queue
[2022-09-21T20:20:29.564+0000] {logging_mixin.py:117} INFO - [2022-09-21T20:20:29.564+0000] {dagbag.py:525} INFO - Filling up the DagBag from /home/airflow/.local/lib/python3.7/site-packages/airflow/example_dags/example_external_task_marker_dag.py
[2022-09-21T20:20:29.647+0000] {processor.py:768} INFO - DAG(s) dict_keys(['example_external_task_marker_parent', 'example_external_task_marker_child']) retrieved from /home/airflow/.local/lib/python3.7/site-packages/airflow/example_dags/example_external_task_marker_dag.py
[2022-09-21T20:20:30.801+0000] {logging_mixin.py:117} INFO - [2022-09-21T20:20:30.801+0000] {dag.py:2573} INFO - Sync 2 DAGs
[2022-09-21T20:20:30.427+0000] {logging_mixin.py:117} INFO - [2022-09-21T20:20:30.427+0000] {dag.py:3328} INFO - Setting next_dagrun for example_external_task_marker_child to None, run_after=None
[2022-09-21T20:20:30.437+0000] {logging_mixin.py:117} INFO - [2022-09-21T20:20:30.437+0000] {dag.py:3328} INFO - Setting next_dagrun for example_external_task_marker_parent to None, run_after=None
[2022-09-21T20:20:30.488+0000] {processor.py:178} INFO - Processing /home/airflow/.local/lib/python3.7/site-packages/airflow/example_dags/example_external_task_marker_dag.py took 1.377 seconds
[2022-09-21T20:21:02.966+0000] {processor.py:156} INFO - Started process (PID=141) to work on /home/airflow/.local/lib/python3.7/site-packages/airflow/example_dags/example_external_task_marker_dag.py
[2022-09-21T20:21:02.973+0000] {processor.py:758} INFO - Processing file /home/airflow/.local/lib/python3.7/site-packages/airflow/example_dags/example_external_task_marker_dag.py for tasks to queue
[2022-09-21T20:21:02.974+0000] {logging_mixin.py:117} INFO - [2022-09-21T20:21:02.973+0000] {dagbag.py:525} INFO - Filling up the DagBag from /home/airflow/.local/lib/python3.7/site-packages/airflow/example_dags/example_external_task_marker_dag.py
[2022-09-21T20:21:03.029+0000] {processor.py:768} INFO - DAG(s) dict_keys(['example_external_task_marker_parent', 'example_external_task_marker_child']) retrieved from /home/airflow/.local/lib/python3.7/site-packages/airflow/example_dags/example_external_task_marker_dag.py
[2022-09-21T20:21:04.054+0000] {logging_mixin.py:117} INFO - [2022-09-21T20:21:04.054+0000] {dag.py:2573} INFO - Sync 2 DAGs
[2022-09-21T20:21:04.099+0000] {logging_mixin.py:117} INFO - [2022-09-21T20:21:04.099+0000] {dag.py:3328} INFO - Setting next_dagrun for example_external_task_marker_child to None, run_after=None
[2022-09-21T20:21:04.105+0000] {logging_mixin.py:117} INFO - [2022-09-21T20:21:04.105+0000] {dag.py:3328} INFO - Setting next_dagrun for example_external_task_marker_parent to None, run_after=None
[2022-09-21T20:21:04.186+0000] {processor.py:178} INFO - Processing /home/airflow/.local/lib/python3.7/site-packages/airflow/example_dags/example_external_task_marker_dag.py took 1.229 seconds
[2022-09-21T20:21:34.866+0000] {processor.py:156} INFO - Started process (PID=197) to work on /home/airflow/.local/lib/python3.7/site-packages/airflow/example_dags/example_external_task_marker_dag.py
[2022-09-21T20:21:34.867+0000] {processor.py:758} INFO - Processing file /home/airflow/.local/lib/python3.7/site-packages/airflow/example_dags/example_external_task_marker_dag.py for tasks to queue
[2022-09-21T20:21:34.868+0000] {logging_mixin.py:117} INFO - [2022-09-21T20:21:34.867+0000] {dagbag.py:525} INFO - Filling up the DagBag from /home/airflow/.local/lib/python3.7/site-packages/airflow/example_dags/example_external_task_marker_dag.py
[2022-09-21T20:21:35.065+0000] {processor.py:768} INFO - DAG(s) dict_keys(['example_external_task_marker_child', 'example_external_task_marker_parent']) retrieved from /home/airflow/.local/lib/python3.7/site-packages/airflow/example_dags/example_external_task_marker_dag.py
[2022-09-21T20:21:35.427+0000] {logging_mixin.py:117} INFO - [2022-09-21T20:21:35.427+0000] {dag.py:2573} INFO - Sync 2 DAGs
[2022-09-21T20:21:35.474+0000] {logging_mixin.py:117} INFO - [2022-09-21T20:21:35.474+0000] {dag.py:3328} INFO - Setting next_dagrun for example_external_task_marker_child to None, run_after=None
[2022-09-21T20:21:35.481+0000] {logging_mixin.py:117} INFO - [2022-09-21T20:21:35.481+0000] {dag.py:3328} INFO - Setting next_dagrun for example_external_task_marker_parent to None, run_after=None
[2022-09-21T20:21:35.513+0000] {processor.py:178} INFO - Processing /home/airflow/.local/lib/python3.7/site-packages/airflow/example_dags/example_external_task_marker_dag.py took 0.652 seconds
[2022-09-21T20:22:05.541+0000] {processor.py:156} INFO - Started process (PID=261) to work on /home/airflow/.local/lib/python3.7/site-packages/airflow/example_dags/example_external_task_marker_dag.py
[2022-09-21T20:22:05.542+0000] {processor.py:758} INFO - Processing file /home/airflow/.local/lib/python3.7/site-packages/airflow/example_dags/example_external_task_marker_dag.py for tasks to queue
[2022-09-21T20:22:05.543+0000] {logging_mixin.py:117} INFO - [2022-09-21T20:22:05.542+0000] {dagbag.py:525} INFO - Filling up the DagBag from /home/airflow/.local/lib/python3.7/site-packages/airflow/example_dags/example_external_task_marker_dag.py
[2022-09-21T20:22:05.566+0000] {processor.py:768} INFO - DAG(s) dict_keys(['example_external_task_marker_child', 'example_external_task_marker_parent']) retrieved from /home/airflow/.local/lib/python3.7/site-packages/airflow/example_dags/example_external_task_marker_dag.py
[2022-09-21T20:22:05.597+0000] {logging_mixin.py:117} INFO - [2022-09-21T20:22:05.596+0000] {dag.py:2573} INFO - Sync 2 DAGs
[2022-09-21T20:22:05.634+0000] {logging_mixin.py:117} INFO - [2022-09-21T20:22:05.633+0000] {dag.py:3328} INFO - Setting next_dagrun for example_external_task_marker_child to None, run_after=None
[2022-09-21T20:22:05.639+0000] {logging_mixin.py:117} INFO - [2022-09-21T20:22:05.638+0000] {dag.py:3328} INFO - Setting next_dagrun for example_external_task_marker_parent to None, run_after=None
[2022-09-21T20:22:05.663+0000] {processor.py:178} INFO - Processing /home/airflow/.local/lib/python3.7/site-packages/airflow/example_dags/example_external_task_marker_dag.py took 0.125 seconds
[2022-09-21T20:22:36.488+0000] {processor.py:156} INFO - Started process (PID=316) to work on /home/airflow/.local/lib/python3.7/site-packages/airflow/example_dags/example_external_task_marker_dag.py
[2022-09-21T20:22:36.489+0000] {processor.py:758} INFO - Processing file /home/airflow/.local/lib/python3.7/site-packages/airflow/example_dags/example_external_task_marker_dag.py for tasks to queue
[2022-09-21T20:22:36.489+0000] {logging_mixin.py:117} INFO - [2022-09-21T20:22:36.489+0000] {dagbag.py:525} INFO - Filling up the DagBag from /home/airflow/.local/lib/python3.7/site-packages/airflow/example_dags/example_external_task_marker_dag.py
[2022-09-21T20:22:36.508+0000] {processor.py:768} INFO - DAG(s) dict_keys(['example_external_task_marker_child', 'example_external_task_marker_parent']) retrieved from /home/airflow/.local/lib/python3.7/site-packages/airflow/example_dags/example_external_task_marker_dag.py
[2022-09-21T20:22:36.949+0000] {logging_mixin.py:117} INFO - [2022-09-21T20:22:36.949+0000] {dag.py:2573} INFO - Sync 2 DAGs
[2022-09-21T20:22:36.988+0000] {logging_mixin.py:117} INFO - [2022-09-21T20:22:36.988+0000] {dag.py:3328} INFO - Setting next_dagrun for example_external_task_marker_child to None, run_after=None
[2022-09-21T20:22:36.992+0000] {logging_mixin.py:117} INFO - [2022-09-21T20:22:36.992+0000] {dag.py:3328} INFO - Setting next_dagrun for example_external_task_marker_parent to None, run_after=None
[2022-09-21T20:22:37.031+0000] {processor.py:178} INFO - Processing /home/airflow/.local/lib/python3.7/site-packages/airflow/example_dags/example_external_task_marker_dag.py took 0.546 seconds
[2022-09-21T20:23:07.057+0000] {processor.py:156} INFO - Started process (PID=380) to work on /home/airflow/.local/lib/python3.7/site-packages/airflow/example_dags/example_external_task_marker_dag.py
[2022-09-21T20:23:07.057+0000] {processor.py:758} INFO - Processing file /home/airflow/.local/lib/python3.7/site-packages/airflow/example_dags/example_external_task_marker_dag.py for tasks to queue
[2022-09-21T20:23:07.058+0000] {logging_mixin.py:117} INFO - [2022-09-21T20:23:07.058+0000] {dagbag.py:525} INFO - Filling up the DagBag from /home/airflow/.local/lib/python3.7/site-packages/airflow/example_dags/example_external_task_marker_dag.py
[2022-09-21T20:23:07.072+0000] {processor.py:768} INFO - DAG(s) dict_keys(['example_external_task_marker_parent', 'example_external_task_marker_child']) retrieved from /home/airflow/.local/lib/python3.7/site-packages/airflow/example_dags/example_external_task_marker_dag.py
[2022-09-21T20:23:07.286+0000] {logging_mixin.py:117} INFO - [2022-09-21T20:23:07.286+0000] {dag.py:2573} INFO - Sync 2 DAGs
[2022-09-21T20:23:07.311+0000] {logging_mixin.py:117} INFO - [2022-09-21T20:23:07.311+0000] {dag.py:3328} INFO - Setting next_dagrun for example_external_task_marker_child to None, run_after=None
[2022-09-21T20:23:07.315+0000] {logging_mixin.py:117} INFO - [2022-09-21T20:23:07.315+0000] {dag.py:3328} INFO - Setting next_dagrun for example_external_task_marker_parent to None, run_after=None
[2022-09-21T20:23:07.332+0000] {processor.py:178} INFO - Processing /home/airflow/.local/lib/python3.7/site-packages/airflow/example_dags/example_external_task_marker_dag.py took 0.278 seconds
[2022-09-21T20:23:37.814+0000] {processor.py:156} INFO - Started process (PID=435) to work on /home/airflow/.local/lib/python3.7/site-packages/airflow/example_dags/example_external_task_marker_dag.py
[2022-09-21T20:23:37.814+0000] {processor.py:758} INFO - Processing file /home/airflow/.local/lib/python3.7/site-packages/airflow/example_dags/example_external_task_marker_dag.py for tasks to queue
[2022-09-21T20:23:37.815+0000] {logging_mixin.py:117} INFO - [2022-09-21T20:23:37.815+0000] {dagbag.py:525} INFO - Filling up the DagBag from /home/airflow/.local/lib/python3.7/site-packages/airflow/example_dags/example_external_task_marker_dag.py
[2022-09-21T20:23:37.836+0000] {processor.py:768} INFO - DAG(s) dict_keys(['example_external_task_marker_child', 'example_external_task_marker_parent']) retrieved from /home/airflow/.local/lib/python3.7/site-packages/airflow/example_dags/example_external_task_marker_dag.py
[2022-09-21T20:23:38.061+0000] {logging_mixin.py:117} INFO - [2022-09-21T20:23:38.061+0000] {dag.py:2573} INFO - Sync 2 DAGs
[2022-09-21T20:23:38.093+0000] {logging_mixin.py:117} INFO - [2022-09-21T20:23:38.092+0000] {dag.py:3328} INFO - Setting next_dagrun for example_external_task_marker_child to None, run_after=None
[2022-09-21T20:23:38.097+0000] {logging_mixin.py:117} INFO - [2022-09-21T20:23:38.096+0000] {dag.py:3328} INFO - Setting next_dagrun for example_external_task_marker_parent to None, run_after=None
[2022-09-21T20:23:38.117+0000] {processor.py:178} INFO - Processing /home/airflow/.local/lib/python3.7/site-packages/airflow/example_dags/example_external_task_marker_dag.py took 0.307 seconds
[2022-09-21T20:24:08.254+0000] {processor.py:156} INFO - Started process (PID=501) to work on /home/airflow/.local/lib/python3.7/site-packages/airflow/example_dags/example_external_task_marker_dag.py
[2022-09-21T20:24:08.255+0000] {processor.py:758} INFO - Processing file /home/airflow/.local/lib/python3.7/site-packages/airflow/example_dags/example_external_task_marker_dag.py for tasks to queue
[2022-09-21T20:24:08.256+0000] {logging_mixin.py:117} INFO - [2022-09-21T20:24:08.255+0000] {dagbag.py:525} INFO - Filling up the DagBag from /home/airflow/.local/lib/python3.7/site-packages/airflow/example_dags/example_external_task_marker_dag.py
[2022-09-21T20:24:08.277+0000] {processor.py:768} INFO - DAG(s) dict_keys(['example_external_task_marker_parent', 'example_external_task_marker_child']) retrieved from /home/airflow/.local/lib/python3.7/site-packages/airflow/example_dags/example_external_task_marker_dag.py
[2022-09-21T20:24:08.671+0000] {logging_mixin.py:117} INFO - [2022-09-21T20:24:08.671+0000] {dag.py:2573} INFO - Sync 2 DAGs
[2022-09-21T20:24:08.728+0000] {logging_mixin.py:117} INFO - [2022-09-21T20:24:08.728+0000] {dag.py:3328} INFO - Setting next_dagrun for example_external_task_marker_child to None, run_after=None
[2022-09-21T20:24:08.734+0000] {logging_mixin.py:117} INFO - [2022-09-21T20:24:08.733+0000] {dag.py:3328} INFO - Setting next_dagrun for example_external_task_marker_parent to None, run_after=None
[2022-09-21T20:24:08.763+0000] {processor.py:178} INFO - Processing /home/airflow/.local/lib/python3.7/site-packages/airflow/example_dags/example_external_task_marker_dag.py took 0.513 seconds
[2022-09-21T20:24:39.682+0000] {processor.py:156} INFO - Started process (PID=558) to work on /home/airflow/.local/lib/python3.7/site-packages/airflow/example_dags/example_external_task_marker_dag.py
[2022-09-21T20:24:39.683+0000] {processor.py:758} INFO - Processing file /home/airflow/.local/lib/python3.7/site-packages/airflow/example_dags/example_external_task_marker_dag.py for tasks to queue
[2022-09-21T20:24:39.683+0000] {logging_mixin.py:117} INFO - [2022-09-21T20:24:39.683+0000] {dagbag.py:525} INFO - Filling up the DagBag from /home/airflow/.local/lib/python3.7/site-packages/airflow/example_dags/example_external_task_marker_dag.py
[2022-09-21T20:24:39.699+0000] {processor.py:768} INFO - DAG(s) dict_keys(['example_external_task_marker_child', 'example_external_task_marker_parent']) retrieved from /home/airflow/.local/lib/python3.7/site-packages/airflow/example_dags/example_external_task_marker_dag.py
[2022-09-21T20:24:40.015+0000] {logging_mixin.py:117} INFO - [2022-09-21T20:24:40.015+0000] {dag.py:2573} INFO - Sync 2 DAGs
[2022-09-21T20:24:40.049+0000] {logging_mixin.py:117} INFO - [2022-09-21T20:24:40.049+0000] {dag.py:3328} INFO - Setting next_dagrun for example_external_task_marker_child to None, run_after=None
[2022-09-21T20:24:40.055+0000] {logging_mixin.py:117} INFO - [2022-09-21T20:24:40.055+0000] {dag.py:3328} INFO - Setting next_dagrun for example_external_task_marker_parent to None, run_after=None
[2022-09-21T20:24:40.078+0000] {processor.py:178} INFO - Processing /home/airflow/.local/lib/python3.7/site-packages/airflow/example_dags/example_external_task_marker_dag.py took 0.401 seconds
[2022-09-21T20:25:10.465+0000] {processor.py:156} INFO - Started process (PID=622) to work on /home/airflow/.local/lib/python3.7/site-packages/airflow/example_dags/example_external_task_marker_dag.py
[2022-09-21T20:25:10.466+0000] {processor.py:758} INFO - Processing file /home/airflow/.local/lib/python3.7/site-packages/airflow/example_dags/example_external_task_marker_dag.py for tasks to queue
[2022-09-21T20:25:10.466+0000] {logging_mixin.py:117} INFO - [2022-09-21T20:25:10.466+0000] {dagbag.py:525} INFO - Filling up the DagBag from /home/airflow/.local/lib/python3.7/site-packages/airflow/example_dags/example_external_task_marker_dag.py
[2022-09-21T20:25:10.483+0000] {processor.py:768} INFO - DAG(s) dict_keys(['example_external_task_marker_parent', 'example_external_task_marker_child']) retrieved from /home/airflow/.local/lib/python3.7/site-packages/airflow/example_dags/example_external_task_marker_dag.py
[2022-09-21T20:25:10.510+0000] {logging_mixin.py:117} INFO - [2022-09-21T20:25:10.510+0000] {dag.py:2573} INFO - Sync 2 DAGs
[2022-09-21T20:25:10.542+0000] {logging_mixin.py:117} INFO - [2022-09-21T20:25:10.541+0000] {dag.py:3328} INFO - Setting next_dagrun for example_external_task_marker_child to None, run_after=None
[2022-09-21T20:25:10.545+0000] {logging_mixin.py:117} INFO - [2022-09-21T20:25:10.545+0000] {dag.py:3328} INFO - Setting next_dagrun for example_external_task_marker_parent to None, run_after=None
[2022-09-21T20:25:10.563+0000] {processor.py:178} INFO - Processing /home/airflow/.local/lib/python3.7/site-packages/airflow/example_dags/example_external_task_marker_dag.py took 0.101 seconds
[2022-09-21T20:25:41.425+0000] {processor.py:156} INFO - Started process (PID=686) to work on /home/airflow/.local/lib/python3.7/site-packages/airflow/example_dags/example_external_task_marker_dag.py
[2022-09-21T20:25:41.426+0000] {processor.py:758} INFO - Processing file /home/airflow/.local/lib/python3.7/site-packages/airflow/example_dags/example_external_task_marker_dag.py for tasks to queue
[2022-09-21T20:25:41.426+0000] {logging_mixin.py:117} INFO - [2022-09-21T20:25:41.426+0000] {dagbag.py:525} INFO - Filling up the DagBag from /home/airflow/.local/lib/python3.7/site-packages/airflow/example_dags/example_external_task_marker_dag.py
[2022-09-21T20:25:41.439+0000] {processor.py:768} INFO - DAG(s) dict_keys(['example_external_task_marker_parent', 'example_external_task_marker_child']) retrieved from /home/airflow/.local/lib/python3.7/site-packages/airflow/example_dags/example_external_task_marker_dag.py
[2022-09-21T20:25:41.625+0000] {logging_mixin.py:117} INFO - [2022-09-21T20:25:41.625+0000] {dag.py:2573} INFO - Sync 2 DAGs
[2022-09-21T20:25:41.647+0000] {logging_mixin.py:117} INFO - [2022-09-21T20:25:41.647+0000] {dag.py:3328} INFO - Setting next_dagrun for example_external_task_marker_child to None, run_after=None
[2022-09-21T20:25:41.650+0000] {logging_mixin.py:117} INFO - [2022-09-21T20:25:41.650+0000] {dag.py:3328} INFO - Setting next_dagrun for example_external_task_marker_parent to None, run_after=None
[2022-09-21T20:25:41.665+0000] {processor.py:178} INFO - Processing /home/airflow/.local/lib/python3.7/site-packages/airflow/example_dags/example_external_task_marker_dag.py took 0.242 seconds
[2022-09-21T20:26:12.622+0000] {processor.py:156} INFO - Started process (PID=740) to work on /home/airflow/.local/lib/python3.7/site-packages/airflow/example_dags/example_external_task_marker_dag.py
[2022-09-21T20:26:12.625+0000] {processor.py:758} INFO - Processing file /home/airflow/.local/lib/python3.7/site-packages/airflow/example_dags/example_external_task_marker_dag.py for tasks to queue
[2022-09-21T20:26:12.626+0000] {logging_mixin.py:117} INFO - [2022-09-21T20:26:12.626+0000] {dagbag.py:525} INFO - Filling up the DagBag from /home/airflow/.local/lib/python3.7/site-packages/airflow/example_dags/example_external_task_marker_dag.py
[2022-09-21T20:26:12.638+0000] {processor.py:768} INFO - DAG(s) dict_keys(['example_external_task_marker_child', 'example_external_task_marker_parent']) retrieved from /home/airflow/.local/lib/python3.7/site-packages/airflow/example_dags/example_external_task_marker_dag.py
[2022-09-21T20:26:12.827+0000] {logging_mixin.py:117} INFO - [2022-09-21T20:26:12.827+0000] {dag.py:2573} INFO - Sync 2 DAGs
[2022-09-21T20:26:12.847+0000] {logging_mixin.py:117} INFO - [2022-09-21T20:26:12.847+0000] {dag.py:3328} INFO - Setting next_dagrun for example_external_task_marker_child to None, run_after=None
[2022-09-21T20:26:12.850+0000] {logging_mixin.py:117} INFO - [2022-09-21T20:26:12.850+0000] {dag.py:3328} INFO - Setting next_dagrun for example_external_task_marker_parent to None, run_after=None
[2022-09-21T20:26:12.864+0000] {processor.py:178} INFO - Processing /home/airflow/.local/lib/python3.7/site-packages/airflow/example_dags/example_external_task_marker_dag.py took 0.244 seconds
[2022-09-21T20:26:43.519+0000] {processor.py:156} INFO - Started process (PID=804) to work on /home/airflow/.local/lib/python3.7/site-packages/airflow/example_dags/example_external_task_marker_dag.py
[2022-09-21T20:26:43.520+0000] {processor.py:758} INFO - Processing file /home/airflow/.local/lib/python3.7/site-packages/airflow/example_dags/example_external_task_marker_dag.py for tasks to queue
[2022-09-21T20:26:43.520+0000] {logging_mixin.py:117} INFO - [2022-09-21T20:26:43.520+0000] {dagbag.py:525} INFO - Filling up the DagBag from /home/airflow/.local/lib/python3.7/site-packages/airflow/example_dags/example_external_task_marker_dag.py
[2022-09-21T20:26:43.533+0000] {processor.py:768} INFO - DAG(s) dict_keys(['example_external_task_marker_parent', 'example_external_task_marker_child']) retrieved from /home/airflow/.local/lib/python3.7/site-packages/airflow/example_dags/example_external_task_marker_dag.py
[2022-09-21T20:26:43.715+0000] {logging_mixin.py:117} INFO - [2022-09-21T20:26:43.715+0000] {dag.py:2573} INFO - Sync 2 DAGs
[2022-09-21T20:26:43.738+0000] {logging_mixin.py:117} INFO - [2022-09-21T20:26:43.738+0000] {dag.py:3328} INFO - Setting next_dagrun for example_external_task_marker_child to None, run_after=None
[2022-09-21T20:26:43.741+0000] {logging_mixin.py:117} INFO - [2022-09-21T20:26:43.741+0000] {dag.py:3328} INFO - Setting next_dagrun for example_external_task_marker_parent to None, run_after=None
[2022-09-21T20:26:43.757+0000] {processor.py:178} INFO - Processing /home/airflow/.local/lib/python3.7/site-packages/airflow/example_dags/example_external_task_marker_dag.py took 0.240 seconds
[2022-09-21T20:27:13.968+0000] {processor.py:156} INFO - Started process (PID=868) to work on /home/airflow/.local/lib/python3.7/site-packages/airflow/example_dags/example_external_task_marker_dag.py
[2022-09-21T20:27:13.971+0000] {processor.py:758} INFO - Processing file /home/airflow/.local/lib/python3.7/site-packages/airflow/example_dags/example_external_task_marker_dag.py for tasks to queue
[2022-09-21T20:27:13.972+0000] {logging_mixin.py:117} INFO - [2022-09-21T20:27:13.972+0000] {dagbag.py:525} INFO - Filling up the DagBag from /home/airflow/.local/lib/python3.7/site-packages/airflow/example_dags/example_external_task_marker_dag.py
[2022-09-21T20:27:13.985+0000] {processor.py:768} INFO - DAG(s) dict_keys(['example_external_task_marker_parent', 'example_external_task_marker_child']) retrieved from /home/airflow/.local/lib/python3.7/site-packages/airflow/example_dags/example_external_task_marker_dag.py
[2022-09-21T20:27:14.179+0000] {logging_mixin.py:117} INFO - [2022-09-21T20:27:14.179+0000] {dag.py:2573} INFO - Sync 2 DAGs
[2022-09-21T20:27:14.203+0000] {logging_mixin.py:117} INFO - [2022-09-21T20:27:14.203+0000] {dag.py:3328} INFO - Setting next_dagrun for example_external_task_marker_child to None, run_after=None
[2022-09-21T20:27:14.206+0000] {logging_mixin.py:117} INFO - [2022-09-21T20:27:14.206+0000] {dag.py:3328} INFO - Setting next_dagrun for example_external_task_marker_parent to None, run_after=None
[2022-09-21T20:27:14.225+0000] {processor.py:178} INFO - Processing /home/airflow/.local/lib/python3.7/site-packages/airflow/example_dags/example_external_task_marker_dag.py took 0.260 seconds
[2022-09-21T20:27:44.401+0000] {processor.py:156} INFO - Started process (PID=923) to work on /home/airflow/.local/lib/python3.7/site-packages/airflow/example_dags/example_external_task_marker_dag.py
[2022-09-21T20:27:44.401+0000] {processor.py:758} INFO - Processing file /home/airflow/.local/lib/python3.7/site-packages/airflow/example_dags/example_external_task_marker_dag.py for tasks to queue
[2022-09-21T20:27:44.402+0000] {logging_mixin.py:117} INFO - [2022-09-21T20:27:44.402+0000] {dagbag.py:525} INFO - Filling up the DagBag from /home/airflow/.local/lib/python3.7/site-packages/airflow/example_dags/example_external_task_marker_dag.py
[2022-09-21T20:27:44.414+0000] {processor.py:768} INFO - DAG(s) dict_keys(['example_external_task_marker_child', 'example_external_task_marker_parent']) retrieved from /home/airflow/.local/lib/python3.7/site-packages/airflow/example_dags/example_external_task_marker_dag.py
[2022-09-21T20:27:44.633+0000] {logging_mixin.py:117} INFO - [2022-09-21T20:27:44.633+0000] {dag.py:2573} INFO - Sync 2 DAGs
[2022-09-21T20:27:44.672+0000] {logging_mixin.py:117} INFO - [2022-09-21T20:27:44.672+0000] {dag.py:3328} INFO - Setting next_dagrun for example_external_task_marker_child to None, run_after=None
[2022-09-21T20:27:44.678+0000] {logging_mixin.py:117} INFO - [2022-09-21T20:27:44.678+0000] {dag.py:3328} INFO - Setting next_dagrun for example_external_task_marker_parent to None, run_after=None
[2022-09-21T20:27:44.702+0000] {processor.py:178} INFO - Processing /home/airflow/.local/lib/python3.7/site-packages/airflow/example_dags/example_external_task_marker_dag.py took 0.304 seconds
[2022-09-21T20:28:15.214+0000] {processor.py:156} INFO - Started process (PID=987) to work on /home/airflow/.local/lib/python3.7/site-packages/airflow/example_dags/example_external_task_marker_dag.py
[2022-09-21T20:28:15.214+0000] {processor.py:758} INFO - Processing file /home/airflow/.local/lib/python3.7/site-packages/airflow/example_dags/example_external_task_marker_dag.py for tasks to queue
[2022-09-21T20:28:15.215+0000] {logging_mixin.py:117} INFO - [2022-09-21T20:28:15.215+0000] {dagbag.py:525} INFO - Filling up the DagBag from /home/airflow/.local/lib/python3.7/site-packages/airflow/example_dags/example_external_task_marker_dag.py
[2022-09-21T20:28:15.227+0000] {processor.py:768} INFO - DAG(s) dict_keys(['example_external_task_marker_parent', 'example_external_task_marker_child']) retrieved from /home/airflow/.local/lib/python3.7/site-packages/airflow/example_dags/example_external_task_marker_dag.py
[2022-09-21T20:28:15.410+0000] {logging_mixin.py:117} INFO - [2022-09-21T20:28:15.410+0000] {dag.py:2573} INFO - Sync 2 DAGs
[2022-09-21T20:28:15.431+0000] {logging_mixin.py:117} INFO - [2022-09-21T20:28:15.430+0000] {dag.py:3328} INFO - Setting next_dagrun for example_external_task_marker_child to None, run_after=None
[2022-09-21T20:28:15.433+0000] {logging_mixin.py:117} INFO - [2022-09-21T20:28:15.433+0000] {dag.py:3328} INFO - Setting next_dagrun for example_external_task_marker_parent to None, run_after=None
[2022-09-21T20:28:15.447+0000] {processor.py:178} INFO - Processing /home/airflow/.local/lib/python3.7/site-packages/airflow/example_dags/example_external_task_marker_dag.py took 0.236 seconds
[2022-09-21T20:28:45.886+0000] {processor.py:156} INFO - Started process (PID=1050) to work on /home/airflow/.local/lib/python3.7/site-packages/airflow/example_dags/example_external_task_marker_dag.py
[2022-09-21T20:28:45.887+0000] {processor.py:758} INFO - Processing file /home/airflow/.local/lib/python3.7/site-packages/airflow/example_dags/example_external_task_marker_dag.py for tasks to queue
[2022-09-21T20:28:45.887+0000] {logging_mixin.py:117} INFO - [2022-09-21T20:28:45.887+0000] {dagbag.py:525} INFO - Filling up the DagBag from /home/airflow/.local/lib/python3.7/site-packages/airflow/example_dags/example_external_task_marker_dag.py
[2022-09-21T20:28:45.903+0000] {processor.py:768} INFO - DAG(s) dict_keys(['example_external_task_marker_child', 'example_external_task_marker_parent']) retrieved from /home/airflow/.local/lib/python3.7/site-packages/airflow/example_dags/example_external_task_marker_dag.py
[2022-09-21T20:28:46.118+0000] {logging_mixin.py:117} INFO - [2022-09-21T20:28:46.118+0000] {dag.py:2573} INFO - Sync 2 DAGs
[2022-09-21T20:28:46.145+0000] {logging_mixin.py:117} INFO - [2022-09-21T20:28:46.145+0000] {dag.py:3328} INFO - Setting next_dagrun for example_external_task_marker_child to None, run_after=None
[2022-09-21T20:28:46.150+0000] {logging_mixin.py:117} INFO - [2022-09-21T20:28:46.150+0000] {dag.py:3328} INFO - Setting next_dagrun for example_external_task_marker_parent to None, run_after=None
[2022-09-21T20:28:46.171+0000] {processor.py:178} INFO - Processing /home/airflow/.local/lib/python3.7/site-packages/airflow/example_dags/example_external_task_marker_dag.py took 0.288 seconds
[2022-09-21T20:29:16.354+0000] {processor.py:156} INFO - Started process (PID=1105) to work on /home/airflow/.local/lib/python3.7/site-packages/airflow/example_dags/example_external_task_marker_dag.py
[2022-09-21T20:29:16.358+0000] {processor.py:758} INFO - Processing file /home/airflow/.local/lib/python3.7/site-packages/airflow/example_dags/example_external_task_marker_dag.py for tasks to queue
[2022-09-21T20:29:16.359+0000] {logging_mixin.py:117} INFO - [2022-09-21T20:29:16.359+0000] {dagbag.py:525} INFO - Filling up the DagBag from /home/airflow/.local/lib/python3.7/site-packages/airflow/example_dags/example_external_task_marker_dag.py
[2022-09-21T20:29:16.381+0000] {processor.py:768} INFO - DAG(s) dict_keys(['example_external_task_marker_parent', 'example_external_task_marker_child']) retrieved from /home/airflow/.local/lib/python3.7/site-packages/airflow/example_dags/example_external_task_marker_dag.py
[2022-09-21T20:29:16.764+0000] {logging_mixin.py:117} INFO - [2022-09-21T20:29:16.764+0000] {dag.py:2573} INFO - Sync 2 DAGs
[2022-09-21T20:29:16.806+0000] {logging_mixin.py:117} INFO - [2022-09-21T20:29:16.806+0000] {dag.py:3328} INFO - Setting next_dagrun for example_external_task_marker_child to None, run_after=None
[2022-09-21T20:29:16.811+0000] {logging_mixin.py:117} INFO - [2022-09-21T20:29:16.810+0000] {dag.py:3328} INFO - Setting next_dagrun for example_external_task_marker_parent to None, run_after=None
[2022-09-21T20:29:16.836+0000] {processor.py:178} INFO - Processing /home/airflow/.local/lib/python3.7/site-packages/airflow/example_dags/example_external_task_marker_dag.py took 0.487 seconds
[2022-09-21T20:29:47.343+0000] {processor.py:156} INFO - Started process (PID=1169) to work on /home/airflow/.local/lib/python3.7/site-packages/airflow/example_dags/example_external_task_marker_dag.py
[2022-09-21T20:29:47.347+0000] {processor.py:758} INFO - Processing file /home/airflow/.local/lib/python3.7/site-packages/airflow/example_dags/example_external_task_marker_dag.py for tasks to queue
[2022-09-21T20:29:47.348+0000] {logging_mixin.py:117} INFO - [2022-09-21T20:29:47.347+0000] {dagbag.py:525} INFO - Filling up the DagBag from /home/airflow/.local/lib/python3.7/site-packages/airflow/example_dags/example_external_task_marker_dag.py
[2022-09-21T20:29:47.371+0000] {processor.py:768} INFO - DAG(s) dict_keys(['example_external_task_marker_child', 'example_external_task_marker_parent']) retrieved from /home/airflow/.local/lib/python3.7/site-packages/airflow/example_dags/example_external_task_marker_dag.py
[2022-09-21T20:29:47.600+0000] {logging_mixin.py:117} INFO - [2022-09-21T20:29:47.600+0000] {dag.py:2573} INFO - Sync 2 DAGs
[2022-09-21T20:29:47.624+0000] {logging_mixin.py:117} INFO - [2022-09-21T20:29:47.624+0000] {dag.py:3328} INFO - Setting next_dagrun for example_external_task_marker_child to None, run_after=None
[2022-09-21T20:29:47.627+0000] {logging_mixin.py:117} INFO - [2022-09-21T20:29:47.627+0000] {dag.py:3328} INFO - Setting next_dagrun for example_external_task_marker_parent to None, run_after=None
[2022-09-21T20:29:47.644+0000] {processor.py:178} INFO - Processing /home/airflow/.local/lib/python3.7/site-packages/airflow/example_dags/example_external_task_marker_dag.py took 0.303 seconds
[2022-09-21T20:30:17.868+0000] {processor.py:156} INFO - Started process (PID=1225) to work on /home/airflow/.local/lib/python3.7/site-packages/airflow/example_dags/example_external_task_marker_dag.py
[2022-09-21T20:30:17.871+0000] {processor.py:758} INFO - Processing file /home/airflow/.local/lib/python3.7/site-packages/airflow/example_dags/example_external_task_marker_dag.py for tasks to queue
[2022-09-21T20:30:17.873+0000] {logging_mixin.py:117} INFO - [2022-09-21T20:30:17.873+0000] {dagbag.py:525} INFO - Filling up the DagBag from /home/airflow/.local/lib/python3.7/site-packages/airflow/example_dags/example_external_task_marker_dag.py
[2022-09-21T20:30:17.955+0000] {processor.py:768} INFO - DAG(s) dict_keys(['example_external_task_marker_parent', 'example_external_task_marker_child']) retrieved from /home/airflow/.local/lib/python3.7/site-packages/airflow/example_dags/example_external_task_marker_dag.py
[2022-09-21T20:30:19.074+0000] {logging_mixin.py:117} INFO - [2022-09-21T20:30:19.073+0000] {dag.py:2573} INFO - Sync 2 DAGs
[2022-09-21T20:30:19.198+0000] {logging_mixin.py:117} INFO - [2022-09-21T20:30:19.197+0000] {dag.py:3328} INFO - Setting next_dagrun for example_external_task_marker_child to None, run_after=None
[2022-09-21T20:30:19.209+0000] {logging_mixin.py:117} INFO - [2022-09-21T20:30:19.209+0000] {dag.py:3328} INFO - Setting next_dagrun for example_external_task_marker_parent to None, run_after=None
[2022-09-21T20:30:19.277+0000] {processor.py:178} INFO - Processing /home/airflow/.local/lib/python3.7/site-packages/airflow/example_dags/example_external_task_marker_dag.py took 1.420 seconds
[2022-09-21T20:30:49.984+0000] {processor.py:156} INFO - Started process (PID=1281) to work on /home/airflow/.local/lib/python3.7/site-packages/airflow/example_dags/example_external_task_marker_dag.py
[2022-09-21T20:30:49.985+0000] {processor.py:758} INFO - Processing file /home/airflow/.local/lib/python3.7/site-packages/airflow/example_dags/example_external_task_marker_dag.py for tasks to queue
[2022-09-21T20:30:49.986+0000] {logging_mixin.py:117} INFO - [2022-09-21T20:30:49.986+0000] {dagbag.py:525} INFO - Filling up the DagBag from /home/airflow/.local/lib/python3.7/site-packages/airflow/example_dags/example_external_task_marker_dag.py
[2022-09-21T20:30:50.005+0000] {processor.py:768} INFO - DAG(s) dict_keys(['example_external_task_marker_parent', 'example_external_task_marker_child']) retrieved from /home/airflow/.local/lib/python3.7/site-packages/airflow/example_dags/example_external_task_marker_dag.py
[2022-09-21T20:30:50.294+0000] {logging_mixin.py:117} INFO - [2022-09-21T20:30:50.294+0000] {dag.py:2573} INFO - Sync 2 DAGs
[2022-09-21T20:30:50.327+0000] {logging_mixin.py:117} INFO - [2022-09-21T20:30:50.327+0000] {dag.py:3328} INFO - Setting next_dagrun for example_external_task_marker_child to None, run_after=None
[2022-09-21T20:30:50.331+0000] {logging_mixin.py:117} INFO - [2022-09-21T20:30:50.331+0000] {dag.py:3328} INFO - Setting next_dagrun for example_external_task_marker_parent to None, run_after=None
[2022-09-21T20:30:50.353+0000] {processor.py:178} INFO - Processing /home/airflow/.local/lib/python3.7/site-packages/airflow/example_dags/example_external_task_marker_dag.py took 0.373 seconds
[2022-09-21T20:31:20.612+0000] {processor.py:156} INFO - Started process (PID=1344) to work on /home/airflow/.local/lib/python3.7/site-packages/airflow/example_dags/example_external_task_marker_dag.py
[2022-09-21T20:31:20.613+0000] {processor.py:758} INFO - Processing file /home/airflow/.local/lib/python3.7/site-packages/airflow/example_dags/example_external_task_marker_dag.py for tasks to queue
[2022-09-21T20:31:20.614+0000] {logging_mixin.py:117} INFO - [2022-09-21T20:31:20.613+0000] {dagbag.py:525} INFO - Filling up the DagBag from /home/airflow/.local/lib/python3.7/site-packages/airflow/example_dags/example_external_task_marker_dag.py
[2022-09-21T20:31:20.630+0000] {processor.py:768} INFO - DAG(s) dict_keys(['example_external_task_marker_child', 'example_external_task_marker_parent']) retrieved from /home/airflow/.local/lib/python3.7/site-packages/airflow/example_dags/example_external_task_marker_dag.py
[2022-09-21T20:31:20.909+0000] {logging_mixin.py:117} INFO - [2022-09-21T20:31:20.909+0000] {dag.py:2573} INFO - Sync 2 DAGs
[2022-09-21T20:31:20.943+0000] {logging_mixin.py:117} INFO - [2022-09-21T20:31:20.943+0000] {dag.py:3328} INFO - Setting next_dagrun for example_external_task_marker_child to None, run_after=None
[2022-09-21T20:31:20.948+0000] {logging_mixin.py:117} INFO - [2022-09-21T20:31:20.947+0000] {dag.py:3328} INFO - Setting next_dagrun for example_external_task_marker_parent to None, run_after=None
[2022-09-21T20:31:20.966+0000] {processor.py:178} INFO - Processing /home/airflow/.local/lib/python3.7/site-packages/airflow/example_dags/example_external_task_marker_dag.py took 0.357 seconds
[2022-09-21T20:31:51.645+0000] {processor.py:156} INFO - Started process (PID=1409) to work on /home/airflow/.local/lib/python3.7/site-packages/airflow/example_dags/example_external_task_marker_dag.py
[2022-09-21T20:31:51.648+0000] {processor.py:758} INFO - Processing file /home/airflow/.local/lib/python3.7/site-packages/airflow/example_dags/example_external_task_marker_dag.py for tasks to queue
[2022-09-21T20:31:51.649+0000] {logging_mixin.py:117} INFO - [2022-09-21T20:31:51.649+0000] {dagbag.py:525} INFO - Filling up the DagBag from /home/airflow/.local/lib/python3.7/site-packages/airflow/example_dags/example_external_task_marker_dag.py
[2022-09-21T20:31:51.665+0000] {processor.py:768} INFO - DAG(s) dict_keys(['example_external_task_marker_parent', 'example_external_task_marker_child']) retrieved from /home/airflow/.local/lib/python3.7/site-packages/airflow/example_dags/example_external_task_marker_dag.py
[2022-09-21T20:31:51.938+0000] {logging_mixin.py:117} INFO - [2022-09-21T20:31:51.938+0000] {dag.py:2573} INFO - Sync 2 DAGs
[2022-09-21T20:31:51.968+0000] {logging_mixin.py:117} INFO - [2022-09-21T20:31:51.968+0000] {dag.py:3328} INFO - Setting next_dagrun for example_external_task_marker_child to None, run_after=None
[2022-09-21T20:31:51.973+0000] {logging_mixin.py:117} INFO - [2022-09-21T20:31:51.972+0000] {dag.py:3328} INFO - Setting next_dagrun for example_external_task_marker_parent to None, run_after=None
[2022-09-21T20:31:51.993+0000] {processor.py:178} INFO - Processing /home/airflow/.local/lib/python3.7/site-packages/airflow/example_dags/example_external_task_marker_dag.py took 0.351 seconds
[2022-09-21T20:32:22.284+0000] {processor.py:156} INFO - Started process (PID=1464) to work on /home/airflow/.local/lib/python3.7/site-packages/airflow/example_dags/example_external_task_marker_dag.py
[2022-09-21T20:32:22.285+0000] {processor.py:758} INFO - Processing file /home/airflow/.local/lib/python3.7/site-packages/airflow/example_dags/example_external_task_marker_dag.py for tasks to queue
[2022-09-21T20:32:22.286+0000] {logging_mixin.py:117} INFO - [2022-09-21T20:32:22.285+0000] {dagbag.py:525} INFO - Filling up the DagBag from /home/airflow/.local/lib/python3.7/site-packages/airflow/example_dags/example_external_task_marker_dag.py
[2022-09-21T20:32:22.302+0000] {processor.py:768} INFO - DAG(s) dict_keys(['example_external_task_marker_parent', 'example_external_task_marker_child']) retrieved from /home/airflow/.local/lib/python3.7/site-packages/airflow/example_dags/example_external_task_marker_dag.py
[2022-09-21T20:32:22.521+0000] {logging_mixin.py:117} INFO - [2022-09-21T20:32:22.521+0000] {dag.py:2573} INFO - Sync 2 DAGs
[2022-09-21T20:32:22.545+0000] {logging_mixin.py:117} INFO - [2022-09-21T20:32:22.544+0000] {dag.py:3328} INFO - Setting next_dagrun for example_external_task_marker_child to None, run_after=None
[2022-09-21T20:32:22.548+0000] {logging_mixin.py:117} INFO - [2022-09-21T20:32:22.548+0000] {dag.py:3328} INFO - Setting next_dagrun for example_external_task_marker_parent to None, run_after=None
[2022-09-21T20:32:22.567+0000] {processor.py:178} INFO - Processing /home/airflow/.local/lib/python3.7/site-packages/airflow/example_dags/example_external_task_marker_dag.py took 0.285 seconds
[2022-09-21T20:32:52.656+0000] {processor.py:156} INFO - Started process (PID=1529) to work on /home/airflow/.local/lib/python3.7/site-packages/airflow/example_dags/example_external_task_marker_dag.py
[2022-09-21T20:32:52.657+0000] {processor.py:758} INFO - Processing file /home/airflow/.local/lib/python3.7/site-packages/airflow/example_dags/example_external_task_marker_dag.py for tasks to queue
[2022-09-21T20:32:52.658+0000] {logging_mixin.py:117} INFO - [2022-09-21T20:32:52.657+0000] {dagbag.py:525} INFO - Filling up the DagBag from /home/airflow/.local/lib/python3.7/site-packages/airflow/example_dags/example_external_task_marker_dag.py
[2022-09-21T20:32:52.680+0000] {processor.py:768} INFO - DAG(s) dict_keys(['example_external_task_marker_parent', 'example_external_task_marker_child']) retrieved from /home/airflow/.local/lib/python3.7/site-packages/airflow/example_dags/example_external_task_marker_dag.py
[2022-09-21T20:32:53.154+0000] {logging_mixin.py:117} INFO - [2022-09-21T20:32:53.154+0000] {dag.py:2573} INFO - Sync 2 DAGs
[2022-09-21T20:32:53.204+0000] {logging_mixin.py:117} INFO - [2022-09-21T20:32:53.204+0000] {dag.py:3328} INFO - Setting next_dagrun for example_external_task_marker_child to None, run_after=None
[2022-09-21T20:32:53.211+0000] {logging_mixin.py:117} INFO - [2022-09-21T20:32:53.211+0000] {dag.py:3328} INFO - Setting next_dagrun for example_external_task_marker_parent to None, run_after=None
[2022-09-21T20:32:53.247+0000] {processor.py:178} INFO - Processing /home/airflow/.local/lib/python3.7/site-packages/airflow/example_dags/example_external_task_marker_dag.py took 0.597 seconds
[2022-09-21T20:33:24.161+0000] {processor.py:156} INFO - Started process (PID=1582) to work on /home/airflow/.local/lib/python3.7/site-packages/airflow/example_dags/example_external_task_marker_dag.py
[2022-09-21T20:33:24.169+0000] {processor.py:758} INFO - Processing file /home/airflow/.local/lib/python3.7/site-packages/airflow/example_dags/example_external_task_marker_dag.py for tasks to queue
[2022-09-21T20:33:24.171+0000] {logging_mixin.py:117} INFO - [2022-09-21T20:33:24.170+0000] {dagbag.py:525} INFO - Filling up the DagBag from /home/airflow/.local/lib/python3.7/site-packages/airflow/example_dags/example_external_task_marker_dag.py
[2022-09-21T20:33:24.243+0000] {processor.py:768} INFO - DAG(s) dict_keys(['example_external_task_marker_parent', 'example_external_task_marker_child']) retrieved from /home/airflow/.local/lib/python3.7/site-packages/airflow/example_dags/example_external_task_marker_dag.py
[2022-09-21T20:33:25.194+0000] {logging_mixin.py:117} INFO - [2022-09-21T20:33:25.193+0000] {dag.py:2573} INFO - Sync 2 DAGs
[2022-09-21T20:33:25.317+0000] {logging_mixin.py:117} INFO - [2022-09-21T20:33:25.316+0000] {dag.py:3328} INFO - Setting next_dagrun for example_external_task_marker_child to None, run_after=None
[2022-09-21T20:33:25.334+0000] {logging_mixin.py:117} INFO - [2022-09-21T20:33:25.333+0000] {dag.py:3328} INFO - Setting next_dagrun for example_external_task_marker_parent to None, run_after=None
[2022-09-21T20:33:25.414+0000] {processor.py:178} INFO - Processing /home/airflow/.local/lib/python3.7/site-packages/airflow/example_dags/example_external_task_marker_dag.py took 1.264 seconds
[2022-09-21T20:33:55.944+0000] {processor.py:156} INFO - Started process (PID=1637) to work on /home/airflow/.local/lib/python3.7/site-packages/airflow/example_dags/example_external_task_marker_dag.py
[2022-09-21T20:33:55.945+0000] {processor.py:758} INFO - Processing file /home/airflow/.local/lib/python3.7/site-packages/airflow/example_dags/example_external_task_marker_dag.py for tasks to queue
[2022-09-21T20:33:55.945+0000] {logging_mixin.py:117} INFO - [2022-09-21T20:33:55.945+0000] {dagbag.py:525} INFO - Filling up the DagBag from /home/airflow/.local/lib/python3.7/site-packages/airflow/example_dags/example_external_task_marker_dag.py
[2022-09-21T20:33:55.963+0000] {processor.py:768} INFO - DAG(s) dict_keys(['example_external_task_marker_parent', 'example_external_task_marker_child']) retrieved from /home/airflow/.local/lib/python3.7/site-packages/airflow/example_dags/example_external_task_marker_dag.py
[2022-09-21T20:33:56.220+0000] {logging_mixin.py:117} INFO - [2022-09-21T20:33:56.220+0000] {dag.py:2573} INFO - Sync 2 DAGs
[2022-09-21T20:33:56.252+0000] {logging_mixin.py:117} INFO - [2022-09-21T20:33:56.252+0000] {dag.py:3328} INFO - Setting next_dagrun for example_external_task_marker_child to None, run_after=None
[2022-09-21T20:33:56.256+0000] {logging_mixin.py:117} INFO - [2022-09-21T20:33:56.256+0000] {dag.py:3328} INFO - Setting next_dagrun for example_external_task_marker_parent to None, run_after=None
[2022-09-21T20:33:56.279+0000] {processor.py:178} INFO - Processing /home/airflow/.local/lib/python3.7/site-packages/airflow/example_dags/example_external_task_marker_dag.py took 0.338 seconds
[2022-09-21T20:34:26.460+0000] {processor.py:156} INFO - Started process (PID=1700) to work on /home/airflow/.local/lib/python3.7/site-packages/airflow/example_dags/example_external_task_marker_dag.py
[2022-09-21T20:34:26.461+0000] {processor.py:758} INFO - Processing file /home/airflow/.local/lib/python3.7/site-packages/airflow/example_dags/example_external_task_marker_dag.py for tasks to queue
[2022-09-21T20:34:26.461+0000] {logging_mixin.py:117} INFO - [2022-09-21T20:34:26.461+0000] {dagbag.py:525} INFO - Filling up the DagBag from /home/airflow/.local/lib/python3.7/site-packages/airflow/example_dags/example_external_task_marker_dag.py
[2022-09-21T20:34:26.488+0000] {processor.py:768} INFO - DAG(s) dict_keys(['example_external_task_marker_parent', 'example_external_task_marker_child']) retrieved from /home/airflow/.local/lib/python3.7/site-packages/airflow/example_dags/example_external_task_marker_dag.py
[2022-09-21T20:34:26.840+0000] {logging_mixin.py:117} INFO - [2022-09-21T20:34:26.840+0000] {dag.py:2573} INFO - Sync 2 DAGs
[2022-09-21T20:34:26.873+0000] {logging_mixin.py:117} INFO - [2022-09-21T20:34:26.873+0000] {dag.py:3328} INFO - Setting next_dagrun for example_external_task_marker_child to None, run_after=None
[2022-09-21T20:34:26.877+0000] {logging_mixin.py:117} INFO - [2022-09-21T20:34:26.877+0000] {dag.py:3328} INFO - Setting next_dagrun for example_external_task_marker_parent to None, run_after=None
[2022-09-21T20:34:26.897+0000] {processor.py:178} INFO - Processing /home/airflow/.local/lib/python3.7/site-packages/airflow/example_dags/example_external_task_marker_dag.py took 0.440 seconds
[2022-09-21T20:34:57.408+0000] {processor.py:156} INFO - Started process (PID=1755) to work on /home/airflow/.local/lib/python3.7/site-packages/airflow/example_dags/example_external_task_marker_dag.py
[2022-09-21T20:34:57.408+0000] {processor.py:758} INFO - Processing file /home/airflow/.local/lib/python3.7/site-packages/airflow/example_dags/example_external_task_marker_dag.py for tasks to queue
[2022-09-21T20:34:57.409+0000] {logging_mixin.py:117} INFO - [2022-09-21T20:34:57.409+0000] {dagbag.py:525} INFO - Filling up the DagBag from /home/airflow/.local/lib/python3.7/site-packages/airflow/example_dags/example_external_task_marker_dag.py
[2022-09-21T20:34:57.423+0000] {processor.py:768} INFO - DAG(s) dict_keys(['example_external_task_marker_child', 'example_external_task_marker_parent']) retrieved from /home/airflow/.local/lib/python3.7/site-packages/airflow/example_dags/example_external_task_marker_dag.py
[2022-09-21T20:34:57.666+0000] {logging_mixin.py:117} INFO - [2022-09-21T20:34:57.666+0000] {dag.py:2573} INFO - Sync 2 DAGs
[2022-09-21T20:34:57.691+0000] {logging_mixin.py:117} INFO - [2022-09-21T20:34:57.691+0000] {dag.py:3328} INFO - Setting next_dagrun for example_external_task_marker_child to None, run_after=None
[2022-09-21T20:34:57.694+0000] {logging_mixin.py:117} INFO - [2022-09-21T20:34:57.694+0000] {dag.py:3328} INFO - Setting next_dagrun for example_external_task_marker_parent to None, run_after=None
[2022-09-21T20:34:57.709+0000] {processor.py:178} INFO - Processing /home/airflow/.local/lib/python3.7/site-packages/airflow/example_dags/example_external_task_marker_dag.py took 0.304 seconds
[2022-09-21T20:35:27.839+0000] {processor.py:156} INFO - Started process (PID=1820) to work on /home/airflow/.local/lib/python3.7/site-packages/airflow/example_dags/example_external_task_marker_dag.py
[2022-09-21T20:35:27.840+0000] {processor.py:758} INFO - Processing file /home/airflow/.local/lib/python3.7/site-packages/airflow/example_dags/example_external_task_marker_dag.py for tasks to queue
[2022-09-21T20:35:27.840+0000] {logging_mixin.py:117} INFO - [2022-09-21T20:35:27.840+0000] {dagbag.py:525} INFO - Filling up the DagBag from /home/airflow/.local/lib/python3.7/site-packages/airflow/example_dags/example_external_task_marker_dag.py
[2022-09-21T20:35:27.856+0000] {processor.py:768} INFO - DAG(s) dict_keys(['example_external_task_marker_child', 'example_external_task_marker_parent']) retrieved from /home/airflow/.local/lib/python3.7/site-packages/airflow/example_dags/example_external_task_marker_dag.py
[2022-09-21T20:35:28.117+0000] {logging_mixin.py:117} INFO - [2022-09-21T20:35:28.117+0000] {dag.py:2573} INFO - Sync 2 DAGs
[2022-09-21T20:35:28.157+0000] {logging_mixin.py:117} INFO - [2022-09-21T20:35:28.157+0000] {dag.py:3328} INFO - Setting next_dagrun for example_external_task_marker_child to None, run_after=None
[2022-09-21T20:35:28.164+0000] {logging_mixin.py:117} INFO - [2022-09-21T20:35:28.164+0000] {dag.py:3328} INFO - Setting next_dagrun for example_external_task_marker_parent to None, run_after=None
[2022-09-21T20:35:28.192+0000] {processor.py:178} INFO - Processing /home/airflow/.local/lib/python3.7/site-packages/airflow/example_dags/example_external_task_marker_dag.py took 0.357 seconds
