[2022-09-21T20:20:27.977+0000] {processor.py:156} INFO - Started process (PID=72) to work on /home/airflow/.local/lib/python3.7/site-packages/airflow/example_dags/example_branch_datetime_operator.py
[2022-09-21T20:20:27.978+0000] {processor.py:758} INFO - Processing file /home/airflow/.local/lib/python3.7/site-packages/airflow/example_dags/example_branch_datetime_operator.py for tasks to queue
[2022-09-21T20:20:27.979+0000] {logging_mixin.py:117} INFO - [2022-09-21T20:20:27.979+0000] {dagbag.py:525} INFO - Filling up the DagBag from /home/airflow/.local/lib/python3.7/site-packages/airflow/example_dags/example_branch_datetime_operator.py
[2022-09-21T20:20:28.047+0000] {processor.py:768} INFO - DAG(s) dict_keys(['example_branch_datetime_operator_2', 'example_branch_datetime_operator_3', 'example_branch_datetime_operator']) retrieved from /home/airflow/.local/lib/python3.7/site-packages/airflow/example_dags/example_branch_datetime_operator.py
[2022-09-21T20:20:28.309+0000] {logging_mixin.py:117} INFO - [2022-09-21T20:20:28.309+0000] {dag.py:2573} INFO - Sync 3 DAGs
[2022-09-21T20:20:28.357+0000] {logging_mixin.py:117} INFO - [2022-09-21T20:20:28.356+0000] {dag.py:3328} INFO - Setting next_dagrun for example_branch_datetime_operator to 2022-09-20T00:00:00+00:00, run_after=2022-09-21T00:00:00+00:00
[2022-09-21T20:20:28.372+0000] {logging_mixin.py:117} INFO - [2022-09-21T20:20:28.372+0000] {dag.py:3328} INFO - Setting next_dagrun for example_branch_datetime_operator_2 to 2022-09-20T00:00:00+00:00, run_after=2022-09-21T00:00:00+00:00
[2022-09-21T20:20:28.377+0000] {logging_mixin.py:117} INFO - [2022-09-21T20:20:28.377+0000] {dag.py:3328} INFO - Setting next_dagrun for example_branch_datetime_operator_3 to 2022-09-20T00:00:00+00:00, run_after=2022-09-21T00:00:00+00:00
[2022-09-21T20:20:28.426+0000] {processor.py:178} INFO - Processing /home/airflow/.local/lib/python3.7/site-packages/airflow/example_dags/example_branch_datetime_operator.py took 0.453 seconds
[2022-09-21T20:21:00.095+0000] {processor.py:156} INFO - Started process (PID=136) to work on /home/airflow/.local/lib/python3.7/site-packages/airflow/example_dags/example_branch_datetime_operator.py
[2022-09-21T20:21:00.103+0000] {processor.py:758} INFO - Processing file /home/airflow/.local/lib/python3.7/site-packages/airflow/example_dags/example_branch_datetime_operator.py for tasks to queue
[2022-09-21T20:21:00.104+0000] {logging_mixin.py:117} INFO - [2022-09-21T20:21:00.104+0000] {dagbag.py:525} INFO - Filling up the DagBag from /home/airflow/.local/lib/python3.7/site-packages/airflow/example_dags/example_branch_datetime_operator.py
[2022-09-21T20:21:00.222+0000] {processor.py:768} INFO - DAG(s) dict_keys(['example_branch_datetime_operator_2', 'example_branch_datetime_operator_3', 'example_branch_datetime_operator']) retrieved from /home/airflow/.local/lib/python3.7/site-packages/airflow/example_dags/example_branch_datetime_operator.py
[2022-09-21T20:21:00.883+0000] {logging_mixin.py:117} INFO - [2022-09-21T20:21:00.883+0000] {dag.py:2573} INFO - Sync 3 DAGs
[2022-09-21T20:21:01.017+0000] {logging_mixin.py:117} INFO - [2022-09-21T20:21:01.016+0000] {dag.py:3328} INFO - Setting next_dagrun for example_branch_datetime_operator to 2022-09-20T00:00:00+00:00, run_after=2022-09-21T00:00:00+00:00
[2022-09-21T20:21:01.047+0000] {logging_mixin.py:117} INFO - [2022-09-21T20:21:01.047+0000] {dag.py:3328} INFO - Setting next_dagrun for example_branch_datetime_operator_2 to 2022-09-20T00:00:00+00:00, run_after=2022-09-21T00:00:00+00:00
[2022-09-21T20:21:01.076+0000] {logging_mixin.py:117} INFO - [2022-09-21T20:21:01.075+0000] {dag.py:3328} INFO - Setting next_dagrun for example_branch_datetime_operator_3 to 2022-09-20T00:00:00+00:00, run_after=2022-09-21T00:00:00+00:00
[2022-09-21T20:21:01.213+0000] {processor.py:178} INFO - Processing /home/airflow/.local/lib/python3.7/site-packages/airflow/example_dags/example_branch_datetime_operator.py took 1.135 seconds
[2022-09-21T20:21:31.805+0000] {processor.py:156} INFO - Started process (PID=192) to work on /home/airflow/.local/lib/python3.7/site-packages/airflow/example_dags/example_branch_datetime_operator.py
[2022-09-21T20:21:31.806+0000] {processor.py:758} INFO - Processing file /home/airflow/.local/lib/python3.7/site-packages/airflow/example_dags/example_branch_datetime_operator.py for tasks to queue
[2022-09-21T20:21:31.807+0000] {logging_mixin.py:117} INFO - [2022-09-21T20:21:31.806+0000] {dagbag.py:525} INFO - Filling up the DagBag from /home/airflow/.local/lib/python3.7/site-packages/airflow/example_dags/example_branch_datetime_operator.py
[2022-09-21T20:21:31.968+0000] {processor.py:768} INFO - DAG(s) dict_keys(['example_branch_datetime_operator_2', 'example_branch_datetime_operator', 'example_branch_datetime_operator_3']) retrieved from /home/airflow/.local/lib/python3.7/site-packages/airflow/example_dags/example_branch_datetime_operator.py
[2022-09-21T20:21:32.021+0000] {logging_mixin.py:117} INFO - [2022-09-21T20:21:32.021+0000] {dag.py:2573} INFO - Sync 3 DAGs
[2022-09-21T20:21:32.061+0000] {logging_mixin.py:117} INFO - [2022-09-21T20:21:32.061+0000] {dag.py:3328} INFO - Setting next_dagrun for example_branch_datetime_operator to 2022-09-20T00:00:00+00:00, run_after=2022-09-21T00:00:00+00:00
[2022-09-21T20:21:32.069+0000] {logging_mixin.py:117} INFO - [2022-09-21T20:21:32.069+0000] {dag.py:3328} INFO - Setting next_dagrun for example_branch_datetime_operator_2 to 2022-09-20T00:00:00+00:00, run_after=2022-09-21T00:00:00+00:00
[2022-09-21T20:21:32.076+0000] {logging_mixin.py:117} INFO - [2022-09-21T20:21:32.076+0000] {dag.py:3328} INFO - Setting next_dagrun for example_branch_datetime_operator_3 to 2022-09-20T00:00:00+00:00, run_after=2022-09-21T00:00:00+00:00
[2022-09-21T20:21:32.103+0000] {processor.py:178} INFO - Processing /home/airflow/.local/lib/python3.7/site-packages/airflow/example_dags/example_branch_datetime_operator.py took 0.301 seconds
[2022-09-21T20:22:02.133+0000] {processor.py:156} INFO - Started process (PID=246) to work on /home/airflow/.local/lib/python3.7/site-packages/airflow/example_dags/example_branch_datetime_operator.py
[2022-09-21T20:22:02.134+0000] {processor.py:758} INFO - Processing file /home/airflow/.local/lib/python3.7/site-packages/airflow/example_dags/example_branch_datetime_operator.py for tasks to queue
[2022-09-21T20:22:02.135+0000] {logging_mixin.py:117} INFO - [2022-09-21T20:22:02.134+0000] {dagbag.py:525} INFO - Filling up the DagBag from /home/airflow/.local/lib/python3.7/site-packages/airflow/example_dags/example_branch_datetime_operator.py
[2022-09-21T20:22:02.159+0000] {processor.py:768} INFO - DAG(s) dict_keys(['example_branch_datetime_operator_2', 'example_branch_datetime_operator', 'example_branch_datetime_operator_3']) retrieved from /home/airflow/.local/lib/python3.7/site-packages/airflow/example_dags/example_branch_datetime_operator.py
[2022-09-21T20:22:02.189+0000] {logging_mixin.py:117} INFO - [2022-09-21T20:22:02.188+0000] {dag.py:2573} INFO - Sync 3 DAGs
[2022-09-21T20:22:02.223+0000] {logging_mixin.py:117} INFO - [2022-09-21T20:22:02.222+0000] {dag.py:3328} INFO - Setting next_dagrun for example_branch_datetime_operator to 2022-09-20T00:00:00+00:00, run_after=2022-09-21T00:00:00+00:00
[2022-09-21T20:22:02.232+0000] {logging_mixin.py:117} INFO - [2022-09-21T20:22:02.231+0000] {dag.py:3328} INFO - Setting next_dagrun for example_branch_datetime_operator_2 to 2022-09-20T00:00:00+00:00, run_after=2022-09-21T00:00:00+00:00
[2022-09-21T20:22:02.237+0000] {logging_mixin.py:117} INFO - [2022-09-21T20:22:02.237+0000] {dag.py:3328} INFO - Setting next_dagrun for example_branch_datetime_operator_3 to 2022-09-20T00:00:00+00:00, run_after=2022-09-21T00:00:00+00:00
[2022-09-21T20:22:02.261+0000] {processor.py:178} INFO - Processing /home/airflow/.local/lib/python3.7/site-packages/airflow/example_dags/example_branch_datetime_operator.py took 0.131 seconds
[2022-09-21T20:22:32.513+0000] {processor.py:156} INFO - Started process (PID=311) to work on /home/airflow/.local/lib/python3.7/site-packages/airflow/example_dags/example_branch_datetime_operator.py
[2022-09-21T20:22:32.514+0000] {processor.py:758} INFO - Processing file /home/airflow/.local/lib/python3.7/site-packages/airflow/example_dags/example_branch_datetime_operator.py for tasks to queue
[2022-09-21T20:22:32.515+0000] {logging_mixin.py:117} INFO - [2022-09-21T20:22:32.515+0000] {dagbag.py:525} INFO - Filling up the DagBag from /home/airflow/.local/lib/python3.7/site-packages/airflow/example_dags/example_branch_datetime_operator.py
[2022-09-21T20:22:32.537+0000] {processor.py:768} INFO - DAG(s) dict_keys(['example_branch_datetime_operator_3', 'example_branch_datetime_operator_2', 'example_branch_datetime_operator']) retrieved from /home/airflow/.local/lib/python3.7/site-packages/airflow/example_dags/example_branch_datetime_operator.py
[2022-09-21T20:22:32.586+0000] {logging_mixin.py:117} INFO - [2022-09-21T20:22:32.586+0000] {dag.py:2573} INFO - Sync 3 DAGs
[2022-09-21T20:22:32.632+0000] {logging_mixin.py:117} INFO - [2022-09-21T20:22:32.632+0000] {dag.py:3328} INFO - Setting next_dagrun for example_branch_datetime_operator to 2022-09-20T00:00:00+00:00, run_after=2022-09-21T00:00:00+00:00
[2022-09-21T20:22:32.641+0000] {logging_mixin.py:117} INFO - [2022-09-21T20:22:32.640+0000] {dag.py:3328} INFO - Setting next_dagrun for example_branch_datetime_operator_2 to 2022-09-20T00:00:00+00:00, run_after=2022-09-21T00:00:00+00:00
[2022-09-21T20:22:32.646+0000] {logging_mixin.py:117} INFO - [2022-09-21T20:22:32.645+0000] {dag.py:3328} INFO - Setting next_dagrun for example_branch_datetime_operator_3 to 2022-09-20T00:00:00+00:00, run_after=2022-09-21T00:00:00+00:00
[2022-09-21T20:22:32.673+0000] {processor.py:178} INFO - Processing /home/airflow/.local/lib/python3.7/site-packages/airflow/example_dags/example_branch_datetime_operator.py took 0.163 seconds
[2022-09-21T20:23:02.710+0000] {processor.py:156} INFO - Started process (PID=366) to work on /home/airflow/.local/lib/python3.7/site-packages/airflow/example_dags/example_branch_datetime_operator.py
[2022-09-21T20:23:02.711+0000] {processor.py:758} INFO - Processing file /home/airflow/.local/lib/python3.7/site-packages/airflow/example_dags/example_branch_datetime_operator.py for tasks to queue
[2022-09-21T20:23:02.711+0000] {logging_mixin.py:117} INFO - [2022-09-21T20:23:02.711+0000] {dagbag.py:525} INFO - Filling up the DagBag from /home/airflow/.local/lib/python3.7/site-packages/airflow/example_dags/example_branch_datetime_operator.py
[2022-09-21T20:23:02.735+0000] {processor.py:768} INFO - DAG(s) dict_keys(['example_branch_datetime_operator_2', 'example_branch_datetime_operator', 'example_branch_datetime_operator_3']) retrieved from /home/airflow/.local/lib/python3.7/site-packages/airflow/example_dags/example_branch_datetime_operator.py
[2022-09-21T20:23:02.767+0000] {logging_mixin.py:117} INFO - [2022-09-21T20:23:02.767+0000] {dag.py:2573} INFO - Sync 3 DAGs
[2022-09-21T20:23:02.801+0000] {logging_mixin.py:117} INFO - [2022-09-21T20:23:02.801+0000] {dag.py:3328} INFO - Setting next_dagrun for example_branch_datetime_operator to 2022-09-20T00:00:00+00:00, run_after=2022-09-21T00:00:00+00:00
[2022-09-21T20:23:02.806+0000] {logging_mixin.py:117} INFO - [2022-09-21T20:23:02.806+0000] {dag.py:3328} INFO - Setting next_dagrun for example_branch_datetime_operator_2 to 2022-09-20T00:00:00+00:00, run_after=2022-09-21T00:00:00+00:00
[2022-09-21T20:23:02.808+0000] {logging_mixin.py:117} INFO - [2022-09-21T20:23:02.808+0000] {dag.py:3328} INFO - Setting next_dagrun for example_branch_datetime_operator_3 to 2022-09-20T00:00:00+00:00, run_after=2022-09-21T00:00:00+00:00
[2022-09-21T20:23:02.833+0000] {processor.py:178} INFO - Processing /home/airflow/.local/lib/python3.7/site-packages/airflow/example_dags/example_branch_datetime_operator.py took 0.126 seconds
[2022-09-21T20:23:33.331+0000] {processor.py:156} INFO - Started process (PID=430) to work on /home/airflow/.local/lib/python3.7/site-packages/airflow/example_dags/example_branch_datetime_operator.py
[2022-09-21T20:23:33.332+0000] {processor.py:758} INFO - Processing file /home/airflow/.local/lib/python3.7/site-packages/airflow/example_dags/example_branch_datetime_operator.py for tasks to queue
[2022-09-21T20:23:33.332+0000] {logging_mixin.py:117} INFO - [2022-09-21T20:23:33.332+0000] {dagbag.py:525} INFO - Filling up the DagBag from /home/airflow/.local/lib/python3.7/site-packages/airflow/example_dags/example_branch_datetime_operator.py
[2022-09-21T20:23:33.348+0000] {processor.py:768} INFO - DAG(s) dict_keys(['example_branch_datetime_operator', 'example_branch_datetime_operator_2', 'example_branch_datetime_operator_3']) retrieved from /home/airflow/.local/lib/python3.7/site-packages/airflow/example_dags/example_branch_datetime_operator.py
[2022-09-21T20:23:33.395+0000] {logging_mixin.py:117} INFO - [2022-09-21T20:23:33.395+0000] {dag.py:2573} INFO - Sync 3 DAGs
[2022-09-21T20:23:33.421+0000] {logging_mixin.py:117} INFO - [2022-09-21T20:23:33.421+0000] {dag.py:3328} INFO - Setting next_dagrun for example_branch_datetime_operator to 2022-09-20T00:00:00+00:00, run_after=2022-09-21T00:00:00+00:00
[2022-09-21T20:23:33.426+0000] {logging_mixin.py:117} INFO - [2022-09-21T20:23:33.426+0000] {dag.py:3328} INFO - Setting next_dagrun for example_branch_datetime_operator_2 to 2022-09-20T00:00:00+00:00, run_after=2022-09-21T00:00:00+00:00
[2022-09-21T20:23:33.430+0000] {logging_mixin.py:117} INFO - [2022-09-21T20:23:33.430+0000] {dag.py:3328} INFO - Setting next_dagrun for example_branch_datetime_operator_3 to 2022-09-20T00:00:00+00:00, run_after=2022-09-21T00:00:00+00:00
[2022-09-21T20:23:33.446+0000] {processor.py:178} INFO - Processing /home/airflow/.local/lib/python3.7/site-packages/airflow/example_dags/example_branch_datetime_operator.py took 0.119 seconds
[2022-09-21T20:24:03.665+0000] {processor.py:156} INFO - Started process (PID=485) to work on /home/airflow/.local/lib/python3.7/site-packages/airflow/example_dags/example_branch_datetime_operator.py
[2022-09-21T20:24:03.666+0000] {processor.py:758} INFO - Processing file /home/airflow/.local/lib/python3.7/site-packages/airflow/example_dags/example_branch_datetime_operator.py for tasks to queue
[2022-09-21T20:24:03.667+0000] {logging_mixin.py:117} INFO - [2022-09-21T20:24:03.667+0000] {dagbag.py:525} INFO - Filling up the DagBag from /home/airflow/.local/lib/python3.7/site-packages/airflow/example_dags/example_branch_datetime_operator.py
[2022-09-21T20:24:03.694+0000] {processor.py:768} INFO - DAG(s) dict_keys(['example_branch_datetime_operator_3', 'example_branch_datetime_operator', 'example_branch_datetime_operator_2']) retrieved from /home/airflow/.local/lib/python3.7/site-packages/airflow/example_dags/example_branch_datetime_operator.py
[2022-09-21T20:24:03.764+0000] {logging_mixin.py:117} INFO - [2022-09-21T20:24:03.764+0000] {dag.py:2573} INFO - Sync 3 DAGs
[2022-09-21T20:24:03.821+0000] {logging_mixin.py:117} INFO - [2022-09-21T20:24:03.821+0000] {dag.py:3328} INFO - Setting next_dagrun for example_branch_datetime_operator to 2022-09-20T00:00:00+00:00, run_after=2022-09-21T00:00:00+00:00
[2022-09-21T20:24:03.830+0000] {logging_mixin.py:117} INFO - [2022-09-21T20:24:03.830+0000] {dag.py:3328} INFO - Setting next_dagrun for example_branch_datetime_operator_2 to 2022-09-20T00:00:00+00:00, run_after=2022-09-21T00:00:00+00:00
[2022-09-21T20:24:03.835+0000] {logging_mixin.py:117} INFO - [2022-09-21T20:24:03.835+0000] {dag.py:3328} INFO - Setting next_dagrun for example_branch_datetime_operator_3 to 2022-09-20T00:00:00+00:00, run_after=2022-09-21T00:00:00+00:00
[2022-09-21T20:24:03.866+0000] {processor.py:178} INFO - Processing /home/airflow/.local/lib/python3.7/site-packages/airflow/example_dags/example_branch_datetime_operator.py took 0.205 seconds
[2022-09-21T20:24:34.285+0000] {processor.py:156} INFO - Started process (PID=549) to work on /home/airflow/.local/lib/python3.7/site-packages/airflow/example_dags/example_branch_datetime_operator.py
[2022-09-21T20:24:34.286+0000] {processor.py:758} INFO - Processing file /home/airflow/.local/lib/python3.7/site-packages/airflow/example_dags/example_branch_datetime_operator.py for tasks to queue
[2022-09-21T20:24:34.287+0000] {logging_mixin.py:117} INFO - [2022-09-21T20:24:34.287+0000] {dagbag.py:525} INFO - Filling up the DagBag from /home/airflow/.local/lib/python3.7/site-packages/airflow/example_dags/example_branch_datetime_operator.py
[2022-09-21T20:24:34.305+0000] {processor.py:768} INFO - DAG(s) dict_keys(['example_branch_datetime_operator_2', 'example_branch_datetime_operator_3', 'example_branch_datetime_operator']) retrieved from /home/airflow/.local/lib/python3.7/site-packages/airflow/example_dags/example_branch_datetime_operator.py
[2022-09-21T20:24:34.373+0000] {logging_mixin.py:117} INFO - [2022-09-21T20:24:34.373+0000] {dag.py:2573} INFO - Sync 3 DAGs
[2022-09-21T20:24:34.419+0000] {logging_mixin.py:117} INFO - [2022-09-21T20:24:34.418+0000] {dag.py:3328} INFO - Setting next_dagrun for example_branch_datetime_operator to 2022-09-20T00:00:00+00:00, run_after=2022-09-21T00:00:00+00:00
[2022-09-21T20:24:34.427+0000] {logging_mixin.py:117} INFO - [2022-09-21T20:24:34.427+0000] {dag.py:3328} INFO - Setting next_dagrun for example_branch_datetime_operator_2 to 2022-09-20T00:00:00+00:00, run_after=2022-09-21T00:00:00+00:00
[2022-09-21T20:24:34.432+0000] {logging_mixin.py:117} INFO - [2022-09-21T20:24:34.431+0000] {dag.py:3328} INFO - Setting next_dagrun for example_branch_datetime_operator_3 to 2022-09-20T00:00:00+00:00, run_after=2022-09-21T00:00:00+00:00
[2022-09-21T20:24:34.461+0000] {processor.py:178} INFO - Processing /home/airflow/.local/lib/python3.7/site-packages/airflow/example_dags/example_branch_datetime_operator.py took 0.179 seconds
[2022-09-21T20:25:04.840+0000] {processor.py:156} INFO - Started process (PID=613) to work on /home/airflow/.local/lib/python3.7/site-packages/airflow/example_dags/example_branch_datetime_operator.py
[2022-09-21T20:25:04.845+0000] {processor.py:758} INFO - Processing file /home/airflow/.local/lib/python3.7/site-packages/airflow/example_dags/example_branch_datetime_operator.py for tasks to queue
[2022-09-21T20:25:04.846+0000] {logging_mixin.py:117} INFO - [2022-09-21T20:25:04.846+0000] {dagbag.py:525} INFO - Filling up the DagBag from /home/airflow/.local/lib/python3.7/site-packages/airflow/example_dags/example_branch_datetime_operator.py
[2022-09-21T20:25:04.879+0000] {processor.py:768} INFO - DAG(s) dict_keys(['example_branch_datetime_operator_2', 'example_branch_datetime_operator', 'example_branch_datetime_operator_3']) retrieved from /home/airflow/.local/lib/python3.7/site-packages/airflow/example_dags/example_branch_datetime_operator.py
[2022-09-21T20:25:04.923+0000] {logging_mixin.py:117} INFO - [2022-09-21T20:25:04.923+0000] {dag.py:2573} INFO - Sync 3 DAGs
[2022-09-21T20:25:04.972+0000] {logging_mixin.py:117} INFO - [2022-09-21T20:25:04.971+0000] {dag.py:3328} INFO - Setting next_dagrun for example_branch_datetime_operator to 2022-09-20T00:00:00+00:00, run_after=2022-09-21T00:00:00+00:00
[2022-09-21T20:25:04.980+0000] {logging_mixin.py:117} INFO - [2022-09-21T20:25:04.980+0000] {dag.py:3328} INFO - Setting next_dagrun for example_branch_datetime_operator_2 to 2022-09-20T00:00:00+00:00, run_after=2022-09-21T00:00:00+00:00
[2022-09-21T20:25:04.985+0000] {logging_mixin.py:117} INFO - [2022-09-21T20:25:04.985+0000] {dag.py:3328} INFO - Setting next_dagrun for example_branch_datetime_operator_3 to 2022-09-20T00:00:00+00:00, run_after=2022-09-21T00:00:00+00:00
[2022-09-21T20:25:05.015+0000] {processor.py:178} INFO - Processing /home/airflow/.local/lib/python3.7/site-packages/airflow/example_dags/example_branch_datetime_operator.py took 0.179 seconds
[2022-09-21T20:25:35.859+0000] {processor.py:156} INFO - Started process (PID=668) to work on /home/airflow/.local/lib/python3.7/site-packages/airflow/example_dags/example_branch_datetime_operator.py
[2022-09-21T20:25:35.860+0000] {processor.py:758} INFO - Processing file /home/airflow/.local/lib/python3.7/site-packages/airflow/example_dags/example_branch_datetime_operator.py for tasks to queue
[2022-09-21T20:25:35.860+0000] {logging_mixin.py:117} INFO - [2022-09-21T20:25:35.860+0000] {dagbag.py:525} INFO - Filling up the DagBag from /home/airflow/.local/lib/python3.7/site-packages/airflow/example_dags/example_branch_datetime_operator.py
[2022-09-21T20:25:35.878+0000] {processor.py:768} INFO - DAG(s) dict_keys(['example_branch_datetime_operator', 'example_branch_datetime_operator_2', 'example_branch_datetime_operator_3']) retrieved from /home/airflow/.local/lib/python3.7/site-packages/airflow/example_dags/example_branch_datetime_operator.py
[2022-09-21T20:25:35.918+0000] {logging_mixin.py:117} INFO - [2022-09-21T20:25:35.918+0000] {dag.py:2573} INFO - Sync 3 DAGs
[2022-09-21T20:25:35.944+0000] {logging_mixin.py:117} INFO - [2022-09-21T20:25:35.944+0000] {dag.py:3328} INFO - Setting next_dagrun for example_branch_datetime_operator to 2022-09-20T00:00:00+00:00, run_after=2022-09-21T00:00:00+00:00
[2022-09-21T20:25:35.949+0000] {logging_mixin.py:117} INFO - [2022-09-21T20:25:35.948+0000] {dag.py:3328} INFO - Setting next_dagrun for example_branch_datetime_operator_2 to 2022-09-20T00:00:00+00:00, run_after=2022-09-21T00:00:00+00:00
[2022-09-21T20:25:35.951+0000] {logging_mixin.py:117} INFO - [2022-09-21T20:25:35.951+0000] {dag.py:3328} INFO - Setting next_dagrun for example_branch_datetime_operator_3 to 2022-09-20T00:00:00+00:00, run_after=2022-09-21T00:00:00+00:00
[2022-09-21T20:25:35.966+0000] {processor.py:178} INFO - Processing /home/airflow/.local/lib/python3.7/site-packages/airflow/example_dags/example_branch_datetime_operator.py took 0.110 seconds
[2022-09-21T20:26:06.283+0000] {processor.py:156} INFO - Started process (PID=731) to work on /home/airflow/.local/lib/python3.7/site-packages/airflow/example_dags/example_branch_datetime_operator.py
[2022-09-21T20:26:06.284+0000] {processor.py:758} INFO - Processing file /home/airflow/.local/lib/python3.7/site-packages/airflow/example_dags/example_branch_datetime_operator.py for tasks to queue
[2022-09-21T20:26:06.285+0000] {logging_mixin.py:117} INFO - [2022-09-21T20:26:06.285+0000] {dagbag.py:525} INFO - Filling up the DagBag from /home/airflow/.local/lib/python3.7/site-packages/airflow/example_dags/example_branch_datetime_operator.py
[2022-09-21T20:26:06.312+0000] {processor.py:768} INFO - DAG(s) dict_keys(['example_branch_datetime_operator', 'example_branch_datetime_operator_2', 'example_branch_datetime_operator_3']) retrieved from /home/airflow/.local/lib/python3.7/site-packages/airflow/example_dags/example_branch_datetime_operator.py
[2022-09-21T20:26:06.382+0000] {logging_mixin.py:117} INFO - [2022-09-21T20:26:06.381+0000] {dag.py:2573} INFO - Sync 3 DAGs
[2022-09-21T20:26:06.493+0000] {logging_mixin.py:117} INFO - [2022-09-21T20:26:06.493+0000] {dag.py:3328} INFO - Setting next_dagrun for example_branch_datetime_operator to 2022-09-20T00:00:00+00:00, run_after=2022-09-21T00:00:00+00:00
[2022-09-21T20:26:06.503+0000] {logging_mixin.py:117} INFO - [2022-09-21T20:26:06.502+0000] {dag.py:3328} INFO - Setting next_dagrun for example_branch_datetime_operator_2 to 2022-09-20T00:00:00+00:00, run_after=2022-09-21T00:00:00+00:00
[2022-09-21T20:26:06.507+0000] {logging_mixin.py:117} INFO - [2022-09-21T20:26:06.506+0000] {dag.py:3328} INFO - Setting next_dagrun for example_branch_datetime_operator_3 to 2022-09-20T00:00:00+00:00, run_after=2022-09-21T00:00:00+00:00
[2022-09-21T20:26:06.535+0000] {processor.py:178} INFO - Processing /home/airflow/.local/lib/python3.7/site-packages/airflow/example_dags/example_branch_datetime_operator.py took 0.256 seconds
[2022-09-21T20:26:36.783+0000] {processor.py:156} INFO - Started process (PID=786) to work on /home/airflow/.local/lib/python3.7/site-packages/airflow/example_dags/example_branch_datetime_operator.py
[2022-09-21T20:26:36.784+0000] {processor.py:758} INFO - Processing file /home/airflow/.local/lib/python3.7/site-packages/airflow/example_dags/example_branch_datetime_operator.py for tasks to queue
[2022-09-21T20:26:36.785+0000] {logging_mixin.py:117} INFO - [2022-09-21T20:26:36.784+0000] {dagbag.py:525} INFO - Filling up the DagBag from /home/airflow/.local/lib/python3.7/site-packages/airflow/example_dags/example_branch_datetime_operator.py
[2022-09-21T20:26:36.806+0000] {processor.py:768} INFO - DAG(s) dict_keys(['example_branch_datetime_operator', 'example_branch_datetime_operator_2', 'example_branch_datetime_operator_3']) retrieved from /home/airflow/.local/lib/python3.7/site-packages/airflow/example_dags/example_branch_datetime_operator.py
[2022-09-21T20:26:36.874+0000] {logging_mixin.py:117} INFO - [2022-09-21T20:26:36.874+0000] {dag.py:2573} INFO - Sync 3 DAGs
[2022-09-21T20:26:36.914+0000] {logging_mixin.py:117} INFO - [2022-09-21T20:26:36.913+0000] {dag.py:3328} INFO - Setting next_dagrun for example_branch_datetime_operator to 2022-09-20T00:00:00+00:00, run_after=2022-09-21T00:00:00+00:00
[2022-09-21T20:26:36.921+0000] {logging_mixin.py:117} INFO - [2022-09-21T20:26:36.921+0000] {dag.py:3328} INFO - Setting next_dagrun for example_branch_datetime_operator_2 to 2022-09-20T00:00:00+00:00, run_after=2022-09-21T00:00:00+00:00
[2022-09-21T20:26:36.924+0000] {logging_mixin.py:117} INFO - [2022-09-21T20:26:36.924+0000] {dag.py:3328} INFO - Setting next_dagrun for example_branch_datetime_operator_3 to 2022-09-20T00:00:00+00:00, run_after=2022-09-21T00:00:00+00:00
[2022-09-21T20:26:36.945+0000] {processor.py:178} INFO - Processing /home/airflow/.local/lib/python3.7/site-packages/airflow/example_dags/example_branch_datetime_operator.py took 0.164 seconds
[2022-09-21T20:27:07.570+0000] {processor.py:156} INFO - Started process (PID=850) to work on /home/airflow/.local/lib/python3.7/site-packages/airflow/example_dags/example_branch_datetime_operator.py
[2022-09-21T20:27:07.571+0000] {processor.py:758} INFO - Processing file /home/airflow/.local/lib/python3.7/site-packages/airflow/example_dags/example_branch_datetime_operator.py for tasks to queue
[2022-09-21T20:27:07.571+0000] {logging_mixin.py:117} INFO - [2022-09-21T20:27:07.571+0000] {dagbag.py:525} INFO - Filling up the DagBag from /home/airflow/.local/lib/python3.7/site-packages/airflow/example_dags/example_branch_datetime_operator.py
[2022-09-21T20:27:07.589+0000] {processor.py:768} INFO - DAG(s) dict_keys(['example_branch_datetime_operator_2', 'example_branch_datetime_operator_3', 'example_branch_datetime_operator']) retrieved from /home/airflow/.local/lib/python3.7/site-packages/airflow/example_dags/example_branch_datetime_operator.py
[2022-09-21T20:27:07.630+0000] {logging_mixin.py:117} INFO - [2022-09-21T20:27:07.630+0000] {dag.py:2573} INFO - Sync 3 DAGs
[2022-09-21T20:27:07.655+0000] {logging_mixin.py:117} INFO - [2022-09-21T20:27:07.655+0000] {dag.py:3328} INFO - Setting next_dagrun for example_branch_datetime_operator to 2022-09-20T00:00:00+00:00, run_after=2022-09-21T00:00:00+00:00
[2022-09-21T20:27:07.660+0000] {logging_mixin.py:117} INFO - [2022-09-21T20:27:07.660+0000] {dag.py:3328} INFO - Setting next_dagrun for example_branch_datetime_operator_2 to 2022-09-20T00:00:00+00:00, run_after=2022-09-21T00:00:00+00:00
[2022-09-21T20:27:07.663+0000] {logging_mixin.py:117} INFO - [2022-09-21T20:27:07.663+0000] {dag.py:3328} INFO - Setting next_dagrun for example_branch_datetime_operator_3 to 2022-09-20T00:00:00+00:00, run_after=2022-09-21T00:00:00+00:00
[2022-09-21T20:27:07.679+0000] {processor.py:178} INFO - Processing /home/airflow/.local/lib/python3.7/site-packages/airflow/example_dags/example_branch_datetime_operator.py took 0.112 seconds
[2022-09-21T20:27:37.967+0000] {processor.py:156} INFO - Started process (PID=914) to work on /home/airflow/.local/lib/python3.7/site-packages/airflow/example_dags/example_branch_datetime_operator.py
[2022-09-21T20:27:37.968+0000] {processor.py:758} INFO - Processing file /home/airflow/.local/lib/python3.7/site-packages/airflow/example_dags/example_branch_datetime_operator.py for tasks to queue
[2022-09-21T20:27:37.969+0000] {logging_mixin.py:117} INFO - [2022-09-21T20:27:37.969+0000] {dagbag.py:525} INFO - Filling up the DagBag from /home/airflow/.local/lib/python3.7/site-packages/airflow/example_dags/example_branch_datetime_operator.py
[2022-09-21T20:27:37.993+0000] {processor.py:768} INFO - DAG(s) dict_keys(['example_branch_datetime_operator', 'example_branch_datetime_operator_2', 'example_branch_datetime_operator_3']) retrieved from /home/airflow/.local/lib/python3.7/site-packages/airflow/example_dags/example_branch_datetime_operator.py
[2022-09-21T20:27:38.047+0000] {logging_mixin.py:117} INFO - [2022-09-21T20:27:38.047+0000] {dag.py:2573} INFO - Sync 3 DAGs
[2022-09-21T20:27:38.077+0000] {logging_mixin.py:117} INFO - [2022-09-21T20:27:38.077+0000] {dag.py:3328} INFO - Setting next_dagrun for example_branch_datetime_operator to 2022-09-20T00:00:00+00:00, run_after=2022-09-21T00:00:00+00:00
[2022-09-21T20:27:38.085+0000] {logging_mixin.py:117} INFO - [2022-09-21T20:27:38.084+0000] {dag.py:3328} INFO - Setting next_dagrun for example_branch_datetime_operator_2 to 2022-09-20T00:00:00+00:00, run_after=2022-09-21T00:00:00+00:00
[2022-09-21T20:27:38.087+0000] {logging_mixin.py:117} INFO - [2022-09-21T20:27:38.087+0000] {dag.py:3328} INFO - Setting next_dagrun for example_branch_datetime_operator_3 to 2022-09-20T00:00:00+00:00, run_after=2022-09-21T00:00:00+00:00
[2022-09-21T20:27:38.106+0000] {processor.py:178} INFO - Processing /home/airflow/.local/lib/python3.7/site-packages/airflow/example_dags/example_branch_datetime_operator.py took 0.143 seconds
[2022-09-21T20:28:08.571+0000] {processor.py:156} INFO - Started process (PID=976) to work on /home/airflow/.local/lib/python3.7/site-packages/airflow/example_dags/example_branch_datetime_operator.py
[2022-09-21T20:28:08.571+0000] {processor.py:758} INFO - Processing file /home/airflow/.local/lib/python3.7/site-packages/airflow/example_dags/example_branch_datetime_operator.py for tasks to queue
[2022-09-21T20:28:08.572+0000] {logging_mixin.py:117} INFO - [2022-09-21T20:28:08.572+0000] {dagbag.py:525} INFO - Filling up the DagBag from /home/airflow/.local/lib/python3.7/site-packages/airflow/example_dags/example_branch_datetime_operator.py
[2022-09-21T20:28:08.596+0000] {processor.py:768} INFO - DAG(s) dict_keys(['example_branch_datetime_operator_2', 'example_branch_datetime_operator', 'example_branch_datetime_operator_3']) retrieved from /home/airflow/.local/lib/python3.7/site-packages/airflow/example_dags/example_branch_datetime_operator.py
[2022-09-21T20:28:08.662+0000] {logging_mixin.py:117} INFO - [2022-09-21T20:28:08.662+0000] {dag.py:2573} INFO - Sync 3 DAGs
[2022-09-21T20:28:08.720+0000] {logging_mixin.py:117} INFO - [2022-09-21T20:28:08.719+0000] {dag.py:3328} INFO - Setting next_dagrun for example_branch_datetime_operator to 2022-09-20T00:00:00+00:00, run_after=2022-09-21T00:00:00+00:00
[2022-09-21T20:28:08.737+0000] {logging_mixin.py:117} INFO - [2022-09-21T20:28:08.737+0000] {dag.py:3328} INFO - Setting next_dagrun for example_branch_datetime_operator_2 to 2022-09-20T00:00:00+00:00, run_after=2022-09-21T00:00:00+00:00
[2022-09-21T20:28:08.748+0000] {logging_mixin.py:117} INFO - [2022-09-21T20:28:08.748+0000] {dag.py:3328} INFO - Setting next_dagrun for example_branch_datetime_operator_3 to 2022-09-20T00:00:00+00:00, run_after=2022-09-21T00:00:00+00:00
[2022-09-21T20:28:08.816+0000] {processor.py:178} INFO - Processing /home/airflow/.local/lib/python3.7/site-packages/airflow/example_dags/example_branch_datetime_operator.py took 0.249 seconds
[2022-09-21T20:28:39.384+0000] {processor.py:156} INFO - Started process (PID=1032) to work on /home/airflow/.local/lib/python3.7/site-packages/airflow/example_dags/example_branch_datetime_operator.py
[2022-09-21T20:28:39.385+0000] {processor.py:758} INFO - Processing file /home/airflow/.local/lib/python3.7/site-packages/airflow/example_dags/example_branch_datetime_operator.py for tasks to queue
[2022-09-21T20:28:39.385+0000] {logging_mixin.py:117} INFO - [2022-09-21T20:28:39.385+0000] {dagbag.py:525} INFO - Filling up the DagBag from /home/airflow/.local/lib/python3.7/site-packages/airflow/example_dags/example_branch_datetime_operator.py
[2022-09-21T20:28:39.406+0000] {processor.py:768} INFO - DAG(s) dict_keys(['example_branch_datetime_operator', 'example_branch_datetime_operator_2', 'example_branch_datetime_operator_3']) retrieved from /home/airflow/.local/lib/python3.7/site-packages/airflow/example_dags/example_branch_datetime_operator.py
[2022-09-21T20:28:39.458+0000] {logging_mixin.py:117} INFO - [2022-09-21T20:28:39.457+0000] {dag.py:2573} INFO - Sync 3 DAGs
[2022-09-21T20:28:39.497+0000] {logging_mixin.py:117} INFO - [2022-09-21T20:28:39.497+0000] {dag.py:3328} INFO - Setting next_dagrun for example_branch_datetime_operator to 2022-09-20T00:00:00+00:00, run_after=2022-09-21T00:00:00+00:00
[2022-09-21T20:28:39.504+0000] {logging_mixin.py:117} INFO - [2022-09-21T20:28:39.504+0000] {dag.py:3328} INFO - Setting next_dagrun for example_branch_datetime_operator_2 to 2022-09-20T00:00:00+00:00, run_after=2022-09-21T00:00:00+00:00
[2022-09-21T20:28:39.508+0000] {logging_mixin.py:117} INFO - [2022-09-21T20:28:39.508+0000] {dag.py:3328} INFO - Setting next_dagrun for example_branch_datetime_operator_3 to 2022-09-20T00:00:00+00:00, run_after=2022-09-21T00:00:00+00:00
[2022-09-21T20:28:39.529+0000] {processor.py:178} INFO - Processing /home/airflow/.local/lib/python3.7/site-packages/airflow/example_dags/example_branch_datetime_operator.py took 0.147 seconds
[2022-09-21T20:29:10.277+0000] {processor.py:156} INFO - Started process (PID=1096) to work on /home/airflow/.local/lib/python3.7/site-packages/airflow/example_dags/example_branch_datetime_operator.py
[2022-09-21T20:29:10.279+0000] {processor.py:758} INFO - Processing file /home/airflow/.local/lib/python3.7/site-packages/airflow/example_dags/example_branch_datetime_operator.py for tasks to queue
[2022-09-21T20:29:10.280+0000] {logging_mixin.py:117} INFO - [2022-09-21T20:29:10.280+0000] {dagbag.py:525} INFO - Filling up the DagBag from /home/airflow/.local/lib/python3.7/site-packages/airflow/example_dags/example_branch_datetime_operator.py
[2022-09-21T20:29:10.325+0000] {processor.py:768} INFO - DAG(s) dict_keys(['example_branch_datetime_operator', 'example_branch_datetime_operator_3', 'example_branch_datetime_operator_2']) retrieved from /home/airflow/.local/lib/python3.7/site-packages/airflow/example_dags/example_branch_datetime_operator.py
[2022-09-21T20:29:10.461+0000] {logging_mixin.py:117} INFO - [2022-09-21T20:29:10.460+0000] {dag.py:2573} INFO - Sync 3 DAGs
[2022-09-21T20:29:10.541+0000] {logging_mixin.py:117} INFO - [2022-09-21T20:29:10.541+0000] {dag.py:3328} INFO - Setting next_dagrun for example_branch_datetime_operator to 2022-09-20T00:00:00+00:00, run_after=2022-09-21T00:00:00+00:00
[2022-09-21T20:29:10.558+0000] {logging_mixin.py:117} INFO - [2022-09-21T20:29:10.557+0000] {dag.py:3328} INFO - Setting next_dagrun for example_branch_datetime_operator_2 to 2022-09-20T00:00:00+00:00, run_after=2022-09-21T00:00:00+00:00
[2022-09-21T20:29:10.567+0000] {logging_mixin.py:117} INFO - [2022-09-21T20:29:10.566+0000] {dag.py:3328} INFO - Setting next_dagrun for example_branch_datetime_operator_3 to 2022-09-20T00:00:00+00:00, run_after=2022-09-21T00:00:00+00:00
[2022-09-21T20:29:10.625+0000] {processor.py:178} INFO - Processing /home/airflow/.local/lib/python3.7/site-packages/airflow/example_dags/example_branch_datetime_operator.py took 0.356 seconds
[2022-09-21T20:29:40.843+0000] {processor.py:156} INFO - Started process (PID=1151) to work on /home/airflow/.local/lib/python3.7/site-packages/airflow/example_dags/example_branch_datetime_operator.py
[2022-09-21T20:29:40.849+0000] {processor.py:758} INFO - Processing file /home/airflow/.local/lib/python3.7/site-packages/airflow/example_dags/example_branch_datetime_operator.py for tasks to queue
[2022-09-21T20:29:40.857+0000] {logging_mixin.py:117} INFO - [2022-09-21T20:29:40.852+0000] {dagbag.py:525} INFO - Filling up the DagBag from /home/airflow/.local/lib/python3.7/site-packages/airflow/example_dags/example_branch_datetime_operator.py
[2022-09-21T20:29:40.977+0000] {processor.py:768} INFO - DAG(s) dict_keys(['example_branch_datetime_operator_3', 'example_branch_datetime_operator_2', 'example_branch_datetime_operator']) retrieved from /home/airflow/.local/lib/python3.7/site-packages/airflow/example_dags/example_branch_datetime_operator.py
[2022-09-21T20:29:41.179+0000] {logging_mixin.py:117} INFO - [2022-09-21T20:29:41.178+0000] {dag.py:2573} INFO - Sync 3 DAGs
[2022-09-21T20:29:41.286+0000] {logging_mixin.py:117} INFO - [2022-09-21T20:29:41.286+0000] {dag.py:3328} INFO - Setting next_dagrun for example_branch_datetime_operator to 2022-09-20T00:00:00+00:00, run_after=2022-09-21T00:00:00+00:00
[2022-09-21T20:29:41.301+0000] {logging_mixin.py:117} INFO - [2022-09-21T20:29:41.300+0000] {dag.py:3328} INFO - Setting next_dagrun for example_branch_datetime_operator_2 to 2022-09-20T00:00:00+00:00, run_after=2022-09-21T00:00:00+00:00
[2022-09-21T20:29:41.309+0000] {logging_mixin.py:117} INFO - [2022-09-21T20:29:41.308+0000] {dag.py:3328} INFO - Setting next_dagrun for example_branch_datetime_operator_3 to 2022-09-20T00:00:00+00:00, run_after=2022-09-21T00:00:00+00:00
[2022-09-21T20:29:41.428+0000] {processor.py:178} INFO - Processing /home/airflow/.local/lib/python3.7/site-packages/airflow/example_dags/example_branch_datetime_operator.py took 0.614 seconds
[2022-09-21T20:30:12.478+0000] {processor.py:156} INFO - Started process (PID=1216) to work on /home/airflow/.local/lib/python3.7/site-packages/airflow/example_dags/example_branch_datetime_operator.py
[2022-09-21T20:30:12.485+0000] {processor.py:758} INFO - Processing file /home/airflow/.local/lib/python3.7/site-packages/airflow/example_dags/example_branch_datetime_operator.py for tasks to queue
[2022-09-21T20:30:12.487+0000] {logging_mixin.py:117} INFO - [2022-09-21T20:30:12.487+0000] {dagbag.py:525} INFO - Filling up the DagBag from /home/airflow/.local/lib/python3.7/site-packages/airflow/example_dags/example_branch_datetime_operator.py
[2022-09-21T20:30:12.592+0000] {processor.py:768} INFO - DAG(s) dict_keys(['example_branch_datetime_operator_2', 'example_branch_datetime_operator_3', 'example_branch_datetime_operator']) retrieved from /home/airflow/.local/lib/python3.7/site-packages/airflow/example_dags/example_branch_datetime_operator.py
[2022-09-21T20:30:12.740+0000] {logging_mixin.py:117} INFO - [2022-09-21T20:30:12.739+0000] {dag.py:2573} INFO - Sync 3 DAGs
[2022-09-21T20:30:12.859+0000] {logging_mixin.py:117} INFO - [2022-09-21T20:30:12.858+0000] {dag.py:3328} INFO - Setting next_dagrun for example_branch_datetime_operator to 2022-09-20T00:00:00+00:00, run_after=2022-09-21T00:00:00+00:00
[2022-09-21T20:30:12.879+0000] {logging_mixin.py:117} INFO - [2022-09-21T20:30:12.878+0000] {dag.py:3328} INFO - Setting next_dagrun for example_branch_datetime_operator_2 to 2022-09-20T00:00:00+00:00, run_after=2022-09-21T00:00:00+00:00
[2022-09-21T20:30:12.889+0000] {logging_mixin.py:117} INFO - [2022-09-21T20:30:12.888+0000] {dag.py:3328} INFO - Setting next_dagrun for example_branch_datetime_operator_3 to 2022-09-20T00:00:00+00:00, run_after=2022-09-21T00:00:00+00:00
[2022-09-21T20:30:12.978+0000] {processor.py:178} INFO - Processing /home/airflow/.local/lib/python3.7/site-packages/airflow/example_dags/example_branch_datetime_operator.py took 0.508 seconds
[2022-09-21T20:30:43.232+0000] {processor.py:156} INFO - Started process (PID=1272) to work on /home/airflow/.local/lib/python3.7/site-packages/airflow/example_dags/example_branch_datetime_operator.py
[2022-09-21T20:30:43.233+0000] {processor.py:758} INFO - Processing file /home/airflow/.local/lib/python3.7/site-packages/airflow/example_dags/example_branch_datetime_operator.py for tasks to queue
[2022-09-21T20:30:43.234+0000] {logging_mixin.py:117} INFO - [2022-09-21T20:30:43.234+0000] {dagbag.py:525} INFO - Filling up the DagBag from /home/airflow/.local/lib/python3.7/site-packages/airflow/example_dags/example_branch_datetime_operator.py
[2022-09-21T20:30:43.264+0000] {processor.py:768} INFO - DAG(s) dict_keys(['example_branch_datetime_operator_3', 'example_branch_datetime_operator', 'example_branch_datetime_operator_2']) retrieved from /home/airflow/.local/lib/python3.7/site-packages/airflow/example_dags/example_branch_datetime_operator.py
[2022-09-21T20:30:43.342+0000] {logging_mixin.py:117} INFO - [2022-09-21T20:30:43.341+0000] {dag.py:2573} INFO - Sync 3 DAGs
[2022-09-21T20:30:43.391+0000] {logging_mixin.py:117} INFO - [2022-09-21T20:30:43.391+0000] {dag.py:3328} INFO - Setting next_dagrun for example_branch_datetime_operator to 2022-09-20T00:00:00+00:00, run_after=2022-09-21T00:00:00+00:00
[2022-09-21T20:30:43.401+0000] {logging_mixin.py:117} INFO - [2022-09-21T20:30:43.401+0000] {dag.py:3328} INFO - Setting next_dagrun for example_branch_datetime_operator_2 to 2022-09-20T00:00:00+00:00, run_after=2022-09-21T00:00:00+00:00
[2022-09-21T20:30:43.408+0000] {logging_mixin.py:117} INFO - [2022-09-21T20:30:43.407+0000] {dag.py:3328} INFO - Setting next_dagrun for example_branch_datetime_operator_3 to 2022-09-20T00:00:00+00:00, run_after=2022-09-21T00:00:00+00:00
[2022-09-21T20:30:43.456+0000] {processor.py:178} INFO - Processing /home/airflow/.local/lib/python3.7/site-packages/airflow/example_dags/example_branch_datetime_operator.py took 0.228 seconds
[2022-09-21T20:31:13.672+0000] {processor.py:156} INFO - Started process (PID=1327) to work on /home/airflow/.local/lib/python3.7/site-packages/airflow/example_dags/example_branch_datetime_operator.py
[2022-09-21T20:31:13.673+0000] {processor.py:758} INFO - Processing file /home/airflow/.local/lib/python3.7/site-packages/airflow/example_dags/example_branch_datetime_operator.py for tasks to queue
[2022-09-21T20:31:13.673+0000] {logging_mixin.py:117} INFO - [2022-09-21T20:31:13.673+0000] {dagbag.py:525} INFO - Filling up the DagBag from /home/airflow/.local/lib/python3.7/site-packages/airflow/example_dags/example_branch_datetime_operator.py
[2022-09-21T20:31:13.704+0000] {processor.py:768} INFO - DAG(s) dict_keys(['example_branch_datetime_operator_3', 'example_branch_datetime_operator_2', 'example_branch_datetime_operator']) retrieved from /home/airflow/.local/lib/python3.7/site-packages/airflow/example_dags/example_branch_datetime_operator.py
[2022-09-21T20:31:13.770+0000] {logging_mixin.py:117} INFO - [2022-09-21T20:31:13.770+0000] {dag.py:2573} INFO - Sync 3 DAGs
[2022-09-21T20:31:13.822+0000] {logging_mixin.py:117} INFO - [2022-09-21T20:31:13.822+0000] {dag.py:3328} INFO - Setting next_dagrun for example_branch_datetime_operator to 2022-09-20T00:00:00+00:00, run_after=2022-09-21T00:00:00+00:00
[2022-09-21T20:31:13.830+0000] {logging_mixin.py:117} INFO - [2022-09-21T20:31:13.830+0000] {dag.py:3328} INFO - Setting next_dagrun for example_branch_datetime_operator_2 to 2022-09-20T00:00:00+00:00, run_after=2022-09-21T00:00:00+00:00
[2022-09-21T20:31:13.835+0000] {logging_mixin.py:117} INFO - [2022-09-21T20:31:13.835+0000] {dag.py:3328} INFO - Setting next_dagrun for example_branch_datetime_operator_3 to 2022-09-20T00:00:00+00:00, run_after=2022-09-21T00:00:00+00:00
[2022-09-21T20:31:13.885+0000] {processor.py:178} INFO - Processing /home/airflow/.local/lib/python3.7/site-packages/airflow/example_dags/example_branch_datetime_operator.py took 0.217 seconds
[2022-09-21T20:31:44.076+0000] {processor.py:156} INFO - Started process (PID=1391) to work on /home/airflow/.local/lib/python3.7/site-packages/airflow/example_dags/example_branch_datetime_operator.py
[2022-09-21T20:31:44.077+0000] {processor.py:758} INFO - Processing file /home/airflow/.local/lib/python3.7/site-packages/airflow/example_dags/example_branch_datetime_operator.py for tasks to queue
[2022-09-21T20:31:44.077+0000] {logging_mixin.py:117} INFO - [2022-09-21T20:31:44.077+0000] {dagbag.py:525} INFO - Filling up the DagBag from /home/airflow/.local/lib/python3.7/site-packages/airflow/example_dags/example_branch_datetime_operator.py
[2022-09-21T20:31:44.098+0000] {processor.py:768} INFO - DAG(s) dict_keys(['example_branch_datetime_operator', 'example_branch_datetime_operator_2', 'example_branch_datetime_operator_3']) retrieved from /home/airflow/.local/lib/python3.7/site-packages/airflow/example_dags/example_branch_datetime_operator.py
[2022-09-21T20:31:44.152+0000] {logging_mixin.py:117} INFO - [2022-09-21T20:31:44.152+0000] {dag.py:2573} INFO - Sync 3 DAGs
[2022-09-21T20:31:44.185+0000] {logging_mixin.py:117} INFO - [2022-09-21T20:31:44.185+0000] {dag.py:3328} INFO - Setting next_dagrun for example_branch_datetime_operator to 2022-09-20T00:00:00+00:00, run_after=2022-09-21T00:00:00+00:00
[2022-09-21T20:31:44.191+0000] {logging_mixin.py:117} INFO - [2022-09-21T20:31:44.191+0000] {dag.py:3328} INFO - Setting next_dagrun for example_branch_datetime_operator_2 to 2022-09-20T00:00:00+00:00, run_after=2022-09-21T00:00:00+00:00
[2022-09-21T20:31:44.195+0000] {logging_mixin.py:117} INFO - [2022-09-21T20:31:44.195+0000] {dag.py:3328} INFO - Setting next_dagrun for example_branch_datetime_operator_3 to 2022-09-20T00:00:00+00:00, run_after=2022-09-21T00:00:00+00:00
[2022-09-21T20:31:44.215+0000] {processor.py:178} INFO - Processing /home/airflow/.local/lib/python3.7/site-packages/airflow/example_dags/example_branch_datetime_operator.py took 0.143 seconds
[2022-09-21T20:32:14.629+0000] {processor.py:156} INFO - Started process (PID=1455) to work on /home/airflow/.local/lib/python3.7/site-packages/airflow/example_dags/example_branch_datetime_operator.py
[2022-09-21T20:32:14.630+0000] {processor.py:758} INFO - Processing file /home/airflow/.local/lib/python3.7/site-packages/airflow/example_dags/example_branch_datetime_operator.py for tasks to queue
[2022-09-21T20:32:14.631+0000] {logging_mixin.py:117} INFO - [2022-09-21T20:32:14.631+0000] {dagbag.py:525} INFO - Filling up the DagBag from /home/airflow/.local/lib/python3.7/site-packages/airflow/example_dags/example_branch_datetime_operator.py
[2022-09-21T20:32:14.657+0000] {processor.py:768} INFO - DAG(s) dict_keys(['example_branch_datetime_operator', 'example_branch_datetime_operator_3', 'example_branch_datetime_operator_2']) retrieved from /home/airflow/.local/lib/python3.7/site-packages/airflow/example_dags/example_branch_datetime_operator.py
[2022-09-21T20:32:14.737+0000] {logging_mixin.py:117} INFO - [2022-09-21T20:32:14.737+0000] {dag.py:2573} INFO - Sync 3 DAGs
[2022-09-21T20:32:14.804+0000] {logging_mixin.py:117} INFO - [2022-09-21T20:32:14.803+0000] {dag.py:3328} INFO - Setting next_dagrun for example_branch_datetime_operator to 2022-09-20T00:00:00+00:00, run_after=2022-09-21T00:00:00+00:00
[2022-09-21T20:32:14.816+0000] {logging_mixin.py:117} INFO - [2022-09-21T20:32:14.815+0000] {dag.py:3328} INFO - Setting next_dagrun for example_branch_datetime_operator_2 to 2022-09-20T00:00:00+00:00, run_after=2022-09-21T00:00:00+00:00
[2022-09-21T20:32:14.823+0000] {logging_mixin.py:117} INFO - [2022-09-21T20:32:14.822+0000] {dag.py:3328} INFO - Setting next_dagrun for example_branch_datetime_operator_3 to 2022-09-20T00:00:00+00:00, run_after=2022-09-21T00:00:00+00:00
[2022-09-21T20:32:14.860+0000] {processor.py:178} INFO - Processing /home/airflow/.local/lib/python3.7/site-packages/airflow/example_dags/example_branch_datetime_operator.py took 0.238 seconds
[2022-09-21T20:32:44.922+0000] {processor.py:156} INFO - Started process (PID=1511) to work on /home/airflow/.local/lib/python3.7/site-packages/airflow/example_dags/example_branch_datetime_operator.py
[2022-09-21T20:32:44.923+0000] {processor.py:758} INFO - Processing file /home/airflow/.local/lib/python3.7/site-packages/airflow/example_dags/example_branch_datetime_operator.py for tasks to queue
[2022-09-21T20:32:44.924+0000] {logging_mixin.py:117} INFO - [2022-09-21T20:32:44.924+0000] {dagbag.py:525} INFO - Filling up the DagBag from /home/airflow/.local/lib/python3.7/site-packages/airflow/example_dags/example_branch_datetime_operator.py
[2022-09-21T20:32:44.948+0000] {processor.py:768} INFO - DAG(s) dict_keys(['example_branch_datetime_operator_2', 'example_branch_datetime_operator', 'example_branch_datetime_operator_3']) retrieved from /home/airflow/.local/lib/python3.7/site-packages/airflow/example_dags/example_branch_datetime_operator.py
[2022-09-21T20:32:45.001+0000] {logging_mixin.py:117} INFO - [2022-09-21T20:32:45.001+0000] {dag.py:2573} INFO - Sync 3 DAGs
[2022-09-21T20:32:45.034+0000] {logging_mixin.py:117} INFO - [2022-09-21T20:32:45.034+0000] {dag.py:3328} INFO - Setting next_dagrun for example_branch_datetime_operator to 2022-09-20T00:00:00+00:00, run_after=2022-09-21T00:00:00+00:00
[2022-09-21T20:32:45.041+0000] {logging_mixin.py:117} INFO - [2022-09-21T20:32:45.041+0000] {dag.py:3328} INFO - Setting next_dagrun for example_branch_datetime_operator_2 to 2022-09-20T00:00:00+00:00, run_after=2022-09-21T00:00:00+00:00
[2022-09-21T20:32:45.044+0000] {logging_mixin.py:117} INFO - [2022-09-21T20:32:45.044+0000] {dag.py:3328} INFO - Setting next_dagrun for example_branch_datetime_operator_3 to 2022-09-20T00:00:00+00:00, run_after=2022-09-21T00:00:00+00:00
[2022-09-21T20:32:45.067+0000] {processor.py:178} INFO - Processing /home/airflow/.local/lib/python3.7/site-packages/airflow/example_dags/example_branch_datetime_operator.py took 0.147 seconds
[2022-09-21T20:33:17.977+0000] {processor.py:156} INFO - Started process (PID=1573) to work on /home/airflow/.local/lib/python3.7/site-packages/airflow/example_dags/example_branch_datetime_operator.py
[2022-09-21T20:33:17.980+0000] {processor.py:758} INFO - Processing file /home/airflow/.local/lib/python3.7/site-packages/airflow/example_dags/example_branch_datetime_operator.py for tasks to queue
[2022-09-21T20:33:18.001+0000] {logging_mixin.py:117} INFO - [2022-09-21T20:33:18.000+0000] {dagbag.py:525} INFO - Filling up the DagBag from /home/airflow/.local/lib/python3.7/site-packages/airflow/example_dags/example_branch_datetime_operator.py
[2022-09-21T20:33:18.115+0000] {processor.py:768} INFO - DAG(s) dict_keys(['example_branch_datetime_operator_3', 'example_branch_datetime_operator_2', 'example_branch_datetime_operator']) retrieved from /home/airflow/.local/lib/python3.7/site-packages/airflow/example_dags/example_branch_datetime_operator.py
[2022-09-21T20:33:18.881+0000] {logging_mixin.py:117} INFO - [2022-09-21T20:33:18.881+0000] {dag.py:2573} INFO - Sync 3 DAGs
[2022-09-21T20:33:19.136+0000] {logging_mixin.py:117} INFO - [2022-09-21T20:33:19.136+0000] {dag.py:3328} INFO - Setting next_dagrun for example_branch_datetime_operator to 2022-09-20T00:00:00+00:00, run_after=2022-09-21T00:00:00+00:00
[2022-09-21T20:33:19.156+0000] {logging_mixin.py:117} INFO - [2022-09-21T20:33:19.155+0000] {dag.py:3328} INFO - Setting next_dagrun for example_branch_datetime_operator_2 to 2022-09-20T00:00:00+00:00, run_after=2022-09-21T00:00:00+00:00
[2022-09-21T20:33:19.171+0000] {logging_mixin.py:117} INFO - [2022-09-21T20:33:19.171+0000] {dag.py:3328} INFO - Setting next_dagrun for example_branch_datetime_operator_3 to 2022-09-20T00:00:00+00:00, run_after=2022-09-21T00:00:00+00:00
[2022-09-21T20:33:19.256+0000] {processor.py:178} INFO - Processing /home/airflow/.local/lib/python3.7/site-packages/airflow/example_dags/example_branch_datetime_operator.py took 1.338 seconds
[2022-09-21T20:33:49.519+0000] {processor.py:156} INFO - Started process (PID=1628) to work on /home/airflow/.local/lib/python3.7/site-packages/airflow/example_dags/example_branch_datetime_operator.py
[2022-09-21T20:33:49.519+0000] {processor.py:758} INFO - Processing file /home/airflow/.local/lib/python3.7/site-packages/airflow/example_dags/example_branch_datetime_operator.py for tasks to queue
[2022-09-21T20:33:49.520+0000] {logging_mixin.py:117} INFO - [2022-09-21T20:33:49.520+0000] {dagbag.py:525} INFO - Filling up the DagBag from /home/airflow/.local/lib/python3.7/site-packages/airflow/example_dags/example_branch_datetime_operator.py
[2022-09-21T20:33:49.538+0000] {processor.py:768} INFO - DAG(s) dict_keys(['example_branch_datetime_operator', 'example_branch_datetime_operator_2', 'example_branch_datetime_operator_3']) retrieved from /home/airflow/.local/lib/python3.7/site-packages/airflow/example_dags/example_branch_datetime_operator.py
[2022-09-21T20:33:49.582+0000] {logging_mixin.py:117} INFO - [2022-09-21T20:33:49.582+0000] {dag.py:2573} INFO - Sync 3 DAGs
[2022-09-21T20:33:49.609+0000] {logging_mixin.py:117} INFO - [2022-09-21T20:33:49.609+0000] {dag.py:3328} INFO - Setting next_dagrun for example_branch_datetime_operator to 2022-09-20T00:00:00+00:00, run_after=2022-09-21T00:00:00+00:00
[2022-09-21T20:33:49.614+0000] {logging_mixin.py:117} INFO - [2022-09-21T20:33:49.613+0000] {dag.py:3328} INFO - Setting next_dagrun for example_branch_datetime_operator_2 to 2022-09-20T00:00:00+00:00, run_after=2022-09-21T00:00:00+00:00
[2022-09-21T20:33:49.616+0000] {logging_mixin.py:117} INFO - [2022-09-21T20:33:49.616+0000] {dag.py:3328} INFO - Setting next_dagrun for example_branch_datetime_operator_3 to 2022-09-20T00:00:00+00:00, run_after=2022-09-21T00:00:00+00:00
[2022-09-21T20:33:49.634+0000] {processor.py:178} INFO - Processing /home/airflow/.local/lib/python3.7/site-packages/airflow/example_dags/example_branch_datetime_operator.py took 0.118 seconds
[2022-09-21T20:34:19.734+0000] {processor.py:156} INFO - Started process (PID=1682) to work on /home/airflow/.local/lib/python3.7/site-packages/airflow/example_dags/example_branch_datetime_operator.py
[2022-09-21T20:34:19.738+0000] {processor.py:758} INFO - Processing file /home/airflow/.local/lib/python3.7/site-packages/airflow/example_dags/example_branch_datetime_operator.py for tasks to queue
[2022-09-21T20:34:19.738+0000] {logging_mixin.py:117} INFO - [2022-09-21T20:34:19.738+0000] {dagbag.py:525} INFO - Filling up the DagBag from /home/airflow/.local/lib/python3.7/site-packages/airflow/example_dags/example_branch_datetime_operator.py
[2022-09-21T20:34:19.761+0000] {processor.py:768} INFO - DAG(s) dict_keys(['example_branch_datetime_operator_2', 'example_branch_datetime_operator_3', 'example_branch_datetime_operator']) retrieved from /home/airflow/.local/lib/python3.7/site-packages/airflow/example_dags/example_branch_datetime_operator.py
[2022-09-21T20:34:19.812+0000] {logging_mixin.py:117} INFO - [2022-09-21T20:34:19.812+0000] {dag.py:2573} INFO - Sync 3 DAGs
[2022-09-21T20:34:19.845+0000] {logging_mixin.py:117} INFO - [2022-09-21T20:34:19.845+0000] {dag.py:3328} INFO - Setting next_dagrun for example_branch_datetime_operator to 2022-09-20T00:00:00+00:00, run_after=2022-09-21T00:00:00+00:00
[2022-09-21T20:34:19.851+0000] {logging_mixin.py:117} INFO - [2022-09-21T20:34:19.851+0000] {dag.py:3328} INFO - Setting next_dagrun for example_branch_datetime_operator_2 to 2022-09-20T00:00:00+00:00, run_after=2022-09-21T00:00:00+00:00
[2022-09-21T20:34:19.854+0000] {logging_mixin.py:117} INFO - [2022-09-21T20:34:19.854+0000] {dag.py:3328} INFO - Setting next_dagrun for example_branch_datetime_operator_3 to 2022-09-20T00:00:00+00:00, run_after=2022-09-21T00:00:00+00:00
[2022-09-21T20:34:19.873+0000] {processor.py:178} INFO - Processing /home/airflow/.local/lib/python3.7/site-packages/airflow/example_dags/example_branch_datetime_operator.py took 0.141 seconds
[2022-09-21T20:34:50.023+0000] {processor.py:156} INFO - Started process (PID=1746) to work on /home/airflow/.local/lib/python3.7/site-packages/airflow/example_dags/example_branch_datetime_operator.py
[2022-09-21T20:34:50.024+0000] {processor.py:758} INFO - Processing file /home/airflow/.local/lib/python3.7/site-packages/airflow/example_dags/example_branch_datetime_operator.py for tasks to queue
[2022-09-21T20:34:50.024+0000] {logging_mixin.py:117} INFO - [2022-09-21T20:34:50.024+0000] {dagbag.py:525} INFO - Filling up the DagBag from /home/airflow/.local/lib/python3.7/site-packages/airflow/example_dags/example_branch_datetime_operator.py
[2022-09-21T20:34:50.049+0000] {processor.py:768} INFO - DAG(s) dict_keys(['example_branch_datetime_operator_3', 'example_branch_datetime_operator', 'example_branch_datetime_operator_2']) retrieved from /home/airflow/.local/lib/python3.7/site-packages/airflow/example_dags/example_branch_datetime_operator.py
[2022-09-21T20:34:50.131+0000] {logging_mixin.py:117} INFO - [2022-09-21T20:34:50.131+0000] {dag.py:2573} INFO - Sync 3 DAGs
[2022-09-21T20:34:50.190+0000] {logging_mixin.py:117} INFO - [2022-09-21T20:34:50.190+0000] {dag.py:3328} INFO - Setting next_dagrun for example_branch_datetime_operator to 2022-09-20T00:00:00+00:00, run_after=2022-09-21T00:00:00+00:00
[2022-09-21T20:34:50.200+0000] {logging_mixin.py:117} INFO - [2022-09-21T20:34:50.199+0000] {dag.py:3328} INFO - Setting next_dagrun for example_branch_datetime_operator_2 to 2022-09-20T00:00:00+00:00, run_after=2022-09-21T00:00:00+00:00
[2022-09-21T20:34:50.206+0000] {logging_mixin.py:117} INFO - [2022-09-21T20:34:50.205+0000] {dag.py:3328} INFO - Setting next_dagrun for example_branch_datetime_operator_3 to 2022-09-20T00:00:00+00:00, run_after=2022-09-21T00:00:00+00:00
[2022-09-21T20:34:50.233+0000] {processor.py:178} INFO - Processing /home/airflow/.local/lib/python3.7/site-packages/airflow/example_dags/example_branch_datetime_operator.py took 0.215 seconds
[2022-09-21T20:35:20.261+0000] {processor.py:156} INFO - Started process (PID=1802) to work on /home/airflow/.local/lib/python3.7/site-packages/airflow/example_dags/example_branch_datetime_operator.py
[2022-09-21T20:35:20.261+0000] {processor.py:758} INFO - Processing file /home/airflow/.local/lib/python3.7/site-packages/airflow/example_dags/example_branch_datetime_operator.py for tasks to queue
[2022-09-21T20:35:20.262+0000] {logging_mixin.py:117} INFO - [2022-09-21T20:35:20.262+0000] {dagbag.py:525} INFO - Filling up the DagBag from /home/airflow/.local/lib/python3.7/site-packages/airflow/example_dags/example_branch_datetime_operator.py
[2022-09-21T20:35:20.284+0000] {processor.py:768} INFO - DAG(s) dict_keys(['example_branch_datetime_operator_3', 'example_branch_datetime_operator', 'example_branch_datetime_operator_2']) retrieved from /home/airflow/.local/lib/python3.7/site-packages/airflow/example_dags/example_branch_datetime_operator.py
[2022-09-21T20:35:20.324+0000] {logging_mixin.py:117} INFO - [2022-09-21T20:35:20.324+0000] {dag.py:2573} INFO - Sync 3 DAGs
[2022-09-21T20:35:20.350+0000] {logging_mixin.py:117} INFO - [2022-09-21T20:35:20.350+0000] {dag.py:3328} INFO - Setting next_dagrun for example_branch_datetime_operator to 2022-09-20T00:00:00+00:00, run_after=2022-09-21T00:00:00+00:00
[2022-09-21T20:35:20.354+0000] {logging_mixin.py:117} INFO - [2022-09-21T20:35:20.354+0000] {dag.py:3328} INFO - Setting next_dagrun for example_branch_datetime_operator_2 to 2022-09-20T00:00:00+00:00, run_after=2022-09-21T00:00:00+00:00
[2022-09-21T20:35:20.356+0000] {logging_mixin.py:117} INFO - [2022-09-21T20:35:20.356+0000] {dag.py:3328} INFO - Setting next_dagrun for example_branch_datetime_operator_3 to 2022-09-20T00:00:00+00:00, run_after=2022-09-21T00:00:00+00:00
[2022-09-21T20:35:20.372+0000] {processor.py:178} INFO - Processing /home/airflow/.local/lib/python3.7/site-packages/airflow/example_dags/example_branch_datetime_operator.py took 0.115 seconds
