[2022-09-21T20:20:28.737+0000] {processor.py:156} INFO - Started process (PID=75) to work on /home/airflow/.local/lib/python3.7/site-packages/airflow/example_dags/example_short_circuit_decorator.py
[2022-09-21T20:20:28.741+0000] {processor.py:758} INFO - Processing file /home/airflow/.local/lib/python3.7/site-packages/airflow/example_dags/example_short_circuit_decorator.py for tasks to queue
[2022-09-21T20:20:28.742+0000] {logging_mixin.py:117} INFO - [2022-09-21T20:20:28.742+0000] {dagbag.py:525} INFO - Filling up the DagBag from /home/airflow/.local/lib/python3.7/site-packages/airflow/example_dags/example_short_circuit_decorator.py
[2022-09-21T20:20:28.796+0000] {processor.py:768} INFO - DAG(s) dict_keys(['example_short_circuit_decorator']) retrieved from /home/airflow/.local/lib/python3.7/site-packages/airflow/example_dags/example_short_circuit_decorator.py
[2022-09-21T20:20:29.183+0000] {logging_mixin.py:117} INFO - [2022-09-21T20:20:29.183+0000] {dag.py:2573} INFO - Sync 1 DAGs
[2022-09-21T20:20:29.249+0000] {logging_mixin.py:117} INFO - [2022-09-21T20:20:29.249+0000] {dag.py:3328} INFO - Setting next_dagrun for example_short_circuit_decorator to 2022-09-20T20:20:29.248945+00:00, run_after=2022-09-21T20:20:29.248945+00:00
[2022-09-21T20:20:29.312+0000] {processor.py:178} INFO - Processing /home/airflow/.local/lib/python3.7/site-packages/airflow/example_dags/example_short_circuit_decorator.py took 0.579 seconds
[2022-09-21T20:21:02.154+0000] {processor.py:156} INFO - Started process (PID=139) to work on /home/airflow/.local/lib/python3.7/site-packages/airflow/example_dags/example_short_circuit_decorator.py
[2022-09-21T20:21:02.157+0000] {processor.py:758} INFO - Processing file /home/airflow/.local/lib/python3.7/site-packages/airflow/example_dags/example_short_circuit_decorator.py for tasks to queue
[2022-09-21T20:21:02.158+0000] {logging_mixin.py:117} INFO - [2022-09-21T20:21:02.158+0000] {dagbag.py:525} INFO - Filling up the DagBag from /home/airflow/.local/lib/python3.7/site-packages/airflow/example_dags/example_short_circuit_decorator.py
[2022-09-21T20:21:02.603+0000] {processor.py:768} INFO - DAG(s) dict_keys(['example_short_circuit_decorator']) retrieved from /home/airflow/.local/lib/python3.7/site-packages/airflow/example_dags/example_short_circuit_decorator.py
[2022-09-21T20:21:02.766+0000] {logging_mixin.py:117} INFO - [2022-09-21T20:21:02.766+0000] {dag.py:2573} INFO - Sync 1 DAGs
[2022-09-21T20:21:02.834+0000] {logging_mixin.py:117} INFO - [2022-09-21T20:21:02.833+0000] {dag.py:3328} INFO - Setting next_dagrun for example_short_circuit_decorator to 2022-09-20T20:21:02.833482+00:00, run_after=2022-09-21T20:21:02.833482+00:00
[2022-09-21T20:21:02.877+0000] {processor.py:178} INFO - Processing /home/airflow/.local/lib/python3.7/site-packages/airflow/example_dags/example_short_circuit_decorator.py took 0.732 seconds
[2022-09-21T20:21:33.160+0000] {processor.py:156} INFO - Started process (PID=195) to work on /home/airflow/.local/lib/python3.7/site-packages/airflow/example_dags/example_short_circuit_decorator.py
[2022-09-21T20:21:33.164+0000] {processor.py:758} INFO - Processing file /home/airflow/.local/lib/python3.7/site-packages/airflow/example_dags/example_short_circuit_decorator.py for tasks to queue
[2022-09-21T20:21:33.167+0000] {logging_mixin.py:117} INFO - [2022-09-21T20:21:33.166+0000] {dagbag.py:525} INFO - Filling up the DagBag from /home/airflow/.local/lib/python3.7/site-packages/airflow/example_dags/example_short_circuit_decorator.py
[2022-09-21T20:21:33.528+0000] {processor.py:768} INFO - DAG(s) dict_keys(['example_short_circuit_decorator']) retrieved from /home/airflow/.local/lib/python3.7/site-packages/airflow/example_dags/example_short_circuit_decorator.py
[2022-09-21T20:21:33.609+0000] {logging_mixin.py:117} INFO - [2022-09-21T20:21:33.609+0000] {dag.py:2573} INFO - Sync 1 DAGs
[2022-09-21T20:21:33.656+0000] {logging_mixin.py:117} INFO - [2022-09-21T20:21:33.656+0000] {dag.py:3328} INFO - Setting next_dagrun for example_short_circuit_decorator to 2022-09-20T20:21:33.656237+00:00, run_after=2022-09-21T20:21:33.656237+00:00
[2022-09-21T20:21:33.685+0000] {processor.py:178} INFO - Processing /home/airflow/.local/lib/python3.7/site-packages/airflow/example_dags/example_short_circuit_decorator.py took 0.535 seconds
[2022-09-21T20:22:04.293+0000] {processor.py:156} INFO - Started process (PID=249) to work on /home/airflow/.local/lib/python3.7/site-packages/airflow/example_dags/example_short_circuit_decorator.py
[2022-09-21T20:22:04.294+0000] {processor.py:758} INFO - Processing file /home/airflow/.local/lib/python3.7/site-packages/airflow/example_dags/example_short_circuit_decorator.py for tasks to queue
[2022-09-21T20:22:04.294+0000] {logging_mixin.py:117} INFO - [2022-09-21T20:22:04.294+0000] {dagbag.py:525} INFO - Filling up the DagBag from /home/airflow/.local/lib/python3.7/site-packages/airflow/example_dags/example_short_circuit_decorator.py
[2022-09-21T20:22:04.316+0000] {processor.py:768} INFO - DAG(s) dict_keys(['example_short_circuit_decorator']) retrieved from /home/airflow/.local/lib/python3.7/site-packages/airflow/example_dags/example_short_circuit_decorator.py
[2022-09-21T20:22:04.345+0000] {logging_mixin.py:117} INFO - [2022-09-21T20:22:04.345+0000] {dag.py:2573} INFO - Sync 1 DAGs
[2022-09-21T20:22:04.374+0000] {logging_mixin.py:117} INFO - [2022-09-21T20:22:04.374+0000] {dag.py:3328} INFO - Setting next_dagrun for example_short_circuit_decorator to 2022-09-20T20:22:04.374155+00:00, run_after=2022-09-21T20:22:04.374155+00:00
[2022-09-21T20:22:04.397+0000] {processor.py:178} INFO - Processing /home/airflow/.local/lib/python3.7/site-packages/airflow/example_dags/example_short_circuit_decorator.py took 0.106 seconds
[2022-09-21T20:22:34.743+0000] {processor.py:156} INFO - Started process (PID=314) to work on /home/airflow/.local/lib/python3.7/site-packages/airflow/example_dags/example_short_circuit_decorator.py
[2022-09-21T20:22:34.744+0000] {processor.py:758} INFO - Processing file /home/airflow/.local/lib/python3.7/site-packages/airflow/example_dags/example_short_circuit_decorator.py for tasks to queue
[2022-09-21T20:22:34.745+0000] {logging_mixin.py:117} INFO - [2022-09-21T20:22:34.745+0000] {dagbag.py:525} INFO - Filling up the DagBag from /home/airflow/.local/lib/python3.7/site-packages/airflow/example_dags/example_short_circuit_decorator.py
[2022-09-21T20:22:34.795+0000] {processor.py:768} INFO - DAG(s) dict_keys(['example_short_circuit_decorator']) retrieved from /home/airflow/.local/lib/python3.7/site-packages/airflow/example_dags/example_short_circuit_decorator.py
[2022-09-21T20:22:34.906+0000] {logging_mixin.py:117} INFO - [2022-09-21T20:22:34.906+0000] {dag.py:2573} INFO - Sync 1 DAGs
[2022-09-21T20:22:34.978+0000] {logging_mixin.py:117} INFO - [2022-09-21T20:22:34.977+0000] {dag.py:3328} INFO - Setting next_dagrun for example_short_circuit_decorator to 2022-09-20T20:22:34.977443+00:00, run_after=2022-09-21T20:22:34.977443+00:00
[2022-09-21T20:22:35.026+0000] {processor.py:178} INFO - Processing /home/airflow/.local/lib/python3.7/site-packages/airflow/example_dags/example_short_circuit_decorator.py took 0.290 seconds
[2022-09-21T20:23:05.901+0000] {processor.py:156} INFO - Started process (PID=378) to work on /home/airflow/.local/lib/python3.7/site-packages/airflow/example_dags/example_short_circuit_decorator.py
[2022-09-21T20:23:05.902+0000] {processor.py:758} INFO - Processing file /home/airflow/.local/lib/python3.7/site-packages/airflow/example_dags/example_short_circuit_decorator.py for tasks to queue
[2022-09-21T20:23:05.903+0000] {logging_mixin.py:117} INFO - [2022-09-21T20:23:05.902+0000] {dagbag.py:525} INFO - Filling up the DagBag from /home/airflow/.local/lib/python3.7/site-packages/airflow/example_dags/example_short_circuit_decorator.py
[2022-09-21T20:23:05.928+0000] {processor.py:768} INFO - DAG(s) dict_keys(['example_short_circuit_decorator']) retrieved from /home/airflow/.local/lib/python3.7/site-packages/airflow/example_dags/example_short_circuit_decorator.py
[2022-09-21T20:23:05.961+0000] {logging_mixin.py:117} INFO - [2022-09-21T20:23:05.961+0000] {dag.py:2573} INFO - Sync 1 DAGs
[2022-09-21T20:23:05.992+0000] {logging_mixin.py:117} INFO - [2022-09-21T20:23:05.992+0000] {dag.py:3328} INFO - Setting next_dagrun for example_short_circuit_decorator to 2022-09-20T20:23:05.992140+00:00, run_after=2022-09-21T20:23:05.992140+00:00
[2022-09-21T20:23:06.017+0000] {processor.py:178} INFO - Processing /home/airflow/.local/lib/python3.7/site-packages/airflow/example_dags/example_short_circuit_decorator.py took 0.118 seconds
[2022-09-21T20:23:36.482+0000] {processor.py:156} INFO - Started process (PID=433) to work on /home/airflow/.local/lib/python3.7/site-packages/airflow/example_dags/example_short_circuit_decorator.py
[2022-09-21T20:23:36.483+0000] {processor.py:758} INFO - Processing file /home/airflow/.local/lib/python3.7/site-packages/airflow/example_dags/example_short_circuit_decorator.py for tasks to queue
[2022-09-21T20:23:36.483+0000] {logging_mixin.py:117} INFO - [2022-09-21T20:23:36.483+0000] {dagbag.py:525} INFO - Filling up the DagBag from /home/airflow/.local/lib/python3.7/site-packages/airflow/example_dags/example_short_circuit_decorator.py
[2022-09-21T20:23:36.508+0000] {processor.py:768} INFO - DAG(s) dict_keys(['example_short_circuit_decorator']) retrieved from /home/airflow/.local/lib/python3.7/site-packages/airflow/example_dags/example_short_circuit_decorator.py
[2022-09-21T20:23:36.556+0000] {logging_mixin.py:117} INFO - [2022-09-21T20:23:36.555+0000] {dag.py:2573} INFO - Sync 1 DAGs
[2022-09-21T20:23:36.594+0000] {logging_mixin.py:117} INFO - [2022-09-21T20:23:36.593+0000] {dag.py:3328} INFO - Setting next_dagrun for example_short_circuit_decorator to 2022-09-20T20:23:36.593650+00:00, run_after=2022-09-21T20:23:36.593650+00:00
[2022-09-21T20:23:36.626+0000] {processor.py:178} INFO - Processing /home/airflow/.local/lib/python3.7/site-packages/airflow/example_dags/example_short_circuit_decorator.py took 0.147 seconds
[2022-09-21T20:24:06.915+0000] {processor.py:156} INFO - Started process (PID=497) to work on /home/airflow/.local/lib/python3.7/site-packages/airflow/example_dags/example_short_circuit_decorator.py
[2022-09-21T20:24:06.915+0000] {processor.py:758} INFO - Processing file /home/airflow/.local/lib/python3.7/site-packages/airflow/example_dags/example_short_circuit_decorator.py for tasks to queue
[2022-09-21T20:24:06.916+0000] {logging_mixin.py:117} INFO - [2022-09-21T20:24:06.916+0000] {dagbag.py:525} INFO - Filling up the DagBag from /home/airflow/.local/lib/python3.7/site-packages/airflow/example_dags/example_short_circuit_decorator.py
[2022-09-21T20:24:06.938+0000] {processor.py:768} INFO - DAG(s) dict_keys(['example_short_circuit_decorator']) retrieved from /home/airflow/.local/lib/python3.7/site-packages/airflow/example_dags/example_short_circuit_decorator.py
[2022-09-21T20:24:06.986+0000] {logging_mixin.py:117} INFO - [2022-09-21T20:24:06.986+0000] {dag.py:2573} INFO - Sync 1 DAGs
[2022-09-21T20:24:07.017+0000] {logging_mixin.py:117} INFO - [2022-09-21T20:24:07.017+0000] {dag.py:3328} INFO - Setting next_dagrun for example_short_circuit_decorator to 2022-09-20T20:24:07.017026+00:00, run_after=2022-09-21T20:24:07.017026+00:00
[2022-09-21T20:24:07.041+0000] {processor.py:178} INFO - Processing /home/airflow/.local/lib/python3.7/site-packages/airflow/example_dags/example_short_circuit_decorator.py took 0.129 seconds
[2022-09-21T20:24:37.367+0000] {processor.py:156} INFO - Started process (PID=552) to work on /home/airflow/.local/lib/python3.7/site-packages/airflow/example_dags/example_short_circuit_decorator.py
[2022-09-21T20:24:37.368+0000] {processor.py:758} INFO - Processing file /home/airflow/.local/lib/python3.7/site-packages/airflow/example_dags/example_short_circuit_decorator.py for tasks to queue
[2022-09-21T20:24:37.368+0000] {logging_mixin.py:117} INFO - [2022-09-21T20:24:37.368+0000] {dagbag.py:525} INFO - Filling up the DagBag from /home/airflow/.local/lib/python3.7/site-packages/airflow/example_dags/example_short_circuit_decorator.py
[2022-09-21T20:24:37.398+0000] {processor.py:768} INFO - DAG(s) dict_keys(['example_short_circuit_decorator']) retrieved from /home/airflow/.local/lib/python3.7/site-packages/airflow/example_dags/example_short_circuit_decorator.py
[2022-09-21T20:24:37.436+0000] {logging_mixin.py:117} INFO - [2022-09-21T20:24:37.436+0000] {dag.py:2573} INFO - Sync 1 DAGs
[2022-09-21T20:24:37.460+0000] {logging_mixin.py:117} INFO - [2022-09-21T20:24:37.459+0000] {dag.py:3328} INFO - Setting next_dagrun for example_short_circuit_decorator to 2022-09-20T20:24:37.459769+00:00, run_after=2022-09-21T20:24:37.459769+00:00
[2022-09-21T20:24:37.479+0000] {processor.py:178} INFO - Processing /home/airflow/.local/lib/python3.7/site-packages/airflow/example_dags/example_short_circuit_decorator.py took 0.115 seconds
[2022-09-21T20:25:07.981+0000] {processor.py:156} INFO - Started process (PID=616) to work on /home/airflow/.local/lib/python3.7/site-packages/airflow/example_dags/example_short_circuit_decorator.py
[2022-09-21T20:25:07.983+0000] {processor.py:758} INFO - Processing file /home/airflow/.local/lib/python3.7/site-packages/airflow/example_dags/example_short_circuit_decorator.py for tasks to queue
[2022-09-21T20:25:07.984+0000] {logging_mixin.py:117} INFO - [2022-09-21T20:25:07.984+0000] {dagbag.py:525} INFO - Filling up the DagBag from /home/airflow/.local/lib/python3.7/site-packages/airflow/example_dags/example_short_circuit_decorator.py
[2022-09-21T20:25:08.071+0000] {processor.py:768} INFO - DAG(s) dict_keys(['example_short_circuit_decorator']) retrieved from /home/airflow/.local/lib/python3.7/site-packages/airflow/example_dags/example_short_circuit_decorator.py
[2022-09-21T20:25:08.153+0000] {logging_mixin.py:117} INFO - [2022-09-21T20:25:08.152+0000] {dag.py:2573} INFO - Sync 1 DAGs
[2022-09-21T20:25:08.204+0000] {logging_mixin.py:117} INFO - [2022-09-21T20:25:08.204+0000] {dag.py:3328} INFO - Setting next_dagrun for example_short_circuit_decorator to 2022-09-20T20:25:08.204059+00:00, run_after=2022-09-21T20:25:08.204059+00:00
[2022-09-21T20:25:08.238+0000] {processor.py:178} INFO - Processing /home/airflow/.local/lib/python3.7/site-packages/airflow/example_dags/example_short_circuit_decorator.py took 0.281 seconds
[2022-09-21T20:25:39.000+0000] {processor.py:156} INFO - Started process (PID=671) to work on /home/airflow/.local/lib/python3.7/site-packages/airflow/example_dags/example_short_circuit_decorator.py
[2022-09-21T20:25:39.001+0000] {processor.py:758} INFO - Processing file /home/airflow/.local/lib/python3.7/site-packages/airflow/example_dags/example_short_circuit_decorator.py for tasks to queue
[2022-09-21T20:25:39.002+0000] {logging_mixin.py:117} INFO - [2022-09-21T20:25:39.002+0000] {dagbag.py:525} INFO - Filling up the DagBag from /home/airflow/.local/lib/python3.7/site-packages/airflow/example_dags/example_short_circuit_decorator.py
[2022-09-21T20:25:39.027+0000] {processor.py:768} INFO - DAG(s) dict_keys(['example_short_circuit_decorator']) retrieved from /home/airflow/.local/lib/python3.7/site-packages/airflow/example_dags/example_short_circuit_decorator.py
[2022-09-21T20:25:39.079+0000] {logging_mixin.py:117} INFO - [2022-09-21T20:25:39.079+0000] {dag.py:2573} INFO - Sync 1 DAGs
[2022-09-21T20:25:39.114+0000] {logging_mixin.py:117} INFO - [2022-09-21T20:25:39.114+0000] {dag.py:3328} INFO - Setting next_dagrun for example_short_circuit_decorator to 2022-09-20T20:25:39.114186+00:00, run_after=2022-09-21T20:25:39.114186+00:00
[2022-09-21T20:25:39.141+0000] {processor.py:178} INFO - Processing /home/airflow/.local/lib/python3.7/site-packages/airflow/example_dags/example_short_circuit_decorator.py took 0.143 seconds
[2022-09-21T20:26:09.306+0000] {processor.py:156} INFO - Started process (PID=734) to work on /home/airflow/.local/lib/python3.7/site-packages/airflow/example_dags/example_short_circuit_decorator.py
[2022-09-21T20:26:09.306+0000] {processor.py:758} INFO - Processing file /home/airflow/.local/lib/python3.7/site-packages/airflow/example_dags/example_short_circuit_decorator.py for tasks to queue
[2022-09-21T20:26:09.307+0000] {logging_mixin.py:117} INFO - [2022-09-21T20:26:09.307+0000] {dagbag.py:525} INFO - Filling up the DagBag from /home/airflow/.local/lib/python3.7/site-packages/airflow/example_dags/example_short_circuit_decorator.py
[2022-09-21T20:26:09.329+0000] {processor.py:768} INFO - DAG(s) dict_keys(['example_short_circuit_decorator']) retrieved from /home/airflow/.local/lib/python3.7/site-packages/airflow/example_dags/example_short_circuit_decorator.py
[2022-09-21T20:26:09.365+0000] {logging_mixin.py:117} INFO - [2022-09-21T20:26:09.364+0000] {dag.py:2573} INFO - Sync 1 DAGs
[2022-09-21T20:26:09.388+0000] {logging_mixin.py:117} INFO - [2022-09-21T20:26:09.387+0000] {dag.py:3328} INFO - Setting next_dagrun for example_short_circuit_decorator to 2022-09-20T20:26:09.387796+00:00, run_after=2022-09-21T20:26:09.387796+00:00
[2022-09-21T20:26:09.406+0000] {processor.py:178} INFO - Processing /home/airflow/.local/lib/python3.7/site-packages/airflow/example_dags/example_short_circuit_decorator.py took 0.103 seconds
[2022-09-21T20:26:39.994+0000] {processor.py:156} INFO - Started process (PID=798) to work on /home/airflow/.local/lib/python3.7/site-packages/airflow/example_dags/example_short_circuit_decorator.py
[2022-09-21T20:26:39.995+0000] {processor.py:758} INFO - Processing file /home/airflow/.local/lib/python3.7/site-packages/airflow/example_dags/example_short_circuit_decorator.py for tasks to queue
[2022-09-21T20:26:39.996+0000] {logging_mixin.py:117} INFO - [2022-09-21T20:26:39.995+0000] {dagbag.py:525} INFO - Filling up the DagBag from /home/airflow/.local/lib/python3.7/site-packages/airflow/example_dags/example_short_circuit_decorator.py
[2022-09-21T20:26:40.045+0000] {processor.py:768} INFO - DAG(s) dict_keys(['example_short_circuit_decorator']) retrieved from /home/airflow/.local/lib/python3.7/site-packages/airflow/example_dags/example_short_circuit_decorator.py
[2022-09-21T20:26:40.117+0000] {logging_mixin.py:117} INFO - [2022-09-21T20:26:40.117+0000] {dag.py:2573} INFO - Sync 1 DAGs
[2022-09-21T20:26:40.168+0000] {logging_mixin.py:117} INFO - [2022-09-21T20:26:40.167+0000] {dag.py:3328} INFO - Setting next_dagrun for example_short_circuit_decorator to 2022-09-20T20:26:40.167653+00:00, run_after=2022-09-21T20:26:40.167653+00:00
[2022-09-21T20:26:40.203+0000] {processor.py:178} INFO - Processing /home/airflow/.local/lib/python3.7/site-packages/airflow/example_dags/example_short_circuit_decorator.py took 0.215 seconds
[2022-09-21T20:27:10.608+0000] {processor.py:156} INFO - Started process (PID=853) to work on /home/airflow/.local/lib/python3.7/site-packages/airflow/example_dags/example_short_circuit_decorator.py
[2022-09-21T20:27:10.608+0000] {processor.py:758} INFO - Processing file /home/airflow/.local/lib/python3.7/site-packages/airflow/example_dags/example_short_circuit_decorator.py for tasks to queue
[2022-09-21T20:27:10.609+0000] {logging_mixin.py:117} INFO - [2022-09-21T20:27:10.609+0000] {dagbag.py:525} INFO - Filling up the DagBag from /home/airflow/.local/lib/python3.7/site-packages/airflow/example_dags/example_short_circuit_decorator.py
[2022-09-21T20:27:10.644+0000] {processor.py:768} INFO - DAG(s) dict_keys(['example_short_circuit_decorator']) retrieved from /home/airflow/.local/lib/python3.7/site-packages/airflow/example_dags/example_short_circuit_decorator.py
[2022-09-21T20:27:10.689+0000] {logging_mixin.py:117} INFO - [2022-09-21T20:27:10.689+0000] {dag.py:2573} INFO - Sync 1 DAGs
[2022-09-21T20:27:10.725+0000] {logging_mixin.py:117} INFO - [2022-09-21T20:27:10.725+0000] {dag.py:3328} INFO - Setting next_dagrun for example_short_circuit_decorator to 2022-09-20T20:27:10.725491+00:00, run_after=2022-09-21T20:27:10.725491+00:00
[2022-09-21T20:27:10.748+0000] {processor.py:178} INFO - Processing /home/airflow/.local/lib/python3.7/site-packages/airflow/example_dags/example_short_circuit_decorator.py took 0.144 seconds
[2022-09-21T20:27:41.000+0000] {processor.py:156} INFO - Started process (PID=917) to work on /home/airflow/.local/lib/python3.7/site-packages/airflow/example_dags/example_short_circuit_decorator.py
[2022-09-21T20:27:41.000+0000] {processor.py:758} INFO - Processing file /home/airflow/.local/lib/python3.7/site-packages/airflow/example_dags/example_short_circuit_decorator.py for tasks to queue
[2022-09-21T20:27:41.001+0000] {logging_mixin.py:117} INFO - [2022-09-21T20:27:41.001+0000] {dagbag.py:525} INFO - Filling up the DagBag from /home/airflow/.local/lib/python3.7/site-packages/airflow/example_dags/example_short_circuit_decorator.py
[2022-09-21T20:27:41.032+0000] {processor.py:768} INFO - DAG(s) dict_keys(['example_short_circuit_decorator']) retrieved from /home/airflow/.local/lib/python3.7/site-packages/airflow/example_dags/example_short_circuit_decorator.py
[2022-09-21T20:27:41.109+0000] {logging_mixin.py:117} INFO - [2022-09-21T20:27:41.109+0000] {dag.py:2573} INFO - Sync 1 DAGs
[2022-09-21T20:27:41.153+0000] {logging_mixin.py:117} INFO - [2022-09-21T20:27:41.153+0000] {dag.py:3328} INFO - Setting next_dagrun for example_short_circuit_decorator to 2022-09-20T20:27:41.153045+00:00, run_after=2022-09-21T20:27:41.153045+00:00
[2022-09-21T20:27:41.178+0000] {processor.py:178} INFO - Processing /home/airflow/.local/lib/python3.7/site-packages/airflow/example_dags/example_short_circuit_decorator.py took 0.181 seconds
[2022-09-21T20:28:11.787+0000] {processor.py:156} INFO - Started process (PID=981) to work on /home/airflow/.local/lib/python3.7/site-packages/airflow/example_dags/example_short_circuit_decorator.py
[2022-09-21T20:28:11.788+0000] {processor.py:758} INFO - Processing file /home/airflow/.local/lib/python3.7/site-packages/airflow/example_dags/example_short_circuit_decorator.py for tasks to queue
[2022-09-21T20:28:11.788+0000] {logging_mixin.py:117} INFO - [2022-09-21T20:28:11.788+0000] {dagbag.py:525} INFO - Filling up the DagBag from /home/airflow/.local/lib/python3.7/site-packages/airflow/example_dags/example_short_circuit_decorator.py
[2022-09-21T20:28:11.819+0000] {processor.py:768} INFO - DAG(s) dict_keys(['example_short_circuit_decorator']) retrieved from /home/airflow/.local/lib/python3.7/site-packages/airflow/example_dags/example_short_circuit_decorator.py
[2022-09-21T20:28:11.879+0000] {logging_mixin.py:117} INFO - [2022-09-21T20:28:11.878+0000] {dag.py:2573} INFO - Sync 1 DAGs
[2022-09-21T20:28:11.932+0000] {logging_mixin.py:117} INFO - [2022-09-21T20:28:11.932+0000] {dag.py:3328} INFO - Setting next_dagrun for example_short_circuit_decorator to 2022-09-20T20:28:11.931623+00:00, run_after=2022-09-21T20:28:11.931623+00:00
[2022-09-21T20:28:11.980+0000] {processor.py:178} INFO - Processing /home/airflow/.local/lib/python3.7/site-packages/airflow/example_dags/example_short_circuit_decorator.py took 0.196 seconds
[2022-09-21T20:28:42.563+0000] {processor.py:156} INFO - Started process (PID=1035) to work on /home/airflow/.local/lib/python3.7/site-packages/airflow/example_dags/example_short_circuit_decorator.py
[2022-09-21T20:28:42.564+0000] {processor.py:758} INFO - Processing file /home/airflow/.local/lib/python3.7/site-packages/airflow/example_dags/example_short_circuit_decorator.py for tasks to queue
[2022-09-21T20:28:42.564+0000] {logging_mixin.py:117} INFO - [2022-09-21T20:28:42.564+0000] {dagbag.py:525} INFO - Filling up the DagBag from /home/airflow/.local/lib/python3.7/site-packages/airflow/example_dags/example_short_circuit_decorator.py
[2022-09-21T20:28:42.591+0000] {processor.py:768} INFO - DAG(s) dict_keys(['example_short_circuit_decorator']) retrieved from /home/airflow/.local/lib/python3.7/site-packages/airflow/example_dags/example_short_circuit_decorator.py
[2022-09-21T20:28:42.638+0000] {logging_mixin.py:117} INFO - [2022-09-21T20:28:42.638+0000] {dag.py:2573} INFO - Sync 1 DAGs
[2022-09-21T20:28:42.661+0000] {logging_mixin.py:117} INFO - [2022-09-21T20:28:42.661+0000] {dag.py:3328} INFO - Setting next_dagrun for example_short_circuit_decorator to 2022-09-20T20:28:42.660962+00:00, run_after=2022-09-21T20:28:42.660962+00:00
[2022-09-21T20:28:42.678+0000] {processor.py:178} INFO - Processing /home/airflow/.local/lib/python3.7/site-packages/airflow/example_dags/example_short_circuit_decorator.py took 0.119 seconds
[2022-09-21T20:29:12.990+0000] {processor.py:156} INFO - Started process (PID=1099) to work on /home/airflow/.local/lib/python3.7/site-packages/airflow/example_dags/example_short_circuit_decorator.py
[2022-09-21T20:29:12.991+0000] {processor.py:758} INFO - Processing file /home/airflow/.local/lib/python3.7/site-packages/airflow/example_dags/example_short_circuit_decorator.py for tasks to queue
[2022-09-21T20:29:12.991+0000] {logging_mixin.py:117} INFO - [2022-09-21T20:29:12.991+0000] {dagbag.py:525} INFO - Filling up the DagBag from /home/airflow/.local/lib/python3.7/site-packages/airflow/example_dags/example_short_circuit_decorator.py
[2022-09-21T20:29:13.012+0000] {processor.py:768} INFO - DAG(s) dict_keys(['example_short_circuit_decorator']) retrieved from /home/airflow/.local/lib/python3.7/site-packages/airflow/example_dags/example_short_circuit_decorator.py
[2022-09-21T20:29:13.049+0000] {logging_mixin.py:117} INFO - [2022-09-21T20:29:13.049+0000] {dag.py:2573} INFO - Sync 1 DAGs
[2022-09-21T20:29:13.071+0000] {logging_mixin.py:117} INFO - [2022-09-21T20:29:13.071+0000] {dag.py:3328} INFO - Setting next_dagrun for example_short_circuit_decorator to 2022-09-20T20:29:13.071190+00:00, run_after=2022-09-21T20:29:13.071190+00:00
[2022-09-21T20:29:13.098+0000] {processor.py:178} INFO - Processing /home/airflow/.local/lib/python3.7/site-packages/airflow/example_dags/example_short_circuit_decorator.py took 0.110 seconds
[2022-09-21T20:29:43.546+0000] {processor.py:156} INFO - Started process (PID=1163) to work on /home/airflow/.local/lib/python3.7/site-packages/airflow/example_dags/example_short_circuit_decorator.py
[2022-09-21T20:29:43.547+0000] {processor.py:758} INFO - Processing file /home/airflow/.local/lib/python3.7/site-packages/airflow/example_dags/example_short_circuit_decorator.py for tasks to queue
[2022-09-21T20:29:43.548+0000] {logging_mixin.py:117} INFO - [2022-09-21T20:29:43.548+0000] {dagbag.py:525} INFO - Filling up the DagBag from /home/airflow/.local/lib/python3.7/site-packages/airflow/example_dags/example_short_circuit_decorator.py
[2022-09-21T20:29:43.595+0000] {processor.py:768} INFO - DAG(s) dict_keys(['example_short_circuit_decorator']) retrieved from /home/airflow/.local/lib/python3.7/site-packages/airflow/example_dags/example_short_circuit_decorator.py
[2022-09-21T20:29:43.664+0000] {logging_mixin.py:117} INFO - [2022-09-21T20:29:43.664+0000] {dag.py:2573} INFO - Sync 1 DAGs
[2022-09-21T20:29:43.709+0000] {logging_mixin.py:117} INFO - [2022-09-21T20:29:43.709+0000] {dag.py:3328} INFO - Setting next_dagrun for example_short_circuit_decorator to 2022-09-20T20:29:43.708919+00:00, run_after=2022-09-21T20:29:43.708919+00:00
[2022-09-21T20:29:43.749+0000] {processor.py:178} INFO - Processing /home/airflow/.local/lib/python3.7/site-packages/airflow/example_dags/example_short_circuit_decorator.py took 0.208 seconds
[2022-09-21T20:30:14.186+0000] {processor.py:156} INFO - Started process (PID=1219) to work on /home/airflow/.local/lib/python3.7/site-packages/airflow/example_dags/example_short_circuit_decorator.py
[2022-09-21T20:30:14.189+0000] {processor.py:758} INFO - Processing file /home/airflow/.local/lib/python3.7/site-packages/airflow/example_dags/example_short_circuit_decorator.py for tasks to queue
[2022-09-21T20:30:14.191+0000] {logging_mixin.py:117} INFO - [2022-09-21T20:30:14.191+0000] {dagbag.py:525} INFO - Filling up the DagBag from /home/airflow/.local/lib/python3.7/site-packages/airflow/example_dags/example_short_circuit_decorator.py
[2022-09-21T20:30:14.317+0000] {processor.py:768} INFO - DAG(s) dict_keys(['example_short_circuit_decorator']) retrieved from /home/airflow/.local/lib/python3.7/site-packages/airflow/example_dags/example_short_circuit_decorator.py
[2022-09-21T20:30:14.490+0000] {logging_mixin.py:117} INFO - [2022-09-21T20:30:14.490+0000] {dag.py:2573} INFO - Sync 1 DAGs
[2022-09-21T20:30:14.592+0000] {logging_mixin.py:117} INFO - [2022-09-21T20:30:14.591+0000] {dag.py:3328} INFO - Setting next_dagrun for example_short_circuit_decorator to 2022-09-20T20:30:14.590647+00:00, run_after=2022-09-21T20:30:14.590647+00:00
[2022-09-21T20:30:14.700+0000] {processor.py:178} INFO - Processing /home/airflow/.local/lib/python3.7/site-packages/airflow/example_dags/example_short_circuit_decorator.py took 0.567 seconds
[2022-09-21T20:30:44.901+0000] {processor.py:156} INFO - Started process (PID=1274) to work on /home/airflow/.local/lib/python3.7/site-packages/airflow/example_dags/example_short_circuit_decorator.py
[2022-09-21T20:30:44.905+0000] {processor.py:758} INFO - Processing file /home/airflow/.local/lib/python3.7/site-packages/airflow/example_dags/example_short_circuit_decorator.py for tasks to queue
[2022-09-21T20:30:44.906+0000] {logging_mixin.py:117} INFO - [2022-09-21T20:30:44.906+0000] {dagbag.py:525} INFO - Filling up the DagBag from /home/airflow/.local/lib/python3.7/site-packages/airflow/example_dags/example_short_circuit_decorator.py
[2022-09-21T20:30:44.941+0000] {processor.py:768} INFO - DAG(s) dict_keys(['example_short_circuit_decorator']) retrieved from /home/airflow/.local/lib/python3.7/site-packages/airflow/example_dags/example_short_circuit_decorator.py
[2022-09-21T20:30:45.019+0000] {logging_mixin.py:117} INFO - [2022-09-21T20:30:45.018+0000] {dag.py:2573} INFO - Sync 1 DAGs
[2022-09-21T20:30:45.073+0000] {logging_mixin.py:117} INFO - [2022-09-21T20:30:45.073+0000] {dag.py:3328} INFO - Setting next_dagrun for example_short_circuit_decorator to 2022-09-20T20:30:45.072600+00:00, run_after=2022-09-21T20:30:45.072600+00:00
[2022-09-21T20:30:45.121+0000] {processor.py:178} INFO - Processing /home/airflow/.local/lib/python3.7/site-packages/airflow/example_dags/example_short_circuit_decorator.py took 0.224 seconds
[2022-09-21T20:31:15.227+0000] {processor.py:156} INFO - Started process (PID=1335) to work on /home/airflow/.local/lib/python3.7/site-packages/airflow/example_dags/example_short_circuit_decorator.py
[2022-09-21T20:31:15.231+0000] {processor.py:758} INFO - Processing file /home/airflow/.local/lib/python3.7/site-packages/airflow/example_dags/example_short_circuit_decorator.py for tasks to queue
[2022-09-21T20:31:15.231+0000] {logging_mixin.py:117} INFO - [2022-09-21T20:31:15.231+0000] {dagbag.py:525} INFO - Filling up the DagBag from /home/airflow/.local/lib/python3.7/site-packages/airflow/example_dags/example_short_circuit_decorator.py
[2022-09-21T20:31:15.268+0000] {processor.py:768} INFO - DAG(s) dict_keys(['example_short_circuit_decorator']) retrieved from /home/airflow/.local/lib/python3.7/site-packages/airflow/example_dags/example_short_circuit_decorator.py
[2022-09-21T20:31:15.331+0000] {logging_mixin.py:117} INFO - [2022-09-21T20:31:15.330+0000] {dag.py:2573} INFO - Sync 1 DAGs
[2022-09-21T20:31:15.369+0000] {logging_mixin.py:117} INFO - [2022-09-21T20:31:15.369+0000] {dag.py:3328} INFO - Setting next_dagrun for example_short_circuit_decorator to 2022-09-20T20:31:15.369219+00:00, run_after=2022-09-21T20:31:15.369219+00:00
[2022-09-21T20:31:15.394+0000] {processor.py:178} INFO - Processing /home/airflow/.local/lib/python3.7/site-packages/airflow/example_dags/example_short_circuit_decorator.py took 0.170 seconds
[2022-09-21T20:31:46.247+0000] {processor.py:156} INFO - Started process (PID=1393) to work on /home/airflow/.local/lib/python3.7/site-packages/airflow/example_dags/example_short_circuit_decorator.py
[2022-09-21T20:31:46.248+0000] {processor.py:758} INFO - Processing file /home/airflow/.local/lib/python3.7/site-packages/airflow/example_dags/example_short_circuit_decorator.py for tasks to queue
[2022-09-21T20:31:46.248+0000] {logging_mixin.py:117} INFO - [2022-09-21T20:31:46.248+0000] {dagbag.py:525} INFO - Filling up the DagBag from /home/airflow/.local/lib/python3.7/site-packages/airflow/example_dags/example_short_circuit_decorator.py
[2022-09-21T20:31:46.274+0000] {processor.py:768} INFO - DAG(s) dict_keys(['example_short_circuit_decorator']) retrieved from /home/airflow/.local/lib/python3.7/site-packages/airflow/example_dags/example_short_circuit_decorator.py
[2022-09-21T20:31:46.315+0000] {logging_mixin.py:117} INFO - [2022-09-21T20:31:46.314+0000] {dag.py:2573} INFO - Sync 1 DAGs
[2022-09-21T20:31:46.346+0000] {logging_mixin.py:117} INFO - [2022-09-21T20:31:46.345+0000] {dag.py:3328} INFO - Setting next_dagrun for example_short_circuit_decorator to 2022-09-20T20:31:46.345687+00:00, run_after=2022-09-21T20:31:46.345687+00:00
[2022-09-21T20:31:46.367+0000] {processor.py:178} INFO - Processing /home/airflow/.local/lib/python3.7/site-packages/airflow/example_dags/example_short_circuit_decorator.py took 0.123 seconds
[2022-09-21T20:32:16.900+0000] {processor.py:156} INFO - Started process (PID=1457) to work on /home/airflow/.local/lib/python3.7/site-packages/airflow/example_dags/example_short_circuit_decorator.py
[2022-09-21T20:32:16.903+0000] {processor.py:758} INFO - Processing file /home/airflow/.local/lib/python3.7/site-packages/airflow/example_dags/example_short_circuit_decorator.py for tasks to queue
[2022-09-21T20:32:16.904+0000] {logging_mixin.py:117} INFO - [2022-09-21T20:32:16.904+0000] {dagbag.py:525} INFO - Filling up the DagBag from /home/airflow/.local/lib/python3.7/site-packages/airflow/example_dags/example_short_circuit_decorator.py
[2022-09-21T20:32:16.930+0000] {processor.py:768} INFO - DAG(s) dict_keys(['example_short_circuit_decorator']) retrieved from /home/airflow/.local/lib/python3.7/site-packages/airflow/example_dags/example_short_circuit_decorator.py
[2022-09-21T20:32:16.983+0000] {logging_mixin.py:117} INFO - [2022-09-21T20:32:16.983+0000] {dag.py:2573} INFO - Sync 1 DAGs
[2022-09-21T20:32:17.011+0000] {logging_mixin.py:117} INFO - [2022-09-21T20:32:17.010+0000] {dag.py:3328} INFO - Setting next_dagrun for example_short_circuit_decorator to 2022-09-20T20:32:17.010714+00:00, run_after=2022-09-21T20:32:17.010714+00:00
[2022-09-21T20:32:17.031+0000] {processor.py:178} INFO - Processing /home/airflow/.local/lib/python3.7/site-packages/airflow/example_dags/example_short_circuit_decorator.py took 0.134 seconds
[2022-09-21T20:32:47.099+0000] {processor.py:156} INFO - Started process (PID=1513) to work on /home/airflow/.local/lib/python3.7/site-packages/airflow/example_dags/example_short_circuit_decorator.py
[2022-09-21T20:32:47.100+0000] {processor.py:758} INFO - Processing file /home/airflow/.local/lib/python3.7/site-packages/airflow/example_dags/example_short_circuit_decorator.py for tasks to queue
[2022-09-21T20:32:47.100+0000] {logging_mixin.py:117} INFO - [2022-09-21T20:32:47.100+0000] {dagbag.py:525} INFO - Filling up the DagBag from /home/airflow/.local/lib/python3.7/site-packages/airflow/example_dags/example_short_circuit_decorator.py
[2022-09-21T20:32:47.119+0000] {processor.py:768} INFO - DAG(s) dict_keys(['example_short_circuit_decorator']) retrieved from /home/airflow/.local/lib/python3.7/site-packages/airflow/example_dags/example_short_circuit_decorator.py
[2022-09-21T20:32:47.155+0000] {logging_mixin.py:117} INFO - [2022-09-21T20:32:47.155+0000] {dag.py:2573} INFO - Sync 1 DAGs
[2022-09-21T20:32:47.176+0000] {logging_mixin.py:117} INFO - [2022-09-21T20:32:47.176+0000] {dag.py:3328} INFO - Setting next_dagrun for example_short_circuit_decorator to 2022-09-20T20:32:47.176369+00:00, run_after=2022-09-21T20:32:47.176369+00:00
[2022-09-21T20:32:47.192+0000] {processor.py:178} INFO - Processing /home/airflow/.local/lib/python3.7/site-packages/airflow/example_dags/example_short_circuit_decorator.py took 0.095 seconds
[2022-09-21T20:33:19.892+0000] {processor.py:156} INFO - Started process (PID=1576) to work on /home/airflow/.local/lib/python3.7/site-packages/airflow/example_dags/example_short_circuit_decorator.py
[2022-09-21T20:33:19.910+0000] {processor.py:758} INFO - Processing file /home/airflow/.local/lib/python3.7/site-packages/airflow/example_dags/example_short_circuit_decorator.py for tasks to queue
[2022-09-21T20:33:19.912+0000] {logging_mixin.py:117} INFO - [2022-09-21T20:33:19.912+0000] {dagbag.py:525} INFO - Filling up the DagBag from /home/airflow/.local/lib/python3.7/site-packages/airflow/example_dags/example_short_circuit_decorator.py
[2022-09-21T20:33:20.412+0000] {processor.py:768} INFO - DAG(s) dict_keys(['example_short_circuit_decorator']) retrieved from /home/airflow/.local/lib/python3.7/site-packages/airflow/example_dags/example_short_circuit_decorator.py
[2022-09-21T20:33:21.106+0000] {logging_mixin.py:117} INFO - [2022-09-21T20:33:21.106+0000] {dag.py:2573} INFO - Sync 1 DAGs
[2022-09-21T20:33:21.421+0000] {logging_mixin.py:117} INFO - [2022-09-21T20:33:21.421+0000] {dag.py:3328} INFO - Setting next_dagrun for example_short_circuit_decorator to 2022-09-20T20:33:21.420493+00:00, run_after=2022-09-21T20:33:21.420493+00:00
[2022-09-21T20:33:21.617+0000] {processor.py:178} INFO - Processing /home/airflow/.local/lib/python3.7/site-packages/airflow/example_dags/example_short_circuit_decorator.py took 1.797 seconds
[2022-09-21T20:33:51.715+0000] {processor.py:156} INFO - Started process (PID=1631) to work on /home/airflow/.local/lib/python3.7/site-packages/airflow/example_dags/example_short_circuit_decorator.py
[2022-09-21T20:33:51.717+0000] {processor.py:758} INFO - Processing file /home/airflow/.local/lib/python3.7/site-packages/airflow/example_dags/example_short_circuit_decorator.py for tasks to queue
[2022-09-21T20:33:51.718+0000] {logging_mixin.py:117} INFO - [2022-09-21T20:33:51.718+0000] {dagbag.py:525} INFO - Filling up the DagBag from /home/airflow/.local/lib/python3.7/site-packages/airflow/example_dags/example_short_circuit_decorator.py
[2022-09-21T20:33:51.762+0000] {processor.py:768} INFO - DAG(s) dict_keys(['example_short_circuit_decorator']) retrieved from /home/airflow/.local/lib/python3.7/site-packages/airflow/example_dags/example_short_circuit_decorator.py
[2022-09-21T20:33:51.849+0000] {logging_mixin.py:117} INFO - [2022-09-21T20:33:51.849+0000] {dag.py:2573} INFO - Sync 1 DAGs
[2022-09-21T20:33:51.911+0000] {logging_mixin.py:117} INFO - [2022-09-21T20:33:51.911+0000] {dag.py:3328} INFO - Setting next_dagrun for example_short_circuit_decorator to 2022-09-20T20:33:51.911183+00:00, run_after=2022-09-21T20:33:51.911183+00:00
[2022-09-21T20:33:51.953+0000] {processor.py:178} INFO - Processing /home/airflow/.local/lib/python3.7/site-packages/airflow/example_dags/example_short_circuit_decorator.py took 0.244 seconds
[2022-09-21T20:34:22.774+0000] {processor.py:156} INFO - Started process (PID=1685) to work on /home/airflow/.local/lib/python3.7/site-packages/airflow/example_dags/example_short_circuit_decorator.py
[2022-09-21T20:34:22.775+0000] {processor.py:758} INFO - Processing file /home/airflow/.local/lib/python3.7/site-packages/airflow/example_dags/example_short_circuit_decorator.py for tasks to queue
[2022-09-21T20:34:22.776+0000] {logging_mixin.py:117} INFO - [2022-09-21T20:34:22.776+0000] {dagbag.py:525} INFO - Filling up the DagBag from /home/airflow/.local/lib/python3.7/site-packages/airflow/example_dags/example_short_circuit_decorator.py
[2022-09-21T20:34:22.813+0000] {processor.py:768} INFO - DAG(s) dict_keys(['example_short_circuit_decorator']) retrieved from /home/airflow/.local/lib/python3.7/site-packages/airflow/example_dags/example_short_circuit_decorator.py
[2022-09-21T20:34:22.874+0000] {logging_mixin.py:117} INFO - [2022-09-21T20:34:22.873+0000] {dag.py:2573} INFO - Sync 1 DAGs
[2022-09-21T20:34:22.921+0000] {logging_mixin.py:117} INFO - [2022-09-21T20:34:22.921+0000] {dag.py:3328} INFO - Setting next_dagrun for example_short_circuit_decorator to 2022-09-20T20:34:22.921204+00:00, run_after=2022-09-21T20:34:22.921204+00:00
[2022-09-21T20:34:22.962+0000] {processor.py:178} INFO - Processing /home/airflow/.local/lib/python3.7/site-packages/airflow/example_dags/example_short_circuit_decorator.py took 0.192 seconds
[2022-09-21T20:34:53.054+0000] {processor.py:156} INFO - Started process (PID=1749) to work on /home/airflow/.local/lib/python3.7/site-packages/airflow/example_dags/example_short_circuit_decorator.py
[2022-09-21T20:34:53.055+0000] {processor.py:758} INFO - Processing file /home/airflow/.local/lib/python3.7/site-packages/airflow/example_dags/example_short_circuit_decorator.py for tasks to queue
[2022-09-21T20:34:53.055+0000] {logging_mixin.py:117} INFO - [2022-09-21T20:34:53.055+0000] {dagbag.py:525} INFO - Filling up the DagBag from /home/airflow/.local/lib/python3.7/site-packages/airflow/example_dags/example_short_circuit_decorator.py
[2022-09-21T20:34:53.078+0000] {processor.py:768} INFO - DAG(s) dict_keys(['example_short_circuit_decorator']) retrieved from /home/airflow/.local/lib/python3.7/site-packages/airflow/example_dags/example_short_circuit_decorator.py
[2022-09-21T20:34:53.118+0000] {logging_mixin.py:117} INFO - [2022-09-21T20:34:53.118+0000] {dag.py:2573} INFO - Sync 1 DAGs
[2022-09-21T20:34:53.150+0000] {logging_mixin.py:117} INFO - [2022-09-21T20:34:53.150+0000] {dag.py:3328} INFO - Setting next_dagrun for example_short_circuit_decorator to 2022-09-20T20:34:53.149948+00:00, run_after=2022-09-21T20:34:53.149948+00:00
[2022-09-21T20:34:53.172+0000] {processor.py:178} INFO - Processing /home/airflow/.local/lib/python3.7/site-packages/airflow/example_dags/example_short_circuit_decorator.py took 0.121 seconds
[2022-09-21T20:35:23.410+0000] {processor.py:156} INFO - Started process (PID=1805) to work on /home/airflow/.local/lib/python3.7/site-packages/airflow/example_dags/example_short_circuit_decorator.py
[2022-09-21T20:35:23.410+0000] {processor.py:758} INFO - Processing file /home/airflow/.local/lib/python3.7/site-packages/airflow/example_dags/example_short_circuit_decorator.py for tasks to queue
[2022-09-21T20:35:23.411+0000] {logging_mixin.py:117} INFO - [2022-09-21T20:35:23.411+0000] {dagbag.py:525} INFO - Filling up the DagBag from /home/airflow/.local/lib/python3.7/site-packages/airflow/example_dags/example_short_circuit_decorator.py
[2022-09-21T20:35:23.437+0000] {processor.py:768} INFO - DAG(s) dict_keys(['example_short_circuit_decorator']) retrieved from /home/airflow/.local/lib/python3.7/site-packages/airflow/example_dags/example_short_circuit_decorator.py
[2022-09-21T20:35:23.480+0000] {logging_mixin.py:117} INFO - [2022-09-21T20:35:23.480+0000] {dag.py:2573} INFO - Sync 1 DAGs
[2022-09-21T20:35:23.508+0000] {logging_mixin.py:117} INFO - [2022-09-21T20:35:23.507+0000] {dag.py:3328} INFO - Setting next_dagrun for example_short_circuit_decorator to 2022-09-20T20:35:23.507674+00:00, run_after=2022-09-21T20:35:23.507674+00:00
[2022-09-21T20:35:23.529+0000] {processor.py:178} INFO - Processing /home/airflow/.local/lib/python3.7/site-packages/airflow/example_dags/example_short_circuit_decorator.py took 0.122 seconds
