[2022-09-21T20:17:02.123+0000] {processor.py:156} INFO - Started process (PID=69) to work on /home/airflow/.local/lib/python3.7/site-packages/airflow/example_dags/example_short_circuit_operator.py
[2022-09-21T20:17:02.124+0000] {processor.py:758} INFO - Processing file /home/airflow/.local/lib/python3.7/site-packages/airflow/example_dags/example_short_circuit_operator.py for tasks to queue
[2022-09-21T20:17:02.125+0000] {logging_mixin.py:117} INFO - [2022-09-21T20:17:02.125+0000] {dagbag.py:525} INFO - Filling up the DagBag from /home/airflow/.local/lib/python3.7/site-packages/airflow/example_dags/example_short_circuit_operator.py
[2022-09-21T20:17:02.356+0000] {processor.py:768} INFO - DAG(s) dict_keys(['example_short_circuit_operator']) retrieved from /home/airflow/.local/lib/python3.7/site-packages/airflow/example_dags/example_short_circuit_operator.py
[2022-09-21T20:17:02.679+0000] {logging_mixin.py:117} INFO - [2022-09-21T20:17:02.678+0000] {dag.py:2573} INFO - Sync 1 DAGs
[2022-09-21T20:17:02.784+0000] {logging_mixin.py:117} INFO - [2022-09-21T20:17:02.784+0000] {dag.py:3328} INFO - Setting next_dagrun for example_short_circuit_operator to 2022-09-20T20:17:02.783397+00:00, run_after=2022-09-21T20:17:02.783397+00:00
[2022-09-21T20:17:02.895+0000] {processor.py:178} INFO - Processing /home/airflow/.local/lib/python3.7/site-packages/airflow/example_dags/example_short_circuit_operator.py took 0.784 seconds
[2022-09-21T20:20:25.070+0000] {processor.py:156} INFO - Started process (PID=61) to work on /home/airflow/.local/lib/python3.7/site-packages/airflow/example_dags/example_short_circuit_operator.py
[2022-09-21T20:20:25.071+0000] {processor.py:758} INFO - Processing file /home/airflow/.local/lib/python3.7/site-packages/airflow/example_dags/example_short_circuit_operator.py for tasks to queue
[2022-09-21T20:20:25.072+0000] {logging_mixin.py:117} INFO - [2022-09-21T20:20:25.071+0000] {dagbag.py:525} INFO - Filling up the DagBag from /home/airflow/.local/lib/python3.7/site-packages/airflow/example_dags/example_short_circuit_operator.py
[2022-09-21T20:20:25.100+0000] {processor.py:768} INFO - DAG(s) dict_keys(['example_short_circuit_operator']) retrieved from /home/airflow/.local/lib/python3.7/site-packages/airflow/example_dags/example_short_circuit_operator.py
[2022-09-21T20:20:25.327+0000] {logging_mixin.py:117} INFO - [2022-09-21T20:20:25.327+0000] {dag.py:2573} INFO - Sync 1 DAGs
[2022-09-21T20:20:25.372+0000] {logging_mixin.py:117} INFO - [2022-09-21T20:20:25.372+0000] {dag.py:3328} INFO - Setting next_dagrun for example_short_circuit_operator to 2022-09-20T20:20:25.372345+00:00, run_after=2022-09-21T20:20:25.372345+00:00
[2022-09-21T20:20:25.435+0000] {processor.py:178} INFO - Processing /home/airflow/.local/lib/python3.7/site-packages/airflow/example_dags/example_short_circuit_operator.py took 0.370 seconds
[2022-09-21T20:20:56.158+0000] {processor.py:156} INFO - Started process (PID=116) to work on /home/airflow/.local/lib/python3.7/site-packages/airflow/example_dags/example_short_circuit_operator.py
[2022-09-21T20:20:56.177+0000] {processor.py:758} INFO - Processing file /home/airflow/.local/lib/python3.7/site-packages/airflow/example_dags/example_short_circuit_operator.py for tasks to queue
[2022-09-21T20:20:56.178+0000] {logging_mixin.py:117} INFO - [2022-09-21T20:20:56.177+0000] {dagbag.py:525} INFO - Filling up the DagBag from /home/airflow/.local/lib/python3.7/site-packages/airflow/example_dags/example_short_circuit_operator.py
[2022-09-21T20:20:56.277+0000] {processor.py:768} INFO - DAG(s) dict_keys(['example_short_circuit_operator']) retrieved from /home/airflow/.local/lib/python3.7/site-packages/airflow/example_dags/example_short_circuit_operator.py
[2022-09-21T20:20:56.589+0000] {logging_mixin.py:117} INFO - [2022-09-21T20:20:56.589+0000] {dag.py:2573} INFO - Sync 1 DAGs
[2022-09-21T20:20:56.686+0000] {logging_mixin.py:117} INFO - [2022-09-21T20:20:56.685+0000] {dag.py:3328} INFO - Setting next_dagrun for example_short_circuit_operator to 2022-09-20T20:20:56.685499+00:00, run_after=2022-09-21T20:20:56.685499+00:00
[2022-09-21T20:20:56.808+0000] {processor.py:178} INFO - Processing /home/airflow/.local/lib/python3.7/site-packages/airflow/example_dags/example_short_circuit_operator.py took 0.666 seconds
[2022-09-21T20:21:27.087+0000] {processor.py:156} INFO - Started process (PID=172) to work on /home/airflow/.local/lib/python3.7/site-packages/airflow/example_dags/example_short_circuit_operator.py
[2022-09-21T20:21:27.088+0000] {processor.py:758} INFO - Processing file /home/airflow/.local/lib/python3.7/site-packages/airflow/example_dags/example_short_circuit_operator.py for tasks to queue
[2022-09-21T20:21:27.089+0000] {logging_mixin.py:117} INFO - [2022-09-21T20:21:27.089+0000] {dagbag.py:525} INFO - Filling up the DagBag from /home/airflow/.local/lib/python3.7/site-packages/airflow/example_dags/example_short_circuit_operator.py
[2022-09-21T20:21:27.292+0000] {processor.py:768} INFO - DAG(s) dict_keys(['example_short_circuit_operator']) retrieved from /home/airflow/.local/lib/python3.7/site-packages/airflow/example_dags/example_short_circuit_operator.py
[2022-09-21T20:21:27.343+0000] {logging_mixin.py:117} INFO - [2022-09-21T20:21:27.343+0000] {dag.py:2573} INFO - Sync 1 DAGs
[2022-09-21T20:21:27.392+0000] {logging_mixin.py:117} INFO - [2022-09-21T20:21:27.392+0000] {dag.py:3328} INFO - Setting next_dagrun for example_short_circuit_operator to 2022-09-20T20:21:27.391984+00:00, run_after=2022-09-21T20:21:27.391984+00:00
[2022-09-21T20:21:27.448+0000] {processor.py:178} INFO - Processing /home/airflow/.local/lib/python3.7/site-packages/airflow/example_dags/example_short_circuit_operator.py took 0.367 seconds
[2022-09-21T20:21:57.875+0000] {processor.py:156} INFO - Started process (PID=235) to work on /home/airflow/.local/lib/python3.7/site-packages/airflow/example_dags/example_short_circuit_operator.py
[2022-09-21T20:21:57.876+0000] {processor.py:758} INFO - Processing file /home/airflow/.local/lib/python3.7/site-packages/airflow/example_dags/example_short_circuit_operator.py for tasks to queue
[2022-09-21T20:21:57.876+0000] {logging_mixin.py:117} INFO - [2022-09-21T20:21:57.876+0000] {dagbag.py:525} INFO - Filling up the DagBag from /home/airflow/.local/lib/python3.7/site-packages/airflow/example_dags/example_short_circuit_operator.py
[2022-09-21T20:21:57.898+0000] {processor.py:768} INFO - DAG(s) dict_keys(['example_short_circuit_operator']) retrieved from /home/airflow/.local/lib/python3.7/site-packages/airflow/example_dags/example_short_circuit_operator.py
[2022-09-21T20:21:57.931+0000] {logging_mixin.py:117} INFO - [2022-09-21T20:21:57.930+0000] {dag.py:2573} INFO - Sync 1 DAGs
[2022-09-21T20:21:57.970+0000] {logging_mixin.py:117} INFO - [2022-09-21T20:21:57.970+0000] {dag.py:3328} INFO - Setting next_dagrun for example_short_circuit_operator to 2022-09-20T20:21:57.970488+00:00, run_after=2022-09-21T20:21:57.970488+00:00
[2022-09-21T20:21:57.998+0000] {processor.py:178} INFO - Processing /home/airflow/.local/lib/python3.7/site-packages/airflow/example_dags/example_short_circuit_operator.py took 0.306 seconds
[2022-09-21T20:22:28.664+0000] {processor.py:156} INFO - Started process (PID=298) to work on /home/airflow/.local/lib/python3.7/site-packages/airflow/example_dags/example_short_circuit_operator.py
[2022-09-21T20:22:28.665+0000] {processor.py:758} INFO - Processing file /home/airflow/.local/lib/python3.7/site-packages/airflow/example_dags/example_short_circuit_operator.py for tasks to queue
[2022-09-21T20:22:28.666+0000] {logging_mixin.py:117} INFO - [2022-09-21T20:22:28.666+0000] {dagbag.py:525} INFO - Filling up the DagBag from /home/airflow/.local/lib/python3.7/site-packages/airflow/example_dags/example_short_circuit_operator.py
[2022-09-21T20:22:28.694+0000] {processor.py:768} INFO - DAG(s) dict_keys(['example_short_circuit_operator']) retrieved from /home/airflow/.local/lib/python3.7/site-packages/airflow/example_dags/example_short_circuit_operator.py
[2022-09-21T20:22:28.775+0000] {logging_mixin.py:117} INFO - [2022-09-21T20:22:28.774+0000] {dag.py:2573} INFO - Sync 1 DAGs
[2022-09-21T20:22:28.810+0000] {logging_mixin.py:117} INFO - [2022-09-21T20:22:28.810+0000] {dag.py:3328} INFO - Setting next_dagrun for example_short_circuit_operator to 2022-09-20T20:22:28.810403+00:00, run_after=2022-09-21T20:22:28.810403+00:00
[2022-09-21T20:22:28.841+0000] {processor.py:178} INFO - Processing /home/airflow/.local/lib/python3.7/site-packages/airflow/example_dags/example_short_circuit_operator.py took 0.182 seconds
[2022-09-21T20:22:59.046+0000] {processor.py:156} INFO - Started process (PID=355) to work on /home/airflow/.local/lib/python3.7/site-packages/airflow/example_dags/example_short_circuit_operator.py
[2022-09-21T20:22:59.046+0000] {processor.py:758} INFO - Processing file /home/airflow/.local/lib/python3.7/site-packages/airflow/example_dags/example_short_circuit_operator.py for tasks to queue
[2022-09-21T20:22:59.047+0000] {logging_mixin.py:117} INFO - [2022-09-21T20:22:59.047+0000] {dagbag.py:525} INFO - Filling up the DagBag from /home/airflow/.local/lib/python3.7/site-packages/airflow/example_dags/example_short_circuit_operator.py
[2022-09-21T20:22:59.067+0000] {processor.py:768} INFO - DAG(s) dict_keys(['example_short_circuit_operator']) retrieved from /home/airflow/.local/lib/python3.7/site-packages/airflow/example_dags/example_short_circuit_operator.py
[2022-09-21T20:22:59.097+0000] {logging_mixin.py:117} INFO - [2022-09-21T20:22:59.097+0000] {dag.py:2573} INFO - Sync 1 DAGs
[2022-09-21T20:22:59.139+0000] {logging_mixin.py:117} INFO - [2022-09-21T20:22:59.139+0000] {dag.py:3328} INFO - Setting next_dagrun for example_short_circuit_operator to 2022-09-20T20:22:59.139130+00:00, run_after=2022-09-21T20:22:59.139130+00:00
[2022-09-21T20:22:59.160+0000] {processor.py:178} INFO - Processing /home/airflow/.local/lib/python3.7/site-packages/airflow/example_dags/example_short_circuit_operator.py took 0.117 seconds
[2022-09-21T20:23:29.604+0000] {processor.py:156} INFO - Started process (PID=419) to work on /home/airflow/.local/lib/python3.7/site-packages/airflow/example_dags/example_short_circuit_operator.py
[2022-09-21T20:23:29.605+0000] {processor.py:758} INFO - Processing file /home/airflow/.local/lib/python3.7/site-packages/airflow/example_dags/example_short_circuit_operator.py for tasks to queue
[2022-09-21T20:23:29.606+0000] {logging_mixin.py:117} INFO - [2022-09-21T20:23:29.606+0000] {dagbag.py:525} INFO - Filling up the DagBag from /home/airflow/.local/lib/python3.7/site-packages/airflow/example_dags/example_short_circuit_operator.py
[2022-09-21T20:23:29.634+0000] {processor.py:768} INFO - DAG(s) dict_keys(['example_short_circuit_operator']) retrieved from /home/airflow/.local/lib/python3.7/site-packages/airflow/example_dags/example_short_circuit_operator.py
[2022-09-21T20:23:29.700+0000] {logging_mixin.py:117} INFO - [2022-09-21T20:23:29.700+0000] {dag.py:2573} INFO - Sync 1 DAGs
[2022-09-21T20:23:29.751+0000] {logging_mixin.py:117} INFO - [2022-09-21T20:23:29.751+0000] {dag.py:3328} INFO - Setting next_dagrun for example_short_circuit_operator to 2022-09-20T20:23:29.751355+00:00, run_after=2022-09-21T20:23:29.751355+00:00
[2022-09-21T20:23:29.787+0000] {processor.py:178} INFO - Processing /home/airflow/.local/lib/python3.7/site-packages/airflow/example_dags/example_short_circuit_operator.py took 0.187 seconds
[2022-09-21T20:23:59.902+0000] {processor.py:156} INFO - Started process (PID=474) to work on /home/airflow/.local/lib/python3.7/site-packages/airflow/example_dags/example_short_circuit_operator.py
[2022-09-21T20:23:59.903+0000] {processor.py:758} INFO - Processing file /home/airflow/.local/lib/python3.7/site-packages/airflow/example_dags/example_short_circuit_operator.py for tasks to queue
[2022-09-21T20:23:59.903+0000] {logging_mixin.py:117} INFO - [2022-09-21T20:23:59.903+0000] {dagbag.py:525} INFO - Filling up the DagBag from /home/airflow/.local/lib/python3.7/site-packages/airflow/example_dags/example_short_circuit_operator.py
[2022-09-21T20:23:59.920+0000] {processor.py:768} INFO - DAG(s) dict_keys(['example_short_circuit_operator']) retrieved from /home/airflow/.local/lib/python3.7/site-packages/airflow/example_dags/example_short_circuit_operator.py
[2022-09-21T20:23:59.971+0000] {logging_mixin.py:117} INFO - [2022-09-21T20:23:59.971+0000] {dag.py:2573} INFO - Sync 1 DAGs
[2022-09-21T20:24:00.013+0000] {logging_mixin.py:117} INFO - [2022-09-21T20:24:00.013+0000] {dag.py:3328} INFO - Setting next_dagrun for example_short_circuit_operator to 2022-09-20T20:24:00.012759+00:00, run_after=2022-09-21T20:24:00.012759+00:00
[2022-09-21T20:24:00.039+0000] {processor.py:178} INFO - Processing /home/airflow/.local/lib/python3.7/site-packages/airflow/example_dags/example_short_circuit_operator.py took 0.141 seconds
[2022-09-21T20:24:30.661+0000] {processor.py:156} INFO - Started process (PID=538) to work on /home/airflow/.local/lib/python3.7/site-packages/airflow/example_dags/example_short_circuit_operator.py
[2022-09-21T20:24:30.661+0000] {processor.py:758} INFO - Processing file /home/airflow/.local/lib/python3.7/site-packages/airflow/example_dags/example_short_circuit_operator.py for tasks to queue
[2022-09-21T20:24:30.662+0000] {logging_mixin.py:117} INFO - [2022-09-21T20:24:30.662+0000] {dagbag.py:525} INFO - Filling up the DagBag from /home/airflow/.local/lib/python3.7/site-packages/airflow/example_dags/example_short_circuit_operator.py
[2022-09-21T20:24:30.680+0000] {processor.py:768} INFO - DAG(s) dict_keys(['example_short_circuit_operator']) retrieved from /home/airflow/.local/lib/python3.7/site-packages/airflow/example_dags/example_short_circuit_operator.py
[2022-09-21T20:24:30.725+0000] {logging_mixin.py:117} INFO - [2022-09-21T20:24:30.725+0000] {dag.py:2573} INFO - Sync 1 DAGs
[2022-09-21T20:24:30.750+0000] {logging_mixin.py:117} INFO - [2022-09-21T20:24:30.750+0000] {dag.py:3328} INFO - Setting next_dagrun for example_short_circuit_operator to 2022-09-20T20:24:30.750221+00:00, run_after=2022-09-21T20:24:30.750221+00:00
[2022-09-21T20:24:30.771+0000] {processor.py:178} INFO - Processing /home/airflow/.local/lib/python3.7/site-packages/airflow/example_dags/example_short_circuit_operator.py took 0.113 seconds
[2022-09-21T20:25:00.792+0000] {processor.py:156} INFO - Started process (PID=593) to work on /home/airflow/.local/lib/python3.7/site-packages/airflow/example_dags/example_short_circuit_operator.py
[2022-09-21T20:25:00.796+0000] {processor.py:758} INFO - Processing file /home/airflow/.local/lib/python3.7/site-packages/airflow/example_dags/example_short_circuit_operator.py for tasks to queue
[2022-09-21T20:25:00.797+0000] {logging_mixin.py:117} INFO - [2022-09-21T20:25:00.797+0000] {dagbag.py:525} INFO - Filling up the DagBag from /home/airflow/.local/lib/python3.7/site-packages/airflow/example_dags/example_short_circuit_operator.py
[2022-09-21T20:25:00.821+0000] {processor.py:768} INFO - DAG(s) dict_keys(['example_short_circuit_operator']) retrieved from /home/airflow/.local/lib/python3.7/site-packages/airflow/example_dags/example_short_circuit_operator.py
[2022-09-21T20:25:00.862+0000] {logging_mixin.py:117} INFO - [2022-09-21T20:25:00.862+0000] {dag.py:2573} INFO - Sync 1 DAGs
[2022-09-21T20:25:00.909+0000] {logging_mixin.py:117} INFO - [2022-09-21T20:25:00.909+0000] {dag.py:3328} INFO - Setting next_dagrun for example_short_circuit_operator to 2022-09-20T20:25:00.908677+00:00, run_after=2022-09-21T20:25:00.908677+00:00
[2022-09-21T20:25:00.943+0000] {processor.py:178} INFO - Processing /home/airflow/.local/lib/python3.7/site-packages/airflow/example_dags/example_short_circuit_operator.py took 0.155 seconds
[2022-09-21T20:25:31.276+0000] {processor.py:156} INFO - Started process (PID=657) to work on /home/airflow/.local/lib/python3.7/site-packages/airflow/example_dags/example_short_circuit_operator.py
[2022-09-21T20:25:31.276+0000] {processor.py:758} INFO - Processing file /home/airflow/.local/lib/python3.7/site-packages/airflow/example_dags/example_short_circuit_operator.py for tasks to queue
[2022-09-21T20:25:31.277+0000] {logging_mixin.py:117} INFO - [2022-09-21T20:25:31.277+0000] {dagbag.py:525} INFO - Filling up the DagBag from /home/airflow/.local/lib/python3.7/site-packages/airflow/example_dags/example_short_circuit_operator.py
[2022-09-21T20:25:31.290+0000] {processor.py:768} INFO - DAG(s) dict_keys(['example_short_circuit_operator']) retrieved from /home/airflow/.local/lib/python3.7/site-packages/airflow/example_dags/example_short_circuit_operator.py
[2022-09-21T20:25:31.324+0000] {logging_mixin.py:117} INFO - [2022-09-21T20:25:31.323+0000] {dag.py:2573} INFO - Sync 1 DAGs
[2022-09-21T20:25:31.345+0000] {logging_mixin.py:117} INFO - [2022-09-21T20:25:31.344+0000] {dag.py:3328} INFO - Setting next_dagrun for example_short_circuit_operator to 2022-09-20T20:25:31.344604+00:00, run_after=2022-09-21T20:25:31.344604+00:00
[2022-09-21T20:25:31.362+0000] {processor.py:178} INFO - Processing /home/airflow/.local/lib/python3.7/site-packages/airflow/example_dags/example_short_circuit_operator.py took 0.088 seconds
[2022-09-21T20:26:01.508+0000] {processor.py:156} INFO - Started process (PID=712) to work on /home/airflow/.local/lib/python3.7/site-packages/airflow/example_dags/example_short_circuit_operator.py
[2022-09-21T20:26:01.509+0000] {processor.py:758} INFO - Processing file /home/airflow/.local/lib/python3.7/site-packages/airflow/example_dags/example_short_circuit_operator.py for tasks to queue
[2022-09-21T20:26:01.509+0000] {logging_mixin.py:117} INFO - [2022-09-21T20:26:01.509+0000] {dagbag.py:525} INFO - Filling up the DagBag from /home/airflow/.local/lib/python3.7/site-packages/airflow/example_dags/example_short_circuit_operator.py
[2022-09-21T20:26:01.523+0000] {processor.py:768} INFO - DAG(s) dict_keys(['example_short_circuit_operator']) retrieved from /home/airflow/.local/lib/python3.7/site-packages/airflow/example_dags/example_short_circuit_operator.py
[2022-09-21T20:26:01.562+0000] {logging_mixin.py:117} INFO - [2022-09-21T20:26:01.562+0000] {dag.py:2573} INFO - Sync 1 DAGs
[2022-09-21T20:26:01.586+0000] {logging_mixin.py:117} INFO - [2022-09-21T20:26:01.586+0000] {dag.py:3328} INFO - Setting next_dagrun for example_short_circuit_operator to 2022-09-20T20:26:01.586201+00:00, run_after=2022-09-21T20:26:01.586201+00:00
[2022-09-21T20:26:01.603+0000] {processor.py:178} INFO - Processing /home/airflow/.local/lib/python3.7/site-packages/airflow/example_dags/example_short_circuit_operator.py took 0.098 seconds
[2022-09-21T20:26:32.160+0000] {processor.py:156} INFO - Started process (PID=775) to work on /home/airflow/.local/lib/python3.7/site-packages/airflow/example_dags/example_short_circuit_operator.py
[2022-09-21T20:26:32.161+0000] {processor.py:758} INFO - Processing file /home/airflow/.local/lib/python3.7/site-packages/airflow/example_dags/example_short_circuit_operator.py for tasks to queue
[2022-09-21T20:26:32.161+0000] {logging_mixin.py:117} INFO - [2022-09-21T20:26:32.161+0000] {dagbag.py:525} INFO - Filling up the DagBag from /home/airflow/.local/lib/python3.7/site-packages/airflow/example_dags/example_short_circuit_operator.py
[2022-09-21T20:26:32.175+0000] {processor.py:768} INFO - DAG(s) dict_keys(['example_short_circuit_operator']) retrieved from /home/airflow/.local/lib/python3.7/site-packages/airflow/example_dags/example_short_circuit_operator.py
[2022-09-21T20:26:32.220+0000] {logging_mixin.py:117} INFO - [2022-09-21T20:26:32.219+0000] {dag.py:2573} INFO - Sync 1 DAGs
[2022-09-21T20:26:32.250+0000] {logging_mixin.py:117} INFO - [2022-09-21T20:26:32.250+0000] {dag.py:3328} INFO - Setting next_dagrun for example_short_circuit_operator to 2022-09-20T20:26:32.250138+00:00, run_after=2022-09-21T20:26:32.250138+00:00
[2022-09-21T20:26:32.274+0000] {processor.py:178} INFO - Processing /home/airflow/.local/lib/python3.7/site-packages/airflow/example_dags/example_short_circuit_operator.py took 0.116 seconds
[2022-09-21T20:27:03.033+0000] {processor.py:156} INFO - Started process (PID=839) to work on /home/airflow/.local/lib/python3.7/site-packages/airflow/example_dags/example_short_circuit_operator.py
[2022-09-21T20:27:03.033+0000] {processor.py:758} INFO - Processing file /home/airflow/.local/lib/python3.7/site-packages/airflow/example_dags/example_short_circuit_operator.py for tasks to queue
[2022-09-21T20:27:03.034+0000] {logging_mixin.py:117} INFO - [2022-09-21T20:27:03.033+0000] {dagbag.py:525} INFO - Filling up the DagBag from /home/airflow/.local/lib/python3.7/site-packages/airflow/example_dags/example_short_circuit_operator.py
[2022-09-21T20:27:03.047+0000] {processor.py:768} INFO - DAG(s) dict_keys(['example_short_circuit_operator']) retrieved from /home/airflow/.local/lib/python3.7/site-packages/airflow/example_dags/example_short_circuit_operator.py
[2022-09-21T20:27:03.081+0000] {logging_mixin.py:117} INFO - [2022-09-21T20:27:03.081+0000] {dag.py:2573} INFO - Sync 1 DAGs
[2022-09-21T20:27:03.102+0000] {logging_mixin.py:117} INFO - [2022-09-21T20:27:03.102+0000] {dag.py:3328} INFO - Setting next_dagrun for example_short_circuit_operator to 2022-09-20T20:27:03.102392+00:00, run_after=2022-09-21T20:27:03.102392+00:00
[2022-09-21T20:27:03.119+0000] {processor.py:178} INFO - Processing /home/airflow/.local/lib/python3.7/site-packages/airflow/example_dags/example_short_circuit_operator.py took 0.089 seconds
[2022-09-21T20:27:33.358+0000] {processor.py:156} INFO - Started process (PID=894) to work on /home/airflow/.local/lib/python3.7/site-packages/airflow/example_dags/example_short_circuit_operator.py
[2022-09-21T20:27:33.359+0000] {processor.py:758} INFO - Processing file /home/airflow/.local/lib/python3.7/site-packages/airflow/example_dags/example_short_circuit_operator.py for tasks to queue
[2022-09-21T20:27:33.359+0000] {logging_mixin.py:117} INFO - [2022-09-21T20:27:33.359+0000] {dagbag.py:525} INFO - Filling up the DagBag from /home/airflow/.local/lib/python3.7/site-packages/airflow/example_dags/example_short_circuit_operator.py
[2022-09-21T20:27:33.374+0000] {processor.py:768} INFO - DAG(s) dict_keys(['example_short_circuit_operator']) retrieved from /home/airflow/.local/lib/python3.7/site-packages/airflow/example_dags/example_short_circuit_operator.py
[2022-09-21T20:27:33.412+0000] {logging_mixin.py:117} INFO - [2022-09-21T20:27:33.412+0000] {dag.py:2573} INFO - Sync 1 DAGs
[2022-09-21T20:27:33.437+0000] {logging_mixin.py:117} INFO - [2022-09-21T20:27:33.437+0000] {dag.py:3328} INFO - Setting next_dagrun for example_short_circuit_operator to 2022-09-20T20:27:33.437292+00:00, run_after=2022-09-21T20:27:33.437292+00:00
[2022-09-21T20:27:33.456+0000] {processor.py:178} INFO - Processing /home/airflow/.local/lib/python3.7/site-packages/airflow/example_dags/example_short_circuit_operator.py took 0.101 seconds
[2022-09-21T20:28:03.971+0000] {processor.py:156} INFO - Started process (PID=958) to work on /home/airflow/.local/lib/python3.7/site-packages/airflow/example_dags/example_short_circuit_operator.py
[2022-09-21T20:28:03.972+0000] {processor.py:758} INFO - Processing file /home/airflow/.local/lib/python3.7/site-packages/airflow/example_dags/example_short_circuit_operator.py for tasks to queue
[2022-09-21T20:28:03.973+0000] {logging_mixin.py:117} INFO - [2022-09-21T20:28:03.973+0000] {dagbag.py:525} INFO - Filling up the DagBag from /home/airflow/.local/lib/python3.7/site-packages/airflow/example_dags/example_short_circuit_operator.py
[2022-09-21T20:28:03.989+0000] {processor.py:768} INFO - DAG(s) dict_keys(['example_short_circuit_operator']) retrieved from /home/airflow/.local/lib/python3.7/site-packages/airflow/example_dags/example_short_circuit_operator.py
[2022-09-21T20:28:04.035+0000] {logging_mixin.py:117} INFO - [2022-09-21T20:28:04.035+0000] {dag.py:2573} INFO - Sync 1 DAGs
[2022-09-21T20:28:04.066+0000] {logging_mixin.py:117} INFO - [2022-09-21T20:28:04.065+0000] {dag.py:3328} INFO - Setting next_dagrun for example_short_circuit_operator to 2022-09-20T20:28:04.065744+00:00, run_after=2022-09-21T20:28:04.065744+00:00
[2022-09-21T20:28:04.084+0000] {processor.py:178} INFO - Processing /home/airflow/.local/lib/python3.7/site-packages/airflow/example_dags/example_short_circuit_operator.py took 0.115 seconds
[2022-09-21T20:28:34.668+0000] {processor.py:156} INFO - Started process (PID=1021) to work on /home/airflow/.local/lib/python3.7/site-packages/airflow/example_dags/example_short_circuit_operator.py
[2022-09-21T20:28:34.669+0000] {processor.py:758} INFO - Processing file /home/airflow/.local/lib/python3.7/site-packages/airflow/example_dags/example_short_circuit_operator.py for tasks to queue
[2022-09-21T20:28:34.669+0000] {logging_mixin.py:117} INFO - [2022-09-21T20:28:34.669+0000] {dagbag.py:525} INFO - Filling up the DagBag from /home/airflow/.local/lib/python3.7/site-packages/airflow/example_dags/example_short_circuit_operator.py
[2022-09-21T20:28:34.683+0000] {processor.py:768} INFO - DAG(s) dict_keys(['example_short_circuit_operator']) retrieved from /home/airflow/.local/lib/python3.7/site-packages/airflow/example_dags/example_short_circuit_operator.py
[2022-09-21T20:28:34.718+0000] {logging_mixin.py:117} INFO - [2022-09-21T20:28:34.718+0000] {dag.py:2573} INFO - Sync 1 DAGs
[2022-09-21T20:28:34.741+0000] {logging_mixin.py:117} INFO - [2022-09-21T20:28:34.741+0000] {dag.py:3328} INFO - Setting next_dagrun for example_short_circuit_operator to 2022-09-20T20:28:34.741066+00:00, run_after=2022-09-21T20:28:34.741066+00:00
[2022-09-21T20:28:34.760+0000] {processor.py:178} INFO - Processing /home/airflow/.local/lib/python3.7/site-packages/airflow/example_dags/example_short_circuit_operator.py took 0.094 seconds
[2022-09-21T20:29:05.574+0000] {processor.py:156} INFO - Started process (PID=1076) to work on /home/airflow/.local/lib/python3.7/site-packages/airflow/example_dags/example_short_circuit_operator.py
[2022-09-21T20:29:05.575+0000] {processor.py:758} INFO - Processing file /home/airflow/.local/lib/python3.7/site-packages/airflow/example_dags/example_short_circuit_operator.py for tasks to queue
[2022-09-21T20:29:05.575+0000] {logging_mixin.py:117} INFO - [2022-09-21T20:29:05.575+0000] {dagbag.py:525} INFO - Filling up the DagBag from /home/airflow/.local/lib/python3.7/site-packages/airflow/example_dags/example_short_circuit_operator.py
[2022-09-21T20:29:05.591+0000] {processor.py:768} INFO - DAG(s) dict_keys(['example_short_circuit_operator']) retrieved from /home/airflow/.local/lib/python3.7/site-packages/airflow/example_dags/example_short_circuit_operator.py
[2022-09-21T20:29:05.634+0000] {logging_mixin.py:117} INFO - [2022-09-21T20:29:05.634+0000] {dag.py:2573} INFO - Sync 1 DAGs
[2022-09-21T20:29:05.659+0000] {logging_mixin.py:117} INFO - [2022-09-21T20:29:05.659+0000] {dag.py:3328} INFO - Setting next_dagrun for example_short_circuit_operator to 2022-09-20T20:29:05.659421+00:00, run_after=2022-09-21T20:29:05.659421+00:00
[2022-09-21T20:29:05.680+0000] {processor.py:178} INFO - Processing /home/airflow/.local/lib/python3.7/site-packages/airflow/example_dags/example_short_circuit_operator.py took 0.109 seconds
[2022-09-21T20:29:36.305+0000] {processor.py:156} INFO - Started process (PID=1140) to work on /home/airflow/.local/lib/python3.7/site-packages/airflow/example_dags/example_short_circuit_operator.py
[2022-09-21T20:29:36.306+0000] {processor.py:758} INFO - Processing file /home/airflow/.local/lib/python3.7/site-packages/airflow/example_dags/example_short_circuit_operator.py for tasks to queue
[2022-09-21T20:29:36.307+0000] {logging_mixin.py:117} INFO - [2022-09-21T20:29:36.307+0000] {dagbag.py:525} INFO - Filling up the DagBag from /home/airflow/.local/lib/python3.7/site-packages/airflow/example_dags/example_short_circuit_operator.py
[2022-09-21T20:29:36.322+0000] {processor.py:768} INFO - DAG(s) dict_keys(['example_short_circuit_operator']) retrieved from /home/airflow/.local/lib/python3.7/site-packages/airflow/example_dags/example_short_circuit_operator.py
[2022-09-21T20:29:36.369+0000] {logging_mixin.py:117} INFO - [2022-09-21T20:29:36.369+0000] {dag.py:2573} INFO - Sync 1 DAGs
[2022-09-21T20:29:36.398+0000] {logging_mixin.py:117} INFO - [2022-09-21T20:29:36.397+0000] {dag.py:3328} INFO - Setting next_dagrun for example_short_circuit_operator to 2022-09-20T20:29:36.397694+00:00, run_after=2022-09-21T20:29:36.397694+00:00
[2022-09-21T20:29:36.421+0000] {processor.py:178} INFO - Processing /home/airflow/.local/lib/python3.7/site-packages/airflow/example_dags/example_short_circuit_operator.py took 0.119 seconds
[2022-09-21T20:30:07.697+0000] {processor.py:156} INFO - Started process (PID=1196) to work on /home/airflow/.local/lib/python3.7/site-packages/airflow/example_dags/example_short_circuit_operator.py
[2022-09-21T20:30:07.698+0000] {processor.py:758} INFO - Processing file /home/airflow/.local/lib/python3.7/site-packages/airflow/example_dags/example_short_circuit_operator.py for tasks to queue
[2022-09-21T20:30:07.700+0000] {logging_mixin.py:117} INFO - [2022-09-21T20:30:07.699+0000] {dagbag.py:525} INFO - Filling up the DagBag from /home/airflow/.local/lib/python3.7/site-packages/airflow/example_dags/example_short_circuit_operator.py
[2022-09-21T20:30:07.752+0000] {processor.py:768} INFO - DAG(s) dict_keys(['example_short_circuit_operator']) retrieved from /home/airflow/.local/lib/python3.7/site-packages/airflow/example_dags/example_short_circuit_operator.py
[2022-09-21T20:30:07.885+0000] {logging_mixin.py:117} INFO - [2022-09-21T20:30:07.885+0000] {dag.py:2573} INFO - Sync 1 DAGs
[2022-09-21T20:30:08.003+0000] {logging_mixin.py:117} INFO - [2022-09-21T20:30:08.003+0000] {dag.py:3328} INFO - Setting next_dagrun for example_short_circuit_operator to 2022-09-20T20:30:08.003033+00:00, run_after=2022-09-21T20:30:08.003033+00:00
[2022-09-21T20:30:08.107+0000] {processor.py:178} INFO - Processing /home/airflow/.local/lib/python3.7/site-packages/airflow/example_dags/example_short_circuit_operator.py took 0.417 seconds
[2022-09-21T20:30:38.721+0000] {processor.py:156} INFO - Started process (PID=1251) to work on /home/airflow/.local/lib/python3.7/site-packages/airflow/example_dags/example_short_circuit_operator.py
[2022-09-21T20:30:38.722+0000] {processor.py:758} INFO - Processing file /home/airflow/.local/lib/python3.7/site-packages/airflow/example_dags/example_short_circuit_operator.py for tasks to queue
[2022-09-21T20:30:38.722+0000] {logging_mixin.py:117} INFO - [2022-09-21T20:30:38.722+0000] {dagbag.py:525} INFO - Filling up the DagBag from /home/airflow/.local/lib/python3.7/site-packages/airflow/example_dags/example_short_circuit_operator.py
[2022-09-21T20:30:38.739+0000] {processor.py:768} INFO - DAG(s) dict_keys(['example_short_circuit_operator']) retrieved from /home/airflow/.local/lib/python3.7/site-packages/airflow/example_dags/example_short_circuit_operator.py
[2022-09-21T20:30:38.792+0000] {logging_mixin.py:117} INFO - [2022-09-21T20:30:38.792+0000] {dag.py:2573} INFO - Sync 1 DAGs
[2022-09-21T20:30:38.834+0000] {logging_mixin.py:117} INFO - [2022-09-21T20:30:38.834+0000] {dag.py:3328} INFO - Setting next_dagrun for example_short_circuit_operator to 2022-09-20T20:30:38.833698+00:00, run_after=2022-09-21T20:30:38.833698+00:00
[2022-09-21T20:30:38.863+0000] {processor.py:178} INFO - Processing /home/airflow/.local/lib/python3.7/site-packages/airflow/example_dags/example_short_circuit_operator.py took 0.145 seconds
[2022-09-21T20:31:09.290+0000] {processor.py:156} INFO - Started process (PID=1316) to work on /home/airflow/.local/lib/python3.7/site-packages/airflow/example_dags/example_short_circuit_operator.py
[2022-09-21T20:31:09.290+0000] {processor.py:758} INFO - Processing file /home/airflow/.local/lib/python3.7/site-packages/airflow/example_dags/example_short_circuit_operator.py for tasks to queue
[2022-09-21T20:31:09.291+0000] {logging_mixin.py:117} INFO - [2022-09-21T20:31:09.291+0000] {dagbag.py:525} INFO - Filling up the DagBag from /home/airflow/.local/lib/python3.7/site-packages/airflow/example_dags/example_short_circuit_operator.py
[2022-09-21T20:31:09.307+0000] {processor.py:768} INFO - DAG(s) dict_keys(['example_short_circuit_operator']) retrieved from /home/airflow/.local/lib/python3.7/site-packages/airflow/example_dags/example_short_circuit_operator.py
[2022-09-21T20:31:09.348+0000] {logging_mixin.py:117} INFO - [2022-09-21T20:31:09.348+0000] {dag.py:2573} INFO - Sync 1 DAGs
[2022-09-21T20:31:09.375+0000] {logging_mixin.py:117} INFO - [2022-09-21T20:31:09.375+0000] {dag.py:3328} INFO - Setting next_dagrun for example_short_circuit_operator to 2022-09-20T20:31:09.375202+00:00, run_after=2022-09-21T20:31:09.375202+00:00
[2022-09-21T20:31:09.396+0000] {processor.py:178} INFO - Processing /home/airflow/.local/lib/python3.7/site-packages/airflow/example_dags/example_short_circuit_operator.py took 0.109 seconds
[2022-09-21T20:31:40.146+0000] {processor.py:156} INFO - Started process (PID=1380) to work on /home/airflow/.local/lib/python3.7/site-packages/airflow/example_dags/example_short_circuit_operator.py
[2022-09-21T20:31:40.147+0000] {processor.py:758} INFO - Processing file /home/airflow/.local/lib/python3.7/site-packages/airflow/example_dags/example_short_circuit_operator.py for tasks to queue
[2022-09-21T20:31:40.147+0000] {logging_mixin.py:117} INFO - [2022-09-21T20:31:40.147+0000] {dagbag.py:525} INFO - Filling up the DagBag from /home/airflow/.local/lib/python3.7/site-packages/airflow/example_dags/example_short_circuit_operator.py
[2022-09-21T20:31:40.164+0000] {processor.py:768} INFO - DAG(s) dict_keys(['example_short_circuit_operator']) retrieved from /home/airflow/.local/lib/python3.7/site-packages/airflow/example_dags/example_short_circuit_operator.py
[2022-09-21T20:31:40.212+0000] {logging_mixin.py:117} INFO - [2022-09-21T20:31:40.212+0000] {dag.py:2573} INFO - Sync 1 DAGs
[2022-09-21T20:31:40.244+0000] {logging_mixin.py:117} INFO - [2022-09-21T20:31:40.244+0000] {dag.py:3328} INFO - Setting next_dagrun for example_short_circuit_operator to 2022-09-20T20:31:40.244372+00:00, run_after=2022-09-21T20:31:40.244372+00:00
[2022-09-21T20:31:40.278+0000] {processor.py:178} INFO - Processing /home/airflow/.local/lib/python3.7/site-packages/airflow/example_dags/example_short_circuit_operator.py took 0.135 seconds
[2022-09-21T20:32:10.556+0000] {processor.py:156} INFO - Started process (PID=1435) to work on /home/airflow/.local/lib/python3.7/site-packages/airflow/example_dags/example_short_circuit_operator.py
[2022-09-21T20:32:10.557+0000] {processor.py:758} INFO - Processing file /home/airflow/.local/lib/python3.7/site-packages/airflow/example_dags/example_short_circuit_operator.py for tasks to queue
[2022-09-21T20:32:10.558+0000] {logging_mixin.py:117} INFO - [2022-09-21T20:32:10.558+0000] {dagbag.py:525} INFO - Filling up the DagBag from /home/airflow/.local/lib/python3.7/site-packages/airflow/example_dags/example_short_circuit_operator.py
[2022-09-21T20:32:10.590+0000] {processor.py:768} INFO - DAG(s) dict_keys(['example_short_circuit_operator']) retrieved from /home/airflow/.local/lib/python3.7/site-packages/airflow/example_dags/example_short_circuit_operator.py
[2022-09-21T20:32:10.654+0000] {logging_mixin.py:117} INFO - [2022-09-21T20:32:10.653+0000] {dag.py:2573} INFO - Sync 1 DAGs
[2022-09-21T20:32:10.709+0000] {logging_mixin.py:117} INFO - [2022-09-21T20:32:10.709+0000] {dag.py:3328} INFO - Setting next_dagrun for example_short_circuit_operator to 2022-09-20T20:32:10.708891+00:00, run_after=2022-09-21T20:32:10.708891+00:00
[2022-09-21T20:32:10.736+0000] {processor.py:178} INFO - Processing /home/airflow/.local/lib/python3.7/site-packages/airflow/example_dags/example_short_circuit_operator.py took 0.184 seconds
[2022-09-21T20:32:41.105+0000] {processor.py:156} INFO - Started process (PID=1500) to work on /home/airflow/.local/lib/python3.7/site-packages/airflow/example_dags/example_short_circuit_operator.py
[2022-09-21T20:32:41.106+0000] {processor.py:758} INFO - Processing file /home/airflow/.local/lib/python3.7/site-packages/airflow/example_dags/example_short_circuit_operator.py for tasks to queue
[2022-09-21T20:32:41.107+0000] {logging_mixin.py:117} INFO - [2022-09-21T20:32:41.106+0000] {dagbag.py:525} INFO - Filling up the DagBag from /home/airflow/.local/lib/python3.7/site-packages/airflow/example_dags/example_short_circuit_operator.py
[2022-09-21T20:32:41.130+0000] {processor.py:768} INFO - DAG(s) dict_keys(['example_short_circuit_operator']) retrieved from /home/airflow/.local/lib/python3.7/site-packages/airflow/example_dags/example_short_circuit_operator.py
[2022-09-21T20:32:41.201+0000] {logging_mixin.py:117} INFO - [2022-09-21T20:32:41.200+0000] {dag.py:2573} INFO - Sync 1 DAGs
[2022-09-21T20:32:41.245+0000] {logging_mixin.py:117} INFO - [2022-09-21T20:32:41.244+0000] {dag.py:3328} INFO - Setting next_dagrun for example_short_circuit_operator to 2022-09-20T20:32:41.244580+00:00, run_after=2022-09-21T20:32:41.244580+00:00
[2022-09-21T20:32:41.270+0000] {processor.py:178} INFO - Processing /home/airflow/.local/lib/python3.7/site-packages/airflow/example_dags/example_short_circuit_operator.py took 0.169 seconds
[2022-09-21T20:33:11.849+0000] {processor.py:156} INFO - Started process (PID=1554) to work on /home/airflow/.local/lib/python3.7/site-packages/airflow/example_dags/example_short_circuit_operator.py
[2022-09-21T20:33:11.852+0000] {processor.py:758} INFO - Processing file /home/airflow/.local/lib/python3.7/site-packages/airflow/example_dags/example_short_circuit_operator.py for tasks to queue
[2022-09-21T20:33:11.855+0000] {logging_mixin.py:117} INFO - [2022-09-21T20:33:11.854+0000] {dagbag.py:525} INFO - Filling up the DagBag from /home/airflow/.local/lib/python3.7/site-packages/airflow/example_dags/example_short_circuit_operator.py
[2022-09-21T20:33:11.900+0000] {processor.py:768} INFO - DAG(s) dict_keys(['example_short_circuit_operator']) retrieved from /home/airflow/.local/lib/python3.7/site-packages/airflow/example_dags/example_short_circuit_operator.py
[2022-09-21T20:33:11.982+0000] {logging_mixin.py:117} INFO - [2022-09-21T20:33:11.982+0000] {dag.py:2573} INFO - Sync 1 DAGs
[2022-09-21T20:33:12.079+0000] {logging_mixin.py:117} INFO - [2022-09-21T20:33:12.078+0000] {dag.py:3328} INFO - Setting next_dagrun for example_short_circuit_operator to 2022-09-20T20:33:12.078325+00:00, run_after=2022-09-21T20:33:12.078325+00:00
[2022-09-21T20:33:12.132+0000] {processor.py:178} INFO - Processing /home/airflow/.local/lib/python3.7/site-packages/airflow/example_dags/example_short_circuit_operator.py took 0.290 seconds
[2022-09-21T20:33:42.396+0000] {processor.py:156} INFO - Started process (PID=1608) to work on /home/airflow/.local/lib/python3.7/site-packages/airflow/example_dags/example_short_circuit_operator.py
[2022-09-21T20:33:42.397+0000] {processor.py:758} INFO - Processing file /home/airflow/.local/lib/python3.7/site-packages/airflow/example_dags/example_short_circuit_operator.py for tasks to queue
[2022-09-21T20:33:42.397+0000] {logging_mixin.py:117} INFO - [2022-09-21T20:33:42.397+0000] {dagbag.py:525} INFO - Filling up the DagBag from /home/airflow/.local/lib/python3.7/site-packages/airflow/example_dags/example_short_circuit_operator.py
[2022-09-21T20:33:42.414+0000] {processor.py:768} INFO - DAG(s) dict_keys(['example_short_circuit_operator']) retrieved from /home/airflow/.local/lib/python3.7/site-packages/airflow/example_dags/example_short_circuit_operator.py
[2022-09-21T20:33:42.459+0000] {logging_mixin.py:117} INFO - [2022-09-21T20:33:42.459+0000] {dag.py:2573} INFO - Sync 1 DAGs
[2022-09-21T20:33:42.497+0000] {logging_mixin.py:117} INFO - [2022-09-21T20:33:42.496+0000] {dag.py:3328} INFO - Setting next_dagrun for example_short_circuit_operator to 2022-09-20T20:33:42.496552+00:00, run_after=2022-09-21T20:33:42.496552+00:00
[2022-09-21T20:33:42.522+0000] {processor.py:178} INFO - Processing /home/airflow/.local/lib/python3.7/site-packages/airflow/example_dags/example_short_circuit_operator.py took 0.130 seconds
[2022-09-21T20:34:13.494+0000] {processor.py:156} INFO - Started process (PID=1671) to work on /home/airflow/.local/lib/python3.7/site-packages/airflow/example_dags/example_short_circuit_operator.py
[2022-09-21T20:34:13.495+0000] {processor.py:758} INFO - Processing file /home/airflow/.local/lib/python3.7/site-packages/airflow/example_dags/example_short_circuit_operator.py for tasks to queue
[2022-09-21T20:34:13.497+0000] {logging_mixin.py:117} INFO - [2022-09-21T20:34:13.497+0000] {dagbag.py:525} INFO - Filling up the DagBag from /home/airflow/.local/lib/python3.7/site-packages/airflow/example_dags/example_short_circuit_operator.py
[2022-09-21T20:34:13.527+0000] {processor.py:768} INFO - DAG(s) dict_keys(['example_short_circuit_operator']) retrieved from /home/airflow/.local/lib/python3.7/site-packages/airflow/example_dags/example_short_circuit_operator.py
[2022-09-21T20:34:13.595+0000] {logging_mixin.py:117} INFO - [2022-09-21T20:34:13.594+0000] {dag.py:2573} INFO - Sync 1 DAGs
[2022-09-21T20:34:13.648+0000] {logging_mixin.py:117} INFO - [2022-09-21T20:34:13.648+0000] {dag.py:3328} INFO - Setting next_dagrun for example_short_circuit_operator to 2022-09-20T20:34:13.647432+00:00, run_after=2022-09-21T20:34:13.647432+00:00
[2022-09-21T20:34:13.684+0000] {processor.py:178} INFO - Processing /home/airflow/.local/lib/python3.7/site-packages/airflow/example_dags/example_short_circuit_operator.py took 0.194 seconds
[2022-09-21T20:34:44.137+0000] {processor.py:156} INFO - Started process (PID=1726) to work on /home/airflow/.local/lib/python3.7/site-packages/airflow/example_dags/example_short_circuit_operator.py
[2022-09-21T20:34:44.138+0000] {processor.py:758} INFO - Processing file /home/airflow/.local/lib/python3.7/site-packages/airflow/example_dags/example_short_circuit_operator.py for tasks to queue
[2022-09-21T20:34:44.139+0000] {logging_mixin.py:117} INFO - [2022-09-21T20:34:44.138+0000] {dagbag.py:525} INFO - Filling up the DagBag from /home/airflow/.local/lib/python3.7/site-packages/airflow/example_dags/example_short_circuit_operator.py
[2022-09-21T20:34:44.159+0000] {processor.py:768} INFO - DAG(s) dict_keys(['example_short_circuit_operator']) retrieved from /home/airflow/.local/lib/python3.7/site-packages/airflow/example_dags/example_short_circuit_operator.py
[2022-09-21T20:34:44.205+0000] {logging_mixin.py:117} INFO - [2022-09-21T20:34:44.205+0000] {dag.py:2573} INFO - Sync 1 DAGs
[2022-09-21T20:34:44.236+0000] {logging_mixin.py:117} INFO - [2022-09-21T20:34:44.235+0000] {dag.py:3328} INFO - Setting next_dagrun for example_short_circuit_operator to 2022-09-20T20:34:44.235744+00:00, run_after=2022-09-21T20:34:44.235744+00:00
[2022-09-21T20:34:44.257+0000] {processor.py:178} INFO - Processing /home/airflow/.local/lib/python3.7/site-packages/airflow/example_dags/example_short_circuit_operator.py took 0.124 seconds
[2022-09-21T20:35:15.227+0000] {processor.py:156} INFO - Started process (PID=1791) to work on /home/airflow/.local/lib/python3.7/site-packages/airflow/example_dags/example_short_circuit_operator.py
[2022-09-21T20:35:15.227+0000] {processor.py:758} INFO - Processing file /home/airflow/.local/lib/python3.7/site-packages/airflow/example_dags/example_short_circuit_operator.py for tasks to queue
[2022-09-21T20:35:15.228+0000] {logging_mixin.py:117} INFO - [2022-09-21T20:35:15.228+0000] {dagbag.py:525} INFO - Filling up the DagBag from /home/airflow/.local/lib/python3.7/site-packages/airflow/example_dags/example_short_circuit_operator.py
[2022-09-21T20:35:15.251+0000] {processor.py:768} INFO - DAG(s) dict_keys(['example_short_circuit_operator']) retrieved from /home/airflow/.local/lib/python3.7/site-packages/airflow/example_dags/example_short_circuit_operator.py
[2022-09-21T20:35:15.304+0000] {logging_mixin.py:117} INFO - [2022-09-21T20:35:15.304+0000] {dag.py:2573} INFO - Sync 1 DAGs
[2022-09-21T20:35:15.343+0000] {logging_mixin.py:117} INFO - [2022-09-21T20:35:15.343+0000] {dag.py:3328} INFO - Setting next_dagrun for example_short_circuit_operator to 2022-09-20T20:35:15.343412+00:00, run_after=2022-09-21T20:35:15.343412+00:00
[2022-09-21T20:35:15.374+0000] {processor.py:178} INFO - Processing /home/airflow/.local/lib/python3.7/site-packages/airflow/example_dags/example_short_circuit_operator.py took 0.151 seconds
