[2022-09-21T20:16:38.144+0000] {processor.py:156} INFO - Started process (PID=54) to work on /home/airflow/.local/lib/python3.7/site-packages/airflow/example_dags/example_python_operator.py
[2022-09-21T20:16:38.145+0000] {processor.py:758} INFO - Processing file /home/airflow/.local/lib/python3.7/site-packages/airflow/example_dags/example_python_operator.py for tasks to queue
[2022-09-21T20:16:38.146+0000] {logging_mixin.py:117} INFO - [2022-09-21T20:16:38.146+0000] {dagbag.py:525} INFO - Filling up the DagBag from /home/airflow/.local/lib/python3.7/site-packages/airflow/example_dags/example_python_operator.py
[2022-09-21T20:16:38.245+0000] {processor.py:768} INFO - DAG(s) dict_keys(['example_python_operator']) retrieved from /home/airflow/.local/lib/python3.7/site-packages/airflow/example_dags/example_python_operator.py
[2022-09-21T20:16:38.407+0000] {logging_mixin.py:117} INFO - [2022-09-21T20:16:38.407+0000] {dag.py:2573} INFO - Sync 1 DAGs
[2022-09-21T20:16:38.497+0000] {logging_mixin.py:117} INFO - [2022-09-21T20:16:38.496+0000] {dag.py:3328} INFO - Setting next_dagrun for example_python_operator to None, run_after=None
[2022-09-21T20:16:38.544+0000] {processor.py:178} INFO - Processing /home/airflow/.local/lib/python3.7/site-packages/airflow/example_dags/example_python_operator.py took 0.405 seconds
[2022-09-21T20:20:21.641+0000] {processor.py:156} INFO - Started process (PID=52) to work on /home/airflow/.local/lib/python3.7/site-packages/airflow/example_dags/example_python_operator.py
[2022-09-21T20:20:21.657+0000] {processor.py:758} INFO - Processing file /home/airflow/.local/lib/python3.7/site-packages/airflow/example_dags/example_python_operator.py for tasks to queue
[2022-09-21T20:20:21.658+0000] {logging_mixin.py:117} INFO - [2022-09-21T20:20:21.658+0000] {dagbag.py:525} INFO - Filling up the DagBag from /home/airflow/.local/lib/python3.7/site-packages/airflow/example_dags/example_python_operator.py
[2022-09-21T20:20:21.724+0000] {processor.py:768} INFO - DAG(s) dict_keys(['example_python_operator']) retrieved from /home/airflow/.local/lib/python3.7/site-packages/airflow/example_dags/example_python_operator.py
[2022-09-21T20:20:22.072+0000] {logging_mixin.py:117} INFO - [2022-09-21T20:20:22.071+0000] {dag.py:2573} INFO - Sync 1 DAGs
[2022-09-21T20:20:22.126+0000] {logging_mixin.py:117} INFO - [2022-09-21T20:20:22.126+0000] {dag.py:3328} INFO - Setting next_dagrun for example_python_operator to None, run_after=None
[2022-09-21T20:20:22.193+0000] {processor.py:178} INFO - Processing /home/airflow/.local/lib/python3.7/site-packages/airflow/example_dags/example_python_operator.py took 0.567 seconds
[2022-09-21T20:20:52.299+0000] {processor.py:156} INFO - Started process (PID=107) to work on /home/airflow/.local/lib/python3.7/site-packages/airflow/example_dags/example_python_operator.py
[2022-09-21T20:20:52.320+0000] {processor.py:758} INFO - Processing file /home/airflow/.local/lib/python3.7/site-packages/airflow/example_dags/example_python_operator.py for tasks to queue
[2022-09-21T20:20:52.321+0000] {logging_mixin.py:117} INFO - [2022-09-21T20:20:52.321+0000] {dagbag.py:525} INFO - Filling up the DagBag from /home/airflow/.local/lib/python3.7/site-packages/airflow/example_dags/example_python_operator.py
[2022-09-21T20:20:52.414+0000] {processor.py:768} INFO - DAG(s) dict_keys(['example_python_operator']) retrieved from /home/airflow/.local/lib/python3.7/site-packages/airflow/example_dags/example_python_operator.py
[2022-09-21T20:20:52.768+0000] {logging_mixin.py:117} INFO - [2022-09-21T20:20:52.767+0000] {dag.py:2573} INFO - Sync 1 DAGs
[2022-09-21T20:20:52.817+0000] {logging_mixin.py:117} INFO - [2022-09-21T20:20:52.817+0000] {dag.py:3328} INFO - Setting next_dagrun for example_python_operator to None, run_after=None
[2022-09-21T20:20:52.862+0000] {processor.py:178} INFO - Processing /home/airflow/.local/lib/python3.7/site-packages/airflow/example_dags/example_python_operator.py took 0.567 seconds
[2022-09-21T20:21:23.812+0000] {processor.py:156} INFO - Started process (PID=163) to work on /home/airflow/.local/lib/python3.7/site-packages/airflow/example_dags/example_python_operator.py
[2022-09-21T20:21:23.813+0000] {processor.py:758} INFO - Processing file /home/airflow/.local/lib/python3.7/site-packages/airflow/example_dags/example_python_operator.py for tasks to queue
[2022-09-21T20:21:23.813+0000] {logging_mixin.py:117} INFO - [2022-09-21T20:21:23.813+0000] {dagbag.py:525} INFO - Filling up the DagBag from /home/airflow/.local/lib/python3.7/site-packages/airflow/example_dags/example_python_operator.py
[2022-09-21T20:21:24.018+0000] {processor.py:768} INFO - DAG(s) dict_keys(['example_python_operator']) retrieved from /home/airflow/.local/lib/python3.7/site-packages/airflow/example_dags/example_python_operator.py
[2022-09-21T20:21:24.082+0000] {logging_mixin.py:117} INFO - [2022-09-21T20:21:24.082+0000] {dag.py:2573} INFO - Sync 1 DAGs
[2022-09-21T20:21:24.135+0000] {logging_mixin.py:117} INFO - [2022-09-21T20:21:24.135+0000] {dag.py:3328} INFO - Setting next_dagrun for example_python_operator to None, run_after=None
[2022-09-21T20:21:24.170+0000] {processor.py:178} INFO - Processing /home/airflow/.local/lib/python3.7/site-packages/airflow/example_dags/example_python_operator.py took 0.363 seconds
[2022-09-21T20:21:55.016+0000] {processor.py:156} INFO - Started process (PID=226) to work on /home/airflow/.local/lib/python3.7/site-packages/airflow/example_dags/example_python_operator.py
[2022-09-21T20:21:55.017+0000] {processor.py:758} INFO - Processing file /home/airflow/.local/lib/python3.7/site-packages/airflow/example_dags/example_python_operator.py for tasks to queue
[2022-09-21T20:21:55.018+0000] {logging_mixin.py:117} INFO - [2022-09-21T20:21:55.017+0000] {dagbag.py:525} INFO - Filling up the DagBag from /home/airflow/.local/lib/python3.7/site-packages/airflow/example_dags/example_python_operator.py
[2022-09-21T20:21:55.201+0000] {processor.py:768} INFO - DAG(s) dict_keys(['example_python_operator']) retrieved from /home/airflow/.local/lib/python3.7/site-packages/airflow/example_dags/example_python_operator.py
[2022-09-21T20:21:55.228+0000] {logging_mixin.py:117} INFO - [2022-09-21T20:21:55.227+0000] {dag.py:2573} INFO - Sync 1 DAGs
[2022-09-21T20:21:55.273+0000] {logging_mixin.py:117} INFO - [2022-09-21T20:21:55.273+0000] {dag.py:3328} INFO - Setting next_dagrun for example_python_operator to None, run_after=None
[2022-09-21T20:21:55.305+0000] {processor.py:178} INFO - Processing /home/airflow/.local/lib/python3.7/site-packages/airflow/example_dags/example_python_operator.py took 0.294 seconds
[2022-09-21T20:22:25.472+0000] {processor.py:156} INFO - Started process (PID=281) to work on /home/airflow/.local/lib/python3.7/site-packages/airflow/example_dags/example_python_operator.py
[2022-09-21T20:22:25.472+0000] {processor.py:758} INFO - Processing file /home/airflow/.local/lib/python3.7/site-packages/airflow/example_dags/example_python_operator.py for tasks to queue
[2022-09-21T20:22:25.473+0000] {logging_mixin.py:117} INFO - [2022-09-21T20:22:25.473+0000] {dagbag.py:525} INFO - Filling up the DagBag from /home/airflow/.local/lib/python3.7/site-packages/airflow/example_dags/example_python_operator.py
[2022-09-21T20:22:25.503+0000] {processor.py:768} INFO - DAG(s) dict_keys(['example_python_operator']) retrieved from /home/airflow/.local/lib/python3.7/site-packages/airflow/example_dags/example_python_operator.py
[2022-09-21T20:22:25.548+0000] {logging_mixin.py:117} INFO - [2022-09-21T20:22:25.548+0000] {dag.py:2573} INFO - Sync 1 DAGs
[2022-09-21T20:22:25.581+0000] {logging_mixin.py:117} INFO - [2022-09-21T20:22:25.580+0000] {dag.py:3328} INFO - Setting next_dagrun for example_python_operator to None, run_after=None
[2022-09-21T20:22:25.603+0000] {processor.py:178} INFO - Processing /home/airflow/.local/lib/python3.7/site-packages/airflow/example_dags/example_python_operator.py took 0.135 seconds
[2022-09-21T20:22:56.544+0000] {processor.py:156} INFO - Started process (PID=345) to work on /home/airflow/.local/lib/python3.7/site-packages/airflow/example_dags/example_python_operator.py
[2022-09-21T20:22:56.545+0000] {processor.py:758} INFO - Processing file /home/airflow/.local/lib/python3.7/site-packages/airflow/example_dags/example_python_operator.py for tasks to queue
[2022-09-21T20:22:56.545+0000] {logging_mixin.py:117} INFO - [2022-09-21T20:22:56.545+0000] {dagbag.py:525} INFO - Filling up the DagBag from /home/airflow/.local/lib/python3.7/site-packages/airflow/example_dags/example_python_operator.py
[2022-09-21T20:22:56.570+0000] {processor.py:768} INFO - DAG(s) dict_keys(['example_python_operator']) retrieved from /home/airflow/.local/lib/python3.7/site-packages/airflow/example_dags/example_python_operator.py
[2022-09-21T20:22:56.595+0000] {logging_mixin.py:117} INFO - [2022-09-21T20:22:56.595+0000] {dag.py:2573} INFO - Sync 1 DAGs
[2022-09-21T20:22:56.620+0000] {logging_mixin.py:117} INFO - [2022-09-21T20:22:56.620+0000] {dag.py:3328} INFO - Setting next_dagrun for example_python_operator to None, run_after=None
[2022-09-21T20:22:56.639+0000] {processor.py:178} INFO - Processing /home/airflow/.local/lib/python3.7/site-packages/airflow/example_dags/example_python_operator.py took 0.098 seconds
[2022-09-21T20:23:27.247+0000] {processor.py:156} INFO - Started process (PID=400) to work on /home/airflow/.local/lib/python3.7/site-packages/airflow/example_dags/example_python_operator.py
[2022-09-21T20:23:27.248+0000] {processor.py:758} INFO - Processing file /home/airflow/.local/lib/python3.7/site-packages/airflow/example_dags/example_python_operator.py for tasks to queue
[2022-09-21T20:23:27.251+0000] {logging_mixin.py:117} INFO - [2022-09-21T20:23:27.250+0000] {dagbag.py:525} INFO - Filling up the DagBag from /home/airflow/.local/lib/python3.7/site-packages/airflow/example_dags/example_python_operator.py
[2022-09-21T20:23:27.287+0000] {processor.py:768} INFO - DAG(s) dict_keys(['example_python_operator']) retrieved from /home/airflow/.local/lib/python3.7/site-packages/airflow/example_dags/example_python_operator.py
[2022-09-21T20:23:27.372+0000] {logging_mixin.py:117} INFO - [2022-09-21T20:23:27.371+0000] {dag.py:2573} INFO - Sync 1 DAGs
[2022-09-21T20:23:27.418+0000] {logging_mixin.py:117} INFO - [2022-09-21T20:23:27.418+0000] {dag.py:3328} INFO - Setting next_dagrun for example_python_operator to None, run_after=None
[2022-09-21T20:23:27.457+0000] {processor.py:178} INFO - Processing /home/airflow/.local/lib/python3.7/site-packages/airflow/example_dags/example_python_operator.py took 0.214 seconds
[2022-09-21T20:23:57.917+0000] {processor.py:156} INFO - Started process (PID=464) to work on /home/airflow/.local/lib/python3.7/site-packages/airflow/example_dags/example_python_operator.py
[2022-09-21T20:23:57.918+0000] {processor.py:758} INFO - Processing file /home/airflow/.local/lib/python3.7/site-packages/airflow/example_dags/example_python_operator.py for tasks to queue
[2022-09-21T20:23:57.919+0000] {logging_mixin.py:117} INFO - [2022-09-21T20:23:57.919+0000] {dagbag.py:525} INFO - Filling up the DagBag from /home/airflow/.local/lib/python3.7/site-packages/airflow/example_dags/example_python_operator.py
[2022-09-21T20:23:57.960+0000] {processor.py:768} INFO - DAG(s) dict_keys(['example_python_operator']) retrieved from /home/airflow/.local/lib/python3.7/site-packages/airflow/example_dags/example_python_operator.py
[2022-09-21T20:23:58.024+0000] {logging_mixin.py:117} INFO - [2022-09-21T20:23:58.024+0000] {dag.py:2573} INFO - Sync 1 DAGs
[2022-09-21T20:23:58.062+0000] {logging_mixin.py:117} INFO - [2022-09-21T20:23:58.061+0000] {dag.py:3328} INFO - Setting next_dagrun for example_python_operator to None, run_after=None
[2022-09-21T20:23:58.088+0000] {processor.py:178} INFO - Processing /home/airflow/.local/lib/python3.7/site-packages/airflow/example_dags/example_python_operator.py took 0.176 seconds
[2022-09-21T20:24:28.511+0000] {processor.py:156} INFO - Started process (PID=529) to work on /home/airflow/.local/lib/python3.7/site-packages/airflow/example_dags/example_python_operator.py
[2022-09-21T20:24:28.512+0000] {processor.py:758} INFO - Processing file /home/airflow/.local/lib/python3.7/site-packages/airflow/example_dags/example_python_operator.py for tasks to queue
[2022-09-21T20:24:28.513+0000] {logging_mixin.py:117} INFO - [2022-09-21T20:24:28.513+0000] {dagbag.py:525} INFO - Filling up the DagBag from /home/airflow/.local/lib/python3.7/site-packages/airflow/example_dags/example_python_operator.py
[2022-09-21T20:24:28.546+0000] {processor.py:768} INFO - DAG(s) dict_keys(['example_python_operator']) retrieved from /home/airflow/.local/lib/python3.7/site-packages/airflow/example_dags/example_python_operator.py
[2022-09-21T20:24:28.610+0000] {logging_mixin.py:117} INFO - [2022-09-21T20:24:28.610+0000] {dag.py:2573} INFO - Sync 1 DAGs
[2022-09-21T20:24:28.655+0000] {logging_mixin.py:117} INFO - [2022-09-21T20:24:28.655+0000] {dag.py:3328} INFO - Setting next_dagrun for example_python_operator to None, run_after=None
[2022-09-21T20:24:28.686+0000] {processor.py:178} INFO - Processing /home/airflow/.local/lib/python3.7/site-packages/airflow/example_dags/example_python_operator.py took 0.180 seconds
[2022-09-21T20:24:58.810+0000] {processor.py:156} INFO - Started process (PID=584) to work on /home/airflow/.local/lib/python3.7/site-packages/airflow/example_dags/example_python_operator.py
[2022-09-21T20:24:58.811+0000] {processor.py:758} INFO - Processing file /home/airflow/.local/lib/python3.7/site-packages/airflow/example_dags/example_python_operator.py for tasks to queue
[2022-09-21T20:24:58.812+0000] {logging_mixin.py:117} INFO - [2022-09-21T20:24:58.811+0000] {dagbag.py:525} INFO - Filling up the DagBag from /home/airflow/.local/lib/python3.7/site-packages/airflow/example_dags/example_python_operator.py
[2022-09-21T20:24:58.848+0000] {processor.py:768} INFO - DAG(s) dict_keys(['example_python_operator']) retrieved from /home/airflow/.local/lib/python3.7/site-packages/airflow/example_dags/example_python_operator.py
[2022-09-21T20:24:58.881+0000] {logging_mixin.py:117} INFO - [2022-09-21T20:24:58.881+0000] {dag.py:2573} INFO - Sync 1 DAGs
[2022-09-21T20:24:58.917+0000] {logging_mixin.py:117} INFO - [2022-09-21T20:24:58.917+0000] {dag.py:3328} INFO - Setting next_dagrun for example_python_operator to None, run_after=None
[2022-09-21T20:24:58.940+0000] {processor.py:178} INFO - Processing /home/airflow/.local/lib/python3.7/site-packages/airflow/example_dags/example_python_operator.py took 0.133 seconds
[2022-09-21T20:25:29.417+0000] {processor.py:156} INFO - Started process (PID=648) to work on /home/airflow/.local/lib/python3.7/site-packages/airflow/example_dags/example_python_operator.py
[2022-09-21T20:25:29.417+0000] {processor.py:758} INFO - Processing file /home/airflow/.local/lib/python3.7/site-packages/airflow/example_dags/example_python_operator.py for tasks to queue
[2022-09-21T20:25:29.418+0000] {logging_mixin.py:117} INFO - [2022-09-21T20:25:29.418+0000] {dagbag.py:525} INFO - Filling up the DagBag from /home/airflow/.local/lib/python3.7/site-packages/airflow/example_dags/example_python_operator.py
[2022-09-21T20:25:29.458+0000] {processor.py:768} INFO - DAG(s) dict_keys(['example_python_operator']) retrieved from /home/airflow/.local/lib/python3.7/site-packages/airflow/example_dags/example_python_operator.py
[2022-09-21T20:25:29.515+0000] {logging_mixin.py:117} INFO - [2022-09-21T20:25:29.515+0000] {dag.py:2573} INFO - Sync 1 DAGs
[2022-09-21T20:25:29.560+0000] {logging_mixin.py:117} INFO - [2022-09-21T20:25:29.559+0000] {dag.py:3328} INFO - Setting next_dagrun for example_python_operator to None, run_after=None
[2022-09-21T20:25:29.588+0000] {processor.py:178} INFO - Processing /home/airflow/.local/lib/python3.7/site-packages/airflow/example_dags/example_python_operator.py took 0.176 seconds
[2022-09-21T20:25:59.929+0000] {processor.py:156} INFO - Started process (PID=703) to work on /home/airflow/.local/lib/python3.7/site-packages/airflow/example_dags/example_python_operator.py
[2022-09-21T20:25:59.930+0000] {processor.py:758} INFO - Processing file /home/airflow/.local/lib/python3.7/site-packages/airflow/example_dags/example_python_operator.py for tasks to queue
[2022-09-21T20:25:59.930+0000] {logging_mixin.py:117} INFO - [2022-09-21T20:25:59.930+0000] {dagbag.py:525} INFO - Filling up the DagBag from /home/airflow/.local/lib/python3.7/site-packages/airflow/example_dags/example_python_operator.py
[2022-09-21T20:25:59.953+0000] {processor.py:768} INFO - DAG(s) dict_keys(['example_python_operator']) retrieved from /home/airflow/.local/lib/python3.7/site-packages/airflow/example_dags/example_python_operator.py
[2022-09-21T20:25:59.989+0000] {logging_mixin.py:117} INFO - [2022-09-21T20:25:59.989+0000] {dag.py:2573} INFO - Sync 1 DAGs
[2022-09-21T20:26:00.018+0000] {logging_mixin.py:117} INFO - [2022-09-21T20:26:00.018+0000] {dag.py:3328} INFO - Setting next_dagrun for example_python_operator to None, run_after=None
[2022-09-21T20:26:00.037+0000] {processor.py:178} INFO - Processing /home/airflow/.local/lib/python3.7/site-packages/airflow/example_dags/example_python_operator.py took 0.111 seconds
[2022-09-21T20:26:30.128+0000] {processor.py:156} INFO - Started process (PID=766) to work on /home/airflow/.local/lib/python3.7/site-packages/airflow/example_dags/example_python_operator.py
[2022-09-21T20:26:30.129+0000] {processor.py:758} INFO - Processing file /home/airflow/.local/lib/python3.7/site-packages/airflow/example_dags/example_python_operator.py for tasks to queue
[2022-09-21T20:26:30.129+0000] {logging_mixin.py:117} INFO - [2022-09-21T20:26:30.129+0000] {dagbag.py:525} INFO - Filling up the DagBag from /home/airflow/.local/lib/python3.7/site-packages/airflow/example_dags/example_python_operator.py
[2022-09-21T20:26:30.158+0000] {processor.py:768} INFO - DAG(s) dict_keys(['example_python_operator']) retrieved from /home/airflow/.local/lib/python3.7/site-packages/airflow/example_dags/example_python_operator.py
[2022-09-21T20:26:30.207+0000] {logging_mixin.py:117} INFO - [2022-09-21T20:26:30.207+0000] {dag.py:2573} INFO - Sync 1 DAGs
[2022-09-21T20:26:30.236+0000] {logging_mixin.py:117} INFO - [2022-09-21T20:26:30.236+0000] {dag.py:3328} INFO - Setting next_dagrun for example_python_operator to None, run_after=None
[2022-09-21T20:26:30.261+0000] {processor.py:178} INFO - Processing /home/airflow/.local/lib/python3.7/site-packages/airflow/example_dags/example_python_operator.py took 0.137 seconds
[2022-09-21T20:27:01.305+0000] {processor.py:156} INFO - Started process (PID=830) to work on /home/airflow/.local/lib/python3.7/site-packages/airflow/example_dags/example_python_operator.py
[2022-09-21T20:27:01.306+0000] {processor.py:758} INFO - Processing file /home/airflow/.local/lib/python3.7/site-packages/airflow/example_dags/example_python_operator.py for tasks to queue
[2022-09-21T20:27:01.306+0000] {logging_mixin.py:117} INFO - [2022-09-21T20:27:01.306+0000] {dagbag.py:525} INFO - Filling up the DagBag from /home/airflow/.local/lib/python3.7/site-packages/airflow/example_dags/example_python_operator.py
[2022-09-21T20:27:01.328+0000] {processor.py:768} INFO - DAG(s) dict_keys(['example_python_operator']) retrieved from /home/airflow/.local/lib/python3.7/site-packages/airflow/example_dags/example_python_operator.py
[2022-09-21T20:27:01.371+0000] {logging_mixin.py:117} INFO - [2022-09-21T20:27:01.371+0000] {dag.py:2573} INFO - Sync 1 DAGs
[2022-09-21T20:27:01.399+0000] {logging_mixin.py:117} INFO - [2022-09-21T20:27:01.399+0000] {dag.py:3328} INFO - Setting next_dagrun for example_python_operator to None, run_after=None
[2022-09-21T20:27:01.419+0000] {processor.py:178} INFO - Processing /home/airflow/.local/lib/python3.7/site-packages/airflow/example_dags/example_python_operator.py took 0.116 seconds
[2022-09-21T20:27:31.501+0000] {processor.py:156} INFO - Started process (PID=885) to work on /home/airflow/.local/lib/python3.7/site-packages/airflow/example_dags/example_python_operator.py
[2022-09-21T20:27:31.501+0000] {processor.py:758} INFO - Processing file /home/airflow/.local/lib/python3.7/site-packages/airflow/example_dags/example_python_operator.py for tasks to queue
[2022-09-21T20:27:31.502+0000] {logging_mixin.py:117} INFO - [2022-09-21T20:27:31.502+0000] {dagbag.py:525} INFO - Filling up the DagBag from /home/airflow/.local/lib/python3.7/site-packages/airflow/example_dags/example_python_operator.py
[2022-09-21T20:27:31.523+0000] {processor.py:768} INFO - DAG(s) dict_keys(['example_python_operator']) retrieved from /home/airflow/.local/lib/python3.7/site-packages/airflow/example_dags/example_python_operator.py
[2022-09-21T20:27:31.560+0000] {logging_mixin.py:117} INFO - [2022-09-21T20:27:31.560+0000] {dag.py:2573} INFO - Sync 1 DAGs
[2022-09-21T20:27:31.585+0000] {logging_mixin.py:117} INFO - [2022-09-21T20:27:31.585+0000] {dag.py:3328} INFO - Setting next_dagrun for example_python_operator to None, run_after=None
[2022-09-21T20:27:31.601+0000] {processor.py:178} INFO - Processing /home/airflow/.local/lib/python3.7/site-packages/airflow/example_dags/example_python_operator.py took 0.103 seconds
[2022-09-21T20:28:01.706+0000] {processor.py:156} INFO - Started process (PID=948) to work on /home/airflow/.local/lib/python3.7/site-packages/airflow/example_dags/example_python_operator.py
[2022-09-21T20:28:01.707+0000] {processor.py:758} INFO - Processing file /home/airflow/.local/lib/python3.7/site-packages/airflow/example_dags/example_python_operator.py for tasks to queue
[2022-09-21T20:28:01.708+0000] {logging_mixin.py:117} INFO - [2022-09-21T20:28:01.708+0000] {dagbag.py:525} INFO - Filling up the DagBag from /home/airflow/.local/lib/python3.7/site-packages/airflow/example_dags/example_python_operator.py
[2022-09-21T20:28:01.753+0000] {processor.py:768} INFO - DAG(s) dict_keys(['example_python_operator']) retrieved from /home/airflow/.local/lib/python3.7/site-packages/airflow/example_dags/example_python_operator.py
[2022-09-21T20:28:01.832+0000] {logging_mixin.py:117} INFO - [2022-09-21T20:28:01.831+0000] {dag.py:2573} INFO - Sync 1 DAGs
[2022-09-21T20:28:01.875+0000] {logging_mixin.py:117} INFO - [2022-09-21T20:28:01.875+0000] {dag.py:3328} INFO - Setting next_dagrun for example_python_operator to None, run_after=None
[2022-09-21T20:28:01.902+0000] {processor.py:178} INFO - Processing /home/airflow/.local/lib/python3.7/site-packages/airflow/example_dags/example_python_operator.py took 0.198 seconds
[2022-09-21T20:28:32.872+0000] {processor.py:156} INFO - Started process (PID=1012) to work on /home/airflow/.local/lib/python3.7/site-packages/airflow/example_dags/example_python_operator.py
[2022-09-21T20:28:32.873+0000] {processor.py:758} INFO - Processing file /home/airflow/.local/lib/python3.7/site-packages/airflow/example_dags/example_python_operator.py for tasks to queue
[2022-09-21T20:28:32.873+0000] {logging_mixin.py:117} INFO - [2022-09-21T20:28:32.873+0000] {dagbag.py:525} INFO - Filling up the DagBag from /home/airflow/.local/lib/python3.7/site-packages/airflow/example_dags/example_python_operator.py
[2022-09-21T20:28:32.899+0000] {processor.py:768} INFO - DAG(s) dict_keys(['example_python_operator']) retrieved from /home/airflow/.local/lib/python3.7/site-packages/airflow/example_dags/example_python_operator.py
[2022-09-21T20:28:32.952+0000] {logging_mixin.py:117} INFO - [2022-09-21T20:28:32.951+0000] {dag.py:2573} INFO - Sync 1 DAGs
[2022-09-21T20:28:32.977+0000] {logging_mixin.py:117} INFO - [2022-09-21T20:28:32.977+0000] {dag.py:3328} INFO - Setting next_dagrun for example_python_operator to None, run_after=None
[2022-09-21T20:28:33.001+0000] {processor.py:178} INFO - Processing /home/airflow/.local/lib/python3.7/site-packages/airflow/example_dags/example_python_operator.py took 0.132 seconds
[2022-09-21T20:29:03.810+0000] {processor.py:156} INFO - Started process (PID=1067) to work on /home/airflow/.local/lib/python3.7/site-packages/airflow/example_dags/example_python_operator.py
[2022-09-21T20:29:03.817+0000] {processor.py:758} INFO - Processing file /home/airflow/.local/lib/python3.7/site-packages/airflow/example_dags/example_python_operator.py for tasks to queue
[2022-09-21T20:29:03.817+0000] {logging_mixin.py:117} INFO - [2022-09-21T20:29:03.817+0000] {dagbag.py:525} INFO - Filling up the DagBag from /home/airflow/.local/lib/python3.7/site-packages/airflow/example_dags/example_python_operator.py
[2022-09-21T20:29:03.856+0000] {processor.py:768} INFO - DAG(s) dict_keys(['example_python_operator']) retrieved from /home/airflow/.local/lib/python3.7/site-packages/airflow/example_dags/example_python_operator.py
[2022-09-21T20:29:03.918+0000] {logging_mixin.py:117} INFO - [2022-09-21T20:29:03.918+0000] {dag.py:2573} INFO - Sync 1 DAGs
[2022-09-21T20:29:03.958+0000] {logging_mixin.py:117} INFO - [2022-09-21T20:29:03.958+0000] {dag.py:3328} INFO - Setting next_dagrun for example_python_operator to None, run_after=None
[2022-09-21T20:29:03.985+0000] {processor.py:178} INFO - Processing /home/airflow/.local/lib/python3.7/site-packages/airflow/example_dags/example_python_operator.py took 0.179 seconds
[2022-09-21T20:29:34.321+0000] {processor.py:156} INFO - Started process (PID=1131) to work on /home/airflow/.local/lib/python3.7/site-packages/airflow/example_dags/example_python_operator.py
[2022-09-21T20:29:34.322+0000] {processor.py:758} INFO - Processing file /home/airflow/.local/lib/python3.7/site-packages/airflow/example_dags/example_python_operator.py for tasks to queue
[2022-09-21T20:29:34.323+0000] {logging_mixin.py:117} INFO - [2022-09-21T20:29:34.323+0000] {dagbag.py:525} INFO - Filling up the DagBag from /home/airflow/.local/lib/python3.7/site-packages/airflow/example_dags/example_python_operator.py
[2022-09-21T20:29:34.358+0000] {processor.py:768} INFO - DAG(s) dict_keys(['example_python_operator']) retrieved from /home/airflow/.local/lib/python3.7/site-packages/airflow/example_dags/example_python_operator.py
[2022-09-21T20:29:34.410+0000] {logging_mixin.py:117} INFO - [2022-09-21T20:29:34.410+0000] {dag.py:2573} INFO - Sync 1 DAGs
[2022-09-21T20:29:34.445+0000] {logging_mixin.py:117} INFO - [2022-09-21T20:29:34.445+0000] {dag.py:3328} INFO - Setting next_dagrun for example_python_operator to None, run_after=None
[2022-09-21T20:29:34.471+0000] {processor.py:178} INFO - Processing /home/airflow/.local/lib/python3.7/site-packages/airflow/example_dags/example_python_operator.py took 0.153 seconds
[2022-09-21T20:30:04.921+0000] {processor.py:156} INFO - Started process (PID=1187) to work on /home/airflow/.local/lib/python3.7/site-packages/airflow/example_dags/example_python_operator.py
[2022-09-21T20:30:04.922+0000] {processor.py:758} INFO - Processing file /home/airflow/.local/lib/python3.7/site-packages/airflow/example_dags/example_python_operator.py for tasks to queue
[2022-09-21T20:30:04.923+0000] {logging_mixin.py:117} INFO - [2022-09-21T20:30:04.923+0000] {dagbag.py:525} INFO - Filling up the DagBag from /home/airflow/.local/lib/python3.7/site-packages/airflow/example_dags/example_python_operator.py
[2022-09-21T20:30:05.024+0000] {processor.py:768} INFO - DAG(s) dict_keys(['example_python_operator']) retrieved from /home/airflow/.local/lib/python3.7/site-packages/airflow/example_dags/example_python_operator.py
[2022-09-21T20:30:05.194+0000] {logging_mixin.py:117} INFO - [2022-09-21T20:30:05.193+0000] {dag.py:2573} INFO - Sync 1 DAGs
[2022-09-21T20:30:05.317+0000] {logging_mixin.py:117} INFO - [2022-09-21T20:30:05.317+0000] {dag.py:3328} INFO - Setting next_dagrun for example_python_operator to None, run_after=None
[2022-09-21T20:30:05.389+0000] {processor.py:178} INFO - Processing /home/airflow/.local/lib/python3.7/site-packages/airflow/example_dags/example_python_operator.py took 0.475 seconds
[2022-09-21T20:30:35.683+0000] {processor.py:156} INFO - Started process (PID=1241) to work on /home/airflow/.local/lib/python3.7/site-packages/airflow/example_dags/example_python_operator.py
[2022-09-21T20:30:35.684+0000] {processor.py:758} INFO - Processing file /home/airflow/.local/lib/python3.7/site-packages/airflow/example_dags/example_python_operator.py for tasks to queue
[2022-09-21T20:30:35.684+0000] {logging_mixin.py:117} INFO - [2022-09-21T20:30:35.684+0000] {dagbag.py:525} INFO - Filling up the DagBag from /home/airflow/.local/lib/python3.7/site-packages/airflow/example_dags/example_python_operator.py
[2022-09-21T20:30:35.716+0000] {processor.py:768} INFO - DAG(s) dict_keys(['example_python_operator']) retrieved from /home/airflow/.local/lib/python3.7/site-packages/airflow/example_dags/example_python_operator.py
[2022-09-21T20:30:35.766+0000] {logging_mixin.py:117} INFO - [2022-09-21T20:30:35.766+0000] {dag.py:2573} INFO - Sync 1 DAGs
[2022-09-21T20:30:35.796+0000] {logging_mixin.py:117} INFO - [2022-09-21T20:30:35.796+0000] {dag.py:3328} INFO - Setting next_dagrun for example_python_operator to None, run_after=None
[2022-09-21T20:30:35.821+0000] {processor.py:178} INFO - Processing /home/airflow/.local/lib/python3.7/site-packages/airflow/example_dags/example_python_operator.py took 0.142 seconds
[2022-09-21T20:31:05.892+0000] {processor.py:156} INFO - Started process (PID=1306) to work on /home/airflow/.local/lib/python3.7/site-packages/airflow/example_dags/example_python_operator.py
[2022-09-21T20:31:05.893+0000] {processor.py:758} INFO - Processing file /home/airflow/.local/lib/python3.7/site-packages/airflow/example_dags/example_python_operator.py for tasks to queue
[2022-09-21T20:31:05.893+0000] {logging_mixin.py:117} INFO - [2022-09-21T20:31:05.893+0000] {dagbag.py:525} INFO - Filling up the DagBag from /home/airflow/.local/lib/python3.7/site-packages/airflow/example_dags/example_python_operator.py
[2022-09-21T20:31:05.919+0000] {processor.py:768} INFO - DAG(s) dict_keys(['example_python_operator']) retrieved from /home/airflow/.local/lib/python3.7/site-packages/airflow/example_dags/example_python_operator.py
[2022-09-21T20:31:05.959+0000] {logging_mixin.py:117} INFO - [2022-09-21T20:31:05.959+0000] {dag.py:2573} INFO - Sync 1 DAGs
[2022-09-21T20:31:05.985+0000] {logging_mixin.py:117} INFO - [2022-09-21T20:31:05.985+0000] {dag.py:3328} INFO - Setting next_dagrun for example_python_operator to None, run_after=None
[2022-09-21T20:31:06.006+0000] {processor.py:178} INFO - Processing /home/airflow/.local/lib/python3.7/site-packages/airflow/example_dags/example_python_operator.py took 0.117 seconds
[2022-09-21T20:31:36.158+0000] {processor.py:156} INFO - Started process (PID=1361) to work on /home/airflow/.local/lib/python3.7/site-packages/airflow/example_dags/example_python_operator.py
[2022-09-21T20:31:36.159+0000] {processor.py:758} INFO - Processing file /home/airflow/.local/lib/python3.7/site-packages/airflow/example_dags/example_python_operator.py for tasks to queue
[2022-09-21T20:31:36.159+0000] {logging_mixin.py:117} INFO - [2022-09-21T20:31:36.159+0000] {dagbag.py:525} INFO - Filling up the DagBag from /home/airflow/.local/lib/python3.7/site-packages/airflow/example_dags/example_python_operator.py
[2022-09-21T20:31:36.188+0000] {processor.py:768} INFO - DAG(s) dict_keys(['example_python_operator']) retrieved from /home/airflow/.local/lib/python3.7/site-packages/airflow/example_dags/example_python_operator.py
[2022-09-21T20:31:36.235+0000] {logging_mixin.py:117} INFO - [2022-09-21T20:31:36.235+0000] {dag.py:2573} INFO - Sync 1 DAGs
[2022-09-21T20:31:36.265+0000] {logging_mixin.py:117} INFO - [2022-09-21T20:31:36.265+0000] {dag.py:3328} INFO - Setting next_dagrun for example_python_operator to None, run_after=None
[2022-09-21T20:31:36.293+0000] {processor.py:178} INFO - Processing /home/airflow/.local/lib/python3.7/site-packages/airflow/example_dags/example_python_operator.py took 0.139 seconds
[2022-09-21T20:32:06.557+0000] {processor.py:156} INFO - Started process (PID=1425) to work on /home/airflow/.local/lib/python3.7/site-packages/airflow/example_dags/example_python_operator.py
[2022-09-21T20:32:06.558+0000] {processor.py:758} INFO - Processing file /home/airflow/.local/lib/python3.7/site-packages/airflow/example_dags/example_python_operator.py for tasks to queue
[2022-09-21T20:32:06.559+0000] {logging_mixin.py:117} INFO - [2022-09-21T20:32:06.559+0000] {dagbag.py:525} INFO - Filling up the DagBag from /home/airflow/.local/lib/python3.7/site-packages/airflow/example_dags/example_python_operator.py
[2022-09-21T20:32:06.604+0000] {processor.py:768} INFO - DAG(s) dict_keys(['example_python_operator']) retrieved from /home/airflow/.local/lib/python3.7/site-packages/airflow/example_dags/example_python_operator.py
[2022-09-21T20:32:06.667+0000] {logging_mixin.py:117} INFO - [2022-09-21T20:32:06.667+0000] {dag.py:2573} INFO - Sync 1 DAGs
[2022-09-21T20:32:06.713+0000] {logging_mixin.py:117} INFO - [2022-09-21T20:32:06.713+0000] {dag.py:3328} INFO - Setting next_dagrun for example_python_operator to None, run_after=None
[2022-09-21T20:32:06.741+0000] {processor.py:178} INFO - Processing /home/airflow/.local/lib/python3.7/site-packages/airflow/example_dags/example_python_operator.py took 0.190 seconds
[2022-09-21T20:32:36.888+0000] {processor.py:156} INFO - Started process (PID=1480) to work on /home/airflow/.local/lib/python3.7/site-packages/airflow/example_dags/example_python_operator.py
[2022-09-21T20:32:36.889+0000] {processor.py:758} INFO - Processing file /home/airflow/.local/lib/python3.7/site-packages/airflow/example_dags/example_python_operator.py for tasks to queue
[2022-09-21T20:32:36.889+0000] {logging_mixin.py:117} INFO - [2022-09-21T20:32:36.889+0000] {dagbag.py:525} INFO - Filling up the DagBag from /home/airflow/.local/lib/python3.7/site-packages/airflow/example_dags/example_python_operator.py
[2022-09-21T20:32:36.927+0000] {processor.py:768} INFO - DAG(s) dict_keys(['example_python_operator']) retrieved from /home/airflow/.local/lib/python3.7/site-packages/airflow/example_dags/example_python_operator.py
[2022-09-21T20:32:37.021+0000] {logging_mixin.py:117} INFO - [2022-09-21T20:32:37.020+0000] {dag.py:2573} INFO - Sync 1 DAGs
[2022-09-21T20:32:37.073+0000] {logging_mixin.py:117} INFO - [2022-09-21T20:32:37.072+0000] {dag.py:3328} INFO - Setting next_dagrun for example_python_operator to None, run_after=None
[2022-09-21T20:32:37.108+0000] {processor.py:178} INFO - Processing /home/airflow/.local/lib/python3.7/site-packages/airflow/example_dags/example_python_operator.py took 0.224 seconds
[2022-09-21T20:33:07.416+0000] {processor.py:156} INFO - Started process (PID=1544) to work on /home/airflow/.local/lib/python3.7/site-packages/airflow/example_dags/example_python_operator.py
[2022-09-21T20:33:07.424+0000] {processor.py:758} INFO - Processing file /home/airflow/.local/lib/python3.7/site-packages/airflow/example_dags/example_python_operator.py for tasks to queue
[2022-09-21T20:33:07.425+0000] {logging_mixin.py:117} INFO - [2022-09-21T20:33:07.425+0000] {dagbag.py:525} INFO - Filling up the DagBag from /home/airflow/.local/lib/python3.7/site-packages/airflow/example_dags/example_python_operator.py
[2022-09-21T20:33:07.485+0000] {processor.py:768} INFO - DAG(s) dict_keys(['example_python_operator']) retrieved from /home/airflow/.local/lib/python3.7/site-packages/airflow/example_dags/example_python_operator.py
[2022-09-21T20:33:07.555+0000] {logging_mixin.py:117} INFO - [2022-09-21T20:33:07.555+0000] {dag.py:2573} INFO - Sync 1 DAGs
[2022-09-21T20:33:07.597+0000] {logging_mixin.py:117} INFO - [2022-09-21T20:33:07.597+0000] {dag.py:3328} INFO - Setting next_dagrun for example_python_operator to None, run_after=None
[2022-09-21T20:33:07.624+0000] {processor.py:178} INFO - Processing /home/airflow/.local/lib/python3.7/site-packages/airflow/example_dags/example_python_operator.py took 0.214 seconds
[2022-09-21T20:33:38.146+0000] {processor.py:156} INFO - Started process (PID=1598) to work on /home/airflow/.local/lib/python3.7/site-packages/airflow/example_dags/example_python_operator.py
[2022-09-21T20:33:38.149+0000] {processor.py:758} INFO - Processing file /home/airflow/.local/lib/python3.7/site-packages/airflow/example_dags/example_python_operator.py for tasks to queue
[2022-09-21T20:33:38.151+0000] {logging_mixin.py:117} INFO - [2022-09-21T20:33:38.151+0000] {dagbag.py:525} INFO - Filling up the DagBag from /home/airflow/.local/lib/python3.7/site-packages/airflow/example_dags/example_python_operator.py
[2022-09-21T20:33:38.233+0000] {processor.py:768} INFO - DAG(s) dict_keys(['example_python_operator']) retrieved from /home/airflow/.local/lib/python3.7/site-packages/airflow/example_dags/example_python_operator.py
[2022-09-21T20:33:38.354+0000] {logging_mixin.py:117} INFO - [2022-09-21T20:33:38.354+0000] {dag.py:2573} INFO - Sync 1 DAGs
[2022-09-21T20:33:38.408+0000] {logging_mixin.py:117} INFO - [2022-09-21T20:33:38.408+0000] {dag.py:3328} INFO - Setting next_dagrun for example_python_operator to None, run_after=None
[2022-09-21T20:33:38.448+0000] {processor.py:178} INFO - Processing /home/airflow/.local/lib/python3.7/site-packages/airflow/example_dags/example_python_operator.py took 0.311 seconds
[2022-09-21T20:34:08.588+0000] {processor.py:156} INFO - Started process (PID=1653) to work on /home/airflow/.local/lib/python3.7/site-packages/airflow/example_dags/example_python_operator.py
[2022-09-21T20:34:08.589+0000] {processor.py:758} INFO - Processing file /home/airflow/.local/lib/python3.7/site-packages/airflow/example_dags/example_python_operator.py for tasks to queue
[2022-09-21T20:34:08.589+0000] {logging_mixin.py:117} INFO - [2022-09-21T20:34:08.589+0000] {dagbag.py:525} INFO - Filling up the DagBag from /home/airflow/.local/lib/python3.7/site-packages/airflow/example_dags/example_python_operator.py
[2022-09-21T20:34:08.623+0000] {processor.py:768} INFO - DAG(s) dict_keys(['example_python_operator']) retrieved from /home/airflow/.local/lib/python3.7/site-packages/airflow/example_dags/example_python_operator.py
[2022-09-21T20:34:08.676+0000] {logging_mixin.py:117} INFO - [2022-09-21T20:34:08.676+0000] {dag.py:2573} INFO - Sync 1 DAGs
[2022-09-21T20:34:08.721+0000] {logging_mixin.py:117} INFO - [2022-09-21T20:34:08.721+0000] {dag.py:3328} INFO - Setting next_dagrun for example_python_operator to None, run_after=None
[2022-09-21T20:34:08.756+0000] {processor.py:178} INFO - Processing /home/airflow/.local/lib/python3.7/site-packages/airflow/example_dags/example_python_operator.py took 0.172 seconds
[2022-09-21T20:34:39.119+0000] {processor.py:156} INFO - Started process (PID=1716) to work on /home/airflow/.local/lib/python3.7/site-packages/airflow/example_dags/example_python_operator.py
[2022-09-21T20:34:39.121+0000] {processor.py:758} INFO - Processing file /home/airflow/.local/lib/python3.7/site-packages/airflow/example_dags/example_python_operator.py for tasks to queue
[2022-09-21T20:34:39.122+0000] {logging_mixin.py:117} INFO - [2022-09-21T20:34:39.121+0000] {dagbag.py:525} INFO - Filling up the DagBag from /home/airflow/.local/lib/python3.7/site-packages/airflow/example_dags/example_python_operator.py
[2022-09-21T20:34:39.163+0000] {processor.py:768} INFO - DAG(s) dict_keys(['example_python_operator']) retrieved from /home/airflow/.local/lib/python3.7/site-packages/airflow/example_dags/example_python_operator.py
[2022-09-21T20:34:39.224+0000] {logging_mixin.py:117} INFO - [2022-09-21T20:34:39.224+0000] {dag.py:2573} INFO - Sync 1 DAGs
[2022-09-21T20:34:39.268+0000] {logging_mixin.py:117} INFO - [2022-09-21T20:34:39.268+0000] {dag.py:3328} INFO - Setting next_dagrun for example_python_operator to None, run_after=None
[2022-09-21T20:34:39.297+0000] {processor.py:178} INFO - Processing /home/airflow/.local/lib/python3.7/site-packages/airflow/example_dags/example_python_operator.py took 0.183 seconds
[2022-09-21T20:35:09.957+0000] {processor.py:156} INFO - Started process (PID=1772) to work on /home/airflow/.local/lib/python3.7/site-packages/airflow/example_dags/example_python_operator.py
[2022-09-21T20:35:09.958+0000] {processor.py:758} INFO - Processing file /home/airflow/.local/lib/python3.7/site-packages/airflow/example_dags/example_python_operator.py for tasks to queue
[2022-09-21T20:35:09.958+0000] {logging_mixin.py:117} INFO - [2022-09-21T20:35:09.958+0000] {dagbag.py:525} INFO - Filling up the DagBag from /home/airflow/.local/lib/python3.7/site-packages/airflow/example_dags/example_python_operator.py
[2022-09-21T20:35:09.986+0000] {processor.py:768} INFO - DAG(s) dict_keys(['example_python_operator']) retrieved from /home/airflow/.local/lib/python3.7/site-packages/airflow/example_dags/example_python_operator.py
[2022-09-21T20:35:10.029+0000] {logging_mixin.py:117} INFO - [2022-09-21T20:35:10.029+0000] {dag.py:2573} INFO - Sync 1 DAGs
[2022-09-21T20:35:10.058+0000] {logging_mixin.py:117} INFO - [2022-09-21T20:35:10.058+0000] {dag.py:3328} INFO - Setting next_dagrun for example_python_operator to None, run_after=None
[2022-09-21T20:35:10.083+0000] {processor.py:178} INFO - Processing /home/airflow/.local/lib/python3.7/site-packages/airflow/example_dags/example_python_operator.py took 0.129 seconds
