[2022-09-21T20:16:37.766+0000] {processor.py:156} INFO - Started process (PID=53) to work on /home/airflow/.local/lib/python3.7/site-packages/airflow/example_dags/example_branch_operator_decorator.py
[2022-09-21T20:16:37.767+0000] {processor.py:758} INFO - Processing file /home/airflow/.local/lib/python3.7/site-packages/airflow/example_dags/example_branch_operator_decorator.py for tasks to queue
[2022-09-21T20:16:37.768+0000] {logging_mixin.py:117} INFO - [2022-09-21T20:16:37.767+0000] {dagbag.py:525} INFO - Filling up the DagBag from /home/airflow/.local/lib/python3.7/site-packages/airflow/example_dags/example_branch_operator_decorator.py
[2022-09-21T20:16:37.832+0000] {processor.py:768} INFO - DAG(s) dict_keys(['example_branch_python_operator_decorator']) retrieved from /home/airflow/.local/lib/python3.7/site-packages/airflow/example_dags/example_branch_operator_decorator.py
[2022-09-21T20:16:37.940+0000] {logging_mixin.py:117} INFO - [2022-09-21T20:16:37.940+0000] {dag.py:2573} INFO - Sync 1 DAGs
[2022-09-21T20:16:38.084+0000] {logging_mixin.py:117} INFO - [2022-09-21T20:16:38.084+0000] {dag.py:3328} INFO - Setting next_dagrun for example_branch_python_operator_decorator to 2022-09-20T00:00:00+00:00, run_after=2022-09-21T00:00:00+00:00
[2022-09-21T20:16:38.139+0000] {processor.py:178} INFO - Processing /home/airflow/.local/lib/python3.7/site-packages/airflow/example_dags/example_branch_operator_decorator.py took 0.378 seconds
[2022-09-21T20:20:21.477+0000] {processor.py:156} INFO - Started process (PID=51) to work on /home/airflow/.local/lib/python3.7/site-packages/airflow/example_dags/example_branch_operator_decorator.py
[2022-09-21T20:20:21.480+0000] {processor.py:758} INFO - Processing file /home/airflow/.local/lib/python3.7/site-packages/airflow/example_dags/example_branch_operator_decorator.py for tasks to queue
[2022-09-21T20:20:21.481+0000] {logging_mixin.py:117} INFO - [2022-09-21T20:20:21.480+0000] {dagbag.py:525} INFO - Filling up the DagBag from /home/airflow/.local/lib/python3.7/site-packages/airflow/example_dags/example_branch_operator_decorator.py
[2022-09-21T20:20:21.576+0000] {processor.py:768} INFO - DAG(s) dict_keys(['example_branch_python_operator_decorator']) retrieved from /home/airflow/.local/lib/python3.7/site-packages/airflow/example_dags/example_branch_operator_decorator.py
[2022-09-21T20:20:22.053+0000] {logging_mixin.py:117} INFO - [2022-09-21T20:20:22.053+0000] {dag.py:2573} INFO - Sync 1 DAGs
[2022-09-21T20:20:22.130+0000] {logging_mixin.py:117} INFO - [2022-09-21T20:20:22.130+0000] {dag.py:3328} INFO - Setting next_dagrun for example_branch_python_operator_decorator to 2022-09-20T00:00:00+00:00, run_after=2022-09-21T00:00:00+00:00
[2022-09-21T20:20:22.193+0000] {processor.py:178} INFO - Processing /home/airflow/.local/lib/python3.7/site-packages/airflow/example_dags/example_branch_operator_decorator.py took 0.739 seconds
[2022-09-21T20:20:52.277+0000] {processor.py:156} INFO - Started process (PID=106) to work on /home/airflow/.local/lib/python3.7/site-packages/airflow/example_dags/example_branch_operator_decorator.py
[2022-09-21T20:20:52.279+0000] {processor.py:758} INFO - Processing file /home/airflow/.local/lib/python3.7/site-packages/airflow/example_dags/example_branch_operator_decorator.py for tasks to queue
[2022-09-21T20:20:52.280+0000] {logging_mixin.py:117} INFO - [2022-09-21T20:20:52.280+0000] {dagbag.py:525} INFO - Filling up the DagBag from /home/airflow/.local/lib/python3.7/site-packages/airflow/example_dags/example_branch_operator_decorator.py
[2022-09-21T20:20:52.378+0000] {processor.py:768} INFO - DAG(s) dict_keys(['example_branch_python_operator_decorator']) retrieved from /home/airflow/.local/lib/python3.7/site-packages/airflow/example_dags/example_branch_operator_decorator.py
[2022-09-21T20:20:52.749+0000] {logging_mixin.py:117} INFO - [2022-09-21T20:20:52.749+0000] {dag.py:2573} INFO - Sync 1 DAGs
[2022-09-21T20:20:52.812+0000] {logging_mixin.py:117} INFO - [2022-09-21T20:20:52.812+0000] {dag.py:3328} INFO - Setting next_dagrun for example_branch_python_operator_decorator to 2022-09-20T00:00:00+00:00, run_after=2022-09-21T00:00:00+00:00
[2022-09-21T20:20:52.860+0000] {processor.py:178} INFO - Processing /home/airflow/.local/lib/python3.7/site-packages/airflow/example_dags/example_branch_operator_decorator.py took 0.589 seconds
[2022-09-21T20:21:23.484+0000] {processor.py:156} INFO - Started process (PID=162) to work on /home/airflow/.local/lib/python3.7/site-packages/airflow/example_dags/example_branch_operator_decorator.py
[2022-09-21T20:21:23.485+0000] {processor.py:758} INFO - Processing file /home/airflow/.local/lib/python3.7/site-packages/airflow/example_dags/example_branch_operator_decorator.py for tasks to queue
[2022-09-21T20:21:23.486+0000] {logging_mixin.py:117} INFO - [2022-09-21T20:21:23.486+0000] {dagbag.py:525} INFO - Filling up the DagBag from /home/airflow/.local/lib/python3.7/site-packages/airflow/example_dags/example_branch_operator_decorator.py
[2022-09-21T20:21:23.675+0000] {processor.py:768} INFO - DAG(s) dict_keys(['example_branch_python_operator_decorator']) retrieved from /home/airflow/.local/lib/python3.7/site-packages/airflow/example_dags/example_branch_operator_decorator.py
[2022-09-21T20:21:23.737+0000] {logging_mixin.py:117} INFO - [2022-09-21T20:21:23.737+0000] {dag.py:2573} INFO - Sync 1 DAGs
[2022-09-21T20:21:23.788+0000] {logging_mixin.py:117} INFO - [2022-09-21T20:21:23.787+0000] {dag.py:3328} INFO - Setting next_dagrun for example_branch_python_operator_decorator to 2022-09-20T00:00:00+00:00, run_after=2022-09-21T00:00:00+00:00
[2022-09-21T20:21:23.819+0000] {processor.py:178} INFO - Processing /home/airflow/.local/lib/python3.7/site-packages/airflow/example_dags/example_branch_operator_decorator.py took 0.339 seconds
[2022-09-21T20:21:54.663+0000] {processor.py:156} INFO - Started process (PID=225) to work on /home/airflow/.local/lib/python3.7/site-packages/airflow/example_dags/example_branch_operator_decorator.py
[2022-09-21T20:21:54.664+0000] {processor.py:758} INFO - Processing file /home/airflow/.local/lib/python3.7/site-packages/airflow/example_dags/example_branch_operator_decorator.py for tasks to queue
[2022-09-21T20:21:54.664+0000] {logging_mixin.py:117} INFO - [2022-09-21T20:21:54.664+0000] {dagbag.py:525} INFO - Filling up the DagBag from /home/airflow/.local/lib/python3.7/site-packages/airflow/example_dags/example_branch_operator_decorator.py
[2022-09-21T20:21:54.877+0000] {processor.py:768} INFO - DAG(s) dict_keys(['example_branch_python_operator_decorator']) retrieved from /home/airflow/.local/lib/python3.7/site-packages/airflow/example_dags/example_branch_operator_decorator.py
[2022-09-21T20:21:54.912+0000] {logging_mixin.py:117} INFO - [2022-09-21T20:21:54.912+0000] {dag.py:2573} INFO - Sync 1 DAGs
[2022-09-21T20:21:54.958+0000] {logging_mixin.py:117} INFO - [2022-09-21T20:21:54.957+0000] {dag.py:3328} INFO - Setting next_dagrun for example_branch_python_operator_decorator to 2022-09-20T00:00:00+00:00, run_after=2022-09-21T00:00:00+00:00
[2022-09-21T20:21:54.986+0000] {processor.py:178} INFO - Processing /home/airflow/.local/lib/python3.7/site-packages/airflow/example_dags/example_branch_operator_decorator.py took 0.326 seconds
[2022-09-21T20:22:25.441+0000] {processor.py:156} INFO - Started process (PID=280) to work on /home/airflow/.local/lib/python3.7/site-packages/airflow/example_dags/example_branch_operator_decorator.py
[2022-09-21T20:22:25.442+0000] {processor.py:758} INFO - Processing file /home/airflow/.local/lib/python3.7/site-packages/airflow/example_dags/example_branch_operator_decorator.py for tasks to queue
[2022-09-21T20:22:25.443+0000] {logging_mixin.py:117} INFO - [2022-09-21T20:22:25.443+0000] {dagbag.py:525} INFO - Filling up the DagBag from /home/airflow/.local/lib/python3.7/site-packages/airflow/example_dags/example_branch_operator_decorator.py
[2022-09-21T20:22:25.478+0000] {processor.py:768} INFO - DAG(s) dict_keys(['example_branch_python_operator_decorator']) retrieved from /home/airflow/.local/lib/python3.7/site-packages/airflow/example_dags/example_branch_operator_decorator.py
[2022-09-21T20:22:25.523+0000] {logging_mixin.py:117} INFO - [2022-09-21T20:22:25.523+0000] {dag.py:2573} INFO - Sync 1 DAGs
[2022-09-21T20:22:25.557+0000] {logging_mixin.py:117} INFO - [2022-09-21T20:22:25.557+0000] {dag.py:3328} INFO - Setting next_dagrun for example_branch_python_operator_decorator to 2022-09-20T00:00:00+00:00, run_after=2022-09-21T00:00:00+00:00
[2022-09-21T20:22:25.581+0000] {processor.py:178} INFO - Processing /home/airflow/.local/lib/python3.7/site-packages/airflow/example_dags/example_branch_operator_decorator.py took 0.144 seconds
[2022-09-21T20:22:56.434+0000] {processor.py:156} INFO - Started process (PID=344) to work on /home/airflow/.local/lib/python3.7/site-packages/airflow/example_dags/example_branch_operator_decorator.py
[2022-09-21T20:22:56.435+0000] {processor.py:758} INFO - Processing file /home/airflow/.local/lib/python3.7/site-packages/airflow/example_dags/example_branch_operator_decorator.py for tasks to queue
[2022-09-21T20:22:56.436+0000] {logging_mixin.py:117} INFO - [2022-09-21T20:22:56.435+0000] {dagbag.py:525} INFO - Filling up the DagBag from /home/airflow/.local/lib/python3.7/site-packages/airflow/example_dags/example_branch_operator_decorator.py
[2022-09-21T20:22:56.458+0000] {processor.py:768} INFO - DAG(s) dict_keys(['example_branch_python_operator_decorator']) retrieved from /home/airflow/.local/lib/python3.7/site-packages/airflow/example_dags/example_branch_operator_decorator.py
[2022-09-21T20:22:56.483+0000] {logging_mixin.py:117} INFO - [2022-09-21T20:22:56.483+0000] {dag.py:2573} INFO - Sync 1 DAGs
[2022-09-21T20:22:56.508+0000] {logging_mixin.py:117} INFO - [2022-09-21T20:22:56.508+0000] {dag.py:3328} INFO - Setting next_dagrun for example_branch_python_operator_decorator to 2022-09-20T00:00:00+00:00, run_after=2022-09-21T00:00:00+00:00
[2022-09-21T20:22:56.527+0000] {processor.py:178} INFO - Processing /home/airflow/.local/lib/python3.7/site-packages/airflow/example_dags/example_branch_operator_decorator.py took 0.096 seconds
[2022-09-21T20:23:27.013+0000] {processor.py:156} INFO - Started process (PID=399) to work on /home/airflow/.local/lib/python3.7/site-packages/airflow/example_dags/example_branch_operator_decorator.py
[2022-09-21T20:23:27.014+0000] {processor.py:758} INFO - Processing file /home/airflow/.local/lib/python3.7/site-packages/airflow/example_dags/example_branch_operator_decorator.py for tasks to queue
[2022-09-21T20:23:27.015+0000] {logging_mixin.py:117} INFO - [2022-09-21T20:23:27.015+0000] {dagbag.py:525} INFO - Filling up the DagBag from /home/airflow/.local/lib/python3.7/site-packages/airflow/example_dags/example_branch_operator_decorator.py
[2022-09-21T20:23:27.059+0000] {processor.py:768} INFO - DAG(s) dict_keys(['example_branch_python_operator_decorator']) retrieved from /home/airflow/.local/lib/python3.7/site-packages/airflow/example_dags/example_branch_operator_decorator.py
[2022-09-21T20:23:27.141+0000] {logging_mixin.py:117} INFO - [2022-09-21T20:23:27.141+0000] {dag.py:2573} INFO - Sync 1 DAGs
[2022-09-21T20:23:27.188+0000] {logging_mixin.py:117} INFO - [2022-09-21T20:23:27.187+0000] {dag.py:3328} INFO - Setting next_dagrun for example_branch_python_operator_decorator to 2022-09-20T00:00:00+00:00, run_after=2022-09-21T00:00:00+00:00
[2022-09-21T20:23:27.215+0000] {processor.py:178} INFO - Processing /home/airflow/.local/lib/python3.7/site-packages/airflow/example_dags/example_branch_operator_decorator.py took 0.206 seconds
[2022-09-21T20:23:57.718+0000] {processor.py:156} INFO - Started process (PID=463) to work on /home/airflow/.local/lib/python3.7/site-packages/airflow/example_dags/example_branch_operator_decorator.py
[2022-09-21T20:23:57.719+0000] {processor.py:758} INFO - Processing file /home/airflow/.local/lib/python3.7/site-packages/airflow/example_dags/example_branch_operator_decorator.py for tasks to queue
[2022-09-21T20:23:57.720+0000] {logging_mixin.py:117} INFO - [2022-09-21T20:23:57.719+0000] {dagbag.py:525} INFO - Filling up the DagBag from /home/airflow/.local/lib/python3.7/site-packages/airflow/example_dags/example_branch_operator_decorator.py
[2022-09-21T20:23:57.755+0000] {processor.py:768} INFO - DAG(s) dict_keys(['example_branch_python_operator_decorator']) retrieved from /home/airflow/.local/lib/python3.7/site-packages/airflow/example_dags/example_branch_operator_decorator.py
[2022-09-21T20:23:57.814+0000] {logging_mixin.py:117} INFO - [2022-09-21T20:23:57.814+0000] {dag.py:2573} INFO - Sync 1 DAGs
[2022-09-21T20:23:57.861+0000] {logging_mixin.py:117} INFO - [2022-09-21T20:23:57.860+0000] {dag.py:3328} INFO - Setting next_dagrun for example_branch_python_operator_decorator to 2022-09-20T00:00:00+00:00, run_after=2022-09-21T00:00:00+00:00
[2022-09-21T20:23:57.891+0000] {processor.py:178} INFO - Processing /home/airflow/.local/lib/python3.7/site-packages/airflow/example_dags/example_branch_operator_decorator.py took 0.177 seconds
[2022-09-21T20:24:28.216+0000] {processor.py:156} INFO - Started process (PID=527) to work on /home/airflow/.local/lib/python3.7/site-packages/airflow/example_dags/example_branch_operator_decorator.py
[2022-09-21T20:24:28.217+0000] {processor.py:758} INFO - Processing file /home/airflow/.local/lib/python3.7/site-packages/airflow/example_dags/example_branch_operator_decorator.py for tasks to queue
[2022-09-21T20:24:28.218+0000] {logging_mixin.py:117} INFO - [2022-09-21T20:24:28.218+0000] {dagbag.py:525} INFO - Filling up the DagBag from /home/airflow/.local/lib/python3.7/site-packages/airflow/example_dags/example_branch_operator_decorator.py
[2022-09-21T20:24:28.261+0000] {processor.py:768} INFO - DAG(s) dict_keys(['example_branch_python_operator_decorator']) retrieved from /home/airflow/.local/lib/python3.7/site-packages/airflow/example_dags/example_branch_operator_decorator.py
[2022-09-21T20:24:28.328+0000] {logging_mixin.py:117} INFO - [2022-09-21T20:24:28.327+0000] {dag.py:2573} INFO - Sync 1 DAGs
[2022-09-21T20:24:28.388+0000] {logging_mixin.py:117} INFO - [2022-09-21T20:24:28.388+0000] {dag.py:3328} INFO - Setting next_dagrun for example_branch_python_operator_decorator to 2022-09-20T00:00:00+00:00, run_after=2022-09-21T00:00:00+00:00
[2022-09-21T20:24:28.422+0000] {processor.py:178} INFO - Processing /home/airflow/.local/lib/python3.7/site-packages/airflow/example_dags/example_branch_operator_decorator.py took 0.211 seconds
[2022-09-21T20:24:58.485+0000] {processor.py:156} INFO - Started process (PID=581) to work on /home/airflow/.local/lib/python3.7/site-packages/airflow/example_dags/example_branch_operator_decorator.py
[2022-09-21T20:24:58.486+0000] {processor.py:758} INFO - Processing file /home/airflow/.local/lib/python3.7/site-packages/airflow/example_dags/example_branch_operator_decorator.py for tasks to queue
[2022-09-21T20:24:58.486+0000] {logging_mixin.py:117} INFO - [2022-09-21T20:24:58.486+0000] {dagbag.py:525} INFO - Filling up the DagBag from /home/airflow/.local/lib/python3.7/site-packages/airflow/example_dags/example_branch_operator_decorator.py
[2022-09-21T20:24:58.521+0000] {processor.py:768} INFO - DAG(s) dict_keys(['example_branch_python_operator_decorator']) retrieved from /home/airflow/.local/lib/python3.7/site-packages/airflow/example_dags/example_branch_operator_decorator.py
[2022-09-21T20:24:58.551+0000] {logging_mixin.py:117} INFO - [2022-09-21T20:24:58.551+0000] {dag.py:2573} INFO - Sync 1 DAGs
[2022-09-21T20:24:58.582+0000] {logging_mixin.py:117} INFO - [2022-09-21T20:24:58.582+0000] {dag.py:3328} INFO - Setting next_dagrun for example_branch_python_operator_decorator to 2022-09-20T00:00:00+00:00, run_after=2022-09-21T00:00:00+00:00
[2022-09-21T20:24:58.602+0000] {processor.py:178} INFO - Processing /home/airflow/.local/lib/python3.7/site-packages/airflow/example_dags/example_branch_operator_decorator.py took 0.121 seconds
[2022-09-21T20:25:29.181+0000] {processor.py:156} INFO - Started process (PID=647) to work on /home/airflow/.local/lib/python3.7/site-packages/airflow/example_dags/example_branch_operator_decorator.py
[2022-09-21T20:25:29.182+0000] {processor.py:758} INFO - Processing file /home/airflow/.local/lib/python3.7/site-packages/airflow/example_dags/example_branch_operator_decorator.py for tasks to queue
[2022-09-21T20:25:29.183+0000] {logging_mixin.py:117} INFO - [2022-09-21T20:25:29.183+0000] {dagbag.py:525} INFO - Filling up the DagBag from /home/airflow/.local/lib/python3.7/site-packages/airflow/example_dags/example_branch_operator_decorator.py
[2022-09-21T20:25:29.228+0000] {processor.py:768} INFO - DAG(s) dict_keys(['example_branch_python_operator_decorator']) retrieved from /home/airflow/.local/lib/python3.7/site-packages/airflow/example_dags/example_branch_operator_decorator.py
[2022-09-21T20:25:29.317+0000] {logging_mixin.py:117} INFO - [2022-09-21T20:25:29.317+0000] {dag.py:2573} INFO - Sync 1 DAGs
[2022-09-21T20:25:29.363+0000] {logging_mixin.py:117} INFO - [2022-09-21T20:25:29.363+0000] {dag.py:3328} INFO - Setting next_dagrun for example_branch_python_operator_decorator to 2022-09-20T00:00:00+00:00, run_after=2022-09-21T00:00:00+00:00
[2022-09-21T20:25:29.390+0000] {processor.py:178} INFO - Processing /home/airflow/.local/lib/python3.7/site-packages/airflow/example_dags/example_branch_operator_decorator.py took 0.213 seconds
[2022-09-21T20:25:59.804+0000] {processor.py:156} INFO - Started process (PID=702) to work on /home/airflow/.local/lib/python3.7/site-packages/airflow/example_dags/example_branch_operator_decorator.py
[2022-09-21T20:25:59.805+0000] {processor.py:758} INFO - Processing file /home/airflow/.local/lib/python3.7/site-packages/airflow/example_dags/example_branch_operator_decorator.py for tasks to queue
[2022-09-21T20:25:59.805+0000] {logging_mixin.py:117} INFO - [2022-09-21T20:25:59.805+0000] {dagbag.py:525} INFO - Filling up the DagBag from /home/airflow/.local/lib/python3.7/site-packages/airflow/example_dags/example_branch_operator_decorator.py
[2022-09-21T20:25:59.829+0000] {processor.py:768} INFO - DAG(s) dict_keys(['example_branch_python_operator_decorator']) retrieved from /home/airflow/.local/lib/python3.7/site-packages/airflow/example_dags/example_branch_operator_decorator.py
[2022-09-21T20:25:59.869+0000] {logging_mixin.py:117} INFO - [2022-09-21T20:25:59.869+0000] {dag.py:2573} INFO - Sync 1 DAGs
[2022-09-21T20:25:59.893+0000] {logging_mixin.py:117} INFO - [2022-09-21T20:25:59.893+0000] {dag.py:3328} INFO - Setting next_dagrun for example_branch_python_operator_decorator to 2022-09-20T00:00:00+00:00, run_after=2022-09-21T00:00:00+00:00
[2022-09-21T20:25:59.913+0000] {processor.py:178} INFO - Processing /home/airflow/.local/lib/python3.7/site-packages/airflow/example_dags/example_branch_operator_decorator.py took 0.112 seconds
[2022-09-21T20:26:29.935+0000] {processor.py:156} INFO - Started process (PID=764) to work on /home/airflow/.local/lib/python3.7/site-packages/airflow/example_dags/example_branch_operator_decorator.py
[2022-09-21T20:26:29.936+0000] {processor.py:758} INFO - Processing file /home/airflow/.local/lib/python3.7/site-packages/airflow/example_dags/example_branch_operator_decorator.py for tasks to queue
[2022-09-21T20:26:29.937+0000] {logging_mixin.py:117} INFO - [2022-09-21T20:26:29.936+0000] {dagbag.py:525} INFO - Filling up the DagBag from /home/airflow/.local/lib/python3.7/site-packages/airflow/example_dags/example_branch_operator_decorator.py
[2022-09-21T20:26:29.969+0000] {processor.py:768} INFO - DAG(s) dict_keys(['example_branch_python_operator_decorator']) retrieved from /home/airflow/.local/lib/python3.7/site-packages/airflow/example_dags/example_branch_operator_decorator.py
[2022-09-21T20:26:30.013+0000] {logging_mixin.py:117} INFO - [2022-09-21T20:26:30.013+0000] {dag.py:2573} INFO - Sync 1 DAGs
[2022-09-21T20:26:30.050+0000] {logging_mixin.py:117} INFO - [2022-09-21T20:26:30.050+0000] {dag.py:3328} INFO - Setting next_dagrun for example_branch_python_operator_decorator to 2022-09-20T00:00:00+00:00, run_after=2022-09-21T00:00:00+00:00
[2022-09-21T20:26:30.077+0000] {processor.py:178} INFO - Processing /home/airflow/.local/lib/python3.7/site-packages/airflow/example_dags/example_branch_operator_decorator.py took 0.145 seconds
[2022-09-21T20:27:01.166+0000] {processor.py:156} INFO - Started process (PID=829) to work on /home/airflow/.local/lib/python3.7/site-packages/airflow/example_dags/example_branch_operator_decorator.py
[2022-09-21T20:27:01.166+0000] {processor.py:758} INFO - Processing file /home/airflow/.local/lib/python3.7/site-packages/airflow/example_dags/example_branch_operator_decorator.py for tasks to queue
[2022-09-21T20:27:01.167+0000] {logging_mixin.py:117} INFO - [2022-09-21T20:27:01.167+0000] {dagbag.py:525} INFO - Filling up the DagBag from /home/airflow/.local/lib/python3.7/site-packages/airflow/example_dags/example_branch_operator_decorator.py
[2022-09-21T20:27:01.197+0000] {processor.py:768} INFO - DAG(s) dict_keys(['example_branch_python_operator_decorator']) retrieved from /home/airflow/.local/lib/python3.7/site-packages/airflow/example_dags/example_branch_operator_decorator.py
[2022-09-21T20:27:01.236+0000] {logging_mixin.py:117} INFO - [2022-09-21T20:27:01.236+0000] {dag.py:2573} INFO - Sync 1 DAGs
[2022-09-21T20:27:01.264+0000] {logging_mixin.py:117} INFO - [2022-09-21T20:27:01.264+0000] {dag.py:3328} INFO - Setting next_dagrun for example_branch_python_operator_decorator to 2022-09-20T00:00:00+00:00, run_after=2022-09-21T00:00:00+00:00
[2022-09-21T20:27:01.287+0000] {processor.py:178} INFO - Processing /home/airflow/.local/lib/python3.7/site-packages/airflow/example_dags/example_branch_operator_decorator.py took 0.124 seconds
[2022-09-21T20:27:31.383+0000] {processor.py:156} INFO - Started process (PID=883) to work on /home/airflow/.local/lib/python3.7/site-packages/airflow/example_dags/example_branch_operator_decorator.py
[2022-09-21T20:27:31.384+0000] {processor.py:758} INFO - Processing file /home/airflow/.local/lib/python3.7/site-packages/airflow/example_dags/example_branch_operator_decorator.py for tasks to queue
[2022-09-21T20:27:31.384+0000] {logging_mixin.py:117} INFO - [2022-09-21T20:27:31.384+0000] {dagbag.py:525} INFO - Filling up the DagBag from /home/airflow/.local/lib/python3.7/site-packages/airflow/example_dags/example_branch_operator_decorator.py
[2022-09-21T20:27:31.405+0000] {processor.py:768} INFO - DAG(s) dict_keys(['example_branch_python_operator_decorator']) retrieved from /home/airflow/.local/lib/python3.7/site-packages/airflow/example_dags/example_branch_operator_decorator.py
[2022-09-21T20:27:31.440+0000] {logging_mixin.py:117} INFO - [2022-09-21T20:27:31.440+0000] {dag.py:2573} INFO - Sync 1 DAGs
[2022-09-21T20:27:31.462+0000] {logging_mixin.py:117} INFO - [2022-09-21T20:27:31.462+0000] {dag.py:3328} INFO - Setting next_dagrun for example_branch_python_operator_decorator to 2022-09-20T00:00:00+00:00, run_after=2022-09-21T00:00:00+00:00
[2022-09-21T20:27:31.479+0000] {processor.py:178} INFO - Processing /home/airflow/.local/lib/python3.7/site-packages/airflow/example_dags/example_branch_operator_decorator.py took 0.098 seconds
[2022-09-21T20:28:01.542+0000] {processor.py:156} INFO - Started process (PID=947) to work on /home/airflow/.local/lib/python3.7/site-packages/airflow/example_dags/example_branch_operator_decorator.py
[2022-09-21T20:28:01.542+0000] {processor.py:758} INFO - Processing file /home/airflow/.local/lib/python3.7/site-packages/airflow/example_dags/example_branch_operator_decorator.py for tasks to queue
[2022-09-21T20:28:01.543+0000] {logging_mixin.py:117} INFO - [2022-09-21T20:28:01.543+0000] {dagbag.py:525} INFO - Filling up the DagBag from /home/airflow/.local/lib/python3.7/site-packages/airflow/example_dags/example_branch_operator_decorator.py
[2022-09-21T20:28:01.563+0000] {processor.py:768} INFO - DAG(s) dict_keys(['example_branch_python_operator_decorator']) retrieved from /home/airflow/.local/lib/python3.7/site-packages/airflow/example_dags/example_branch_operator_decorator.py
[2022-09-21T20:28:01.617+0000] {logging_mixin.py:117} INFO - [2022-09-21T20:28:01.617+0000] {dag.py:2573} INFO - Sync 1 DAGs
[2022-09-21T20:28:01.656+0000] {logging_mixin.py:117} INFO - [2022-09-21T20:28:01.656+0000] {dag.py:3328} INFO - Setting next_dagrun for example_branch_python_operator_decorator to 2022-09-20T00:00:00+00:00, run_after=2022-09-21T00:00:00+00:00
[2022-09-21T20:28:01.678+0000] {processor.py:178} INFO - Processing /home/airflow/.local/lib/python3.7/site-packages/airflow/example_dags/example_branch_operator_decorator.py took 0.139 seconds
[2022-09-21T20:28:32.738+0000] {processor.py:156} INFO - Started process (PID=1011) to work on /home/airflow/.local/lib/python3.7/site-packages/airflow/example_dags/example_branch_operator_decorator.py
[2022-09-21T20:28:32.739+0000] {processor.py:758} INFO - Processing file /home/airflow/.local/lib/python3.7/site-packages/airflow/example_dags/example_branch_operator_decorator.py for tasks to queue
[2022-09-21T20:28:32.739+0000] {logging_mixin.py:117} INFO - [2022-09-21T20:28:32.739+0000] {dagbag.py:525} INFO - Filling up the DagBag from /home/airflow/.local/lib/python3.7/site-packages/airflow/example_dags/example_branch_operator_decorator.py
[2022-09-21T20:28:32.768+0000] {processor.py:768} INFO - DAG(s) dict_keys(['example_branch_python_operator_decorator']) retrieved from /home/airflow/.local/lib/python3.7/site-packages/airflow/example_dags/example_branch_operator_decorator.py
[2022-09-21T20:28:32.806+0000] {logging_mixin.py:117} INFO - [2022-09-21T20:28:32.806+0000] {dag.py:2573} INFO - Sync 1 DAGs
[2022-09-21T20:28:32.832+0000] {logging_mixin.py:117} INFO - [2022-09-21T20:28:32.832+0000] {dag.py:3328} INFO - Setting next_dagrun for example_branch_python_operator_decorator to 2022-09-20T00:00:00+00:00, run_after=2022-09-21T00:00:00+00:00
[2022-09-21T20:28:32.854+0000] {processor.py:178} INFO - Processing /home/airflow/.local/lib/python3.7/site-packages/airflow/example_dags/example_branch_operator_decorator.py took 0.119 seconds
[2022-09-21T20:29:03.623+0000] {processor.py:156} INFO - Started process (PID=1066) to work on /home/airflow/.local/lib/python3.7/site-packages/airflow/example_dags/example_branch_operator_decorator.py
[2022-09-21T20:29:03.624+0000] {processor.py:758} INFO - Processing file /home/airflow/.local/lib/python3.7/site-packages/airflow/example_dags/example_branch_operator_decorator.py for tasks to queue
[2022-09-21T20:29:03.624+0000] {logging_mixin.py:117} INFO - [2022-09-21T20:29:03.624+0000] {dagbag.py:525} INFO - Filling up the DagBag from /home/airflow/.local/lib/python3.7/site-packages/airflow/example_dags/example_branch_operator_decorator.py
[2022-09-21T20:29:03.650+0000] {processor.py:768} INFO - DAG(s) dict_keys(['example_branch_python_operator_decorator']) retrieved from /home/airflow/.local/lib/python3.7/site-packages/airflow/example_dags/example_branch_operator_decorator.py
[2022-09-21T20:29:03.707+0000] {logging_mixin.py:117} INFO - [2022-09-21T20:29:03.707+0000] {dag.py:2573} INFO - Sync 1 DAGs
[2022-09-21T20:29:03.756+0000] {logging_mixin.py:117} INFO - [2022-09-21T20:29:03.756+0000] {dag.py:3328} INFO - Setting next_dagrun for example_branch_python_operator_decorator to 2022-09-20T00:00:00+00:00, run_after=2022-09-21T00:00:00+00:00
[2022-09-21T20:29:03.784+0000] {processor.py:178} INFO - Processing /home/airflow/.local/lib/python3.7/site-packages/airflow/example_dags/example_branch_operator_decorator.py took 0.165 seconds
[2022-09-21T20:29:34.075+0000] {processor.py:156} INFO - Started process (PID=1130) to work on /home/airflow/.local/lib/python3.7/site-packages/airflow/example_dags/example_branch_operator_decorator.py
[2022-09-21T20:29:34.076+0000] {processor.py:758} INFO - Processing file /home/airflow/.local/lib/python3.7/site-packages/airflow/example_dags/example_branch_operator_decorator.py for tasks to queue
[2022-09-21T20:29:34.077+0000] {logging_mixin.py:117} INFO - [2022-09-21T20:29:34.077+0000] {dagbag.py:525} INFO - Filling up the DagBag from /home/airflow/.local/lib/python3.7/site-packages/airflow/example_dags/example_branch_operator_decorator.py
[2022-09-21T20:29:34.133+0000] {processor.py:768} INFO - DAG(s) dict_keys(['example_branch_python_operator_decorator']) retrieved from /home/airflow/.local/lib/python3.7/site-packages/airflow/example_dags/example_branch_operator_decorator.py
[2022-09-21T20:29:34.211+0000] {logging_mixin.py:117} INFO - [2022-09-21T20:29:34.211+0000] {dag.py:2573} INFO - Sync 1 DAGs
[2022-09-21T20:29:34.263+0000] {logging_mixin.py:117} INFO - [2022-09-21T20:29:34.263+0000] {dag.py:3328} INFO - Setting next_dagrun for example_branch_python_operator_decorator to 2022-09-20T00:00:00+00:00, run_after=2022-09-21T00:00:00+00:00
[2022-09-21T20:29:34.294+0000] {processor.py:178} INFO - Processing /home/airflow/.local/lib/python3.7/site-packages/airflow/example_dags/example_branch_operator_decorator.py took 0.225 seconds
[2022-09-21T20:30:04.468+0000] {processor.py:156} INFO - Started process (PID=1185) to work on /home/airflow/.local/lib/python3.7/site-packages/airflow/example_dags/example_branch_operator_decorator.py
[2022-09-21T20:30:04.470+0000] {processor.py:758} INFO - Processing file /home/airflow/.local/lib/python3.7/site-packages/airflow/example_dags/example_branch_operator_decorator.py for tasks to queue
[2022-09-21T20:30:04.472+0000] {logging_mixin.py:117} INFO - [2022-09-21T20:30:04.471+0000] {dagbag.py:525} INFO - Filling up the DagBag from /home/airflow/.local/lib/python3.7/site-packages/airflow/example_dags/example_branch_operator_decorator.py
[2022-09-21T20:30:04.561+0000] {processor.py:768} INFO - DAG(s) dict_keys(['example_branch_python_operator_decorator']) retrieved from /home/airflow/.local/lib/python3.7/site-packages/airflow/example_dags/example_branch_operator_decorator.py
[2022-09-21T20:30:04.712+0000] {logging_mixin.py:117} INFO - [2022-09-21T20:30:04.711+0000] {dag.py:2573} INFO - Sync 1 DAGs
[2022-09-21T20:30:04.819+0000] {logging_mixin.py:117} INFO - [2022-09-21T20:30:04.818+0000] {dag.py:3328} INFO - Setting next_dagrun for example_branch_python_operator_decorator to 2022-09-20T00:00:00+00:00, run_after=2022-09-21T00:00:00+00:00
[2022-09-21T20:30:04.877+0000] {processor.py:178} INFO - Processing /home/airflow/.local/lib/python3.7/site-packages/airflow/example_dags/example_branch_operator_decorator.py took 0.421 seconds
[2022-09-21T20:30:35.511+0000] {processor.py:156} INFO - Started process (PID=1240) to work on /home/airflow/.local/lib/python3.7/site-packages/airflow/example_dags/example_branch_operator_decorator.py
[2022-09-21T20:30:35.512+0000] {processor.py:758} INFO - Processing file /home/airflow/.local/lib/python3.7/site-packages/airflow/example_dags/example_branch_operator_decorator.py for tasks to queue
[2022-09-21T20:30:35.512+0000] {logging_mixin.py:117} INFO - [2022-09-21T20:30:35.512+0000] {dagbag.py:525} INFO - Filling up the DagBag from /home/airflow/.local/lib/python3.7/site-packages/airflow/example_dags/example_branch_operator_decorator.py
[2022-09-21T20:30:35.543+0000] {processor.py:768} INFO - DAG(s) dict_keys(['example_branch_python_operator_decorator']) retrieved from /home/airflow/.local/lib/python3.7/site-packages/airflow/example_dags/example_branch_operator_decorator.py
[2022-09-21T20:30:35.594+0000] {logging_mixin.py:117} INFO - [2022-09-21T20:30:35.594+0000] {dag.py:2573} INFO - Sync 1 DAGs
[2022-09-21T20:30:35.632+0000] {logging_mixin.py:117} INFO - [2022-09-21T20:30:35.632+0000] {dag.py:3328} INFO - Setting next_dagrun for example_branch_python_operator_decorator to 2022-09-20T00:00:00+00:00, run_after=2022-09-21T00:00:00+00:00
[2022-09-21T20:30:35.658+0000] {processor.py:178} INFO - Processing /home/airflow/.local/lib/python3.7/site-packages/airflow/example_dags/example_branch_operator_decorator.py took 0.151 seconds
[2022-09-21T20:31:05.755+0000] {processor.py:156} INFO - Started process (PID=1305) to work on /home/airflow/.local/lib/python3.7/site-packages/airflow/example_dags/example_branch_operator_decorator.py
[2022-09-21T20:31:05.756+0000] {processor.py:758} INFO - Processing file /home/airflow/.local/lib/python3.7/site-packages/airflow/example_dags/example_branch_operator_decorator.py for tasks to queue
[2022-09-21T20:31:05.757+0000] {logging_mixin.py:117} INFO - [2022-09-21T20:31:05.757+0000] {dagbag.py:525} INFO - Filling up the DagBag from /home/airflow/.local/lib/python3.7/site-packages/airflow/example_dags/example_branch_operator_decorator.py
[2022-09-21T20:31:05.783+0000] {processor.py:768} INFO - DAG(s) dict_keys(['example_branch_python_operator_decorator']) retrieved from /home/airflow/.local/lib/python3.7/site-packages/airflow/example_dags/example_branch_operator_decorator.py
[2022-09-21T20:31:05.822+0000] {logging_mixin.py:117} INFO - [2022-09-21T20:31:05.822+0000] {dag.py:2573} INFO - Sync 1 DAGs
[2022-09-21T20:31:05.853+0000] {logging_mixin.py:117} INFO - [2022-09-21T20:31:05.852+0000] {dag.py:3328} INFO - Setting next_dagrun for example_branch_python_operator_decorator to 2022-09-20T00:00:00+00:00, run_after=2022-09-21T00:00:00+00:00
[2022-09-21T20:31:05.872+0000] {processor.py:178} INFO - Processing /home/airflow/.local/lib/python3.7/site-packages/airflow/example_dags/example_branch_operator_decorator.py took 0.120 seconds
[2022-09-21T20:31:35.984+0000] {processor.py:156} INFO - Started process (PID=1360) to work on /home/airflow/.local/lib/python3.7/site-packages/airflow/example_dags/example_branch_operator_decorator.py
[2022-09-21T20:31:35.985+0000] {processor.py:758} INFO - Processing file /home/airflow/.local/lib/python3.7/site-packages/airflow/example_dags/example_branch_operator_decorator.py for tasks to queue
[2022-09-21T20:31:35.986+0000] {logging_mixin.py:117} INFO - [2022-09-21T20:31:35.985+0000] {dagbag.py:525} INFO - Filling up the DagBag from /home/airflow/.local/lib/python3.7/site-packages/airflow/example_dags/example_branch_operator_decorator.py
[2022-09-21T20:31:36.022+0000] {processor.py:768} INFO - DAG(s) dict_keys(['example_branch_python_operator_decorator']) retrieved from /home/airflow/.local/lib/python3.7/site-packages/airflow/example_dags/example_branch_operator_decorator.py
[2022-09-21T20:31:36.081+0000] {logging_mixin.py:117} INFO - [2022-09-21T20:31:36.081+0000] {dag.py:2573} INFO - Sync 1 DAGs
[2022-09-21T20:31:36.117+0000] {logging_mixin.py:117} INFO - [2022-09-21T20:31:36.116+0000] {dag.py:3328} INFO - Setting next_dagrun for example_branch_python_operator_decorator to 2022-09-20T00:00:00+00:00, run_after=2022-09-21T00:00:00+00:00
[2022-09-21T20:31:36.142+0000] {processor.py:178} INFO - Processing /home/airflow/.local/lib/python3.7/site-packages/airflow/example_dags/example_branch_operator_decorator.py took 0.161 seconds
[2022-09-21T20:32:06.462+0000] {processor.py:156} INFO - Started process (PID=1424) to work on /home/airflow/.local/lib/python3.7/site-packages/airflow/example_dags/example_branch_operator_decorator.py
[2022-09-21T20:32:06.463+0000] {processor.py:758} INFO - Processing file /home/airflow/.local/lib/python3.7/site-packages/airflow/example_dags/example_branch_operator_decorator.py for tasks to queue
[2022-09-21T20:32:06.463+0000] {logging_mixin.py:117} INFO - [2022-09-21T20:32:06.463+0000] {dagbag.py:525} INFO - Filling up the DagBag from /home/airflow/.local/lib/python3.7/site-packages/airflow/example_dags/example_branch_operator_decorator.py
[2022-09-21T20:32:06.510+0000] {processor.py:768} INFO - DAG(s) dict_keys(['example_branch_python_operator_decorator']) retrieved from /home/airflow/.local/lib/python3.7/site-packages/airflow/example_dags/example_branch_operator_decorator.py
[2022-09-21T20:32:06.586+0000] {logging_mixin.py:117} INFO - [2022-09-21T20:32:06.586+0000] {dag.py:2573} INFO - Sync 1 DAGs
[2022-09-21T20:32:06.644+0000] {logging_mixin.py:117} INFO - [2022-09-21T20:32:06.644+0000] {dag.py:3328} INFO - Setting next_dagrun for example_branch_python_operator_decorator to 2022-09-20T00:00:00+00:00, run_after=2022-09-21T00:00:00+00:00
[2022-09-21T20:32:06.678+0000] {processor.py:178} INFO - Processing /home/airflow/.local/lib/python3.7/site-packages/airflow/example_dags/example_branch_operator_decorator.py took 0.220 seconds
[2022-09-21T20:32:36.844+0000] {processor.py:156} INFO - Started process (PID=1479) to work on /home/airflow/.local/lib/python3.7/site-packages/airflow/example_dags/example_branch_operator_decorator.py
[2022-09-21T20:32:36.845+0000] {processor.py:758} INFO - Processing file /home/airflow/.local/lib/python3.7/site-packages/airflow/example_dags/example_branch_operator_decorator.py for tasks to queue
[2022-09-21T20:32:36.846+0000] {logging_mixin.py:117} INFO - [2022-09-21T20:32:36.846+0000] {dagbag.py:525} INFO - Filling up the DagBag from /home/airflow/.local/lib/python3.7/site-packages/airflow/example_dags/example_branch_operator_decorator.py
[2022-09-21T20:32:36.894+0000] {processor.py:768} INFO - DAG(s) dict_keys(['example_branch_python_operator_decorator']) retrieved from /home/airflow/.local/lib/python3.7/site-packages/airflow/example_dags/example_branch_operator_decorator.py
[2022-09-21T20:32:36.966+0000] {logging_mixin.py:117} INFO - [2022-09-21T20:32:36.966+0000] {dag.py:2573} INFO - Sync 1 DAGs
[2022-09-21T20:32:37.013+0000] {logging_mixin.py:117} INFO - [2022-09-21T20:32:37.013+0000] {dag.py:3328} INFO - Setting next_dagrun for example_branch_python_operator_decorator to 2022-09-20T00:00:00+00:00, run_after=2022-09-21T00:00:00+00:00
[2022-09-21T20:32:37.044+0000] {processor.py:178} INFO - Processing /home/airflow/.local/lib/python3.7/site-packages/airflow/example_dags/example_branch_operator_decorator.py took 0.204 seconds
[2022-09-21T20:33:07.329+0000] {processor.py:156} INFO - Started process (PID=1543) to work on /home/airflow/.local/lib/python3.7/site-packages/airflow/example_dags/example_branch_operator_decorator.py
[2022-09-21T20:33:07.330+0000] {processor.py:758} INFO - Processing file /home/airflow/.local/lib/python3.7/site-packages/airflow/example_dags/example_branch_operator_decorator.py for tasks to queue
[2022-09-21T20:33:07.332+0000] {logging_mixin.py:117} INFO - [2022-09-21T20:33:07.331+0000] {dagbag.py:525} INFO - Filling up the DagBag from /home/airflow/.local/lib/python3.7/site-packages/airflow/example_dags/example_branch_operator_decorator.py
[2022-09-21T20:33:07.394+0000] {processor.py:768} INFO - DAG(s) dict_keys(['example_branch_python_operator_decorator']) retrieved from /home/airflow/.local/lib/python3.7/site-packages/airflow/example_dags/example_branch_operator_decorator.py
[2022-09-21T20:33:07.479+0000] {logging_mixin.py:117} INFO - [2022-09-21T20:33:07.479+0000] {dag.py:2573} INFO - Sync 1 DAGs
[2022-09-21T20:33:07.538+0000] {logging_mixin.py:117} INFO - [2022-09-21T20:33:07.538+0000] {dag.py:3328} INFO - Setting next_dagrun for example_branch_python_operator_decorator to 2022-09-20T00:00:00+00:00, run_after=2022-09-21T00:00:00+00:00
[2022-09-21T20:33:07.567+0000] {processor.py:178} INFO - Processing /home/airflow/.local/lib/python3.7/site-packages/airflow/example_dags/example_branch_operator_decorator.py took 0.244 seconds
[2022-09-21T20:33:38.019+0000] {processor.py:156} INFO - Started process (PID=1597) to work on /home/airflow/.local/lib/python3.7/site-packages/airflow/example_dags/example_branch_operator_decorator.py
[2022-09-21T20:33:38.021+0000] {processor.py:758} INFO - Processing file /home/airflow/.local/lib/python3.7/site-packages/airflow/example_dags/example_branch_operator_decorator.py for tasks to queue
[2022-09-21T20:33:38.022+0000] {logging_mixin.py:117} INFO - [2022-09-21T20:33:38.022+0000] {dagbag.py:525} INFO - Filling up the DagBag from /home/airflow/.local/lib/python3.7/site-packages/airflow/example_dags/example_branch_operator_decorator.py
[2022-09-21T20:33:38.087+0000] {processor.py:768} INFO - DAG(s) dict_keys(['example_branch_python_operator_decorator']) retrieved from /home/airflow/.local/lib/python3.7/site-packages/airflow/example_dags/example_branch_operator_decorator.py
[2022-09-21T20:33:38.227+0000] {logging_mixin.py:117} INFO - [2022-09-21T20:33:38.227+0000] {dag.py:2573} INFO - Sync 1 DAGs
[2022-09-21T20:33:38.321+0000] {logging_mixin.py:117} INFO - [2022-09-21T20:33:38.321+0000] {dag.py:3328} INFO - Setting next_dagrun for example_branch_python_operator_decorator to 2022-09-20T00:00:00+00:00, run_after=2022-09-21T00:00:00+00:00
[2022-09-21T20:33:38.368+0000] {processor.py:178} INFO - Processing /home/airflow/.local/lib/python3.7/site-packages/airflow/example_dags/example_branch_operator_decorator.py took 0.356 seconds
[2022-09-21T20:34:08.467+0000] {processor.py:156} INFO - Started process (PID=1652) to work on /home/airflow/.local/lib/python3.7/site-packages/airflow/example_dags/example_branch_operator_decorator.py
[2022-09-21T20:34:08.468+0000] {processor.py:758} INFO - Processing file /home/airflow/.local/lib/python3.7/site-packages/airflow/example_dags/example_branch_operator_decorator.py for tasks to queue
[2022-09-21T20:34:08.469+0000] {logging_mixin.py:117} INFO - [2022-09-21T20:34:08.469+0000] {dagbag.py:525} INFO - Filling up the DagBag from /home/airflow/.local/lib/python3.7/site-packages/airflow/example_dags/example_branch_operator_decorator.py
[2022-09-21T20:34:08.518+0000] {processor.py:768} INFO - DAG(s) dict_keys(['example_branch_python_operator_decorator']) retrieved from /home/airflow/.local/lib/python3.7/site-packages/airflow/example_dags/example_branch_operator_decorator.py
[2022-09-21T20:34:08.591+0000] {logging_mixin.py:117} INFO - [2022-09-21T20:34:08.591+0000] {dag.py:2573} INFO - Sync 1 DAGs
[2022-09-21T20:34:08.633+0000] {logging_mixin.py:117} INFO - [2022-09-21T20:34:08.632+0000] {dag.py:3328} INFO - Setting next_dagrun for example_branch_python_operator_decorator to 2022-09-20T00:00:00+00:00, run_after=2022-09-21T00:00:00+00:00
[2022-09-21T20:34:08.662+0000] {processor.py:178} INFO - Processing /home/airflow/.local/lib/python3.7/site-packages/airflow/example_dags/example_branch_operator_decorator.py took 0.200 seconds
[2022-09-21T20:34:39.028+0000] {processor.py:156} INFO - Started process (PID=1715) to work on /home/airflow/.local/lib/python3.7/site-packages/airflow/example_dags/example_branch_operator_decorator.py
[2022-09-21T20:34:39.030+0000] {processor.py:758} INFO - Processing file /home/airflow/.local/lib/python3.7/site-packages/airflow/example_dags/example_branch_operator_decorator.py for tasks to queue
[2022-09-21T20:34:39.031+0000] {logging_mixin.py:117} INFO - [2022-09-21T20:34:39.031+0000] {dagbag.py:525} INFO - Filling up the DagBag from /home/airflow/.local/lib/python3.7/site-packages/airflow/example_dags/example_branch_operator_decorator.py
[2022-09-21T20:34:39.084+0000] {processor.py:768} INFO - DAG(s) dict_keys(['example_branch_python_operator_decorator']) retrieved from /home/airflow/.local/lib/python3.7/site-packages/airflow/example_dags/example_branch_operator_decorator.py
[2022-09-21T20:34:39.167+0000] {logging_mixin.py:117} INFO - [2022-09-21T20:34:39.167+0000] {dag.py:2573} INFO - Sync 1 DAGs
[2022-09-21T20:34:39.219+0000] {logging_mixin.py:117} INFO - [2022-09-21T20:34:39.219+0000] {dag.py:3328} INFO - Setting next_dagrun for example_branch_python_operator_decorator to 2022-09-20T00:00:00+00:00, run_after=2022-09-21T00:00:00+00:00
[2022-09-21T20:34:39.255+0000] {processor.py:178} INFO - Processing /home/airflow/.local/lib/python3.7/site-packages/airflow/example_dags/example_branch_operator_decorator.py took 0.233 seconds
[2022-09-21T20:35:09.902+0000] {processor.py:156} INFO - Started process (PID=1771) to work on /home/airflow/.local/lib/python3.7/site-packages/airflow/example_dags/example_branch_operator_decorator.py
[2022-09-21T20:35:09.903+0000] {processor.py:758} INFO - Processing file /home/airflow/.local/lib/python3.7/site-packages/airflow/example_dags/example_branch_operator_decorator.py for tasks to queue
[2022-09-21T20:35:09.903+0000] {logging_mixin.py:117} INFO - [2022-09-21T20:35:09.903+0000] {dagbag.py:525} INFO - Filling up the DagBag from /home/airflow/.local/lib/python3.7/site-packages/airflow/example_dags/example_branch_operator_decorator.py
[2022-09-21T20:35:09.931+0000] {processor.py:768} INFO - DAG(s) dict_keys(['example_branch_python_operator_decorator']) retrieved from /home/airflow/.local/lib/python3.7/site-packages/airflow/example_dags/example_branch_operator_decorator.py
[2022-09-21T20:35:09.973+0000] {logging_mixin.py:117} INFO - [2022-09-21T20:35:09.973+0000] {dag.py:2573} INFO - Sync 1 DAGs
[2022-09-21T20:35:10.002+0000] {logging_mixin.py:117} INFO - [2022-09-21T20:35:10.002+0000] {dag.py:3328} INFO - Setting next_dagrun for example_branch_python_operator_decorator to 2022-09-20T00:00:00+00:00, run_after=2022-09-21T00:00:00+00:00
[2022-09-21T20:35:10.024+0000] {processor.py:178} INFO - Processing /home/airflow/.local/lib/python3.7/site-packages/airflow/example_dags/example_branch_operator_decorator.py took 0.125 seconds
