[2022-09-21T20:16:14.541+0000] {processor.py:156} INFO - Started process (PID=49) to work on /home/airflow/.local/lib/python3.7/site-packages/airflow/example_dags/example_subdag_operator.py
[2022-09-21T20:16:14.542+0000] {processor.py:758} INFO - Processing file /home/airflow/.local/lib/python3.7/site-packages/airflow/example_dags/example_subdag_operator.py for tasks to queue
[2022-09-21T20:16:14.543+0000] {logging_mixin.py:117} INFO - [2022-09-21T20:16:14.543+0000] {dagbag.py:525} INFO - Filling up the DagBag from /home/airflow/.local/lib/python3.7/site-packages/airflow/example_dags/example_subdag_operator.py
[2022-09-21T20:16:33.028+0000] {processor.py:768} INFO - DAG(s) dict_keys(['example_subdag_operator.section-1', 'example_subdag_operator.section-2', 'example_subdag_operator']) retrieved from /home/airflow/.local/lib/python3.7/site-packages/airflow/example_dags/example_subdag_operator.py
[2022-09-21T20:16:37.449+0000] {logging_mixin.py:117} INFO - [2022-09-21T20:16:37.448+0000] {dag.py:2573} INFO - Sync 3 DAGs
[2022-09-21T20:16:37.506+0000] {logging_mixin.py:117} INFO - [2022-09-21T20:16:37.506+0000] {dag.py:3328} INFO - Setting next_dagrun for example_subdag_operator to 2022-01-01T00:00:00+00:00, run_after=2022-01-01T00:00:00+00:00
[2022-09-21T20:16:37.512+0000] {logging_mixin.py:117} INFO - [2022-09-21T20:16:37.512+0000] {dag.py:3328} INFO - Setting next_dagrun for example_subdag_operator.section-1 to None, run_after=None
[2022-09-21T20:16:37.515+0000] {logging_mixin.py:117} INFO - [2022-09-21T20:16:37.515+0000] {dag.py:3328} INFO - Setting next_dagrun for example_subdag_operator.section-2 to None, run_after=None
[2022-09-21T20:16:37.532+0000] {logging_mixin.py:117} INFO - [2022-09-21T20:16:37.531+0000] {dag.py:2573} INFO - Sync 2 DAGs
[2022-09-21T20:16:37.546+0000] {logging_mixin.py:117} INFO - [2022-09-21T20:16:37.546+0000] {dag.py:3328} INFO - Setting next_dagrun for example_subdag_operator.section-1 to None, run_after=None
[2022-09-21T20:16:37.547+0000] {logging_mixin.py:117} INFO - [2022-09-21T20:16:37.546+0000] {dag.py:3328} INFO - Setting next_dagrun for example_subdag_operator.section-2 to None, run_after=None
[2022-09-21T20:16:37.577+0000] {processor.py:178} INFO - Processing /home/airflow/.local/lib/python3.7/site-packages/airflow/example_dags/example_subdag_operator.py took 23.057 seconds
[2022-09-21T20:20:18.683+0000] {processor.py:156} INFO - Started process (PID=47) to work on /home/airflow/.local/lib/python3.7/site-packages/airflow/example_dags/example_subdag_operator.py
[2022-09-21T20:20:18.687+0000] {processor.py:758} INFO - Processing file /home/airflow/.local/lib/python3.7/site-packages/airflow/example_dags/example_subdag_operator.py for tasks to queue
[2022-09-21T20:20:18.688+0000] {logging_mixin.py:117} INFO - [2022-09-21T20:20:18.688+0000] {dagbag.py:525} INFO - Filling up the DagBag from /home/airflow/.local/lib/python3.7/site-packages/airflow/example_dags/example_subdag_operator.py
[2022-09-21T20:20:18.769+0000] {processor.py:768} INFO - DAG(s) dict_keys(['example_subdag_operator.section-1', 'example_subdag_operator.section-2', 'example_subdag_operator']) retrieved from /home/airflow/.local/lib/python3.7/site-packages/airflow/example_dags/example_subdag_operator.py
[2022-09-21T20:20:20.137+0000] {logging_mixin.py:117} INFO - [2022-09-21T20:20:20.136+0000] {dag.py:2573} INFO - Sync 3 DAGs
[2022-09-21T20:20:20.261+0000] {logging_mixin.py:117} INFO - [2022-09-21T20:20:20.261+0000] {dag.py:3328} INFO - Setting next_dagrun for example_subdag_operator to 2022-01-01T00:00:00+00:00, run_after=2022-01-01T00:00:00+00:00
[2022-09-21T20:20:20.276+0000] {logging_mixin.py:117} INFO - [2022-09-21T20:20:20.276+0000] {dag.py:3328} INFO - Setting next_dagrun for example_subdag_operator.section-1 to None, run_after=None
[2022-09-21T20:20:20.278+0000] {logging_mixin.py:117} INFO - [2022-09-21T20:20:20.278+0000] {dag.py:3328} INFO - Setting next_dagrun for example_subdag_operator.section-2 to None, run_after=None
[2022-09-21T20:20:20.311+0000] {logging_mixin.py:117} INFO - [2022-09-21T20:20:20.310+0000] {dag.py:2573} INFO - Sync 2 DAGs
[2022-09-21T20:20:20.346+0000] {logging_mixin.py:117} INFO - [2022-09-21T20:20:20.346+0000] {dag.py:3328} INFO - Setting next_dagrun for example_subdag_operator.section-1 to None, run_after=None
[2022-09-21T20:20:20.347+0000] {logging_mixin.py:117} INFO - [2022-09-21T20:20:20.347+0000] {dag.py:3328} INFO - Setting next_dagrun for example_subdag_operator.section-2 to None, run_after=None
[2022-09-21T20:20:20.405+0000] {processor.py:178} INFO - Processing /home/airflow/.local/lib/python3.7/site-packages/airflow/example_dags/example_subdag_operator.py took 1.744 seconds
[2022-09-21T20:20:50.715+0000] {processor.py:156} INFO - Started process (PID=103) to work on /home/airflow/.local/lib/python3.7/site-packages/airflow/example_dags/example_subdag_operator.py
[2022-09-21T20:20:50.715+0000] {processor.py:758} INFO - Processing file /home/airflow/.local/lib/python3.7/site-packages/airflow/example_dags/example_subdag_operator.py for tasks to queue
[2022-09-21T20:20:50.716+0000] {logging_mixin.py:117} INFO - [2022-09-21T20:20:50.716+0000] {dagbag.py:525} INFO - Filling up the DagBag from /home/airflow/.local/lib/python3.7/site-packages/airflow/example_dags/example_subdag_operator.py
[2022-09-21T20:20:50.766+0000] {processor.py:768} INFO - DAG(s) dict_keys(['example_subdag_operator.section-1', 'example_subdag_operator.section-2', 'example_subdag_operator']) retrieved from /home/airflow/.local/lib/python3.7/site-packages/airflow/example_dags/example_subdag_operator.py
[2022-09-21T20:20:51.346+0000] {logging_mixin.py:117} INFO - [2022-09-21T20:20:51.346+0000] {dag.py:2573} INFO - Sync 3 DAGs
[2022-09-21T20:20:51.394+0000] {logging_mixin.py:117} INFO - [2022-09-21T20:20:51.393+0000] {dag.py:3328} INFO - Setting next_dagrun for example_subdag_operator to 2022-01-01T00:00:00+00:00, run_after=2022-01-01T00:00:00+00:00
[2022-09-21T20:20:51.399+0000] {logging_mixin.py:117} INFO - [2022-09-21T20:20:51.399+0000] {dag.py:3328} INFO - Setting next_dagrun for example_subdag_operator.section-1 to None, run_after=None
[2022-09-21T20:20:51.401+0000] {logging_mixin.py:117} INFO - [2022-09-21T20:20:51.401+0000] {dag.py:3328} INFO - Setting next_dagrun for example_subdag_operator.section-2 to None, run_after=None
[2022-09-21T20:20:51.414+0000] {logging_mixin.py:117} INFO - [2022-09-21T20:20:51.413+0000] {dag.py:2573} INFO - Sync 2 DAGs
[2022-09-21T20:20:51.425+0000] {logging_mixin.py:117} INFO - [2022-09-21T20:20:51.425+0000] {dag.py:3328} INFO - Setting next_dagrun for example_subdag_operator.section-1 to None, run_after=None
[2022-09-21T20:20:51.426+0000] {logging_mixin.py:117} INFO - [2022-09-21T20:20:51.426+0000] {dag.py:3328} INFO - Setting next_dagrun for example_subdag_operator.section-2 to None, run_after=None
[2022-09-21T20:20:51.443+0000] {processor.py:178} INFO - Processing /home/airflow/.local/lib/python3.7/site-packages/airflow/example_dags/example_subdag_operator.py took 0.732 seconds
[2022-09-21T20:21:22.203+0000] {processor.py:156} INFO - Started process (PID=159) to work on /home/airflow/.local/lib/python3.7/site-packages/airflow/example_dags/example_subdag_operator.py
[2022-09-21T20:21:22.204+0000] {processor.py:758} INFO - Processing file /home/airflow/.local/lib/python3.7/site-packages/airflow/example_dags/example_subdag_operator.py for tasks to queue
[2022-09-21T20:21:22.205+0000] {logging_mixin.py:117} INFO - [2022-09-21T20:21:22.205+0000] {dagbag.py:525} INFO - Filling up the DagBag from /home/airflow/.local/lib/python3.7/site-packages/airflow/example_dags/example_subdag_operator.py
[2022-09-21T20:21:22.288+0000] {processor.py:768} INFO - DAG(s) dict_keys(['example_subdag_operator.section-1', 'example_subdag_operator.section-2', 'example_subdag_operator']) retrieved from /home/airflow/.local/lib/python3.7/site-packages/airflow/example_dags/example_subdag_operator.py
[2022-09-21T20:21:23.232+0000] {logging_mixin.py:117} INFO - [2022-09-21T20:21:23.231+0000] {dag.py:2573} INFO - Sync 3 DAGs
[2022-09-21T20:21:23.365+0000] {logging_mixin.py:117} INFO - [2022-09-21T20:21:23.365+0000] {dag.py:3328} INFO - Setting next_dagrun for example_subdag_operator to 2022-01-01T00:00:00+00:00, run_after=2022-01-01T00:00:00+00:00
[2022-09-21T20:21:23.371+0000] {logging_mixin.py:117} INFO - [2022-09-21T20:21:23.371+0000] {dag.py:3328} INFO - Setting next_dagrun for example_subdag_operator.section-1 to None, run_after=None
[2022-09-21T20:21:23.386+0000] {logging_mixin.py:117} INFO - [2022-09-21T20:21:23.386+0000] {dag.py:3328} INFO - Setting next_dagrun for example_subdag_operator.section-2 to None, run_after=None
[2022-09-21T20:21:23.404+0000] {logging_mixin.py:117} INFO - [2022-09-21T20:21:23.403+0000] {dag.py:2573} INFO - Sync 2 DAGs
[2022-09-21T20:21:23.417+0000] {logging_mixin.py:117} INFO - [2022-09-21T20:21:23.417+0000] {dag.py:3328} INFO - Setting next_dagrun for example_subdag_operator.section-1 to None, run_after=None
[2022-09-21T20:21:23.418+0000] {logging_mixin.py:117} INFO - [2022-09-21T20:21:23.418+0000] {dag.py:3328} INFO - Setting next_dagrun for example_subdag_operator.section-2 to None, run_after=None
[2022-09-21T20:21:23.449+0000] {processor.py:178} INFO - Processing /home/airflow/.local/lib/python3.7/site-packages/airflow/example_dags/example_subdag_operator.py took 1.250 seconds
[2022-09-21T20:21:54.018+0000] {processor.py:156} INFO - Started process (PID=222) to work on /home/airflow/.local/lib/python3.7/site-packages/airflow/example_dags/example_subdag_operator.py
[2022-09-21T20:21:54.019+0000] {processor.py:758} INFO - Processing file /home/airflow/.local/lib/python3.7/site-packages/airflow/example_dags/example_subdag_operator.py for tasks to queue
[2022-09-21T20:21:54.019+0000] {logging_mixin.py:117} INFO - [2022-09-21T20:21:54.019+0000] {dagbag.py:525} INFO - Filling up the DagBag from /home/airflow/.local/lib/python3.7/site-packages/airflow/example_dags/example_subdag_operator.py
[2022-09-21T20:21:54.222+0000] {processor.py:768} INFO - DAG(s) dict_keys(['example_subdag_operator.section-1', 'example_subdag_operator.section-2', 'example_subdag_operator']) retrieved from /home/airflow/.local/lib/python3.7/site-packages/airflow/example_dags/example_subdag_operator.py
[2022-09-21T20:21:54.250+0000] {logging_mixin.py:117} INFO - [2022-09-21T20:21:54.249+0000] {dag.py:2573} INFO - Sync 3 DAGs
[2022-09-21T20:21:54.302+0000] {logging_mixin.py:117} INFO - [2022-09-21T20:21:54.302+0000] {dag.py:3328} INFO - Setting next_dagrun for example_subdag_operator to 2022-01-01T00:00:00+00:00, run_after=2022-01-01T00:00:00+00:00
[2022-09-21T20:21:54.308+0000] {logging_mixin.py:117} INFO - [2022-09-21T20:21:54.308+0000] {dag.py:3328} INFO - Setting next_dagrun for example_subdag_operator.section-1 to None, run_after=None
[2022-09-21T20:21:54.310+0000] {logging_mixin.py:117} INFO - [2022-09-21T20:21:54.310+0000] {dag.py:3328} INFO - Setting next_dagrun for example_subdag_operator.section-2 to None, run_after=None
[2022-09-21T20:21:54.321+0000] {logging_mixin.py:117} INFO - [2022-09-21T20:21:54.321+0000] {dag.py:2573} INFO - Sync 2 DAGs
[2022-09-21T20:21:54.333+0000] {logging_mixin.py:117} INFO - [2022-09-21T20:21:54.333+0000] {dag.py:3328} INFO - Setting next_dagrun for example_subdag_operator.section-1 to None, run_after=None
[2022-09-21T20:21:54.334+0000] {logging_mixin.py:117} INFO - [2022-09-21T20:21:54.334+0000] {dag.py:3328} INFO - Setting next_dagrun for example_subdag_operator.section-2 to None, run_after=None
[2022-09-21T20:21:54.353+0000] {processor.py:178} INFO - Processing /home/airflow/.local/lib/python3.7/site-packages/airflow/example_dags/example_subdag_operator.py took 0.340 seconds
[2022-09-21T20:22:25.032+0000] {processor.py:156} INFO - Started process (PID=277) to work on /home/airflow/.local/lib/python3.7/site-packages/airflow/example_dags/example_subdag_operator.py
[2022-09-21T20:22:25.033+0000] {processor.py:758} INFO - Processing file /home/airflow/.local/lib/python3.7/site-packages/airflow/example_dags/example_subdag_operator.py for tasks to queue
[2022-09-21T20:22:25.034+0000] {logging_mixin.py:117} INFO - [2022-09-21T20:22:25.034+0000] {dagbag.py:525} INFO - Filling up the DagBag from /home/airflow/.local/lib/python3.7/site-packages/airflow/example_dags/example_subdag_operator.py
[2022-09-21T20:22:25.068+0000] {processor.py:768} INFO - DAG(s) dict_keys(['example_subdag_operator.section-1', 'example_subdag_operator.section-2', 'example_subdag_operator']) retrieved from /home/airflow/.local/lib/python3.7/site-packages/airflow/example_dags/example_subdag_operator.py
[2022-09-21T20:22:25.341+0000] {logging_mixin.py:117} INFO - [2022-09-21T20:22:25.340+0000] {dag.py:2573} INFO - Sync 3 DAGs
[2022-09-21T20:22:25.379+0000] {logging_mixin.py:117} INFO - [2022-09-21T20:22:25.379+0000] {dag.py:3328} INFO - Setting next_dagrun for example_subdag_operator to 2022-01-01T00:00:00+00:00, run_after=2022-01-01T00:00:00+00:00
[2022-09-21T20:22:25.385+0000] {logging_mixin.py:117} INFO - [2022-09-21T20:22:25.384+0000] {dag.py:3328} INFO - Setting next_dagrun for example_subdag_operator.section-1 to None, run_after=None
[2022-09-21T20:22:25.386+0000] {logging_mixin.py:117} INFO - [2022-09-21T20:22:25.386+0000] {dag.py:3328} INFO - Setting next_dagrun for example_subdag_operator.section-2 to None, run_after=None
[2022-09-21T20:22:25.398+0000] {logging_mixin.py:117} INFO - [2022-09-21T20:22:25.398+0000] {dag.py:2573} INFO - Sync 2 DAGs
[2022-09-21T20:22:25.406+0000] {logging_mixin.py:117} INFO - [2022-09-21T20:22:25.405+0000] {dag.py:3328} INFO - Setting next_dagrun for example_subdag_operator.section-1 to None, run_after=None
[2022-09-21T20:22:25.406+0000] {logging_mixin.py:117} INFO - [2022-09-21T20:22:25.406+0000] {dag.py:3328} INFO - Setting next_dagrun for example_subdag_operator.section-2 to None, run_after=None
[2022-09-21T20:22:25.418+0000] {processor.py:178} INFO - Processing /home/airflow/.local/lib/python3.7/site-packages/airflow/example_dags/example_subdag_operator.py took 0.390 seconds
[2022-09-21T20:22:56.316+0000] {processor.py:156} INFO - Started process (PID=342) to work on /home/airflow/.local/lib/python3.7/site-packages/airflow/example_dags/example_subdag_operator.py
[2022-09-21T20:22:56.317+0000] {processor.py:758} INFO - Processing file /home/airflow/.local/lib/python3.7/site-packages/airflow/example_dags/example_subdag_operator.py for tasks to queue
[2022-09-21T20:22:56.317+0000] {logging_mixin.py:117} INFO - [2022-09-21T20:22:56.317+0000] {dagbag.py:525} INFO - Filling up the DagBag from /home/airflow/.local/lib/python3.7/site-packages/airflow/example_dags/example_subdag_operator.py
[2022-09-21T20:22:56.346+0000] {processor.py:768} INFO - DAG(s) dict_keys(['example_subdag_operator.section-1', 'example_subdag_operator.section-2', 'example_subdag_operator']) retrieved from /home/airflow/.local/lib/python3.7/site-packages/airflow/example_dags/example_subdag_operator.py
[2022-09-21T20:22:56.361+0000] {logging_mixin.py:117} INFO - [2022-09-21T20:22:56.361+0000] {dag.py:2573} INFO - Sync 3 DAGs
[2022-09-21T20:22:56.386+0000] {logging_mixin.py:117} INFO - [2022-09-21T20:22:56.386+0000] {dag.py:3328} INFO - Setting next_dagrun for example_subdag_operator to 2022-01-01T00:00:00+00:00, run_after=2022-01-01T00:00:00+00:00
[2022-09-21T20:22:56.389+0000] {logging_mixin.py:117} INFO - [2022-09-21T20:22:56.389+0000] {dag.py:3328} INFO - Setting next_dagrun for example_subdag_operator.section-1 to None, run_after=None
[2022-09-21T20:22:56.390+0000] {logging_mixin.py:117} INFO - [2022-09-21T20:22:56.390+0000] {dag.py:3328} INFO - Setting next_dagrun for example_subdag_operator.section-2 to None, run_after=None
[2022-09-21T20:22:56.397+0000] {logging_mixin.py:117} INFO - [2022-09-21T20:22:56.397+0000] {dag.py:2573} INFO - Sync 2 DAGs
[2022-09-21T20:22:56.404+0000] {logging_mixin.py:117} INFO - [2022-09-21T20:22:56.403+0000] {dag.py:3328} INFO - Setting next_dagrun for example_subdag_operator.section-1 to None, run_after=None
[2022-09-21T20:22:56.404+0000] {logging_mixin.py:117} INFO - [2022-09-21T20:22:56.404+0000] {dag.py:3328} INFO - Setting next_dagrun for example_subdag_operator.section-2 to None, run_after=None
[2022-09-21T20:22:56.417+0000] {processor.py:178} INFO - Processing /home/airflow/.local/lib/python3.7/site-packages/airflow/example_dags/example_subdag_operator.py took 0.104 seconds
[2022-09-21T20:23:26.816+0000] {processor.py:156} INFO - Started process (PID=397) to work on /home/airflow/.local/lib/python3.7/site-packages/airflow/example_dags/example_subdag_operator.py
[2022-09-21T20:23:26.816+0000] {processor.py:758} INFO - Processing file /home/airflow/.local/lib/python3.7/site-packages/airflow/example_dags/example_subdag_operator.py for tasks to queue
[2022-09-21T20:23:26.817+0000] {logging_mixin.py:117} INFO - [2022-09-21T20:23:26.817+0000] {dagbag.py:525} INFO - Filling up the DagBag from /home/airflow/.local/lib/python3.7/site-packages/airflow/example_dags/example_subdag_operator.py
[2022-09-21T20:23:26.847+0000] {processor.py:768} INFO - DAG(s) dict_keys(['example_subdag_operator.section-1', 'example_subdag_operator.section-2', 'example_subdag_operator']) retrieved from /home/airflow/.local/lib/python3.7/site-packages/airflow/example_dags/example_subdag_operator.py
[2022-09-21T20:23:27.152+0000] {logging_mixin.py:117} INFO - [2022-09-21T20:23:27.152+0000] {dag.py:2573} INFO - Sync 3 DAGs
[2022-09-21T20:23:27.190+0000] {logging_mixin.py:117} INFO - [2022-09-21T20:23:27.190+0000] {dag.py:3328} INFO - Setting next_dagrun for example_subdag_operator to 2022-01-01T00:00:00+00:00, run_after=2022-01-01T00:00:00+00:00
[2022-09-21T20:23:27.194+0000] {logging_mixin.py:117} INFO - [2022-09-21T20:23:27.194+0000] {dag.py:3328} INFO - Setting next_dagrun for example_subdag_operator.section-1 to None, run_after=None
[2022-09-21T20:23:27.196+0000] {logging_mixin.py:117} INFO - [2022-09-21T20:23:27.196+0000] {dag.py:3328} INFO - Setting next_dagrun for example_subdag_operator.section-2 to None, run_after=None
[2022-09-21T20:23:27.207+0000] {logging_mixin.py:117} INFO - [2022-09-21T20:23:27.207+0000] {dag.py:2573} INFO - Sync 2 DAGs
[2022-09-21T20:23:27.215+0000] {logging_mixin.py:117} INFO - [2022-09-21T20:23:27.215+0000] {dag.py:3328} INFO - Setting next_dagrun for example_subdag_operator.section-1 to None, run_after=None
[2022-09-21T20:23:27.216+0000] {logging_mixin.py:117} INFO - [2022-09-21T20:23:27.216+0000] {dag.py:3328} INFO - Setting next_dagrun for example_subdag_operator.section-2 to None, run_after=None
[2022-09-21T20:23:27.251+0000] {processor.py:178} INFO - Processing /home/airflow/.local/lib/python3.7/site-packages/airflow/example_dags/example_subdag_operator.py took 0.437 seconds
[2022-09-21T20:23:57.538+0000] {processor.py:156} INFO - Started process (PID=461) to work on /home/airflow/.local/lib/python3.7/site-packages/airflow/example_dags/example_subdag_operator.py
[2022-09-21T20:23:57.538+0000] {processor.py:758} INFO - Processing file /home/airflow/.local/lib/python3.7/site-packages/airflow/example_dags/example_subdag_operator.py for tasks to queue
[2022-09-21T20:23:57.539+0000] {logging_mixin.py:117} INFO - [2022-09-21T20:23:57.539+0000] {dagbag.py:525} INFO - Filling up the DagBag from /home/airflow/.local/lib/python3.7/site-packages/airflow/example_dags/example_subdag_operator.py
[2022-09-21T20:23:57.574+0000] {processor.py:768} INFO - DAG(s) dict_keys(['example_subdag_operator.section-1', 'example_subdag_operator.section-2', 'example_subdag_operator']) retrieved from /home/airflow/.local/lib/python3.7/site-packages/airflow/example_dags/example_subdag_operator.py
[2022-09-21T20:23:57.877+0000] {logging_mixin.py:117} INFO - [2022-09-21T20:23:57.877+0000] {dag.py:2573} INFO - Sync 3 DAGs
[2022-09-21T20:23:57.919+0000] {logging_mixin.py:117} INFO - [2022-09-21T20:23:57.919+0000] {dag.py:3328} INFO - Setting next_dagrun for example_subdag_operator to 2022-01-01T00:00:00+00:00, run_after=2022-01-01T00:00:00+00:00
[2022-09-21T20:23:57.928+0000] {logging_mixin.py:117} INFO - [2022-09-21T20:23:57.927+0000] {dag.py:3328} INFO - Setting next_dagrun for example_subdag_operator.section-1 to None, run_after=None
[2022-09-21T20:23:57.929+0000] {logging_mixin.py:117} INFO - [2022-09-21T20:23:57.929+0000] {dag.py:3328} INFO - Setting next_dagrun for example_subdag_operator.section-2 to None, run_after=None
[2022-09-21T20:23:57.938+0000] {logging_mixin.py:117} INFO - [2022-09-21T20:23:57.938+0000] {dag.py:2573} INFO - Sync 2 DAGs
[2022-09-21T20:23:57.945+0000] {logging_mixin.py:117} INFO - [2022-09-21T20:23:57.945+0000] {dag.py:3328} INFO - Setting next_dagrun for example_subdag_operator.section-1 to None, run_after=None
[2022-09-21T20:23:57.946+0000] {logging_mixin.py:117} INFO - [2022-09-21T20:23:57.946+0000] {dag.py:3328} INFO - Setting next_dagrun for example_subdag_operator.section-2 to None, run_after=None
[2022-09-21T20:23:57.963+0000] {processor.py:178} INFO - Processing /home/airflow/.local/lib/python3.7/site-packages/airflow/example_dags/example_subdag_operator.py took 0.428 seconds
[2022-09-21T20:24:27.999+0000] {processor.py:156} INFO - Started process (PID=523) to work on /home/airflow/.local/lib/python3.7/site-packages/airflow/example_dags/example_subdag_operator.py
[2022-09-21T20:24:28.001+0000] {processor.py:758} INFO - Processing file /home/airflow/.local/lib/python3.7/site-packages/airflow/example_dags/example_subdag_operator.py for tasks to queue
[2022-09-21T20:24:28.001+0000] {logging_mixin.py:117} INFO - [2022-09-21T20:24:28.001+0000] {dagbag.py:525} INFO - Filling up the DagBag from /home/airflow/.local/lib/python3.7/site-packages/airflow/example_dags/example_subdag_operator.py
[2022-09-21T20:24:28.053+0000] {processor.py:768} INFO - DAG(s) dict_keys(['example_subdag_operator.section-1', 'example_subdag_operator.section-2', 'example_subdag_operator']) retrieved from /home/airflow/.local/lib/python3.7/site-packages/airflow/example_dags/example_subdag_operator.py
[2022-09-21T20:24:28.401+0000] {logging_mixin.py:117} INFO - [2022-09-21T20:24:28.401+0000] {dag.py:2573} INFO - Sync 3 DAGs
[2022-09-21T20:24:28.444+0000] {logging_mixin.py:117} INFO - [2022-09-21T20:24:28.444+0000] {dag.py:3328} INFO - Setting next_dagrun for example_subdag_operator to 2022-01-01T00:00:00+00:00, run_after=2022-01-01T00:00:00+00:00
[2022-09-21T20:24:28.452+0000] {logging_mixin.py:117} INFO - [2022-09-21T20:24:28.452+0000] {dag.py:3328} INFO - Setting next_dagrun for example_subdag_operator.section-1 to None, run_after=None
[2022-09-21T20:24:28.455+0000] {logging_mixin.py:117} INFO - [2022-09-21T20:24:28.455+0000] {dag.py:3328} INFO - Setting next_dagrun for example_subdag_operator.section-2 to None, run_after=None
[2022-09-21T20:24:28.467+0000] {logging_mixin.py:117} INFO - [2022-09-21T20:24:28.467+0000] {dag.py:2573} INFO - Sync 2 DAGs
[2022-09-21T20:24:28.480+0000] {logging_mixin.py:117} INFO - [2022-09-21T20:24:28.480+0000] {dag.py:3328} INFO - Setting next_dagrun for example_subdag_operator.section-1 to None, run_after=None
[2022-09-21T20:24:28.480+0000] {logging_mixin.py:117} INFO - [2022-09-21T20:24:28.480+0000] {dag.py:3328} INFO - Setting next_dagrun for example_subdag_operator.section-2 to None, run_after=None
[2022-09-21T20:24:28.498+0000] {processor.py:178} INFO - Processing /home/airflow/.local/lib/python3.7/site-packages/airflow/example_dags/example_subdag_operator.py took 0.504 seconds
[2022-09-21T20:24:58.627+0000] {processor.py:156} INFO - Started process (PID=583) to work on /home/airflow/.local/lib/python3.7/site-packages/airflow/example_dags/example_subdag_operator.py
[2022-09-21T20:24:58.628+0000] {processor.py:758} INFO - Processing file /home/airflow/.local/lib/python3.7/site-packages/airflow/example_dags/example_subdag_operator.py for tasks to queue
[2022-09-21T20:24:58.629+0000] {logging_mixin.py:117} INFO - [2022-09-21T20:24:58.629+0000] {dagbag.py:525} INFO - Filling up the DagBag from /home/airflow/.local/lib/python3.7/site-packages/airflow/example_dags/example_subdag_operator.py
[2022-09-21T20:24:58.671+0000] {processor.py:768} INFO - DAG(s) dict_keys(['example_subdag_operator.section-1', 'example_subdag_operator.section-2', 'example_subdag_operator']) retrieved from /home/airflow/.local/lib/python3.7/site-packages/airflow/example_dags/example_subdag_operator.py
[2022-09-21T20:24:58.689+0000] {logging_mixin.py:117} INFO - [2022-09-21T20:24:58.689+0000] {dag.py:2573} INFO - Sync 3 DAGs
[2022-09-21T20:24:58.731+0000] {logging_mixin.py:117} INFO - [2022-09-21T20:24:58.730+0000] {dag.py:3328} INFO - Setting next_dagrun for example_subdag_operator to 2022-01-01T00:00:00+00:00, run_after=2022-01-01T00:00:00+00:00
[2022-09-21T20:24:58.740+0000] {logging_mixin.py:117} INFO - [2022-09-21T20:24:58.740+0000] {dag.py:3328} INFO - Setting next_dagrun for example_subdag_operator.section-1 to None, run_after=None
[2022-09-21T20:24:58.742+0000] {logging_mixin.py:117} INFO - [2022-09-21T20:24:58.742+0000] {dag.py:3328} INFO - Setting next_dagrun for example_subdag_operator.section-2 to None, run_after=None
[2022-09-21T20:24:58.755+0000] {logging_mixin.py:117} INFO - [2022-09-21T20:24:58.755+0000] {dag.py:2573} INFO - Sync 2 DAGs
[2022-09-21T20:24:58.767+0000] {logging_mixin.py:117} INFO - [2022-09-21T20:24:58.767+0000] {dag.py:3328} INFO - Setting next_dagrun for example_subdag_operator.section-1 to None, run_after=None
[2022-09-21T20:24:58.768+0000] {logging_mixin.py:117} INFO - [2022-09-21T20:24:58.768+0000] {dag.py:3328} INFO - Setting next_dagrun for example_subdag_operator.section-2 to None, run_after=None
[2022-09-21T20:24:58.787+0000] {processor.py:178} INFO - Processing /home/airflow/.local/lib/python3.7/site-packages/airflow/example_dags/example_subdag_operator.py took 0.162 seconds
[2022-09-21T20:25:28.938+0000] {processor.py:156} INFO - Started process (PID=645) to work on /home/airflow/.local/lib/python3.7/site-packages/airflow/example_dags/example_subdag_operator.py
[2022-09-21T20:25:28.938+0000] {processor.py:758} INFO - Processing file /home/airflow/.local/lib/python3.7/site-packages/airflow/example_dags/example_subdag_operator.py for tasks to queue
[2022-09-21T20:25:28.939+0000] {logging_mixin.py:117} INFO - [2022-09-21T20:25:28.939+0000] {dagbag.py:525} INFO - Filling up the DagBag from /home/airflow/.local/lib/python3.7/site-packages/airflow/example_dags/example_subdag_operator.py
[2022-09-21T20:25:28.985+0000] {processor.py:768} INFO - DAG(s) dict_keys(['example_subdag_operator.section-1', 'example_subdag_operator.section-2', 'example_subdag_operator']) retrieved from /home/airflow/.local/lib/python3.7/site-packages/airflow/example_dags/example_subdag_operator.py
[2022-09-21T20:25:29.347+0000] {logging_mixin.py:117} INFO - [2022-09-21T20:25:29.347+0000] {dag.py:2573} INFO - Sync 3 DAGs
[2022-09-21T20:25:29.388+0000] {logging_mixin.py:117} INFO - [2022-09-21T20:25:29.388+0000] {dag.py:3328} INFO - Setting next_dagrun for example_subdag_operator to 2022-01-01T00:00:00+00:00, run_after=2022-01-01T00:00:00+00:00
[2022-09-21T20:25:29.394+0000] {logging_mixin.py:117} INFO - [2022-09-21T20:25:29.394+0000] {dag.py:3328} INFO - Setting next_dagrun for example_subdag_operator.section-1 to None, run_after=None
[2022-09-21T20:25:29.396+0000] {logging_mixin.py:117} INFO - [2022-09-21T20:25:29.396+0000] {dag.py:3328} INFO - Setting next_dagrun for example_subdag_operator.section-2 to None, run_after=None
[2022-09-21T20:25:29.407+0000] {logging_mixin.py:117} INFO - [2022-09-21T20:25:29.407+0000] {dag.py:2573} INFO - Sync 2 DAGs
[2022-09-21T20:25:29.419+0000] {logging_mixin.py:117} INFO - [2022-09-21T20:25:29.419+0000] {dag.py:3328} INFO - Setting next_dagrun for example_subdag_operator.section-1 to None, run_after=None
[2022-09-21T20:25:29.419+0000] {logging_mixin.py:117} INFO - [2022-09-21T20:25:29.419+0000] {dag.py:3328} INFO - Setting next_dagrun for example_subdag_operator.section-2 to None, run_after=None
[2022-09-21T20:25:29.435+0000] {processor.py:178} INFO - Processing /home/airflow/.local/lib/python3.7/site-packages/airflow/example_dags/example_subdag_operator.py took 0.503 seconds
[2022-09-21T20:25:59.651+0000] {processor.py:156} INFO - Started process (PID=700) to work on /home/airflow/.local/lib/python3.7/site-packages/airflow/example_dags/example_subdag_operator.py
[2022-09-21T20:25:59.652+0000] {processor.py:758} INFO - Processing file /home/airflow/.local/lib/python3.7/site-packages/airflow/example_dags/example_subdag_operator.py for tasks to queue
[2022-09-21T20:25:59.652+0000] {logging_mixin.py:117} INFO - [2022-09-21T20:25:59.652+0000] {dagbag.py:525} INFO - Filling up the DagBag from /home/airflow/.local/lib/python3.7/site-packages/airflow/example_dags/example_subdag_operator.py
[2022-09-21T20:25:59.681+0000] {processor.py:768} INFO - DAG(s) dict_keys(['example_subdag_operator.section-1', 'example_subdag_operator.section-2', 'example_subdag_operator']) retrieved from /home/airflow/.local/lib/python3.7/site-packages/airflow/example_dags/example_subdag_operator.py
[2022-09-21T20:25:59.887+0000] {logging_mixin.py:117} INFO - [2022-09-21T20:25:59.887+0000] {dag.py:2573} INFO - Sync 3 DAGs
[2022-09-21T20:25:59.915+0000] {logging_mixin.py:117} INFO - [2022-09-21T20:25:59.914+0000] {dag.py:3328} INFO - Setting next_dagrun for example_subdag_operator to 2022-01-01T00:00:00+00:00, run_after=2022-01-01T00:00:00+00:00
[2022-09-21T20:25:59.918+0000] {logging_mixin.py:117} INFO - [2022-09-21T20:25:59.918+0000] {dag.py:3328} INFO - Setting next_dagrun for example_subdag_operator.section-1 to None, run_after=None
[2022-09-21T20:25:59.919+0000] {logging_mixin.py:117} INFO - [2022-09-21T20:25:59.919+0000] {dag.py:3328} INFO - Setting next_dagrun for example_subdag_operator.section-2 to None, run_after=None
[2022-09-21T20:25:59.925+0000] {logging_mixin.py:117} INFO - [2022-09-21T20:25:59.925+0000] {dag.py:2573} INFO - Sync 2 DAGs
[2022-09-21T20:25:59.931+0000] {logging_mixin.py:117} INFO - [2022-09-21T20:25:59.931+0000] {dag.py:3328} INFO - Setting next_dagrun for example_subdag_operator.section-1 to None, run_after=None
[2022-09-21T20:25:59.931+0000] {logging_mixin.py:117} INFO - [2022-09-21T20:25:59.931+0000] {dag.py:3328} INFO - Setting next_dagrun for example_subdag_operator.section-2 to None, run_after=None
[2022-09-21T20:25:59.941+0000] {processor.py:178} INFO - Processing /home/airflow/.local/lib/python3.7/site-packages/airflow/example_dags/example_subdag_operator.py took 0.294 seconds
[2022-09-21T20:26:30.063+0000] {processor.py:156} INFO - Started process (PID=765) to work on /home/airflow/.local/lib/python3.7/site-packages/airflow/example_dags/example_subdag_operator.py
[2022-09-21T20:26:30.063+0000] {processor.py:758} INFO - Processing file /home/airflow/.local/lib/python3.7/site-packages/airflow/example_dags/example_subdag_operator.py for tasks to queue
[2022-09-21T20:26:30.064+0000] {logging_mixin.py:117} INFO - [2022-09-21T20:26:30.064+0000] {dagbag.py:525} INFO - Filling up the DagBag from /home/airflow/.local/lib/python3.7/site-packages/airflow/example_dags/example_subdag_operator.py
[2022-09-21T20:26:30.125+0000] {processor.py:768} INFO - DAG(s) dict_keys(['example_subdag_operator.section-1', 'example_subdag_operator.section-2', 'example_subdag_operator']) retrieved from /home/airflow/.local/lib/python3.7/site-packages/airflow/example_dags/example_subdag_operator.py
[2022-09-21T20:26:30.373+0000] {logging_mixin.py:117} INFO - [2022-09-21T20:26:30.373+0000] {dag.py:2573} INFO - Sync 3 DAGs
[2022-09-21T20:26:30.399+0000] {logging_mixin.py:117} INFO - [2022-09-21T20:26:30.399+0000] {dag.py:3328} INFO - Setting next_dagrun for example_subdag_operator to 2022-01-01T00:00:00+00:00, run_after=2022-01-01T00:00:00+00:00
[2022-09-21T20:26:30.402+0000] {logging_mixin.py:117} INFO - [2022-09-21T20:26:30.402+0000] {dag.py:3328} INFO - Setting next_dagrun for example_subdag_operator.section-1 to None, run_after=None
[2022-09-21T20:26:30.403+0000] {logging_mixin.py:117} INFO - [2022-09-21T20:26:30.403+0000] {dag.py:3328} INFO - Setting next_dagrun for example_subdag_operator.section-2 to None, run_after=None
[2022-09-21T20:26:30.411+0000] {logging_mixin.py:117} INFO - [2022-09-21T20:26:30.410+0000] {dag.py:2573} INFO - Sync 2 DAGs
[2022-09-21T20:26:30.418+0000] {logging_mixin.py:117} INFO - [2022-09-21T20:26:30.417+0000] {dag.py:3328} INFO - Setting next_dagrun for example_subdag_operator.section-1 to None, run_after=None
[2022-09-21T20:26:30.418+0000] {logging_mixin.py:117} INFO - [2022-09-21T20:26:30.418+0000] {dag.py:3328} INFO - Setting next_dagrun for example_subdag_operator.section-2 to None, run_after=None
[2022-09-21T20:26:30.435+0000] {processor.py:178} INFO - Processing /home/airflow/.local/lib/python3.7/site-packages/airflow/example_dags/example_subdag_operator.py took 0.377 seconds
[2022-09-21T20:27:01.004+0000] {processor.py:156} INFO - Started process (PID=827) to work on /home/airflow/.local/lib/python3.7/site-packages/airflow/example_dags/example_subdag_operator.py
[2022-09-21T20:27:01.004+0000] {processor.py:758} INFO - Processing file /home/airflow/.local/lib/python3.7/site-packages/airflow/example_dags/example_subdag_operator.py for tasks to queue
[2022-09-21T20:27:01.005+0000] {logging_mixin.py:117} INFO - [2022-09-21T20:27:01.005+0000] {dagbag.py:525} INFO - Filling up the DagBag from /home/airflow/.local/lib/python3.7/site-packages/airflow/example_dags/example_subdag_operator.py
[2022-09-21T20:27:01.037+0000] {processor.py:768} INFO - DAG(s) dict_keys(['example_subdag_operator.section-1', 'example_subdag_operator.section-2', 'example_subdag_operator']) retrieved from /home/airflow/.local/lib/python3.7/site-packages/airflow/example_dags/example_subdag_operator.py
[2022-09-21T20:27:01.318+0000] {logging_mixin.py:117} INFO - [2022-09-21T20:27:01.318+0000] {dag.py:2573} INFO - Sync 3 DAGs
[2022-09-21T20:27:01.347+0000] {logging_mixin.py:117} INFO - [2022-09-21T20:27:01.346+0000] {dag.py:3328} INFO - Setting next_dagrun for example_subdag_operator to 2022-01-01T00:00:00+00:00, run_after=2022-01-01T00:00:00+00:00
[2022-09-21T20:27:01.352+0000] {logging_mixin.py:117} INFO - [2022-09-21T20:27:01.351+0000] {dag.py:3328} INFO - Setting next_dagrun for example_subdag_operator.section-1 to None, run_after=None
[2022-09-21T20:27:01.353+0000] {logging_mixin.py:117} INFO - [2022-09-21T20:27:01.353+0000] {dag.py:3328} INFO - Setting next_dagrun for example_subdag_operator.section-2 to None, run_after=None
[2022-09-21T20:27:01.362+0000] {logging_mixin.py:117} INFO - [2022-09-21T20:27:01.362+0000] {dag.py:2573} INFO - Sync 2 DAGs
[2022-09-21T20:27:01.371+0000] {logging_mixin.py:117} INFO - [2022-09-21T20:27:01.371+0000] {dag.py:3328} INFO - Setting next_dagrun for example_subdag_operator.section-1 to None, run_after=None
[2022-09-21T20:27:01.372+0000] {logging_mixin.py:117} INFO - [2022-09-21T20:27:01.372+0000] {dag.py:3328} INFO - Setting next_dagrun for example_subdag_operator.section-2 to None, run_after=None
[2022-09-21T20:27:01.387+0000] {processor.py:178} INFO - Processing /home/airflow/.local/lib/python3.7/site-packages/airflow/example_dags/example_subdag_operator.py took 0.387 seconds
[2022-09-21T20:27:31.497+0000] {processor.py:156} INFO - Started process (PID=884) to work on /home/airflow/.local/lib/python3.7/site-packages/airflow/example_dags/example_subdag_operator.py
[2022-09-21T20:27:31.498+0000] {processor.py:758} INFO - Processing file /home/airflow/.local/lib/python3.7/site-packages/airflow/example_dags/example_subdag_operator.py for tasks to queue
[2022-09-21T20:27:31.499+0000] {logging_mixin.py:117} INFO - [2022-09-21T20:27:31.498+0000] {dagbag.py:525} INFO - Filling up the DagBag from /home/airflow/.local/lib/python3.7/site-packages/airflow/example_dags/example_subdag_operator.py
[2022-09-21T20:27:31.525+0000] {processor.py:768} INFO - DAG(s) dict_keys(['example_subdag_operator.section-1', 'example_subdag_operator.section-2', 'example_subdag_operator']) retrieved from /home/airflow/.local/lib/python3.7/site-packages/airflow/example_dags/example_subdag_operator.py
[2022-09-21T20:27:31.754+0000] {logging_mixin.py:117} INFO - [2022-09-21T20:27:31.754+0000] {dag.py:2573} INFO - Sync 3 DAGs
[2022-09-21T20:27:31.783+0000] {logging_mixin.py:117} INFO - [2022-09-21T20:27:31.783+0000] {dag.py:3328} INFO - Setting next_dagrun for example_subdag_operator to 2022-01-01T00:00:00+00:00, run_after=2022-01-01T00:00:00+00:00
[2022-09-21T20:27:31.787+0000] {logging_mixin.py:117} INFO - [2022-09-21T20:27:31.787+0000] {dag.py:3328} INFO - Setting next_dagrun for example_subdag_operator.section-1 to None, run_after=None
[2022-09-21T20:27:31.788+0000] {logging_mixin.py:117} INFO - [2022-09-21T20:27:31.788+0000] {dag.py:3328} INFO - Setting next_dagrun for example_subdag_operator.section-2 to None, run_after=None
[2022-09-21T20:27:31.795+0000] {logging_mixin.py:117} INFO - [2022-09-21T20:27:31.795+0000] {dag.py:2573} INFO - Sync 2 DAGs
[2022-09-21T20:27:31.802+0000] {logging_mixin.py:117} INFO - [2022-09-21T20:27:31.802+0000] {dag.py:3328} INFO - Setting next_dagrun for example_subdag_operator.section-1 to None, run_after=None
[2022-09-21T20:27:31.802+0000] {logging_mixin.py:117} INFO - [2022-09-21T20:27:31.802+0000] {dag.py:3328} INFO - Setting next_dagrun for example_subdag_operator.section-2 to None, run_after=None
[2022-09-21T20:27:31.818+0000] {processor.py:178} INFO - Processing /home/airflow/.local/lib/python3.7/site-packages/airflow/example_dags/example_subdag_operator.py took 0.323 seconds
[2022-09-21T20:28:01.925+0000] {processor.py:156} INFO - Started process (PID=949) to work on /home/airflow/.local/lib/python3.7/site-packages/airflow/example_dags/example_subdag_operator.py
[2022-09-21T20:28:01.926+0000] {processor.py:758} INFO - Processing file /home/airflow/.local/lib/python3.7/site-packages/airflow/example_dags/example_subdag_operator.py for tasks to queue
[2022-09-21T20:28:01.926+0000] {logging_mixin.py:117} INFO - [2022-09-21T20:28:01.926+0000] {dagbag.py:525} INFO - Filling up the DagBag from /home/airflow/.local/lib/python3.7/site-packages/airflow/example_dags/example_subdag_operator.py
[2022-09-21T20:28:01.962+0000] {processor.py:768} INFO - DAG(s) dict_keys(['example_subdag_operator.section-1', 'example_subdag_operator.section-2', 'example_subdag_operator']) retrieved from /home/airflow/.local/lib/python3.7/site-packages/airflow/example_dags/example_subdag_operator.py
[2022-09-21T20:28:02.245+0000] {logging_mixin.py:117} INFO - [2022-09-21T20:28:02.245+0000] {dag.py:2573} INFO - Sync 3 DAGs
[2022-09-21T20:28:02.286+0000] {logging_mixin.py:117} INFO - [2022-09-21T20:28:02.285+0000] {dag.py:3328} INFO - Setting next_dagrun for example_subdag_operator to 2022-01-01T00:00:00+00:00, run_after=2022-01-01T00:00:00+00:00
[2022-09-21T20:28:02.292+0000] {logging_mixin.py:117} INFO - [2022-09-21T20:28:02.291+0000] {dag.py:3328} INFO - Setting next_dagrun for example_subdag_operator.section-1 to None, run_after=None
[2022-09-21T20:28:02.294+0000] {logging_mixin.py:117} INFO - [2022-09-21T20:28:02.294+0000] {dag.py:3328} INFO - Setting next_dagrun for example_subdag_operator.section-2 to None, run_after=None
[2022-09-21T20:28:02.305+0000] {logging_mixin.py:117} INFO - [2022-09-21T20:28:02.304+0000] {dag.py:2573} INFO - Sync 2 DAGs
[2022-09-21T20:28:02.313+0000] {logging_mixin.py:117} INFO - [2022-09-21T20:28:02.313+0000] {dag.py:3328} INFO - Setting next_dagrun for example_subdag_operator.section-1 to None, run_after=None
[2022-09-21T20:28:02.313+0000] {logging_mixin.py:117} INFO - [2022-09-21T20:28:02.313+0000] {dag.py:3328} INFO - Setting next_dagrun for example_subdag_operator.section-2 to None, run_after=None
[2022-09-21T20:28:02.328+0000] {processor.py:178} INFO - Processing /home/airflow/.local/lib/python3.7/site-packages/airflow/example_dags/example_subdag_operator.py took 0.407 seconds
[2022-09-21T20:28:32.506+0000] {processor.py:156} INFO - Started process (PID=1009) to work on /home/airflow/.local/lib/python3.7/site-packages/airflow/example_dags/example_subdag_operator.py
[2022-09-21T20:28:32.507+0000] {processor.py:758} INFO - Processing file /home/airflow/.local/lib/python3.7/site-packages/airflow/example_dags/example_subdag_operator.py for tasks to queue
[2022-09-21T20:28:32.507+0000] {logging_mixin.py:117} INFO - [2022-09-21T20:28:32.507+0000] {dagbag.py:525} INFO - Filling up the DagBag from /home/airflow/.local/lib/python3.7/site-packages/airflow/example_dags/example_subdag_operator.py
[2022-09-21T20:28:32.543+0000] {processor.py:768} INFO - DAG(s) dict_keys(['example_subdag_operator.section-1', 'example_subdag_operator.section-2', 'example_subdag_operator']) retrieved from /home/airflow/.local/lib/python3.7/site-packages/airflow/example_dags/example_subdag_operator.py
[2022-09-21T20:28:32.810+0000] {logging_mixin.py:117} INFO - [2022-09-21T20:28:32.810+0000] {dag.py:2573} INFO - Sync 3 DAGs
[2022-09-21T20:28:32.835+0000] {logging_mixin.py:117} INFO - [2022-09-21T20:28:32.835+0000] {dag.py:3328} INFO - Setting next_dagrun for example_subdag_operator to 2022-01-01T00:00:00+00:00, run_after=2022-01-01T00:00:00+00:00
[2022-09-21T20:28:32.838+0000] {logging_mixin.py:117} INFO - [2022-09-21T20:28:32.838+0000] {dag.py:3328} INFO - Setting next_dagrun for example_subdag_operator.section-1 to None, run_after=None
[2022-09-21T20:28:32.840+0000] {logging_mixin.py:117} INFO - [2022-09-21T20:28:32.839+0000] {dag.py:3328} INFO - Setting next_dagrun for example_subdag_operator.section-2 to None, run_after=None
[2022-09-21T20:28:32.847+0000] {logging_mixin.py:117} INFO - [2022-09-21T20:28:32.847+0000] {dag.py:2573} INFO - Sync 2 DAGs
[2022-09-21T20:28:32.855+0000] {logging_mixin.py:117} INFO - [2022-09-21T20:28:32.855+0000] {dag.py:3328} INFO - Setting next_dagrun for example_subdag_operator.section-1 to None, run_after=None
[2022-09-21T20:28:32.856+0000] {logging_mixin.py:117} INFO - [2022-09-21T20:28:32.855+0000] {dag.py:3328} INFO - Setting next_dagrun for example_subdag_operator.section-2 to None, run_after=None
[2022-09-21T20:28:32.868+0000] {processor.py:178} INFO - Processing /home/airflow/.local/lib/python3.7/site-packages/airflow/example_dags/example_subdag_operator.py took 0.364 seconds
[2022-09-21T20:29:03.427+0000] {processor.py:156} INFO - Started process (PID=1064) to work on /home/airflow/.local/lib/python3.7/site-packages/airflow/example_dags/example_subdag_operator.py
[2022-09-21T20:29:03.428+0000] {processor.py:758} INFO - Processing file /home/airflow/.local/lib/python3.7/site-packages/airflow/example_dags/example_subdag_operator.py for tasks to queue
[2022-09-21T20:29:03.429+0000] {logging_mixin.py:117} INFO - [2022-09-21T20:29:03.429+0000] {dagbag.py:525} INFO - Filling up the DagBag from /home/airflow/.local/lib/python3.7/site-packages/airflow/example_dags/example_subdag_operator.py
[2022-09-21T20:29:03.474+0000] {processor.py:768} INFO - DAG(s) dict_keys(['example_subdag_operator.section-1', 'example_subdag_operator.section-2', 'example_subdag_operator']) retrieved from /home/airflow/.local/lib/python3.7/site-packages/airflow/example_dags/example_subdag_operator.py
[2022-09-21T20:29:03.750+0000] {logging_mixin.py:117} INFO - [2022-09-21T20:29:03.750+0000] {dag.py:2573} INFO - Sync 3 DAGs
[2022-09-21T20:29:03.789+0000] {logging_mixin.py:117} INFO - [2022-09-21T20:29:03.789+0000] {dag.py:3328} INFO - Setting next_dagrun for example_subdag_operator to 2022-01-01T00:00:00+00:00, run_after=2022-01-01T00:00:00+00:00
[2022-09-21T20:29:03.794+0000] {logging_mixin.py:117} INFO - [2022-09-21T20:29:03.794+0000] {dag.py:3328} INFO - Setting next_dagrun for example_subdag_operator.section-1 to None, run_after=None
[2022-09-21T20:29:03.797+0000] {logging_mixin.py:117} INFO - [2022-09-21T20:29:03.796+0000] {dag.py:3328} INFO - Setting next_dagrun for example_subdag_operator.section-2 to None, run_after=None
[2022-09-21T20:29:03.808+0000] {logging_mixin.py:117} INFO - [2022-09-21T20:29:03.808+0000] {dag.py:2573} INFO - Sync 2 DAGs
[2022-09-21T20:29:03.826+0000] {logging_mixin.py:117} INFO - [2022-09-21T20:29:03.826+0000] {dag.py:3328} INFO - Setting next_dagrun for example_subdag_operator.section-1 to None, run_after=None
[2022-09-21T20:29:03.827+0000] {logging_mixin.py:117} INFO - [2022-09-21T20:29:03.827+0000] {dag.py:3328} INFO - Setting next_dagrun for example_subdag_operator.section-2 to None, run_after=None
[2022-09-21T20:29:03.851+0000] {processor.py:178} INFO - Processing /home/airflow/.local/lib/python3.7/site-packages/airflow/example_dags/example_subdag_operator.py took 0.428 seconds
[2022-09-21T20:29:33.985+0000] {processor.py:156} INFO - Started process (PID=1129) to work on /home/airflow/.local/lib/python3.7/site-packages/airflow/example_dags/example_subdag_operator.py
[2022-09-21T20:29:33.986+0000] {processor.py:758} INFO - Processing file /home/airflow/.local/lib/python3.7/site-packages/airflow/example_dags/example_subdag_operator.py for tasks to queue
[2022-09-21T20:29:33.987+0000] {logging_mixin.py:117} INFO - [2022-09-21T20:29:33.987+0000] {dagbag.py:525} INFO - Filling up the DagBag from /home/airflow/.local/lib/python3.7/site-packages/airflow/example_dags/example_subdag_operator.py
[2022-09-21T20:29:34.062+0000] {processor.py:768} INFO - DAG(s) dict_keys(['example_subdag_operator.section-1', 'example_subdag_operator.section-2', 'example_subdag_operator']) retrieved from /home/airflow/.local/lib/python3.7/site-packages/airflow/example_dags/example_subdag_operator.py
[2022-09-21T20:29:34.434+0000] {logging_mixin.py:117} INFO - [2022-09-21T20:29:34.434+0000] {dag.py:2573} INFO - Sync 3 DAGs
[2022-09-21T20:29:34.470+0000] {logging_mixin.py:117} INFO - [2022-09-21T20:29:34.470+0000] {dag.py:3328} INFO - Setting next_dagrun for example_subdag_operator to 2022-01-01T00:00:00+00:00, run_after=2022-01-01T00:00:00+00:00
[2022-09-21T20:29:34.475+0000] {logging_mixin.py:117} INFO - [2022-09-21T20:29:34.474+0000] {dag.py:3328} INFO - Setting next_dagrun for example_subdag_operator.section-1 to None, run_after=None
[2022-09-21T20:29:34.476+0000] {logging_mixin.py:117} INFO - [2022-09-21T20:29:34.476+0000] {dag.py:3328} INFO - Setting next_dagrun for example_subdag_operator.section-2 to None, run_after=None
[2022-09-21T20:29:34.486+0000] {logging_mixin.py:117} INFO - [2022-09-21T20:29:34.485+0000] {dag.py:2573} INFO - Sync 2 DAGs
[2022-09-21T20:29:34.494+0000] {logging_mixin.py:117} INFO - [2022-09-21T20:29:34.493+0000] {dag.py:3328} INFO - Setting next_dagrun for example_subdag_operator.section-1 to None, run_after=None
[2022-09-21T20:29:34.494+0000] {logging_mixin.py:117} INFO - [2022-09-21T20:29:34.494+0000] {dag.py:3328} INFO - Setting next_dagrun for example_subdag_operator.section-2 to None, run_after=None
[2022-09-21T20:29:34.511+0000] {processor.py:178} INFO - Processing /home/airflow/.local/lib/python3.7/site-packages/airflow/example_dags/example_subdag_operator.py took 0.538 seconds
[2022-09-21T20:30:04.883+0000] {processor.py:156} INFO - Started process (PID=1186) to work on /home/airflow/.local/lib/python3.7/site-packages/airflow/example_dags/example_subdag_operator.py
[2022-09-21T20:30:04.884+0000] {processor.py:758} INFO - Processing file /home/airflow/.local/lib/python3.7/site-packages/airflow/example_dags/example_subdag_operator.py for tasks to queue
[2022-09-21T20:30:04.885+0000] {logging_mixin.py:117} INFO - [2022-09-21T20:30:04.885+0000] {dagbag.py:525} INFO - Filling up the DagBag from /home/airflow/.local/lib/python3.7/site-packages/airflow/example_dags/example_subdag_operator.py
[2022-09-21T20:30:04.989+0000] {processor.py:768} INFO - DAG(s) dict_keys(['example_subdag_operator.section-1', 'example_subdag_operator.section-2', 'example_subdag_operator']) retrieved from /home/airflow/.local/lib/python3.7/site-packages/airflow/example_dags/example_subdag_operator.py
[2022-09-21T20:30:05.722+0000] {logging_mixin.py:117} INFO - [2022-09-21T20:30:05.721+0000] {dag.py:2573} INFO - Sync 3 DAGs
[2022-09-21T20:30:05.831+0000] {logging_mixin.py:117} INFO - [2022-09-21T20:30:05.830+0000] {dag.py:3328} INFO - Setting next_dagrun for example_subdag_operator to 2022-01-01T00:00:00+00:00, run_after=2022-01-01T00:00:00+00:00
[2022-09-21T20:30:05.848+0000] {logging_mixin.py:117} INFO - [2022-09-21T20:30:05.847+0000] {dag.py:3328} INFO - Setting next_dagrun for example_subdag_operator.section-1 to None, run_after=None
[2022-09-21T20:30:05.857+0000] {logging_mixin.py:117} INFO - [2022-09-21T20:30:05.856+0000] {dag.py:3328} INFO - Setting next_dagrun for example_subdag_operator.section-2 to None, run_after=None
[2022-09-21T20:30:05.887+0000] {logging_mixin.py:117} INFO - [2022-09-21T20:30:05.886+0000] {dag.py:2573} INFO - Sync 2 DAGs
[2022-09-21T20:30:05.910+0000] {logging_mixin.py:117} INFO - [2022-09-21T20:30:05.909+0000] {dag.py:3328} INFO - Setting next_dagrun for example_subdag_operator.section-1 to None, run_after=None
[2022-09-21T20:30:05.910+0000] {logging_mixin.py:117} INFO - [2022-09-21T20:30:05.910+0000] {dag.py:3328} INFO - Setting next_dagrun for example_subdag_operator.section-2 to None, run_after=None
[2022-09-21T20:30:06.033+0000] {processor.py:178} INFO - Processing /home/airflow/.local/lib/python3.7/site-packages/airflow/example_dags/example_subdag_operator.py took 1.157 seconds
[2022-09-21T20:30:36.859+0000] {processor.py:156} INFO - Started process (PID=1243) to work on /home/airflow/.local/lib/python3.7/site-packages/airflow/example_dags/example_subdag_operator.py
[2022-09-21T20:30:36.863+0000] {processor.py:758} INFO - Processing file /home/airflow/.local/lib/python3.7/site-packages/airflow/example_dags/example_subdag_operator.py for tasks to queue
[2022-09-21T20:30:36.864+0000] {logging_mixin.py:117} INFO - [2022-09-21T20:30:36.864+0000] {dagbag.py:525} INFO - Filling up the DagBag from /home/airflow/.local/lib/python3.7/site-packages/airflow/example_dags/example_subdag_operator.py
[2022-09-21T20:30:36.913+0000] {processor.py:768} INFO - DAG(s) dict_keys(['example_subdag_operator.section-1', 'example_subdag_operator.section-2', 'example_subdag_operator']) retrieved from /home/airflow/.local/lib/python3.7/site-packages/airflow/example_dags/example_subdag_operator.py
[2022-09-21T20:30:37.212+0000] {logging_mixin.py:117} INFO - [2022-09-21T20:30:37.211+0000] {dag.py:2573} INFO - Sync 3 DAGs
[2022-09-21T20:30:37.260+0000] {logging_mixin.py:117} INFO - [2022-09-21T20:30:37.260+0000] {dag.py:3328} INFO - Setting next_dagrun for example_subdag_operator to 2022-01-01T00:00:00+00:00, run_after=2022-01-01T00:00:00+00:00
[2022-09-21T20:30:37.265+0000] {logging_mixin.py:117} INFO - [2022-09-21T20:30:37.265+0000] {dag.py:3328} INFO - Setting next_dagrun for example_subdag_operator.section-1 to None, run_after=None
[2022-09-21T20:30:37.267+0000] {logging_mixin.py:117} INFO - [2022-09-21T20:30:37.267+0000] {dag.py:3328} INFO - Setting next_dagrun for example_subdag_operator.section-2 to None, run_after=None
[2022-09-21T20:30:37.277+0000] {logging_mixin.py:117} INFO - [2022-09-21T20:30:37.277+0000] {dag.py:2573} INFO - Sync 2 DAGs
[2022-09-21T20:30:37.286+0000] {logging_mixin.py:117} INFO - [2022-09-21T20:30:37.286+0000] {dag.py:3328} INFO - Setting next_dagrun for example_subdag_operator.section-1 to None, run_after=None
[2022-09-21T20:30:37.287+0000] {logging_mixin.py:117} INFO - [2022-09-21T20:30:37.286+0000] {dag.py:3328} INFO - Setting next_dagrun for example_subdag_operator.section-2 to None, run_after=None
[2022-09-21T20:30:37.300+0000] {processor.py:178} INFO - Processing /home/airflow/.local/lib/python3.7/site-packages/airflow/example_dags/example_subdag_operator.py took 0.444 seconds
[2022-09-21T20:31:07.492+0000] {processor.py:156} INFO - Started process (PID=1310) to work on /home/airflow/.local/lib/python3.7/site-packages/airflow/example_dags/example_subdag_operator.py
[2022-09-21T20:31:07.493+0000] {processor.py:758} INFO - Processing file /home/airflow/.local/lib/python3.7/site-packages/airflow/example_dags/example_subdag_operator.py for tasks to queue
[2022-09-21T20:31:07.493+0000] {logging_mixin.py:117} INFO - [2022-09-21T20:31:07.493+0000] {dagbag.py:525} INFO - Filling up the DagBag from /home/airflow/.local/lib/python3.7/site-packages/airflow/example_dags/example_subdag_operator.py
[2022-09-21T20:31:07.537+0000] {processor.py:768} INFO - DAG(s) dict_keys(['example_subdag_operator.section-1', 'example_subdag_operator.section-2', 'example_subdag_operator']) retrieved from /home/airflow/.local/lib/python3.7/site-packages/airflow/example_dags/example_subdag_operator.py
[2022-09-21T20:31:07.846+0000] {logging_mixin.py:117} INFO - [2022-09-21T20:31:07.846+0000] {dag.py:2573} INFO - Sync 3 DAGs
[2022-09-21T20:31:07.900+0000] {logging_mixin.py:117} INFO - [2022-09-21T20:31:07.900+0000] {dag.py:3328} INFO - Setting next_dagrun for example_subdag_operator to 2022-01-01T00:00:00+00:00, run_after=2022-01-01T00:00:00+00:00
[2022-09-21T20:31:07.907+0000] {logging_mixin.py:117} INFO - [2022-09-21T20:31:07.907+0000] {dag.py:3328} INFO - Setting next_dagrun for example_subdag_operator.section-1 to None, run_after=None
[2022-09-21T20:31:07.909+0000] {logging_mixin.py:117} INFO - [2022-09-21T20:31:07.909+0000] {dag.py:3328} INFO - Setting next_dagrun for example_subdag_operator.section-2 to None, run_after=None
[2022-09-21T20:31:07.923+0000] {logging_mixin.py:117} INFO - [2022-09-21T20:31:07.923+0000] {dag.py:2573} INFO - Sync 2 DAGs
[2022-09-21T20:31:07.937+0000] {logging_mixin.py:117} INFO - [2022-09-21T20:31:07.936+0000] {dag.py:3328} INFO - Setting next_dagrun for example_subdag_operator.section-1 to None, run_after=None
[2022-09-21T20:31:07.937+0000] {logging_mixin.py:117} INFO - [2022-09-21T20:31:07.937+0000] {dag.py:3328} INFO - Setting next_dagrun for example_subdag_operator.section-2 to None, run_after=None
[2022-09-21T20:31:07.959+0000] {processor.py:178} INFO - Processing /home/airflow/.local/lib/python3.7/site-packages/airflow/example_dags/example_subdag_operator.py took 0.471 seconds
[2022-09-21T20:31:38.506+0000] {processor.py:156} INFO - Started process (PID=1372) to work on /home/airflow/.local/lib/python3.7/site-packages/airflow/example_dags/example_subdag_operator.py
[2022-09-21T20:31:38.507+0000] {processor.py:758} INFO - Processing file /home/airflow/.local/lib/python3.7/site-packages/airflow/example_dags/example_subdag_operator.py for tasks to queue
[2022-09-21T20:31:38.508+0000] {logging_mixin.py:117} INFO - [2022-09-21T20:31:38.508+0000] {dagbag.py:525} INFO - Filling up the DagBag from /home/airflow/.local/lib/python3.7/site-packages/airflow/example_dags/example_subdag_operator.py
[2022-09-21T20:31:38.553+0000] {processor.py:768} INFO - DAG(s) dict_keys(['example_subdag_operator.section-1', 'example_subdag_operator.section-2', 'example_subdag_operator']) retrieved from /home/airflow/.local/lib/python3.7/site-packages/airflow/example_dags/example_subdag_operator.py
[2022-09-21T20:31:38.843+0000] {logging_mixin.py:117} INFO - [2022-09-21T20:31:38.842+0000] {dag.py:2573} INFO - Sync 3 DAGs
[2022-09-21T20:31:38.881+0000] {logging_mixin.py:117} INFO - [2022-09-21T20:31:38.880+0000] {dag.py:3328} INFO - Setting next_dagrun for example_subdag_operator to 2022-01-01T00:00:00+00:00, run_after=2022-01-01T00:00:00+00:00
[2022-09-21T20:31:38.886+0000] {logging_mixin.py:117} INFO - [2022-09-21T20:31:38.885+0000] {dag.py:3328} INFO - Setting next_dagrun for example_subdag_operator.section-1 to None, run_after=None
[2022-09-21T20:31:38.887+0000] {logging_mixin.py:117} INFO - [2022-09-21T20:31:38.887+0000] {dag.py:3328} INFO - Setting next_dagrun for example_subdag_operator.section-2 to None, run_after=None
[2022-09-21T20:31:38.897+0000] {logging_mixin.py:117} INFO - [2022-09-21T20:31:38.897+0000] {dag.py:2573} INFO - Sync 2 DAGs
[2022-09-21T20:31:38.907+0000] {logging_mixin.py:117} INFO - [2022-09-21T20:31:38.906+0000] {dag.py:3328} INFO - Setting next_dagrun for example_subdag_operator.section-1 to None, run_after=None
[2022-09-21T20:31:38.907+0000] {logging_mixin.py:117} INFO - [2022-09-21T20:31:38.907+0000] {dag.py:3328} INFO - Setting next_dagrun for example_subdag_operator.section-2 to None, run_after=None
[2022-09-21T20:31:38.926+0000] {processor.py:178} INFO - Processing /home/airflow/.local/lib/python3.7/site-packages/airflow/example_dags/example_subdag_operator.py took 0.425 seconds
[2022-09-21T20:32:09.906+0000] {processor.py:156} INFO - Started process (PID=1429) to work on /home/airflow/.local/lib/python3.7/site-packages/airflow/example_dags/example_subdag_operator.py
[2022-09-21T20:32:09.909+0000] {processor.py:758} INFO - Processing file /home/airflow/.local/lib/python3.7/site-packages/airflow/example_dags/example_subdag_operator.py for tasks to queue
[2022-09-21T20:32:09.910+0000] {logging_mixin.py:117} INFO - [2022-09-21T20:32:09.909+0000] {dagbag.py:525} INFO - Filling up the DagBag from /home/airflow/.local/lib/python3.7/site-packages/airflow/example_dags/example_subdag_operator.py
[2022-09-21T20:32:09.943+0000] {processor.py:768} INFO - DAG(s) dict_keys(['example_subdag_operator.section-1', 'example_subdag_operator.section-2', 'example_subdag_operator']) retrieved from /home/airflow/.local/lib/python3.7/site-packages/airflow/example_dags/example_subdag_operator.py
[2022-09-21T20:32:10.175+0000] {logging_mixin.py:117} INFO - [2022-09-21T20:32:10.175+0000] {dag.py:2573} INFO - Sync 3 DAGs
[2022-09-21T20:32:10.207+0000] {logging_mixin.py:117} INFO - [2022-09-21T20:32:10.207+0000] {dag.py:3328} INFO - Setting next_dagrun for example_subdag_operator to 2022-01-01T00:00:00+00:00, run_after=2022-01-01T00:00:00+00:00
[2022-09-21T20:32:10.212+0000] {logging_mixin.py:117} INFO - [2022-09-21T20:32:10.212+0000] {dag.py:3328} INFO - Setting next_dagrun for example_subdag_operator.section-1 to None, run_after=None
[2022-09-21T20:32:10.214+0000] {logging_mixin.py:117} INFO - [2022-09-21T20:32:10.213+0000] {dag.py:3328} INFO - Setting next_dagrun for example_subdag_operator.section-2 to None, run_after=None
[2022-09-21T20:32:10.224+0000] {logging_mixin.py:117} INFO - [2022-09-21T20:32:10.223+0000] {dag.py:2573} INFO - Sync 2 DAGs
[2022-09-21T20:32:10.232+0000] {logging_mixin.py:117} INFO - [2022-09-21T20:32:10.231+0000] {dag.py:3328} INFO - Setting next_dagrun for example_subdag_operator.section-1 to None, run_after=None
[2022-09-21T20:32:10.232+0000] {logging_mixin.py:117} INFO - [2022-09-21T20:32:10.232+0000] {dag.py:3328} INFO - Setting next_dagrun for example_subdag_operator.section-2 to None, run_after=None
[2022-09-21T20:32:10.246+0000] {processor.py:178} INFO - Processing /home/airflow/.local/lib/python3.7/site-packages/airflow/example_dags/example_subdag_operator.py took 0.343 seconds
[2022-09-21T20:32:40.349+0000] {processor.py:156} INFO - Started process (PID=1494) to work on /home/airflow/.local/lib/python3.7/site-packages/airflow/example_dags/example_subdag_operator.py
[2022-09-21T20:32:40.349+0000] {processor.py:758} INFO - Processing file /home/airflow/.local/lib/python3.7/site-packages/airflow/example_dags/example_subdag_operator.py for tasks to queue
[2022-09-21T20:32:40.350+0000] {logging_mixin.py:117} INFO - [2022-09-21T20:32:40.350+0000] {dagbag.py:525} INFO - Filling up the DagBag from /home/airflow/.local/lib/python3.7/site-packages/airflow/example_dags/example_subdag_operator.py
[2022-09-21T20:32:40.383+0000] {processor.py:768} INFO - DAG(s) dict_keys(['example_subdag_operator.section-1', 'example_subdag_operator.section-2', 'example_subdag_operator']) retrieved from /home/airflow/.local/lib/python3.7/site-packages/airflow/example_dags/example_subdag_operator.py
[2022-09-21T20:32:40.646+0000] {logging_mixin.py:117} INFO - [2022-09-21T20:32:40.645+0000] {dag.py:2573} INFO - Sync 3 DAGs
[2022-09-21T20:32:40.683+0000] {logging_mixin.py:117} INFO - [2022-09-21T20:32:40.683+0000] {dag.py:3328} INFO - Setting next_dagrun for example_subdag_operator to 2022-01-01T00:00:00+00:00, run_after=2022-01-01T00:00:00+00:00
[2022-09-21T20:32:40.702+0000] {logging_mixin.py:117} INFO - [2022-09-21T20:32:40.702+0000] {dag.py:3328} INFO - Setting next_dagrun for example_subdag_operator.section-1 to None, run_after=None
[2022-09-21T20:32:40.709+0000] {logging_mixin.py:117} INFO - [2022-09-21T20:32:40.709+0000] {dag.py:3328} INFO - Setting next_dagrun for example_subdag_operator.section-2 to None, run_after=None
[2022-09-21T20:32:40.725+0000] {logging_mixin.py:117} INFO - [2022-09-21T20:32:40.724+0000] {dag.py:2573} INFO - Sync 2 DAGs
[2022-09-21T20:32:40.733+0000] {logging_mixin.py:117} INFO - [2022-09-21T20:32:40.733+0000] {dag.py:3328} INFO - Setting next_dagrun for example_subdag_operator.section-1 to None, run_after=None
[2022-09-21T20:32:40.733+0000] {logging_mixin.py:117} INFO - [2022-09-21T20:32:40.733+0000] {dag.py:3328} INFO - Setting next_dagrun for example_subdag_operator.section-2 to None, run_after=None
[2022-09-21T20:32:40.748+0000] {processor.py:178} INFO - Processing /home/airflow/.local/lib/python3.7/site-packages/airflow/example_dags/example_subdag_operator.py took 0.402 seconds
[2022-09-21T20:33:10.828+0000] {processor.py:156} INFO - Started process (PID=1548) to work on /home/airflow/.local/lib/python3.7/site-packages/airflow/example_dags/example_subdag_operator.py
[2022-09-21T20:33:10.829+0000] {processor.py:758} INFO - Processing file /home/airflow/.local/lib/python3.7/site-packages/airflow/example_dags/example_subdag_operator.py for tasks to queue
[2022-09-21T20:33:10.829+0000] {logging_mixin.py:117} INFO - [2022-09-21T20:33:10.829+0000] {dagbag.py:525} INFO - Filling up the DagBag from /home/airflow/.local/lib/python3.7/site-packages/airflow/example_dags/example_subdag_operator.py
[2022-09-21T20:33:10.898+0000] {processor.py:768} INFO - DAG(s) dict_keys(['example_subdag_operator.section-1', 'example_subdag_operator.section-2', 'example_subdag_operator']) retrieved from /home/airflow/.local/lib/python3.7/site-packages/airflow/example_dags/example_subdag_operator.py
[2022-09-21T20:33:11.289+0000] {logging_mixin.py:117} INFO - [2022-09-21T20:33:11.289+0000] {dag.py:2573} INFO - Sync 3 DAGs
[2022-09-21T20:33:11.329+0000] {logging_mixin.py:117} INFO - [2022-09-21T20:33:11.329+0000] {dag.py:3328} INFO - Setting next_dagrun for example_subdag_operator to 2022-01-01T00:00:00+00:00, run_after=2022-01-01T00:00:00+00:00
[2022-09-21T20:33:11.336+0000] {logging_mixin.py:117} INFO - [2022-09-21T20:33:11.335+0000] {dag.py:3328} INFO - Setting next_dagrun for example_subdag_operator.section-1 to None, run_after=None
[2022-09-21T20:33:11.339+0000] {logging_mixin.py:117} INFO - [2022-09-21T20:33:11.338+0000] {dag.py:3328} INFO - Setting next_dagrun for example_subdag_operator.section-2 to None, run_after=None
[2022-09-21T20:33:11.355+0000] {logging_mixin.py:117} INFO - [2022-09-21T20:33:11.355+0000] {dag.py:2573} INFO - Sync 2 DAGs
[2022-09-21T20:33:11.371+0000] {logging_mixin.py:117} INFO - [2022-09-21T20:33:11.371+0000] {dag.py:3328} INFO - Setting next_dagrun for example_subdag_operator.section-1 to None, run_after=None
[2022-09-21T20:33:11.372+0000] {logging_mixin.py:117} INFO - [2022-09-21T20:33:11.372+0000] {dag.py:3328} INFO - Setting next_dagrun for example_subdag_operator.section-2 to None, run_after=None
[2022-09-21T20:33:11.391+0000] {processor.py:178} INFO - Processing /home/airflow/.local/lib/python3.7/site-packages/airflow/example_dags/example_subdag_operator.py took 0.569 seconds
[2022-09-21T20:33:41.813+0000] {processor.py:156} INFO - Started process (PID=1602) to work on /home/airflow/.local/lib/python3.7/site-packages/airflow/example_dags/example_subdag_operator.py
[2022-09-21T20:33:41.814+0000] {processor.py:758} INFO - Processing file /home/airflow/.local/lib/python3.7/site-packages/airflow/example_dags/example_subdag_operator.py for tasks to queue
[2022-09-21T20:33:41.814+0000] {logging_mixin.py:117} INFO - [2022-09-21T20:33:41.814+0000] {dagbag.py:525} INFO - Filling up the DagBag from /home/airflow/.local/lib/python3.7/site-packages/airflow/example_dags/example_subdag_operator.py
[2022-09-21T20:33:41.841+0000] {processor.py:768} INFO - DAG(s) dict_keys(['example_subdag_operator.section-1', 'example_subdag_operator.section-2', 'example_subdag_operator']) retrieved from /home/airflow/.local/lib/python3.7/site-packages/airflow/example_dags/example_subdag_operator.py
[2022-09-21T20:33:42.024+0000] {logging_mixin.py:117} INFO - [2022-09-21T20:33:42.024+0000] {dag.py:2573} INFO - Sync 3 DAGs
[2022-09-21T20:33:42.052+0000] {logging_mixin.py:117} INFO - [2022-09-21T20:33:42.052+0000] {dag.py:3328} INFO - Setting next_dagrun for example_subdag_operator to 2022-01-01T00:00:00+00:00, run_after=2022-01-01T00:00:00+00:00
[2022-09-21T20:33:42.055+0000] {logging_mixin.py:117} INFO - [2022-09-21T20:33:42.055+0000] {dag.py:3328} INFO - Setting next_dagrun for example_subdag_operator.section-1 to None, run_after=None
[2022-09-21T20:33:42.057+0000] {logging_mixin.py:117} INFO - [2022-09-21T20:33:42.056+0000] {dag.py:3328} INFO - Setting next_dagrun for example_subdag_operator.section-2 to None, run_after=None
[2022-09-21T20:33:42.063+0000] {logging_mixin.py:117} INFO - [2022-09-21T20:33:42.063+0000] {dag.py:2573} INFO - Sync 2 DAGs
[2022-09-21T20:33:42.069+0000] {logging_mixin.py:117} INFO - [2022-09-21T20:33:42.069+0000] {dag.py:3328} INFO - Setting next_dagrun for example_subdag_operator.section-1 to None, run_after=None
[2022-09-21T20:33:42.069+0000] {logging_mixin.py:117} INFO - [2022-09-21T20:33:42.069+0000] {dag.py:3328} INFO - Setting next_dagrun for example_subdag_operator.section-2 to None, run_after=None
[2022-09-21T20:33:42.080+0000] {processor.py:178} INFO - Processing /home/airflow/.local/lib/python3.7/site-packages/airflow/example_dags/example_subdag_operator.py took 0.271 seconds
[2022-09-21T20:34:12.319+0000] {processor.py:156} INFO - Started process (PID=1665) to work on /home/airflow/.local/lib/python3.7/site-packages/airflow/example_dags/example_subdag_operator.py
[2022-09-21T20:34:12.321+0000] {processor.py:758} INFO - Processing file /home/airflow/.local/lib/python3.7/site-packages/airflow/example_dags/example_subdag_operator.py for tasks to queue
[2022-09-21T20:34:12.339+0000] {logging_mixin.py:117} INFO - [2022-09-21T20:34:12.322+0000] {dagbag.py:525} INFO - Filling up the DagBag from /home/airflow/.local/lib/python3.7/site-packages/airflow/example_dags/example_subdag_operator.py
[2022-09-21T20:34:12.410+0000] {processor.py:768} INFO - DAG(s) dict_keys(['example_subdag_operator.section-1', 'example_subdag_operator.section-2', 'example_subdag_operator']) retrieved from /home/airflow/.local/lib/python3.7/site-packages/airflow/example_dags/example_subdag_operator.py
[2022-09-21T20:34:12.899+0000] {logging_mixin.py:117} INFO - [2022-09-21T20:34:12.899+0000] {dag.py:2573} INFO - Sync 3 DAGs
[2022-09-21T20:34:12.961+0000] {logging_mixin.py:117} INFO - [2022-09-21T20:34:12.961+0000] {dag.py:3328} INFO - Setting next_dagrun for example_subdag_operator to 2022-01-01T00:00:00+00:00, run_after=2022-01-01T00:00:00+00:00
[2022-09-21T20:34:12.969+0000] {logging_mixin.py:117} INFO - [2022-09-21T20:34:12.969+0000] {dag.py:3328} INFO - Setting next_dagrun for example_subdag_operator.section-1 to None, run_after=None
[2022-09-21T20:34:12.972+0000] {logging_mixin.py:117} INFO - [2022-09-21T20:34:12.971+0000] {dag.py:3328} INFO - Setting next_dagrun for example_subdag_operator.section-2 to None, run_after=None
[2022-09-21T20:34:13.001+0000] {logging_mixin.py:117} INFO - [2022-09-21T20:34:13.000+0000] {dag.py:2573} INFO - Sync 2 DAGs
[2022-09-21T20:34:13.017+0000] {logging_mixin.py:117} INFO - [2022-09-21T20:34:13.016+0000] {dag.py:3328} INFO - Setting next_dagrun for example_subdag_operator.section-1 to None, run_after=None
[2022-09-21T20:34:13.017+0000] {logging_mixin.py:117} INFO - [2022-09-21T20:34:13.017+0000] {dag.py:3328} INFO - Setting next_dagrun for example_subdag_operator.section-2 to None, run_after=None
[2022-09-21T20:34:13.033+0000] {processor.py:178} INFO - Processing /home/airflow/.local/lib/python3.7/site-packages/airflow/example_dags/example_subdag_operator.py took 0.719 seconds
[2022-09-21T20:34:43.483+0000] {processor.py:156} INFO - Started process (PID=1720) to work on /home/airflow/.local/lib/python3.7/site-packages/airflow/example_dags/example_subdag_operator.py
[2022-09-21T20:34:43.484+0000] {processor.py:758} INFO - Processing file /home/airflow/.local/lib/python3.7/site-packages/airflow/example_dags/example_subdag_operator.py for tasks to queue
[2022-09-21T20:34:43.484+0000] {logging_mixin.py:117} INFO - [2022-09-21T20:34:43.484+0000] {dagbag.py:525} INFO - Filling up the DagBag from /home/airflow/.local/lib/python3.7/site-packages/airflow/example_dags/example_subdag_operator.py
[2022-09-21T20:34:43.523+0000] {processor.py:768} INFO - DAG(s) dict_keys(['example_subdag_operator.section-1', 'example_subdag_operator.section-2', 'example_subdag_operator']) retrieved from /home/airflow/.local/lib/python3.7/site-packages/airflow/example_dags/example_subdag_operator.py
[2022-09-21T20:34:43.772+0000] {logging_mixin.py:117} INFO - [2022-09-21T20:34:43.772+0000] {dag.py:2573} INFO - Sync 3 DAGs
[2022-09-21T20:34:43.805+0000] {logging_mixin.py:117} INFO - [2022-09-21T20:34:43.805+0000] {dag.py:3328} INFO - Setting next_dagrun for example_subdag_operator to 2022-01-01T00:00:00+00:00, run_after=2022-01-01T00:00:00+00:00
[2022-09-21T20:34:43.809+0000] {logging_mixin.py:117} INFO - [2022-09-21T20:34:43.809+0000] {dag.py:3328} INFO - Setting next_dagrun for example_subdag_operator.section-1 to None, run_after=None
[2022-09-21T20:34:43.811+0000] {logging_mixin.py:117} INFO - [2022-09-21T20:34:43.810+0000] {dag.py:3328} INFO - Setting next_dagrun for example_subdag_operator.section-2 to None, run_after=None
[2022-09-21T20:34:43.819+0000] {logging_mixin.py:117} INFO - [2022-09-21T20:34:43.819+0000] {dag.py:2573} INFO - Sync 2 DAGs
[2022-09-21T20:34:43.826+0000] {logging_mixin.py:117} INFO - [2022-09-21T20:34:43.825+0000] {dag.py:3328} INFO - Setting next_dagrun for example_subdag_operator.section-1 to None, run_after=None
[2022-09-21T20:34:43.826+0000] {logging_mixin.py:117} INFO - [2022-09-21T20:34:43.826+0000] {dag.py:3328} INFO - Setting next_dagrun for example_subdag_operator.section-2 to None, run_after=None
[2022-09-21T20:34:43.839+0000] {processor.py:178} INFO - Processing /home/airflow/.local/lib/python3.7/site-packages/airflow/example_dags/example_subdag_operator.py took 0.359 seconds
[2022-09-21T20:35:14.272+0000] {processor.py:156} INFO - Started process (PID=1785) to work on /home/airflow/.local/lib/python3.7/site-packages/airflow/example_dags/example_subdag_operator.py
[2022-09-21T20:35:14.275+0000] {processor.py:758} INFO - Processing file /home/airflow/.local/lib/python3.7/site-packages/airflow/example_dags/example_subdag_operator.py for tasks to queue
[2022-09-21T20:35:14.276+0000] {logging_mixin.py:117} INFO - [2022-09-21T20:35:14.276+0000] {dagbag.py:525} INFO - Filling up the DagBag from /home/airflow/.local/lib/python3.7/site-packages/airflow/example_dags/example_subdag_operator.py
[2022-09-21T20:35:14.344+0000] {processor.py:768} INFO - DAG(s) dict_keys(['example_subdag_operator.section-1', 'example_subdag_operator.section-2', 'example_subdag_operator']) retrieved from /home/airflow/.local/lib/python3.7/site-packages/airflow/example_dags/example_subdag_operator.py
[2022-09-21T20:35:14.780+0000] {logging_mixin.py:117} INFO - [2022-09-21T20:35:14.780+0000] {dag.py:2573} INFO - Sync 3 DAGs
[2022-09-21T20:35:14.838+0000] {logging_mixin.py:117} INFO - [2022-09-21T20:35:14.838+0000] {dag.py:3328} INFO - Setting next_dagrun for example_subdag_operator to 2022-01-01T00:00:00+00:00, run_after=2022-01-01T00:00:00+00:00
[2022-09-21T20:35:14.846+0000] {logging_mixin.py:117} INFO - [2022-09-21T20:35:14.846+0000] {dag.py:3328} INFO - Setting next_dagrun for example_subdag_operator.section-1 to None, run_after=None
[2022-09-21T20:35:14.849+0000] {logging_mixin.py:117} INFO - [2022-09-21T20:35:14.848+0000] {dag.py:3328} INFO - Setting next_dagrun for example_subdag_operator.section-2 to None, run_after=None
[2022-09-21T20:35:14.864+0000] {logging_mixin.py:117} INFO - [2022-09-21T20:35:14.864+0000] {dag.py:2573} INFO - Sync 2 DAGs
[2022-09-21T20:35:14.876+0000] {logging_mixin.py:117} INFO - [2022-09-21T20:35:14.876+0000] {dag.py:3328} INFO - Setting next_dagrun for example_subdag_operator.section-1 to None, run_after=None
[2022-09-21T20:35:14.877+0000] {logging_mixin.py:117} INFO - [2022-09-21T20:35:14.877+0000] {dag.py:3328} INFO - Setting next_dagrun for example_subdag_operator.section-2 to None, run_after=None
[2022-09-21T20:35:14.901+0000] {processor.py:178} INFO - Processing /home/airflow/.local/lib/python3.7/site-packages/airflow/example_dags/example_subdag_operator.py took 0.636 seconds
