[2022-09-21T20:17:02.973+0000] {processor.py:156} INFO - Started process (PID=72) to work on /home/airflow/.local/lib/python3.7/site-packages/airflow/example_dags/example_xcom.py
[2022-09-21T20:17:02.976+0000] {processor.py:758} INFO - Processing file /home/airflow/.local/lib/python3.7/site-packages/airflow/example_dags/example_xcom.py for tasks to queue
[2022-09-21T20:17:02.977+0000] {logging_mixin.py:117} INFO - [2022-09-21T20:17:02.977+0000] {dagbag.py:525} INFO - Filling up the DagBag from /home/airflow/.local/lib/python3.7/site-packages/airflow/example_dags/example_xcom.py
[2022-09-21T20:17:07.483+0000] {processor.py:768} INFO - DAG(s) dict_keys(['example_xcom']) retrieved from /home/airflow/.local/lib/python3.7/site-packages/airflow/example_dags/example_xcom.py
[2022-09-21T20:17:10.292+0000] {logging_mixin.py:117} INFO - [2022-09-21T20:17:10.290+0000] {dag.py:2573} INFO - Sync 1 DAGs
[2022-09-21T20:17:10.567+0000] {logging_mixin.py:117} INFO - [2022-09-21T20:17:10.567+0000] {dag.py:3328} INFO - Setting next_dagrun for example_xcom to 2021-01-01T00:00:00+00:00, run_after=2021-01-01T00:00:00+00:00
[2022-09-21T20:17:10.692+0000] {processor.py:178} INFO - Processing /home/airflow/.local/lib/python3.7/site-packages/airflow/example_dags/example_xcom.py took 7.726 seconds
[2022-09-21T20:20:25.480+0000] {processor.py:156} INFO - Started process (PID=63) to work on /home/airflow/.local/lib/python3.7/site-packages/airflow/example_dags/example_xcom.py
[2022-09-21T20:20:25.481+0000] {processor.py:758} INFO - Processing file /home/airflow/.local/lib/python3.7/site-packages/airflow/example_dags/example_xcom.py for tasks to queue
[2022-09-21T20:20:25.482+0000] {logging_mixin.py:117} INFO - [2022-09-21T20:20:25.482+0000] {dagbag.py:525} INFO - Filling up the DagBag from /home/airflow/.local/lib/python3.7/site-packages/airflow/example_dags/example_xcom.py
[2022-09-21T20:20:25.525+0000] {processor.py:768} INFO - DAG(s) dict_keys(['example_xcom']) retrieved from /home/airflow/.local/lib/python3.7/site-packages/airflow/example_dags/example_xcom.py
[2022-09-21T20:20:25.783+0000] {logging_mixin.py:117} INFO - [2022-09-21T20:20:25.783+0000] {dag.py:2573} INFO - Sync 1 DAGs
[2022-09-21T20:20:25.836+0000] {logging_mixin.py:117} INFO - [2022-09-21T20:20:25.836+0000] {dag.py:3328} INFO - Setting next_dagrun for example_xcom to 2021-01-01T00:00:00+00:00, run_after=2021-01-01T00:00:00+00:00
[2022-09-21T20:20:25.883+0000] {processor.py:178} INFO - Processing /home/airflow/.local/lib/python3.7/site-packages/airflow/example_dags/example_xcom.py took 0.408 seconds
[2022-09-21T20:20:56.877+0000] {processor.py:156} INFO - Started process (PID=118) to work on /home/airflow/.local/lib/python3.7/site-packages/airflow/example_dags/example_xcom.py
[2022-09-21T20:20:56.879+0000] {processor.py:758} INFO - Processing file /home/airflow/.local/lib/python3.7/site-packages/airflow/example_dags/example_xcom.py for tasks to queue
[2022-09-21T20:20:56.880+0000] {logging_mixin.py:117} INFO - [2022-09-21T20:20:56.880+0000] {dagbag.py:525} INFO - Filling up the DagBag from /home/airflow/.local/lib/python3.7/site-packages/airflow/example_dags/example_xcom.py
[2022-09-21T20:20:57.424+0000] {processor.py:768} INFO - DAG(s) dict_keys(['example_xcom']) retrieved from /home/airflow/.local/lib/python3.7/site-packages/airflow/example_dags/example_xcom.py
[2022-09-21T20:20:57.588+0000] {logging_mixin.py:117} INFO - [2022-09-21T20:20:57.588+0000] {dag.py:2573} INFO - Sync 1 DAGs
[2022-09-21T20:20:57.715+0000] {logging_mixin.py:117} INFO - [2022-09-21T20:20:57.715+0000] {dag.py:3328} INFO - Setting next_dagrun for example_xcom to 2021-01-01T00:00:00+00:00, run_after=2021-01-01T00:00:00+00:00
[2022-09-21T20:20:57.786+0000] {processor.py:178} INFO - Processing /home/airflow/.local/lib/python3.7/site-packages/airflow/example_dags/example_xcom.py took 0.920 seconds
[2022-09-21T20:21:28.483+0000] {processor.py:156} INFO - Started process (PID=183) to work on /home/airflow/.local/lib/python3.7/site-packages/airflow/example_dags/example_xcom.py
[2022-09-21T20:21:28.485+0000] {processor.py:758} INFO - Processing file /home/airflow/.local/lib/python3.7/site-packages/airflow/example_dags/example_xcom.py for tasks to queue
[2022-09-21T20:21:28.486+0000] {logging_mixin.py:117} INFO - [2022-09-21T20:21:28.485+0000] {dagbag.py:525} INFO - Filling up the DagBag from /home/airflow/.local/lib/python3.7/site-packages/airflow/example_dags/example_xcom.py
[2022-09-21T20:21:28.829+0000] {processor.py:768} INFO - DAG(s) dict_keys(['example_xcom']) retrieved from /home/airflow/.local/lib/python3.7/site-packages/airflow/example_dags/example_xcom.py
[2022-09-21T20:21:28.899+0000] {logging_mixin.py:117} INFO - [2022-09-21T20:21:28.898+0000] {dag.py:2573} INFO - Sync 1 DAGs
[2022-09-21T20:21:28.960+0000] {logging_mixin.py:117} INFO - [2022-09-21T20:21:28.960+0000] {dag.py:3328} INFO - Setting next_dagrun for example_xcom to 2021-01-01T00:00:00+00:00, run_after=2021-01-01T00:00:00+00:00
[2022-09-21T20:21:29.028+0000] {processor.py:178} INFO - Processing /home/airflow/.local/lib/python3.7/site-packages/airflow/example_dags/example_xcom.py took 0.549 seconds
[2022-09-21T20:21:59.169+0000] {processor.py:156} INFO - Started process (PID=237) to work on /home/airflow/.local/lib/python3.7/site-packages/airflow/example_dags/example_xcom.py
[2022-09-21T20:21:59.170+0000] {processor.py:758} INFO - Processing file /home/airflow/.local/lib/python3.7/site-packages/airflow/example_dags/example_xcom.py for tasks to queue
[2022-09-21T20:21:59.171+0000] {logging_mixin.py:117} INFO - [2022-09-21T20:21:59.171+0000] {dagbag.py:525} INFO - Filling up the DagBag from /home/airflow/.local/lib/python3.7/site-packages/airflow/example_dags/example_xcom.py
[2022-09-21T20:21:59.209+0000] {processor.py:768} INFO - DAG(s) dict_keys(['example_xcom']) retrieved from /home/airflow/.local/lib/python3.7/site-packages/airflow/example_dags/example_xcom.py
[2022-09-21T20:21:59.244+0000] {logging_mixin.py:117} INFO - [2022-09-21T20:21:59.244+0000] {dag.py:2573} INFO - Sync 1 DAGs
[2022-09-21T20:21:59.286+0000] {logging_mixin.py:117} INFO - [2022-09-21T20:21:59.286+0000] {dag.py:3328} INFO - Setting next_dagrun for example_xcom to 2021-01-01T00:00:00+00:00, run_after=2021-01-01T00:00:00+00:00
[2022-09-21T20:21:59.315+0000] {processor.py:178} INFO - Processing /home/airflow/.local/lib/python3.7/site-packages/airflow/example_dags/example_xcom.py took 0.150 seconds
[2022-09-21T20:22:29.862+0000] {processor.py:156} INFO - Started process (PID=302) to work on /home/airflow/.local/lib/python3.7/site-packages/airflow/example_dags/example_xcom.py
[2022-09-21T20:22:29.863+0000] {processor.py:758} INFO - Processing file /home/airflow/.local/lib/python3.7/site-packages/airflow/example_dags/example_xcom.py for tasks to queue
[2022-09-21T20:22:29.864+0000] {logging_mixin.py:117} INFO - [2022-09-21T20:22:29.864+0000] {dagbag.py:525} INFO - Filling up the DagBag from /home/airflow/.local/lib/python3.7/site-packages/airflow/example_dags/example_xcom.py
[2022-09-21T20:22:29.890+0000] {processor.py:768} INFO - DAG(s) dict_keys(['example_xcom']) retrieved from /home/airflow/.local/lib/python3.7/site-packages/airflow/example_dags/example_xcom.py
[2022-09-21T20:22:29.938+0000] {logging_mixin.py:117} INFO - [2022-09-21T20:22:29.938+0000] {dag.py:2573} INFO - Sync 1 DAGs
[2022-09-21T20:22:29.973+0000] {logging_mixin.py:117} INFO - [2022-09-21T20:22:29.973+0000] {dag.py:3328} INFO - Setting next_dagrun for example_xcom to 2021-01-01T00:00:00+00:00, run_after=2021-01-01T00:00:00+00:00
[2022-09-21T20:22:29.997+0000] {processor.py:178} INFO - Processing /home/airflow/.local/lib/python3.7/site-packages/airflow/example_dags/example_xcom.py took 0.140 seconds
[2022-09-21T20:23:00.184+0000] {processor.py:156} INFO - Started process (PID=357) to work on /home/airflow/.local/lib/python3.7/site-packages/airflow/example_dags/example_xcom.py
[2022-09-21T20:23:00.185+0000] {processor.py:758} INFO - Processing file /home/airflow/.local/lib/python3.7/site-packages/airflow/example_dags/example_xcom.py for tasks to queue
[2022-09-21T20:23:00.185+0000] {logging_mixin.py:117} INFO - [2022-09-21T20:23:00.185+0000] {dagbag.py:525} INFO - Filling up the DagBag from /home/airflow/.local/lib/python3.7/site-packages/airflow/example_dags/example_xcom.py
[2022-09-21T20:23:00.208+0000] {processor.py:768} INFO - DAG(s) dict_keys(['example_xcom']) retrieved from /home/airflow/.local/lib/python3.7/site-packages/airflow/example_dags/example_xcom.py
[2022-09-21T20:23:00.232+0000] {logging_mixin.py:117} INFO - [2022-09-21T20:23:00.232+0000] {dag.py:2573} INFO - Sync 1 DAGs
[2022-09-21T20:23:00.269+0000] {logging_mixin.py:117} INFO - [2022-09-21T20:23:00.269+0000] {dag.py:3328} INFO - Setting next_dagrun for example_xcom to 2021-01-01T00:00:00+00:00, run_after=2021-01-01T00:00:00+00:00
[2022-09-21T20:23:00.295+0000] {processor.py:178} INFO - Processing /home/airflow/.local/lib/python3.7/site-packages/airflow/example_dags/example_xcom.py took 0.113 seconds
[2022-09-21T20:23:30.817+0000] {processor.py:156} INFO - Started process (PID=421) to work on /home/airflow/.local/lib/python3.7/site-packages/airflow/example_dags/example_xcom.py
[2022-09-21T20:23:30.818+0000] {processor.py:758} INFO - Processing file /home/airflow/.local/lib/python3.7/site-packages/airflow/example_dags/example_xcom.py for tasks to queue
[2022-09-21T20:23:30.818+0000] {logging_mixin.py:117} INFO - [2022-09-21T20:23:30.818+0000] {dagbag.py:525} INFO - Filling up the DagBag from /home/airflow/.local/lib/python3.7/site-packages/airflow/example_dags/example_xcom.py
[2022-09-21T20:23:30.840+0000] {processor.py:768} INFO - DAG(s) dict_keys(['example_xcom']) retrieved from /home/airflow/.local/lib/python3.7/site-packages/airflow/example_dags/example_xcom.py
[2022-09-21T20:23:30.876+0000] {logging_mixin.py:117} INFO - [2022-09-21T20:23:30.876+0000] {dag.py:2573} INFO - Sync 1 DAGs
[2022-09-21T20:23:30.903+0000] {logging_mixin.py:117} INFO - [2022-09-21T20:23:30.903+0000] {dag.py:3328} INFO - Setting next_dagrun for example_xcom to 2021-01-01T00:00:00+00:00, run_after=2021-01-01T00:00:00+00:00
[2022-09-21T20:23:30.926+0000] {processor.py:178} INFO - Processing /home/airflow/.local/lib/python3.7/site-packages/airflow/example_dags/example_xcom.py took 0.111 seconds
[2022-09-21T20:24:01.066+0000] {processor.py:156} INFO - Started process (PID=476) to work on /home/airflow/.local/lib/python3.7/site-packages/airflow/example_dags/example_xcom.py
[2022-09-21T20:24:01.067+0000] {processor.py:758} INFO - Processing file /home/airflow/.local/lib/python3.7/site-packages/airflow/example_dags/example_xcom.py for tasks to queue
[2022-09-21T20:24:01.068+0000] {logging_mixin.py:117} INFO - [2022-09-21T20:24:01.068+0000] {dagbag.py:525} INFO - Filling up the DagBag from /home/airflow/.local/lib/python3.7/site-packages/airflow/example_dags/example_xcom.py
[2022-09-21T20:24:01.092+0000] {processor.py:768} INFO - DAG(s) dict_keys(['example_xcom']) retrieved from /home/airflow/.local/lib/python3.7/site-packages/airflow/example_dags/example_xcom.py
[2022-09-21T20:24:01.135+0000] {logging_mixin.py:117} INFO - [2022-09-21T20:24:01.135+0000] {dag.py:2573} INFO - Sync 1 DAGs
[2022-09-21T20:24:01.165+0000] {logging_mixin.py:117} INFO - [2022-09-21T20:24:01.165+0000] {dag.py:3328} INFO - Setting next_dagrun for example_xcom to 2021-01-01T00:00:00+00:00, run_after=2021-01-01T00:00:00+00:00
[2022-09-21T20:24:01.185+0000] {processor.py:178} INFO - Processing /home/airflow/.local/lib/python3.7/site-packages/airflow/example_dags/example_xcom.py took 0.121 seconds
[2022-09-21T20:24:31.671+0000] {processor.py:156} INFO - Started process (PID=540) to work on /home/airflow/.local/lib/python3.7/site-packages/airflow/example_dags/example_xcom.py
[2022-09-21T20:24:31.672+0000] {processor.py:758} INFO - Processing file /home/airflow/.local/lib/python3.7/site-packages/airflow/example_dags/example_xcom.py for tasks to queue
[2022-09-21T20:24:31.673+0000] {logging_mixin.py:117} INFO - [2022-09-21T20:24:31.672+0000] {dagbag.py:525} INFO - Filling up the DagBag from /home/airflow/.local/lib/python3.7/site-packages/airflow/example_dags/example_xcom.py
[2022-09-21T20:24:31.697+0000] {processor.py:768} INFO - DAG(s) dict_keys(['example_xcom']) retrieved from /home/airflow/.local/lib/python3.7/site-packages/airflow/example_dags/example_xcom.py
[2022-09-21T20:24:31.740+0000] {logging_mixin.py:117} INFO - [2022-09-21T20:24:31.740+0000] {dag.py:2573} INFO - Sync 1 DAGs
[2022-09-21T20:24:31.765+0000] {logging_mixin.py:117} INFO - [2022-09-21T20:24:31.765+0000] {dag.py:3328} INFO - Setting next_dagrun for example_xcom to 2021-01-01T00:00:00+00:00, run_after=2021-01-01T00:00:00+00:00
[2022-09-21T20:24:31.784+0000] {processor.py:178} INFO - Processing /home/airflow/.local/lib/python3.7/site-packages/airflow/example_dags/example_xcom.py took 0.115 seconds
[2022-09-21T20:25:01.974+0000] {processor.py:156} INFO - Started process (PID=595) to work on /home/airflow/.local/lib/python3.7/site-packages/airflow/example_dags/example_xcom.py
[2022-09-21T20:25:01.975+0000] {processor.py:758} INFO - Processing file /home/airflow/.local/lib/python3.7/site-packages/airflow/example_dags/example_xcom.py for tasks to queue
[2022-09-21T20:25:01.975+0000] {logging_mixin.py:117} INFO - [2022-09-21T20:25:01.975+0000] {dagbag.py:525} INFO - Filling up the DagBag from /home/airflow/.local/lib/python3.7/site-packages/airflow/example_dags/example_xcom.py
[2022-09-21T20:25:01.999+0000] {processor.py:768} INFO - DAG(s) dict_keys(['example_xcom']) retrieved from /home/airflow/.local/lib/python3.7/site-packages/airflow/example_dags/example_xcom.py
[2022-09-21T20:25:02.024+0000] {logging_mixin.py:117} INFO - [2022-09-21T20:25:02.024+0000] {dag.py:2573} INFO - Sync 1 DAGs
[2022-09-21T20:25:02.065+0000] {logging_mixin.py:117} INFO - [2022-09-21T20:25:02.065+0000] {dag.py:3328} INFO - Setting next_dagrun for example_xcom to 2021-01-01T00:00:00+00:00, run_after=2021-01-01T00:00:00+00:00
[2022-09-21T20:25:02.093+0000] {processor.py:178} INFO - Processing /home/airflow/.local/lib/python3.7/site-packages/airflow/example_dags/example_xcom.py took 0.121 seconds
[2022-09-21T20:25:32.385+0000] {processor.py:156} INFO - Started process (PID=659) to work on /home/airflow/.local/lib/python3.7/site-packages/airflow/example_dags/example_xcom.py
[2022-09-21T20:25:32.386+0000] {processor.py:758} INFO - Processing file /home/airflow/.local/lib/python3.7/site-packages/airflow/example_dags/example_xcom.py for tasks to queue
[2022-09-21T20:25:32.386+0000] {logging_mixin.py:117} INFO - [2022-09-21T20:25:32.386+0000] {dagbag.py:525} INFO - Filling up the DagBag from /home/airflow/.local/lib/python3.7/site-packages/airflow/example_dags/example_xcom.py
[2022-09-21T20:25:32.409+0000] {processor.py:768} INFO - DAG(s) dict_keys(['example_xcom']) retrieved from /home/airflow/.local/lib/python3.7/site-packages/airflow/example_dags/example_xcom.py
[2022-09-21T20:25:32.446+0000] {logging_mixin.py:117} INFO - [2022-09-21T20:25:32.446+0000] {dag.py:2573} INFO - Sync 1 DAGs
[2022-09-21T20:25:32.478+0000] {logging_mixin.py:117} INFO - [2022-09-21T20:25:32.478+0000] {dag.py:3328} INFO - Setting next_dagrun for example_xcom to 2021-01-01T00:00:00+00:00, run_after=2021-01-01T00:00:00+00:00
[2022-09-21T20:25:32.504+0000] {processor.py:178} INFO - Processing /home/airflow/.local/lib/python3.7/site-packages/airflow/example_dags/example_xcom.py took 0.122 seconds
[2022-09-21T20:26:02.665+0000] {processor.py:156} INFO - Started process (PID=716) to work on /home/airflow/.local/lib/python3.7/site-packages/airflow/example_dags/example_xcom.py
[2022-09-21T20:26:02.666+0000] {processor.py:758} INFO - Processing file /home/airflow/.local/lib/python3.7/site-packages/airflow/example_dags/example_xcom.py for tasks to queue
[2022-09-21T20:26:02.666+0000] {logging_mixin.py:117} INFO - [2022-09-21T20:26:02.666+0000] {dagbag.py:525} INFO - Filling up the DagBag from /home/airflow/.local/lib/python3.7/site-packages/airflow/example_dags/example_xcom.py
[2022-09-21T20:26:02.703+0000] {processor.py:768} INFO - DAG(s) dict_keys(['example_xcom']) retrieved from /home/airflow/.local/lib/python3.7/site-packages/airflow/example_dags/example_xcom.py
[2022-09-21T20:26:02.765+0000] {logging_mixin.py:117} INFO - [2022-09-21T20:26:02.764+0000] {dag.py:2573} INFO - Sync 1 DAGs
[2022-09-21T20:26:02.811+0000] {logging_mixin.py:117} INFO - [2022-09-21T20:26:02.811+0000] {dag.py:3328} INFO - Setting next_dagrun for example_xcom to 2021-01-01T00:00:00+00:00, run_after=2021-01-01T00:00:00+00:00
[2022-09-21T20:26:02.847+0000] {processor.py:178} INFO - Processing /home/airflow/.local/lib/python3.7/site-packages/airflow/example_dags/example_xcom.py took 0.186 seconds
[2022-09-21T20:26:33.284+0000] {processor.py:156} INFO - Started process (PID=777) to work on /home/airflow/.local/lib/python3.7/site-packages/airflow/example_dags/example_xcom.py
[2022-09-21T20:26:33.285+0000] {processor.py:758} INFO - Processing file /home/airflow/.local/lib/python3.7/site-packages/airflow/example_dags/example_xcom.py for tasks to queue
[2022-09-21T20:26:33.285+0000] {logging_mixin.py:117} INFO - [2022-09-21T20:26:33.285+0000] {dagbag.py:525} INFO - Filling up the DagBag from /home/airflow/.local/lib/python3.7/site-packages/airflow/example_dags/example_xcom.py
[2022-09-21T20:26:33.309+0000] {processor.py:768} INFO - DAG(s) dict_keys(['example_xcom']) retrieved from /home/airflow/.local/lib/python3.7/site-packages/airflow/example_dags/example_xcom.py
[2022-09-21T20:26:33.352+0000] {logging_mixin.py:117} INFO - [2022-09-21T20:26:33.352+0000] {dag.py:2573} INFO - Sync 1 DAGs
[2022-09-21T20:26:33.377+0000] {logging_mixin.py:117} INFO - [2022-09-21T20:26:33.377+0000] {dag.py:3328} INFO - Setting next_dagrun for example_xcom to 2021-01-01T00:00:00+00:00, run_after=2021-01-01T00:00:00+00:00
[2022-09-21T20:26:33.397+0000] {processor.py:178} INFO - Processing /home/airflow/.local/lib/python3.7/site-packages/airflow/example_dags/example_xcom.py took 0.116 seconds
[2022-09-21T20:27:04.042+0000] {processor.py:156} INFO - Started process (PID=841) to work on /home/airflow/.local/lib/python3.7/site-packages/airflow/example_dags/example_xcom.py
[2022-09-21T20:27:04.043+0000] {processor.py:758} INFO - Processing file /home/airflow/.local/lib/python3.7/site-packages/airflow/example_dags/example_xcom.py for tasks to queue
[2022-09-21T20:27:04.043+0000] {logging_mixin.py:117} INFO - [2022-09-21T20:27:04.043+0000] {dagbag.py:525} INFO - Filling up the DagBag from /home/airflow/.local/lib/python3.7/site-packages/airflow/example_dags/example_xcom.py
[2022-09-21T20:27:04.066+0000] {processor.py:768} INFO - DAG(s) dict_keys(['example_xcom']) retrieved from /home/airflow/.local/lib/python3.7/site-packages/airflow/example_dags/example_xcom.py
[2022-09-21T20:27:04.114+0000] {logging_mixin.py:117} INFO - [2022-09-21T20:27:04.114+0000] {dag.py:2573} INFO - Sync 1 DAGs
[2022-09-21T20:27:04.150+0000] {logging_mixin.py:117} INFO - [2022-09-21T20:27:04.150+0000] {dag.py:3328} INFO - Setting next_dagrun for example_xcom to 2021-01-01T00:00:00+00:00, run_after=2021-01-01T00:00:00+00:00
[2022-09-21T20:27:04.176+0000] {processor.py:178} INFO - Processing /home/airflow/.local/lib/python3.7/site-packages/airflow/example_dags/example_xcom.py took 0.136 seconds
[2022-09-21T20:27:34.374+0000] {processor.py:156} INFO - Started process (PID=903) to work on /home/airflow/.local/lib/python3.7/site-packages/airflow/example_dags/example_xcom.py
[2022-09-21T20:27:34.375+0000] {processor.py:758} INFO - Processing file /home/airflow/.local/lib/python3.7/site-packages/airflow/example_dags/example_xcom.py for tasks to queue
[2022-09-21T20:27:34.376+0000] {logging_mixin.py:117} INFO - [2022-09-21T20:27:34.376+0000] {dagbag.py:525} INFO - Filling up the DagBag from /home/airflow/.local/lib/python3.7/site-packages/airflow/example_dags/example_xcom.py
[2022-09-21T20:27:34.416+0000] {processor.py:768} INFO - DAG(s) dict_keys(['example_xcom']) retrieved from /home/airflow/.local/lib/python3.7/site-packages/airflow/example_dags/example_xcom.py
[2022-09-21T20:27:34.474+0000] {logging_mixin.py:117} INFO - [2022-09-21T20:27:34.474+0000] {dag.py:2573} INFO - Sync 1 DAGs
[2022-09-21T20:27:34.511+0000] {logging_mixin.py:117} INFO - [2022-09-21T20:27:34.511+0000] {dag.py:3328} INFO - Setting next_dagrun for example_xcom to 2021-01-01T00:00:00+00:00, run_after=2021-01-01T00:00:00+00:00
[2022-09-21T20:27:34.545+0000] {processor.py:178} INFO - Processing /home/airflow/.local/lib/python3.7/site-packages/airflow/example_dags/example_xcom.py took 0.175 seconds
[2022-09-21T20:28:04.985+0000] {processor.py:156} INFO - Started process (PID=960) to work on /home/airflow/.local/lib/python3.7/site-packages/airflow/example_dags/example_xcom.py
[2022-09-21T20:28:04.986+0000] {processor.py:758} INFO - Processing file /home/airflow/.local/lib/python3.7/site-packages/airflow/example_dags/example_xcom.py for tasks to queue
[2022-09-21T20:28:04.986+0000] {logging_mixin.py:117} INFO - [2022-09-21T20:28:04.986+0000] {dagbag.py:525} INFO - Filling up the DagBag from /home/airflow/.local/lib/python3.7/site-packages/airflow/example_dags/example_xcom.py
[2022-09-21T20:28:05.022+0000] {processor.py:768} INFO - DAG(s) dict_keys(['example_xcom']) retrieved from /home/airflow/.local/lib/python3.7/site-packages/airflow/example_dags/example_xcom.py
[2022-09-21T20:28:05.076+0000] {logging_mixin.py:117} INFO - [2022-09-21T20:28:05.075+0000] {dag.py:2573} INFO - Sync 1 DAGs
[2022-09-21T20:28:05.114+0000] {logging_mixin.py:117} INFO - [2022-09-21T20:28:05.114+0000] {dag.py:3328} INFO - Setting next_dagrun for example_xcom to 2021-01-01T00:00:00+00:00, run_after=2021-01-01T00:00:00+00:00
[2022-09-21T20:28:05.161+0000] {processor.py:178} INFO - Processing /home/airflow/.local/lib/python3.7/site-packages/airflow/example_dags/example_xcom.py took 0.179 seconds
[2022-09-21T20:28:35.686+0000] {processor.py:156} INFO - Started process (PID=1023) to work on /home/airflow/.local/lib/python3.7/site-packages/airflow/example_dags/example_xcom.py
[2022-09-21T20:28:35.687+0000] {processor.py:758} INFO - Processing file /home/airflow/.local/lib/python3.7/site-packages/airflow/example_dags/example_xcom.py for tasks to queue
[2022-09-21T20:28:35.688+0000] {logging_mixin.py:117} INFO - [2022-09-21T20:28:35.687+0000] {dagbag.py:525} INFO - Filling up the DagBag from /home/airflow/.local/lib/python3.7/site-packages/airflow/example_dags/example_xcom.py
[2022-09-21T20:28:35.725+0000] {processor.py:768} INFO - DAG(s) dict_keys(['example_xcom']) retrieved from /home/airflow/.local/lib/python3.7/site-packages/airflow/example_dags/example_xcom.py
[2022-09-21T20:28:35.780+0000] {logging_mixin.py:117} INFO - [2022-09-21T20:28:35.780+0000] {dag.py:2573} INFO - Sync 1 DAGs
[2022-09-21T20:28:35.822+0000] {logging_mixin.py:117} INFO - [2022-09-21T20:28:35.822+0000] {dag.py:3328} INFO - Setting next_dagrun for example_xcom to 2021-01-01T00:00:00+00:00, run_after=2021-01-01T00:00:00+00:00
[2022-09-21T20:28:35.870+0000] {processor.py:178} INFO - Processing /home/airflow/.local/lib/python3.7/site-packages/airflow/example_dags/example_xcom.py took 0.190 seconds
[2022-09-21T20:29:06.725+0000] {processor.py:156} INFO - Started process (PID=1087) to work on /home/airflow/.local/lib/python3.7/site-packages/airflow/example_dags/example_xcom.py
[2022-09-21T20:29:06.726+0000] {processor.py:758} INFO - Processing file /home/airflow/.local/lib/python3.7/site-packages/airflow/example_dags/example_xcom.py for tasks to queue
[2022-09-21T20:29:06.727+0000] {logging_mixin.py:117} INFO - [2022-09-21T20:29:06.727+0000] {dagbag.py:525} INFO - Filling up the DagBag from /home/airflow/.local/lib/python3.7/site-packages/airflow/example_dags/example_xcom.py
[2022-09-21T20:29:06.764+0000] {processor.py:768} INFO - DAG(s) dict_keys(['example_xcom']) retrieved from /home/airflow/.local/lib/python3.7/site-packages/airflow/example_dags/example_xcom.py
[2022-09-21T20:29:06.823+0000] {logging_mixin.py:117} INFO - [2022-09-21T20:29:06.823+0000] {dag.py:2573} INFO - Sync 1 DAGs
[2022-09-21T20:29:06.865+0000] {logging_mixin.py:117} INFO - [2022-09-21T20:29:06.865+0000] {dag.py:3328} INFO - Setting next_dagrun for example_xcom to 2021-01-01T00:00:00+00:00, run_after=2021-01-01T00:00:00+00:00
[2022-09-21T20:29:06.897+0000] {processor.py:178} INFO - Processing /home/airflow/.local/lib/python3.7/site-packages/airflow/example_dags/example_xcom.py took 0.175 seconds
[2022-09-21T20:29:37.450+0000] {processor.py:156} INFO - Started process (PID=1142) to work on /home/airflow/.local/lib/python3.7/site-packages/airflow/example_dags/example_xcom.py
[2022-09-21T20:29:37.451+0000] {processor.py:758} INFO - Processing file /home/airflow/.local/lib/python3.7/site-packages/airflow/example_dags/example_xcom.py for tasks to queue
[2022-09-21T20:29:37.452+0000] {logging_mixin.py:117} INFO - [2022-09-21T20:29:37.452+0000] {dagbag.py:525} INFO - Filling up the DagBag from /home/airflow/.local/lib/python3.7/site-packages/airflow/example_dags/example_xcom.py
[2022-09-21T20:29:37.502+0000] {processor.py:768} INFO - DAG(s) dict_keys(['example_xcom']) retrieved from /home/airflow/.local/lib/python3.7/site-packages/airflow/example_dags/example_xcom.py
[2022-09-21T20:29:37.591+0000] {logging_mixin.py:117} INFO - [2022-09-21T20:29:37.591+0000] {dag.py:2573} INFO - Sync 1 DAGs
[2022-09-21T20:29:37.653+0000] {logging_mixin.py:117} INFO - [2022-09-21T20:29:37.652+0000] {dag.py:3328} INFO - Setting next_dagrun for example_xcom to 2021-01-01T00:00:00+00:00, run_after=2021-01-01T00:00:00+00:00
[2022-09-21T20:29:37.692+0000] {processor.py:178} INFO - Processing /home/airflow/.local/lib/python3.7/site-packages/airflow/example_dags/example_xcom.py took 0.249 seconds
[2022-09-21T20:30:08.221+0000] {processor.py:156} INFO - Started process (PID=1205) to work on /home/airflow/.local/lib/python3.7/site-packages/airflow/example_dags/example_xcom.py
[2022-09-21T20:30:08.234+0000] {processor.py:758} INFO - Processing file /home/airflow/.local/lib/python3.7/site-packages/airflow/example_dags/example_xcom.py for tasks to queue
[2022-09-21T20:30:08.240+0000] {logging_mixin.py:117} INFO - [2022-09-21T20:30:08.236+0000] {dagbag.py:525} INFO - Filling up the DagBag from /home/airflow/.local/lib/python3.7/site-packages/airflow/example_dags/example_xcom.py
[2022-09-21T20:30:08.498+0000] {processor.py:768} INFO - DAG(s) dict_keys(['example_xcom']) retrieved from /home/airflow/.local/lib/python3.7/site-packages/airflow/example_dags/example_xcom.py
[2022-09-21T20:30:08.706+0000] {logging_mixin.py:117} INFO - [2022-09-21T20:30:08.706+0000] {dag.py:2573} INFO - Sync 1 DAGs
[2022-09-21T20:30:08.842+0000] {logging_mixin.py:117} INFO - [2022-09-21T20:30:08.842+0000] {dag.py:3328} INFO - Setting next_dagrun for example_xcom to 2021-01-01T00:00:00+00:00, run_after=2021-01-01T00:00:00+00:00
[2022-09-21T20:30:08.899+0000] {processor.py:178} INFO - Processing /home/airflow/.local/lib/python3.7/site-packages/airflow/example_dags/example_xcom.py took 0.689 seconds
[2022-09-21T20:30:39.017+0000] {processor.py:156} INFO - Started process (PID=1253) to work on /home/airflow/.local/lib/python3.7/site-packages/airflow/example_dags/example_xcom.py
[2022-09-21T20:30:39.017+0000] {processor.py:758} INFO - Processing file /home/airflow/.local/lib/python3.7/site-packages/airflow/example_dags/example_xcom.py for tasks to queue
[2022-09-21T20:30:39.018+0000] {logging_mixin.py:117} INFO - [2022-09-21T20:30:39.018+0000] {dagbag.py:525} INFO - Filling up the DagBag from /home/airflow/.local/lib/python3.7/site-packages/airflow/example_dags/example_xcom.py
[2022-09-21T20:30:39.046+0000] {processor.py:768} INFO - DAG(s) dict_keys(['example_xcom']) retrieved from /home/airflow/.local/lib/python3.7/site-packages/airflow/example_dags/example_xcom.py
[2022-09-21T20:30:39.092+0000] {logging_mixin.py:117} INFO - [2022-09-21T20:30:39.091+0000] {dag.py:2573} INFO - Sync 1 DAGs
[2022-09-21T20:30:39.125+0000] {logging_mixin.py:117} INFO - [2022-09-21T20:30:39.124+0000] {dag.py:3328} INFO - Setting next_dagrun for example_xcom to 2021-01-01T00:00:00+00:00, run_after=2021-01-01T00:00:00+00:00
[2022-09-21T20:30:39.148+0000] {processor.py:178} INFO - Processing /home/airflow/.local/lib/python3.7/site-packages/airflow/example_dags/example_xcom.py took 0.135 seconds
[2022-09-21T20:31:09.545+0000] {processor.py:156} INFO - Started process (PID=1318) to work on /home/airflow/.local/lib/python3.7/site-packages/airflow/example_dags/example_xcom.py
[2022-09-21T20:31:09.546+0000] {processor.py:758} INFO - Processing file /home/airflow/.local/lib/python3.7/site-packages/airflow/example_dags/example_xcom.py for tasks to queue
[2022-09-21T20:31:09.547+0000] {logging_mixin.py:117} INFO - [2022-09-21T20:31:09.546+0000] {dagbag.py:525} INFO - Filling up the DagBag from /home/airflow/.local/lib/python3.7/site-packages/airflow/example_dags/example_xcom.py
[2022-09-21T20:31:09.573+0000] {processor.py:768} INFO - DAG(s) dict_keys(['example_xcom']) retrieved from /home/airflow/.local/lib/python3.7/site-packages/airflow/example_dags/example_xcom.py
[2022-09-21T20:31:09.617+0000] {logging_mixin.py:117} INFO - [2022-09-21T20:31:09.617+0000] {dag.py:2573} INFO - Sync 1 DAGs
[2022-09-21T20:31:09.644+0000] {logging_mixin.py:117} INFO - [2022-09-21T20:31:09.644+0000] {dag.py:3328} INFO - Setting next_dagrun for example_xcom to 2021-01-01T00:00:00+00:00, run_after=2021-01-01T00:00:00+00:00
[2022-09-21T20:31:09.666+0000] {processor.py:178} INFO - Processing /home/airflow/.local/lib/python3.7/site-packages/airflow/example_dags/example_xcom.py took 0.124 seconds
[2022-09-21T20:31:40.305+0000] {processor.py:156} INFO - Started process (PID=1382) to work on /home/airflow/.local/lib/python3.7/site-packages/airflow/example_dags/example_xcom.py
[2022-09-21T20:31:40.306+0000] {processor.py:758} INFO - Processing file /home/airflow/.local/lib/python3.7/site-packages/airflow/example_dags/example_xcom.py for tasks to queue
[2022-09-21T20:31:40.307+0000] {logging_mixin.py:117} INFO - [2022-09-21T20:31:40.307+0000] {dagbag.py:525} INFO - Filling up the DagBag from /home/airflow/.local/lib/python3.7/site-packages/airflow/example_dags/example_xcom.py
[2022-09-21T20:31:40.336+0000] {processor.py:768} INFO - DAG(s) dict_keys(['example_xcom']) retrieved from /home/airflow/.local/lib/python3.7/site-packages/airflow/example_dags/example_xcom.py
[2022-09-21T20:31:40.398+0000] {logging_mixin.py:117} INFO - [2022-09-21T20:31:40.397+0000] {dag.py:2573} INFO - Sync 1 DAGs
[2022-09-21T20:31:40.438+0000] {logging_mixin.py:117} INFO - [2022-09-21T20:31:40.438+0000] {dag.py:3328} INFO - Setting next_dagrun for example_xcom to 2021-01-01T00:00:00+00:00, run_after=2021-01-01T00:00:00+00:00
[2022-09-21T20:31:40.463+0000] {processor.py:178} INFO - Processing /home/airflow/.local/lib/python3.7/site-packages/airflow/example_dags/example_xcom.py took 0.160 seconds
[2022-09-21T20:32:10.766+0000] {processor.py:156} INFO - Started process (PID=1437) to work on /home/airflow/.local/lib/python3.7/site-packages/airflow/example_dags/example_xcom.py
[2022-09-21T20:32:10.767+0000] {processor.py:758} INFO - Processing file /home/airflow/.local/lib/python3.7/site-packages/airflow/example_dags/example_xcom.py for tasks to queue
[2022-09-21T20:32:10.769+0000] {logging_mixin.py:117} INFO - [2022-09-21T20:32:10.768+0000] {dagbag.py:525} INFO - Filling up the DagBag from /home/airflow/.local/lib/python3.7/site-packages/airflow/example_dags/example_xcom.py
[2022-09-21T20:32:10.803+0000] {processor.py:768} INFO - DAG(s) dict_keys(['example_xcom']) retrieved from /home/airflow/.local/lib/python3.7/site-packages/airflow/example_dags/example_xcom.py
[2022-09-21T20:32:10.865+0000] {logging_mixin.py:117} INFO - [2022-09-21T20:32:10.865+0000] {dag.py:2573} INFO - Sync 1 DAGs
[2022-09-21T20:32:10.902+0000] {logging_mixin.py:117} INFO - [2022-09-21T20:32:10.902+0000] {dag.py:3328} INFO - Setting next_dagrun for example_xcom to 2021-01-01T00:00:00+00:00, run_after=2021-01-01T00:00:00+00:00
[2022-09-21T20:32:10.925+0000] {processor.py:178} INFO - Processing /home/airflow/.local/lib/python3.7/site-packages/airflow/example_dags/example_xcom.py took 0.164 seconds
[2022-09-21T20:32:41.297+0000] {processor.py:156} INFO - Started process (PID=1502) to work on /home/airflow/.local/lib/python3.7/site-packages/airflow/example_dags/example_xcom.py
[2022-09-21T20:32:41.298+0000] {processor.py:758} INFO - Processing file /home/airflow/.local/lib/python3.7/site-packages/airflow/example_dags/example_xcom.py for tasks to queue
[2022-09-21T20:32:41.299+0000] {logging_mixin.py:117} INFO - [2022-09-21T20:32:41.299+0000] {dagbag.py:525} INFO - Filling up the DagBag from /home/airflow/.local/lib/python3.7/site-packages/airflow/example_dags/example_xcom.py
[2022-09-21T20:32:41.337+0000] {processor.py:768} INFO - DAG(s) dict_keys(['example_xcom']) retrieved from /home/airflow/.local/lib/python3.7/site-packages/airflow/example_dags/example_xcom.py
[2022-09-21T20:32:41.401+0000] {logging_mixin.py:117} INFO - [2022-09-21T20:32:41.400+0000] {dag.py:2573} INFO - Sync 1 DAGs
[2022-09-21T20:32:41.459+0000] {logging_mixin.py:117} INFO - [2022-09-21T20:32:41.459+0000] {dag.py:3328} INFO - Setting next_dagrun for example_xcom to 2021-01-01T00:00:00+00:00, run_after=2021-01-01T00:00:00+00:00
[2022-09-21T20:32:41.493+0000] {processor.py:178} INFO - Processing /home/airflow/.local/lib/python3.7/site-packages/airflow/example_dags/example_xcom.py took 0.199 seconds
[2022-09-21T20:33:12.201+0000] {processor.py:156} INFO - Started process (PID=1556) to work on /home/airflow/.local/lib/python3.7/site-packages/airflow/example_dags/example_xcom.py
[2022-09-21T20:33:12.204+0000] {processor.py:758} INFO - Processing file /home/airflow/.local/lib/python3.7/site-packages/airflow/example_dags/example_xcom.py for tasks to queue
[2022-09-21T20:33:12.206+0000] {logging_mixin.py:117} INFO - [2022-09-21T20:33:12.205+0000] {dagbag.py:525} INFO - Filling up the DagBag from /home/airflow/.local/lib/python3.7/site-packages/airflow/example_dags/example_xcom.py
[2022-09-21T20:33:12.294+0000] {processor.py:768} INFO - DAG(s) dict_keys(['example_xcom']) retrieved from /home/airflow/.local/lib/python3.7/site-packages/airflow/example_dags/example_xcom.py
[2022-09-21T20:33:12.448+0000] {logging_mixin.py:117} INFO - [2022-09-21T20:33:12.447+0000] {dag.py:2573} INFO - Sync 1 DAGs
[2022-09-21T20:33:12.652+0000] {logging_mixin.py:117} INFO - [2022-09-21T20:33:12.651+0000] {dag.py:3328} INFO - Setting next_dagrun for example_xcom to 2021-01-01T00:00:00+00:00, run_after=2021-01-01T00:00:00+00:00
[2022-09-21T20:33:12.763+0000] {processor.py:178} INFO - Processing /home/airflow/.local/lib/python3.7/site-packages/airflow/example_dags/example_xcom.py took 0.571 seconds
[2022-09-21T20:33:43.572+0000] {processor.py:156} INFO - Started process (PID=1610) to work on /home/airflow/.local/lib/python3.7/site-packages/airflow/example_dags/example_xcom.py
[2022-09-21T20:33:43.575+0000] {processor.py:758} INFO - Processing file /home/airflow/.local/lib/python3.7/site-packages/airflow/example_dags/example_xcom.py for tasks to queue
[2022-09-21T20:33:43.575+0000] {logging_mixin.py:117} INFO - [2022-09-21T20:33:43.575+0000] {dagbag.py:525} INFO - Filling up the DagBag from /home/airflow/.local/lib/python3.7/site-packages/airflow/example_dags/example_xcom.py
[2022-09-21T20:33:43.600+0000] {processor.py:768} INFO - DAG(s) dict_keys(['example_xcom']) retrieved from /home/airflow/.local/lib/python3.7/site-packages/airflow/example_dags/example_xcom.py
[2022-09-21T20:33:43.649+0000] {logging_mixin.py:117} INFO - [2022-09-21T20:33:43.649+0000] {dag.py:2573} INFO - Sync 1 DAGs
[2022-09-21T20:33:43.693+0000] {logging_mixin.py:117} INFO - [2022-09-21T20:33:43.692+0000] {dag.py:3328} INFO - Setting next_dagrun for example_xcom to 2021-01-01T00:00:00+00:00, run_after=2021-01-01T00:00:00+00:00
[2022-09-21T20:33:43.719+0000] {processor.py:178} INFO - Processing /home/airflow/.local/lib/python3.7/site-packages/airflow/example_dags/example_xcom.py took 0.152 seconds
[2022-09-21T20:34:13.756+0000] {processor.py:156} INFO - Started process (PID=1674) to work on /home/airflow/.local/lib/python3.7/site-packages/airflow/example_dags/example_xcom.py
[2022-09-21T20:34:13.757+0000] {processor.py:758} INFO - Processing file /home/airflow/.local/lib/python3.7/site-packages/airflow/example_dags/example_xcom.py for tasks to queue
[2022-09-21T20:34:13.757+0000] {logging_mixin.py:117} INFO - [2022-09-21T20:34:13.757+0000] {dagbag.py:525} INFO - Filling up the DagBag from /home/airflow/.local/lib/python3.7/site-packages/airflow/example_dags/example_xcom.py
[2022-09-21T20:34:13.788+0000] {processor.py:768} INFO - DAG(s) dict_keys(['example_xcom']) retrieved from /home/airflow/.local/lib/python3.7/site-packages/airflow/example_dags/example_xcom.py
[2022-09-21T20:34:13.840+0000] {logging_mixin.py:117} INFO - [2022-09-21T20:34:13.839+0000] {dag.py:2573} INFO - Sync 1 DAGs
[2022-09-21T20:34:13.875+0000] {logging_mixin.py:117} INFO - [2022-09-21T20:34:13.875+0000] {dag.py:3328} INFO - Setting next_dagrun for example_xcom to 2021-01-01T00:00:00+00:00, run_after=2021-01-01T00:00:00+00:00
[2022-09-21T20:34:13.899+0000] {processor.py:178} INFO - Processing /home/airflow/.local/lib/python3.7/site-packages/airflow/example_dags/example_xcom.py took 0.149 seconds
[2022-09-21T20:34:44.280+0000] {processor.py:156} INFO - Started process (PID=1728) to work on /home/airflow/.local/lib/python3.7/site-packages/airflow/example_dags/example_xcom.py
[2022-09-21T20:34:44.280+0000] {processor.py:758} INFO - Processing file /home/airflow/.local/lib/python3.7/site-packages/airflow/example_dags/example_xcom.py for tasks to queue
[2022-09-21T20:34:44.281+0000] {logging_mixin.py:117} INFO - [2022-09-21T20:34:44.281+0000] {dagbag.py:525} INFO - Filling up the DagBag from /home/airflow/.local/lib/python3.7/site-packages/airflow/example_dags/example_xcom.py
[2022-09-21T20:34:44.312+0000] {processor.py:768} INFO - DAG(s) dict_keys(['example_xcom']) retrieved from /home/airflow/.local/lib/python3.7/site-packages/airflow/example_dags/example_xcom.py
[2022-09-21T20:34:44.361+0000] {logging_mixin.py:117} INFO - [2022-09-21T20:34:44.360+0000] {dag.py:2573} INFO - Sync 1 DAGs
[2022-09-21T20:34:44.400+0000] {logging_mixin.py:117} INFO - [2022-09-21T20:34:44.399+0000] {dag.py:3328} INFO - Setting next_dagrun for example_xcom to 2021-01-01T00:00:00+00:00, run_after=2021-01-01T00:00:00+00:00
[2022-09-21T20:34:44.426+0000] {processor.py:178} INFO - Processing /home/airflow/.local/lib/python3.7/site-packages/airflow/example_dags/example_xcom.py took 0.150 seconds
[2022-09-21T20:35:15.407+0000] {processor.py:156} INFO - Started process (PID=1793) to work on /home/airflow/.local/lib/python3.7/site-packages/airflow/example_dags/example_xcom.py
[2022-09-21T20:35:15.407+0000] {processor.py:758} INFO - Processing file /home/airflow/.local/lib/python3.7/site-packages/airflow/example_dags/example_xcom.py for tasks to queue
[2022-09-21T20:35:15.409+0000] {logging_mixin.py:117} INFO - [2022-09-21T20:35:15.409+0000] {dagbag.py:525} INFO - Filling up the DagBag from /home/airflow/.local/lib/python3.7/site-packages/airflow/example_dags/example_xcom.py
[2022-09-21T20:35:15.442+0000] {processor.py:768} INFO - DAG(s) dict_keys(['example_xcom']) retrieved from /home/airflow/.local/lib/python3.7/site-packages/airflow/example_dags/example_xcom.py
[2022-09-21T20:35:15.504+0000] {logging_mixin.py:117} INFO - [2022-09-21T20:35:15.504+0000] {dag.py:2573} INFO - Sync 1 DAGs
[2022-09-21T20:35:15.541+0000] {logging_mixin.py:117} INFO - [2022-09-21T20:35:15.541+0000] {dag.py:3328} INFO - Setting next_dagrun for example_xcom to 2021-01-01T00:00:00+00:00, run_after=2021-01-01T00:00:00+00:00
[2022-09-21T20:35:15.570+0000] {processor.py:178} INFO - Processing /home/airflow/.local/lib/python3.7/site-packages/airflow/example_dags/example_xcom.py took 0.167 seconds
