[2022-09-21T20:20:29.384+0000] {processor.py:156} INFO - Started process (PID=76) to work on /home/airflow/.local/lib/python3.7/site-packages/airflow/example_dags/example_kubernetes_executor.py
[2022-09-21T20:20:29.397+0000] {processor.py:758} INFO - Processing file /home/airflow/.local/lib/python3.7/site-packages/airflow/example_dags/example_kubernetes_executor.py for tasks to queue
[2022-09-21T20:20:29.398+0000] {logging_mixin.py:117} INFO - [2022-09-21T20:20:29.398+0000] {dagbag.py:525} INFO - Filling up the DagBag from /home/airflow/.local/lib/python3.7/site-packages/airflow/example_dags/example_kubernetes_executor.py
[2022-09-21T20:20:29.506+0000] {processor.py:768} INFO - DAG(s) dict_keys(['example_kubernetes_executor']) retrieved from /home/airflow/.local/lib/python3.7/site-packages/airflow/example_dags/example_kubernetes_executor.py
[2022-09-21T20:20:30.161+0000] {logging_mixin.py:117} INFO - [2022-09-21T20:20:30.161+0000] {dag.py:2573} INFO - Sync 1 DAGs
[2022-09-21T20:20:30.263+0000] {logging_mixin.py:117} INFO - [2022-09-21T20:20:30.263+0000] {dag.py:3328} INFO - Setting next_dagrun for example_kubernetes_executor to None, run_after=None
[2022-09-21T20:20:30.333+0000] {processor.py:178} INFO - Processing /home/airflow/.local/lib/python3.7/site-packages/airflow/example_dags/example_kubernetes_executor.py took 0.952 seconds
[2022-09-21T20:21:02.570+0000] {processor.py:156} INFO - Started process (PID=140) to work on /home/airflow/.local/lib/python3.7/site-packages/airflow/example_dags/example_kubernetes_executor.py
[2022-09-21T20:21:02.577+0000] {processor.py:758} INFO - Processing file /home/airflow/.local/lib/python3.7/site-packages/airflow/example_dags/example_kubernetes_executor.py for tasks to queue
[2022-09-21T20:21:02.578+0000] {logging_mixin.py:117} INFO - [2022-09-21T20:21:02.577+0000] {dagbag.py:525} INFO - Filling up the DagBag from /home/airflow/.local/lib/python3.7/site-packages/airflow/example_dags/example_kubernetes_executor.py
[2022-09-21T20:21:03.008+0000] {processor.py:768} INFO - DAG(s) dict_keys(['example_kubernetes_executor']) retrieved from /home/airflow/.local/lib/python3.7/site-packages/airflow/example_dags/example_kubernetes_executor.py
[2022-09-21T20:21:03.129+0000] {logging_mixin.py:117} INFO - [2022-09-21T20:21:03.129+0000] {dag.py:2573} INFO - Sync 1 DAGs
[2022-09-21T20:21:03.251+0000] {logging_mixin.py:117} INFO - [2022-09-21T20:21:03.251+0000] {dag.py:3328} INFO - Setting next_dagrun for example_kubernetes_executor to None, run_after=None
[2022-09-21T20:21:03.338+0000] {processor.py:178} INFO - Processing /home/airflow/.local/lib/python3.7/site-packages/airflow/example_dags/example_kubernetes_executor.py took 0.797 seconds
[2022-09-21T20:21:33.719+0000] {processor.py:156} INFO - Started process (PID=196) to work on /home/airflow/.local/lib/python3.7/site-packages/airflow/example_dags/example_kubernetes_executor.py
[2022-09-21T20:21:33.720+0000] {processor.py:758} INFO - Processing file /home/airflow/.local/lib/python3.7/site-packages/airflow/example_dags/example_kubernetes_executor.py for tasks to queue
[2022-09-21T20:21:33.721+0000] {logging_mixin.py:117} INFO - [2022-09-21T20:21:33.721+0000] {dagbag.py:525} INFO - Filling up the DagBag from /home/airflow/.local/lib/python3.7/site-packages/airflow/example_dags/example_kubernetes_executor.py
[2022-09-21T20:21:33.927+0000] {processor.py:768} INFO - DAG(s) dict_keys(['example_kubernetes_executor']) retrieved from /home/airflow/.local/lib/python3.7/site-packages/airflow/example_dags/example_kubernetes_executor.py
[2022-09-21T20:21:33.983+0000] {logging_mixin.py:117} INFO - [2022-09-21T20:21:33.982+0000] {dag.py:2573} INFO - Sync 1 DAGs
[2022-09-21T20:21:34.031+0000] {logging_mixin.py:117} INFO - [2022-09-21T20:21:34.031+0000] {dag.py:3328} INFO - Setting next_dagrun for example_kubernetes_executor to None, run_after=None
[2022-09-21T20:21:34.062+0000] {processor.py:178} INFO - Processing /home/airflow/.local/lib/python3.7/site-packages/airflow/example_dags/example_kubernetes_executor.py took 0.348 seconds
[2022-09-21T20:22:04.416+0000] {processor.py:156} INFO - Started process (PID=250) to work on /home/airflow/.local/lib/python3.7/site-packages/airflow/example_dags/example_kubernetes_executor.py
[2022-09-21T20:22:04.416+0000] {processor.py:758} INFO - Processing file /home/airflow/.local/lib/python3.7/site-packages/airflow/example_dags/example_kubernetes_executor.py for tasks to queue
[2022-09-21T20:22:04.417+0000] {logging_mixin.py:117} INFO - [2022-09-21T20:22:04.417+0000] {dagbag.py:525} INFO - Filling up the DagBag from /home/airflow/.local/lib/python3.7/site-packages/airflow/example_dags/example_kubernetes_executor.py
[2022-09-21T20:22:04.447+0000] {processor.py:768} INFO - DAG(s) dict_keys(['example_kubernetes_executor']) retrieved from /home/airflow/.local/lib/python3.7/site-packages/airflow/example_dags/example_kubernetes_executor.py
[2022-09-21T20:22:04.470+0000] {logging_mixin.py:117} INFO - [2022-09-21T20:22:04.470+0000] {dag.py:2573} INFO - Sync 1 DAGs
[2022-09-21T20:22:04.497+0000] {logging_mixin.py:117} INFO - [2022-09-21T20:22:04.497+0000] {dag.py:3328} INFO - Setting next_dagrun for example_kubernetes_executor to None, run_after=None
[2022-09-21T20:22:04.516+0000] {processor.py:178} INFO - Processing /home/airflow/.local/lib/python3.7/site-packages/airflow/example_dags/example_kubernetes_executor.py took 0.103 seconds
[2022-09-21T20:22:35.069+0000] {processor.py:156} INFO - Started process (PID=315) to work on /home/airflow/.local/lib/python3.7/site-packages/airflow/example_dags/example_kubernetes_executor.py
[2022-09-21T20:22:35.070+0000] {processor.py:758} INFO - Processing file /home/airflow/.local/lib/python3.7/site-packages/airflow/example_dags/example_kubernetes_executor.py for tasks to queue
[2022-09-21T20:22:35.071+0000] {logging_mixin.py:117} INFO - [2022-09-21T20:22:35.071+0000] {dagbag.py:525} INFO - Filling up the DagBag from /home/airflow/.local/lib/python3.7/site-packages/airflow/example_dags/example_kubernetes_executor.py
[2022-09-21T20:22:35.214+0000] {processor.py:768} INFO - DAG(s) dict_keys(['example_kubernetes_executor']) retrieved from /home/airflow/.local/lib/python3.7/site-packages/airflow/example_dags/example_kubernetes_executor.py
[2022-09-21T20:22:35.342+0000] {logging_mixin.py:117} INFO - [2022-09-21T20:22:35.342+0000] {dag.py:2573} INFO - Sync 1 DAGs
[2022-09-21T20:22:35.414+0000] {logging_mixin.py:117} INFO - [2022-09-21T20:22:35.414+0000] {dag.py:3328} INFO - Setting next_dagrun for example_kubernetes_executor to None, run_after=None
[2022-09-21T20:22:35.454+0000] {processor.py:178} INFO - Processing /home/airflow/.local/lib/python3.7/site-packages/airflow/example_dags/example_kubernetes_executor.py took 0.389 seconds
[2022-09-21T20:23:06.035+0000] {processor.py:156} INFO - Started process (PID=379) to work on /home/airflow/.local/lib/python3.7/site-packages/airflow/example_dags/example_kubernetes_executor.py
[2022-09-21T20:23:06.036+0000] {processor.py:758} INFO - Processing file /home/airflow/.local/lib/python3.7/site-packages/airflow/example_dags/example_kubernetes_executor.py for tasks to queue
[2022-09-21T20:23:06.036+0000] {logging_mixin.py:117} INFO - [2022-09-21T20:23:06.036+0000] {dagbag.py:525} INFO - Filling up the DagBag from /home/airflow/.local/lib/python3.7/site-packages/airflow/example_dags/example_kubernetes_executor.py
[2022-09-21T20:23:06.066+0000] {processor.py:768} INFO - DAG(s) dict_keys(['example_kubernetes_executor']) retrieved from /home/airflow/.local/lib/python3.7/site-packages/airflow/example_dags/example_kubernetes_executor.py
[2022-09-21T20:23:06.089+0000] {logging_mixin.py:117} INFO - [2022-09-21T20:23:06.089+0000] {dag.py:2573} INFO - Sync 1 DAGs
[2022-09-21T20:23:06.114+0000] {logging_mixin.py:117} INFO - [2022-09-21T20:23:06.114+0000] {dag.py:3328} INFO - Setting next_dagrun for example_kubernetes_executor to None, run_after=None
[2022-09-21T20:23:06.132+0000] {processor.py:178} INFO - Processing /home/airflow/.local/lib/python3.7/site-packages/airflow/example_dags/example_kubernetes_executor.py took 0.101 seconds
[2022-09-21T20:23:36.661+0000] {processor.py:156} INFO - Started process (PID=434) to work on /home/airflow/.local/lib/python3.7/site-packages/airflow/example_dags/example_kubernetes_executor.py
[2022-09-21T20:23:36.662+0000] {processor.py:758} INFO - Processing file /home/airflow/.local/lib/python3.7/site-packages/airflow/example_dags/example_kubernetes_executor.py for tasks to queue
[2022-09-21T20:23:36.663+0000] {logging_mixin.py:117} INFO - [2022-09-21T20:23:36.663+0000] {dagbag.py:525} INFO - Filling up the DagBag from /home/airflow/.local/lib/python3.7/site-packages/airflow/example_dags/example_kubernetes_executor.py
[2022-09-21T20:23:36.713+0000] {processor.py:768} INFO - DAG(s) dict_keys(['example_kubernetes_executor']) retrieved from /home/airflow/.local/lib/python3.7/site-packages/airflow/example_dags/example_kubernetes_executor.py
[2022-09-21T20:23:36.781+0000] {logging_mixin.py:117} INFO - [2022-09-21T20:23:36.781+0000] {dag.py:2573} INFO - Sync 1 DAGs
[2022-09-21T20:23:36.819+0000] {logging_mixin.py:117} INFO - [2022-09-21T20:23:36.819+0000] {dag.py:3328} INFO - Setting next_dagrun for example_kubernetes_executor to None, run_after=None
[2022-09-21T20:23:36.842+0000] {processor.py:178} INFO - Processing /home/airflow/.local/lib/python3.7/site-packages/airflow/example_dags/example_kubernetes_executor.py took 0.186 seconds
[2022-09-21T20:24:07.059+0000] {processor.py:156} INFO - Started process (PID=498) to work on /home/airflow/.local/lib/python3.7/site-packages/airflow/example_dags/example_kubernetes_executor.py
[2022-09-21T20:24:07.060+0000] {processor.py:758} INFO - Processing file /home/airflow/.local/lib/python3.7/site-packages/airflow/example_dags/example_kubernetes_executor.py for tasks to queue
[2022-09-21T20:24:07.060+0000] {logging_mixin.py:117} INFO - [2022-09-21T20:24:07.060+0000] {dagbag.py:525} INFO - Filling up the DagBag from /home/airflow/.local/lib/python3.7/site-packages/airflow/example_dags/example_kubernetes_executor.py
[2022-09-21T20:24:07.094+0000] {processor.py:768} INFO - DAG(s) dict_keys(['example_kubernetes_executor']) retrieved from /home/airflow/.local/lib/python3.7/site-packages/airflow/example_dags/example_kubernetes_executor.py
[2022-09-21T20:24:07.133+0000] {logging_mixin.py:117} INFO - [2022-09-21T20:24:07.133+0000] {dag.py:2573} INFO - Sync 1 DAGs
[2022-09-21T20:24:07.160+0000] {logging_mixin.py:117} INFO - [2022-09-21T20:24:07.160+0000] {dag.py:3328} INFO - Setting next_dagrun for example_kubernetes_executor to None, run_after=None
[2022-09-21T20:24:07.184+0000] {processor.py:178} INFO - Processing /home/airflow/.local/lib/python3.7/site-packages/airflow/example_dags/example_kubernetes_executor.py took 0.128 seconds
[2022-09-21T20:24:37.498+0000] {processor.py:156} INFO - Started process (PID=553) to work on /home/airflow/.local/lib/python3.7/site-packages/airflow/example_dags/example_kubernetes_executor.py
[2022-09-21T20:24:37.499+0000] {processor.py:758} INFO - Processing file /home/airflow/.local/lib/python3.7/site-packages/airflow/example_dags/example_kubernetes_executor.py for tasks to queue
[2022-09-21T20:24:37.499+0000] {logging_mixin.py:117} INFO - [2022-09-21T20:24:37.499+0000] {dagbag.py:525} INFO - Filling up the DagBag from /home/airflow/.local/lib/python3.7/site-packages/airflow/example_dags/example_kubernetes_executor.py
[2022-09-21T20:24:37.535+0000] {processor.py:768} INFO - DAG(s) dict_keys(['example_kubernetes_executor']) retrieved from /home/airflow/.local/lib/python3.7/site-packages/airflow/example_dags/example_kubernetes_executor.py
[2022-09-21T20:24:37.581+0000] {logging_mixin.py:117} INFO - [2022-09-21T20:24:37.581+0000] {dag.py:2573} INFO - Sync 1 DAGs
[2022-09-21T20:24:37.609+0000] {logging_mixin.py:117} INFO - [2022-09-21T20:24:37.609+0000] {dag.py:3328} INFO - Setting next_dagrun for example_kubernetes_executor to None, run_after=None
[2022-09-21T20:24:37.630+0000] {processor.py:178} INFO - Processing /home/airflow/.local/lib/python3.7/site-packages/airflow/example_dags/example_kubernetes_executor.py took 0.135 seconds
[2022-09-21T20:25:08.261+0000] {processor.py:156} INFO - Started process (PID=617) to work on /home/airflow/.local/lib/python3.7/site-packages/airflow/example_dags/example_kubernetes_executor.py
[2022-09-21T20:25:08.262+0000] {processor.py:758} INFO - Processing file /home/airflow/.local/lib/python3.7/site-packages/airflow/example_dags/example_kubernetes_executor.py for tasks to queue
[2022-09-21T20:25:08.263+0000] {logging_mixin.py:117} INFO - [2022-09-21T20:25:08.263+0000] {dagbag.py:525} INFO - Filling up the DagBag from /home/airflow/.local/lib/python3.7/site-packages/airflow/example_dags/example_kubernetes_executor.py
[2022-09-21T20:25:08.305+0000] {processor.py:768} INFO - DAG(s) dict_keys(['example_kubernetes_executor']) retrieved from /home/airflow/.local/lib/python3.7/site-packages/airflow/example_dags/example_kubernetes_executor.py
[2022-09-21T20:25:08.347+0000] {logging_mixin.py:117} INFO - [2022-09-21T20:25:08.347+0000] {dag.py:2573} INFO - Sync 1 DAGs
[2022-09-21T20:25:08.392+0000] {logging_mixin.py:117} INFO - [2022-09-21T20:25:08.392+0000] {dag.py:3328} INFO - Setting next_dagrun for example_kubernetes_executor to None, run_after=None
[2022-09-21T20:25:08.415+0000] {processor.py:178} INFO - Processing /home/airflow/.local/lib/python3.7/site-packages/airflow/example_dags/example_kubernetes_executor.py took 0.157 seconds
[2022-09-21T20:25:39.157+0000] {processor.py:156} INFO - Started process (PID=672) to work on /home/airflow/.local/lib/python3.7/site-packages/airflow/example_dags/example_kubernetes_executor.py
[2022-09-21T20:25:39.158+0000] {processor.py:758} INFO - Processing file /home/airflow/.local/lib/python3.7/site-packages/airflow/example_dags/example_kubernetes_executor.py for tasks to queue
[2022-09-21T20:25:39.158+0000] {logging_mixin.py:117} INFO - [2022-09-21T20:25:39.158+0000] {dagbag.py:525} INFO - Filling up the DagBag from /home/airflow/.local/lib/python3.7/site-packages/airflow/example_dags/example_kubernetes_executor.py
[2022-09-21T20:25:39.192+0000] {processor.py:768} INFO - DAG(s) dict_keys(['example_kubernetes_executor']) retrieved from /home/airflow/.local/lib/python3.7/site-packages/airflow/example_dags/example_kubernetes_executor.py
[2022-09-21T20:25:39.237+0000] {logging_mixin.py:117} INFO - [2022-09-21T20:25:39.237+0000] {dag.py:2573} INFO - Sync 1 DAGs
[2022-09-21T20:25:39.263+0000] {logging_mixin.py:117} INFO - [2022-09-21T20:25:39.262+0000] {dag.py:3328} INFO - Setting next_dagrun for example_kubernetes_executor to None, run_after=None
[2022-09-21T20:25:39.284+0000] {processor.py:178} INFO - Processing /home/airflow/.local/lib/python3.7/site-packages/airflow/example_dags/example_kubernetes_executor.py took 0.130 seconds
[2022-09-21T20:26:09.422+0000] {processor.py:156} INFO - Started process (PID=735) to work on /home/airflow/.local/lib/python3.7/site-packages/airflow/example_dags/example_kubernetes_executor.py
[2022-09-21T20:26:09.423+0000] {processor.py:758} INFO - Processing file /home/airflow/.local/lib/python3.7/site-packages/airflow/example_dags/example_kubernetes_executor.py for tasks to queue
[2022-09-21T20:26:09.423+0000] {logging_mixin.py:117} INFO - [2022-09-21T20:26:09.423+0000] {dagbag.py:525} INFO - Filling up the DagBag from /home/airflow/.local/lib/python3.7/site-packages/airflow/example_dags/example_kubernetes_executor.py
[2022-09-21T20:26:09.449+0000] {processor.py:768} INFO - DAG(s) dict_keys(['example_kubernetes_executor']) retrieved from /home/airflow/.local/lib/python3.7/site-packages/airflow/example_dags/example_kubernetes_executor.py
[2022-09-21T20:26:09.484+0000] {logging_mixin.py:117} INFO - [2022-09-21T20:26:09.484+0000] {dag.py:2573} INFO - Sync 1 DAGs
[2022-09-21T20:26:09.505+0000] {logging_mixin.py:117} INFO - [2022-09-21T20:26:09.505+0000] {dag.py:3328} INFO - Setting next_dagrun for example_kubernetes_executor to None, run_after=None
[2022-09-21T20:26:09.522+0000] {processor.py:178} INFO - Processing /home/airflow/.local/lib/python3.7/site-packages/airflow/example_dags/example_kubernetes_executor.py took 0.102 seconds
[2022-09-21T20:26:40.247+0000] {processor.py:156} INFO - Started process (PID=799) to work on /home/airflow/.local/lib/python3.7/site-packages/airflow/example_dags/example_kubernetes_executor.py
[2022-09-21T20:26:40.248+0000] {processor.py:758} INFO - Processing file /home/airflow/.local/lib/python3.7/site-packages/airflow/example_dags/example_kubernetes_executor.py for tasks to queue
[2022-09-21T20:26:40.249+0000] {logging_mixin.py:117} INFO - [2022-09-21T20:26:40.249+0000] {dagbag.py:525} INFO - Filling up the DagBag from /home/airflow/.local/lib/python3.7/site-packages/airflow/example_dags/example_kubernetes_executor.py
[2022-09-21T20:26:40.301+0000] {processor.py:768} INFO - DAG(s) dict_keys(['example_kubernetes_executor']) retrieved from /home/airflow/.local/lib/python3.7/site-packages/airflow/example_dags/example_kubernetes_executor.py
[2022-09-21T20:26:40.395+0000] {logging_mixin.py:117} INFO - [2022-09-21T20:26:40.395+0000] {dag.py:2573} INFO - Sync 1 DAGs
[2022-09-21T20:26:40.437+0000] {logging_mixin.py:117} INFO - [2022-09-21T20:26:40.437+0000] {dag.py:3328} INFO - Setting next_dagrun for example_kubernetes_executor to None, run_after=None
[2022-09-21T20:26:40.467+0000] {processor.py:178} INFO - Processing /home/airflow/.local/lib/python3.7/site-packages/airflow/example_dags/example_kubernetes_executor.py took 0.225 seconds
[2022-09-21T20:27:10.766+0000] {processor.py:156} INFO - Started process (PID=854) to work on /home/airflow/.local/lib/python3.7/site-packages/airflow/example_dags/example_kubernetes_executor.py
[2022-09-21T20:27:10.767+0000] {processor.py:758} INFO - Processing file /home/airflow/.local/lib/python3.7/site-packages/airflow/example_dags/example_kubernetes_executor.py for tasks to queue
[2022-09-21T20:27:10.768+0000] {logging_mixin.py:117} INFO - [2022-09-21T20:27:10.768+0000] {dagbag.py:525} INFO - Filling up the DagBag from /home/airflow/.local/lib/python3.7/site-packages/airflow/example_dags/example_kubernetes_executor.py
[2022-09-21T20:27:10.811+0000] {processor.py:768} INFO - DAG(s) dict_keys(['example_kubernetes_executor']) retrieved from /home/airflow/.local/lib/python3.7/site-packages/airflow/example_dags/example_kubernetes_executor.py
[2022-09-21T20:27:10.862+0000] {logging_mixin.py:117} INFO - [2022-09-21T20:27:10.862+0000] {dag.py:2573} INFO - Sync 1 DAGs
[2022-09-21T20:27:10.900+0000] {logging_mixin.py:117} INFO - [2022-09-21T20:27:10.900+0000] {dag.py:3328} INFO - Setting next_dagrun for example_kubernetes_executor to None, run_after=None
[2022-09-21T20:27:10.925+0000] {processor.py:178} INFO - Processing /home/airflow/.local/lib/python3.7/site-packages/airflow/example_dags/example_kubernetes_executor.py took 0.162 seconds
[2022-09-21T20:27:41.197+0000] {processor.py:156} INFO - Started process (PID=918) to work on /home/airflow/.local/lib/python3.7/site-packages/airflow/example_dags/example_kubernetes_executor.py
[2022-09-21T20:27:41.198+0000] {processor.py:758} INFO - Processing file /home/airflow/.local/lib/python3.7/site-packages/airflow/example_dags/example_kubernetes_executor.py for tasks to queue
[2022-09-21T20:27:41.198+0000] {logging_mixin.py:117} INFO - [2022-09-21T20:27:41.198+0000] {dagbag.py:525} INFO - Filling up the DagBag from /home/airflow/.local/lib/python3.7/site-packages/airflow/example_dags/example_kubernetes_executor.py
[2022-09-21T20:27:41.233+0000] {processor.py:768} INFO - DAG(s) dict_keys(['example_kubernetes_executor']) retrieved from /home/airflow/.local/lib/python3.7/site-packages/airflow/example_dags/example_kubernetes_executor.py
[2022-09-21T20:27:41.269+0000] {logging_mixin.py:117} INFO - [2022-09-21T20:27:41.269+0000] {dag.py:2573} INFO - Sync 1 DAGs
[2022-09-21T20:27:41.303+0000] {logging_mixin.py:117} INFO - [2022-09-21T20:27:41.303+0000] {dag.py:3328} INFO - Setting next_dagrun for example_kubernetes_executor to None, run_after=None
[2022-09-21T20:27:41.326+0000] {processor.py:178} INFO - Processing /home/airflow/.local/lib/python3.7/site-packages/airflow/example_dags/example_kubernetes_executor.py took 0.133 seconds
[2022-09-21T20:28:12.035+0000] {processor.py:156} INFO - Started process (PID=982) to work on /home/airflow/.local/lib/python3.7/site-packages/airflow/example_dags/example_kubernetes_executor.py
[2022-09-21T20:28:12.036+0000] {processor.py:758} INFO - Processing file /home/airflow/.local/lib/python3.7/site-packages/airflow/example_dags/example_kubernetes_executor.py for tasks to queue
[2022-09-21T20:28:12.037+0000] {logging_mixin.py:117} INFO - [2022-09-21T20:28:12.037+0000] {dagbag.py:525} INFO - Filling up the DagBag from /home/airflow/.local/lib/python3.7/site-packages/airflow/example_dags/example_kubernetes_executor.py
[2022-09-21T20:28:12.092+0000] {processor.py:768} INFO - DAG(s) dict_keys(['example_kubernetes_executor']) retrieved from /home/airflow/.local/lib/python3.7/site-packages/airflow/example_dags/example_kubernetes_executor.py
[2022-09-21T20:28:12.163+0000] {logging_mixin.py:117} INFO - [2022-09-21T20:28:12.162+0000] {dag.py:2573} INFO - Sync 1 DAGs
[2022-09-21T20:28:12.206+0000] {logging_mixin.py:117} INFO - [2022-09-21T20:28:12.206+0000] {dag.py:3328} INFO - Setting next_dagrun for example_kubernetes_executor to None, run_after=None
[2022-09-21T20:28:12.230+0000] {processor.py:178} INFO - Processing /home/airflow/.local/lib/python3.7/site-packages/airflow/example_dags/example_kubernetes_executor.py took 0.204 seconds
[2022-09-21T20:28:42.696+0000] {processor.py:156} INFO - Started process (PID=1036) to work on /home/airflow/.local/lib/python3.7/site-packages/airflow/example_dags/example_kubernetes_executor.py
[2022-09-21T20:28:42.697+0000] {processor.py:758} INFO - Processing file /home/airflow/.local/lib/python3.7/site-packages/airflow/example_dags/example_kubernetes_executor.py for tasks to queue
[2022-09-21T20:28:42.697+0000] {logging_mixin.py:117} INFO - [2022-09-21T20:28:42.697+0000] {dagbag.py:525} INFO - Filling up the DagBag from /home/airflow/.local/lib/python3.7/site-packages/airflow/example_dags/example_kubernetes_executor.py
[2022-09-21T20:28:42.722+0000] {processor.py:768} INFO - DAG(s) dict_keys(['example_kubernetes_executor']) retrieved from /home/airflow/.local/lib/python3.7/site-packages/airflow/example_dags/example_kubernetes_executor.py
[2022-09-21T20:28:42.755+0000] {logging_mixin.py:117} INFO - [2022-09-21T20:28:42.755+0000] {dag.py:2573} INFO - Sync 1 DAGs
[2022-09-21T20:28:42.776+0000] {logging_mixin.py:117} INFO - [2022-09-21T20:28:42.776+0000] {dag.py:3328} INFO - Setting next_dagrun for example_kubernetes_executor to None, run_after=None
[2022-09-21T20:28:42.794+0000] {processor.py:178} INFO - Processing /home/airflow/.local/lib/python3.7/site-packages/airflow/example_dags/example_kubernetes_executor.py took 0.100 seconds
[2022-09-21T20:29:13.120+0000] {processor.py:156} INFO - Started process (PID=1100) to work on /home/airflow/.local/lib/python3.7/site-packages/airflow/example_dags/example_kubernetes_executor.py
[2022-09-21T20:29:13.121+0000] {processor.py:758} INFO - Processing file /home/airflow/.local/lib/python3.7/site-packages/airflow/example_dags/example_kubernetes_executor.py for tasks to queue
[2022-09-21T20:29:13.122+0000] {logging_mixin.py:117} INFO - [2022-09-21T20:29:13.122+0000] {dagbag.py:525} INFO - Filling up the DagBag from /home/airflow/.local/lib/python3.7/site-packages/airflow/example_dags/example_kubernetes_executor.py
[2022-09-21T20:29:13.147+0000] {processor.py:768} INFO - DAG(s) dict_keys(['example_kubernetes_executor']) retrieved from /home/airflow/.local/lib/python3.7/site-packages/airflow/example_dags/example_kubernetes_executor.py
[2022-09-21T20:29:13.179+0000] {logging_mixin.py:117} INFO - [2022-09-21T20:29:13.179+0000] {dag.py:2573} INFO - Sync 1 DAGs
[2022-09-21T20:29:13.205+0000] {logging_mixin.py:117} INFO - [2022-09-21T20:29:13.205+0000] {dag.py:3328} INFO - Setting next_dagrun for example_kubernetes_executor to None, run_after=None
[2022-09-21T20:29:13.223+0000] {processor.py:178} INFO - Processing /home/airflow/.local/lib/python3.7/site-packages/airflow/example_dags/example_kubernetes_executor.py took 0.105 seconds
[2022-09-21T20:29:43.782+0000] {processor.py:156} INFO - Started process (PID=1164) to work on /home/airflow/.local/lib/python3.7/site-packages/airflow/example_dags/example_kubernetes_executor.py
[2022-09-21T20:29:43.785+0000] {processor.py:758} INFO - Processing file /home/airflow/.local/lib/python3.7/site-packages/airflow/example_dags/example_kubernetes_executor.py for tasks to queue
[2022-09-21T20:29:43.786+0000] {logging_mixin.py:117} INFO - [2022-09-21T20:29:43.786+0000] {dagbag.py:525} INFO - Filling up the DagBag from /home/airflow/.local/lib/python3.7/site-packages/airflow/example_dags/example_kubernetes_executor.py
[2022-09-21T20:29:43.836+0000] {processor.py:768} INFO - DAG(s) dict_keys(['example_kubernetes_executor']) retrieved from /home/airflow/.local/lib/python3.7/site-packages/airflow/example_dags/example_kubernetes_executor.py
[2022-09-21T20:29:43.901+0000] {logging_mixin.py:117} INFO - [2022-09-21T20:29:43.901+0000] {dag.py:2573} INFO - Sync 1 DAGs
[2022-09-21T20:29:43.967+0000] {logging_mixin.py:117} INFO - [2022-09-21T20:29:43.966+0000] {dag.py:3328} INFO - Setting next_dagrun for example_kubernetes_executor to None, run_after=None
[2022-09-21T20:29:44.029+0000] {processor.py:178} INFO - Processing /home/airflow/.local/lib/python3.7/site-packages/airflow/example_dags/example_kubernetes_executor.py took 0.252 seconds
[2022-09-21T20:30:14.831+0000] {processor.py:156} INFO - Started process (PID=1220) to work on /home/airflow/.local/lib/python3.7/site-packages/airflow/example_dags/example_kubernetes_executor.py
[2022-09-21T20:30:14.833+0000] {processor.py:758} INFO - Processing file /home/airflow/.local/lib/python3.7/site-packages/airflow/example_dags/example_kubernetes_executor.py for tasks to queue
[2022-09-21T20:30:14.836+0000] {logging_mixin.py:117} INFO - [2022-09-21T20:30:14.836+0000] {dagbag.py:525} INFO - Filling up the DagBag from /home/airflow/.local/lib/python3.7/site-packages/airflow/example_dags/example_kubernetes_executor.py
[2022-09-21T20:30:14.988+0000] {processor.py:768} INFO - DAG(s) dict_keys(['example_kubernetes_executor']) retrieved from /home/airflow/.local/lib/python3.7/site-packages/airflow/example_dags/example_kubernetes_executor.py
[2022-09-21T20:30:15.547+0000] {logging_mixin.py:117} INFO - [2022-09-21T20:30:15.546+0000] {dag.py:2573} INFO - Sync 1 DAGs
[2022-09-21T20:30:15.875+0000] {logging_mixin.py:117} INFO - [2022-09-21T20:30:15.874+0000] {dag.py:3328} INFO - Setting next_dagrun for example_kubernetes_executor to None, run_after=None
[2022-09-21T20:30:15.989+0000] {processor.py:178} INFO - Processing /home/airflow/.local/lib/python3.7/site-packages/airflow/example_dags/example_kubernetes_executor.py took 1.217 seconds
[2022-09-21T20:30:46.178+0000] {processor.py:156} INFO - Started process (PID=1276) to work on /home/airflow/.local/lib/python3.7/site-packages/airflow/example_dags/example_kubernetes_executor.py
[2022-09-21T20:30:46.183+0000] {processor.py:758} INFO - Processing file /home/airflow/.local/lib/python3.7/site-packages/airflow/example_dags/example_kubernetes_executor.py for tasks to queue
[2022-09-21T20:30:46.185+0000] {logging_mixin.py:117} INFO - [2022-09-21T20:30:46.185+0000] {dagbag.py:525} INFO - Filling up the DagBag from /home/airflow/.local/lib/python3.7/site-packages/airflow/example_dags/example_kubernetes_executor.py
[2022-09-21T20:30:46.281+0000] {processor.py:768} INFO - DAG(s) dict_keys(['example_kubernetes_executor']) retrieved from /home/airflow/.local/lib/python3.7/site-packages/airflow/example_dags/example_kubernetes_executor.py
[2022-09-21T20:30:46.411+0000] {logging_mixin.py:117} INFO - [2022-09-21T20:30:46.410+0000] {dag.py:2573} INFO - Sync 1 DAGs
[2022-09-21T20:30:46.550+0000] {logging_mixin.py:117} INFO - [2022-09-21T20:30:46.550+0000] {dag.py:3328} INFO - Setting next_dagrun for example_kubernetes_executor to None, run_after=None
[2022-09-21T20:30:46.637+0000] {processor.py:178} INFO - Processing /home/airflow/.local/lib/python3.7/site-packages/airflow/example_dags/example_kubernetes_executor.py took 0.466 seconds
[2022-09-21T20:31:17.429+0000] {processor.py:156} INFO - Started process (PID=1339) to work on /home/airflow/.local/lib/python3.7/site-packages/airflow/example_dags/example_kubernetes_executor.py
[2022-09-21T20:31:17.430+0000] {processor.py:758} INFO - Processing file /home/airflow/.local/lib/python3.7/site-packages/airflow/example_dags/example_kubernetes_executor.py for tasks to queue
[2022-09-21T20:31:17.431+0000] {logging_mixin.py:117} INFO - [2022-09-21T20:31:17.430+0000] {dagbag.py:525} INFO - Filling up the DagBag from /home/airflow/.local/lib/python3.7/site-packages/airflow/example_dags/example_kubernetes_executor.py
[2022-09-21T20:31:17.460+0000] {processor.py:768} INFO - DAG(s) dict_keys(['example_kubernetes_executor']) retrieved from /home/airflow/.local/lib/python3.7/site-packages/airflow/example_dags/example_kubernetes_executor.py
[2022-09-21T20:31:17.496+0000] {logging_mixin.py:117} INFO - [2022-09-21T20:31:17.496+0000] {dag.py:2573} INFO - Sync 1 DAGs
[2022-09-21T20:31:17.519+0000] {logging_mixin.py:117} INFO - [2022-09-21T20:31:17.519+0000] {dag.py:3328} INFO - Setting next_dagrun for example_kubernetes_executor to None, run_after=None
[2022-09-21T20:31:17.539+0000] {processor.py:178} INFO - Processing /home/airflow/.local/lib/python3.7/site-packages/airflow/example_dags/example_kubernetes_executor.py took 0.112 seconds
[2022-09-21T20:31:48.399+0000] {processor.py:156} INFO - Started process (PID=1395) to work on /home/airflow/.local/lib/python3.7/site-packages/airflow/example_dags/example_kubernetes_executor.py
[2022-09-21T20:31:48.405+0000] {processor.py:758} INFO - Processing file /home/airflow/.local/lib/python3.7/site-packages/airflow/example_dags/example_kubernetes_executor.py for tasks to queue
[2022-09-21T20:31:48.406+0000] {logging_mixin.py:117} INFO - [2022-09-21T20:31:48.405+0000] {dagbag.py:525} INFO - Filling up the DagBag from /home/airflow/.local/lib/python3.7/site-packages/airflow/example_dags/example_kubernetes_executor.py
[2022-09-21T20:31:48.442+0000] {processor.py:768} INFO - DAG(s) dict_keys(['example_kubernetes_executor']) retrieved from /home/airflow/.local/lib/python3.7/site-packages/airflow/example_dags/example_kubernetes_executor.py
[2022-09-21T20:31:48.492+0000] {logging_mixin.py:117} INFO - [2022-09-21T20:31:48.491+0000] {dag.py:2573} INFO - Sync 1 DAGs
[2022-09-21T20:31:48.525+0000] {logging_mixin.py:117} INFO - [2022-09-21T20:31:48.525+0000] {dag.py:3328} INFO - Setting next_dagrun for example_kubernetes_executor to None, run_after=None
[2022-09-21T20:31:48.549+0000] {processor.py:178} INFO - Processing /home/airflow/.local/lib/python3.7/site-packages/airflow/example_dags/example_kubernetes_executor.py took 0.154 seconds
[2022-09-21T20:32:19.063+0000] {processor.py:156} INFO - Started process (PID=1459) to work on /home/airflow/.local/lib/python3.7/site-packages/airflow/example_dags/example_kubernetes_executor.py
[2022-09-21T20:32:19.064+0000] {processor.py:758} INFO - Processing file /home/airflow/.local/lib/python3.7/site-packages/airflow/example_dags/example_kubernetes_executor.py for tasks to queue
[2022-09-21T20:32:19.065+0000] {logging_mixin.py:117} INFO - [2022-09-21T20:32:19.065+0000] {dagbag.py:525} INFO - Filling up the DagBag from /home/airflow/.local/lib/python3.7/site-packages/airflow/example_dags/example_kubernetes_executor.py
[2022-09-21T20:32:19.099+0000] {processor.py:768} INFO - DAG(s) dict_keys(['example_kubernetes_executor']) retrieved from /home/airflow/.local/lib/python3.7/site-packages/airflow/example_dags/example_kubernetes_executor.py
[2022-09-21T20:32:19.154+0000] {logging_mixin.py:117} INFO - [2022-09-21T20:32:19.154+0000] {dag.py:2573} INFO - Sync 1 DAGs
[2022-09-21T20:32:19.185+0000] {logging_mixin.py:117} INFO - [2022-09-21T20:32:19.185+0000] {dag.py:3328} INFO - Setting next_dagrun for example_kubernetes_executor to None, run_after=None
[2022-09-21T20:32:19.210+0000] {processor.py:178} INFO - Processing /home/airflow/.local/lib/python3.7/site-packages/airflow/example_dags/example_kubernetes_executor.py took 0.151 seconds
[2022-09-21T20:32:49.354+0000] {processor.py:156} INFO - Started process (PID=1516) to work on /home/airflow/.local/lib/python3.7/site-packages/airflow/example_dags/example_kubernetes_executor.py
[2022-09-21T20:32:49.355+0000] {processor.py:758} INFO - Processing file /home/airflow/.local/lib/python3.7/site-packages/airflow/example_dags/example_kubernetes_executor.py for tasks to queue
[2022-09-21T20:32:49.356+0000] {logging_mixin.py:117} INFO - [2022-09-21T20:32:49.356+0000] {dagbag.py:525} INFO - Filling up the DagBag from /home/airflow/.local/lib/python3.7/site-packages/airflow/example_dags/example_kubernetes_executor.py
[2022-09-21T20:32:49.394+0000] {processor.py:768} INFO - DAG(s) dict_keys(['example_kubernetes_executor']) retrieved from /home/airflow/.local/lib/python3.7/site-packages/airflow/example_dags/example_kubernetes_executor.py
[2022-09-21T20:32:49.469+0000] {logging_mixin.py:117} INFO - [2022-09-21T20:32:49.469+0000] {dag.py:2573} INFO - Sync 1 DAGs
[2022-09-21T20:32:49.522+0000] {logging_mixin.py:117} INFO - [2022-09-21T20:32:49.522+0000] {dag.py:3328} INFO - Setting next_dagrun for example_kubernetes_executor to None, run_after=None
[2022-09-21T20:32:49.556+0000] {processor.py:178} INFO - Processing /home/airflow/.local/lib/python3.7/site-packages/airflow/example_dags/example_kubernetes_executor.py took 0.205 seconds
[2022-09-21T20:33:21.324+0000] {processor.py:156} INFO - Started process (PID=1577) to work on /home/airflow/.local/lib/python3.7/site-packages/airflow/example_dags/example_kubernetes_executor.py
[2022-09-21T20:33:21.337+0000] {processor.py:758} INFO - Processing file /home/airflow/.local/lib/python3.7/site-packages/airflow/example_dags/example_kubernetes_executor.py for tasks to queue
[2022-09-21T20:33:21.339+0000] {logging_mixin.py:117} INFO - [2022-09-21T20:33:21.339+0000] {dagbag.py:525} INFO - Filling up the DagBag from /home/airflow/.local/lib/python3.7/site-packages/airflow/example_dags/example_kubernetes_executor.py
[2022-09-21T20:33:21.596+0000] {processor.py:768} INFO - DAG(s) dict_keys(['example_kubernetes_executor']) retrieved from /home/airflow/.local/lib/python3.7/site-packages/airflow/example_dags/example_kubernetes_executor.py
[2022-09-21T20:33:21.820+0000] {logging_mixin.py:117} INFO - [2022-09-21T20:33:21.819+0000] {dag.py:2573} INFO - Sync 1 DAGs
[2022-09-21T20:33:21.927+0000] {logging_mixin.py:117} INFO - [2022-09-21T20:33:21.927+0000] {dag.py:3328} INFO - Setting next_dagrun for example_kubernetes_executor to None, run_after=None
[2022-09-21T20:33:22.083+0000] {processor.py:178} INFO - Processing /home/airflow/.local/lib/python3.7/site-packages/airflow/example_dags/example_kubernetes_executor.py took 0.788 seconds
[2022-09-21T20:33:52.718+0000] {processor.py:156} INFO - Started process (PID=1632) to work on /home/airflow/.local/lib/python3.7/site-packages/airflow/example_dags/example_kubernetes_executor.py
[2022-09-21T20:33:52.720+0000] {processor.py:758} INFO - Processing file /home/airflow/.local/lib/python3.7/site-packages/airflow/example_dags/example_kubernetes_executor.py for tasks to queue
[2022-09-21T20:33:52.720+0000] {logging_mixin.py:117} INFO - [2022-09-21T20:33:52.720+0000] {dagbag.py:525} INFO - Filling up the DagBag from /home/airflow/.local/lib/python3.7/site-packages/airflow/example_dags/example_kubernetes_executor.py
[2022-09-21T20:33:52.745+0000] {processor.py:768} INFO - DAG(s) dict_keys(['example_kubernetes_executor']) retrieved from /home/airflow/.local/lib/python3.7/site-packages/airflow/example_dags/example_kubernetes_executor.py
[2022-09-21T20:33:52.786+0000] {logging_mixin.py:117} INFO - [2022-09-21T20:33:52.786+0000] {dag.py:2573} INFO - Sync 1 DAGs
[2022-09-21T20:33:52.812+0000] {logging_mixin.py:117} INFO - [2022-09-21T20:33:52.812+0000] {dag.py:3328} INFO - Setting next_dagrun for example_kubernetes_executor to None, run_after=None
[2022-09-21T20:33:52.838+0000] {processor.py:178} INFO - Processing /home/airflow/.local/lib/python3.7/site-packages/airflow/example_dags/example_kubernetes_executor.py took 0.123 seconds
[2022-09-21T20:34:23.045+0000] {processor.py:156} INFO - Started process (PID=1687) to work on /home/airflow/.local/lib/python3.7/site-packages/airflow/example_dags/example_kubernetes_executor.py
[2022-09-21T20:34:23.046+0000] {processor.py:758} INFO - Processing file /home/airflow/.local/lib/python3.7/site-packages/airflow/example_dags/example_kubernetes_executor.py for tasks to queue
[2022-09-21T20:34:23.047+0000] {logging_mixin.py:117} INFO - [2022-09-21T20:34:23.047+0000] {dagbag.py:525} INFO - Filling up the DagBag from /home/airflow/.local/lib/python3.7/site-packages/airflow/example_dags/example_kubernetes_executor.py
[2022-09-21T20:34:23.099+0000] {processor.py:768} INFO - DAG(s) dict_keys(['example_kubernetes_executor']) retrieved from /home/airflow/.local/lib/python3.7/site-packages/airflow/example_dags/example_kubernetes_executor.py
[2022-09-21T20:34:23.234+0000] {logging_mixin.py:117} INFO - [2022-09-21T20:34:23.233+0000] {dag.py:2573} INFO - Sync 1 DAGs
[2022-09-21T20:34:23.292+0000] {logging_mixin.py:117} INFO - [2022-09-21T20:34:23.292+0000] {dag.py:3328} INFO - Setting next_dagrun for example_kubernetes_executor to None, run_after=None
[2022-09-21T20:34:23.331+0000] {processor.py:178} INFO - Processing /home/airflow/.local/lib/python3.7/site-packages/airflow/example_dags/example_kubernetes_executor.py took 0.292 seconds
[2022-09-21T20:34:54.219+0000] {processor.py:156} INFO - Started process (PID=1751) to work on /home/airflow/.local/lib/python3.7/site-packages/airflow/example_dags/example_kubernetes_executor.py
[2022-09-21T20:34:54.220+0000] {processor.py:758} INFO - Processing file /home/airflow/.local/lib/python3.7/site-packages/airflow/example_dags/example_kubernetes_executor.py for tasks to queue
[2022-09-21T20:34:54.221+0000] {logging_mixin.py:117} INFO - [2022-09-21T20:34:54.221+0000] {dagbag.py:525} INFO - Filling up the DagBag from /home/airflow/.local/lib/python3.7/site-packages/airflow/example_dags/example_kubernetes_executor.py
[2022-09-21T20:34:54.253+0000] {processor.py:768} INFO - DAG(s) dict_keys(['example_kubernetes_executor']) retrieved from /home/airflow/.local/lib/python3.7/site-packages/airflow/example_dags/example_kubernetes_executor.py
[2022-09-21T20:34:54.303+0000] {logging_mixin.py:117} INFO - [2022-09-21T20:34:54.303+0000] {dag.py:2573} INFO - Sync 1 DAGs
[2022-09-21T20:34:54.336+0000] {logging_mixin.py:117} INFO - [2022-09-21T20:34:54.335+0000] {dag.py:3328} INFO - Setting next_dagrun for example_kubernetes_executor to None, run_after=None
[2022-09-21T20:34:54.358+0000] {processor.py:178} INFO - Processing /home/airflow/.local/lib/python3.7/site-packages/airflow/example_dags/example_kubernetes_executor.py took 0.142 seconds
[2022-09-21T20:35:24.583+0000] {processor.py:156} INFO - Started process (PID=1807) to work on /home/airflow/.local/lib/python3.7/site-packages/airflow/example_dags/example_kubernetes_executor.py
[2022-09-21T20:35:24.584+0000] {processor.py:758} INFO - Processing file /home/airflow/.local/lib/python3.7/site-packages/airflow/example_dags/example_kubernetes_executor.py for tasks to queue
[2022-09-21T20:35:24.585+0000] {logging_mixin.py:117} INFO - [2022-09-21T20:35:24.585+0000] {dagbag.py:525} INFO - Filling up the DagBag from /home/airflow/.local/lib/python3.7/site-packages/airflow/example_dags/example_kubernetes_executor.py
[2022-09-21T20:35:24.626+0000] {processor.py:768} INFO - DAG(s) dict_keys(['example_kubernetes_executor']) retrieved from /home/airflow/.local/lib/python3.7/site-packages/airflow/example_dags/example_kubernetes_executor.py
[2022-09-21T20:35:24.692+0000] {logging_mixin.py:117} INFO - [2022-09-21T20:35:24.691+0000] {dag.py:2573} INFO - Sync 1 DAGs
[2022-09-21T20:35:24.732+0000] {logging_mixin.py:117} INFO - [2022-09-21T20:35:24.732+0000] {dag.py:3328} INFO - Setting next_dagrun for example_kubernetes_executor to None, run_after=None
[2022-09-21T20:35:24.759+0000] {processor.py:178} INFO - Processing /home/airflow/.local/lib/python3.7/site-packages/airflow/example_dags/example_kubernetes_executor.py took 0.182 seconds
