[2022-09-21T20:17:10.757+0000] {processor.py:156} INFO - Started process (PID=76) to work on /home/airflow/.local/lib/python3.7/site-packages/airflow/example_dags/example_task_group_decorator.py
[2022-09-21T20:17:10.771+0000] {processor.py:758} INFO - Processing file /home/airflow/.local/lib/python3.7/site-packages/airflow/example_dags/example_task_group_decorator.py for tasks to queue
[2022-09-21T20:17:10.772+0000] {logging_mixin.py:117} INFO - [2022-09-21T20:17:10.772+0000] {dagbag.py:525} INFO - Filling up the DagBag from /home/airflow/.local/lib/python3.7/site-packages/airflow/example_dags/example_task_group_decorator.py
[2022-09-21T20:17:11.086+0000] {processor.py:768} INFO - DAG(s) dict_keys(['example_task_group_decorator']) retrieved from /home/airflow/.local/lib/python3.7/site-packages/airflow/example_dags/example_task_group_decorator.py
[2022-09-21T20:17:29.863+0000] {logging_mixin.py:117} INFO - [2022-09-21T20:17:29.862+0000] {dag.py:2573} INFO - Sync 1 DAGs
[2022-09-21T20:17:30.057+0000] {logging_mixin.py:117} INFO - [2022-09-21T20:17:30.057+0000] {dag.py:3328} INFO - Setting next_dagrun for example_task_group_decorator to 2022-09-20T20:17:30.056999+00:00, run_after=2022-09-21T20:17:30.056999+00:00
[2022-09-21T20:17:30.326+0000] {processor.py:178} INFO - Processing /home/airflow/.local/lib/python3.7/site-packages/airflow/example_dags/example_task_group_decorator.py took 19.574 seconds
[2022-09-21T20:20:26.056+0000] {processor.py:156} INFO - Started process (PID=65) to work on /home/airflow/.local/lib/python3.7/site-packages/airflow/example_dags/example_task_group_decorator.py
[2022-09-21T20:20:26.058+0000] {processor.py:758} INFO - Processing file /home/airflow/.local/lib/python3.7/site-packages/airflow/example_dags/example_task_group_decorator.py for tasks to queue
[2022-09-21T20:20:26.059+0000] {logging_mixin.py:117} INFO - [2022-09-21T20:20:26.059+0000] {dagbag.py:525} INFO - Filling up the DagBag from /home/airflow/.local/lib/python3.7/site-packages/airflow/example_dags/example_task_group_decorator.py
[2022-09-21T20:20:26.144+0000] {processor.py:768} INFO - DAG(s) dict_keys(['example_task_group_decorator']) retrieved from /home/airflow/.local/lib/python3.7/site-packages/airflow/example_dags/example_task_group_decorator.py
[2022-09-21T20:20:26.465+0000] {logging_mixin.py:117} INFO - [2022-09-21T20:20:26.465+0000] {dag.py:2573} INFO - Sync 1 DAGs
[2022-09-21T20:20:26.537+0000] {logging_mixin.py:117} INFO - [2022-09-21T20:20:26.536+0000] {dag.py:3328} INFO - Setting next_dagrun for example_task_group_decorator to 2022-09-20T20:20:26.536491+00:00, run_after=2022-09-21T20:20:26.536491+00:00
[2022-09-21T20:20:26.582+0000] {processor.py:178} INFO - Processing /home/airflow/.local/lib/python3.7/site-packages/airflow/example_dags/example_task_group_decorator.py took 0.531 seconds
[2022-09-21T20:20:57.627+0000] {processor.py:156} INFO - Started process (PID=120) to work on /home/airflow/.local/lib/python3.7/site-packages/airflow/example_dags/example_task_group_decorator.py
[2022-09-21T20:20:57.628+0000] {processor.py:758} INFO - Processing file /home/airflow/.local/lib/python3.7/site-packages/airflow/example_dags/example_task_group_decorator.py for tasks to queue
[2022-09-21T20:20:57.629+0000] {logging_mixin.py:117} INFO - [2022-09-21T20:20:57.628+0000] {dagbag.py:525} INFO - Filling up the DagBag from /home/airflow/.local/lib/python3.7/site-packages/airflow/example_dags/example_task_group_decorator.py
[2022-09-21T20:20:57.924+0000] {processor.py:768} INFO - DAG(s) dict_keys(['example_task_group_decorator']) retrieved from /home/airflow/.local/lib/python3.7/site-packages/airflow/example_dags/example_task_group_decorator.py
[2022-09-21T20:20:58.099+0000] {logging_mixin.py:117} INFO - [2022-09-21T20:20:58.099+0000] {dag.py:2573} INFO - Sync 1 DAGs
[2022-09-21T20:20:58.248+0000] {logging_mixin.py:117} INFO - [2022-09-21T20:20:58.246+0000] {dag.py:3328} INFO - Setting next_dagrun for example_task_group_decorator to 2022-09-20T20:20:58.245621+00:00, run_after=2022-09-21T20:20:58.245621+00:00
[2022-09-21T20:20:58.354+0000] {processor.py:178} INFO - Processing /home/airflow/.local/lib/python3.7/site-packages/airflow/example_dags/example_task_group_decorator.py took 0.732 seconds
[2022-09-21T20:21:29.068+0000] {processor.py:156} INFO - Started process (PID=185) to work on /home/airflow/.local/lib/python3.7/site-packages/airflow/example_dags/example_task_group_decorator.py
[2022-09-21T20:21:29.077+0000] {processor.py:758} INFO - Processing file /home/airflow/.local/lib/python3.7/site-packages/airflow/example_dags/example_task_group_decorator.py for tasks to queue
[2022-09-21T20:21:29.078+0000] {logging_mixin.py:117} INFO - [2022-09-21T20:21:29.077+0000] {dagbag.py:525} INFO - Filling up the DagBag from /home/airflow/.local/lib/python3.7/site-packages/airflow/example_dags/example_task_group_decorator.py
[2022-09-21T20:21:29.415+0000] {processor.py:768} INFO - DAG(s) dict_keys(['example_task_group_decorator']) retrieved from /home/airflow/.local/lib/python3.7/site-packages/airflow/example_dags/example_task_group_decorator.py
[2022-09-21T20:21:29.543+0000] {logging_mixin.py:117} INFO - [2022-09-21T20:21:29.542+0000] {dag.py:2573} INFO - Sync 1 DAGs
[2022-09-21T20:21:29.630+0000] {logging_mixin.py:117} INFO - [2022-09-21T20:21:29.630+0000] {dag.py:3328} INFO - Setting next_dagrun for example_task_group_decorator to 2022-09-20T20:21:29.629880+00:00, run_after=2022-09-21T20:21:29.629880+00:00
[2022-09-21T20:21:29.671+0000] {processor.py:178} INFO - Processing /home/airflow/.local/lib/python3.7/site-packages/airflow/example_dags/example_task_group_decorator.py took 0.608 seconds
[2022-09-21T20:22:00.352+0000] {processor.py:156} INFO - Started process (PID=239) to work on /home/airflow/.local/lib/python3.7/site-packages/airflow/example_dags/example_task_group_decorator.py
[2022-09-21T20:22:00.356+0000] {processor.py:758} INFO - Processing file /home/airflow/.local/lib/python3.7/site-packages/airflow/example_dags/example_task_group_decorator.py for tasks to queue
[2022-09-21T20:22:00.358+0000] {logging_mixin.py:117} INFO - [2022-09-21T20:22:00.358+0000] {dagbag.py:525} INFO - Filling up the DagBag from /home/airflow/.local/lib/python3.7/site-packages/airflow/example_dags/example_task_group_decorator.py
[2022-09-21T20:22:00.435+0000] {processor.py:768} INFO - DAG(s) dict_keys(['example_task_group_decorator']) retrieved from /home/airflow/.local/lib/python3.7/site-packages/airflow/example_dags/example_task_group_decorator.py
[2022-09-21T20:22:00.507+0000] {logging_mixin.py:117} INFO - [2022-09-21T20:22:00.506+0000] {dag.py:2573} INFO - Sync 1 DAGs
[2022-09-21T20:22:00.568+0000] {logging_mixin.py:117} INFO - [2022-09-21T20:22:00.568+0000] {dag.py:3328} INFO - Setting next_dagrun for example_task_group_decorator to 2022-09-20T20:22:00.567723+00:00, run_after=2022-09-21T20:22:00.567723+00:00
[2022-09-21T20:22:00.608+0000] {processor.py:178} INFO - Processing /home/airflow/.local/lib/python3.7/site-packages/airflow/example_dags/example_task_group_decorator.py took 0.260 seconds
[2022-09-21T20:22:31.011+0000] {processor.py:156} INFO - Started process (PID=304) to work on /home/airflow/.local/lib/python3.7/site-packages/airflow/example_dags/example_task_group_decorator.py
[2022-09-21T20:22:31.011+0000] {processor.py:758} INFO - Processing file /home/airflow/.local/lib/python3.7/site-packages/airflow/example_dags/example_task_group_decorator.py for tasks to queue
[2022-09-21T20:22:31.012+0000] {logging_mixin.py:117} INFO - [2022-09-21T20:22:31.012+0000] {dagbag.py:525} INFO - Filling up the DagBag from /home/airflow/.local/lib/python3.7/site-packages/airflow/example_dags/example_task_group_decorator.py
[2022-09-21T20:22:31.044+0000] {processor.py:768} INFO - DAG(s) dict_keys(['example_task_group_decorator']) retrieved from /home/airflow/.local/lib/python3.7/site-packages/airflow/example_dags/example_task_group_decorator.py
[2022-09-21T20:22:31.102+0000] {logging_mixin.py:117} INFO - [2022-09-21T20:22:31.101+0000] {dag.py:2573} INFO - Sync 1 DAGs
[2022-09-21T20:22:31.137+0000] {logging_mixin.py:117} INFO - [2022-09-21T20:22:31.137+0000] {dag.py:3328} INFO - Setting next_dagrun for example_task_group_decorator to 2022-09-20T20:22:31.137023+00:00, run_after=2022-09-21T20:22:31.137023+00:00
[2022-09-21T20:22:31.169+0000] {processor.py:178} INFO - Processing /home/airflow/.local/lib/python3.7/site-packages/airflow/example_dags/example_task_group_decorator.py took 0.161 seconds
[2022-09-21T20:23:01.307+0000] {processor.py:156} INFO - Started process (PID=359) to work on /home/airflow/.local/lib/python3.7/site-packages/airflow/example_dags/example_task_group_decorator.py
[2022-09-21T20:23:01.308+0000] {processor.py:758} INFO - Processing file /home/airflow/.local/lib/python3.7/site-packages/airflow/example_dags/example_task_group_decorator.py for tasks to queue
[2022-09-21T20:23:01.309+0000] {logging_mixin.py:117} INFO - [2022-09-21T20:23:01.309+0000] {dagbag.py:525} INFO - Filling up the DagBag from /home/airflow/.local/lib/python3.7/site-packages/airflow/example_dags/example_task_group_decorator.py
[2022-09-21T20:23:01.344+0000] {processor.py:768} INFO - DAG(s) dict_keys(['example_task_group_decorator']) retrieved from /home/airflow/.local/lib/python3.7/site-packages/airflow/example_dags/example_task_group_decorator.py
[2022-09-21T20:23:01.369+0000] {logging_mixin.py:117} INFO - [2022-09-21T20:23:01.368+0000] {dag.py:2573} INFO - Sync 1 DAGs
[2022-09-21T20:23:01.403+0000] {logging_mixin.py:117} INFO - [2022-09-21T20:23:01.403+0000] {dag.py:3328} INFO - Setting next_dagrun for example_task_group_decorator to 2022-09-20T20:23:01.403513+00:00, run_after=2022-09-21T20:23:01.403513+00:00
[2022-09-21T20:23:01.429+0000] {processor.py:178} INFO - Processing /home/airflow/.local/lib/python3.7/site-packages/airflow/example_dags/example_task_group_decorator.py took 0.125 seconds
[2022-09-21T20:23:31.941+0000] {processor.py:156} INFO - Started process (PID=423) to work on /home/airflow/.local/lib/python3.7/site-packages/airflow/example_dags/example_task_group_decorator.py
[2022-09-21T20:23:31.942+0000] {processor.py:758} INFO - Processing file /home/airflow/.local/lib/python3.7/site-packages/airflow/example_dags/example_task_group_decorator.py for tasks to queue
[2022-09-21T20:23:31.943+0000] {logging_mixin.py:117} INFO - [2022-09-21T20:23:31.943+0000] {dagbag.py:525} INFO - Filling up the DagBag from /home/airflow/.local/lib/python3.7/site-packages/airflow/example_dags/example_task_group_decorator.py
[2022-09-21T20:23:31.980+0000] {processor.py:768} INFO - DAG(s) dict_keys(['example_task_group_decorator']) retrieved from /home/airflow/.local/lib/python3.7/site-packages/airflow/example_dags/example_task_group_decorator.py
[2022-09-21T20:23:32.028+0000] {logging_mixin.py:117} INFO - [2022-09-21T20:23:32.028+0000] {dag.py:2573} INFO - Sync 1 DAGs
[2022-09-21T20:23:32.057+0000] {logging_mixin.py:117} INFO - [2022-09-21T20:23:32.056+0000] {dag.py:3328} INFO - Setting next_dagrun for example_task_group_decorator to 2022-09-20T20:23:32.056786+00:00, run_after=2022-09-21T20:23:32.056786+00:00
[2022-09-21T20:23:32.079+0000] {processor.py:178} INFO - Processing /home/airflow/.local/lib/python3.7/site-packages/airflow/example_dags/example_task_group_decorator.py took 0.141 seconds
[2022-09-21T20:24:02.206+0000] {processor.py:156} INFO - Started process (PID=478) to work on /home/airflow/.local/lib/python3.7/site-packages/airflow/example_dags/example_task_group_decorator.py
[2022-09-21T20:24:02.207+0000] {processor.py:758} INFO - Processing file /home/airflow/.local/lib/python3.7/site-packages/airflow/example_dags/example_task_group_decorator.py for tasks to queue
[2022-09-21T20:24:02.208+0000] {logging_mixin.py:117} INFO - [2022-09-21T20:24:02.207+0000] {dagbag.py:525} INFO - Filling up the DagBag from /home/airflow/.local/lib/python3.7/site-packages/airflow/example_dags/example_task_group_decorator.py
[2022-09-21T20:24:02.251+0000] {processor.py:768} INFO - DAG(s) dict_keys(['example_task_group_decorator']) retrieved from /home/airflow/.local/lib/python3.7/site-packages/airflow/example_dags/example_task_group_decorator.py
[2022-09-21T20:24:02.303+0000] {logging_mixin.py:117} INFO - [2022-09-21T20:24:02.303+0000] {dag.py:2573} INFO - Sync 1 DAGs
[2022-09-21T20:24:02.331+0000] {logging_mixin.py:117} INFO - [2022-09-21T20:24:02.331+0000] {dag.py:3328} INFO - Setting next_dagrun for example_task_group_decorator to 2022-09-20T20:24:02.330829+00:00, run_after=2022-09-21T20:24:02.330829+00:00
[2022-09-21T20:24:02.355+0000] {processor.py:178} INFO - Processing /home/airflow/.local/lib/python3.7/site-packages/airflow/example_dags/example_task_group_decorator.py took 0.152 seconds
[2022-09-21T20:24:32.811+0000] {processor.py:156} INFO - Started process (PID=542) to work on /home/airflow/.local/lib/python3.7/site-packages/airflow/example_dags/example_task_group_decorator.py
[2022-09-21T20:24:32.812+0000] {processor.py:758} INFO - Processing file /home/airflow/.local/lib/python3.7/site-packages/airflow/example_dags/example_task_group_decorator.py for tasks to queue
[2022-09-21T20:24:32.813+0000] {logging_mixin.py:117} INFO - [2022-09-21T20:24:32.813+0000] {dagbag.py:525} INFO - Filling up the DagBag from /home/airflow/.local/lib/python3.7/site-packages/airflow/example_dags/example_task_group_decorator.py
[2022-09-21T20:24:32.857+0000] {processor.py:768} INFO - DAG(s) dict_keys(['example_task_group_decorator']) retrieved from /home/airflow/.local/lib/python3.7/site-packages/airflow/example_dags/example_task_group_decorator.py
[2022-09-21T20:24:32.920+0000] {logging_mixin.py:117} INFO - [2022-09-21T20:24:32.920+0000] {dag.py:2573} INFO - Sync 1 DAGs
[2022-09-21T20:24:32.963+0000] {logging_mixin.py:117} INFO - [2022-09-21T20:24:32.962+0000] {dag.py:3328} INFO - Setting next_dagrun for example_task_group_decorator to 2022-09-20T20:24:32.962553+00:00, run_after=2022-09-21T20:24:32.962553+00:00
[2022-09-21T20:24:32.994+0000] {processor.py:178} INFO - Processing /home/airflow/.local/lib/python3.7/site-packages/airflow/example_dags/example_task_group_decorator.py took 0.187 seconds
[2022-09-21T20:25:03.110+0000] {processor.py:156} INFO - Started process (PID=597) to work on /home/airflow/.local/lib/python3.7/site-packages/airflow/example_dags/example_task_group_decorator.py
[2022-09-21T20:25:03.111+0000] {processor.py:758} INFO - Processing file /home/airflow/.local/lib/python3.7/site-packages/airflow/example_dags/example_task_group_decorator.py for tasks to queue
[2022-09-21T20:25:03.112+0000] {logging_mixin.py:117} INFO - [2022-09-21T20:25:03.112+0000] {dagbag.py:525} INFO - Filling up the DagBag from /home/airflow/.local/lib/python3.7/site-packages/airflow/example_dags/example_task_group_decorator.py
[2022-09-21T20:25:03.186+0000] {processor.py:768} INFO - DAG(s) dict_keys(['example_task_group_decorator']) retrieved from /home/airflow/.local/lib/python3.7/site-packages/airflow/example_dags/example_task_group_decorator.py
[2022-09-21T20:25:03.233+0000] {logging_mixin.py:117} INFO - [2022-09-21T20:25:03.233+0000] {dag.py:2573} INFO - Sync 1 DAGs
[2022-09-21T20:25:03.275+0000] {logging_mixin.py:117} INFO - [2022-09-21T20:25:03.275+0000] {dag.py:3328} INFO - Setting next_dagrun for example_task_group_decorator to 2022-09-20T20:25:03.275461+00:00, run_after=2022-09-21T20:25:03.275461+00:00
[2022-09-21T20:25:03.314+0000] {processor.py:178} INFO - Processing /home/airflow/.local/lib/python3.7/site-packages/airflow/example_dags/example_task_group_decorator.py took 0.208 seconds
[2022-09-21T20:25:33.508+0000] {processor.py:156} INFO - Started process (PID=661) to work on /home/airflow/.local/lib/python3.7/site-packages/airflow/example_dags/example_task_group_decorator.py
[2022-09-21T20:25:33.509+0000] {processor.py:758} INFO - Processing file /home/airflow/.local/lib/python3.7/site-packages/airflow/example_dags/example_task_group_decorator.py for tasks to queue
[2022-09-21T20:25:33.509+0000] {logging_mixin.py:117} INFO - [2022-09-21T20:25:33.509+0000] {dagbag.py:525} INFO - Filling up the DagBag from /home/airflow/.local/lib/python3.7/site-packages/airflow/example_dags/example_task_group_decorator.py
[2022-09-21T20:25:33.540+0000] {processor.py:768} INFO - DAG(s) dict_keys(['example_task_group_decorator']) retrieved from /home/airflow/.local/lib/python3.7/site-packages/airflow/example_dags/example_task_group_decorator.py
[2022-09-21T20:25:33.580+0000] {logging_mixin.py:117} INFO - [2022-09-21T20:25:33.579+0000] {dag.py:2573} INFO - Sync 1 DAGs
[2022-09-21T20:25:33.607+0000] {logging_mixin.py:117} INFO - [2022-09-21T20:25:33.606+0000] {dag.py:3328} INFO - Setting next_dagrun for example_task_group_decorator to 2022-09-20T20:25:33.606560+00:00, run_after=2022-09-21T20:25:33.606560+00:00
[2022-09-21T20:25:33.628+0000] {processor.py:178} INFO - Processing /home/airflow/.local/lib/python3.7/site-packages/airflow/example_dags/example_task_group_decorator.py took 0.123 seconds
[2022-09-21T20:26:03.870+0000] {processor.py:156} INFO - Started process (PID=724) to work on /home/airflow/.local/lib/python3.7/site-packages/airflow/example_dags/example_task_group_decorator.py
[2022-09-21T20:26:03.871+0000] {processor.py:758} INFO - Processing file /home/airflow/.local/lib/python3.7/site-packages/airflow/example_dags/example_task_group_decorator.py for tasks to queue
[2022-09-21T20:26:03.872+0000] {logging_mixin.py:117} INFO - [2022-09-21T20:26:03.872+0000] {dagbag.py:525} INFO - Filling up the DagBag from /home/airflow/.local/lib/python3.7/site-packages/airflow/example_dags/example_task_group_decorator.py
[2022-09-21T20:26:03.918+0000] {processor.py:768} INFO - DAG(s) dict_keys(['example_task_group_decorator']) retrieved from /home/airflow/.local/lib/python3.7/site-packages/airflow/example_dags/example_task_group_decorator.py
[2022-09-21T20:26:03.976+0000] {logging_mixin.py:117} INFO - [2022-09-21T20:26:03.976+0000] {dag.py:2573} INFO - Sync 1 DAGs
[2022-09-21T20:26:04.016+0000] {logging_mixin.py:117} INFO - [2022-09-21T20:26:04.016+0000] {dag.py:3328} INFO - Setting next_dagrun for example_task_group_decorator to 2022-09-20T20:26:04.015973+00:00, run_after=2022-09-21T20:26:04.015973+00:00
[2022-09-21T20:26:04.047+0000] {processor.py:178} INFO - Processing /home/airflow/.local/lib/python3.7/site-packages/airflow/example_dags/example_task_group_decorator.py took 0.184 seconds
[2022-09-21T20:26:34.414+0000] {processor.py:156} INFO - Started process (PID=779) to work on /home/airflow/.local/lib/python3.7/site-packages/airflow/example_dags/example_task_group_decorator.py
[2022-09-21T20:26:34.415+0000] {processor.py:758} INFO - Processing file /home/airflow/.local/lib/python3.7/site-packages/airflow/example_dags/example_task_group_decorator.py for tasks to queue
[2022-09-21T20:26:34.415+0000] {logging_mixin.py:117} INFO - [2022-09-21T20:26:34.415+0000] {dagbag.py:525} INFO - Filling up the DagBag from /home/airflow/.local/lib/python3.7/site-packages/airflow/example_dags/example_task_group_decorator.py
[2022-09-21T20:26:34.444+0000] {processor.py:768} INFO - DAG(s) dict_keys(['example_task_group_decorator']) retrieved from /home/airflow/.local/lib/python3.7/site-packages/airflow/example_dags/example_task_group_decorator.py
[2022-09-21T20:26:34.481+0000] {logging_mixin.py:117} INFO - [2022-09-21T20:26:34.481+0000] {dag.py:2573} INFO - Sync 1 DAGs
[2022-09-21T20:26:34.502+0000] {logging_mixin.py:117} INFO - [2022-09-21T20:26:34.502+0000] {dag.py:3328} INFO - Setting next_dagrun for example_task_group_decorator to 2022-09-20T20:26:34.502427+00:00, run_after=2022-09-21T20:26:34.502427+00:00
[2022-09-21T20:26:34.520+0000] {processor.py:178} INFO - Processing /home/airflow/.local/lib/python3.7/site-packages/airflow/example_dags/example_task_group_decorator.py took 0.109 seconds
[2022-09-21T20:27:05.189+0000] {processor.py:156} INFO - Started process (PID=843) to work on /home/airflow/.local/lib/python3.7/site-packages/airflow/example_dags/example_task_group_decorator.py
[2022-09-21T20:27:05.190+0000] {processor.py:758} INFO - Processing file /home/airflow/.local/lib/python3.7/site-packages/airflow/example_dags/example_task_group_decorator.py for tasks to queue
[2022-09-21T20:27:05.191+0000] {logging_mixin.py:117} INFO - [2022-09-21T20:27:05.190+0000] {dagbag.py:525} INFO - Filling up the DagBag from /home/airflow/.local/lib/python3.7/site-packages/airflow/example_dags/example_task_group_decorator.py
[2022-09-21T20:27:05.221+0000] {processor.py:768} INFO - DAG(s) dict_keys(['example_task_group_decorator']) retrieved from /home/airflow/.local/lib/python3.7/site-packages/airflow/example_dags/example_task_group_decorator.py
[2022-09-21T20:27:05.271+0000] {logging_mixin.py:117} INFO - [2022-09-21T20:27:05.271+0000] {dag.py:2573} INFO - Sync 1 DAGs
[2022-09-21T20:27:05.305+0000] {logging_mixin.py:117} INFO - [2022-09-21T20:27:05.304+0000] {dag.py:3328} INFO - Setting next_dagrun for example_task_group_decorator to 2022-09-20T20:27:05.304624+00:00, run_after=2022-09-21T20:27:05.304624+00:00
[2022-09-21T20:27:05.327+0000] {processor.py:178} INFO - Processing /home/airflow/.local/lib/python3.7/site-packages/airflow/example_dags/example_task_group_decorator.py took 0.140 seconds
[2022-09-21T20:27:35.560+0000] {processor.py:156} INFO - Started process (PID=907) to work on /home/airflow/.local/lib/python3.7/site-packages/airflow/example_dags/example_task_group_decorator.py
[2022-09-21T20:27:35.564+0000] {processor.py:758} INFO - Processing file /home/airflow/.local/lib/python3.7/site-packages/airflow/example_dags/example_task_group_decorator.py for tasks to queue
[2022-09-21T20:27:35.565+0000] {logging_mixin.py:117} INFO - [2022-09-21T20:27:35.565+0000] {dagbag.py:525} INFO - Filling up the DagBag from /home/airflow/.local/lib/python3.7/site-packages/airflow/example_dags/example_task_group_decorator.py
[2022-09-21T20:27:35.603+0000] {processor.py:768} INFO - DAG(s) dict_keys(['example_task_group_decorator']) retrieved from /home/airflow/.local/lib/python3.7/site-packages/airflow/example_dags/example_task_group_decorator.py
[2022-09-21T20:27:35.653+0000] {logging_mixin.py:117} INFO - [2022-09-21T20:27:35.652+0000] {dag.py:2573} INFO - Sync 1 DAGs
[2022-09-21T20:27:35.678+0000] {logging_mixin.py:117} INFO - [2022-09-21T20:27:35.678+0000] {dag.py:3328} INFO - Setting next_dagrun for example_task_group_decorator to 2022-09-20T20:27:35.678126+00:00, run_after=2022-09-21T20:27:35.678126+00:00
[2022-09-21T20:27:35.696+0000] {processor.py:178} INFO - Processing /home/airflow/.local/lib/python3.7/site-packages/airflow/example_dags/example_task_group_decorator.py took 0.138 seconds
[2022-09-21T20:28:06.117+0000] {processor.py:156} INFO - Started process (PID=962) to work on /home/airflow/.local/lib/python3.7/site-packages/airflow/example_dags/example_task_group_decorator.py
[2022-09-21T20:28:06.118+0000] {processor.py:758} INFO - Processing file /home/airflow/.local/lib/python3.7/site-packages/airflow/example_dags/example_task_group_decorator.py for tasks to queue
[2022-09-21T20:28:06.118+0000] {logging_mixin.py:117} INFO - [2022-09-21T20:28:06.118+0000] {dagbag.py:525} INFO - Filling up the DagBag from /home/airflow/.local/lib/python3.7/site-packages/airflow/example_dags/example_task_group_decorator.py
[2022-09-21T20:28:06.178+0000] {processor.py:768} INFO - DAG(s) dict_keys(['example_task_group_decorator']) retrieved from /home/airflow/.local/lib/python3.7/site-packages/airflow/example_dags/example_task_group_decorator.py
[2022-09-21T20:28:06.241+0000] {logging_mixin.py:117} INFO - [2022-09-21T20:28:06.241+0000] {dag.py:2573} INFO - Sync 1 DAGs
[2022-09-21T20:28:06.282+0000] {logging_mixin.py:117} INFO - [2022-09-21T20:28:06.282+0000] {dag.py:3328} INFO - Setting next_dagrun for example_task_group_decorator to 2022-09-20T20:28:06.281879+00:00, run_after=2022-09-21T20:28:06.281879+00:00
[2022-09-21T20:28:06.307+0000] {processor.py:178} INFO - Processing /home/airflow/.local/lib/python3.7/site-packages/airflow/example_dags/example_task_group_decorator.py took 0.193 seconds
[2022-09-21T20:28:36.911+0000] {processor.py:156} INFO - Started process (PID=1025) to work on /home/airflow/.local/lib/python3.7/site-packages/airflow/example_dags/example_task_group_decorator.py
[2022-09-21T20:28:36.912+0000] {processor.py:758} INFO - Processing file /home/airflow/.local/lib/python3.7/site-packages/airflow/example_dags/example_task_group_decorator.py for tasks to queue
[2022-09-21T20:28:36.913+0000] {logging_mixin.py:117} INFO - [2022-09-21T20:28:36.913+0000] {dagbag.py:525} INFO - Filling up the DagBag from /home/airflow/.local/lib/python3.7/site-packages/airflow/example_dags/example_task_group_decorator.py
[2022-09-21T20:28:36.967+0000] {processor.py:768} INFO - DAG(s) dict_keys(['example_task_group_decorator']) retrieved from /home/airflow/.local/lib/python3.7/site-packages/airflow/example_dags/example_task_group_decorator.py
[2022-09-21T20:28:37.009+0000] {logging_mixin.py:117} INFO - [2022-09-21T20:28:37.009+0000] {dag.py:2573} INFO - Sync 1 DAGs
[2022-09-21T20:28:37.034+0000] {logging_mixin.py:117} INFO - [2022-09-21T20:28:37.034+0000] {dag.py:3328} INFO - Setting next_dagrun for example_task_group_decorator to 2022-09-20T20:28:37.034450+00:00, run_after=2022-09-21T20:28:37.034450+00:00
[2022-09-21T20:28:37.057+0000] {processor.py:178} INFO - Processing /home/airflow/.local/lib/python3.7/site-packages/airflow/example_dags/example_task_group_decorator.py took 0.150 seconds
[2022-09-21T20:29:07.913+0000] {processor.py:156} INFO - Started process (PID=1089) to work on /home/airflow/.local/lib/python3.7/site-packages/airflow/example_dags/example_task_group_decorator.py
[2022-09-21T20:29:07.914+0000] {processor.py:758} INFO - Processing file /home/airflow/.local/lib/python3.7/site-packages/airflow/example_dags/example_task_group_decorator.py for tasks to queue
[2022-09-21T20:29:07.915+0000] {logging_mixin.py:117} INFO - [2022-09-21T20:29:07.915+0000] {dagbag.py:525} INFO - Filling up the DagBag from /home/airflow/.local/lib/python3.7/site-packages/airflow/example_dags/example_task_group_decorator.py
[2022-09-21T20:29:07.960+0000] {processor.py:768} INFO - DAG(s) dict_keys(['example_task_group_decorator']) retrieved from /home/airflow/.local/lib/python3.7/site-packages/airflow/example_dags/example_task_group_decorator.py
[2022-09-21T20:29:08.027+0000] {logging_mixin.py:117} INFO - [2022-09-21T20:29:08.026+0000] {dag.py:2573} INFO - Sync 1 DAGs
[2022-09-21T20:29:08.059+0000] {logging_mixin.py:117} INFO - [2022-09-21T20:29:08.058+0000] {dag.py:3328} INFO - Setting next_dagrun for example_task_group_decorator to 2022-09-20T20:29:08.058636+00:00, run_after=2022-09-21T20:29:08.058636+00:00
[2022-09-21T20:29:08.081+0000] {processor.py:178} INFO - Processing /home/airflow/.local/lib/python3.7/site-packages/airflow/example_dags/example_task_group_decorator.py took 0.173 seconds
[2022-09-21T20:29:38.485+0000] {processor.py:156} INFO - Started process (PID=1144) to work on /home/airflow/.local/lib/python3.7/site-packages/airflow/example_dags/example_task_group_decorator.py
[2022-09-21T20:29:38.486+0000] {processor.py:758} INFO - Processing file /home/airflow/.local/lib/python3.7/site-packages/airflow/example_dags/example_task_group_decorator.py for tasks to queue
[2022-09-21T20:29:38.488+0000] {logging_mixin.py:117} INFO - [2022-09-21T20:29:38.487+0000] {dagbag.py:525} INFO - Filling up the DagBag from /home/airflow/.local/lib/python3.7/site-packages/airflow/example_dags/example_task_group_decorator.py
[2022-09-21T20:29:38.679+0000] {processor.py:768} INFO - DAG(s) dict_keys(['example_task_group_decorator']) retrieved from /home/airflow/.local/lib/python3.7/site-packages/airflow/example_dags/example_task_group_decorator.py
[2022-09-21T20:29:38.920+0000] {logging_mixin.py:117} INFO - [2022-09-21T20:29:38.919+0000] {dag.py:2573} INFO - Sync 1 DAGs
[2022-09-21T20:29:39.022+0000] {logging_mixin.py:117} INFO - [2022-09-21T20:29:39.022+0000] {dag.py:3328} INFO - Setting next_dagrun for example_task_group_decorator to 2022-09-20T20:29:39.021989+00:00, run_after=2022-09-21T20:29:39.021989+00:00
[2022-09-21T20:29:39.117+0000] {processor.py:178} INFO - Processing /home/airflow/.local/lib/python3.7/site-packages/airflow/example_dags/example_task_group_decorator.py took 0.639 seconds
[2022-09-21T20:30:09.383+0000] {processor.py:156} INFO - Started process (PID=1207) to work on /home/airflow/.local/lib/python3.7/site-packages/airflow/example_dags/example_task_group_decorator.py
[2022-09-21T20:30:09.397+0000] {processor.py:758} INFO - Processing file /home/airflow/.local/lib/python3.7/site-packages/airflow/example_dags/example_task_group_decorator.py for tasks to queue
[2022-09-21T20:30:09.399+0000] {logging_mixin.py:117} INFO - [2022-09-21T20:30:09.398+0000] {dagbag.py:525} INFO - Filling up the DagBag from /home/airflow/.local/lib/python3.7/site-packages/airflow/example_dags/example_task_group_decorator.py
[2022-09-21T20:30:09.699+0000] {processor.py:768} INFO - DAG(s) dict_keys(['example_task_group_decorator']) retrieved from /home/airflow/.local/lib/python3.7/site-packages/airflow/example_dags/example_task_group_decorator.py
[2022-09-21T20:30:10.161+0000] {logging_mixin.py:117} INFO - [2022-09-21T20:30:10.160+0000] {dag.py:2573} INFO - Sync 1 DAGs
[2022-09-21T20:30:10.371+0000] {logging_mixin.py:117} INFO - [2022-09-21T20:30:10.371+0000] {dag.py:3328} INFO - Setting next_dagrun for example_task_group_decorator to 2022-09-20T20:30:10.370988+00:00, run_after=2022-09-21T20:30:10.370988+00:00
[2022-09-21T20:30:10.527+0000] {processor.py:178} INFO - Processing /home/airflow/.local/lib/python3.7/site-packages/airflow/example_dags/example_task_group_decorator.py took 1.183 seconds
[2022-09-21T20:30:41.194+0000] {processor.py:156} INFO - Started process (PID=1265) to work on /home/airflow/.local/lib/python3.7/site-packages/airflow/example_dags/example_task_group_decorator.py
[2022-09-21T20:30:41.195+0000] {processor.py:758} INFO - Processing file /home/airflow/.local/lib/python3.7/site-packages/airflow/example_dags/example_task_group_decorator.py for tasks to queue
[2022-09-21T20:30:41.195+0000] {logging_mixin.py:117} INFO - [2022-09-21T20:30:41.195+0000] {dagbag.py:525} INFO - Filling up the DagBag from /home/airflow/.local/lib/python3.7/site-packages/airflow/example_dags/example_task_group_decorator.py
[2022-09-21T20:30:41.270+0000] {processor.py:768} INFO - DAG(s) dict_keys(['example_task_group_decorator']) retrieved from /home/airflow/.local/lib/python3.7/site-packages/airflow/example_dags/example_task_group_decorator.py
[2022-09-21T20:30:41.354+0000] {logging_mixin.py:117} INFO - [2022-09-21T20:30:41.354+0000] {dag.py:2573} INFO - Sync 1 DAGs
[2022-09-21T20:30:41.407+0000] {logging_mixin.py:117} INFO - [2022-09-21T20:30:41.407+0000] {dag.py:3328} INFO - Setting next_dagrun for example_task_group_decorator to 2022-09-20T20:30:41.407172+00:00, run_after=2022-09-21T20:30:41.407172+00:00
[2022-09-21T20:30:41.440+0000] {processor.py:178} INFO - Processing /home/airflow/.local/lib/python3.7/site-packages/airflow/example_dags/example_task_group_decorator.py took 0.250 seconds
[2022-09-21T20:31:11.698+0000] {processor.py:156} INFO - Started process (PID=1320) to work on /home/airflow/.local/lib/python3.7/site-packages/airflow/example_dags/example_task_group_decorator.py
[2022-09-21T20:31:11.699+0000] {processor.py:758} INFO - Processing file /home/airflow/.local/lib/python3.7/site-packages/airflow/example_dags/example_task_group_decorator.py for tasks to queue
[2022-09-21T20:31:11.700+0000] {logging_mixin.py:117} INFO - [2022-09-21T20:31:11.700+0000] {dagbag.py:525} INFO - Filling up the DagBag from /home/airflow/.local/lib/python3.7/site-packages/airflow/example_dags/example_task_group_decorator.py
[2022-09-21T20:31:11.762+0000] {processor.py:768} INFO - DAG(s) dict_keys(['example_task_group_decorator']) retrieved from /home/airflow/.local/lib/python3.7/site-packages/airflow/example_dags/example_task_group_decorator.py
[2022-09-21T20:31:11.833+0000] {logging_mixin.py:117} INFO - [2022-09-21T20:31:11.833+0000] {dag.py:2573} INFO - Sync 1 DAGs
[2022-09-21T20:31:11.877+0000] {logging_mixin.py:117} INFO - [2022-09-21T20:31:11.876+0000] {dag.py:3328} INFO - Setting next_dagrun for example_task_group_decorator to 2022-09-20T20:31:11.876526+00:00, run_after=2022-09-21T20:31:11.876526+00:00
[2022-09-21T20:31:11.916+0000] {processor.py:178} INFO - Processing /home/airflow/.local/lib/python3.7/site-packages/airflow/example_dags/example_task_group_decorator.py took 0.221 seconds
[2022-09-21T20:31:42.504+0000] {processor.py:156} INFO - Started process (PID=1384) to work on /home/airflow/.local/lib/python3.7/site-packages/airflow/example_dags/example_task_group_decorator.py
[2022-09-21T20:31:42.505+0000] {processor.py:758} INFO - Processing file /home/airflow/.local/lib/python3.7/site-packages/airflow/example_dags/example_task_group_decorator.py for tasks to queue
[2022-09-21T20:31:42.506+0000] {logging_mixin.py:117} INFO - [2022-09-21T20:31:42.506+0000] {dagbag.py:525} INFO - Filling up the DagBag from /home/airflow/.local/lib/python3.7/site-packages/airflow/example_dags/example_task_group_decorator.py
[2022-09-21T20:31:42.557+0000] {processor.py:768} INFO - DAG(s) dict_keys(['example_task_group_decorator']) retrieved from /home/airflow/.local/lib/python3.7/site-packages/airflow/example_dags/example_task_group_decorator.py
[2022-09-21T20:31:42.629+0000] {logging_mixin.py:117} INFO - [2022-09-21T20:31:42.629+0000] {dag.py:2573} INFO - Sync 1 DAGs
[2022-09-21T20:31:42.684+0000] {logging_mixin.py:117} INFO - [2022-09-21T20:31:42.684+0000] {dag.py:3328} INFO - Setting next_dagrun for example_task_group_decorator to 2022-09-20T20:31:42.684198+00:00, run_after=2022-09-21T20:31:42.684198+00:00
[2022-09-21T20:31:42.721+0000] {processor.py:178} INFO - Processing /home/airflow/.local/lib/python3.7/site-packages/airflow/example_dags/example_task_group_decorator.py took 0.222 seconds
[2022-09-21T20:32:12.958+0000] {processor.py:156} INFO - Started process (PID=1439) to work on /home/airflow/.local/lib/python3.7/site-packages/airflow/example_dags/example_task_group_decorator.py
[2022-09-21T20:32:12.959+0000] {processor.py:758} INFO - Processing file /home/airflow/.local/lib/python3.7/site-packages/airflow/example_dags/example_task_group_decorator.py for tasks to queue
[2022-09-21T20:32:12.959+0000] {logging_mixin.py:117} INFO - [2022-09-21T20:32:12.959+0000] {dagbag.py:525} INFO - Filling up the DagBag from /home/airflow/.local/lib/python3.7/site-packages/airflow/example_dags/example_task_group_decorator.py
[2022-09-21T20:32:13.003+0000] {processor.py:768} INFO - DAG(s) dict_keys(['example_task_group_decorator']) retrieved from /home/airflow/.local/lib/python3.7/site-packages/airflow/example_dags/example_task_group_decorator.py
[2022-09-21T20:32:13.069+0000] {logging_mixin.py:117} INFO - [2022-09-21T20:32:13.069+0000] {dag.py:2573} INFO - Sync 1 DAGs
[2022-09-21T20:32:13.116+0000] {logging_mixin.py:117} INFO - [2022-09-21T20:32:13.116+0000] {dag.py:3328} INFO - Setting next_dagrun for example_task_group_decorator to 2022-09-20T20:32:13.115933+00:00, run_after=2022-09-21T20:32:13.115933+00:00
[2022-09-21T20:32:13.143+0000] {processor.py:178} INFO - Processing /home/airflow/.local/lib/python3.7/site-packages/airflow/example_dags/example_task_group_decorator.py took 0.189 seconds
[2022-09-21T20:32:43.335+0000] {processor.py:156} INFO - Started process (PID=1504) to work on /home/airflow/.local/lib/python3.7/site-packages/airflow/example_dags/example_task_group_decorator.py
[2022-09-21T20:32:43.338+0000] {processor.py:758} INFO - Processing file /home/airflow/.local/lib/python3.7/site-packages/airflow/example_dags/example_task_group_decorator.py for tasks to queue
[2022-09-21T20:32:43.339+0000] {logging_mixin.py:117} INFO - [2022-09-21T20:32:43.339+0000] {dagbag.py:525} INFO - Filling up the DagBag from /home/airflow/.local/lib/python3.7/site-packages/airflow/example_dags/example_task_group_decorator.py
[2022-09-21T20:32:43.372+0000] {processor.py:768} INFO - DAG(s) dict_keys(['example_task_group_decorator']) retrieved from /home/airflow/.local/lib/python3.7/site-packages/airflow/example_dags/example_task_group_decorator.py
[2022-09-21T20:32:43.415+0000] {logging_mixin.py:117} INFO - [2022-09-21T20:32:43.415+0000] {dag.py:2573} INFO - Sync 1 DAGs
[2022-09-21T20:32:43.441+0000] {logging_mixin.py:117} INFO - [2022-09-21T20:32:43.441+0000] {dag.py:3328} INFO - Setting next_dagrun for example_task_group_decorator to 2022-09-20T20:32:43.440858+00:00, run_after=2022-09-21T20:32:43.440858+00:00
[2022-09-21T20:32:43.463+0000] {processor.py:178} INFO - Processing /home/airflow/.local/lib/python3.7/site-packages/airflow/example_dags/example_task_group_decorator.py took 0.130 seconds
[2022-09-21T20:33:13.890+0000] {processor.py:156} INFO - Started process (PID=1558) to work on /home/airflow/.local/lib/python3.7/site-packages/airflow/example_dags/example_task_group_decorator.py
[2022-09-21T20:33:13.897+0000] {processor.py:758} INFO - Processing file /home/airflow/.local/lib/python3.7/site-packages/airflow/example_dags/example_task_group_decorator.py for tasks to queue
[2022-09-21T20:33:13.900+0000] {logging_mixin.py:117} INFO - [2022-09-21T20:33:13.899+0000] {dagbag.py:525} INFO - Filling up the DagBag from /home/airflow/.local/lib/python3.7/site-packages/airflow/example_dags/example_task_group_decorator.py
[2022-09-21T20:33:14.051+0000] {processor.py:768} INFO - DAG(s) dict_keys(['example_task_group_decorator']) retrieved from /home/airflow/.local/lib/python3.7/site-packages/airflow/example_dags/example_task_group_decorator.py
[2022-09-21T20:33:14.287+0000] {logging_mixin.py:117} INFO - [2022-09-21T20:33:14.286+0000] {dag.py:2573} INFO - Sync 1 DAGs
[2022-09-21T20:33:14.510+0000] {logging_mixin.py:117} INFO - [2022-09-21T20:33:14.510+0000] {dag.py:3328} INFO - Setting next_dagrun for example_task_group_decorator to 2022-09-20T20:33:14.509186+00:00, run_after=2022-09-21T20:33:14.509186+00:00
[2022-09-21T20:33:14.648+0000] {processor.py:178} INFO - Processing /home/airflow/.local/lib/python3.7/site-packages/airflow/example_dags/example_task_group_decorator.py took 0.769 seconds
[2022-09-21T20:33:44.741+0000] {processor.py:156} INFO - Started process (PID=1612) to work on /home/airflow/.local/lib/python3.7/site-packages/airflow/example_dags/example_task_group_decorator.py
[2022-09-21T20:33:44.744+0000] {processor.py:758} INFO - Processing file /home/airflow/.local/lib/python3.7/site-packages/airflow/example_dags/example_task_group_decorator.py for tasks to queue
[2022-09-21T20:33:44.745+0000] {logging_mixin.py:117} INFO - [2022-09-21T20:33:44.745+0000] {dagbag.py:525} INFO - Filling up the DagBag from /home/airflow/.local/lib/python3.7/site-packages/airflow/example_dags/example_task_group_decorator.py
[2022-09-21T20:33:44.772+0000] {processor.py:768} INFO - DAG(s) dict_keys(['example_task_group_decorator']) retrieved from /home/airflow/.local/lib/python3.7/site-packages/airflow/example_dags/example_task_group_decorator.py
[2022-09-21T20:33:44.807+0000] {logging_mixin.py:117} INFO - [2022-09-21T20:33:44.807+0000] {dag.py:2573} INFO - Sync 1 DAGs
[2022-09-21T20:33:44.834+0000] {logging_mixin.py:117} INFO - [2022-09-21T20:33:44.834+0000] {dag.py:3328} INFO - Setting next_dagrun for example_task_group_decorator to 2022-09-20T20:33:44.833838+00:00, run_after=2022-09-21T20:33:44.833838+00:00
[2022-09-21T20:33:44.851+0000] {processor.py:178} INFO - Processing /home/airflow/.local/lib/python3.7/site-packages/airflow/example_dags/example_task_group_decorator.py took 0.113 seconds
[2022-09-21T20:34:14.902+0000] {processor.py:156} INFO - Started process (PID=1675) to work on /home/airflow/.local/lib/python3.7/site-packages/airflow/example_dags/example_task_group_decorator.py
[2022-09-21T20:34:14.903+0000] {processor.py:758} INFO - Processing file /home/airflow/.local/lib/python3.7/site-packages/airflow/example_dags/example_task_group_decorator.py for tasks to queue
[2022-09-21T20:34:14.904+0000] {logging_mixin.py:117} INFO - [2022-09-21T20:34:14.904+0000] {dagbag.py:525} INFO - Filling up the DagBag from /home/airflow/.local/lib/python3.7/site-packages/airflow/example_dags/example_task_group_decorator.py
[2022-09-21T20:34:14.967+0000] {processor.py:768} INFO - DAG(s) dict_keys(['example_task_group_decorator']) retrieved from /home/airflow/.local/lib/python3.7/site-packages/airflow/example_dags/example_task_group_decorator.py
[2022-09-21T20:34:15.025+0000] {logging_mixin.py:117} INFO - [2022-09-21T20:34:15.025+0000] {dag.py:2573} INFO - Sync 1 DAGs
[2022-09-21T20:34:15.067+0000] {logging_mixin.py:117} INFO - [2022-09-21T20:34:15.066+0000] {dag.py:3328} INFO - Setting next_dagrun for example_task_group_decorator to 2022-09-20T20:34:15.066625+00:00, run_after=2022-09-21T20:34:15.066625+00:00
[2022-09-21T20:34:15.093+0000] {processor.py:178} INFO - Processing /home/airflow/.local/lib/python3.7/site-packages/airflow/example_dags/example_task_group_decorator.py took 0.195 seconds
[2022-09-21T20:34:45.455+0000] {processor.py:156} INFO - Started process (PID=1730) to work on /home/airflow/.local/lib/python3.7/site-packages/airflow/example_dags/example_task_group_decorator.py
[2022-09-21T20:34:45.456+0000] {processor.py:758} INFO - Processing file /home/airflow/.local/lib/python3.7/site-packages/airflow/example_dags/example_task_group_decorator.py for tasks to queue
[2022-09-21T20:34:45.456+0000] {logging_mixin.py:117} INFO - [2022-09-21T20:34:45.456+0000] {dagbag.py:525} INFO - Filling up the DagBag from /home/airflow/.local/lib/python3.7/site-packages/airflow/example_dags/example_task_group_decorator.py
[2022-09-21T20:34:45.494+0000] {processor.py:768} INFO - DAG(s) dict_keys(['example_task_group_decorator']) retrieved from /home/airflow/.local/lib/python3.7/site-packages/airflow/example_dags/example_task_group_decorator.py
[2022-09-21T20:34:45.534+0000] {logging_mixin.py:117} INFO - [2022-09-21T20:34:45.534+0000] {dag.py:2573} INFO - Sync 1 DAGs
[2022-09-21T20:34:45.560+0000] {logging_mixin.py:117} INFO - [2022-09-21T20:34:45.559+0000] {dag.py:3328} INFO - Setting next_dagrun for example_task_group_decorator to 2022-09-20T20:34:45.559612+00:00, run_after=2022-09-21T20:34:45.559612+00:00
[2022-09-21T20:34:45.580+0000] {processor.py:178} INFO - Processing /home/airflow/.local/lib/python3.7/site-packages/airflow/example_dags/example_task_group_decorator.py took 0.130 seconds
[2022-09-21T20:35:15.678+0000] {processor.py:156} INFO - Started process (PID=1795) to work on /home/airflow/.local/lib/python3.7/site-packages/airflow/example_dags/example_task_group_decorator.py
[2022-09-21T20:35:15.687+0000] {processor.py:758} INFO - Processing file /home/airflow/.local/lib/python3.7/site-packages/airflow/example_dags/example_task_group_decorator.py for tasks to queue
[2022-09-21T20:35:15.688+0000] {logging_mixin.py:117} INFO - [2022-09-21T20:35:15.688+0000] {dagbag.py:525} INFO - Filling up the DagBag from /home/airflow/.local/lib/python3.7/site-packages/airflow/example_dags/example_task_group_decorator.py
[2022-09-21T20:35:15.747+0000] {processor.py:768} INFO - DAG(s) dict_keys(['example_task_group_decorator']) retrieved from /home/airflow/.local/lib/python3.7/site-packages/airflow/example_dags/example_task_group_decorator.py
[2022-09-21T20:35:15.840+0000] {logging_mixin.py:117} INFO - [2022-09-21T20:35:15.840+0000] {dag.py:2573} INFO - Sync 1 DAGs
[2022-09-21T20:35:15.899+0000] {logging_mixin.py:117} INFO - [2022-09-21T20:35:15.898+0000] {dag.py:3328} INFO - Setting next_dagrun for example_task_group_decorator to 2022-09-20T20:35:15.898341+00:00, run_after=2022-09-21T20:35:15.898341+00:00
[2022-09-21T20:35:15.936+0000] {processor.py:178} INFO - Processing /home/airflow/.local/lib/python3.7/site-packages/airflow/example_dags/example_task_group_decorator.py took 0.266 seconds
