[2022-09-21T20:17:31.354+0000] {processor.py:156} INFO - Started process (PID=79) to work on /home/airflow/.local/lib/python3.7/site-packages/airflow/example_dags/example_task_group.py
[2022-09-21T20:17:31.355+0000] {processor.py:758} INFO - Processing file /home/airflow/.local/lib/python3.7/site-packages/airflow/example_dags/example_task_group.py for tasks to queue
[2022-09-21T20:17:31.356+0000] {logging_mixin.py:117} INFO - [2022-09-21T20:17:31.356+0000] {dagbag.py:525} INFO - Filling up the DagBag from /home/airflow/.local/lib/python3.7/site-packages/airflow/example_dags/example_task_group.py
[2022-09-21T20:17:31.605+0000] {processor.py:768} INFO - DAG(s) dict_keys(['example_task_group']) retrieved from /home/airflow/.local/lib/python3.7/site-packages/airflow/example_dags/example_task_group.py
[2022-09-21T20:17:32.038+0000] {logging_mixin.py:117} INFO - [2022-09-21T20:17:32.038+0000] {dag.py:2573} INFO - Sync 1 DAGs
[2022-09-21T20:17:32.305+0000] {logging_mixin.py:117} INFO - [2022-09-21T20:17:32.304+0000] {dag.py:3328} INFO - Setting next_dagrun for example_task_group to 2022-09-20T20:17:32.304502+00:00, run_after=2022-09-21T20:17:32.304502+00:00
[2022-09-21T20:17:32.436+0000] {processor.py:178} INFO - Processing /home/airflow/.local/lib/python3.7/site-packages/airflow/example_dags/example_task_group.py took 1.086 seconds
[2022-09-21T20:20:26.907+0000] {processor.py:156} INFO - Started process (PID=68) to work on /home/airflow/.local/lib/python3.7/site-packages/airflow/example_dags/example_task_group.py
[2022-09-21T20:20:26.913+0000] {processor.py:758} INFO - Processing file /home/airflow/.local/lib/python3.7/site-packages/airflow/example_dags/example_task_group.py for tasks to queue
[2022-09-21T20:20:26.914+0000] {logging_mixin.py:117} INFO - [2022-09-21T20:20:26.914+0000] {dagbag.py:525} INFO - Filling up the DagBag from /home/airflow/.local/lib/python3.7/site-packages/airflow/example_dags/example_task_group.py
[2022-09-21T20:20:26.956+0000] {processor.py:768} INFO - DAG(s) dict_keys(['example_task_group']) retrieved from /home/airflow/.local/lib/python3.7/site-packages/airflow/example_dags/example_task_group.py
[2022-09-21T20:20:27.226+0000] {logging_mixin.py:117} INFO - [2022-09-21T20:20:27.226+0000] {dag.py:2573} INFO - Sync 1 DAGs
[2022-09-21T20:20:27.390+0000] {logging_mixin.py:117} INFO - [2022-09-21T20:20:27.389+0000] {dag.py:3328} INFO - Setting next_dagrun for example_task_group to 2022-09-20T20:20:27.389694+00:00, run_after=2022-09-21T20:20:27.389694+00:00
[2022-09-21T20:20:27.443+0000] {processor.py:178} INFO - Processing /home/airflow/.local/lib/python3.7/site-packages/airflow/example_dags/example_task_group.py took 0.540 seconds
[2022-09-21T20:20:58.687+0000] {processor.py:156} INFO - Started process (PID=130) to work on /home/airflow/.local/lib/python3.7/site-packages/airflow/example_dags/example_task_group.py
[2022-09-21T20:20:58.695+0000] {processor.py:758} INFO - Processing file /home/airflow/.local/lib/python3.7/site-packages/airflow/example_dags/example_task_group.py for tasks to queue
[2022-09-21T20:20:58.696+0000] {logging_mixin.py:117} INFO - [2022-09-21T20:20:58.696+0000] {dagbag.py:525} INFO - Filling up the DagBag from /home/airflow/.local/lib/python3.7/site-packages/airflow/example_dags/example_task_group.py
[2022-09-21T20:20:58.752+0000] {processor.py:768} INFO - DAG(s) dict_keys(['example_task_group']) retrieved from /home/airflow/.local/lib/python3.7/site-packages/airflow/example_dags/example_task_group.py
[2022-09-21T20:20:59.058+0000] {logging_mixin.py:117} INFO - [2022-09-21T20:20:59.057+0000] {dag.py:2573} INFO - Sync 1 DAGs
[2022-09-21T20:20:59.133+0000] {logging_mixin.py:117} INFO - [2022-09-21T20:20:59.133+0000] {dag.py:3328} INFO - Setting next_dagrun for example_task_group to 2022-09-20T20:20:59.133384+00:00, run_after=2022-09-21T20:20:59.133384+00:00
[2022-09-21T20:20:59.193+0000] {processor.py:178} INFO - Processing /home/airflow/.local/lib/python3.7/site-packages/airflow/example_dags/example_task_group.py took 0.533 seconds
[2022-09-21T20:21:29.766+0000] {processor.py:156} INFO - Started process (PID=188) to work on /home/airflow/.local/lib/python3.7/site-packages/airflow/example_dags/example_task_group.py
[2022-09-21T20:21:29.769+0000] {processor.py:758} INFO - Processing file /home/airflow/.local/lib/python3.7/site-packages/airflow/example_dags/example_task_group.py for tasks to queue
[2022-09-21T20:21:29.771+0000] {logging_mixin.py:117} INFO - [2022-09-21T20:21:29.770+0000] {dagbag.py:525} INFO - Filling up the DagBag from /home/airflow/.local/lib/python3.7/site-packages/airflow/example_dags/example_task_group.py
[2022-09-21T20:21:30.002+0000] {processor.py:768} INFO - DAG(s) dict_keys(['example_task_group']) retrieved from /home/airflow/.local/lib/python3.7/site-packages/airflow/example_dags/example_task_group.py
[2022-09-21T20:21:30.097+0000] {logging_mixin.py:117} INFO - [2022-09-21T20:21:30.096+0000] {dag.py:2573} INFO - Sync 1 DAGs
[2022-09-21T20:21:30.186+0000] {logging_mixin.py:117} INFO - [2022-09-21T20:21:30.186+0000] {dag.py:3328} INFO - Setting next_dagrun for example_task_group to 2022-09-20T20:21:30.186246+00:00, run_after=2022-09-21T20:21:30.186246+00:00
[2022-09-21T20:21:30.266+0000] {processor.py:178} INFO - Processing /home/airflow/.local/lib/python3.7/site-packages/airflow/example_dags/example_task_group.py took 0.505 seconds
[2022-09-21T20:22:00.815+0000] {processor.py:156} INFO - Started process (PID=242) to work on /home/airflow/.local/lib/python3.7/site-packages/airflow/example_dags/example_task_group.py
[2022-09-21T20:22:00.816+0000] {processor.py:758} INFO - Processing file /home/airflow/.local/lib/python3.7/site-packages/airflow/example_dags/example_task_group.py for tasks to queue
[2022-09-21T20:22:00.816+0000] {logging_mixin.py:117} INFO - [2022-09-21T20:22:00.816+0000] {dagbag.py:525} INFO - Filling up the DagBag from /home/airflow/.local/lib/python3.7/site-packages/airflow/example_dags/example_task_group.py
[2022-09-21T20:22:00.835+0000] {processor.py:768} INFO - DAG(s) dict_keys(['example_task_group']) retrieved from /home/airflow/.local/lib/python3.7/site-packages/airflow/example_dags/example_task_group.py
[2022-09-21T20:22:00.867+0000] {logging_mixin.py:117} INFO - [2022-09-21T20:22:00.867+0000] {dag.py:2573} INFO - Sync 1 DAGs
[2022-09-21T20:22:00.905+0000] {logging_mixin.py:117} INFO - [2022-09-21T20:22:00.905+0000] {dag.py:3328} INFO - Setting next_dagrun for example_task_group to 2022-09-20T20:22:00.905350+00:00, run_after=2022-09-21T20:22:00.905350+00:00
[2022-09-21T20:22:00.933+0000] {processor.py:178} INFO - Processing /home/airflow/.local/lib/python3.7/site-packages/airflow/example_dags/example_task_group.py took 0.121 seconds
[2022-09-21T20:22:31.191+0000] {processor.py:156} INFO - Started process (PID=307) to work on /home/airflow/.local/lib/python3.7/site-packages/airflow/example_dags/example_task_group.py
[2022-09-21T20:22:31.192+0000] {processor.py:758} INFO - Processing file /home/airflow/.local/lib/python3.7/site-packages/airflow/example_dags/example_task_group.py for tasks to queue
[2022-09-21T20:22:31.193+0000] {logging_mixin.py:117} INFO - [2022-09-21T20:22:31.193+0000] {dagbag.py:525} INFO - Filling up the DagBag from /home/airflow/.local/lib/python3.7/site-packages/airflow/example_dags/example_task_group.py
[2022-09-21T20:22:31.213+0000] {processor.py:768} INFO - DAG(s) dict_keys(['example_task_group']) retrieved from /home/airflow/.local/lib/python3.7/site-packages/airflow/example_dags/example_task_group.py
[2022-09-21T20:22:31.266+0000] {logging_mixin.py:117} INFO - [2022-09-21T20:22:31.266+0000] {dag.py:2573} INFO - Sync 1 DAGs
[2022-09-21T20:22:31.301+0000] {logging_mixin.py:117} INFO - [2022-09-21T20:22:31.301+0000] {dag.py:3328} INFO - Setting next_dagrun for example_task_group to 2022-09-20T20:22:31.301447+00:00, run_after=2022-09-21T20:22:31.301447+00:00
[2022-09-21T20:22:31.329+0000] {processor.py:178} INFO - Processing /home/airflow/.local/lib/python3.7/site-packages/airflow/example_dags/example_task_group.py took 0.141 seconds
[2022-09-21T20:23:01.454+0000] {processor.py:156} INFO - Started process (PID=362) to work on /home/airflow/.local/lib/python3.7/site-packages/airflow/example_dags/example_task_group.py
[2022-09-21T20:23:01.454+0000] {processor.py:758} INFO - Processing file /home/airflow/.local/lib/python3.7/site-packages/airflow/example_dags/example_task_group.py for tasks to queue
[2022-09-21T20:23:01.455+0000] {logging_mixin.py:117} INFO - [2022-09-21T20:23:01.455+0000] {dagbag.py:525} INFO - Filling up the DagBag from /home/airflow/.local/lib/python3.7/site-packages/airflow/example_dags/example_task_group.py
[2022-09-21T20:23:01.471+0000] {processor.py:768} INFO - DAG(s) dict_keys(['example_task_group']) retrieved from /home/airflow/.local/lib/python3.7/site-packages/airflow/example_dags/example_task_group.py
[2022-09-21T20:23:01.497+0000] {logging_mixin.py:117} INFO - [2022-09-21T20:23:01.497+0000] {dag.py:2573} INFO - Sync 1 DAGs
[2022-09-21T20:23:01.526+0000] {logging_mixin.py:117} INFO - [2022-09-21T20:23:01.526+0000] {dag.py:3328} INFO - Setting next_dagrun for example_task_group to 2022-09-20T20:23:01.525846+00:00, run_after=2022-09-21T20:23:01.525846+00:00
[2022-09-21T20:23:01.554+0000] {processor.py:178} INFO - Processing /home/airflow/.local/lib/python3.7/site-packages/airflow/example_dags/example_task_group.py took 0.103 seconds
[2022-09-21T20:23:32.096+0000] {processor.py:156} INFO - Started process (PID=426) to work on /home/airflow/.local/lib/python3.7/site-packages/airflow/example_dags/example_task_group.py
[2022-09-21T20:23:32.097+0000] {processor.py:758} INFO - Processing file /home/airflow/.local/lib/python3.7/site-packages/airflow/example_dags/example_task_group.py for tasks to queue
[2022-09-21T20:23:32.097+0000] {logging_mixin.py:117} INFO - [2022-09-21T20:23:32.097+0000] {dagbag.py:525} INFO - Filling up the DagBag from /home/airflow/.local/lib/python3.7/site-packages/airflow/example_dags/example_task_group.py
[2022-09-21T20:23:32.112+0000] {processor.py:768} INFO - DAG(s) dict_keys(['example_task_group']) retrieved from /home/airflow/.local/lib/python3.7/site-packages/airflow/example_dags/example_task_group.py
[2022-09-21T20:23:32.147+0000] {logging_mixin.py:117} INFO - [2022-09-21T20:23:32.147+0000] {dag.py:2573} INFO - Sync 1 DAGs
[2022-09-21T20:23:32.171+0000] {logging_mixin.py:117} INFO - [2022-09-21T20:23:32.171+0000] {dag.py:3328} INFO - Setting next_dagrun for example_task_group to 2022-09-20T20:23:32.171121+00:00, run_after=2022-09-21T20:23:32.171121+00:00
[2022-09-21T20:23:32.193+0000] {processor.py:178} INFO - Processing /home/airflow/.local/lib/python3.7/site-packages/airflow/example_dags/example_task_group.py took 0.099 seconds
[2022-09-21T20:24:02.491+0000] {processor.py:156} INFO - Started process (PID=481) to work on /home/airflow/.local/lib/python3.7/site-packages/airflow/example_dags/example_task_group.py
[2022-09-21T20:24:02.492+0000] {processor.py:758} INFO - Processing file /home/airflow/.local/lib/python3.7/site-packages/airflow/example_dags/example_task_group.py for tasks to queue
[2022-09-21T20:24:02.492+0000] {logging_mixin.py:117} INFO - [2022-09-21T20:24:02.492+0000] {dagbag.py:525} INFO - Filling up the DagBag from /home/airflow/.local/lib/python3.7/site-packages/airflow/example_dags/example_task_group.py
[2022-09-21T20:24:02.507+0000] {processor.py:768} INFO - DAG(s) dict_keys(['example_task_group']) retrieved from /home/airflow/.local/lib/python3.7/site-packages/airflow/example_dags/example_task_group.py
[2022-09-21T20:24:02.556+0000] {logging_mixin.py:117} INFO - [2022-09-21T20:24:02.555+0000] {dag.py:2573} INFO - Sync 1 DAGs
[2022-09-21T20:24:02.588+0000] {logging_mixin.py:117} INFO - [2022-09-21T20:24:02.588+0000] {dag.py:3328} INFO - Setting next_dagrun for example_task_group to 2022-09-20T20:24:02.588083+00:00, run_after=2022-09-21T20:24:02.588083+00:00
[2022-09-21T20:24:02.612+0000] {processor.py:178} INFO - Processing /home/airflow/.local/lib/python3.7/site-packages/airflow/example_dags/example_task_group.py took 0.123 seconds
[2022-09-21T20:24:33.016+0000] {processor.py:156} INFO - Started process (PID=545) to work on /home/airflow/.local/lib/python3.7/site-packages/airflow/example_dags/example_task_group.py
[2022-09-21T20:24:33.017+0000] {processor.py:758} INFO - Processing file /home/airflow/.local/lib/python3.7/site-packages/airflow/example_dags/example_task_group.py for tasks to queue
[2022-09-21T20:24:33.018+0000] {logging_mixin.py:117} INFO - [2022-09-21T20:24:33.018+0000] {dagbag.py:525} INFO - Filling up the DagBag from /home/airflow/.local/lib/python3.7/site-packages/airflow/example_dags/example_task_group.py
[2022-09-21T20:24:33.036+0000] {processor.py:768} INFO - DAG(s) dict_keys(['example_task_group']) retrieved from /home/airflow/.local/lib/python3.7/site-packages/airflow/example_dags/example_task_group.py
[2022-09-21T20:24:33.086+0000] {logging_mixin.py:117} INFO - [2022-09-21T20:24:33.085+0000] {dag.py:2573} INFO - Sync 1 DAGs
[2022-09-21T20:24:33.129+0000] {logging_mixin.py:117} INFO - [2022-09-21T20:24:33.129+0000] {dag.py:3328} INFO - Setting next_dagrun for example_task_group to 2022-09-20T20:24:33.129050+00:00, run_after=2022-09-21T20:24:33.129050+00:00
[2022-09-21T20:24:33.158+0000] {processor.py:178} INFO - Processing /home/airflow/.local/lib/python3.7/site-packages/airflow/example_dags/example_task_group.py took 0.144 seconds
[2022-09-21T20:25:03.362+0000] {processor.py:156} INFO - Started process (PID=600) to work on /home/airflow/.local/lib/python3.7/site-packages/airflow/example_dags/example_task_group.py
[2022-09-21T20:25:03.373+0000] {processor.py:758} INFO - Processing file /home/airflow/.local/lib/python3.7/site-packages/airflow/example_dags/example_task_group.py for tasks to queue
[2022-09-21T20:25:03.374+0000] {logging_mixin.py:117} INFO - [2022-09-21T20:25:03.374+0000] {dagbag.py:525} INFO - Filling up the DagBag from /home/airflow/.local/lib/python3.7/site-packages/airflow/example_dags/example_task_group.py
[2022-09-21T20:25:03.408+0000] {processor.py:768} INFO - DAG(s) dict_keys(['example_task_group']) retrieved from /home/airflow/.local/lib/python3.7/site-packages/airflow/example_dags/example_task_group.py
[2022-09-21T20:25:03.458+0000] {logging_mixin.py:117} INFO - [2022-09-21T20:25:03.453+0000] {dag.py:2573} INFO - Sync 1 DAGs
[2022-09-21T20:25:03.515+0000] {logging_mixin.py:117} INFO - [2022-09-21T20:25:03.515+0000] {dag.py:3328} INFO - Setting next_dagrun for example_task_group to 2022-09-20T20:25:03.514820+00:00, run_after=2022-09-21T20:25:03.514820+00:00
[2022-09-21T20:25:03.573+0000] {processor.py:178} INFO - Processing /home/airflow/.local/lib/python3.7/site-packages/airflow/example_dags/example_task_group.py took 0.215 seconds
[2022-09-21T20:25:33.646+0000] {processor.py:156} INFO - Started process (PID=664) to work on /home/airflow/.local/lib/python3.7/site-packages/airflow/example_dags/example_task_group.py
[2022-09-21T20:25:33.647+0000] {processor.py:758} INFO - Processing file /home/airflow/.local/lib/python3.7/site-packages/airflow/example_dags/example_task_group.py for tasks to queue
[2022-09-21T20:25:33.647+0000] {logging_mixin.py:117} INFO - [2022-09-21T20:25:33.647+0000] {dagbag.py:525} INFO - Filling up the DagBag from /home/airflow/.local/lib/python3.7/site-packages/airflow/example_dags/example_task_group.py
[2022-09-21T20:25:33.662+0000] {processor.py:768} INFO - DAG(s) dict_keys(['example_task_group']) retrieved from /home/airflow/.local/lib/python3.7/site-packages/airflow/example_dags/example_task_group.py
[2022-09-21T20:25:33.697+0000] {logging_mixin.py:117} INFO - [2022-09-21T20:25:33.697+0000] {dag.py:2573} INFO - Sync 1 DAGs
[2022-09-21T20:25:33.723+0000] {logging_mixin.py:117} INFO - [2022-09-21T20:25:33.723+0000] {dag.py:3328} INFO - Setting next_dagrun for example_task_group to 2022-09-20T20:25:33.723552+00:00, run_after=2022-09-21T20:25:33.723552+00:00
[2022-09-21T20:25:33.742+0000] {processor.py:178} INFO - Processing /home/airflow/.local/lib/python3.7/site-packages/airflow/example_dags/example_task_group.py took 0.098 seconds
[2022-09-21T20:26:04.074+0000] {processor.py:156} INFO - Started process (PID=727) to work on /home/airflow/.local/lib/python3.7/site-packages/airflow/example_dags/example_task_group.py
[2022-09-21T20:26:04.075+0000] {processor.py:758} INFO - Processing file /home/airflow/.local/lib/python3.7/site-packages/airflow/example_dags/example_task_group.py for tasks to queue
[2022-09-21T20:26:04.075+0000] {logging_mixin.py:117} INFO - [2022-09-21T20:26:04.075+0000] {dagbag.py:525} INFO - Filling up the DagBag from /home/airflow/.local/lib/python3.7/site-packages/airflow/example_dags/example_task_group.py
[2022-09-21T20:26:04.098+0000] {processor.py:768} INFO - DAG(s) dict_keys(['example_task_group']) retrieved from /home/airflow/.local/lib/python3.7/site-packages/airflow/example_dags/example_task_group.py
[2022-09-21T20:26:04.152+0000] {logging_mixin.py:117} INFO - [2022-09-21T20:26:04.152+0000] {dag.py:2573} INFO - Sync 1 DAGs
[2022-09-21T20:26:04.191+0000] {logging_mixin.py:117} INFO - [2022-09-21T20:26:04.191+0000] {dag.py:3328} INFO - Setting next_dagrun for example_task_group to 2022-09-20T20:26:04.191063+00:00, run_after=2022-09-21T20:26:04.191063+00:00
[2022-09-21T20:26:04.215+0000] {processor.py:178} INFO - Processing /home/airflow/.local/lib/python3.7/site-packages/airflow/example_dags/example_task_group.py took 0.145 seconds
[2022-09-21T20:26:34.538+0000] {processor.py:156} INFO - Started process (PID=782) to work on /home/airflow/.local/lib/python3.7/site-packages/airflow/example_dags/example_task_group.py
[2022-09-21T20:26:34.539+0000] {processor.py:758} INFO - Processing file /home/airflow/.local/lib/python3.7/site-packages/airflow/example_dags/example_task_group.py for tasks to queue
[2022-09-21T20:26:34.539+0000] {logging_mixin.py:117} INFO - [2022-09-21T20:26:34.539+0000] {dagbag.py:525} INFO - Filling up the DagBag from /home/airflow/.local/lib/python3.7/site-packages/airflow/example_dags/example_task_group.py
[2022-09-21T20:26:34.552+0000] {processor.py:768} INFO - DAG(s) dict_keys(['example_task_group']) retrieved from /home/airflow/.local/lib/python3.7/site-packages/airflow/example_dags/example_task_group.py
[2022-09-21T20:26:34.586+0000] {logging_mixin.py:117} INFO - [2022-09-21T20:26:34.585+0000] {dag.py:2573} INFO - Sync 1 DAGs
[2022-09-21T20:26:34.609+0000] {logging_mixin.py:117} INFO - [2022-09-21T20:26:34.609+0000] {dag.py:3328} INFO - Setting next_dagrun for example_task_group to 2022-09-20T20:26:34.609048+00:00, run_after=2022-09-21T20:26:34.609048+00:00
[2022-09-21T20:26:34.630+0000] {processor.py:178} INFO - Processing /home/airflow/.local/lib/python3.7/site-packages/airflow/example_dags/example_task_group.py took 0.094 seconds
[2022-09-21T20:27:05.346+0000] {processor.py:156} INFO - Started process (PID=846) to work on /home/airflow/.local/lib/python3.7/site-packages/airflow/example_dags/example_task_group.py
[2022-09-21T20:27:05.347+0000] {processor.py:758} INFO - Processing file /home/airflow/.local/lib/python3.7/site-packages/airflow/example_dags/example_task_group.py for tasks to queue
[2022-09-21T20:27:05.347+0000] {logging_mixin.py:117} INFO - [2022-09-21T20:27:05.347+0000] {dagbag.py:525} INFO - Filling up the DagBag from /home/airflow/.local/lib/python3.7/site-packages/airflow/example_dags/example_task_group.py
[2022-09-21T20:27:05.362+0000] {processor.py:768} INFO - DAG(s) dict_keys(['example_task_group']) retrieved from /home/airflow/.local/lib/python3.7/site-packages/airflow/example_dags/example_task_group.py
[2022-09-21T20:27:05.411+0000] {logging_mixin.py:117} INFO - [2022-09-21T20:27:05.411+0000] {dag.py:2573} INFO - Sync 1 DAGs
[2022-09-21T20:27:05.442+0000] {logging_mixin.py:117} INFO - [2022-09-21T20:27:05.442+0000] {dag.py:3328} INFO - Setting next_dagrun for example_task_group to 2022-09-20T20:27:05.442021+00:00, run_after=2022-09-21T20:27:05.442021+00:00
[2022-09-21T20:27:05.463+0000] {processor.py:178} INFO - Processing /home/airflow/.local/lib/python3.7/site-packages/airflow/example_dags/example_task_group.py took 0.119 seconds
[2022-09-21T20:27:35.715+0000] {processor.py:156} INFO - Started process (PID=910) to work on /home/airflow/.local/lib/python3.7/site-packages/airflow/example_dags/example_task_group.py
[2022-09-21T20:27:35.716+0000] {processor.py:758} INFO - Processing file /home/airflow/.local/lib/python3.7/site-packages/airflow/example_dags/example_task_group.py for tasks to queue
[2022-09-21T20:27:35.716+0000] {logging_mixin.py:117} INFO - [2022-09-21T20:27:35.716+0000] {dagbag.py:525} INFO - Filling up the DagBag from /home/airflow/.local/lib/python3.7/site-packages/airflow/example_dags/example_task_group.py
[2022-09-21T20:27:35.729+0000] {processor.py:768} INFO - DAG(s) dict_keys(['example_task_group']) retrieved from /home/airflow/.local/lib/python3.7/site-packages/airflow/example_dags/example_task_group.py
[2022-09-21T20:27:35.765+0000] {logging_mixin.py:117} INFO - [2022-09-21T20:27:35.765+0000] {dag.py:2573} INFO - Sync 1 DAGs
[2022-09-21T20:27:35.791+0000] {logging_mixin.py:117} INFO - [2022-09-21T20:27:35.791+0000] {dag.py:3328} INFO - Setting next_dagrun for example_task_group to 2022-09-20T20:27:35.791340+00:00, run_after=2022-09-21T20:27:35.791340+00:00
[2022-09-21T20:27:35.809+0000] {processor.py:178} INFO - Processing /home/airflow/.local/lib/python3.7/site-packages/airflow/example_dags/example_task_group.py took 0.096 seconds
[2022-09-21T20:28:06.543+0000] {processor.py:156} INFO - Started process (PID=965) to work on /home/airflow/.local/lib/python3.7/site-packages/airflow/example_dags/example_task_group.py
[2022-09-21T20:28:06.545+0000] {processor.py:758} INFO - Processing file /home/airflow/.local/lib/python3.7/site-packages/airflow/example_dags/example_task_group.py for tasks to queue
[2022-09-21T20:28:06.546+0000] {logging_mixin.py:117} INFO - [2022-09-21T20:28:06.546+0000] {dagbag.py:525} INFO - Filling up the DagBag from /home/airflow/.local/lib/python3.7/site-packages/airflow/example_dags/example_task_group.py
[2022-09-21T20:28:06.570+0000] {processor.py:768} INFO - DAG(s) dict_keys(['example_task_group']) retrieved from /home/airflow/.local/lib/python3.7/site-packages/airflow/example_dags/example_task_group.py
[2022-09-21T20:28:06.624+0000] {logging_mixin.py:117} INFO - [2022-09-21T20:28:06.623+0000] {dag.py:2573} INFO - Sync 1 DAGs
[2022-09-21T20:28:06.653+0000] {logging_mixin.py:117} INFO - [2022-09-21T20:28:06.653+0000] {dag.py:3328} INFO - Setting next_dagrun for example_task_group to 2022-09-20T20:28:06.653391+00:00, run_after=2022-09-21T20:28:06.653391+00:00
[2022-09-21T20:28:06.677+0000] {processor.py:178} INFO - Processing /home/airflow/.local/lib/python3.7/site-packages/airflow/example_dags/example_task_group.py took 0.139 seconds
[2022-09-21T20:28:37.088+0000] {processor.py:156} INFO - Started process (PID=1028) to work on /home/airflow/.local/lib/python3.7/site-packages/airflow/example_dags/example_task_group.py
[2022-09-21T20:28:37.089+0000] {processor.py:758} INFO - Processing file /home/airflow/.local/lib/python3.7/site-packages/airflow/example_dags/example_task_group.py for tasks to queue
[2022-09-21T20:28:37.089+0000] {logging_mixin.py:117} INFO - [2022-09-21T20:28:37.089+0000] {dagbag.py:525} INFO - Filling up the DagBag from /home/airflow/.local/lib/python3.7/site-packages/airflow/example_dags/example_task_group.py
[2022-09-21T20:28:37.111+0000] {processor.py:768} INFO - DAG(s) dict_keys(['example_task_group']) retrieved from /home/airflow/.local/lib/python3.7/site-packages/airflow/example_dags/example_task_group.py
[2022-09-21T20:28:37.167+0000] {logging_mixin.py:117} INFO - [2022-09-21T20:28:37.167+0000] {dag.py:2573} INFO - Sync 1 DAGs
[2022-09-21T20:28:37.207+0000] {logging_mixin.py:117} INFO - [2022-09-21T20:28:37.207+0000] {dag.py:3328} INFO - Setting next_dagrun for example_task_group to 2022-09-20T20:28:37.207318+00:00, run_after=2022-09-21T20:28:37.207318+00:00
[2022-09-21T20:28:37.233+0000] {processor.py:178} INFO - Processing /home/airflow/.local/lib/python3.7/site-packages/airflow/example_dags/example_task_group.py took 0.149 seconds
[2022-09-21T20:29:08.100+0000] {processor.py:156} INFO - Started process (PID=1092) to work on /home/airflow/.local/lib/python3.7/site-packages/airflow/example_dags/example_task_group.py
[2022-09-21T20:29:08.101+0000] {processor.py:758} INFO - Processing file /home/airflow/.local/lib/python3.7/site-packages/airflow/example_dags/example_task_group.py for tasks to queue
[2022-09-21T20:29:08.102+0000] {logging_mixin.py:117} INFO - [2022-09-21T20:29:08.101+0000] {dagbag.py:525} INFO - Filling up the DagBag from /home/airflow/.local/lib/python3.7/site-packages/airflow/example_dags/example_task_group.py
[2022-09-21T20:29:08.116+0000] {processor.py:768} INFO - DAG(s) dict_keys(['example_task_group']) retrieved from /home/airflow/.local/lib/python3.7/site-packages/airflow/example_dags/example_task_group.py
[2022-09-21T20:29:08.159+0000] {logging_mixin.py:117} INFO - [2022-09-21T20:29:08.159+0000] {dag.py:2573} INFO - Sync 1 DAGs
[2022-09-21T20:29:08.200+0000] {logging_mixin.py:117} INFO - [2022-09-21T20:29:08.199+0000] {dag.py:3328} INFO - Setting next_dagrun for example_task_group to 2022-09-20T20:29:08.199693+00:00, run_after=2022-09-21T20:29:08.199693+00:00
[2022-09-21T20:29:08.219+0000] {processor.py:178} INFO - Processing /home/airflow/.local/lib/python3.7/site-packages/airflow/example_dags/example_task_group.py took 0.121 seconds
[2022-09-21T20:29:39.208+0000] {processor.py:156} INFO - Started process (PID=1147) to work on /home/airflow/.local/lib/python3.7/site-packages/airflow/example_dags/example_task_group.py
[2022-09-21T20:29:39.211+0000] {processor.py:758} INFO - Processing file /home/airflow/.local/lib/python3.7/site-packages/airflow/example_dags/example_task_group.py for tasks to queue
[2022-09-21T20:29:39.213+0000] {logging_mixin.py:117} INFO - [2022-09-21T20:29:39.212+0000] {dagbag.py:525} INFO - Filling up the DagBag from /home/airflow/.local/lib/python3.7/site-packages/airflow/example_dags/example_task_group.py
[2022-09-21T20:29:39.256+0000] {processor.py:768} INFO - DAG(s) dict_keys(['example_task_group']) retrieved from /home/airflow/.local/lib/python3.7/site-packages/airflow/example_dags/example_task_group.py
[2022-09-21T20:29:39.365+0000] {logging_mixin.py:117} INFO - [2022-09-21T20:29:39.365+0000] {dag.py:2573} INFO - Sync 1 DAGs
[2022-09-21T20:29:39.430+0000] {logging_mixin.py:117} INFO - [2022-09-21T20:29:39.430+0000] {dag.py:3328} INFO - Setting next_dagrun for example_task_group to 2022-09-20T20:29:39.429905+00:00, run_after=2022-09-21T20:29:39.429905+00:00
[2022-09-21T20:29:39.476+0000] {processor.py:178} INFO - Processing /home/airflow/.local/lib/python3.7/site-packages/airflow/example_dags/example_task_group.py took 0.275 seconds
[2022-09-21T20:30:10.639+0000] {processor.py:156} INFO - Started process (PID=1212) to work on /home/airflow/.local/lib/python3.7/site-packages/airflow/example_dags/example_task_group.py
[2022-09-21T20:30:10.669+0000] {processor.py:758} INFO - Processing file /home/airflow/.local/lib/python3.7/site-packages/airflow/example_dags/example_task_group.py for tasks to queue
[2022-09-21T20:30:10.672+0000] {logging_mixin.py:117} INFO - [2022-09-21T20:30:10.671+0000] {dagbag.py:525} INFO - Filling up the DagBag from /home/airflow/.local/lib/python3.7/site-packages/airflow/example_dags/example_task_group.py
[2022-09-21T20:30:10.830+0000] {processor.py:768} INFO - DAG(s) dict_keys(['example_task_group']) retrieved from /home/airflow/.local/lib/python3.7/site-packages/airflow/example_dags/example_task_group.py
[2022-09-21T20:30:11.017+0000] {logging_mixin.py:117} INFO - [2022-09-21T20:30:11.016+0000] {dag.py:2573} INFO - Sync 1 DAGs
[2022-09-21T20:30:11.219+0000] {logging_mixin.py:117} INFO - [2022-09-21T20:30:11.219+0000] {dag.py:3328} INFO - Setting next_dagrun for example_task_group to 2022-09-20T20:30:11.218453+00:00, run_after=2022-09-21T20:30:11.218453+00:00
[2022-09-21T20:30:11.285+0000] {processor.py:178} INFO - Processing /home/airflow/.local/lib/python3.7/site-packages/airflow/example_dags/example_task_group.py took 0.659 seconds
[2022-09-21T20:30:41.479+0000] {processor.py:156} INFO - Started process (PID=1268) to work on /home/airflow/.local/lib/python3.7/site-packages/airflow/example_dags/example_task_group.py
[2022-09-21T20:30:41.480+0000] {processor.py:758} INFO - Processing file /home/airflow/.local/lib/python3.7/site-packages/airflow/example_dags/example_task_group.py for tasks to queue
[2022-09-21T20:30:41.481+0000] {logging_mixin.py:117} INFO - [2022-09-21T20:30:41.481+0000] {dagbag.py:525} INFO - Filling up the DagBag from /home/airflow/.local/lib/python3.7/site-packages/airflow/example_dags/example_task_group.py
[2022-09-21T20:30:41.509+0000] {processor.py:768} INFO - DAG(s) dict_keys(['example_task_group']) retrieved from /home/airflow/.local/lib/python3.7/site-packages/airflow/example_dags/example_task_group.py
[2022-09-21T20:30:41.584+0000] {logging_mixin.py:117} INFO - [2022-09-21T20:30:41.584+0000] {dag.py:2573} INFO - Sync 1 DAGs
[2022-09-21T20:30:41.644+0000] {logging_mixin.py:117} INFO - [2022-09-21T20:30:41.643+0000] {dag.py:3328} INFO - Setting next_dagrun for example_task_group to 2022-09-20T20:30:41.643483+00:00, run_after=2022-09-21T20:30:41.643483+00:00
[2022-09-21T20:30:41.681+0000] {processor.py:178} INFO - Processing /home/airflow/.local/lib/python3.7/site-packages/airflow/example_dags/example_task_group.py took 0.208 seconds
[2022-09-21T20:31:11.967+0000] {processor.py:156} INFO - Started process (PID=1323) to work on /home/airflow/.local/lib/python3.7/site-packages/airflow/example_dags/example_task_group.py
[2022-09-21T20:31:11.968+0000] {processor.py:758} INFO - Processing file /home/airflow/.local/lib/python3.7/site-packages/airflow/example_dags/example_task_group.py for tasks to queue
[2022-09-21T20:31:11.969+0000] {logging_mixin.py:117} INFO - [2022-09-21T20:31:11.969+0000] {dagbag.py:525} INFO - Filling up the DagBag from /home/airflow/.local/lib/python3.7/site-packages/airflow/example_dags/example_task_group.py
[2022-09-21T20:31:11.999+0000] {processor.py:768} INFO - DAG(s) dict_keys(['example_task_group']) retrieved from /home/airflow/.local/lib/python3.7/site-packages/airflow/example_dags/example_task_group.py
[2022-09-21T20:31:12.130+0000] {logging_mixin.py:117} INFO - [2022-09-21T20:31:12.129+0000] {dag.py:2573} INFO - Sync 1 DAGs
[2022-09-21T20:31:12.201+0000] {logging_mixin.py:117} INFO - [2022-09-21T20:31:12.200+0000] {dag.py:3328} INFO - Setting next_dagrun for example_task_group to 2022-09-20T20:31:12.200411+00:00, run_after=2022-09-21T20:31:12.200411+00:00
[2022-09-21T20:31:12.248+0000] {processor.py:178} INFO - Processing /home/airflow/.local/lib/python3.7/site-packages/airflow/example_dags/example_task_group.py took 0.286 seconds
[2022-09-21T20:31:42.753+0000] {processor.py:156} INFO - Started process (PID=1387) to work on /home/airflow/.local/lib/python3.7/site-packages/airflow/example_dags/example_task_group.py
[2022-09-21T20:31:42.754+0000] {processor.py:758} INFO - Processing file /home/airflow/.local/lib/python3.7/site-packages/airflow/example_dags/example_task_group.py for tasks to queue
[2022-09-21T20:31:42.755+0000] {logging_mixin.py:117} INFO - [2022-09-21T20:31:42.755+0000] {dagbag.py:525} INFO - Filling up the DagBag from /home/airflow/.local/lib/python3.7/site-packages/airflow/example_dags/example_task_group.py
[2022-09-21T20:31:42.779+0000] {processor.py:768} INFO - DAG(s) dict_keys(['example_task_group']) retrieved from /home/airflow/.local/lib/python3.7/site-packages/airflow/example_dags/example_task_group.py
[2022-09-21T20:31:42.837+0000] {logging_mixin.py:117} INFO - [2022-09-21T20:31:42.837+0000] {dag.py:2573} INFO - Sync 1 DAGs
[2022-09-21T20:31:42.882+0000] {logging_mixin.py:117} INFO - [2022-09-21T20:31:42.881+0000] {dag.py:3328} INFO - Setting next_dagrun for example_task_group to 2022-09-20T20:31:42.881082+00:00, run_after=2022-09-21T20:31:42.881082+00:00
[2022-09-21T20:31:42.928+0000] {processor.py:178} INFO - Processing /home/airflow/.local/lib/python3.7/site-packages/airflow/example_dags/example_task_group.py took 0.180 seconds
[2022-09-21T20:32:13.170+0000] {processor.py:156} INFO - Started process (PID=1442) to work on /home/airflow/.local/lib/python3.7/site-packages/airflow/example_dags/example_task_group.py
[2022-09-21T20:32:13.171+0000] {processor.py:758} INFO - Processing file /home/airflow/.local/lib/python3.7/site-packages/airflow/example_dags/example_task_group.py for tasks to queue
[2022-09-21T20:32:13.172+0000] {logging_mixin.py:117} INFO - [2022-09-21T20:32:13.172+0000] {dagbag.py:525} INFO - Filling up the DagBag from /home/airflow/.local/lib/python3.7/site-packages/airflow/example_dags/example_task_group.py
[2022-09-21T20:32:13.205+0000] {processor.py:768} INFO - DAG(s) dict_keys(['example_task_group']) retrieved from /home/airflow/.local/lib/python3.7/site-packages/airflow/example_dags/example_task_group.py
[2022-09-21T20:32:13.284+0000] {logging_mixin.py:117} INFO - [2022-09-21T20:32:13.284+0000] {dag.py:2573} INFO - Sync 1 DAGs
[2022-09-21T20:32:13.343+0000] {logging_mixin.py:117} INFO - [2022-09-21T20:32:13.343+0000] {dag.py:3328} INFO - Setting next_dagrun for example_task_group to 2022-09-20T20:32:13.343219+00:00, run_after=2022-09-21T20:32:13.343219+00:00
[2022-09-21T20:32:13.381+0000] {processor.py:178} INFO - Processing /home/airflow/.local/lib/python3.7/site-packages/airflow/example_dags/example_task_group.py took 0.214 seconds
[2022-09-21T20:32:43.487+0000] {processor.py:156} INFO - Started process (PID=1507) to work on /home/airflow/.local/lib/python3.7/site-packages/airflow/example_dags/example_task_group.py
[2022-09-21T20:32:43.487+0000] {processor.py:758} INFO - Processing file /home/airflow/.local/lib/python3.7/site-packages/airflow/example_dags/example_task_group.py for tasks to queue
[2022-09-21T20:32:43.488+0000] {logging_mixin.py:117} INFO - [2022-09-21T20:32:43.488+0000] {dagbag.py:525} INFO - Filling up the DagBag from /home/airflow/.local/lib/python3.7/site-packages/airflow/example_dags/example_task_group.py
[2022-09-21T20:32:43.504+0000] {processor.py:768} INFO - DAG(s) dict_keys(['example_task_group']) retrieved from /home/airflow/.local/lib/python3.7/site-packages/airflow/example_dags/example_task_group.py
[2022-09-21T20:32:43.546+0000] {logging_mixin.py:117} INFO - [2022-09-21T20:32:43.546+0000] {dag.py:2573} INFO - Sync 1 DAGs
[2022-09-21T20:32:43.576+0000] {logging_mixin.py:117} INFO - [2022-09-21T20:32:43.576+0000] {dag.py:3328} INFO - Setting next_dagrun for example_task_group to 2022-09-20T20:32:43.576318+00:00, run_after=2022-09-21T20:32:43.576318+00:00
[2022-09-21T20:32:43.600+0000] {processor.py:178} INFO - Processing /home/airflow/.local/lib/python3.7/site-packages/airflow/example_dags/example_task_group.py took 0.117 seconds
[2022-09-21T20:33:14.847+0000] {processor.py:156} INFO - Started process (PID=1567) to work on /home/airflow/.local/lib/python3.7/site-packages/airflow/example_dags/example_task_group.py
[2022-09-21T20:33:14.859+0000] {processor.py:758} INFO - Processing file /home/airflow/.local/lib/python3.7/site-packages/airflow/example_dags/example_task_group.py for tasks to queue
[2022-09-21T20:33:14.862+0000] {logging_mixin.py:117} INFO - [2022-09-21T20:33:14.861+0000] {dagbag.py:525} INFO - Filling up the DagBag from /home/airflow/.local/lib/python3.7/site-packages/airflow/example_dags/example_task_group.py
[2022-09-21T20:33:14.931+0000] {processor.py:768} INFO - DAG(s) dict_keys(['example_task_group']) retrieved from /home/airflow/.local/lib/python3.7/site-packages/airflow/example_dags/example_task_group.py
[2022-09-21T20:33:15.223+0000] {logging_mixin.py:117} INFO - [2022-09-21T20:33:15.222+0000] {dag.py:2573} INFO - Sync 1 DAGs
[2022-09-21T20:33:15.503+0000] {logging_mixin.py:117} INFO - [2022-09-21T20:33:15.503+0000] {dag.py:3328} INFO - Setting next_dagrun for example_task_group to 2022-09-20T20:33:15.502356+00:00, run_after=2022-09-21T20:33:15.502356+00:00
[2022-09-21T20:33:15.766+0000] {processor.py:178} INFO - Processing /home/airflow/.local/lib/python3.7/site-packages/airflow/example_dags/example_task_group.py took 0.932 seconds
[2022-09-21T20:33:45.898+0000] {processor.py:156} INFO - Started process (PID=1621) to work on /home/airflow/.local/lib/python3.7/site-packages/airflow/example_dags/example_task_group.py
[2022-09-21T20:33:45.899+0000] {processor.py:758} INFO - Processing file /home/airflow/.local/lib/python3.7/site-packages/airflow/example_dags/example_task_group.py for tasks to queue
[2022-09-21T20:33:45.901+0000] {logging_mixin.py:117} INFO - [2022-09-21T20:33:45.901+0000] {dagbag.py:525} INFO - Filling up the DagBag from /home/airflow/.local/lib/python3.7/site-packages/airflow/example_dags/example_task_group.py
[2022-09-21T20:33:45.934+0000] {processor.py:768} INFO - DAG(s) dict_keys(['example_task_group']) retrieved from /home/airflow/.local/lib/python3.7/site-packages/airflow/example_dags/example_task_group.py
[2022-09-21T20:33:46.016+0000] {logging_mixin.py:117} INFO - [2022-09-21T20:33:46.015+0000] {dag.py:2573} INFO - Sync 1 DAGs
[2022-09-21T20:33:46.076+0000] {logging_mixin.py:117} INFO - [2022-09-21T20:33:46.075+0000] {dag.py:3328} INFO - Setting next_dagrun for example_task_group to 2022-09-20T20:33:46.075485+00:00, run_after=2022-09-21T20:33:46.075485+00:00
[2022-09-21T20:33:46.125+0000] {processor.py:178} INFO - Processing /home/airflow/.local/lib/python3.7/site-packages/airflow/example_dags/example_task_group.py took 0.232 seconds
[2022-09-21T20:34:16.286+0000] {processor.py:156} INFO - Started process (PID=1677) to work on /home/airflow/.local/lib/python3.7/site-packages/airflow/example_dags/example_task_group.py
[2022-09-21T20:34:16.287+0000] {processor.py:758} INFO - Processing file /home/airflow/.local/lib/python3.7/site-packages/airflow/example_dags/example_task_group.py for tasks to queue
[2022-09-21T20:34:16.287+0000] {logging_mixin.py:117} INFO - [2022-09-21T20:34:16.287+0000] {dagbag.py:525} INFO - Filling up the DagBag from /home/airflow/.local/lib/python3.7/site-packages/airflow/example_dags/example_task_group.py
[2022-09-21T20:34:16.305+0000] {processor.py:768} INFO - DAG(s) dict_keys(['example_task_group']) retrieved from /home/airflow/.local/lib/python3.7/site-packages/airflow/example_dags/example_task_group.py
[2022-09-21T20:34:16.348+0000] {logging_mixin.py:117} INFO - [2022-09-21T20:34:16.348+0000] {dag.py:2573} INFO - Sync 1 DAGs
[2022-09-21T20:34:16.377+0000] {logging_mixin.py:117} INFO - [2022-09-21T20:34:16.377+0000] {dag.py:3328} INFO - Setting next_dagrun for example_task_group to 2022-09-20T20:34:16.377367+00:00, run_after=2022-09-21T20:34:16.377367+00:00
[2022-09-21T20:34:16.406+0000] {processor.py:178} INFO - Processing /home/airflow/.local/lib/python3.7/site-packages/airflow/example_dags/example_task_group.py took 0.123 seconds
[2022-09-21T20:34:46.624+0000] {processor.py:156} INFO - Started process (PID=1733) to work on /home/airflow/.local/lib/python3.7/site-packages/airflow/example_dags/example_task_group.py
[2022-09-21T20:34:46.625+0000] {processor.py:758} INFO - Processing file /home/airflow/.local/lib/python3.7/site-packages/airflow/example_dags/example_task_group.py for tasks to queue
[2022-09-21T20:34:46.625+0000] {logging_mixin.py:117} INFO - [2022-09-21T20:34:46.625+0000] {dagbag.py:525} INFO - Filling up the DagBag from /home/airflow/.local/lib/python3.7/site-packages/airflow/example_dags/example_task_group.py
[2022-09-21T20:34:46.646+0000] {processor.py:768} INFO - DAG(s) dict_keys(['example_task_group']) retrieved from /home/airflow/.local/lib/python3.7/site-packages/airflow/example_dags/example_task_group.py
[2022-09-21T20:34:46.695+0000] {logging_mixin.py:117} INFO - [2022-09-21T20:34:46.695+0000] {dag.py:2573} INFO - Sync 1 DAGs
[2022-09-21T20:34:46.736+0000] {logging_mixin.py:117} INFO - [2022-09-21T20:34:46.736+0000] {dag.py:3328} INFO - Setting next_dagrun for example_task_group to 2022-09-20T20:34:46.735858+00:00, run_after=2022-09-21T20:34:46.735858+00:00
[2022-09-21T20:34:46.768+0000] {processor.py:178} INFO - Processing /home/airflow/.local/lib/python3.7/site-packages/airflow/example_dags/example_task_group.py took 0.154 seconds
[2022-09-21T20:35:16.917+0000] {processor.py:156} INFO - Started process (PID=1798) to work on /home/airflow/.local/lib/python3.7/site-packages/airflow/example_dags/example_task_group.py
[2022-09-21T20:35:16.918+0000] {processor.py:758} INFO - Processing file /home/airflow/.local/lib/python3.7/site-packages/airflow/example_dags/example_task_group.py for tasks to queue
[2022-09-21T20:35:16.918+0000] {logging_mixin.py:117} INFO - [2022-09-21T20:35:16.918+0000] {dagbag.py:525} INFO - Filling up the DagBag from /home/airflow/.local/lib/python3.7/site-packages/airflow/example_dags/example_task_group.py
[2022-09-21T20:35:16.934+0000] {processor.py:768} INFO - DAG(s) dict_keys(['example_task_group']) retrieved from /home/airflow/.local/lib/python3.7/site-packages/airflow/example_dags/example_task_group.py
[2022-09-21T20:35:17.005+0000] {logging_mixin.py:117} INFO - [2022-09-21T20:35:17.005+0000] {dag.py:2573} INFO - Sync 1 DAGs
[2022-09-21T20:35:17.041+0000] {logging_mixin.py:117} INFO - [2022-09-21T20:35:17.041+0000] {dag.py:3328} INFO - Setting next_dagrun for example_task_group to 2022-09-20T20:35:17.040994+00:00, run_after=2022-09-21T20:35:17.040994+00:00
[2022-09-21T20:35:17.069+0000] {processor.py:178} INFO - Processing /home/airflow/.local/lib/python3.7/site-packages/airflow/example_dags/example_task_group.py took 0.154 seconds
