[2022-09-21T20:16:38.591+0000] {processor.py:156} INFO - Started process (PID=56) to work on /home/airflow/.local/lib/python3.7/site-packages/airflow/example_dags/example_latest_only_with_trigger.py
[2022-09-21T20:16:38.593+0000] {processor.py:758} INFO - Processing file /home/airflow/.local/lib/python3.7/site-packages/airflow/example_dags/example_latest_only_with_trigger.py for tasks to queue
[2022-09-21T20:16:38.594+0000] {logging_mixin.py:117} INFO - [2022-09-21T20:16:38.593+0000] {dagbag.py:525} INFO - Filling up the DagBag from /home/airflow/.local/lib/python3.7/site-packages/airflow/example_dags/example_latest_only_with_trigger.py
[2022-09-21T20:16:38.627+0000] {processor.py:768} INFO - DAG(s) dict_keys(['latest_only_with_trigger']) retrieved from /home/airflow/.local/lib/python3.7/site-packages/airflow/example_dags/example_latest_only_with_trigger.py
[2022-09-21T20:16:38.732+0000] {logging_mixin.py:117} INFO - [2022-09-21T20:16:38.732+0000] {dag.py:2573} INFO - Sync 1 DAGs
[2022-09-21T20:16:38.798+0000] {logging_mixin.py:117} INFO - [2022-09-21T20:16:38.798+0000] {dag.py:3328} INFO - Setting next_dagrun for latest_only_with_trigger to 2022-09-21T16:16:38.797868+00:00, run_after=2022-09-21T20:16:38.797868+00:00
[2022-09-21T20:16:38.858+0000] {processor.py:178} INFO - Processing /home/airflow/.local/lib/python3.7/site-packages/airflow/example_dags/example_latest_only_with_trigger.py took 0.273 seconds
[2022-09-21T20:20:22.642+0000] {processor.py:156} INFO - Started process (PID=54) to work on /home/airflow/.local/lib/python3.7/site-packages/airflow/example_dags/example_latest_only_with_trigger.py
[2022-09-21T20:20:22.644+0000] {processor.py:758} INFO - Processing file /home/airflow/.local/lib/python3.7/site-packages/airflow/example_dags/example_latest_only_with_trigger.py for tasks to queue
[2022-09-21T20:20:22.645+0000] {logging_mixin.py:117} INFO - [2022-09-21T20:20:22.645+0000] {dagbag.py:525} INFO - Filling up the DagBag from /home/airflow/.local/lib/python3.7/site-packages/airflow/example_dags/example_latest_only_with_trigger.py
[2022-09-21T20:20:22.718+0000] {processor.py:768} INFO - DAG(s) dict_keys(['latest_only_with_trigger']) retrieved from /home/airflow/.local/lib/python3.7/site-packages/airflow/example_dags/example_latest_only_with_trigger.py
[2022-09-21T20:20:23.107+0000] {logging_mixin.py:117} INFO - [2022-09-21T20:20:23.107+0000] {dag.py:2573} INFO - Sync 1 DAGs
[2022-09-21T20:20:23.179+0000] {logging_mixin.py:117} INFO - [2022-09-21T20:20:23.179+0000] {dag.py:3328} INFO - Setting next_dagrun for latest_only_with_trigger to 2022-09-21T16:20:23.178983+00:00, run_after=2022-09-21T20:20:23.178983+00:00
[2022-09-21T20:20:23.266+0000] {processor.py:178} INFO - Processing /home/airflow/.local/lib/python3.7/site-packages/airflow/example_dags/example_latest_only_with_trigger.py took 0.629 seconds
[2022-09-21T20:20:53.314+0000] {processor.py:156} INFO - Started process (PID=109) to work on /home/airflow/.local/lib/python3.7/site-packages/airflow/example_dags/example_latest_only_with_trigger.py
[2022-09-21T20:20:53.325+0000] {processor.py:758} INFO - Processing file /home/airflow/.local/lib/python3.7/site-packages/airflow/example_dags/example_latest_only_with_trigger.py for tasks to queue
[2022-09-21T20:20:53.326+0000] {logging_mixin.py:117} INFO - [2022-09-21T20:20:53.326+0000] {dagbag.py:525} INFO - Filling up the DagBag from /home/airflow/.local/lib/python3.7/site-packages/airflow/example_dags/example_latest_only_with_trigger.py
[2022-09-21T20:20:53.368+0000] {processor.py:768} INFO - DAG(s) dict_keys(['latest_only_with_trigger']) retrieved from /home/airflow/.local/lib/python3.7/site-packages/airflow/example_dags/example_latest_only_with_trigger.py
[2022-09-21T20:20:53.634+0000] {logging_mixin.py:117} INFO - [2022-09-21T20:20:53.634+0000] {dag.py:2573} INFO - Sync 1 DAGs
[2022-09-21T20:20:53.724+0000] {logging_mixin.py:117} INFO - [2022-09-21T20:20:53.724+0000] {dag.py:3328} INFO - Setting next_dagrun for latest_only_with_trigger to 2022-09-21T16:20:53.724338+00:00, run_after=2022-09-21T20:20:53.724338+00:00
[2022-09-21T20:20:53.764+0000] {processor.py:178} INFO - Processing /home/airflow/.local/lib/python3.7/site-packages/airflow/example_dags/example_latest_only_with_trigger.py took 0.454 seconds
[2022-09-21T20:21:23.855+0000] {processor.py:156} INFO - Started process (PID=164) to work on /home/airflow/.local/lib/python3.7/site-packages/airflow/example_dags/example_latest_only_with_trigger.py
[2022-09-21T20:21:23.856+0000] {processor.py:758} INFO - Processing file /home/airflow/.local/lib/python3.7/site-packages/airflow/example_dags/example_latest_only_with_trigger.py for tasks to queue
[2022-09-21T20:21:23.857+0000] {logging_mixin.py:117} INFO - [2022-09-21T20:21:23.857+0000] {dagbag.py:525} INFO - Filling up the DagBag from /home/airflow/.local/lib/python3.7/site-packages/airflow/example_dags/example_latest_only_with_trigger.py
[2022-09-21T20:21:23.879+0000] {processor.py:768} INFO - DAG(s) dict_keys(['latest_only_with_trigger']) retrieved from /home/airflow/.local/lib/python3.7/site-packages/airflow/example_dags/example_latest_only_with_trigger.py
[2022-09-21T20:21:24.079+0000] {logging_mixin.py:117} INFO - [2022-09-21T20:21:24.078+0000] {dag.py:2573} INFO - Sync 1 DAGs
[2022-09-21T20:21:24.137+0000] {logging_mixin.py:117} INFO - [2022-09-21T20:21:24.137+0000] {dag.py:3328} INFO - Setting next_dagrun for latest_only_with_trigger to 2022-09-21T16:21:24.137176+00:00, run_after=2022-09-21T20:21:24.137176+00:00
[2022-09-21T20:21:24.180+0000] {processor.py:178} INFO - Processing /home/airflow/.local/lib/python3.7/site-packages/airflow/example_dags/example_latest_only_with_trigger.py took 0.329 seconds
[2022-09-21T20:21:55.334+0000] {processor.py:156} INFO - Started process (PID=228) to work on /home/airflow/.local/lib/python3.7/site-packages/airflow/example_dags/example_latest_only_with_trigger.py
[2022-09-21T20:21:55.335+0000] {processor.py:758} INFO - Processing file /home/airflow/.local/lib/python3.7/site-packages/airflow/example_dags/example_latest_only_with_trigger.py for tasks to queue
[2022-09-21T20:21:55.336+0000] {logging_mixin.py:117} INFO - [2022-09-21T20:21:55.336+0000] {dagbag.py:525} INFO - Filling up the DagBag from /home/airflow/.local/lib/python3.7/site-packages/airflow/example_dags/example_latest_only_with_trigger.py
[2022-09-21T20:21:55.520+0000] {processor.py:768} INFO - DAG(s) dict_keys(['latest_only_with_trigger']) retrieved from /home/airflow/.local/lib/python3.7/site-packages/airflow/example_dags/example_latest_only_with_trigger.py
[2022-09-21T20:21:55.553+0000] {logging_mixin.py:117} INFO - [2022-09-21T20:21:55.552+0000] {dag.py:2573} INFO - Sync 1 DAGs
[2022-09-21T20:21:55.594+0000] {logging_mixin.py:117} INFO - [2022-09-21T20:21:55.594+0000] {dag.py:3328} INFO - Setting next_dagrun for latest_only_with_trigger to 2022-09-21T16:21:55.593985+00:00, run_after=2022-09-21T20:21:55.593985+00:00
[2022-09-21T20:21:55.626+0000] {processor.py:178} INFO - Processing /home/airflow/.local/lib/python3.7/site-packages/airflow/example_dags/example_latest_only_with_trigger.py took 0.295 seconds
[2022-09-21T20:22:25.906+0000] {processor.py:156} INFO - Started process (PID=283) to work on /home/airflow/.local/lib/python3.7/site-packages/airflow/example_dags/example_latest_only_with_trigger.py
[2022-09-21T20:22:25.907+0000] {processor.py:758} INFO - Processing file /home/airflow/.local/lib/python3.7/site-packages/airflow/example_dags/example_latest_only_with_trigger.py for tasks to queue
[2022-09-21T20:22:25.907+0000] {logging_mixin.py:117} INFO - [2022-09-21T20:22:25.907+0000] {dagbag.py:525} INFO - Filling up the DagBag from /home/airflow/.local/lib/python3.7/site-packages/airflow/example_dags/example_latest_only_with_trigger.py
[2022-09-21T20:22:25.921+0000] {processor.py:768} INFO - DAG(s) dict_keys(['latest_only_with_trigger']) retrieved from /home/airflow/.local/lib/python3.7/site-packages/airflow/example_dags/example_latest_only_with_trigger.py
[2022-09-21T20:22:25.967+0000] {logging_mixin.py:117} INFO - [2022-09-21T20:22:25.967+0000] {dag.py:2573} INFO - Sync 1 DAGs
[2022-09-21T20:22:25.996+0000] {logging_mixin.py:117} INFO - [2022-09-21T20:22:25.996+0000] {dag.py:3328} INFO - Setting next_dagrun for latest_only_with_trigger to 2022-09-21T16:22:25.996113+00:00, run_after=2022-09-21T20:22:25.996113+00:00
[2022-09-21T20:22:26.019+0000] {processor.py:178} INFO - Processing /home/airflow/.local/lib/python3.7/site-packages/airflow/example_dags/example_latest_only_with_trigger.py took 0.115 seconds
[2022-09-21T20:22:56.647+0000] {processor.py:156} INFO - Started process (PID=347) to work on /home/airflow/.local/lib/python3.7/site-packages/airflow/example_dags/example_latest_only_with_trigger.py
[2022-09-21T20:22:56.647+0000] {processor.py:758} INFO - Processing file /home/airflow/.local/lib/python3.7/site-packages/airflow/example_dags/example_latest_only_with_trigger.py for tasks to queue
[2022-09-21T20:22:56.648+0000] {logging_mixin.py:117} INFO - [2022-09-21T20:22:56.648+0000] {dagbag.py:525} INFO - Filling up the DagBag from /home/airflow/.local/lib/python3.7/site-packages/airflow/example_dags/example_latest_only_with_trigger.py
[2022-09-21T20:22:56.661+0000] {processor.py:768} INFO - DAG(s) dict_keys(['latest_only_with_trigger']) retrieved from /home/airflow/.local/lib/python3.7/site-packages/airflow/example_dags/example_latest_only_with_trigger.py
[2022-09-21T20:22:56.683+0000] {logging_mixin.py:117} INFO - [2022-09-21T20:22:56.683+0000] {dag.py:2573} INFO - Sync 1 DAGs
[2022-09-21T20:22:56.711+0000] {logging_mixin.py:117} INFO - [2022-09-21T20:22:56.711+0000] {dag.py:3328} INFO - Setting next_dagrun for latest_only_with_trigger to 2022-09-21T16:22:56.711018+00:00, run_after=2022-09-21T20:22:56.711018+00:00
[2022-09-21T20:22:56.739+0000] {processor.py:178} INFO - Processing /home/airflow/.local/lib/python3.7/site-packages/airflow/example_dags/example_latest_only_with_trigger.py took 0.094 seconds
[2022-09-21T20:23:27.486+0000] {processor.py:156} INFO - Started process (PID=409) to work on /home/airflow/.local/lib/python3.7/site-packages/airflow/example_dags/example_latest_only_with_trigger.py
[2022-09-21T20:23:27.487+0000] {processor.py:758} INFO - Processing file /home/airflow/.local/lib/python3.7/site-packages/airflow/example_dags/example_latest_only_with_trigger.py for tasks to queue
[2022-09-21T20:23:27.488+0000] {logging_mixin.py:117} INFO - [2022-09-21T20:23:27.488+0000] {dagbag.py:525} INFO - Filling up the DagBag from /home/airflow/.local/lib/python3.7/site-packages/airflow/example_dags/example_latest_only_with_trigger.py
[2022-09-21T20:23:27.510+0000] {processor.py:768} INFO - DAG(s) dict_keys(['latest_only_with_trigger']) retrieved from /home/airflow/.local/lib/python3.7/site-packages/airflow/example_dags/example_latest_only_with_trigger.py
[2022-09-21T20:23:27.614+0000] {logging_mixin.py:117} INFO - [2022-09-21T20:23:27.613+0000] {dag.py:2573} INFO - Sync 1 DAGs
[2022-09-21T20:23:27.663+0000] {logging_mixin.py:117} INFO - [2022-09-21T20:23:27.663+0000] {dag.py:3328} INFO - Setting next_dagrun for latest_only_with_trigger to 2022-09-21T16:23:27.663166+00:00, run_after=2022-09-21T20:23:27.663166+00:00
[2022-09-21T20:23:27.714+0000] {processor.py:178} INFO - Processing /home/airflow/.local/lib/python3.7/site-packages/airflow/example_dags/example_latest_only_with_trigger.py took 0.232 seconds
[2022-09-21T20:23:58.115+0000] {processor.py:156} INFO - Started process (PID=466) to work on /home/airflow/.local/lib/python3.7/site-packages/airflow/example_dags/example_latest_only_with_trigger.py
[2022-09-21T20:23:58.116+0000] {processor.py:758} INFO - Processing file /home/airflow/.local/lib/python3.7/site-packages/airflow/example_dags/example_latest_only_with_trigger.py for tasks to queue
[2022-09-21T20:23:58.117+0000] {logging_mixin.py:117} INFO - [2022-09-21T20:23:58.117+0000] {dagbag.py:525} INFO - Filling up the DagBag from /home/airflow/.local/lib/python3.7/site-packages/airflow/example_dags/example_latest_only_with_trigger.py
[2022-09-21T20:23:58.139+0000] {processor.py:768} INFO - DAG(s) dict_keys(['latest_only_with_trigger']) retrieved from /home/airflow/.local/lib/python3.7/site-packages/airflow/example_dags/example_latest_only_with_trigger.py
[2022-09-21T20:23:58.199+0000] {logging_mixin.py:117} INFO - [2022-09-21T20:23:58.198+0000] {dag.py:2573} INFO - Sync 1 DAGs
[2022-09-21T20:23:58.244+0000] {logging_mixin.py:117} INFO - [2022-09-21T20:23:58.244+0000] {dag.py:3328} INFO - Setting next_dagrun for latest_only_with_trigger to 2022-09-21T16:23:58.243736+00:00, run_after=2022-09-21T20:23:58.243736+00:00
[2022-09-21T20:23:58.274+0000] {processor.py:178} INFO - Processing /home/airflow/.local/lib/python3.7/site-packages/airflow/example_dags/example_latest_only_with_trigger.py took 0.164 seconds
[2022-09-21T20:24:28.715+0000] {processor.py:156} INFO - Started process (PID=531) to work on /home/airflow/.local/lib/python3.7/site-packages/airflow/example_dags/example_latest_only_with_trigger.py
[2022-09-21T20:24:28.716+0000] {processor.py:758} INFO - Processing file /home/airflow/.local/lib/python3.7/site-packages/airflow/example_dags/example_latest_only_with_trigger.py for tasks to queue
[2022-09-21T20:24:28.717+0000] {logging_mixin.py:117} INFO - [2022-09-21T20:24:28.717+0000] {dagbag.py:525} INFO - Filling up the DagBag from /home/airflow/.local/lib/python3.7/site-packages/airflow/example_dags/example_latest_only_with_trigger.py
[2022-09-21T20:24:28.740+0000] {processor.py:768} INFO - DAG(s) dict_keys(['latest_only_with_trigger']) retrieved from /home/airflow/.local/lib/python3.7/site-packages/airflow/example_dags/example_latest_only_with_trigger.py
[2022-09-21T20:24:28.804+0000] {logging_mixin.py:117} INFO - [2022-09-21T20:24:28.804+0000] {dag.py:2573} INFO - Sync 1 DAGs
[2022-09-21T20:24:28.851+0000] {logging_mixin.py:117} INFO - [2022-09-21T20:24:28.851+0000] {dag.py:3328} INFO - Setting next_dagrun for latest_only_with_trigger to 2022-09-21T16:24:28.850973+00:00, run_after=2022-09-21T20:24:28.850973+00:00
[2022-09-21T20:24:28.885+0000] {processor.py:178} INFO - Processing /home/airflow/.local/lib/python3.7/site-packages/airflow/example_dags/example_latest_only_with_trigger.py took 0.174 seconds
[2022-09-21T20:24:58.963+0000] {processor.py:156} INFO - Started process (PID=585) to work on /home/airflow/.local/lib/python3.7/site-packages/airflow/example_dags/example_latest_only_with_trigger.py
[2022-09-21T20:24:58.964+0000] {processor.py:758} INFO - Processing file /home/airflow/.local/lib/python3.7/site-packages/airflow/example_dags/example_latest_only_with_trigger.py for tasks to queue
[2022-09-21T20:24:58.965+0000] {logging_mixin.py:117} INFO - [2022-09-21T20:24:58.965+0000] {dagbag.py:525} INFO - Filling up the DagBag from /home/airflow/.local/lib/python3.7/site-packages/airflow/example_dags/example_latest_only_with_trigger.py
[2022-09-21T20:24:58.980+0000] {processor.py:768} INFO - DAG(s) dict_keys(['latest_only_with_trigger']) retrieved from /home/airflow/.local/lib/python3.7/site-packages/airflow/example_dags/example_latest_only_with_trigger.py
[2022-09-21T20:24:59.009+0000] {logging_mixin.py:117} INFO - [2022-09-21T20:24:59.008+0000] {dag.py:2573} INFO - Sync 1 DAGs
[2022-09-21T20:24:59.038+0000] {logging_mixin.py:117} INFO - [2022-09-21T20:24:59.038+0000] {dag.py:3328} INFO - Setting next_dagrun for latest_only_with_trigger to 2022-09-21T16:24:59.038427+00:00, run_after=2022-09-21T20:24:59.038427+00:00
[2022-09-21T20:24:59.059+0000] {processor.py:178} INFO - Processing /home/airflow/.local/lib/python3.7/site-packages/airflow/example_dags/example_latest_only_with_trigger.py took 0.098 seconds
[2022-09-21T20:25:29.614+0000] {processor.py:156} INFO - Started process (PID=650) to work on /home/airflow/.local/lib/python3.7/site-packages/airflow/example_dags/example_latest_only_with_trigger.py
[2022-09-21T20:25:29.615+0000] {processor.py:758} INFO - Processing file /home/airflow/.local/lib/python3.7/site-packages/airflow/example_dags/example_latest_only_with_trigger.py for tasks to queue
[2022-09-21T20:25:29.616+0000] {logging_mixin.py:117} INFO - [2022-09-21T20:25:29.616+0000] {dagbag.py:525} INFO - Filling up the DagBag from /home/airflow/.local/lib/python3.7/site-packages/airflow/example_dags/example_latest_only_with_trigger.py
[2022-09-21T20:25:29.637+0000] {processor.py:768} INFO - DAG(s) dict_keys(['latest_only_with_trigger']) retrieved from /home/airflow/.local/lib/python3.7/site-packages/airflow/example_dags/example_latest_only_with_trigger.py
[2022-09-21T20:25:29.696+0000] {logging_mixin.py:117} INFO - [2022-09-21T20:25:29.696+0000] {dag.py:2573} INFO - Sync 1 DAGs
[2022-09-21T20:25:29.729+0000] {logging_mixin.py:117} INFO - [2022-09-21T20:25:29.729+0000] {dag.py:3328} INFO - Setting next_dagrun for latest_only_with_trigger to 2022-09-21T16:25:29.729500+00:00, run_after=2022-09-21T20:25:29.729500+00:00
[2022-09-21T20:25:29.768+0000] {processor.py:178} INFO - Processing /home/airflow/.local/lib/python3.7/site-packages/airflow/example_dags/example_latest_only_with_trigger.py took 0.158 seconds
[2022-09-21T20:26:00.055+0000] {processor.py:156} INFO - Started process (PID=705) to work on /home/airflow/.local/lib/python3.7/site-packages/airflow/example_dags/example_latest_only_with_trigger.py
[2022-09-21T20:26:00.055+0000] {processor.py:758} INFO - Processing file /home/airflow/.local/lib/python3.7/site-packages/airflow/example_dags/example_latest_only_with_trigger.py for tasks to queue
[2022-09-21T20:26:00.056+0000] {logging_mixin.py:117} INFO - [2022-09-21T20:26:00.055+0000] {dagbag.py:525} INFO - Filling up the DagBag from /home/airflow/.local/lib/python3.7/site-packages/airflow/example_dags/example_latest_only_with_trigger.py
[2022-09-21T20:26:00.068+0000] {processor.py:768} INFO - DAG(s) dict_keys(['latest_only_with_trigger']) retrieved from /home/airflow/.local/lib/python3.7/site-packages/airflow/example_dags/example_latest_only_with_trigger.py
[2022-09-21T20:26:00.103+0000] {logging_mixin.py:117} INFO - [2022-09-21T20:26:00.103+0000] {dag.py:2573} INFO - Sync 1 DAGs
[2022-09-21T20:26:00.128+0000] {logging_mixin.py:117} INFO - [2022-09-21T20:26:00.128+0000] {dag.py:3328} INFO - Setting next_dagrun for latest_only_with_trigger to 2022-09-21T16:26:00.128023+00:00, run_after=2022-09-21T20:26:00.128023+00:00
[2022-09-21T20:26:00.146+0000] {processor.py:178} INFO - Processing /home/airflow/.local/lib/python3.7/site-packages/airflow/example_dags/example_latest_only_with_trigger.py took 0.094 seconds
[2022-09-21T20:26:30.457+0000] {processor.py:156} INFO - Started process (PID=768) to work on /home/airflow/.local/lib/python3.7/site-packages/airflow/example_dags/example_latest_only_with_trigger.py
[2022-09-21T20:26:30.457+0000] {processor.py:758} INFO - Processing file /home/airflow/.local/lib/python3.7/site-packages/airflow/example_dags/example_latest_only_with_trigger.py for tasks to queue
[2022-09-21T20:26:30.458+0000] {logging_mixin.py:117} INFO - [2022-09-21T20:26:30.458+0000] {dagbag.py:525} INFO - Filling up the DagBag from /home/airflow/.local/lib/python3.7/site-packages/airflow/example_dags/example_latest_only_with_trigger.py
[2022-09-21T20:26:30.477+0000] {processor.py:768} INFO - DAG(s) dict_keys(['latest_only_with_trigger']) retrieved from /home/airflow/.local/lib/python3.7/site-packages/airflow/example_dags/example_latest_only_with_trigger.py
[2022-09-21T20:26:30.528+0000] {logging_mixin.py:117} INFO - [2022-09-21T20:26:30.528+0000] {dag.py:2573} INFO - Sync 1 DAGs
[2022-09-21T20:26:30.562+0000] {logging_mixin.py:117} INFO - [2022-09-21T20:26:30.561+0000] {dag.py:3328} INFO - Setting next_dagrun for latest_only_with_trigger to 2022-09-21T16:26:30.561522+00:00, run_after=2022-09-21T20:26:30.561522+00:00
[2022-09-21T20:26:30.590+0000] {processor.py:178} INFO - Processing /home/airflow/.local/lib/python3.7/site-packages/airflow/example_dags/example_latest_only_with_trigger.py took 0.136 seconds
[2022-09-21T20:27:01.438+0000] {processor.py:156} INFO - Started process (PID=832) to work on /home/airflow/.local/lib/python3.7/site-packages/airflow/example_dags/example_latest_only_with_trigger.py
[2022-09-21T20:27:01.439+0000] {processor.py:758} INFO - Processing file /home/airflow/.local/lib/python3.7/site-packages/airflow/example_dags/example_latest_only_with_trigger.py for tasks to queue
[2022-09-21T20:27:01.439+0000] {logging_mixin.py:117} INFO - [2022-09-21T20:27:01.439+0000] {dagbag.py:525} INFO - Filling up the DagBag from /home/airflow/.local/lib/python3.7/site-packages/airflow/example_dags/example_latest_only_with_trigger.py
[2022-09-21T20:27:01.451+0000] {processor.py:768} INFO - DAG(s) dict_keys(['latest_only_with_trigger']) retrieved from /home/airflow/.local/lib/python3.7/site-packages/airflow/example_dags/example_latest_only_with_trigger.py
[2022-09-21T20:27:01.485+0000] {logging_mixin.py:117} INFO - [2022-09-21T20:27:01.485+0000] {dag.py:2573} INFO - Sync 1 DAGs
[2022-09-21T20:27:01.508+0000] {logging_mixin.py:117} INFO - [2022-09-21T20:27:01.507+0000] {dag.py:3328} INFO - Setting next_dagrun for latest_only_with_trigger to 2022-09-21T16:27:01.507751+00:00, run_after=2022-09-21T20:27:01.507751+00:00
[2022-09-21T20:27:01.526+0000] {processor.py:178} INFO - Processing /home/airflow/.local/lib/python3.7/site-packages/airflow/example_dags/example_latest_only_with_trigger.py took 0.091 seconds
[2022-09-21T20:27:31.620+0000] {processor.py:156} INFO - Started process (PID=886) to work on /home/airflow/.local/lib/python3.7/site-packages/airflow/example_dags/example_latest_only_with_trigger.py
[2022-09-21T20:27:31.621+0000] {processor.py:758} INFO - Processing file /home/airflow/.local/lib/python3.7/site-packages/airflow/example_dags/example_latest_only_with_trigger.py for tasks to queue
[2022-09-21T20:27:31.622+0000] {logging_mixin.py:117} INFO - [2022-09-21T20:27:31.622+0000] {dagbag.py:525} INFO - Filling up the DagBag from /home/airflow/.local/lib/python3.7/site-packages/airflow/example_dags/example_latest_only_with_trigger.py
[2022-09-21T20:27:31.640+0000] {processor.py:768} INFO - DAG(s) dict_keys(['latest_only_with_trigger']) retrieved from /home/airflow/.local/lib/python3.7/site-packages/airflow/example_dags/example_latest_only_with_trigger.py
[2022-09-21T20:27:31.694+0000] {logging_mixin.py:117} INFO - [2022-09-21T20:27:31.694+0000] {dag.py:2573} INFO - Sync 1 DAGs
[2022-09-21T20:27:31.733+0000] {logging_mixin.py:117} INFO - [2022-09-21T20:27:31.733+0000] {dag.py:3328} INFO - Setting next_dagrun for latest_only_with_trigger to 2022-09-21T16:27:31.732686+00:00, run_after=2022-09-21T20:27:31.732686+00:00
[2022-09-21T20:27:31.764+0000] {processor.py:178} INFO - Processing /home/airflow/.local/lib/python3.7/site-packages/airflow/example_dags/example_latest_only_with_trigger.py took 0.146 seconds
[2022-09-21T20:28:01.931+0000] {processor.py:156} INFO - Started process (PID=950) to work on /home/airflow/.local/lib/python3.7/site-packages/airflow/example_dags/example_latest_only_with_trigger.py
[2022-09-21T20:28:01.931+0000] {processor.py:758} INFO - Processing file /home/airflow/.local/lib/python3.7/site-packages/airflow/example_dags/example_latest_only_with_trigger.py for tasks to queue
[2022-09-21T20:28:01.932+0000] {logging_mixin.py:117} INFO - [2022-09-21T20:28:01.932+0000] {dagbag.py:525} INFO - Filling up the DagBag from /home/airflow/.local/lib/python3.7/site-packages/airflow/example_dags/example_latest_only_with_trigger.py
[2022-09-21T20:28:01.949+0000] {processor.py:768} INFO - DAG(s) dict_keys(['latest_only_with_trigger']) retrieved from /home/airflow/.local/lib/python3.7/site-packages/airflow/example_dags/example_latest_only_with_trigger.py
[2022-09-21T20:28:01.985+0000] {logging_mixin.py:117} INFO - [2022-09-21T20:28:01.985+0000] {dag.py:2573} INFO - Sync 1 DAGs
[2022-09-21T20:28:02.013+0000] {logging_mixin.py:117} INFO - [2022-09-21T20:28:02.013+0000] {dag.py:3328} INFO - Setting next_dagrun for latest_only_with_trigger to 2022-09-21T16:28:02.013617+00:00, run_after=2022-09-21T20:28:02.013617+00:00
[2022-09-21T20:28:02.033+0000] {processor.py:178} INFO - Processing /home/airflow/.local/lib/python3.7/site-packages/airflow/example_dags/example_latest_only_with_trigger.py took 0.106 seconds
[2022-09-21T20:28:32.886+0000] {processor.py:156} INFO - Started process (PID=1013) to work on /home/airflow/.local/lib/python3.7/site-packages/airflow/example_dags/example_latest_only_with_trigger.py
[2022-09-21T20:28:32.887+0000] {processor.py:758} INFO - Processing file /home/airflow/.local/lib/python3.7/site-packages/airflow/example_dags/example_latest_only_with_trigger.py for tasks to queue
[2022-09-21T20:28:32.887+0000] {logging_mixin.py:117} INFO - [2022-09-21T20:28:32.887+0000] {dagbag.py:525} INFO - Filling up the DagBag from /home/airflow/.local/lib/python3.7/site-packages/airflow/example_dags/example_latest_only_with_trigger.py
[2022-09-21T20:28:32.901+0000] {processor.py:768} INFO - DAG(s) dict_keys(['latest_only_with_trigger']) retrieved from /home/airflow/.local/lib/python3.7/site-packages/airflow/example_dags/example_latest_only_with_trigger.py
[2022-09-21T20:28:32.955+0000] {logging_mixin.py:117} INFO - [2022-09-21T20:28:32.955+0000] {dag.py:2573} INFO - Sync 1 DAGs
[2022-09-21T20:28:32.978+0000] {logging_mixin.py:117} INFO - [2022-09-21T20:28:32.978+0000] {dag.py:3328} INFO - Setting next_dagrun for latest_only_with_trigger to 2022-09-21T16:28:32.978031+00:00, run_after=2022-09-21T20:28:32.978031+00:00
[2022-09-21T20:28:33.004+0000] {processor.py:178} INFO - Processing /home/airflow/.local/lib/python3.7/site-packages/airflow/example_dags/example_latest_only_with_trigger.py took 0.120 seconds
[2022-09-21T20:29:03.897+0000] {processor.py:156} INFO - Started process (PID=1068) to work on /home/airflow/.local/lib/python3.7/site-packages/airflow/example_dags/example_latest_only_with_trigger.py
[2022-09-21T20:29:03.897+0000] {processor.py:758} INFO - Processing file /home/airflow/.local/lib/python3.7/site-packages/airflow/example_dags/example_latest_only_with_trigger.py for tasks to queue
[2022-09-21T20:29:03.898+0000] {logging_mixin.py:117} INFO - [2022-09-21T20:29:03.898+0000] {dagbag.py:525} INFO - Filling up the DagBag from /home/airflow/.local/lib/python3.7/site-packages/airflow/example_dags/example_latest_only_with_trigger.py
[2022-09-21T20:29:03.917+0000] {processor.py:768} INFO - DAG(s) dict_keys(['latest_only_with_trigger']) retrieved from /home/airflow/.local/lib/python3.7/site-packages/airflow/example_dags/example_latest_only_with_trigger.py
[2022-09-21T20:29:03.968+0000] {logging_mixin.py:117} INFO - [2022-09-21T20:29:03.968+0000] {dag.py:2573} INFO - Sync 1 DAGs
[2022-09-21T20:29:04.004+0000] {logging_mixin.py:117} INFO - [2022-09-21T20:29:04.004+0000] {dag.py:3328} INFO - Setting next_dagrun for latest_only_with_trigger to 2022-09-21T16:29:04.003894+00:00, run_after=2022-09-21T20:29:04.003894+00:00
[2022-09-21T20:29:04.027+0000] {processor.py:178} INFO - Processing /home/airflow/.local/lib/python3.7/site-packages/airflow/example_dags/example_latest_only_with_trigger.py took 0.135 seconds
[2022-09-21T20:29:34.499+0000] {processor.py:156} INFO - Started process (PID=1132) to work on /home/airflow/.local/lib/python3.7/site-packages/airflow/example_dags/example_latest_only_with_trigger.py
[2022-09-21T20:29:34.500+0000] {processor.py:758} INFO - Processing file /home/airflow/.local/lib/python3.7/site-packages/airflow/example_dags/example_latest_only_with_trigger.py for tasks to queue
[2022-09-21T20:29:34.501+0000] {logging_mixin.py:117} INFO - [2022-09-21T20:29:34.501+0000] {dagbag.py:525} INFO - Filling up the DagBag from /home/airflow/.local/lib/python3.7/site-packages/airflow/example_dags/example_latest_only_with_trigger.py
[2022-09-21T20:29:34.539+0000] {processor.py:768} INFO - DAG(s) dict_keys(['latest_only_with_trigger']) retrieved from /home/airflow/.local/lib/python3.7/site-packages/airflow/example_dags/example_latest_only_with_trigger.py
[2022-09-21T20:29:34.636+0000] {logging_mixin.py:117} INFO - [2022-09-21T20:29:34.636+0000] {dag.py:2573} INFO - Sync 1 DAGs
[2022-09-21T20:29:34.689+0000] {logging_mixin.py:117} INFO - [2022-09-21T20:29:34.689+0000] {dag.py:3328} INFO - Setting next_dagrun for latest_only_with_trigger to 2022-09-21T16:29:34.689071+00:00, run_after=2022-09-21T20:29:34.689071+00:00
[2022-09-21T20:29:34.724+0000] {processor.py:178} INFO - Processing /home/airflow/.local/lib/python3.7/site-packages/airflow/example_dags/example_latest_only_with_trigger.py took 0.229 seconds
[2022-09-21T20:30:05.437+0000] {processor.py:156} INFO - Started process (PID=1188) to work on /home/airflow/.local/lib/python3.7/site-packages/airflow/example_dags/example_latest_only_with_trigger.py
[2022-09-21T20:30:05.439+0000] {processor.py:758} INFO - Processing file /home/airflow/.local/lib/python3.7/site-packages/airflow/example_dags/example_latest_only_with_trigger.py for tasks to queue
[2022-09-21T20:30:05.441+0000] {logging_mixin.py:117} INFO - [2022-09-21T20:30:05.440+0000] {dagbag.py:525} INFO - Filling up the DagBag from /home/airflow/.local/lib/python3.7/site-packages/airflow/example_dags/example_latest_only_with_trigger.py
[2022-09-21T20:30:05.476+0000] {processor.py:768} INFO - DAG(s) dict_keys(['latest_only_with_trigger']) retrieved from /home/airflow/.local/lib/python3.7/site-packages/airflow/example_dags/example_latest_only_with_trigger.py
[2022-09-21T20:30:05.586+0000] {logging_mixin.py:117} INFO - [2022-09-21T20:30:05.585+0000] {dag.py:2573} INFO - Sync 1 DAGs
[2022-09-21T20:30:05.689+0000] {logging_mixin.py:117} INFO - [2022-09-21T20:30:05.688+0000] {dag.py:3328} INFO - Setting next_dagrun for latest_only_with_trigger to 2022-09-21T16:30:05.688034+00:00, run_after=2022-09-21T20:30:05.688034+00:00
[2022-09-21T20:30:05.758+0000] {processor.py:178} INFO - Processing /home/airflow/.local/lib/python3.7/site-packages/airflow/example_dags/example_latest_only_with_trigger.py took 0.328 seconds
[2022-09-21T20:30:35.846+0000] {processor.py:156} INFO - Started process (PID=1242) to work on /home/airflow/.local/lib/python3.7/site-packages/airflow/example_dags/example_latest_only_with_trigger.py
[2022-09-21T20:30:35.847+0000] {processor.py:758} INFO - Processing file /home/airflow/.local/lib/python3.7/site-packages/airflow/example_dags/example_latest_only_with_trigger.py for tasks to queue
[2022-09-21T20:30:35.848+0000] {logging_mixin.py:117} INFO - [2022-09-21T20:30:35.848+0000] {dagbag.py:525} INFO - Filling up the DagBag from /home/airflow/.local/lib/python3.7/site-packages/airflow/example_dags/example_latest_only_with_trigger.py
[2022-09-21T20:30:35.864+0000] {processor.py:768} INFO - DAG(s) dict_keys(['latest_only_with_trigger']) retrieved from /home/airflow/.local/lib/python3.7/site-packages/airflow/example_dags/example_latest_only_with_trigger.py
[2022-09-21T20:30:35.911+0000] {logging_mixin.py:117} INFO - [2022-09-21T20:30:35.911+0000] {dag.py:2573} INFO - Sync 1 DAGs
[2022-09-21T20:30:35.941+0000] {logging_mixin.py:117} INFO - [2022-09-21T20:30:35.941+0000] {dag.py:3328} INFO - Setting next_dagrun for latest_only_with_trigger to 2022-09-21T16:30:35.940934+00:00, run_after=2022-09-21T20:30:35.940934+00:00
[2022-09-21T20:30:35.965+0000] {processor.py:178} INFO - Processing /home/airflow/.local/lib/python3.7/site-packages/airflow/example_dags/example_latest_only_with_trigger.py took 0.122 seconds
[2022-09-21T20:31:06.025+0000] {processor.py:156} INFO - Started process (PID=1307) to work on /home/airflow/.local/lib/python3.7/site-packages/airflow/example_dags/example_latest_only_with_trigger.py
[2022-09-21T20:31:06.026+0000] {processor.py:758} INFO - Processing file /home/airflow/.local/lib/python3.7/site-packages/airflow/example_dags/example_latest_only_with_trigger.py for tasks to queue
[2022-09-21T20:31:06.026+0000] {logging_mixin.py:117} INFO - [2022-09-21T20:31:06.026+0000] {dagbag.py:525} INFO - Filling up the DagBag from /home/airflow/.local/lib/python3.7/site-packages/airflow/example_dags/example_latest_only_with_trigger.py
[2022-09-21T20:31:06.040+0000] {processor.py:768} INFO - DAG(s) dict_keys(['latest_only_with_trigger']) retrieved from /home/airflow/.local/lib/python3.7/site-packages/airflow/example_dags/example_latest_only_with_trigger.py
[2022-09-21T20:31:06.081+0000] {logging_mixin.py:117} INFO - [2022-09-21T20:31:06.081+0000] {dag.py:2573} INFO - Sync 1 DAGs
[2022-09-21T20:31:06.106+0000] {logging_mixin.py:117} INFO - [2022-09-21T20:31:06.106+0000] {dag.py:3328} INFO - Setting next_dagrun for latest_only_with_trigger to 2022-09-21T16:31:06.106108+00:00, run_after=2022-09-21T20:31:06.106108+00:00
[2022-09-21T20:31:06.124+0000] {processor.py:178} INFO - Processing /home/airflow/.local/lib/python3.7/site-packages/airflow/example_dags/example_latest_only_with_trigger.py took 0.102 seconds
[2022-09-21T20:31:36.319+0000] {processor.py:156} INFO - Started process (PID=1362) to work on /home/airflow/.local/lib/python3.7/site-packages/airflow/example_dags/example_latest_only_with_trigger.py
[2022-09-21T20:31:36.320+0000] {processor.py:758} INFO - Processing file /home/airflow/.local/lib/python3.7/site-packages/airflow/example_dags/example_latest_only_with_trigger.py for tasks to queue
[2022-09-21T20:31:36.321+0000] {logging_mixin.py:117} INFO - [2022-09-21T20:31:36.320+0000] {dagbag.py:525} INFO - Filling up the DagBag from /home/airflow/.local/lib/python3.7/site-packages/airflow/example_dags/example_latest_only_with_trigger.py
[2022-09-21T20:31:36.337+0000] {processor.py:768} INFO - DAG(s) dict_keys(['latest_only_with_trigger']) retrieved from /home/airflow/.local/lib/python3.7/site-packages/airflow/example_dags/example_latest_only_with_trigger.py
[2022-09-21T20:31:36.402+0000] {logging_mixin.py:117} INFO - [2022-09-21T20:31:36.402+0000] {dag.py:2573} INFO - Sync 1 DAGs
[2022-09-21T20:31:36.437+0000] {logging_mixin.py:117} INFO - [2022-09-21T20:31:36.437+0000] {dag.py:3328} INFO - Setting next_dagrun for latest_only_with_trigger to 2022-09-21T16:31:36.437548+00:00, run_after=2022-09-21T20:31:36.437548+00:00
[2022-09-21T20:31:36.464+0000] {processor.py:178} INFO - Processing /home/airflow/.local/lib/python3.7/site-packages/airflow/example_dags/example_latest_only_with_trigger.py took 0.149 seconds
[2022-09-21T20:32:06.709+0000] {processor.py:156} INFO - Started process (PID=1426) to work on /home/airflow/.local/lib/python3.7/site-packages/airflow/example_dags/example_latest_only_with_trigger.py
[2022-09-21T20:32:06.710+0000] {processor.py:758} INFO - Processing file /home/airflow/.local/lib/python3.7/site-packages/airflow/example_dags/example_latest_only_with_trigger.py for tasks to queue
[2022-09-21T20:32:06.711+0000] {logging_mixin.py:117} INFO - [2022-09-21T20:32:06.711+0000] {dagbag.py:525} INFO - Filling up the DagBag from /home/airflow/.local/lib/python3.7/site-packages/airflow/example_dags/example_latest_only_with_trigger.py
[2022-09-21T20:32:06.739+0000] {processor.py:768} INFO - DAG(s) dict_keys(['latest_only_with_trigger']) retrieved from /home/airflow/.local/lib/python3.7/site-packages/airflow/example_dags/example_latest_only_with_trigger.py
[2022-09-21T20:32:06.797+0000] {logging_mixin.py:117} INFO - [2022-09-21T20:32:06.796+0000] {dag.py:2573} INFO - Sync 1 DAGs
[2022-09-21T20:32:06.832+0000] {logging_mixin.py:117} INFO - [2022-09-21T20:32:06.832+0000] {dag.py:3328} INFO - Setting next_dagrun for latest_only_with_trigger to 2022-09-21T16:32:06.831970+00:00, run_after=2022-09-21T20:32:06.831970+00:00
[2022-09-21T20:32:06.857+0000] {processor.py:178} INFO - Processing /home/airflow/.local/lib/python3.7/site-packages/airflow/example_dags/example_latest_only_with_trigger.py took 0.154 seconds
[2022-09-21T20:32:37.078+0000] {processor.py:156} INFO - Started process (PID=1481) to work on /home/airflow/.local/lib/python3.7/site-packages/airflow/example_dags/example_latest_only_with_trigger.py
[2022-09-21T20:32:37.079+0000] {processor.py:758} INFO - Processing file /home/airflow/.local/lib/python3.7/site-packages/airflow/example_dags/example_latest_only_with_trigger.py for tasks to queue
[2022-09-21T20:32:37.079+0000] {logging_mixin.py:117} INFO - [2022-09-21T20:32:37.079+0000] {dagbag.py:525} INFO - Filling up the DagBag from /home/airflow/.local/lib/python3.7/site-packages/airflow/example_dags/example_latest_only_with_trigger.py
[2022-09-21T20:32:37.105+0000] {processor.py:768} INFO - DAG(s) dict_keys(['latest_only_with_trigger']) retrieved from /home/airflow/.local/lib/python3.7/site-packages/airflow/example_dags/example_latest_only_with_trigger.py
[2022-09-21T20:32:37.165+0000] {logging_mixin.py:117} INFO - [2022-09-21T20:32:37.165+0000] {dag.py:2573} INFO - Sync 1 DAGs
[2022-09-21T20:32:37.202+0000] {logging_mixin.py:117} INFO - [2022-09-21T20:32:37.202+0000] {dag.py:3328} INFO - Setting next_dagrun for latest_only_with_trigger to 2022-09-21T16:32:37.201737+00:00, run_after=2022-09-21T20:32:37.201737+00:00
[2022-09-21T20:32:37.231+0000] {processor.py:178} INFO - Processing /home/airflow/.local/lib/python3.7/site-packages/airflow/example_dags/example_latest_only_with_trigger.py took 0.158 seconds
[2022-09-21T20:33:07.595+0000] {processor.py:156} INFO - Started process (PID=1545) to work on /home/airflow/.local/lib/python3.7/site-packages/airflow/example_dags/example_latest_only_with_trigger.py
[2022-09-21T20:33:07.596+0000] {processor.py:758} INFO - Processing file /home/airflow/.local/lib/python3.7/site-packages/airflow/example_dags/example_latest_only_with_trigger.py for tasks to queue
[2022-09-21T20:33:07.597+0000] {logging_mixin.py:117} INFO - [2022-09-21T20:33:07.597+0000] {dagbag.py:525} INFO - Filling up the DagBag from /home/airflow/.local/lib/python3.7/site-packages/airflow/example_dags/example_latest_only_with_trigger.py
[2022-09-21T20:33:07.618+0000] {processor.py:768} INFO - DAG(s) dict_keys(['latest_only_with_trigger']) retrieved from /home/airflow/.local/lib/python3.7/site-packages/airflow/example_dags/example_latest_only_with_trigger.py
[2022-09-21T20:33:07.688+0000] {logging_mixin.py:117} INFO - [2022-09-21T20:33:07.688+0000] {dag.py:2573} INFO - Sync 1 DAGs
[2022-09-21T20:33:07.727+0000] {logging_mixin.py:117} INFO - [2022-09-21T20:33:07.727+0000] {dag.py:3328} INFO - Setting next_dagrun for latest_only_with_trigger to 2022-09-21T16:33:07.727366+00:00, run_after=2022-09-21T20:33:07.727366+00:00
[2022-09-21T20:33:07.754+0000] {processor.py:178} INFO - Processing /home/airflow/.local/lib/python3.7/site-packages/airflow/example_dags/example_latest_only_with_trigger.py took 0.163 seconds
[2022-09-21T20:33:38.403+0000] {processor.py:156} INFO - Started process (PID=1599) to work on /home/airflow/.local/lib/python3.7/site-packages/airflow/example_dags/example_latest_only_with_trigger.py
[2022-09-21T20:33:38.404+0000] {processor.py:758} INFO - Processing file /home/airflow/.local/lib/python3.7/site-packages/airflow/example_dags/example_latest_only_with_trigger.py for tasks to queue
[2022-09-21T20:33:38.405+0000] {logging_mixin.py:117} INFO - [2022-09-21T20:33:38.405+0000] {dagbag.py:525} INFO - Filling up the DagBag from /home/airflow/.local/lib/python3.7/site-packages/airflow/example_dags/example_latest_only_with_trigger.py
[2022-09-21T20:33:38.432+0000] {processor.py:768} INFO - DAG(s) dict_keys(['latest_only_with_trigger']) retrieved from /home/airflow/.local/lib/python3.7/site-packages/airflow/example_dags/example_latest_only_with_trigger.py
[2022-09-21T20:33:38.504+0000] {logging_mixin.py:117} INFO - [2022-09-21T20:33:38.504+0000] {dag.py:2573} INFO - Sync 1 DAGs
[2022-09-21T20:33:38.548+0000] {logging_mixin.py:117} INFO - [2022-09-21T20:33:38.548+0000] {dag.py:3328} INFO - Setting next_dagrun for latest_only_with_trigger to 2022-09-21T16:33:38.548168+00:00, run_after=2022-09-21T20:33:38.548168+00:00
[2022-09-21T20:33:38.579+0000] {processor.py:178} INFO - Processing /home/airflow/.local/lib/python3.7/site-packages/airflow/example_dags/example_latest_only_with_trigger.py took 0.181 seconds
[2022-09-21T20:34:08.690+0000] {processor.py:156} INFO - Started process (PID=1654) to work on /home/airflow/.local/lib/python3.7/site-packages/airflow/example_dags/example_latest_only_with_trigger.py
[2022-09-21T20:34:08.691+0000] {processor.py:758} INFO - Processing file /home/airflow/.local/lib/python3.7/site-packages/airflow/example_dags/example_latest_only_with_trigger.py for tasks to queue
[2022-09-21T20:34:08.692+0000] {logging_mixin.py:117} INFO - [2022-09-21T20:34:08.692+0000] {dagbag.py:525} INFO - Filling up the DagBag from /home/airflow/.local/lib/python3.7/site-packages/airflow/example_dags/example_latest_only_with_trigger.py
[2022-09-21T20:34:08.714+0000] {processor.py:768} INFO - DAG(s) dict_keys(['latest_only_with_trigger']) retrieved from /home/airflow/.local/lib/python3.7/site-packages/airflow/example_dags/example_latest_only_with_trigger.py
[2022-09-21T20:34:08.764+0000] {logging_mixin.py:117} INFO - [2022-09-21T20:34:08.764+0000] {dag.py:2573} INFO - Sync 1 DAGs
[2022-09-21T20:34:08.797+0000] {logging_mixin.py:117} INFO - [2022-09-21T20:34:08.797+0000] {dag.py:3328} INFO - Setting next_dagrun for latest_only_with_trigger to 2022-09-21T16:34:08.797134+00:00, run_after=2022-09-21T20:34:08.797134+00:00
[2022-09-21T20:34:08.819+0000] {processor.py:178} INFO - Processing /home/airflow/.local/lib/python3.7/site-packages/airflow/example_dags/example_latest_only_with_trigger.py took 0.133 seconds
[2022-09-21T20:34:39.282+0000] {processor.py:156} INFO - Started process (PID=1717) to work on /home/airflow/.local/lib/python3.7/site-packages/airflow/example_dags/example_latest_only_with_trigger.py
[2022-09-21T20:34:39.283+0000] {processor.py:758} INFO - Processing file /home/airflow/.local/lib/python3.7/site-packages/airflow/example_dags/example_latest_only_with_trigger.py for tasks to queue
[2022-09-21T20:34:39.283+0000] {logging_mixin.py:117} INFO - [2022-09-21T20:34:39.283+0000] {dagbag.py:525} INFO - Filling up the DagBag from /home/airflow/.local/lib/python3.7/site-packages/airflow/example_dags/example_latest_only_with_trigger.py
[2022-09-21T20:34:39.306+0000] {processor.py:768} INFO - DAG(s) dict_keys(['latest_only_with_trigger']) retrieved from /home/airflow/.local/lib/python3.7/site-packages/airflow/example_dags/example_latest_only_with_trigger.py
[2022-09-21T20:34:39.367+0000] {logging_mixin.py:117} INFO - [2022-09-21T20:34:39.367+0000] {dag.py:2573} INFO - Sync 1 DAGs
[2022-09-21T20:34:39.405+0000] {logging_mixin.py:117} INFO - [2022-09-21T20:34:39.405+0000] {dag.py:3328} INFO - Setting next_dagrun for latest_only_with_trigger to 2022-09-21T16:34:39.405450+00:00, run_after=2022-09-21T20:34:39.405450+00:00
[2022-09-21T20:34:39.430+0000] {processor.py:178} INFO - Processing /home/airflow/.local/lib/python3.7/site-packages/airflow/example_dags/example_latest_only_with_trigger.py took 0.152 seconds
[2022-09-21T20:35:10.044+0000] {processor.py:156} INFO - Started process (PID=1773) to work on /home/airflow/.local/lib/python3.7/site-packages/airflow/example_dags/example_latest_only_with_trigger.py
[2022-09-21T20:35:10.044+0000] {processor.py:758} INFO - Processing file /home/airflow/.local/lib/python3.7/site-packages/airflow/example_dags/example_latest_only_with_trigger.py for tasks to queue
[2022-09-21T20:35:10.045+0000] {logging_mixin.py:117} INFO - [2022-09-21T20:35:10.045+0000] {dagbag.py:525} INFO - Filling up the DagBag from /home/airflow/.local/lib/python3.7/site-packages/airflow/example_dags/example_latest_only_with_trigger.py
[2022-09-21T20:35:10.060+0000] {processor.py:768} INFO - DAG(s) dict_keys(['latest_only_with_trigger']) retrieved from /home/airflow/.local/lib/python3.7/site-packages/airflow/example_dags/example_latest_only_with_trigger.py
[2022-09-21T20:35:10.110+0000] {logging_mixin.py:117} INFO - [2022-09-21T20:35:10.110+0000] {dag.py:2573} INFO - Sync 1 DAGs
[2022-09-21T20:35:10.145+0000] {logging_mixin.py:117} INFO - [2022-09-21T20:35:10.145+0000] {dag.py:3328} INFO - Setting next_dagrun for latest_only_with_trigger to 2022-09-21T16:35:10.145105+00:00, run_after=2022-09-21T20:35:10.145105+00:00
[2022-09-21T20:35:10.170+0000] {processor.py:178} INFO - Processing /home/airflow/.local/lib/python3.7/site-packages/airflow/example_dags/example_latest_only_with_trigger.py took 0.129 seconds
