[2022-09-21T20:17:02.869+0000] {processor.py:156} INFO - Started process (PID=71) to work on /home/airflow/.local/lib/python3.7/site-packages/airflow/example_dags/example_skip_dag.py
[2022-09-21T20:17:02.873+0000] {processor.py:758} INFO - Processing file /home/airflow/.local/lib/python3.7/site-packages/airflow/example_dags/example_skip_dag.py for tasks to queue
[2022-09-21T20:17:02.877+0000] {logging_mixin.py:117} INFO - [2022-09-21T20:17:02.877+0000] {dagbag.py:525} INFO - Filling up the DagBag from /home/airflow/.local/lib/python3.7/site-packages/airflow/example_dags/example_skip_dag.py
[2022-09-21T20:17:03.082+0000] {processor.py:768} INFO - DAG(s) dict_keys(['example_skip_dag']) retrieved from /home/airflow/.local/lib/python3.7/site-packages/airflow/example_dags/example_skip_dag.py
[2022-09-21T20:17:08.415+0000] {logging_mixin.py:117} INFO - [2022-09-21T20:17:08.409+0000] {dag.py:2573} INFO - Sync 1 DAGs
[2022-09-21T20:17:09.476+0000] {logging_mixin.py:117} INFO - [2022-09-21T20:17:09.436+0000] {dag.py:3328} INFO - Setting next_dagrun for example_skip_dag to 2022-09-20T20:17:09.429891+00:00, run_after=2022-09-21T20:17:09.429891+00:00
[2022-09-21T20:17:10.017+0000] {processor.py:178} INFO - Processing /home/airflow/.local/lib/python3.7/site-packages/airflow/example_dags/example_skip_dag.py took 7.158 seconds
[2022-09-21T20:20:25.473+0000] {processor.py:156} INFO - Started process (PID=62) to work on /home/airflow/.local/lib/python3.7/site-packages/airflow/example_dags/example_skip_dag.py
[2022-09-21T20:20:25.474+0000] {processor.py:758} INFO - Processing file /home/airflow/.local/lib/python3.7/site-packages/airflow/example_dags/example_skip_dag.py for tasks to queue
[2022-09-21T20:20:25.476+0000] {logging_mixin.py:117} INFO - [2022-09-21T20:20:25.475+0000] {dagbag.py:525} INFO - Filling up the DagBag from /home/airflow/.local/lib/python3.7/site-packages/airflow/example_dags/example_skip_dag.py
[2022-09-21T20:20:25.536+0000] {processor.py:768} INFO - DAG(s) dict_keys(['example_skip_dag']) retrieved from /home/airflow/.local/lib/python3.7/site-packages/airflow/example_dags/example_skip_dag.py
[2022-09-21T20:20:25.910+0000] {logging_mixin.py:117} INFO - [2022-09-21T20:20:25.910+0000] {dag.py:2573} INFO - Sync 1 DAGs
[2022-09-21T20:20:25.979+0000] {logging_mixin.py:117} INFO - [2022-09-21T20:20:25.979+0000] {dag.py:3328} INFO - Setting next_dagrun for example_skip_dag to 2022-09-20T20:20:25.979092+00:00, run_after=2022-09-21T20:20:25.979092+00:00
[2022-09-21T20:20:26.018+0000] {processor.py:178} INFO - Processing /home/airflow/.local/lib/python3.7/site-packages/airflow/example_dags/example_skip_dag.py took 0.551 seconds
[2022-09-21T20:20:56.372+0000] {processor.py:156} INFO - Started process (PID=117) to work on /home/airflow/.local/lib/python3.7/site-packages/airflow/example_dags/example_skip_dag.py
[2022-09-21T20:20:56.386+0000] {processor.py:758} INFO - Processing file /home/airflow/.local/lib/python3.7/site-packages/airflow/example_dags/example_skip_dag.py for tasks to queue
[2022-09-21T20:20:56.387+0000] {logging_mixin.py:117} INFO - [2022-09-21T20:20:56.386+0000] {dagbag.py:525} INFO - Filling up the DagBag from /home/airflow/.local/lib/python3.7/site-packages/airflow/example_dags/example_skip_dag.py
[2022-09-21T20:20:56.423+0000] {processor.py:768} INFO - DAG(s) dict_keys(['example_skip_dag']) retrieved from /home/airflow/.local/lib/python3.7/site-packages/airflow/example_dags/example_skip_dag.py
[2022-09-21T20:20:56.896+0000] {logging_mixin.py:117} INFO - [2022-09-21T20:20:56.896+0000] {dag.py:2573} INFO - Sync 1 DAGs
[2022-09-21T20:20:56.959+0000] {logging_mixin.py:117} INFO - [2022-09-21T20:20:56.959+0000] {dag.py:3328} INFO - Setting next_dagrun for example_skip_dag to 2022-09-20T20:20:56.959142+00:00, run_after=2022-09-21T20:20:56.959142+00:00
[2022-09-21T20:20:57.002+0000] {processor.py:178} INFO - Processing /home/airflow/.local/lib/python3.7/site-packages/airflow/example_dags/example_skip_dag.py took 0.636 seconds
[2022-09-21T20:21:27.090+0000] {processor.py:156} INFO - Started process (PID=173) to work on /home/airflow/.local/lib/python3.7/site-packages/airflow/example_dags/example_skip_dag.py
[2022-09-21T20:21:27.091+0000] {processor.py:758} INFO - Processing file /home/airflow/.local/lib/python3.7/site-packages/airflow/example_dags/example_skip_dag.py for tasks to queue
[2022-09-21T20:21:27.092+0000] {logging_mixin.py:117} INFO - [2022-09-21T20:21:27.092+0000] {dagbag.py:525} INFO - Filling up the DagBag from /home/airflow/.local/lib/python3.7/site-packages/airflow/example_dags/example_skip_dag.py
[2022-09-21T20:21:27.279+0000] {processor.py:768} INFO - DAG(s) dict_keys(['example_skip_dag']) retrieved from /home/airflow/.local/lib/python3.7/site-packages/airflow/example_dags/example_skip_dag.py
[2022-09-21T20:21:27.334+0000] {logging_mixin.py:117} INFO - [2022-09-21T20:21:27.334+0000] {dag.py:2573} INFO - Sync 1 DAGs
[2022-09-21T20:21:27.388+0000] {logging_mixin.py:117} INFO - [2022-09-21T20:21:27.388+0000] {dag.py:3328} INFO - Setting next_dagrun for example_skip_dag to 2022-09-20T20:21:27.388101+00:00, run_after=2022-09-21T20:21:27.388101+00:00
[2022-09-21T20:21:27.429+0000] {processor.py:178} INFO - Processing /home/airflow/.local/lib/python3.7/site-packages/airflow/example_dags/example_skip_dag.py took 0.343 seconds
[2022-09-21T20:21:57.879+0000] {processor.py:156} INFO - Started process (PID=236) to work on /home/airflow/.local/lib/python3.7/site-packages/airflow/example_dags/example_skip_dag.py
[2022-09-21T20:21:57.880+0000] {processor.py:758} INFO - Processing file /home/airflow/.local/lib/python3.7/site-packages/airflow/example_dags/example_skip_dag.py for tasks to queue
[2022-09-21T20:21:57.880+0000] {logging_mixin.py:117} INFO - [2022-09-21T20:21:57.880+0000] {dagbag.py:525} INFO - Filling up the DagBag from /home/airflow/.local/lib/python3.7/site-packages/airflow/example_dags/example_skip_dag.py
[2022-09-21T20:21:57.898+0000] {processor.py:768} INFO - DAG(s) dict_keys(['example_skip_dag']) retrieved from /home/airflow/.local/lib/python3.7/site-packages/airflow/example_dags/example_skip_dag.py
[2022-09-21T20:21:57.930+0000] {logging_mixin.py:117} INFO - [2022-09-21T20:21:57.930+0000] {dag.py:2573} INFO - Sync 1 DAGs
[2022-09-21T20:21:57.962+0000] {logging_mixin.py:117} INFO - [2022-09-21T20:21:57.961+0000] {dag.py:3328} INFO - Setting next_dagrun for example_skip_dag to 2022-09-20T20:21:57.961630+00:00, run_after=2022-09-21T20:21:57.961630+00:00
[2022-09-21T20:21:57.986+0000] {processor.py:178} INFO - Processing /home/airflow/.local/lib/python3.7/site-packages/airflow/example_dags/example_skip_dag.py took 0.288 seconds
[2022-09-21T20:22:28.671+0000] {processor.py:156} INFO - Started process (PID=299) to work on /home/airflow/.local/lib/python3.7/site-packages/airflow/example_dags/example_skip_dag.py
[2022-09-21T20:22:28.672+0000] {processor.py:758} INFO - Processing file /home/airflow/.local/lib/python3.7/site-packages/airflow/example_dags/example_skip_dag.py for tasks to queue
[2022-09-21T20:22:28.673+0000] {logging_mixin.py:117} INFO - [2022-09-21T20:22:28.673+0000] {dagbag.py:525} INFO - Filling up the DagBag from /home/airflow/.local/lib/python3.7/site-packages/airflow/example_dags/example_skip_dag.py
[2022-09-21T20:22:28.694+0000] {processor.py:768} INFO - DAG(s) dict_keys(['example_skip_dag']) retrieved from /home/airflow/.local/lib/python3.7/site-packages/airflow/example_dags/example_skip_dag.py
[2022-09-21T20:22:28.758+0000] {logging_mixin.py:117} INFO - [2022-09-21T20:22:28.758+0000] {dag.py:2573} INFO - Sync 1 DAGs
[2022-09-21T20:22:28.804+0000] {logging_mixin.py:117} INFO - [2022-09-21T20:22:28.804+0000] {dag.py:3328} INFO - Setting next_dagrun for example_skip_dag to 2022-09-20T20:22:28.804029+00:00, run_after=2022-09-21T20:22:28.804029+00:00
[2022-09-21T20:22:28.832+0000] {processor.py:178} INFO - Processing /home/airflow/.local/lib/python3.7/site-packages/airflow/example_dags/example_skip_dag.py took 0.165 seconds
[2022-09-21T20:22:59.158+0000] {processor.py:156} INFO - Started process (PID=356) to work on /home/airflow/.local/lib/python3.7/site-packages/airflow/example_dags/example_skip_dag.py
[2022-09-21T20:22:59.159+0000] {processor.py:758} INFO - Processing file /home/airflow/.local/lib/python3.7/site-packages/airflow/example_dags/example_skip_dag.py for tasks to queue
[2022-09-21T20:22:59.159+0000] {logging_mixin.py:117} INFO - [2022-09-21T20:22:59.159+0000] {dagbag.py:525} INFO - Filling up the DagBag from /home/airflow/.local/lib/python3.7/site-packages/airflow/example_dags/example_skip_dag.py
[2022-09-21T20:22:59.175+0000] {processor.py:768} INFO - DAG(s) dict_keys(['example_skip_dag']) retrieved from /home/airflow/.local/lib/python3.7/site-packages/airflow/example_dags/example_skip_dag.py
[2022-09-21T20:22:59.202+0000] {logging_mixin.py:117} INFO - [2022-09-21T20:22:59.202+0000] {dag.py:2573} INFO - Sync 1 DAGs
[2022-09-21T20:22:59.231+0000] {logging_mixin.py:117} INFO - [2022-09-21T20:22:59.231+0000] {dag.py:3328} INFO - Setting next_dagrun for example_skip_dag to 2022-09-20T20:22:59.230799+00:00, run_after=2022-09-21T20:22:59.230799+00:00
[2022-09-21T20:22:59.252+0000] {processor.py:178} INFO - Processing /home/airflow/.local/lib/python3.7/site-packages/airflow/example_dags/example_skip_dag.py took 0.096 seconds
[2022-09-21T20:23:29.769+0000] {processor.py:156} INFO - Started process (PID=420) to work on /home/airflow/.local/lib/python3.7/site-packages/airflow/example_dags/example_skip_dag.py
[2022-09-21T20:23:29.770+0000] {processor.py:758} INFO - Processing file /home/airflow/.local/lib/python3.7/site-packages/airflow/example_dags/example_skip_dag.py for tasks to queue
[2022-09-21T20:23:29.771+0000] {logging_mixin.py:117} INFO - [2022-09-21T20:23:29.771+0000] {dagbag.py:525} INFO - Filling up the DagBag from /home/airflow/.local/lib/python3.7/site-packages/airflow/example_dags/example_skip_dag.py
[2022-09-21T20:23:29.798+0000] {processor.py:768} INFO - DAG(s) dict_keys(['example_skip_dag']) retrieved from /home/airflow/.local/lib/python3.7/site-packages/airflow/example_dags/example_skip_dag.py
[2022-09-21T20:23:29.854+0000] {logging_mixin.py:117} INFO - [2022-09-21T20:23:29.853+0000] {dag.py:2573} INFO - Sync 1 DAGs
[2022-09-21T20:23:29.887+0000] {logging_mixin.py:117} INFO - [2022-09-21T20:23:29.887+0000] {dag.py:3328} INFO - Setting next_dagrun for example_skip_dag to 2022-09-20T20:23:29.886763+00:00, run_after=2022-09-21T20:23:29.886763+00:00
[2022-09-21T20:23:29.913+0000] {processor.py:178} INFO - Processing /home/airflow/.local/lib/python3.7/site-packages/airflow/example_dags/example_skip_dag.py took 0.148 seconds
[2022-09-21T20:24:00.018+0000] {processor.py:156} INFO - Started process (PID=475) to work on /home/airflow/.local/lib/python3.7/site-packages/airflow/example_dags/example_skip_dag.py
[2022-09-21T20:24:00.019+0000] {processor.py:758} INFO - Processing file /home/airflow/.local/lib/python3.7/site-packages/airflow/example_dags/example_skip_dag.py for tasks to queue
[2022-09-21T20:24:00.020+0000] {logging_mixin.py:117} INFO - [2022-09-21T20:24:00.020+0000] {dagbag.py:525} INFO - Filling up the DagBag from /home/airflow/.local/lib/python3.7/site-packages/airflow/example_dags/example_skip_dag.py
[2022-09-21T20:24:00.036+0000] {processor.py:768} INFO - DAG(s) dict_keys(['example_skip_dag']) retrieved from /home/airflow/.local/lib/python3.7/site-packages/airflow/example_dags/example_skip_dag.py
[2022-09-21T20:24:00.085+0000] {logging_mixin.py:117} INFO - [2022-09-21T20:24:00.084+0000] {dag.py:2573} INFO - Sync 1 DAGs
[2022-09-21T20:24:00.116+0000] {logging_mixin.py:117} INFO - [2022-09-21T20:24:00.115+0000] {dag.py:3328} INFO - Setting next_dagrun for example_skip_dag to 2022-09-20T20:24:00.115646+00:00, run_after=2022-09-21T20:24:00.115646+00:00
[2022-09-21T20:24:00.140+0000] {processor.py:178} INFO - Processing /home/airflow/.local/lib/python3.7/site-packages/airflow/example_dags/example_skip_dag.py took 0.125 seconds
[2022-09-21T20:24:30.665+0000] {processor.py:156} INFO - Started process (PID=539) to work on /home/airflow/.local/lib/python3.7/site-packages/airflow/example_dags/example_skip_dag.py
[2022-09-21T20:24:30.666+0000] {processor.py:758} INFO - Processing file /home/airflow/.local/lib/python3.7/site-packages/airflow/example_dags/example_skip_dag.py for tasks to queue
[2022-09-21T20:24:30.666+0000] {logging_mixin.py:117} INFO - [2022-09-21T20:24:30.666+0000] {dagbag.py:525} INFO - Filling up the DagBag from /home/airflow/.local/lib/python3.7/site-packages/airflow/example_dags/example_skip_dag.py
[2022-09-21T20:24:30.684+0000] {processor.py:768} INFO - DAG(s) dict_keys(['example_skip_dag']) retrieved from /home/airflow/.local/lib/python3.7/site-packages/airflow/example_dags/example_skip_dag.py
[2022-09-21T20:24:30.726+0000] {logging_mixin.py:117} INFO - [2022-09-21T20:24:30.725+0000] {dag.py:2573} INFO - Sync 1 DAGs
[2022-09-21T20:24:30.751+0000] {logging_mixin.py:117} INFO - [2022-09-21T20:24:30.750+0000] {dag.py:3328} INFO - Setting next_dagrun for example_skip_dag to 2022-09-20T20:24:30.750687+00:00, run_after=2022-09-21T20:24:30.750687+00:00
[2022-09-21T20:24:30.769+0000] {processor.py:178} INFO - Processing /home/airflow/.local/lib/python3.7/site-packages/airflow/example_dags/example_skip_dag.py took 0.107 seconds
[2022-09-21T20:25:00.958+0000] {processor.py:156} INFO - Started process (PID=594) to work on /home/airflow/.local/lib/python3.7/site-packages/airflow/example_dags/example_skip_dag.py
[2022-09-21T20:25:00.959+0000] {processor.py:758} INFO - Processing file /home/airflow/.local/lib/python3.7/site-packages/airflow/example_dags/example_skip_dag.py for tasks to queue
[2022-09-21T20:25:00.960+0000] {logging_mixin.py:117} INFO - [2022-09-21T20:25:00.960+0000] {dagbag.py:525} INFO - Filling up the DagBag from /home/airflow/.local/lib/python3.7/site-packages/airflow/example_dags/example_skip_dag.py
[2022-09-21T20:25:00.982+0000] {processor.py:768} INFO - DAG(s) dict_keys(['example_skip_dag']) retrieved from /home/airflow/.local/lib/python3.7/site-packages/airflow/example_dags/example_skip_dag.py
[2022-09-21T20:25:01.019+0000] {logging_mixin.py:117} INFO - [2022-09-21T20:25:01.019+0000] {dag.py:2573} INFO - Sync 1 DAGs
[2022-09-21T20:25:01.061+0000] {logging_mixin.py:117} INFO - [2022-09-21T20:25:01.061+0000] {dag.py:3328} INFO - Setting next_dagrun for example_skip_dag to 2022-09-20T20:25:01.061494+00:00, run_after=2022-09-21T20:25:01.061494+00:00
[2022-09-21T20:25:01.085+0000] {processor.py:178} INFO - Processing /home/airflow/.local/lib/python3.7/site-packages/airflow/example_dags/example_skip_dag.py took 0.130 seconds
[2022-09-21T20:25:31.378+0000] {processor.py:156} INFO - Started process (PID=658) to work on /home/airflow/.local/lib/python3.7/site-packages/airflow/example_dags/example_skip_dag.py
[2022-09-21T20:25:31.378+0000] {processor.py:758} INFO - Processing file /home/airflow/.local/lib/python3.7/site-packages/airflow/example_dags/example_skip_dag.py for tasks to queue
[2022-09-21T20:25:31.379+0000] {logging_mixin.py:117} INFO - [2022-09-21T20:25:31.379+0000] {dagbag.py:525} INFO - Filling up the DagBag from /home/airflow/.local/lib/python3.7/site-packages/airflow/example_dags/example_skip_dag.py
[2022-09-21T20:25:31.390+0000] {processor.py:768} INFO - DAG(s) dict_keys(['example_skip_dag']) retrieved from /home/airflow/.local/lib/python3.7/site-packages/airflow/example_dags/example_skip_dag.py
[2022-09-21T20:25:31.426+0000] {logging_mixin.py:117} INFO - [2022-09-21T20:25:31.426+0000] {dag.py:2573} INFO - Sync 1 DAGs
[2022-09-21T20:25:31.456+0000] {logging_mixin.py:117} INFO - [2022-09-21T20:25:31.456+0000] {dag.py:3328} INFO - Setting next_dagrun for example_skip_dag to 2022-09-20T20:25:31.456073+00:00, run_after=2022-09-21T20:25:31.456073+00:00
[2022-09-21T20:25:31.479+0000] {processor.py:178} INFO - Processing /home/airflow/.local/lib/python3.7/site-packages/airflow/example_dags/example_skip_dag.py took 0.103 seconds
[2022-09-21T20:26:01.616+0000] {processor.py:156} INFO - Started process (PID=713) to work on /home/airflow/.local/lib/python3.7/site-packages/airflow/example_dags/example_skip_dag.py
[2022-09-21T20:26:01.616+0000] {processor.py:758} INFO - Processing file /home/airflow/.local/lib/python3.7/site-packages/airflow/example_dags/example_skip_dag.py for tasks to queue
[2022-09-21T20:26:01.617+0000] {logging_mixin.py:117} INFO - [2022-09-21T20:26:01.617+0000] {dagbag.py:525} INFO - Filling up the DagBag from /home/airflow/.local/lib/python3.7/site-packages/airflow/example_dags/example_skip_dag.py
[2022-09-21T20:26:01.628+0000] {processor.py:768} INFO - DAG(s) dict_keys(['example_skip_dag']) retrieved from /home/airflow/.local/lib/python3.7/site-packages/airflow/example_dags/example_skip_dag.py
[2022-09-21T20:26:01.663+0000] {logging_mixin.py:117} INFO - [2022-09-21T20:26:01.663+0000] {dag.py:2573} INFO - Sync 1 DAGs
[2022-09-21T20:26:01.690+0000] {logging_mixin.py:117} INFO - [2022-09-21T20:26:01.690+0000] {dag.py:3328} INFO - Setting next_dagrun for example_skip_dag to 2022-09-20T20:26:01.690643+00:00, run_after=2022-09-21T20:26:01.690643+00:00
[2022-09-21T20:26:01.711+0000] {processor.py:178} INFO - Processing /home/airflow/.local/lib/python3.7/site-packages/airflow/example_dags/example_skip_dag.py took 0.098 seconds
[2022-09-21T20:26:32.164+0000] {processor.py:156} INFO - Started process (PID=776) to work on /home/airflow/.local/lib/python3.7/site-packages/airflow/example_dags/example_skip_dag.py
[2022-09-21T20:26:32.164+0000] {processor.py:758} INFO - Processing file /home/airflow/.local/lib/python3.7/site-packages/airflow/example_dags/example_skip_dag.py for tasks to queue
[2022-09-21T20:26:32.165+0000] {logging_mixin.py:117} INFO - [2022-09-21T20:26:32.165+0000] {dagbag.py:525} INFO - Filling up the DagBag from /home/airflow/.local/lib/python3.7/site-packages/airflow/example_dags/example_skip_dag.py
[2022-09-21T20:26:32.176+0000] {processor.py:768} INFO - DAG(s) dict_keys(['example_skip_dag']) retrieved from /home/airflow/.local/lib/python3.7/site-packages/airflow/example_dags/example_skip_dag.py
[2022-09-21T20:26:32.218+0000] {logging_mixin.py:117} INFO - [2022-09-21T20:26:32.217+0000] {dag.py:2573} INFO - Sync 1 DAGs
[2022-09-21T20:26:32.244+0000] {logging_mixin.py:117} INFO - [2022-09-21T20:26:32.244+0000] {dag.py:3328} INFO - Setting next_dagrun for example_skip_dag to 2022-09-20T20:26:32.244320+00:00, run_after=2022-09-21T20:26:32.244320+00:00
[2022-09-21T20:26:32.262+0000] {processor.py:178} INFO - Processing /home/airflow/.local/lib/python3.7/site-packages/airflow/example_dags/example_skip_dag.py took 0.101 seconds
[2022-09-21T20:27:03.036+0000] {processor.py:156} INFO - Started process (PID=840) to work on /home/airflow/.local/lib/python3.7/site-packages/airflow/example_dags/example_skip_dag.py
[2022-09-21T20:27:03.036+0000] {processor.py:758} INFO - Processing file /home/airflow/.local/lib/python3.7/site-packages/airflow/example_dags/example_skip_dag.py for tasks to queue
[2022-09-21T20:27:03.037+0000] {logging_mixin.py:117} INFO - [2022-09-21T20:27:03.037+0000] {dagbag.py:525} INFO - Filling up the DagBag from /home/airflow/.local/lib/python3.7/site-packages/airflow/example_dags/example_skip_dag.py
[2022-09-21T20:27:03.048+0000] {processor.py:768} INFO - DAG(s) dict_keys(['example_skip_dag']) retrieved from /home/airflow/.local/lib/python3.7/site-packages/airflow/example_dags/example_skip_dag.py
[2022-09-21T20:27:03.082+0000] {logging_mixin.py:117} INFO - [2022-09-21T20:27:03.082+0000] {dag.py:2573} INFO - Sync 1 DAGs
[2022-09-21T20:27:03.102+0000] {logging_mixin.py:117} INFO - [2022-09-21T20:27:03.102+0000] {dag.py:3328} INFO - Setting next_dagrun for example_skip_dag to 2022-09-20T20:27:03.102607+00:00, run_after=2022-09-21T20:27:03.102607+00:00
[2022-09-21T20:27:03.120+0000] {processor.py:178} INFO - Processing /home/airflow/.local/lib/python3.7/site-packages/airflow/example_dags/example_skip_dag.py took 0.087 seconds
[2022-09-21T20:27:33.362+0000] {processor.py:156} INFO - Started process (PID=895) to work on /home/airflow/.local/lib/python3.7/site-packages/airflow/example_dags/example_skip_dag.py
[2022-09-21T20:27:33.363+0000] {processor.py:758} INFO - Processing file /home/airflow/.local/lib/python3.7/site-packages/airflow/example_dags/example_skip_dag.py for tasks to queue
[2022-09-21T20:27:33.363+0000] {logging_mixin.py:117} INFO - [2022-09-21T20:27:33.363+0000] {dagbag.py:525} INFO - Filling up the DagBag from /home/airflow/.local/lib/python3.7/site-packages/airflow/example_dags/example_skip_dag.py
[2022-09-21T20:27:33.375+0000] {processor.py:768} INFO - DAG(s) dict_keys(['example_skip_dag']) retrieved from /home/airflow/.local/lib/python3.7/site-packages/airflow/example_dags/example_skip_dag.py
[2022-09-21T20:27:33.411+0000] {logging_mixin.py:117} INFO - [2022-09-21T20:27:33.411+0000] {dag.py:2573} INFO - Sync 1 DAGs
[2022-09-21T20:27:33.437+0000] {logging_mixin.py:117} INFO - [2022-09-21T20:27:33.437+0000] {dag.py:3328} INFO - Setting next_dagrun for example_skip_dag to 2022-09-20T20:27:33.437170+00:00, run_after=2022-09-21T20:27:33.437170+00:00
[2022-09-21T20:27:33.456+0000] {processor.py:178} INFO - Processing /home/airflow/.local/lib/python3.7/site-packages/airflow/example_dags/example_skip_dag.py took 0.097 seconds
[2022-09-21T20:28:03.977+0000] {processor.py:156} INFO - Started process (PID=959) to work on /home/airflow/.local/lib/python3.7/site-packages/airflow/example_dags/example_skip_dag.py
[2022-09-21T20:28:03.978+0000] {processor.py:758} INFO - Processing file /home/airflow/.local/lib/python3.7/site-packages/airflow/example_dags/example_skip_dag.py for tasks to queue
[2022-09-21T20:28:03.979+0000] {logging_mixin.py:117} INFO - [2022-09-21T20:28:03.978+0000] {dagbag.py:525} INFO - Filling up the DagBag from /home/airflow/.local/lib/python3.7/site-packages/airflow/example_dags/example_skip_dag.py
[2022-09-21T20:28:03.992+0000] {processor.py:768} INFO - DAG(s) dict_keys(['example_skip_dag']) retrieved from /home/airflow/.local/lib/python3.7/site-packages/airflow/example_dags/example_skip_dag.py
[2022-09-21T20:28:04.038+0000] {logging_mixin.py:117} INFO - [2022-09-21T20:28:04.038+0000] {dag.py:2573} INFO - Sync 1 DAGs
[2022-09-21T20:28:04.068+0000] {logging_mixin.py:117} INFO - [2022-09-21T20:28:04.068+0000] {dag.py:3328} INFO - Setting next_dagrun for example_skip_dag to 2022-09-20T20:28:04.068113+00:00, run_after=2022-09-21T20:28:04.068113+00:00
[2022-09-21T20:28:04.086+0000] {processor.py:178} INFO - Processing /home/airflow/.local/lib/python3.7/site-packages/airflow/example_dags/example_skip_dag.py took 0.112 seconds
[2022-09-21T20:28:34.672+0000] {processor.py:156} INFO - Started process (PID=1022) to work on /home/airflow/.local/lib/python3.7/site-packages/airflow/example_dags/example_skip_dag.py
[2022-09-21T20:28:34.672+0000] {processor.py:758} INFO - Processing file /home/airflow/.local/lib/python3.7/site-packages/airflow/example_dags/example_skip_dag.py for tasks to queue
[2022-09-21T20:28:34.673+0000] {logging_mixin.py:117} INFO - [2022-09-21T20:28:34.673+0000] {dagbag.py:525} INFO - Filling up the DagBag from /home/airflow/.local/lib/python3.7/site-packages/airflow/example_dags/example_skip_dag.py
[2022-09-21T20:28:34.684+0000] {processor.py:768} INFO - DAG(s) dict_keys(['example_skip_dag']) retrieved from /home/airflow/.local/lib/python3.7/site-packages/airflow/example_dags/example_skip_dag.py
[2022-09-21T20:28:34.717+0000] {logging_mixin.py:117} INFO - [2022-09-21T20:28:34.717+0000] {dag.py:2573} INFO - Sync 1 DAGs
[2022-09-21T20:28:34.739+0000] {logging_mixin.py:117} INFO - [2022-09-21T20:28:34.739+0000] {dag.py:3328} INFO - Setting next_dagrun for example_skip_dag to 2022-09-20T20:28:34.739442+00:00, run_after=2022-09-21T20:28:34.739442+00:00
[2022-09-21T20:28:34.759+0000] {processor.py:178} INFO - Processing /home/airflow/.local/lib/python3.7/site-packages/airflow/example_dags/example_skip_dag.py took 0.090 seconds
[2022-09-21T20:29:05.579+0000] {processor.py:156} INFO - Started process (PID=1077) to work on /home/airflow/.local/lib/python3.7/site-packages/airflow/example_dags/example_skip_dag.py
[2022-09-21T20:29:05.579+0000] {processor.py:758} INFO - Processing file /home/airflow/.local/lib/python3.7/site-packages/airflow/example_dags/example_skip_dag.py for tasks to queue
[2022-09-21T20:29:05.580+0000] {logging_mixin.py:117} INFO - [2022-09-21T20:29:05.580+0000] {dagbag.py:525} INFO - Filling up the DagBag from /home/airflow/.local/lib/python3.7/site-packages/airflow/example_dags/example_skip_dag.py
[2022-09-21T20:29:05.595+0000] {processor.py:768} INFO - DAG(s) dict_keys(['example_skip_dag']) retrieved from /home/airflow/.local/lib/python3.7/site-packages/airflow/example_dags/example_skip_dag.py
[2022-09-21T20:29:05.644+0000] {logging_mixin.py:117} INFO - [2022-09-21T20:29:05.643+0000] {dag.py:2573} INFO - Sync 1 DAGs
[2022-09-21T20:29:05.683+0000] {logging_mixin.py:117} INFO - [2022-09-21T20:29:05.683+0000] {dag.py:3328} INFO - Setting next_dagrun for example_skip_dag to 2022-09-20T20:29:05.682890+00:00, run_after=2022-09-21T20:29:05.682890+00:00
[2022-09-21T20:29:05.737+0000] {processor.py:178} INFO - Processing /home/airflow/.local/lib/python3.7/site-packages/airflow/example_dags/example_skip_dag.py took 0.161 seconds
[2022-09-21T20:29:36.309+0000] {processor.py:156} INFO - Started process (PID=1141) to work on /home/airflow/.local/lib/python3.7/site-packages/airflow/example_dags/example_skip_dag.py
[2022-09-21T20:29:36.310+0000] {processor.py:758} INFO - Processing file /home/airflow/.local/lib/python3.7/site-packages/airflow/example_dags/example_skip_dag.py for tasks to queue
[2022-09-21T20:29:36.310+0000] {logging_mixin.py:117} INFO - [2022-09-21T20:29:36.310+0000] {dagbag.py:525} INFO - Filling up the DagBag from /home/airflow/.local/lib/python3.7/site-packages/airflow/example_dags/example_skip_dag.py
[2022-09-21T20:29:36.323+0000] {processor.py:768} INFO - DAG(s) dict_keys(['example_skip_dag']) retrieved from /home/airflow/.local/lib/python3.7/site-packages/airflow/example_dags/example_skip_dag.py
[2022-09-21T20:29:36.363+0000] {logging_mixin.py:117} INFO - [2022-09-21T20:29:36.363+0000] {dag.py:2573} INFO - Sync 1 DAGs
[2022-09-21T20:29:36.390+0000] {logging_mixin.py:117} INFO - [2022-09-21T20:29:36.390+0000] {dag.py:3328} INFO - Setting next_dagrun for example_skip_dag to 2022-09-20T20:29:36.390274+00:00, run_after=2022-09-21T20:29:36.390274+00:00
[2022-09-21T20:29:36.411+0000] {processor.py:178} INFO - Processing /home/airflow/.local/lib/python3.7/site-packages/airflow/example_dags/example_skip_dag.py took 0.105 seconds
[2022-09-21T20:30:08.124+0000] {processor.py:156} INFO - Started process (PID=1204) to work on /home/airflow/.local/lib/python3.7/site-packages/airflow/example_dags/example_skip_dag.py
[2022-09-21T20:30:08.126+0000] {processor.py:758} INFO - Processing file /home/airflow/.local/lib/python3.7/site-packages/airflow/example_dags/example_skip_dag.py for tasks to queue
[2022-09-21T20:30:08.127+0000] {logging_mixin.py:117} INFO - [2022-09-21T20:30:08.127+0000] {dagbag.py:525} INFO - Filling up the DagBag from /home/airflow/.local/lib/python3.7/site-packages/airflow/example_dags/example_skip_dag.py
[2022-09-21T20:30:08.219+0000] {processor.py:768} INFO - DAG(s) dict_keys(['example_skip_dag']) retrieved from /home/airflow/.local/lib/python3.7/site-packages/airflow/example_dags/example_skip_dag.py
[2022-09-21T20:30:08.381+0000] {logging_mixin.py:117} INFO - [2022-09-21T20:30:08.381+0000] {dag.py:2573} INFO - Sync 1 DAGs
[2022-09-21T20:30:08.509+0000] {logging_mixin.py:117} INFO - [2022-09-21T20:30:08.508+0000] {dag.py:3328} INFO - Setting next_dagrun for example_skip_dag to 2022-09-20T20:30:08.508009+00:00, run_after=2022-09-21T20:30:08.508009+00:00
[2022-09-21T20:30:08.696+0000] {processor.py:178} INFO - Processing /home/airflow/.local/lib/python3.7/site-packages/airflow/example_dags/example_skip_dag.py took 0.588 seconds
[2022-09-21T20:30:38.871+0000] {processor.py:156} INFO - Started process (PID=1252) to work on /home/airflow/.local/lib/python3.7/site-packages/airflow/example_dags/example_skip_dag.py
[2022-09-21T20:30:38.872+0000] {processor.py:758} INFO - Processing file /home/airflow/.local/lib/python3.7/site-packages/airflow/example_dags/example_skip_dag.py for tasks to queue
[2022-09-21T20:30:38.872+0000] {logging_mixin.py:117} INFO - [2022-09-21T20:30:38.872+0000] {dagbag.py:525} INFO - Filling up the DagBag from /home/airflow/.local/lib/python3.7/site-packages/airflow/example_dags/example_skip_dag.py
[2022-09-21T20:30:38.889+0000] {processor.py:768} INFO - DAG(s) dict_keys(['example_skip_dag']) retrieved from /home/airflow/.local/lib/python3.7/site-packages/airflow/example_dags/example_skip_dag.py
[2022-09-21T20:30:38.939+0000] {logging_mixin.py:117} INFO - [2022-09-21T20:30:38.939+0000] {dag.py:2573} INFO - Sync 1 DAGs
[2022-09-21T20:30:38.969+0000] {logging_mixin.py:117} INFO - [2022-09-21T20:30:38.969+0000] {dag.py:3328} INFO - Setting next_dagrun for example_skip_dag to 2022-09-20T20:30:38.968804+00:00, run_after=2022-09-21T20:30:38.968804+00:00
[2022-09-21T20:30:38.994+0000] {processor.py:178} INFO - Processing /home/airflow/.local/lib/python3.7/site-packages/airflow/example_dags/example_skip_dag.py took 0.126 seconds
[2022-09-21T20:31:09.416+0000] {processor.py:156} INFO - Started process (PID=1317) to work on /home/airflow/.local/lib/python3.7/site-packages/airflow/example_dags/example_skip_dag.py
[2022-09-21T20:31:09.417+0000] {processor.py:758} INFO - Processing file /home/airflow/.local/lib/python3.7/site-packages/airflow/example_dags/example_skip_dag.py for tasks to queue
[2022-09-21T20:31:09.417+0000] {logging_mixin.py:117} INFO - [2022-09-21T20:31:09.417+0000] {dagbag.py:525} INFO - Filling up the DagBag from /home/airflow/.local/lib/python3.7/site-packages/airflow/example_dags/example_skip_dag.py
[2022-09-21T20:31:09.432+0000] {processor.py:768} INFO - DAG(s) dict_keys(['example_skip_dag']) retrieved from /home/airflow/.local/lib/python3.7/site-packages/airflow/example_dags/example_skip_dag.py
[2022-09-21T20:31:09.473+0000] {logging_mixin.py:117} INFO - [2022-09-21T20:31:09.473+0000] {dag.py:2573} INFO - Sync 1 DAGs
[2022-09-21T20:31:09.505+0000] {logging_mixin.py:117} INFO - [2022-09-21T20:31:09.505+0000] {dag.py:3328} INFO - Setting next_dagrun for example_skip_dag to 2022-09-20T20:31:09.505381+00:00, run_after=2022-09-21T20:31:09.505381+00:00
[2022-09-21T20:31:09.526+0000] {processor.py:178} INFO - Processing /home/airflow/.local/lib/python3.7/site-packages/airflow/example_dags/example_skip_dag.py took 0.113 seconds
[2022-09-21T20:31:40.290+0000] {processor.py:156} INFO - Started process (PID=1381) to work on /home/airflow/.local/lib/python3.7/site-packages/airflow/example_dags/example_skip_dag.py
[2022-09-21T20:31:40.291+0000] {processor.py:758} INFO - Processing file /home/airflow/.local/lib/python3.7/site-packages/airflow/example_dags/example_skip_dag.py for tasks to queue
[2022-09-21T20:31:40.292+0000] {logging_mixin.py:117} INFO - [2022-09-21T20:31:40.291+0000] {dagbag.py:525} INFO - Filling up the DagBag from /home/airflow/.local/lib/python3.7/site-packages/airflow/example_dags/example_skip_dag.py
[2022-09-21T20:31:40.311+0000] {processor.py:768} INFO - DAG(s) dict_keys(['example_skip_dag']) retrieved from /home/airflow/.local/lib/python3.7/site-packages/airflow/example_dags/example_skip_dag.py
[2022-09-21T20:31:40.372+0000] {logging_mixin.py:117} INFO - [2022-09-21T20:31:40.371+0000] {dag.py:2573} INFO - Sync 1 DAGs
[2022-09-21T20:31:40.406+0000] {logging_mixin.py:117} INFO - [2022-09-21T20:31:40.406+0000] {dag.py:3328} INFO - Setting next_dagrun for example_skip_dag to 2022-09-20T20:31:40.406369+00:00, run_after=2022-09-21T20:31:40.406369+00:00
[2022-09-21T20:31:40.434+0000] {processor.py:178} INFO - Processing /home/airflow/.local/lib/python3.7/site-packages/airflow/example_dags/example_skip_dag.py took 0.148 seconds
[2022-09-21T20:32:10.659+0000] {processor.py:156} INFO - Started process (PID=1436) to work on /home/airflow/.local/lib/python3.7/site-packages/airflow/example_dags/example_skip_dag.py
[2022-09-21T20:32:10.660+0000] {processor.py:758} INFO - Processing file /home/airflow/.local/lib/python3.7/site-packages/airflow/example_dags/example_skip_dag.py for tasks to queue
[2022-09-21T20:32:10.661+0000] {logging_mixin.py:117} INFO - [2022-09-21T20:32:10.661+0000] {dagbag.py:525} INFO - Filling up the DagBag from /home/airflow/.local/lib/python3.7/site-packages/airflow/example_dags/example_skip_dag.py
[2022-09-21T20:32:10.686+0000] {processor.py:768} INFO - DAG(s) dict_keys(['example_skip_dag']) retrieved from /home/airflow/.local/lib/python3.7/site-packages/airflow/example_dags/example_skip_dag.py
[2022-09-21T20:32:10.772+0000] {logging_mixin.py:117} INFO - [2022-09-21T20:32:10.772+0000] {dag.py:2573} INFO - Sync 1 DAGs
[2022-09-21T20:32:10.818+0000] {logging_mixin.py:117} INFO - [2022-09-21T20:32:10.818+0000] {dag.py:3328} INFO - Setting next_dagrun for example_skip_dag to 2022-09-20T20:32:10.817690+00:00, run_after=2022-09-21T20:32:10.817690+00:00
[2022-09-21T20:32:10.847+0000] {processor.py:178} INFO - Processing /home/airflow/.local/lib/python3.7/site-packages/airflow/example_dags/example_skip_dag.py took 0.193 seconds
[2022-09-21T20:32:41.158+0000] {processor.py:156} INFO - Started process (PID=1501) to work on /home/airflow/.local/lib/python3.7/site-packages/airflow/example_dags/example_skip_dag.py
[2022-09-21T20:32:41.159+0000] {processor.py:758} INFO - Processing file /home/airflow/.local/lib/python3.7/site-packages/airflow/example_dags/example_skip_dag.py for tasks to queue
[2022-09-21T20:32:41.160+0000] {logging_mixin.py:117} INFO - [2022-09-21T20:32:41.160+0000] {dagbag.py:525} INFO - Filling up the DagBag from /home/airflow/.local/lib/python3.7/site-packages/airflow/example_dags/example_skip_dag.py
[2022-09-21T20:32:41.178+0000] {processor.py:768} INFO - DAG(s) dict_keys(['example_skip_dag']) retrieved from /home/airflow/.local/lib/python3.7/site-packages/airflow/example_dags/example_skip_dag.py
[2022-09-21T20:32:41.231+0000] {logging_mixin.py:117} INFO - [2022-09-21T20:32:41.231+0000] {dag.py:2573} INFO - Sync 1 DAGs
[2022-09-21T20:32:41.268+0000] {logging_mixin.py:117} INFO - [2022-09-21T20:32:41.268+0000] {dag.py:3328} INFO - Setting next_dagrun for example_skip_dag to 2022-09-20T20:32:41.268376+00:00, run_after=2022-09-21T20:32:41.268376+00:00
[2022-09-21T20:32:41.299+0000] {processor.py:178} INFO - Processing /home/airflow/.local/lib/python3.7/site-packages/airflow/example_dags/example_skip_dag.py took 0.144 seconds
[2022-09-21T20:33:12.049+0000] {processor.py:156} INFO - Started process (PID=1555) to work on /home/airflow/.local/lib/python3.7/site-packages/airflow/example_dags/example_skip_dag.py
[2022-09-21T20:33:12.051+0000] {processor.py:758} INFO - Processing file /home/airflow/.local/lib/python3.7/site-packages/airflow/example_dags/example_skip_dag.py for tasks to queue
[2022-09-21T20:33:12.052+0000] {logging_mixin.py:117} INFO - [2022-09-21T20:33:12.052+0000] {dagbag.py:525} INFO - Filling up the DagBag from /home/airflow/.local/lib/python3.7/site-packages/airflow/example_dags/example_skip_dag.py
[2022-09-21T20:33:12.090+0000] {processor.py:768} INFO - DAG(s) dict_keys(['example_skip_dag']) retrieved from /home/airflow/.local/lib/python3.7/site-packages/airflow/example_dags/example_skip_dag.py
[2022-09-21T20:33:12.234+0000] {logging_mixin.py:117} INFO - [2022-09-21T20:33:12.234+0000] {dag.py:2573} INFO - Sync 1 DAGs
[2022-09-21T20:33:12.351+0000] {logging_mixin.py:117} INFO - [2022-09-21T20:33:12.351+0000] {dag.py:3328} INFO - Setting next_dagrun for example_skip_dag to 2022-09-20T20:33:12.350053+00:00, run_after=2022-09-21T20:33:12.350053+00:00
[2022-09-21T20:33:12.434+0000] {processor.py:178} INFO - Processing /home/airflow/.local/lib/python3.7/site-packages/airflow/example_dags/example_skip_dag.py took 0.393 seconds
[2022-09-21T20:33:42.565+0000] {processor.py:156} INFO - Started process (PID=1609) to work on /home/airflow/.local/lib/python3.7/site-packages/airflow/example_dags/example_skip_dag.py
[2022-09-21T20:33:42.565+0000] {processor.py:758} INFO - Processing file /home/airflow/.local/lib/python3.7/site-packages/airflow/example_dags/example_skip_dag.py for tasks to queue
[2022-09-21T20:33:42.566+0000] {logging_mixin.py:117} INFO - [2022-09-21T20:33:42.566+0000] {dagbag.py:525} INFO - Filling up the DagBag from /home/airflow/.local/lib/python3.7/site-packages/airflow/example_dags/example_skip_dag.py
[2022-09-21T20:33:42.584+0000] {processor.py:768} INFO - DAG(s) dict_keys(['example_skip_dag']) retrieved from /home/airflow/.local/lib/python3.7/site-packages/airflow/example_dags/example_skip_dag.py
[2022-09-21T20:33:42.635+0000] {logging_mixin.py:117} INFO - [2022-09-21T20:33:42.635+0000] {dag.py:2573} INFO - Sync 1 DAGs
[2022-09-21T20:33:42.664+0000] {logging_mixin.py:117} INFO - [2022-09-21T20:33:42.663+0000] {dag.py:3328} INFO - Setting next_dagrun for example_skip_dag to 2022-09-20T20:33:42.663760+00:00, run_after=2022-09-21T20:33:42.663760+00:00
[2022-09-21T20:33:42.686+0000] {processor.py:178} INFO - Processing /home/airflow/.local/lib/python3.7/site-packages/airflow/example_dags/example_skip_dag.py took 0.125 seconds
[2022-09-21T20:34:13.555+0000] {processor.py:156} INFO - Started process (PID=1672) to work on /home/airflow/.local/lib/python3.7/site-packages/airflow/example_dags/example_skip_dag.py
[2022-09-21T20:34:13.557+0000] {processor.py:758} INFO - Processing file /home/airflow/.local/lib/python3.7/site-packages/airflow/example_dags/example_skip_dag.py for tasks to queue
[2022-09-21T20:34:13.558+0000] {logging_mixin.py:117} INFO - [2022-09-21T20:34:13.558+0000] {dagbag.py:525} INFO - Filling up the DagBag from /home/airflow/.local/lib/python3.7/site-packages/airflow/example_dags/example_skip_dag.py
[2022-09-21T20:34:13.584+0000] {processor.py:768} INFO - DAG(s) dict_keys(['example_skip_dag']) retrieved from /home/airflow/.local/lib/python3.7/site-packages/airflow/example_dags/example_skip_dag.py
[2022-09-21T20:34:13.654+0000] {logging_mixin.py:117} INFO - [2022-09-21T20:34:13.653+0000] {dag.py:2573} INFO - Sync 1 DAGs
[2022-09-21T20:34:13.698+0000] {logging_mixin.py:117} INFO - [2022-09-21T20:34:13.698+0000] {dag.py:3328} INFO - Setting next_dagrun for example_skip_dag to 2022-09-20T20:34:13.697865+00:00, run_after=2022-09-21T20:34:13.697865+00:00
[2022-09-21T20:34:13.724+0000] {processor.py:178} INFO - Processing /home/airflow/.local/lib/python3.7/site-packages/airflow/example_dags/example_skip_dag.py took 0.176 seconds
[2022-09-21T20:34:44.189+0000] {processor.py:156} INFO - Started process (PID=1727) to work on /home/airflow/.local/lib/python3.7/site-packages/airflow/example_dags/example_skip_dag.py
[2022-09-21T20:34:44.189+0000] {processor.py:758} INFO - Processing file /home/airflow/.local/lib/python3.7/site-packages/airflow/example_dags/example_skip_dag.py for tasks to queue
[2022-09-21T20:34:44.190+0000] {logging_mixin.py:117} INFO - [2022-09-21T20:34:44.190+0000] {dagbag.py:525} INFO - Filling up the DagBag from /home/airflow/.local/lib/python3.7/site-packages/airflow/example_dags/example_skip_dag.py
[2022-09-21T20:34:44.207+0000] {processor.py:768} INFO - DAG(s) dict_keys(['example_skip_dag']) retrieved from /home/airflow/.local/lib/python3.7/site-packages/airflow/example_dags/example_skip_dag.py
[2022-09-21T20:34:44.250+0000] {logging_mixin.py:117} INFO - [2022-09-21T20:34:44.250+0000] {dag.py:2573} INFO - Sync 1 DAGs
[2022-09-21T20:34:44.282+0000] {logging_mixin.py:117} INFO - [2022-09-21T20:34:44.282+0000] {dag.py:3328} INFO - Setting next_dagrun for example_skip_dag to 2022-09-20T20:34:44.282314+00:00, run_after=2022-09-21T20:34:44.282314+00:00
[2022-09-21T20:34:44.310+0000] {processor.py:178} INFO - Processing /home/airflow/.local/lib/python3.7/site-packages/airflow/example_dags/example_skip_dag.py took 0.124 seconds
[2022-09-21T20:35:15.311+0000] {processor.py:156} INFO - Started process (PID=1792) to work on /home/airflow/.local/lib/python3.7/site-packages/airflow/example_dags/example_skip_dag.py
[2022-09-21T20:35:15.312+0000] {processor.py:758} INFO - Processing file /home/airflow/.local/lib/python3.7/site-packages/airflow/example_dags/example_skip_dag.py for tasks to queue
[2022-09-21T20:35:15.313+0000] {logging_mixin.py:117} INFO - [2022-09-21T20:35:15.313+0000] {dagbag.py:525} INFO - Filling up the DagBag from /home/airflow/.local/lib/python3.7/site-packages/airflow/example_dags/example_skip_dag.py
[2022-09-21T20:35:15.334+0000] {processor.py:768} INFO - DAG(s) dict_keys(['example_skip_dag']) retrieved from /home/airflow/.local/lib/python3.7/site-packages/airflow/example_dags/example_skip_dag.py
[2022-09-21T20:35:15.403+0000] {logging_mixin.py:117} INFO - [2022-09-21T20:35:15.403+0000] {dag.py:2573} INFO - Sync 1 DAGs
[2022-09-21T20:35:15.441+0000] {logging_mixin.py:117} INFO - [2022-09-21T20:35:15.441+0000] {dag.py:3328} INFO - Setting next_dagrun for example_skip_dag to 2022-09-20T20:35:15.440811+00:00, run_after=2022-09-21T20:35:15.440811+00:00
[2022-09-21T20:35:15.476+0000] {processor.py:178} INFO - Processing /home/airflow/.local/lib/python3.7/site-packages/airflow/example_dags/example_skip_dag.py took 0.169 seconds
