[2022-09-21T20:16:57.409+0000] {processor.py:156} INFO - Started process (PID=62) to work on /home/airflow/.local/lib/python3.7/site-packages/airflow/example_dags/example_sla_dag.py
[2022-09-21T20:16:57.410+0000] {processor.py:758} INFO - Processing file /home/airflow/.local/lib/python3.7/site-packages/airflow/example_dags/example_sla_dag.py for tasks to queue
[2022-09-21T20:16:57.415+0000] {logging_mixin.py:117} INFO - [2022-09-21T20:16:57.415+0000] {dagbag.py:525} INFO - Filling up the DagBag from /home/airflow/.local/lib/python3.7/site-packages/airflow/example_dags/example_sla_dag.py
[2022-09-21T20:17:01.788+0000] {processor.py:768} INFO - DAG(s) dict_keys(['example_sla_dag']) retrieved from /home/airflow/.local/lib/python3.7/site-packages/airflow/example_dags/example_sla_dag.py
[2022-09-21T20:17:02.297+0000] {logging_mixin.py:117} INFO - [2022-09-21T20:17:02.296+0000] {dag.py:2573} INFO - Sync 1 DAGs
[2022-09-21T20:17:02.562+0000] {logging_mixin.py:117} INFO - [2022-09-21T20:17:02.562+0000] {dag.py:3328} INFO - Setting next_dagrun for example_sla_dag to 2022-09-21T20:14:00+00:00, run_after=2022-09-21T20:16:00+00:00
[2022-09-21T20:17:02.682+0000] {processor.py:178} INFO - Processing /home/airflow/.local/lib/python3.7/site-packages/airflow/example_dags/example_sla_dag.py took 5.281 seconds
[2022-09-21T20:20:24.615+0000] {processor.py:156} INFO - Started process (PID=60) to work on /home/airflow/.local/lib/python3.7/site-packages/airflow/example_dags/example_sla_dag.py
[2022-09-21T20:20:24.617+0000] {processor.py:758} INFO - Processing file /home/airflow/.local/lib/python3.7/site-packages/airflow/example_dags/example_sla_dag.py for tasks to queue
[2022-09-21T20:20:24.625+0000] {logging_mixin.py:117} INFO - [2022-09-21T20:20:24.625+0000] {dagbag.py:525} INFO - Filling up the DagBag from /home/airflow/.local/lib/python3.7/site-packages/airflow/example_dags/example_sla_dag.py
[2022-09-21T20:20:24.671+0000] {processor.py:768} INFO - DAG(s) dict_keys(['example_sla_dag']) retrieved from /home/airflow/.local/lib/python3.7/site-packages/airflow/example_dags/example_sla_dag.py
[2022-09-21T20:20:24.931+0000] {logging_mixin.py:117} INFO - [2022-09-21T20:20:24.931+0000] {dag.py:2573} INFO - Sync 1 DAGs
[2022-09-21T20:20:24.985+0000] {logging_mixin.py:117} INFO - [2022-09-21T20:20:24.985+0000] {dag.py:3328} INFO - Setting next_dagrun for example_sla_dag to 2022-09-21T20:18:00+00:00, run_after=2022-09-21T20:20:00+00:00
[2022-09-21T20:20:25.031+0000] {processor.py:178} INFO - Processing /home/airflow/.local/lib/python3.7/site-packages/airflow/example_dags/example_sla_dag.py took 0.421 seconds
[2022-09-21T20:20:55.683+0000] {processor.py:156} INFO - Started process (PID=115) to work on /home/airflow/.local/lib/python3.7/site-packages/airflow/example_dags/example_sla_dag.py
[2022-09-21T20:20:55.685+0000] {processor.py:758} INFO - Processing file /home/airflow/.local/lib/python3.7/site-packages/airflow/example_dags/example_sla_dag.py for tasks to queue
[2022-09-21T20:20:55.686+0000] {logging_mixin.py:117} INFO - [2022-09-21T20:20:55.685+0000] {dagbag.py:525} INFO - Filling up the DagBag from /home/airflow/.local/lib/python3.7/site-packages/airflow/example_dags/example_sla_dag.py
[2022-09-21T20:20:55.748+0000] {processor.py:768} INFO - DAG(s) dict_keys(['example_sla_dag']) retrieved from /home/airflow/.local/lib/python3.7/site-packages/airflow/example_dags/example_sla_dag.py
[2022-09-21T20:20:56.174+0000] {logging_mixin.py:117} INFO - [2022-09-21T20:20:56.174+0000] {dag.py:2573} INFO - Sync 1 DAGs
[2022-09-21T20:20:56.245+0000] {logging_mixin.py:117} INFO - [2022-09-21T20:20:56.244+0000] {dag.py:3328} INFO - Setting next_dagrun for example_sla_dag to 2022-09-21T20:18:00+00:00, run_after=2022-09-21T20:20:00+00:00
[2022-09-21T20:20:56.294+0000] {processor.py:178} INFO - Processing /home/airflow/.local/lib/python3.7/site-packages/airflow/example_dags/example_sla_dag.py took 0.615 seconds
[2022-09-21T20:21:26.770+0000] {processor.py:156} INFO - Started process (PID=171) to work on /home/airflow/.local/lib/python3.7/site-packages/airflow/example_dags/example_sla_dag.py
[2022-09-21T20:21:26.771+0000] {processor.py:758} INFO - Processing file /home/airflow/.local/lib/python3.7/site-packages/airflow/example_dags/example_sla_dag.py for tasks to queue
[2022-09-21T20:21:26.772+0000] {logging_mixin.py:117} INFO - [2022-09-21T20:21:26.772+0000] {dagbag.py:525} INFO - Filling up the DagBag from /home/airflow/.local/lib/python3.7/site-packages/airflow/example_dags/example_sla_dag.py
[2022-09-21T20:21:26.940+0000] {processor.py:768} INFO - DAG(s) dict_keys(['example_sla_dag']) retrieved from /home/airflow/.local/lib/python3.7/site-packages/airflow/example_dags/example_sla_dag.py
[2022-09-21T20:21:26.983+0000] {logging_mixin.py:117} INFO - [2022-09-21T20:21:26.983+0000] {dag.py:2573} INFO - Sync 1 DAGs
[2022-09-21T20:21:27.030+0000] {logging_mixin.py:117} INFO - [2022-09-21T20:21:27.029+0000] {dag.py:3328} INFO - Setting next_dagrun for example_sla_dag to 2022-09-21T20:18:00+00:00, run_after=2022-09-21T20:20:00+00:00
[2022-09-21T20:21:27.053+0000] {processor.py:178} INFO - Processing /home/airflow/.local/lib/python3.7/site-packages/airflow/example_dags/example_sla_dag.py took 0.293 seconds
[2022-09-21T20:21:57.507+0000] {processor.py:156} INFO - Started process (PID=234) to work on /home/airflow/.local/lib/python3.7/site-packages/airflow/example_dags/example_sla_dag.py
[2022-09-21T20:21:57.508+0000] {processor.py:758} INFO - Processing file /home/airflow/.local/lib/python3.7/site-packages/airflow/example_dags/example_sla_dag.py for tasks to queue
[2022-09-21T20:21:57.509+0000] {logging_mixin.py:117} INFO - [2022-09-21T20:21:57.509+0000] {dagbag.py:525} INFO - Filling up the DagBag from /home/airflow/.local/lib/python3.7/site-packages/airflow/example_dags/example_sla_dag.py
[2022-09-21T20:21:57.549+0000] {processor.py:768} INFO - DAG(s) dict_keys(['example_sla_dag']) retrieved from /home/airflow/.local/lib/python3.7/site-packages/airflow/example_dags/example_sla_dag.py
[2022-09-21T20:21:57.582+0000] {logging_mixin.py:117} INFO - [2022-09-21T20:21:57.582+0000] {dag.py:2573} INFO - Sync 1 DAGs
[2022-09-21T20:21:57.636+0000] {logging_mixin.py:117} INFO - [2022-09-21T20:21:57.636+0000] {dag.py:3328} INFO - Setting next_dagrun for example_sla_dag to 2022-09-21T20:18:00+00:00, run_after=2022-09-21T20:20:00+00:00
[2022-09-21T20:21:57.667+0000] {processor.py:178} INFO - Processing /home/airflow/.local/lib/python3.7/site-packages/airflow/example_dags/example_sla_dag.py took 0.298 seconds
[2022-09-21T20:22:28.480+0000] {processor.py:156} INFO - Started process (PID=296) to work on /home/airflow/.local/lib/python3.7/site-packages/airflow/example_dags/example_sla_dag.py
[2022-09-21T20:22:28.481+0000] {processor.py:758} INFO - Processing file /home/airflow/.local/lib/python3.7/site-packages/airflow/example_dags/example_sla_dag.py for tasks to queue
[2022-09-21T20:22:28.482+0000] {logging_mixin.py:117} INFO - [2022-09-21T20:22:28.481+0000] {dagbag.py:525} INFO - Filling up the DagBag from /home/airflow/.local/lib/python3.7/site-packages/airflow/example_dags/example_sla_dag.py
[2022-09-21T20:22:28.509+0000] {processor.py:768} INFO - DAG(s) dict_keys(['example_sla_dag']) retrieved from /home/airflow/.local/lib/python3.7/site-packages/airflow/example_dags/example_sla_dag.py
[2022-09-21T20:22:28.566+0000] {logging_mixin.py:117} INFO - [2022-09-21T20:22:28.566+0000] {dag.py:2573} INFO - Sync 1 DAGs
[2022-09-21T20:22:28.609+0000] {logging_mixin.py:117} INFO - [2022-09-21T20:22:28.609+0000] {dag.py:3328} INFO - Setting next_dagrun for example_sla_dag to 2022-09-21T20:20:00+00:00, run_after=2022-09-21T20:22:00+00:00
[2022-09-21T20:22:28.639+0000] {processor.py:178} INFO - Processing /home/airflow/.local/lib/python3.7/site-packages/airflow/example_dags/example_sla_dag.py took 0.163 seconds
[2022-09-21T20:22:59.024+0000] {processor.py:156} INFO - Started process (PID=354) to work on /home/airflow/.local/lib/python3.7/site-packages/airflow/example_dags/example_sla_dag.py
[2022-09-21T20:22:59.025+0000] {processor.py:758} INFO - Processing file /home/airflow/.local/lib/python3.7/site-packages/airflow/example_dags/example_sla_dag.py for tasks to queue
[2022-09-21T20:22:59.026+0000] {logging_mixin.py:117} INFO - [2022-09-21T20:22:59.026+0000] {dagbag.py:525} INFO - Filling up the DagBag from /home/airflow/.local/lib/python3.7/site-packages/airflow/example_dags/example_sla_dag.py
[2022-09-21T20:22:59.055+0000] {processor.py:768} INFO - DAG(s) dict_keys(['example_sla_dag']) retrieved from /home/airflow/.local/lib/python3.7/site-packages/airflow/example_dags/example_sla_dag.py
[2022-09-21T20:22:59.082+0000] {logging_mixin.py:117} INFO - [2022-09-21T20:22:59.082+0000] {dag.py:2573} INFO - Sync 1 DAGs
[2022-09-21T20:22:59.116+0000] {logging_mixin.py:117} INFO - [2022-09-21T20:22:59.116+0000] {dag.py:3328} INFO - Setting next_dagrun for example_sla_dag to 2022-09-21T20:20:00+00:00, run_after=2022-09-21T20:22:00+00:00
[2022-09-21T20:22:59.138+0000] {processor.py:178} INFO - Processing /home/airflow/.local/lib/python3.7/site-packages/airflow/example_dags/example_sla_dag.py took 0.118 seconds
[2022-09-21T20:23:29.587+0000] {processor.py:156} INFO - Started process (PID=418) to work on /home/airflow/.local/lib/python3.7/site-packages/airflow/example_dags/example_sla_dag.py
[2022-09-21T20:23:29.588+0000] {processor.py:758} INFO - Processing file /home/airflow/.local/lib/python3.7/site-packages/airflow/example_dags/example_sla_dag.py for tasks to queue
[2022-09-21T20:23:29.589+0000] {logging_mixin.py:117} INFO - [2022-09-21T20:23:29.589+0000] {dagbag.py:525} INFO - Filling up the DagBag from /home/airflow/.local/lib/python3.7/site-packages/airflow/example_dags/example_sla_dag.py
[2022-09-21T20:23:29.621+0000] {processor.py:768} INFO - DAG(s) dict_keys(['example_sla_dag']) retrieved from /home/airflow/.local/lib/python3.7/site-packages/airflow/example_dags/example_sla_dag.py
[2022-09-21T20:23:29.675+0000] {logging_mixin.py:117} INFO - [2022-09-21T20:23:29.675+0000] {dag.py:2573} INFO - Sync 1 DAGs
[2022-09-21T20:23:29.714+0000] {logging_mixin.py:117} INFO - [2022-09-21T20:23:29.713+0000] {dag.py:3328} INFO - Setting next_dagrun for example_sla_dag to 2022-09-21T20:20:00+00:00, run_after=2022-09-21T20:22:00+00:00
[2022-09-21T20:23:29.746+0000] {processor.py:178} INFO - Processing /home/airflow/.local/lib/python3.7/site-packages/airflow/example_dags/example_sla_dag.py took 0.163 seconds
[2022-09-21T20:23:59.877+0000] {processor.py:156} INFO - Started process (PID=473) to work on /home/airflow/.local/lib/python3.7/site-packages/airflow/example_dags/example_sla_dag.py
[2022-09-21T20:23:59.878+0000] {processor.py:758} INFO - Processing file /home/airflow/.local/lib/python3.7/site-packages/airflow/example_dags/example_sla_dag.py for tasks to queue
[2022-09-21T20:23:59.879+0000] {logging_mixin.py:117} INFO - [2022-09-21T20:23:59.879+0000] {dagbag.py:525} INFO - Filling up the DagBag from /home/airflow/.local/lib/python3.7/site-packages/airflow/example_dags/example_sla_dag.py
[2022-09-21T20:23:59.904+0000] {processor.py:768} INFO - DAG(s) dict_keys(['example_sla_dag']) retrieved from /home/airflow/.local/lib/python3.7/site-packages/airflow/example_dags/example_sla_dag.py
[2022-09-21T20:23:59.946+0000] {logging_mixin.py:117} INFO - [2022-09-21T20:23:59.946+0000] {dag.py:2573} INFO - Sync 1 DAGs
[2022-09-21T20:23:59.978+0000] {logging_mixin.py:117} INFO - [2022-09-21T20:23:59.977+0000] {dag.py:3328} INFO - Setting next_dagrun for example_sla_dag to 2022-09-21T20:20:00+00:00, run_after=2022-09-21T20:22:00+00:00
[2022-09-21T20:23:59.996+0000] {processor.py:178} INFO - Processing /home/airflow/.local/lib/python3.7/site-packages/airflow/example_dags/example_sla_dag.py took 0.123 seconds
[2022-09-21T20:24:30.488+0000] {processor.py:156} INFO - Started process (PID=537) to work on /home/airflow/.local/lib/python3.7/site-packages/airflow/example_dags/example_sla_dag.py
[2022-09-21T20:24:30.489+0000] {processor.py:758} INFO - Processing file /home/airflow/.local/lib/python3.7/site-packages/airflow/example_dags/example_sla_dag.py for tasks to queue
[2022-09-21T20:24:30.489+0000] {logging_mixin.py:117} INFO - [2022-09-21T20:24:30.489+0000] {dagbag.py:525} INFO - Filling up the DagBag from /home/airflow/.local/lib/python3.7/site-packages/airflow/example_dags/example_sla_dag.py
[2022-09-21T20:24:30.520+0000] {processor.py:768} INFO - DAG(s) dict_keys(['example_sla_dag']) retrieved from /home/airflow/.local/lib/python3.7/site-packages/airflow/example_dags/example_sla_dag.py
[2022-09-21T20:24:30.580+0000] {logging_mixin.py:117} INFO - [2022-09-21T20:24:30.579+0000] {dag.py:2573} INFO - Sync 1 DAGs
[2022-09-21T20:24:30.620+0000] {logging_mixin.py:117} INFO - [2022-09-21T20:24:30.620+0000] {dag.py:3328} INFO - Setting next_dagrun for example_sla_dag to 2022-09-21T20:22:00+00:00, run_after=2022-09-21T20:24:00+00:00
[2022-09-21T20:24:30.641+0000] {processor.py:178} INFO - Processing /home/airflow/.local/lib/python3.7/site-packages/airflow/example_dags/example_sla_dag.py took 0.157 seconds
[2022-09-21T20:25:00.778+0000] {processor.py:156} INFO - Started process (PID=592) to work on /home/airflow/.local/lib/python3.7/site-packages/airflow/example_dags/example_sla_dag.py
[2022-09-21T20:25:00.779+0000] {processor.py:758} INFO - Processing file /home/airflow/.local/lib/python3.7/site-packages/airflow/example_dags/example_sla_dag.py for tasks to queue
[2022-09-21T20:25:00.780+0000] {logging_mixin.py:117} INFO - [2022-09-21T20:25:00.780+0000] {dagbag.py:525} INFO - Filling up the DagBag from /home/airflow/.local/lib/python3.7/site-packages/airflow/example_dags/example_sla_dag.py
[2022-09-21T20:25:00.812+0000] {processor.py:768} INFO - DAG(s) dict_keys(['example_sla_dag']) retrieved from /home/airflow/.local/lib/python3.7/site-packages/airflow/example_dags/example_sla_dag.py
[2022-09-21T20:25:00.850+0000] {logging_mixin.py:117} INFO - [2022-09-21T20:25:00.850+0000] {dag.py:2573} INFO - Sync 1 DAGs
[2022-09-21T20:25:00.901+0000] {logging_mixin.py:117} INFO - [2022-09-21T20:25:00.900+0000] {dag.py:3328} INFO - Setting next_dagrun for example_sla_dag to 2022-09-21T20:22:00+00:00, run_after=2022-09-21T20:24:00+00:00
[2022-09-21T20:25:00.933+0000] {processor.py:178} INFO - Processing /home/airflow/.local/lib/python3.7/site-packages/airflow/example_dags/example_sla_dag.py took 0.158 seconds
[2022-09-21T20:25:31.165+0000] {processor.py:156} INFO - Started process (PID=656) to work on /home/airflow/.local/lib/python3.7/site-packages/airflow/example_dags/example_sla_dag.py
[2022-09-21T20:25:31.166+0000] {processor.py:758} INFO - Processing file /home/airflow/.local/lib/python3.7/site-packages/airflow/example_dags/example_sla_dag.py for tasks to queue
[2022-09-21T20:25:31.166+0000] {logging_mixin.py:117} INFO - [2022-09-21T20:25:31.166+0000] {dagbag.py:525} INFO - Filling up the DagBag from /home/airflow/.local/lib/python3.7/site-packages/airflow/example_dags/example_sla_dag.py
[2022-09-21T20:25:31.188+0000] {processor.py:768} INFO - DAG(s) dict_keys(['example_sla_dag']) retrieved from /home/airflow/.local/lib/python3.7/site-packages/airflow/example_dags/example_sla_dag.py
[2022-09-21T20:25:31.219+0000] {logging_mixin.py:117} INFO - [2022-09-21T20:25:31.219+0000] {dag.py:2573} INFO - Sync 1 DAGs
[2022-09-21T20:25:31.244+0000] {logging_mixin.py:117} INFO - [2022-09-21T20:25:31.244+0000] {dag.py:3328} INFO - Setting next_dagrun for example_sla_dag to 2022-09-21T20:22:00+00:00, run_after=2022-09-21T20:24:00+00:00
[2022-09-21T20:25:31.261+0000] {processor.py:178} INFO - Processing /home/airflow/.local/lib/python3.7/site-packages/airflow/example_dags/example_sla_dag.py took 0.099 seconds
[2022-09-21T20:26:01.500+0000] {processor.py:156} INFO - Started process (PID=711) to work on /home/airflow/.local/lib/python3.7/site-packages/airflow/example_dags/example_sla_dag.py
[2022-09-21T20:26:01.501+0000] {processor.py:758} INFO - Processing file /home/airflow/.local/lib/python3.7/site-packages/airflow/example_dags/example_sla_dag.py for tasks to queue
[2022-09-21T20:26:01.501+0000] {logging_mixin.py:117} INFO - [2022-09-21T20:26:01.501+0000] {dagbag.py:525} INFO - Filling up the DagBag from /home/airflow/.local/lib/python3.7/site-packages/airflow/example_dags/example_sla_dag.py
[2022-09-21T20:26:01.521+0000] {processor.py:768} INFO - DAG(s) dict_keys(['example_sla_dag']) retrieved from /home/airflow/.local/lib/python3.7/site-packages/airflow/example_dags/example_sla_dag.py
[2022-09-21T20:26:01.557+0000] {logging_mixin.py:117} INFO - [2022-09-21T20:26:01.557+0000] {dag.py:2573} INFO - Sync 1 DAGs
[2022-09-21T20:26:01.582+0000] {logging_mixin.py:117} INFO - [2022-09-21T20:26:01.582+0000] {dag.py:3328} INFO - Setting next_dagrun for example_sla_dag to 2022-09-21T20:24:00+00:00, run_after=2022-09-21T20:26:00+00:00
[2022-09-21T20:26:01.598+0000] {processor.py:178} INFO - Processing /home/airflow/.local/lib/python3.7/site-packages/airflow/example_dags/example_sla_dag.py took 0.100 seconds
[2022-09-21T20:26:32.035+0000] {processor.py:156} INFO - Started process (PID=774) to work on /home/airflow/.local/lib/python3.7/site-packages/airflow/example_dags/example_sla_dag.py
[2022-09-21T20:26:32.035+0000] {processor.py:758} INFO - Processing file /home/airflow/.local/lib/python3.7/site-packages/airflow/example_dags/example_sla_dag.py for tasks to queue
[2022-09-21T20:26:32.036+0000] {logging_mixin.py:117} INFO - [2022-09-21T20:26:32.036+0000] {dagbag.py:525} INFO - Filling up the DagBag from /home/airflow/.local/lib/python3.7/site-packages/airflow/example_dags/example_sla_dag.py
[2022-09-21T20:26:32.064+0000] {processor.py:768} INFO - DAG(s) dict_keys(['example_sla_dag']) retrieved from /home/airflow/.local/lib/python3.7/site-packages/airflow/example_dags/example_sla_dag.py
[2022-09-21T20:26:32.102+0000] {logging_mixin.py:117} INFO - [2022-09-21T20:26:32.102+0000] {dag.py:2573} INFO - Sync 1 DAGs
[2022-09-21T20:26:32.128+0000] {logging_mixin.py:117} INFO - [2022-09-21T20:26:32.128+0000] {dag.py:3328} INFO - Setting next_dagrun for example_sla_dag to 2022-09-21T20:24:00+00:00, run_after=2022-09-21T20:26:00+00:00
[2022-09-21T20:26:32.144+0000] {processor.py:178} INFO - Processing /home/airflow/.local/lib/python3.7/site-packages/airflow/example_dags/example_sla_dag.py took 0.112 seconds
[2022-09-21T20:27:02.927+0000] {processor.py:156} INFO - Started process (PID=838) to work on /home/airflow/.local/lib/python3.7/site-packages/airflow/example_dags/example_sla_dag.py
[2022-09-21T20:27:02.928+0000] {processor.py:758} INFO - Processing file /home/airflow/.local/lib/python3.7/site-packages/airflow/example_dags/example_sla_dag.py for tasks to queue
[2022-09-21T20:27:02.928+0000] {logging_mixin.py:117} INFO - [2022-09-21T20:27:02.928+0000] {dagbag.py:525} INFO - Filling up the DagBag from /home/airflow/.local/lib/python3.7/site-packages/airflow/example_dags/example_sla_dag.py
[2022-09-21T20:27:02.946+0000] {processor.py:768} INFO - DAG(s) dict_keys(['example_sla_dag']) retrieved from /home/airflow/.local/lib/python3.7/site-packages/airflow/example_dags/example_sla_dag.py
[2022-09-21T20:27:02.977+0000] {logging_mixin.py:117} INFO - [2022-09-21T20:27:02.977+0000] {dag.py:2573} INFO - Sync 1 DAGs
[2022-09-21T20:27:03.001+0000] {logging_mixin.py:117} INFO - [2022-09-21T20:27:03.001+0000] {dag.py:3328} INFO - Setting next_dagrun for example_sla_dag to 2022-09-21T20:24:00+00:00, run_after=2022-09-21T20:26:00+00:00
[2022-09-21T20:27:03.017+0000] {processor.py:178} INFO - Processing /home/airflow/.local/lib/python3.7/site-packages/airflow/example_dags/example_sla_dag.py took 0.092 seconds
[2022-09-21T20:27:33.234+0000] {processor.py:156} INFO - Started process (PID=893) to work on /home/airflow/.local/lib/python3.7/site-packages/airflow/example_dags/example_sla_dag.py
[2022-09-21T20:27:33.235+0000] {processor.py:758} INFO - Processing file /home/airflow/.local/lib/python3.7/site-packages/airflow/example_dags/example_sla_dag.py for tasks to queue
[2022-09-21T20:27:33.235+0000] {logging_mixin.py:117} INFO - [2022-09-21T20:27:33.235+0000] {dagbag.py:525} INFO - Filling up the DagBag from /home/airflow/.local/lib/python3.7/site-packages/airflow/example_dags/example_sla_dag.py
[2022-09-21T20:27:33.256+0000] {processor.py:768} INFO - DAG(s) dict_keys(['example_sla_dag']) retrieved from /home/airflow/.local/lib/python3.7/site-packages/airflow/example_dags/example_sla_dag.py
[2022-09-21T20:27:33.292+0000] {logging_mixin.py:117} INFO - [2022-09-21T20:27:33.292+0000] {dag.py:2573} INFO - Sync 1 DAGs
[2022-09-21T20:27:33.319+0000] {logging_mixin.py:117} INFO - [2022-09-21T20:27:33.319+0000] {dag.py:3328} INFO - Setting next_dagrun for example_sla_dag to 2022-09-21T20:24:00+00:00, run_after=2022-09-21T20:26:00+00:00
[2022-09-21T20:27:33.338+0000] {processor.py:178} INFO - Processing /home/airflow/.local/lib/python3.7/site-packages/airflow/example_dags/example_sla_dag.py took 0.107 seconds
[2022-09-21T20:28:03.826+0000] {processor.py:156} INFO - Started process (PID=957) to work on /home/airflow/.local/lib/python3.7/site-packages/airflow/example_dags/example_sla_dag.py
[2022-09-21T20:28:03.827+0000] {processor.py:758} INFO - Processing file /home/airflow/.local/lib/python3.7/site-packages/airflow/example_dags/example_sla_dag.py for tasks to queue
[2022-09-21T20:28:03.827+0000] {logging_mixin.py:117} INFO - [2022-09-21T20:28:03.827+0000] {dagbag.py:525} INFO - Filling up the DagBag from /home/airflow/.local/lib/python3.7/site-packages/airflow/example_dags/example_sla_dag.py
[2022-09-21T20:28:03.846+0000] {processor.py:768} INFO - DAG(s) dict_keys(['example_sla_dag']) retrieved from /home/airflow/.local/lib/python3.7/site-packages/airflow/example_dags/example_sla_dag.py
[2022-09-21T20:28:03.880+0000] {logging_mixin.py:117} INFO - [2022-09-21T20:28:03.880+0000] {dag.py:2573} INFO - Sync 1 DAGs
[2022-09-21T20:28:03.915+0000] {logging_mixin.py:117} INFO - [2022-09-21T20:28:03.914+0000] {dag.py:3328} INFO - Setting next_dagrun for example_sla_dag to 2022-09-21T20:26:00+00:00, run_after=2022-09-21T20:28:00+00:00
[2022-09-21T20:28:03.936+0000] {processor.py:178} INFO - Processing /home/airflow/.local/lib/python3.7/site-packages/airflow/example_dags/example_sla_dag.py took 0.113 seconds
[2022-09-21T20:28:34.557+0000] {processor.py:156} INFO - Started process (PID=1020) to work on /home/airflow/.local/lib/python3.7/site-packages/airflow/example_dags/example_sla_dag.py
[2022-09-21T20:28:34.558+0000] {processor.py:758} INFO - Processing file /home/airflow/.local/lib/python3.7/site-packages/airflow/example_dags/example_sla_dag.py for tasks to queue
[2022-09-21T20:28:34.558+0000] {logging_mixin.py:117} INFO - [2022-09-21T20:28:34.558+0000] {dagbag.py:525} INFO - Filling up the DagBag from /home/airflow/.local/lib/python3.7/site-packages/airflow/example_dags/example_sla_dag.py
[2022-09-21T20:28:34.576+0000] {processor.py:768} INFO - DAG(s) dict_keys(['example_sla_dag']) retrieved from /home/airflow/.local/lib/python3.7/site-packages/airflow/example_dags/example_sla_dag.py
[2022-09-21T20:28:34.610+0000] {logging_mixin.py:117} INFO - [2022-09-21T20:28:34.609+0000] {dag.py:2573} INFO - Sync 1 DAGs
[2022-09-21T20:28:34.633+0000] {logging_mixin.py:117} INFO - [2022-09-21T20:28:34.633+0000] {dag.py:3328} INFO - Setting next_dagrun for example_sla_dag to 2022-09-21T20:26:00+00:00, run_after=2022-09-21T20:28:00+00:00
[2022-09-21T20:28:34.652+0000] {processor.py:178} INFO - Processing /home/airflow/.local/lib/python3.7/site-packages/airflow/example_dags/example_sla_dag.py took 0.097 seconds
[2022-09-21T20:29:05.429+0000] {processor.py:156} INFO - Started process (PID=1075) to work on /home/airflow/.local/lib/python3.7/site-packages/airflow/example_dags/example_sla_dag.py
[2022-09-21T20:29:05.430+0000] {processor.py:758} INFO - Processing file /home/airflow/.local/lib/python3.7/site-packages/airflow/example_dags/example_sla_dag.py for tasks to queue
[2022-09-21T20:29:05.430+0000] {logging_mixin.py:117} INFO - [2022-09-21T20:29:05.430+0000] {dagbag.py:525} INFO - Filling up the DagBag from /home/airflow/.local/lib/python3.7/site-packages/airflow/example_dags/example_sla_dag.py
[2022-09-21T20:29:05.456+0000] {processor.py:768} INFO - DAG(s) dict_keys(['example_sla_dag']) retrieved from /home/airflow/.local/lib/python3.7/site-packages/airflow/example_dags/example_sla_dag.py
[2022-09-21T20:29:05.498+0000] {logging_mixin.py:117} INFO - [2022-09-21T20:29:05.498+0000] {dag.py:2573} INFO - Sync 1 DAGs
[2022-09-21T20:29:05.538+0000] {logging_mixin.py:117} INFO - [2022-09-21T20:29:05.538+0000] {dag.py:3328} INFO - Setting next_dagrun for example_sla_dag to 2022-09-21T20:26:00+00:00, run_after=2022-09-21T20:28:00+00:00
[2022-09-21T20:29:05.556+0000] {processor.py:178} INFO - Processing /home/airflow/.local/lib/python3.7/site-packages/airflow/example_dags/example_sla_dag.py took 0.130 seconds
[2022-09-21T20:29:36.190+0000] {processor.py:156} INFO - Started process (PID=1139) to work on /home/airflow/.local/lib/python3.7/site-packages/airflow/example_dags/example_sla_dag.py
[2022-09-21T20:29:36.190+0000] {processor.py:758} INFO - Processing file /home/airflow/.local/lib/python3.7/site-packages/airflow/example_dags/example_sla_dag.py for tasks to queue
[2022-09-21T20:29:36.191+0000] {logging_mixin.py:117} INFO - [2022-09-21T20:29:36.191+0000] {dagbag.py:525} INFO - Filling up the DagBag from /home/airflow/.local/lib/python3.7/site-packages/airflow/example_dags/example_sla_dag.py
[2022-09-21T20:29:36.210+0000] {processor.py:768} INFO - DAG(s) dict_keys(['example_sla_dag']) retrieved from /home/airflow/.local/lib/python3.7/site-packages/airflow/example_dags/example_sla_dag.py
[2022-09-21T20:29:36.244+0000] {logging_mixin.py:117} INFO - [2022-09-21T20:29:36.244+0000] {dag.py:2573} INFO - Sync 1 DAGs
[2022-09-21T20:29:36.271+0000] {logging_mixin.py:117} INFO - [2022-09-21T20:29:36.271+0000] {dag.py:3328} INFO - Setting next_dagrun for example_sla_dag to 2022-09-21T20:26:00+00:00, run_after=2022-09-21T20:28:00+00:00
[2022-09-21T20:29:36.288+0000] {processor.py:178} INFO - Processing /home/airflow/.local/lib/python3.7/site-packages/airflow/example_dags/example_sla_dag.py took 0.101 seconds
[2022-09-21T20:30:07.413+0000] {processor.py:156} INFO - Started process (PID=1195) to work on /home/airflow/.local/lib/python3.7/site-packages/airflow/example_dags/example_sla_dag.py
[2022-09-21T20:30:07.427+0000] {processor.py:758} INFO - Processing file /home/airflow/.local/lib/python3.7/site-packages/airflow/example_dags/example_sla_dag.py for tasks to queue
[2022-09-21T20:30:07.429+0000] {logging_mixin.py:117} INFO - [2022-09-21T20:30:07.429+0000] {dagbag.py:525} INFO - Filling up the DagBag from /home/airflow/.local/lib/python3.7/site-packages/airflow/example_dags/example_sla_dag.py
[2022-09-21T20:30:07.590+0000] {processor.py:768} INFO - DAG(s) dict_keys(['example_sla_dag']) retrieved from /home/airflow/.local/lib/python3.7/site-packages/airflow/example_dags/example_sla_dag.py
[2022-09-21T20:30:07.732+0000] {logging_mixin.py:117} INFO - [2022-09-21T20:30:07.732+0000] {dag.py:2573} INFO - Sync 1 DAGs
[2022-09-21T20:30:07.890+0000] {logging_mixin.py:117} INFO - [2022-09-21T20:30:07.890+0000] {dag.py:3328} INFO - Setting next_dagrun for example_sla_dag to 2022-09-21T20:28:00+00:00, run_after=2022-09-21T20:30:00+00:00
[2022-09-21T20:30:08.018+0000] {processor.py:178} INFO - Processing /home/airflow/.local/lib/python3.7/site-packages/airflow/example_dags/example_sla_dag.py took 0.618 seconds
[2022-09-21T20:30:38.716+0000] {processor.py:156} INFO - Started process (PID=1250) to work on /home/airflow/.local/lib/python3.7/site-packages/airflow/example_dags/example_sla_dag.py
[2022-09-21T20:30:38.720+0000] {processor.py:758} INFO - Processing file /home/airflow/.local/lib/python3.7/site-packages/airflow/example_dags/example_sla_dag.py for tasks to queue
[2022-09-21T20:30:38.720+0000] {logging_mixin.py:117} INFO - [2022-09-21T20:30:38.720+0000] {dagbag.py:525} INFO - Filling up the DagBag from /home/airflow/.local/lib/python3.7/site-packages/airflow/example_dags/example_sla_dag.py
[2022-09-21T20:30:38.744+0000] {processor.py:768} INFO - DAG(s) dict_keys(['example_sla_dag']) retrieved from /home/airflow/.local/lib/python3.7/site-packages/airflow/example_dags/example_sla_dag.py
[2022-09-21T20:30:38.791+0000] {logging_mixin.py:117} INFO - [2022-09-21T20:30:38.791+0000] {dag.py:2573} INFO - Sync 1 DAGs
[2022-09-21T20:30:38.825+0000] {logging_mixin.py:117} INFO - [2022-09-21T20:30:38.824+0000] {dag.py:3328} INFO - Setting next_dagrun for example_sla_dag to 2022-09-21T20:28:00+00:00, run_after=2022-09-21T20:30:00+00:00
[2022-09-21T20:30:38.848+0000] {processor.py:178} INFO - Processing /home/airflow/.local/lib/python3.7/site-packages/airflow/example_dags/example_sla_dag.py took 0.135 seconds
[2022-09-21T20:31:09.286+0000] {processor.py:156} INFO - Started process (PID=1315) to work on /home/airflow/.local/lib/python3.7/site-packages/airflow/example_dags/example_sla_dag.py
[2022-09-21T20:31:09.287+0000] {processor.py:758} INFO - Processing file /home/airflow/.local/lib/python3.7/site-packages/airflow/example_dags/example_sla_dag.py for tasks to queue
[2022-09-21T20:31:09.287+0000] {logging_mixin.py:117} INFO - [2022-09-21T20:31:09.287+0000] {dagbag.py:525} INFO - Filling up the DagBag from /home/airflow/.local/lib/python3.7/site-packages/airflow/example_dags/example_sla_dag.py
[2022-09-21T20:31:09.309+0000] {processor.py:768} INFO - DAG(s) dict_keys(['example_sla_dag']) retrieved from /home/airflow/.local/lib/python3.7/site-packages/airflow/example_dags/example_sla_dag.py
[2022-09-21T20:31:09.348+0000] {logging_mixin.py:117} INFO - [2022-09-21T20:31:09.347+0000] {dag.py:2573} INFO - Sync 1 DAGs
[2022-09-21T20:31:09.378+0000] {logging_mixin.py:117} INFO - [2022-09-21T20:31:09.378+0000] {dag.py:3328} INFO - Setting next_dagrun for example_sla_dag to 2022-09-21T20:28:00+00:00, run_after=2022-09-21T20:30:00+00:00
[2022-09-21T20:31:09.400+0000] {processor.py:178} INFO - Processing /home/airflow/.local/lib/python3.7/site-packages/airflow/example_dags/example_sla_dag.py took 0.116 seconds
[2022-09-21T20:31:40.142+0000] {processor.py:156} INFO - Started process (PID=1379) to work on /home/airflow/.local/lib/python3.7/site-packages/airflow/example_dags/example_sla_dag.py
[2022-09-21T20:31:40.143+0000] {processor.py:758} INFO - Processing file /home/airflow/.local/lib/python3.7/site-packages/airflow/example_dags/example_sla_dag.py for tasks to queue
[2022-09-21T20:31:40.143+0000] {logging_mixin.py:117} INFO - [2022-09-21T20:31:40.143+0000] {dagbag.py:525} INFO - Filling up the DagBag from /home/airflow/.local/lib/python3.7/site-packages/airflow/example_dags/example_sla_dag.py
[2022-09-21T20:31:40.168+0000] {processor.py:768} INFO - DAG(s) dict_keys(['example_sla_dag']) retrieved from /home/airflow/.local/lib/python3.7/site-packages/airflow/example_dags/example_sla_dag.py
[2022-09-21T20:31:40.208+0000] {logging_mixin.py:117} INFO - [2022-09-21T20:31:40.208+0000] {dag.py:2573} INFO - Sync 1 DAGs
[2022-09-21T20:31:40.240+0000] {logging_mixin.py:117} INFO - [2022-09-21T20:31:40.240+0000] {dag.py:3328} INFO - Setting next_dagrun for example_sla_dag to 2022-09-21T20:28:00+00:00, run_after=2022-09-21T20:30:00+00:00
[2022-09-21T20:31:40.266+0000] {processor.py:178} INFO - Processing /home/airflow/.local/lib/python3.7/site-packages/airflow/example_dags/example_sla_dag.py took 0.127 seconds
[2022-09-21T20:32:10.430+0000] {processor.py:156} INFO - Started process (PID=1434) to work on /home/airflow/.local/lib/python3.7/site-packages/airflow/example_dags/example_sla_dag.py
[2022-09-21T20:32:10.431+0000] {processor.py:758} INFO - Processing file /home/airflow/.local/lib/python3.7/site-packages/airflow/example_dags/example_sla_dag.py for tasks to queue
[2022-09-21T20:32:10.431+0000] {logging_mixin.py:117} INFO - [2022-09-21T20:32:10.431+0000] {dagbag.py:525} INFO - Filling up the DagBag from /home/airflow/.local/lib/python3.7/site-packages/airflow/example_dags/example_sla_dag.py
[2022-09-21T20:32:10.462+0000] {processor.py:768} INFO - DAG(s) dict_keys(['example_sla_dag']) retrieved from /home/airflow/.local/lib/python3.7/site-packages/airflow/example_dags/example_sla_dag.py
[2022-09-21T20:32:10.533+0000] {logging_mixin.py:117} INFO - [2022-09-21T20:32:10.532+0000] {dag.py:2573} INFO - Sync 1 DAGs
[2022-09-21T20:32:10.595+0000] {logging_mixin.py:117} INFO - [2022-09-21T20:32:10.595+0000] {dag.py:3328} INFO - Setting next_dagrun for example_sla_dag to 2022-09-21T20:30:00+00:00, run_after=2022-09-21T20:32:00+00:00
[2022-09-21T20:32:10.627+0000] {processor.py:178} INFO - Processing /home/airflow/.local/lib/python3.7/site-packages/airflow/example_dags/example_sla_dag.py took 0.201 seconds
[2022-09-21T20:32:40.966+0000] {processor.py:156} INFO - Started process (PID=1499) to work on /home/airflow/.local/lib/python3.7/site-packages/airflow/example_dags/example_sla_dag.py
[2022-09-21T20:32:40.967+0000] {processor.py:758} INFO - Processing file /home/airflow/.local/lib/python3.7/site-packages/airflow/example_dags/example_sla_dag.py for tasks to queue
[2022-09-21T20:32:40.968+0000] {logging_mixin.py:117} INFO - [2022-09-21T20:32:40.967+0000] {dagbag.py:525} INFO - Filling up the DagBag from /home/airflow/.local/lib/python3.7/site-packages/airflow/example_dags/example_sla_dag.py
[2022-09-21T20:32:41.002+0000] {processor.py:768} INFO - DAG(s) dict_keys(['example_sla_dag']) retrieved from /home/airflow/.local/lib/python3.7/site-packages/airflow/example_dags/example_sla_dag.py
[2022-09-21T20:32:41.058+0000] {logging_mixin.py:117} INFO - [2022-09-21T20:32:41.057+0000] {dag.py:2573} INFO - Sync 1 DAGs
[2022-09-21T20:32:41.104+0000] {logging_mixin.py:117} INFO - [2022-09-21T20:32:41.103+0000] {dag.py:3328} INFO - Setting next_dagrun for example_sla_dag to 2022-09-21T20:30:00+00:00, run_after=2022-09-21T20:32:00+00:00
[2022-09-21T20:32:41.130+0000] {processor.py:178} INFO - Processing /home/airflow/.local/lib/python3.7/site-packages/airflow/example_dags/example_sla_dag.py took 0.168 seconds
[2022-09-21T20:33:11.722+0000] {processor.py:156} INFO - Started process (PID=1553) to work on /home/airflow/.local/lib/python3.7/site-packages/airflow/example_dags/example_sla_dag.py
[2022-09-21T20:33:11.724+0000] {processor.py:758} INFO - Processing file /home/airflow/.local/lib/python3.7/site-packages/airflow/example_dags/example_sla_dag.py for tasks to queue
[2022-09-21T20:33:11.725+0000] {logging_mixin.py:117} INFO - [2022-09-21T20:33:11.725+0000] {dagbag.py:525} INFO - Filling up the DagBag from /home/airflow/.local/lib/python3.7/site-packages/airflow/example_dags/example_sla_dag.py
[2022-09-21T20:33:11.766+0000] {processor.py:768} INFO - DAG(s) dict_keys(['example_sla_dag']) retrieved from /home/airflow/.local/lib/python3.7/site-packages/airflow/example_dags/example_sla_dag.py
[2022-09-21T20:33:11.890+0000] {logging_mixin.py:117} INFO - [2022-09-21T20:33:11.890+0000] {dag.py:2573} INFO - Sync 1 DAGs
[2022-09-21T20:33:11.947+0000] {logging_mixin.py:117} INFO - [2022-09-21T20:33:11.947+0000] {dag.py:3328} INFO - Setting next_dagrun for example_sla_dag to 2022-09-21T20:30:00+00:00, run_after=2022-09-21T20:32:00+00:00
[2022-09-21T20:33:11.989+0000] {processor.py:178} INFO - Processing /home/airflow/.local/lib/python3.7/site-packages/airflow/example_dags/example_sla_dag.py took 0.272 seconds
[2022-09-21T20:33:42.244+0000] {processor.py:156} INFO - Started process (PID=1607) to work on /home/airflow/.local/lib/python3.7/site-packages/airflow/example_dags/example_sla_dag.py
[2022-09-21T20:33:42.245+0000] {processor.py:758} INFO - Processing file /home/airflow/.local/lib/python3.7/site-packages/airflow/example_dags/example_sla_dag.py for tasks to queue
[2022-09-21T20:33:42.246+0000] {logging_mixin.py:117} INFO - [2022-09-21T20:33:42.246+0000] {dagbag.py:525} INFO - Filling up the DagBag from /home/airflow/.local/lib/python3.7/site-packages/airflow/example_dags/example_sla_dag.py
[2022-09-21T20:33:42.271+0000] {processor.py:768} INFO - DAG(s) dict_keys(['example_sla_dag']) retrieved from /home/airflow/.local/lib/python3.7/site-packages/airflow/example_dags/example_sla_dag.py
[2022-09-21T20:33:42.321+0000] {logging_mixin.py:117} INFO - [2022-09-21T20:33:42.320+0000] {dag.py:2573} INFO - Sync 1 DAGs
[2022-09-21T20:33:42.357+0000] {logging_mixin.py:117} INFO - [2022-09-21T20:33:42.357+0000] {dag.py:3328} INFO - Setting next_dagrun for example_sla_dag to 2022-09-21T20:30:00+00:00, run_after=2022-09-21T20:32:00+00:00
[2022-09-21T20:33:42.376+0000] {processor.py:178} INFO - Processing /home/airflow/.local/lib/python3.7/site-packages/airflow/example_dags/example_sla_dag.py took 0.135 seconds
[2022-09-21T20:34:13.337+0000] {processor.py:156} INFO - Started process (PID=1670) to work on /home/airflow/.local/lib/python3.7/site-packages/airflow/example_dags/example_sla_dag.py
[2022-09-21T20:34:13.338+0000] {processor.py:758} INFO - Processing file /home/airflow/.local/lib/python3.7/site-packages/airflow/example_dags/example_sla_dag.py for tasks to queue
[2022-09-21T20:34:13.339+0000] {logging_mixin.py:117} INFO - [2022-09-21T20:34:13.339+0000] {dagbag.py:525} INFO - Filling up the DagBag from /home/airflow/.local/lib/python3.7/site-packages/airflow/example_dags/example_sla_dag.py
[2022-09-21T20:34:13.374+0000] {processor.py:768} INFO - DAG(s) dict_keys(['example_sla_dag']) retrieved from /home/airflow/.local/lib/python3.7/site-packages/airflow/example_dags/example_sla_dag.py
[2022-09-21T20:34:13.433+0000] {logging_mixin.py:117} INFO - [2022-09-21T20:34:13.433+0000] {dag.py:2573} INFO - Sync 1 DAGs
[2022-09-21T20:34:13.486+0000] {logging_mixin.py:117} INFO - [2022-09-21T20:34:13.485+0000] {dag.py:3328} INFO - Setting next_dagrun for example_sla_dag to 2022-09-21T20:32:00+00:00, run_after=2022-09-21T20:34:00+00:00
[2022-09-21T20:34:13.517+0000] {processor.py:178} INFO - Processing /home/airflow/.local/lib/python3.7/site-packages/airflow/example_dags/example_sla_dag.py took 0.184 seconds
[2022-09-21T20:34:44.029+0000] {processor.py:156} INFO - Started process (PID=1725) to work on /home/airflow/.local/lib/python3.7/site-packages/airflow/example_dags/example_sla_dag.py
[2022-09-21T20:34:44.030+0000] {processor.py:758} INFO - Processing file /home/airflow/.local/lib/python3.7/site-packages/airflow/example_dags/example_sla_dag.py for tasks to queue
[2022-09-21T20:34:44.031+0000] {logging_mixin.py:117} INFO - [2022-09-21T20:34:44.031+0000] {dagbag.py:525} INFO - Filling up the DagBag from /home/airflow/.local/lib/python3.7/site-packages/airflow/example_dags/example_sla_dag.py
[2022-09-21T20:34:44.061+0000] {processor.py:768} INFO - DAG(s) dict_keys(['example_sla_dag']) retrieved from /home/airflow/.local/lib/python3.7/site-packages/airflow/example_dags/example_sla_dag.py
[2022-09-21T20:34:44.108+0000] {logging_mixin.py:117} INFO - [2022-09-21T20:34:44.107+0000] {dag.py:2573} INFO - Sync 1 DAGs
[2022-09-21T20:34:44.143+0000] {logging_mixin.py:117} INFO - [2022-09-21T20:34:44.143+0000] {dag.py:3328} INFO - Setting next_dagrun for example_sla_dag to 2022-09-21T20:32:00+00:00, run_after=2022-09-21T20:34:00+00:00
[2022-09-21T20:34:44.166+0000] {processor.py:178} INFO - Processing /home/airflow/.local/lib/python3.7/site-packages/airflow/example_dags/example_sla_dag.py took 0.142 seconds
[2022-09-21T20:35:15.135+0000] {processor.py:156} INFO - Started process (PID=1790) to work on /home/airflow/.local/lib/python3.7/site-packages/airflow/example_dags/example_sla_dag.py
[2022-09-21T20:35:15.136+0000] {processor.py:758} INFO - Processing file /home/airflow/.local/lib/python3.7/site-packages/airflow/example_dags/example_sla_dag.py for tasks to queue
[2022-09-21T20:35:15.137+0000] {logging_mixin.py:117} INFO - [2022-09-21T20:35:15.137+0000] {dagbag.py:525} INFO - Filling up the DagBag from /home/airflow/.local/lib/python3.7/site-packages/airflow/example_dags/example_sla_dag.py
[2022-09-21T20:35:15.167+0000] {processor.py:768} INFO - DAG(s) dict_keys(['example_sla_dag']) retrieved from /home/airflow/.local/lib/python3.7/site-packages/airflow/example_dags/example_sla_dag.py
[2022-09-21T20:35:15.224+0000] {logging_mixin.py:117} INFO - [2022-09-21T20:35:15.224+0000] {dag.py:2573} INFO - Sync 1 DAGs
[2022-09-21T20:35:15.263+0000] {logging_mixin.py:117} INFO - [2022-09-21T20:35:15.263+0000] {dag.py:3328} INFO - Setting next_dagrun for example_sla_dag to 2022-09-21T20:32:00+00:00, run_after=2022-09-21T20:34:00+00:00
[2022-09-21T20:35:15.287+0000] {processor.py:178} INFO - Processing /home/airflow/.local/lib/python3.7/site-packages/airflow/example_dags/example_sla_dag.py took 0.156 seconds
