[2022-09-21T20:20:30.528+0000] {processor.py:156} INFO - Started process (PID=79) to work on /home/airflow/.local/lib/python3.7/site-packages/airflow/example_dags/example_latest_only.py
[2022-09-21T20:20:30.529+0000] {processor.py:758} INFO - Processing file /home/airflow/.local/lib/python3.7/site-packages/airflow/example_dags/example_latest_only.py for tasks to queue
[2022-09-21T20:20:30.530+0000] {logging_mixin.py:117} INFO - [2022-09-21T20:20:30.530+0000] {dagbag.py:525} INFO - Filling up the DagBag from /home/airflow/.local/lib/python3.7/site-packages/airflow/example_dags/example_latest_only.py
[2022-09-21T20:20:30.561+0000] {processor.py:768} INFO - DAG(s) dict_keys(['latest_only']) retrieved from /home/airflow/.local/lib/python3.7/site-packages/airflow/example_dags/example_latest_only.py
[2022-09-21T20:20:30.790+0000] {logging_mixin.py:117} INFO - [2022-09-21T20:20:30.790+0000] {dag.py:2573} INFO - Sync 1 DAGs
[2022-09-21T20:20:30.833+0000] {logging_mixin.py:117} INFO - [2022-09-21T20:20:30.833+0000] {dag.py:3328} INFO - Setting next_dagrun for latest_only to 2022-09-21T16:20:30.833475+00:00, run_after=2022-09-21T20:20:30.833475+00:00
[2022-09-21T20:20:30.869+0000] {processor.py:178} INFO - Processing /home/airflow/.local/lib/python3.7/site-packages/airflow/example_dags/example_latest_only.py took 0.345 seconds
[2022-09-21T20:21:04.233+0000] {processor.py:156} INFO - Started process (PID=143) to work on /home/airflow/.local/lib/python3.7/site-packages/airflow/example_dags/example_latest_only.py
[2022-09-21T20:21:04.245+0000] {processor.py:758} INFO - Processing file /home/airflow/.local/lib/python3.7/site-packages/airflow/example_dags/example_latest_only.py for tasks to queue
[2022-09-21T20:21:04.246+0000] {logging_mixin.py:117} INFO - [2022-09-21T20:21:04.246+0000] {dagbag.py:525} INFO - Filling up the DagBag from /home/airflow/.local/lib/python3.7/site-packages/airflow/example_dags/example_latest_only.py
[2022-09-21T20:21:04.290+0000] {processor.py:768} INFO - DAG(s) dict_keys(['latest_only']) retrieved from /home/airflow/.local/lib/python3.7/site-packages/airflow/example_dags/example_latest_only.py
[2022-09-21T20:21:04.666+0000] {logging_mixin.py:117} INFO - [2022-09-21T20:21:04.666+0000] {dag.py:2573} INFO - Sync 1 DAGs
[2022-09-21T20:21:04.714+0000] {logging_mixin.py:117} INFO - [2022-09-21T20:21:04.714+0000] {dag.py:3328} INFO - Setting next_dagrun for latest_only to 2022-09-21T16:21:04.714010+00:00, run_after=2022-09-21T20:21:04.714010+00:00
[2022-09-21T20:21:04.751+0000] {processor.py:178} INFO - Processing /home/airflow/.local/lib/python3.7/site-packages/airflow/example_dags/example_latest_only.py took 0.527 seconds
[2022-09-21T20:21:35.238+0000] {processor.py:156} INFO - Started process (PID=199) to work on /home/airflow/.local/lib/python3.7/site-packages/airflow/example_dags/example_latest_only.py
[2022-09-21T20:21:35.239+0000] {processor.py:758} INFO - Processing file /home/airflow/.local/lib/python3.7/site-packages/airflow/example_dags/example_latest_only.py for tasks to queue
[2022-09-21T20:21:35.240+0000] {logging_mixin.py:117} INFO - [2022-09-21T20:21:35.240+0000] {dagbag.py:525} INFO - Filling up the DagBag from /home/airflow/.local/lib/python3.7/site-packages/airflow/example_dags/example_latest_only.py
[2022-09-21T20:21:35.423+0000] {processor.py:768} INFO - DAG(s) dict_keys(['latest_only']) retrieved from /home/airflow/.local/lib/python3.7/site-packages/airflow/example_dags/example_latest_only.py
[2022-09-21T20:21:35.489+0000] {logging_mixin.py:117} INFO - [2022-09-21T20:21:35.488+0000] {dag.py:2573} INFO - Sync 1 DAGs
[2022-09-21T20:21:35.534+0000] {logging_mixin.py:117} INFO - [2022-09-21T20:21:35.534+0000] {dag.py:3328} INFO - Setting next_dagrun for latest_only to 2022-09-21T16:21:35.533864+00:00, run_after=2022-09-21T20:21:35.533864+00:00
[2022-09-21T20:21:35.564+0000] {processor.py:178} INFO - Processing /home/airflow/.local/lib/python3.7/site-packages/airflow/example_dags/example_latest_only.py took 0.331 seconds
[2022-09-21T20:22:05.685+0000] {processor.py:156} INFO - Started process (PID=262) to work on /home/airflow/.local/lib/python3.7/site-packages/airflow/example_dags/example_latest_only.py
[2022-09-21T20:22:05.685+0000] {processor.py:758} INFO - Processing file /home/airflow/.local/lib/python3.7/site-packages/airflow/example_dags/example_latest_only.py for tasks to queue
[2022-09-21T20:22:05.686+0000] {logging_mixin.py:117} INFO - [2022-09-21T20:22:05.686+0000] {dagbag.py:525} INFO - Filling up the DagBag from /home/airflow/.local/lib/python3.7/site-packages/airflow/example_dags/example_latest_only.py
[2022-09-21T20:22:05.703+0000] {processor.py:768} INFO - DAG(s) dict_keys(['latest_only']) retrieved from /home/airflow/.local/lib/python3.7/site-packages/airflow/example_dags/example_latest_only.py
[2022-09-21T20:22:05.751+0000] {logging_mixin.py:117} INFO - [2022-09-21T20:22:05.751+0000] {dag.py:2573} INFO - Sync 1 DAGs
[2022-09-21T20:22:05.789+0000] {logging_mixin.py:117} INFO - [2022-09-21T20:22:05.788+0000] {dag.py:3328} INFO - Setting next_dagrun for latest_only to 2022-09-21T16:22:05.788648+00:00, run_after=2022-09-21T20:22:05.788648+00:00
[2022-09-21T20:22:05.812+0000] {processor.py:178} INFO - Processing /home/airflow/.local/lib/python3.7/site-packages/airflow/example_dags/example_latest_only.py took 0.131 seconds
[2022-09-21T20:22:36.735+0000] {processor.py:156} INFO - Started process (PID=318) to work on /home/airflow/.local/lib/python3.7/site-packages/airflow/example_dags/example_latest_only.py
[2022-09-21T20:22:36.739+0000] {processor.py:758} INFO - Processing file /home/airflow/.local/lib/python3.7/site-packages/airflow/example_dags/example_latest_only.py for tasks to queue
[2022-09-21T20:22:36.739+0000] {logging_mixin.py:117} INFO - [2022-09-21T20:22:36.739+0000] {dagbag.py:525} INFO - Filling up the DagBag from /home/airflow/.local/lib/python3.7/site-packages/airflow/example_dags/example_latest_only.py
[2022-09-21T20:22:36.760+0000] {processor.py:768} INFO - DAG(s) dict_keys(['latest_only']) retrieved from /home/airflow/.local/lib/python3.7/site-packages/airflow/example_dags/example_latest_only.py
[2022-09-21T20:22:36.919+0000] {logging_mixin.py:117} INFO - [2022-09-21T20:22:36.919+0000] {dag.py:2573} INFO - Sync 1 DAGs
[2022-09-21T20:22:36.952+0000] {logging_mixin.py:117} INFO - [2022-09-21T20:22:36.952+0000] {dag.py:3328} INFO - Setting next_dagrun for latest_only to 2022-09-21T16:22:36.952441+00:00, run_after=2022-09-21T20:22:36.952441+00:00
[2022-09-21T20:22:36.986+0000] {processor.py:178} INFO - Processing /home/airflow/.local/lib/python3.7/site-packages/airflow/example_dags/example_latest_only.py took 0.255 seconds
[2022-09-21T20:23:07.175+0000] {processor.py:156} INFO - Started process (PID=382) to work on /home/airflow/.local/lib/python3.7/site-packages/airflow/example_dags/example_latest_only.py
[2022-09-21T20:23:07.176+0000] {processor.py:758} INFO - Processing file /home/airflow/.local/lib/python3.7/site-packages/airflow/example_dags/example_latest_only.py for tasks to queue
[2022-09-21T20:23:07.177+0000] {logging_mixin.py:117} INFO - [2022-09-21T20:23:07.176+0000] {dagbag.py:525} INFO - Filling up the DagBag from /home/airflow/.local/lib/python3.7/site-packages/airflow/example_dags/example_latest_only.py
[2022-09-21T20:23:07.188+0000] {processor.py:768} INFO - DAG(s) dict_keys(['latest_only']) retrieved from /home/airflow/.local/lib/python3.7/site-packages/airflow/example_dags/example_latest_only.py
[2022-09-21T20:23:07.228+0000] {logging_mixin.py:117} INFO - [2022-09-21T20:23:07.228+0000] {dag.py:2573} INFO - Sync 1 DAGs
[2022-09-21T20:23:07.256+0000] {logging_mixin.py:117} INFO - [2022-09-21T20:23:07.256+0000] {dag.py:3328} INFO - Setting next_dagrun for latest_only to 2022-09-21T16:23:07.256545+00:00, run_after=2022-09-21T20:23:07.256545+00:00
[2022-09-21T20:23:07.277+0000] {processor.py:178} INFO - Processing /home/airflow/.local/lib/python3.7/site-packages/airflow/example_dags/example_latest_only.py took 0.105 seconds
[2022-09-21T20:23:37.952+0000] {processor.py:156} INFO - Started process (PID=437) to work on /home/airflow/.local/lib/python3.7/site-packages/airflow/example_dags/example_latest_only.py
[2022-09-21T20:23:37.953+0000] {processor.py:758} INFO - Processing file /home/airflow/.local/lib/python3.7/site-packages/airflow/example_dags/example_latest_only.py for tasks to queue
[2022-09-21T20:23:37.954+0000] {logging_mixin.py:117} INFO - [2022-09-21T20:23:37.954+0000] {dagbag.py:525} INFO - Filling up the DagBag from /home/airflow/.local/lib/python3.7/site-packages/airflow/example_dags/example_latest_only.py
[2022-09-21T20:23:37.970+0000] {processor.py:768} INFO - DAG(s) dict_keys(['latest_only']) retrieved from /home/airflow/.local/lib/python3.7/site-packages/airflow/example_dags/example_latest_only.py
[2022-09-21T20:23:38.008+0000] {logging_mixin.py:117} INFO - [2022-09-21T20:23:38.008+0000] {dag.py:2573} INFO - Sync 1 DAGs
[2022-09-21T20:23:38.045+0000] {logging_mixin.py:117} INFO - [2022-09-21T20:23:38.045+0000] {dag.py:3328} INFO - Setting next_dagrun for latest_only to 2022-09-21T16:23:38.045257+00:00, run_after=2022-09-21T20:23:38.045257+00:00
[2022-09-21T20:23:38.073+0000] {processor.py:178} INFO - Processing /home/airflow/.local/lib/python3.7/site-packages/airflow/example_dags/example_latest_only.py took 0.124 seconds
[2022-09-21T20:24:08.105+0000] {processor.py:156} INFO - Started process (PID=500) to work on /home/airflow/.local/lib/python3.7/site-packages/airflow/example_dags/example_latest_only.py
[2022-09-21T20:24:08.105+0000] {processor.py:758} INFO - Processing file /home/airflow/.local/lib/python3.7/site-packages/airflow/example_dags/example_latest_only.py for tasks to queue
[2022-09-21T20:24:08.106+0000] {logging_mixin.py:117} INFO - [2022-09-21T20:24:08.106+0000] {dagbag.py:525} INFO - Filling up the DagBag from /home/airflow/.local/lib/python3.7/site-packages/airflow/example_dags/example_latest_only.py
[2022-09-21T20:24:08.119+0000] {processor.py:768} INFO - DAG(s) dict_keys(['latest_only']) retrieved from /home/airflow/.local/lib/python3.7/site-packages/airflow/example_dags/example_latest_only.py
[2022-09-21T20:24:08.164+0000] {logging_mixin.py:117} INFO - [2022-09-21T20:24:08.164+0000] {dag.py:2573} INFO - Sync 1 DAGs
[2022-09-21T20:24:08.200+0000] {logging_mixin.py:117} INFO - [2022-09-21T20:24:08.199+0000] {dag.py:3328} INFO - Setting next_dagrun for latest_only to 2022-09-21T16:24:08.199667+00:00, run_after=2022-09-21T20:24:08.199667+00:00
[2022-09-21T20:24:08.238+0000] {processor.py:178} INFO - Processing /home/airflow/.local/lib/python3.7/site-packages/airflow/example_dags/example_latest_only.py took 0.135 seconds
[2022-09-21T20:24:38.533+0000] {processor.py:156} INFO - Started process (PID=555) to work on /home/airflow/.local/lib/python3.7/site-packages/airflow/example_dags/example_latest_only.py
[2022-09-21T20:24:38.534+0000] {processor.py:758} INFO - Processing file /home/airflow/.local/lib/python3.7/site-packages/airflow/example_dags/example_latest_only.py for tasks to queue
[2022-09-21T20:24:38.534+0000] {logging_mixin.py:117} INFO - [2022-09-21T20:24:38.534+0000] {dagbag.py:525} INFO - Filling up the DagBag from /home/airflow/.local/lib/python3.7/site-packages/airflow/example_dags/example_latest_only.py
[2022-09-21T20:24:38.546+0000] {processor.py:768} INFO - DAG(s) dict_keys(['latest_only']) retrieved from /home/airflow/.local/lib/python3.7/site-packages/airflow/example_dags/example_latest_only.py
[2022-09-21T20:24:38.582+0000] {logging_mixin.py:117} INFO - [2022-09-21T20:24:38.581+0000] {dag.py:2573} INFO - Sync 1 DAGs
[2022-09-21T20:24:38.606+0000] {logging_mixin.py:117} INFO - [2022-09-21T20:24:38.606+0000] {dag.py:3328} INFO - Setting next_dagrun for latest_only to 2022-09-21T16:24:38.606567+00:00, run_after=2022-09-21T20:24:38.606567+00:00
[2022-09-21T20:24:38.625+0000] {processor.py:178} INFO - Processing /home/airflow/.local/lib/python3.7/site-packages/airflow/example_dags/example_latest_only.py took 0.094 seconds
[2022-09-21T20:25:09.275+0000] {processor.py:156} INFO - Started process (PID=619) to work on /home/airflow/.local/lib/python3.7/site-packages/airflow/example_dags/example_latest_only.py
[2022-09-21T20:25:09.276+0000] {processor.py:758} INFO - Processing file /home/airflow/.local/lib/python3.7/site-packages/airflow/example_dags/example_latest_only.py for tasks to queue
[2022-09-21T20:25:09.277+0000] {logging_mixin.py:117} INFO - [2022-09-21T20:25:09.277+0000] {dagbag.py:525} INFO - Filling up the DagBag from /home/airflow/.local/lib/python3.7/site-packages/airflow/example_dags/example_latest_only.py
[2022-09-21T20:25:09.294+0000] {processor.py:768} INFO - DAG(s) dict_keys(['latest_only']) retrieved from /home/airflow/.local/lib/python3.7/site-packages/airflow/example_dags/example_latest_only.py
[2022-09-21T20:25:09.330+0000] {logging_mixin.py:117} INFO - [2022-09-21T20:25:09.330+0000] {dag.py:2573} INFO - Sync 1 DAGs
[2022-09-21T20:25:09.374+0000] {logging_mixin.py:117} INFO - [2022-09-21T20:25:09.374+0000] {dag.py:3328} INFO - Setting next_dagrun for latest_only to 2022-09-21T16:25:09.374281+00:00, run_after=2022-09-21T20:25:09.374281+00:00
[2022-09-21T20:25:09.410+0000] {processor.py:178} INFO - Processing /home/airflow/.local/lib/python3.7/site-packages/airflow/example_dags/example_latest_only.py took 0.139 seconds
[2022-09-21T20:25:40.271+0000] {processor.py:156} INFO - Started process (PID=683) to work on /home/airflow/.local/lib/python3.7/site-packages/airflow/example_dags/example_latest_only.py
[2022-09-21T20:25:40.271+0000] {processor.py:758} INFO - Processing file /home/airflow/.local/lib/python3.7/site-packages/airflow/example_dags/example_latest_only.py for tasks to queue
[2022-09-21T20:25:40.272+0000] {logging_mixin.py:117} INFO - [2022-09-21T20:25:40.272+0000] {dagbag.py:525} INFO - Filling up the DagBag from /home/airflow/.local/lib/python3.7/site-packages/airflow/example_dags/example_latest_only.py
[2022-09-21T20:25:40.284+0000] {processor.py:768} INFO - DAG(s) dict_keys(['latest_only']) retrieved from /home/airflow/.local/lib/python3.7/site-packages/airflow/example_dags/example_latest_only.py
[2022-09-21T20:25:40.322+0000] {logging_mixin.py:117} INFO - [2022-09-21T20:25:40.321+0000] {dag.py:2573} INFO - Sync 1 DAGs
[2022-09-21T20:25:40.349+0000] {logging_mixin.py:117} INFO - [2022-09-21T20:25:40.349+0000] {dag.py:3328} INFO - Setting next_dagrun for latest_only to 2022-09-21T16:25:40.349421+00:00, run_after=2022-09-21T20:25:40.349421+00:00
[2022-09-21T20:25:40.370+0000] {processor.py:178} INFO - Processing /home/airflow/.local/lib/python3.7/site-packages/airflow/example_dags/example_latest_only.py took 0.102 seconds
[2022-09-21T20:26:10.477+0000] {processor.py:156} INFO - Started process (PID=737) to work on /home/airflow/.local/lib/python3.7/site-packages/airflow/example_dags/example_latest_only.py
[2022-09-21T20:26:10.478+0000] {processor.py:758} INFO - Processing file /home/airflow/.local/lib/python3.7/site-packages/airflow/example_dags/example_latest_only.py for tasks to queue
[2022-09-21T20:26:10.479+0000] {logging_mixin.py:117} INFO - [2022-09-21T20:26:10.479+0000] {dagbag.py:525} INFO - Filling up the DagBag from /home/airflow/.local/lib/python3.7/site-packages/airflow/example_dags/example_latest_only.py
[2022-09-21T20:26:10.494+0000] {processor.py:768} INFO - DAG(s) dict_keys(['latest_only']) retrieved from /home/airflow/.local/lib/python3.7/site-packages/airflow/example_dags/example_latest_only.py
[2022-09-21T20:26:10.527+0000] {logging_mixin.py:117} INFO - [2022-09-21T20:26:10.527+0000] {dag.py:2573} INFO - Sync 1 DAGs
[2022-09-21T20:26:10.549+0000] {logging_mixin.py:117} INFO - [2022-09-21T20:26:10.549+0000] {dag.py:3328} INFO - Setting next_dagrun for latest_only to 2022-09-21T16:26:10.549272+00:00, run_after=2022-09-21T20:26:10.549272+00:00
[2022-09-21T20:26:10.566+0000] {processor.py:178} INFO - Processing /home/airflow/.local/lib/python3.7/site-packages/airflow/example_dags/example_latest_only.py took 0.092 seconds
[2022-09-21T20:26:41.283+0000] {processor.py:156} INFO - Started process (PID=801) to work on /home/airflow/.local/lib/python3.7/site-packages/airflow/example_dags/example_latest_only.py
[2022-09-21T20:26:41.285+0000] {processor.py:758} INFO - Processing file /home/airflow/.local/lib/python3.7/site-packages/airflow/example_dags/example_latest_only.py for tasks to queue
[2022-09-21T20:26:41.286+0000] {logging_mixin.py:117} INFO - [2022-09-21T20:26:41.286+0000] {dagbag.py:525} INFO - Filling up the DagBag from /home/airflow/.local/lib/python3.7/site-packages/airflow/example_dags/example_latest_only.py
[2022-09-21T20:26:41.305+0000] {processor.py:768} INFO - DAG(s) dict_keys(['latest_only']) retrieved from /home/airflow/.local/lib/python3.7/site-packages/airflow/example_dags/example_latest_only.py
[2022-09-21T20:26:41.365+0000] {logging_mixin.py:117} INFO - [2022-09-21T20:26:41.365+0000] {dag.py:2573} INFO - Sync 1 DAGs
[2022-09-21T20:26:41.423+0000] {logging_mixin.py:117} INFO - [2022-09-21T20:26:41.423+0000] {dag.py:3328} INFO - Setting next_dagrun for latest_only to 2022-09-21T16:26:41.423235+00:00, run_after=2022-09-21T20:26:41.423235+00:00
[2022-09-21T20:26:41.454+0000] {processor.py:178} INFO - Processing /home/airflow/.local/lib/python3.7/site-packages/airflow/example_dags/example_latest_only.py took 0.175 seconds
[2022-09-21T20:27:11.818+0000] {processor.py:156} INFO - Started process (PID=862) to work on /home/airflow/.local/lib/python3.7/site-packages/airflow/example_dags/example_latest_only.py
[2022-09-21T20:27:11.818+0000] {processor.py:758} INFO - Processing file /home/airflow/.local/lib/python3.7/site-packages/airflow/example_dags/example_latest_only.py for tasks to queue
[2022-09-21T20:27:11.819+0000] {logging_mixin.py:117} INFO - [2022-09-21T20:27:11.819+0000] {dagbag.py:525} INFO - Filling up the DagBag from /home/airflow/.local/lib/python3.7/site-packages/airflow/example_dags/example_latest_only.py
[2022-09-21T20:27:11.834+0000] {processor.py:768} INFO - DAG(s) dict_keys(['latest_only']) retrieved from /home/airflow/.local/lib/python3.7/site-packages/airflow/example_dags/example_latest_only.py
[2022-09-21T20:27:11.870+0000] {logging_mixin.py:117} INFO - [2022-09-21T20:27:11.870+0000] {dag.py:2573} INFO - Sync 1 DAGs
[2022-09-21T20:27:11.893+0000] {logging_mixin.py:117} INFO - [2022-09-21T20:27:11.893+0000] {dag.py:3328} INFO - Setting next_dagrun for latest_only to 2022-09-21T16:27:11.892900+00:00, run_after=2022-09-21T20:27:11.892900+00:00
[2022-09-21T20:27:11.912+0000] {processor.py:178} INFO - Processing /home/airflow/.local/lib/python3.7/site-packages/airflow/example_dags/example_latest_only.py took 0.097 seconds
[2022-09-21T20:27:42.234+0000] {processor.py:156} INFO - Started process (PID=920) to work on /home/airflow/.local/lib/python3.7/site-packages/airflow/example_dags/example_latest_only.py
[2022-09-21T20:27:42.235+0000] {processor.py:758} INFO - Processing file /home/airflow/.local/lib/python3.7/site-packages/airflow/example_dags/example_latest_only.py for tasks to queue
[2022-09-21T20:27:42.235+0000] {logging_mixin.py:117} INFO - [2022-09-21T20:27:42.235+0000] {dagbag.py:525} INFO - Filling up the DagBag from /home/airflow/.local/lib/python3.7/site-packages/airflow/example_dags/example_latest_only.py
[2022-09-21T20:27:42.251+0000] {processor.py:768} INFO - DAG(s) dict_keys(['latest_only']) retrieved from /home/airflow/.local/lib/python3.7/site-packages/airflow/example_dags/example_latest_only.py
[2022-09-21T20:27:42.290+0000] {logging_mixin.py:117} INFO - [2022-09-21T20:27:42.289+0000] {dag.py:2573} INFO - Sync 1 DAGs
[2022-09-21T20:27:42.321+0000] {logging_mixin.py:117} INFO - [2022-09-21T20:27:42.321+0000] {dag.py:3328} INFO - Setting next_dagrun for latest_only to 2022-09-21T16:27:42.321360+00:00, run_after=2022-09-21T20:27:42.321360+00:00
[2022-09-21T20:27:42.340+0000] {processor.py:178} INFO - Processing /home/airflow/.local/lib/python3.7/site-packages/airflow/example_dags/example_latest_only.py took 0.108 seconds
[2022-09-21T20:28:13.052+0000] {processor.py:156} INFO - Started process (PID=984) to work on /home/airflow/.local/lib/python3.7/site-packages/airflow/example_dags/example_latest_only.py
[2022-09-21T20:28:13.053+0000] {processor.py:758} INFO - Processing file /home/airflow/.local/lib/python3.7/site-packages/airflow/example_dags/example_latest_only.py for tasks to queue
[2022-09-21T20:28:13.055+0000] {logging_mixin.py:117} INFO - [2022-09-21T20:28:13.054+0000] {dagbag.py:525} INFO - Filling up the DagBag from /home/airflow/.local/lib/python3.7/site-packages/airflow/example_dags/example_latest_only.py
[2022-09-21T20:28:13.077+0000] {processor.py:768} INFO - DAG(s) dict_keys(['latest_only']) retrieved from /home/airflow/.local/lib/python3.7/site-packages/airflow/example_dags/example_latest_only.py
[2022-09-21T20:28:13.118+0000] {logging_mixin.py:117} INFO - [2022-09-21T20:28:13.118+0000] {dag.py:2573} INFO - Sync 1 DAGs
[2022-09-21T20:28:13.142+0000] {logging_mixin.py:117} INFO - [2022-09-21T20:28:13.141+0000] {dag.py:3328} INFO - Setting next_dagrun for latest_only to 2022-09-21T16:28:13.141781+00:00, run_after=2022-09-21T20:28:13.141781+00:00
[2022-09-21T20:28:13.159+0000] {processor.py:178} INFO - Processing /home/airflow/.local/lib/python3.7/site-packages/airflow/example_dags/example_latest_only.py took 0.112 seconds
[2022-09-21T20:28:43.729+0000] {processor.py:156} INFO - Started process (PID=1047) to work on /home/airflow/.local/lib/python3.7/site-packages/airflow/example_dags/example_latest_only.py
[2022-09-21T20:28:43.730+0000] {processor.py:758} INFO - Processing file /home/airflow/.local/lib/python3.7/site-packages/airflow/example_dags/example_latest_only.py for tasks to queue
[2022-09-21T20:28:43.730+0000] {logging_mixin.py:117} INFO - [2022-09-21T20:28:43.730+0000] {dagbag.py:525} INFO - Filling up the DagBag from /home/airflow/.local/lib/python3.7/site-packages/airflow/example_dags/example_latest_only.py
[2022-09-21T20:28:43.742+0000] {processor.py:768} INFO - DAG(s) dict_keys(['latest_only']) retrieved from /home/airflow/.local/lib/python3.7/site-packages/airflow/example_dags/example_latest_only.py
[2022-09-21T20:28:43.779+0000] {logging_mixin.py:117} INFO - [2022-09-21T20:28:43.779+0000] {dag.py:2573} INFO - Sync 1 DAGs
[2022-09-21T20:28:43.804+0000] {logging_mixin.py:117} INFO - [2022-09-21T20:28:43.804+0000] {dag.py:3328} INFO - Setting next_dagrun for latest_only to 2022-09-21T16:28:43.803876+00:00, run_after=2022-09-21T20:28:43.803876+00:00
[2022-09-21T20:28:43.825+0000] {processor.py:178} INFO - Processing /home/airflow/.local/lib/python3.7/site-packages/airflow/example_dags/example_latest_only.py took 0.099 seconds
[2022-09-21T20:29:14.170+0000] {processor.py:156} INFO - Started process (PID=1102) to work on /home/airflow/.local/lib/python3.7/site-packages/airflow/example_dags/example_latest_only.py
[2022-09-21T20:29:14.171+0000] {processor.py:758} INFO - Processing file /home/airflow/.local/lib/python3.7/site-packages/airflow/example_dags/example_latest_only.py for tasks to queue
[2022-09-21T20:29:14.172+0000] {logging_mixin.py:117} INFO - [2022-09-21T20:29:14.172+0000] {dagbag.py:525} INFO - Filling up the DagBag from /home/airflow/.local/lib/python3.7/site-packages/airflow/example_dags/example_latest_only.py
[2022-09-21T20:29:14.189+0000] {processor.py:768} INFO - DAG(s) dict_keys(['latest_only']) retrieved from /home/airflow/.local/lib/python3.7/site-packages/airflow/example_dags/example_latest_only.py
[2022-09-21T20:29:14.243+0000] {logging_mixin.py:117} INFO - [2022-09-21T20:29:14.243+0000] {dag.py:2573} INFO - Sync 1 DAGs
[2022-09-21T20:29:14.283+0000] {logging_mixin.py:117} INFO - [2022-09-21T20:29:14.283+0000] {dag.py:3328} INFO - Setting next_dagrun for latest_only to 2022-09-21T16:29:14.283224+00:00, run_after=2022-09-21T20:29:14.283224+00:00
[2022-09-21T20:29:14.310+0000] {processor.py:178} INFO - Processing /home/airflow/.local/lib/python3.7/site-packages/airflow/example_dags/example_latest_only.py took 0.145 seconds
[2022-09-21T20:29:44.871+0000] {processor.py:156} INFO - Started process (PID=1166) to work on /home/airflow/.local/lib/python3.7/site-packages/airflow/example_dags/example_latest_only.py
[2022-09-21T20:29:44.873+0000] {processor.py:758} INFO - Processing file /home/airflow/.local/lib/python3.7/site-packages/airflow/example_dags/example_latest_only.py for tasks to queue
[2022-09-21T20:29:44.875+0000] {logging_mixin.py:117} INFO - [2022-09-21T20:29:44.874+0000] {dagbag.py:525} INFO - Filling up the DagBag from /home/airflow/.local/lib/python3.7/site-packages/airflow/example_dags/example_latest_only.py
[2022-09-21T20:29:44.916+0000] {processor.py:768} INFO - DAG(s) dict_keys(['latest_only']) retrieved from /home/airflow/.local/lib/python3.7/site-packages/airflow/example_dags/example_latest_only.py
[2022-09-21T20:29:45.022+0000] {logging_mixin.py:117} INFO - [2022-09-21T20:29:45.022+0000] {dag.py:2573} INFO - Sync 1 DAGs
[2022-09-21T20:29:45.127+0000] {logging_mixin.py:117} INFO - [2022-09-21T20:29:45.126+0000] {dag.py:3328} INFO - Setting next_dagrun for latest_only to 2022-09-21T16:29:45.125895+00:00, run_after=2022-09-21T20:29:45.125895+00:00
[2022-09-21T20:29:45.219+0000] {processor.py:178} INFO - Processing /home/airflow/.local/lib/python3.7/site-packages/airflow/example_dags/example_latest_only.py took 0.357 seconds
[2022-09-21T20:30:16.170+0000] {processor.py:156} INFO - Started process (PID=1222) to work on /home/airflow/.local/lib/python3.7/site-packages/airflow/example_dags/example_latest_only.py
[2022-09-21T20:30:16.172+0000] {processor.py:758} INFO - Processing file /home/airflow/.local/lib/python3.7/site-packages/airflow/example_dags/example_latest_only.py for tasks to queue
[2022-09-21T20:30:16.176+0000] {logging_mixin.py:117} INFO - [2022-09-21T20:30:16.176+0000] {dagbag.py:525} INFO - Filling up the DagBag from /home/airflow/.local/lib/python3.7/site-packages/airflow/example_dags/example_latest_only.py
[2022-09-21T20:30:16.250+0000] {processor.py:768} INFO - DAG(s) dict_keys(['latest_only']) retrieved from /home/airflow/.local/lib/python3.7/site-packages/airflow/example_dags/example_latest_only.py
[2022-09-21T20:30:16.563+0000] {logging_mixin.py:117} INFO - [2022-09-21T20:30:16.562+0000] {dag.py:2573} INFO - Sync 1 DAGs
[2022-09-21T20:30:16.837+0000] {logging_mixin.py:117} INFO - [2022-09-21T20:30:16.836+0000] {dag.py:3328} INFO - Setting next_dagrun for latest_only to 2022-09-21T16:30:16.836044+00:00, run_after=2022-09-21T20:30:16.836044+00:00
[2022-09-21T20:30:16.996+0000] {processor.py:178} INFO - Processing /home/airflow/.local/lib/python3.7/site-packages/airflow/example_dags/example_latest_only.py took 0.836 seconds
[2022-09-21T20:30:47.907+0000] {processor.py:156} INFO - Started process (PID=1279) to work on /home/airflow/.local/lib/python3.7/site-packages/airflow/example_dags/example_latest_only.py
[2022-09-21T20:30:47.911+0000] {processor.py:758} INFO - Processing file /home/airflow/.local/lib/python3.7/site-packages/airflow/example_dags/example_latest_only.py for tasks to queue
[2022-09-21T20:30:47.912+0000] {logging_mixin.py:117} INFO - [2022-09-21T20:30:47.912+0000] {dagbag.py:525} INFO - Filling up the DagBag from /home/airflow/.local/lib/python3.7/site-packages/airflow/example_dags/example_latest_only.py
[2022-09-21T20:30:47.935+0000] {processor.py:768} INFO - DAG(s) dict_keys(['latest_only']) retrieved from /home/airflow/.local/lib/python3.7/site-packages/airflow/example_dags/example_latest_only.py
[2022-09-21T20:30:47.984+0000] {logging_mixin.py:117} INFO - [2022-09-21T20:30:47.984+0000] {dag.py:2573} INFO - Sync 1 DAGs
[2022-09-21T20:30:48.018+0000] {logging_mixin.py:117} INFO - [2022-09-21T20:30:48.017+0000] {dag.py:3328} INFO - Setting next_dagrun for latest_only to 2022-09-21T16:30:48.017554+00:00, run_after=2022-09-21T20:30:48.017554+00:00
[2022-09-21T20:30:48.052+0000] {processor.py:178} INFO - Processing /home/airflow/.local/lib/python3.7/site-packages/airflow/example_dags/example_latest_only.py took 0.150 seconds
[2022-09-21T20:31:18.562+0000] {processor.py:156} INFO - Started process (PID=1342) to work on /home/airflow/.local/lib/python3.7/site-packages/airflow/example_dags/example_latest_only.py
[2022-09-21T20:31:18.565+0000] {processor.py:758} INFO - Processing file /home/airflow/.local/lib/python3.7/site-packages/airflow/example_dags/example_latest_only.py for tasks to queue
[2022-09-21T20:31:18.566+0000] {logging_mixin.py:117} INFO - [2022-09-21T20:31:18.566+0000] {dagbag.py:525} INFO - Filling up the DagBag from /home/airflow/.local/lib/python3.7/site-packages/airflow/example_dags/example_latest_only.py
[2022-09-21T20:31:18.581+0000] {processor.py:768} INFO - DAG(s) dict_keys(['latest_only']) retrieved from /home/airflow/.local/lib/python3.7/site-packages/airflow/example_dags/example_latest_only.py
[2022-09-21T20:31:18.620+0000] {logging_mixin.py:117} INFO - [2022-09-21T20:31:18.620+0000] {dag.py:2573} INFO - Sync 1 DAGs
[2022-09-21T20:31:18.648+0000] {logging_mixin.py:117} INFO - [2022-09-21T20:31:18.648+0000] {dag.py:3328} INFO - Setting next_dagrun for latest_only to 2022-09-21T16:31:18.647929+00:00, run_after=2022-09-21T20:31:18.647929+00:00
[2022-09-21T20:31:18.668+0000] {processor.py:178} INFO - Processing /home/airflow/.local/lib/python3.7/site-packages/airflow/example_dags/example_latest_only.py took 0.109 seconds
[2022-09-21T20:31:49.581+0000] {processor.py:156} INFO - Started process (PID=1398) to work on /home/airflow/.local/lib/python3.7/site-packages/airflow/example_dags/example_latest_only.py
[2022-09-21T20:31:49.582+0000] {processor.py:758} INFO - Processing file /home/airflow/.local/lib/python3.7/site-packages/airflow/example_dags/example_latest_only.py for tasks to queue
[2022-09-21T20:31:49.583+0000] {logging_mixin.py:117} INFO - [2022-09-21T20:31:49.582+0000] {dagbag.py:525} INFO - Filling up the DagBag from /home/airflow/.local/lib/python3.7/site-packages/airflow/example_dags/example_latest_only.py
[2022-09-21T20:31:49.603+0000] {processor.py:768} INFO - DAG(s) dict_keys(['latest_only']) retrieved from /home/airflow/.local/lib/python3.7/site-packages/airflow/example_dags/example_latest_only.py
[2022-09-21T20:31:49.659+0000] {logging_mixin.py:117} INFO - [2022-09-21T20:31:49.658+0000] {dag.py:2573} INFO - Sync 1 DAGs
[2022-09-21T20:31:49.701+0000] {logging_mixin.py:117} INFO - [2022-09-21T20:31:49.701+0000] {dag.py:3328} INFO - Setting next_dagrun for latest_only to 2022-09-21T16:31:49.700798+00:00, run_after=2022-09-21T20:31:49.700798+00:00
[2022-09-21T20:31:49.739+0000] {processor.py:178} INFO - Processing /home/airflow/.local/lib/python3.7/site-packages/airflow/example_dags/example_latest_only.py took 0.163 seconds
[2022-09-21T20:32:20.237+0000] {processor.py:156} INFO - Started process (PID=1462) to work on /home/airflow/.local/lib/python3.7/site-packages/airflow/example_dags/example_latest_only.py
[2022-09-21T20:32:20.238+0000] {processor.py:758} INFO - Processing file /home/airflow/.local/lib/python3.7/site-packages/airflow/example_dags/example_latest_only.py for tasks to queue
[2022-09-21T20:32:20.238+0000] {logging_mixin.py:117} INFO - [2022-09-21T20:32:20.238+0000] {dagbag.py:525} INFO - Filling up the DagBag from /home/airflow/.local/lib/python3.7/site-packages/airflow/example_dags/example_latest_only.py
[2022-09-21T20:32:20.251+0000] {processor.py:768} INFO - DAG(s) dict_keys(['latest_only']) retrieved from /home/airflow/.local/lib/python3.7/site-packages/airflow/example_dags/example_latest_only.py
[2022-09-21T20:32:20.285+0000] {logging_mixin.py:117} INFO - [2022-09-21T20:32:20.285+0000] {dag.py:2573} INFO - Sync 1 DAGs
[2022-09-21T20:32:20.318+0000] {logging_mixin.py:117} INFO - [2022-09-21T20:32:20.318+0000] {dag.py:3328} INFO - Setting next_dagrun for latest_only to 2022-09-21T16:32:20.317877+00:00, run_after=2022-09-21T20:32:20.317877+00:00
[2022-09-21T20:32:20.338+0000] {processor.py:178} INFO - Processing /home/airflow/.local/lib/python3.7/site-packages/airflow/example_dags/example_latest_only.py took 0.103 seconds
[2022-09-21T20:32:50.425+0000] {processor.py:156} INFO - Started process (PID=1527) to work on /home/airflow/.local/lib/python3.7/site-packages/airflow/example_dags/example_latest_only.py
[2022-09-21T20:32:50.426+0000] {processor.py:758} INFO - Processing file /home/airflow/.local/lib/python3.7/site-packages/airflow/example_dags/example_latest_only.py for tasks to queue
[2022-09-21T20:32:50.428+0000] {logging_mixin.py:117} INFO - [2022-09-21T20:32:50.427+0000] {dagbag.py:525} INFO - Filling up the DagBag from /home/airflow/.local/lib/python3.7/site-packages/airflow/example_dags/example_latest_only.py
[2022-09-21T20:32:50.455+0000] {processor.py:768} INFO - DAG(s) dict_keys(['latest_only']) retrieved from /home/airflow/.local/lib/python3.7/site-packages/airflow/example_dags/example_latest_only.py
[2022-09-21T20:32:50.529+0000] {logging_mixin.py:117} INFO - [2022-09-21T20:32:50.529+0000] {dag.py:2573} INFO - Sync 1 DAGs
[2022-09-21T20:32:50.577+0000] {logging_mixin.py:117} INFO - [2022-09-21T20:32:50.576+0000] {dag.py:3328} INFO - Setting next_dagrun for latest_only to 2022-09-21T16:32:50.576285+00:00, run_after=2022-09-21T20:32:50.576285+00:00
[2022-09-21T20:32:50.612+0000] {processor.py:178} INFO - Processing /home/airflow/.local/lib/python3.7/site-packages/airflow/example_dags/example_latest_only.py took 0.193 seconds
[2022-09-21T20:33:22.551+0000] {processor.py:156} INFO - Started process (PID=1580) to work on /home/airflow/.local/lib/python3.7/site-packages/airflow/example_dags/example_latest_only.py
[2022-09-21T20:33:22.587+0000] {processor.py:758} INFO - Processing file /home/airflow/.local/lib/python3.7/site-packages/airflow/example_dags/example_latest_only.py for tasks to queue
[2022-09-21T20:33:22.590+0000] {logging_mixin.py:117} INFO - [2022-09-21T20:33:22.589+0000] {dagbag.py:525} INFO - Filling up the DagBag from /home/airflow/.local/lib/python3.7/site-packages/airflow/example_dags/example_latest_only.py
[2022-09-21T20:33:22.696+0000] {processor.py:768} INFO - DAG(s) dict_keys(['latest_only']) retrieved from /home/airflow/.local/lib/python3.7/site-packages/airflow/example_dags/example_latest_only.py
[2022-09-21T20:33:22.853+0000] {logging_mixin.py:117} INFO - [2022-09-21T20:33:22.852+0000] {dag.py:2573} INFO - Sync 1 DAGs
[2022-09-21T20:33:23.004+0000] {logging_mixin.py:117} INFO - [2022-09-21T20:33:23.004+0000] {dag.py:3328} INFO - Setting next_dagrun for latest_only to 2022-09-21T16:33:22.996511+00:00, run_after=2022-09-21T20:33:22.996511+00:00
[2022-09-21T20:33:23.179+0000] {processor.py:178} INFO - Processing /home/airflow/.local/lib/python3.7/site-packages/airflow/example_dags/example_latest_only.py took 0.657 seconds
[2022-09-21T20:33:53.870+0000] {processor.py:156} INFO - Started process (PID=1635) to work on /home/airflow/.local/lib/python3.7/site-packages/airflow/example_dags/example_latest_only.py
[2022-09-21T20:33:53.873+0000] {processor.py:758} INFO - Processing file /home/airflow/.local/lib/python3.7/site-packages/airflow/example_dags/example_latest_only.py for tasks to queue
[2022-09-21T20:33:53.874+0000] {logging_mixin.py:117} INFO - [2022-09-21T20:33:53.874+0000] {dagbag.py:525} INFO - Filling up the DagBag from /home/airflow/.local/lib/python3.7/site-packages/airflow/example_dags/example_latest_only.py
[2022-09-21T20:33:53.895+0000] {processor.py:768} INFO - DAG(s) dict_keys(['latest_only']) retrieved from /home/airflow/.local/lib/python3.7/site-packages/airflow/example_dags/example_latest_only.py
[2022-09-21T20:33:53.955+0000] {logging_mixin.py:117} INFO - [2022-09-21T20:33:53.955+0000] {dag.py:2573} INFO - Sync 1 DAGs
[2022-09-21T20:33:53.990+0000] {logging_mixin.py:117} INFO - [2022-09-21T20:33:53.990+0000] {dag.py:3328} INFO - Setting next_dagrun for latest_only to 2022-09-21T16:33:53.990106+00:00, run_after=2022-09-21T20:33:53.990106+00:00
[2022-09-21T20:33:54.019+0000] {processor.py:178} INFO - Processing /home/airflow/.local/lib/python3.7/site-packages/airflow/example_dags/example_latest_only.py took 0.153 seconds
[2022-09-21T20:34:24.377+0000] {processor.py:156} INFO - Started process (PID=1698) to work on /home/airflow/.local/lib/python3.7/site-packages/airflow/example_dags/example_latest_only.py
[2022-09-21T20:34:24.378+0000] {processor.py:758} INFO - Processing file /home/airflow/.local/lib/python3.7/site-packages/airflow/example_dags/example_latest_only.py for tasks to queue
[2022-09-21T20:34:24.379+0000] {logging_mixin.py:117} INFO - [2022-09-21T20:34:24.379+0000] {dagbag.py:525} INFO - Filling up the DagBag from /home/airflow/.local/lib/python3.7/site-packages/airflow/example_dags/example_latest_only.py
[2022-09-21T20:34:24.404+0000] {processor.py:768} INFO - DAG(s) dict_keys(['latest_only']) retrieved from /home/airflow/.local/lib/python3.7/site-packages/airflow/example_dags/example_latest_only.py
[2022-09-21T20:34:24.486+0000] {logging_mixin.py:117} INFO - [2022-09-21T20:34:24.486+0000] {dag.py:2573} INFO - Sync 1 DAGs
[2022-09-21T20:34:24.548+0000] {logging_mixin.py:117} INFO - [2022-09-21T20:34:24.548+0000] {dag.py:3328} INFO - Setting next_dagrun for latest_only to 2022-09-21T16:34:24.547722+00:00, run_after=2022-09-21T20:34:24.547722+00:00
[2022-09-21T20:34:24.598+0000] {processor.py:178} INFO - Processing /home/airflow/.local/lib/python3.7/site-packages/airflow/example_dags/example_latest_only.py took 0.228 seconds
[2022-09-21T20:34:55.359+0000] {processor.py:156} INFO - Started process (PID=1753) to work on /home/airflow/.local/lib/python3.7/site-packages/airflow/example_dags/example_latest_only.py
[2022-09-21T20:34:55.362+0000] {processor.py:758} INFO - Processing file /home/airflow/.local/lib/python3.7/site-packages/airflow/example_dags/example_latest_only.py for tasks to queue
[2022-09-21T20:34:55.363+0000] {logging_mixin.py:117} INFO - [2022-09-21T20:34:55.362+0000] {dagbag.py:525} INFO - Filling up the DagBag from /home/airflow/.local/lib/python3.7/site-packages/airflow/example_dags/example_latest_only.py
[2022-09-21T20:34:55.376+0000] {processor.py:768} INFO - DAG(s) dict_keys(['latest_only']) retrieved from /home/airflow/.local/lib/python3.7/site-packages/airflow/example_dags/example_latest_only.py
[2022-09-21T20:34:55.423+0000] {logging_mixin.py:117} INFO - [2022-09-21T20:34:55.423+0000] {dag.py:2573} INFO - Sync 1 DAGs
[2022-09-21T20:34:55.454+0000] {logging_mixin.py:117} INFO - [2022-09-21T20:34:55.454+0000] {dag.py:3328} INFO - Setting next_dagrun for latest_only to 2022-09-21T16:34:55.454440+00:00, run_after=2022-09-21T20:34:55.454440+00:00
[2022-09-21T20:34:55.481+0000] {processor.py:178} INFO - Processing /home/airflow/.local/lib/python3.7/site-packages/airflow/example_dags/example_latest_only.py took 0.126 seconds
[2022-09-21T20:35:25.767+0000] {processor.py:156} INFO - Started process (PID=1818) to work on /home/airflow/.local/lib/python3.7/site-packages/airflow/example_dags/example_latest_only.py
[2022-09-21T20:35:25.768+0000] {processor.py:758} INFO - Processing file /home/airflow/.local/lib/python3.7/site-packages/airflow/example_dags/example_latest_only.py for tasks to queue
[2022-09-21T20:35:25.769+0000] {logging_mixin.py:117} INFO - [2022-09-21T20:35:25.769+0000] {dagbag.py:525} INFO - Filling up the DagBag from /home/airflow/.local/lib/python3.7/site-packages/airflow/example_dags/example_latest_only.py
[2022-09-21T20:35:25.797+0000] {processor.py:768} INFO - DAG(s) dict_keys(['latest_only']) retrieved from /home/airflow/.local/lib/python3.7/site-packages/airflow/example_dags/example_latest_only.py
[2022-09-21T20:35:25.879+0000] {logging_mixin.py:117} INFO - [2022-09-21T20:35:25.879+0000] {dag.py:2573} INFO - Sync 1 DAGs
[2022-09-21T20:35:25.949+0000] {logging_mixin.py:117} INFO - [2022-09-21T20:35:25.949+0000] {dag.py:3328} INFO - Setting next_dagrun for latest_only to 2022-09-21T16:35:25.948656+00:00, run_after=2022-09-21T20:35:25.948656+00:00
[2022-09-21T20:35:25.990+0000] {processor.py:178} INFO - Processing /home/airflow/.local/lib/python3.7/site-packages/airflow/example_dags/example_latest_only.py took 0.228 seconds
