[2022-09-21T20:16:38.189+0000] {processor.py:156} INFO - Started process (PID=55) to work on /home/airflow/.local/lib/python3.7/site-packages/airflow/example_dags/example_time_delta_sensor_async.py
[2022-09-21T20:16:38.190+0000] {processor.py:758} INFO - Processing file /home/airflow/.local/lib/python3.7/site-packages/airflow/example_dags/example_time_delta_sensor_async.py for tasks to queue
[2022-09-21T20:16:38.191+0000] {logging_mixin.py:117} INFO - [2022-09-21T20:16:38.191+0000] {dagbag.py:525} INFO - Filling up the DagBag from /home/airflow/.local/lib/python3.7/site-packages/airflow/example_dags/example_time_delta_sensor_async.py
[2022-09-21T20:16:38.248+0000] {processor.py:768} INFO - DAG(s) dict_keys(['example_time_delta_sensor_async']) retrieved from /home/airflow/.local/lib/python3.7/site-packages/airflow/example_dags/example_time_delta_sensor_async.py
[2022-09-21T20:16:38.887+0000] {logging_mixin.py:117} INFO - [2022-09-21T20:16:38.887+0000] {dag.py:2573} INFO - Sync 1 DAGs
[2022-09-21T20:16:38.986+0000] {logging_mixin.py:117} INFO - [2022-09-21T20:16:38.986+0000] {dag.py:3328} INFO - Setting next_dagrun for example_time_delta_sensor_async to None, run_after=None
[2022-09-21T20:16:39.080+0000] {processor.py:178} INFO - Processing /home/airflow/.local/lib/python3.7/site-packages/airflow/example_dags/example_time_delta_sensor_async.py took 0.899 seconds
[2022-09-21T20:20:22.253+0000] {processor.py:156} INFO - Started process (PID=53) to work on /home/airflow/.local/lib/python3.7/site-packages/airflow/example_dags/example_time_delta_sensor_async.py
[2022-09-21T20:20:22.265+0000] {processor.py:758} INFO - Processing file /home/airflow/.local/lib/python3.7/site-packages/airflow/example_dags/example_time_delta_sensor_async.py for tasks to queue
[2022-09-21T20:20:22.266+0000] {logging_mixin.py:117} INFO - [2022-09-21T20:20:22.266+0000] {dagbag.py:525} INFO - Filling up the DagBag from /home/airflow/.local/lib/python3.7/site-packages/airflow/example_dags/example_time_delta_sensor_async.py
[2022-09-21T20:20:22.312+0000] {processor.py:768} INFO - DAG(s) dict_keys(['example_time_delta_sensor_async']) retrieved from /home/airflow/.local/lib/python3.7/site-packages/airflow/example_dags/example_time_delta_sensor_async.py
[2022-09-21T20:20:23.035+0000] {logging_mixin.py:117} INFO - [2022-09-21T20:20:23.035+0000] {dag.py:2573} INFO - Sync 1 DAGs
[2022-09-21T20:20:23.086+0000] {logging_mixin.py:117} INFO - [2022-09-21T20:20:23.086+0000] {dag.py:3328} INFO - Setting next_dagrun for example_time_delta_sensor_async to None, run_after=None
[2022-09-21T20:20:23.128+0000] {processor.py:178} INFO - Processing /home/airflow/.local/lib/python3.7/site-packages/airflow/example_dags/example_time_delta_sensor_async.py took 0.886 seconds
[2022-09-21T20:20:53.306+0000] {processor.py:156} INFO - Started process (PID=108) to work on /home/airflow/.local/lib/python3.7/site-packages/airflow/example_dags/example_time_delta_sensor_async.py
[2022-09-21T20:20:53.313+0000] {processor.py:758} INFO - Processing file /home/airflow/.local/lib/python3.7/site-packages/airflow/example_dags/example_time_delta_sensor_async.py for tasks to queue
[2022-09-21T20:20:53.314+0000] {logging_mixin.py:117} INFO - [2022-09-21T20:20:53.313+0000] {dagbag.py:525} INFO - Filling up the DagBag from /home/airflow/.local/lib/python3.7/site-packages/airflow/example_dags/example_time_delta_sensor_async.py
[2022-09-21T20:20:53.345+0000] {processor.py:768} INFO - DAG(s) dict_keys(['example_time_delta_sensor_async']) retrieved from /home/airflow/.local/lib/python3.7/site-packages/airflow/example_dags/example_time_delta_sensor_async.py
[2022-09-21T20:20:54.040+0000] {logging_mixin.py:117} INFO - [2022-09-21T20:20:54.039+0000] {dag.py:2573} INFO - Sync 1 DAGs
[2022-09-21T20:20:54.085+0000] {logging_mixin.py:117} INFO - [2022-09-21T20:20:54.084+0000] {dag.py:3328} INFO - Setting next_dagrun for example_time_delta_sensor_async to None, run_after=None
[2022-09-21T20:20:54.123+0000] {processor.py:178} INFO - Processing /home/airflow/.local/lib/python3.7/site-packages/airflow/example_dags/example_time_delta_sensor_async.py took 0.822 seconds
[2022-09-21T20:21:24.207+0000] {processor.py:156} INFO - Started process (PID=165) to work on /home/airflow/.local/lib/python3.7/site-packages/airflow/example_dags/example_time_delta_sensor_async.py
[2022-09-21T20:21:24.208+0000] {processor.py:758} INFO - Processing file /home/airflow/.local/lib/python3.7/site-packages/airflow/example_dags/example_time_delta_sensor_async.py for tasks to queue
[2022-09-21T20:21:24.209+0000] {logging_mixin.py:117} INFO - [2022-09-21T20:21:24.209+0000] {dagbag.py:525} INFO - Filling up the DagBag from /home/airflow/.local/lib/python3.7/site-packages/airflow/example_dags/example_time_delta_sensor_async.py
[2022-09-21T20:21:24.231+0000] {processor.py:768} INFO - DAG(s) dict_keys(['example_time_delta_sensor_async']) retrieved from /home/airflow/.local/lib/python3.7/site-packages/airflow/example_dags/example_time_delta_sensor_async.py
[2022-09-21T20:21:24.660+0000] {logging_mixin.py:117} INFO - [2022-09-21T20:21:24.659+0000] {dag.py:2573} INFO - Sync 1 DAGs
[2022-09-21T20:21:24.694+0000] {logging_mixin.py:117} INFO - [2022-09-21T20:21:24.694+0000] {dag.py:3328} INFO - Setting next_dagrun for example_time_delta_sensor_async to None, run_after=None
[2022-09-21T20:21:24.714+0000] {processor.py:178} INFO - Processing /home/airflow/.local/lib/python3.7/site-packages/airflow/example_dags/example_time_delta_sensor_async.py took 0.512 seconds
[2022-09-21T20:21:55.020+0000] {processor.py:156} INFO - Started process (PID=227) to work on /home/airflow/.local/lib/python3.7/site-packages/airflow/example_dags/example_time_delta_sensor_async.py
[2022-09-21T20:21:55.021+0000] {processor.py:758} INFO - Processing file /home/airflow/.local/lib/python3.7/site-packages/airflow/example_dags/example_time_delta_sensor_async.py for tasks to queue
[2022-09-21T20:21:55.022+0000] {logging_mixin.py:117} INFO - [2022-09-21T20:21:55.022+0000] {dagbag.py:525} INFO - Filling up the DagBag from /home/airflow/.local/lib/python3.7/site-packages/airflow/example_dags/example_time_delta_sensor_async.py
[2022-09-21T20:21:55.212+0000] {processor.py:768} INFO - DAG(s) dict_keys(['example_time_delta_sensor_async']) retrieved from /home/airflow/.local/lib/python3.7/site-packages/airflow/example_dags/example_time_delta_sensor_async.py
[2022-09-21T20:21:55.245+0000] {logging_mixin.py:117} INFO - [2022-09-21T20:21:55.245+0000] {dag.py:2573} INFO - Sync 1 DAGs
[2022-09-21T20:21:55.291+0000] {logging_mixin.py:117} INFO - [2022-09-21T20:21:55.291+0000] {dag.py:3328} INFO - Setting next_dagrun for example_time_delta_sensor_async to None, run_after=None
[2022-09-21T20:21:55.322+0000] {processor.py:178} INFO - Processing /home/airflow/.local/lib/python3.7/site-packages/airflow/example_dags/example_time_delta_sensor_async.py took 0.306 seconds
[2022-09-21T20:22:25.603+0000] {processor.py:156} INFO - Started process (PID=282) to work on /home/airflow/.local/lib/python3.7/site-packages/airflow/example_dags/example_time_delta_sensor_async.py
[2022-09-21T20:22:25.604+0000] {processor.py:758} INFO - Processing file /home/airflow/.local/lib/python3.7/site-packages/airflow/example_dags/example_time_delta_sensor_async.py for tasks to queue
[2022-09-21T20:22:25.604+0000] {logging_mixin.py:117} INFO - [2022-09-21T20:22:25.604+0000] {dagbag.py:525} INFO - Filling up the DagBag from /home/airflow/.local/lib/python3.7/site-packages/airflow/example_dags/example_time_delta_sensor_async.py
[2022-09-21T20:22:25.619+0000] {processor.py:768} INFO - DAG(s) dict_keys(['example_time_delta_sensor_async']) retrieved from /home/airflow/.local/lib/python3.7/site-packages/airflow/example_dags/example_time_delta_sensor_async.py
[2022-09-21T20:22:25.843+0000] {logging_mixin.py:117} INFO - [2022-09-21T20:22:25.843+0000] {dag.py:2573} INFO - Sync 1 DAGs
[2022-09-21T20:22:25.870+0000] {logging_mixin.py:117} INFO - [2022-09-21T20:22:25.870+0000] {dag.py:3328} INFO - Setting next_dagrun for example_time_delta_sensor_async to None, run_after=None
[2022-09-21T20:22:25.889+0000] {processor.py:178} INFO - Processing /home/airflow/.local/lib/python3.7/site-packages/airflow/example_dags/example_time_delta_sensor_async.py took 0.289 seconds
[2022-09-21T20:22:56.547+0000] {processor.py:156} INFO - Started process (PID=346) to work on /home/airflow/.local/lib/python3.7/site-packages/airflow/example_dags/example_time_delta_sensor_async.py
[2022-09-21T20:22:56.548+0000] {processor.py:758} INFO - Processing file /home/airflow/.local/lib/python3.7/site-packages/airflow/example_dags/example_time_delta_sensor_async.py for tasks to queue
[2022-09-21T20:22:56.548+0000] {logging_mixin.py:117} INFO - [2022-09-21T20:22:56.548+0000] {dagbag.py:525} INFO - Filling up the DagBag from /home/airflow/.local/lib/python3.7/site-packages/airflow/example_dags/example_time_delta_sensor_async.py
[2022-09-21T20:22:56.560+0000] {processor.py:768} INFO - DAG(s) dict_keys(['example_time_delta_sensor_async']) retrieved from /home/airflow/.local/lib/python3.7/site-packages/airflow/example_dags/example_time_delta_sensor_async.py
[2022-09-21T20:22:56.584+0000] {logging_mixin.py:117} INFO - [2022-09-21T20:22:56.584+0000] {dag.py:2573} INFO - Sync 1 DAGs
[2022-09-21T20:22:56.609+0000] {logging_mixin.py:117} INFO - [2022-09-21T20:22:56.609+0000] {dag.py:3328} INFO - Setting next_dagrun for example_time_delta_sensor_async to None, run_after=None
[2022-09-21T20:22:56.629+0000] {processor.py:178} INFO - Processing /home/airflow/.local/lib/python3.7/site-packages/airflow/example_dags/example_time_delta_sensor_async.py took 0.084 seconds
[2022-09-21T20:23:27.338+0000] {processor.py:156} INFO - Started process (PID=407) to work on /home/airflow/.local/lib/python3.7/site-packages/airflow/example_dags/example_time_delta_sensor_async.py
[2022-09-21T20:23:27.339+0000] {processor.py:758} INFO - Processing file /home/airflow/.local/lib/python3.7/site-packages/airflow/example_dags/example_time_delta_sensor_async.py for tasks to queue
[2022-09-21T20:23:27.340+0000] {logging_mixin.py:117} INFO - [2022-09-21T20:23:27.339+0000] {dagbag.py:525} INFO - Filling up the DagBag from /home/airflow/.local/lib/python3.7/site-packages/airflow/example_dags/example_time_delta_sensor_async.py
[2022-09-21T20:23:27.362+0000] {processor.py:768} INFO - DAG(s) dict_keys(['example_time_delta_sensor_async']) retrieved from /home/airflow/.local/lib/python3.7/site-packages/airflow/example_dags/example_time_delta_sensor_async.py
[2022-09-21T20:23:27.813+0000] {logging_mixin.py:117} INFO - [2022-09-21T20:23:27.813+0000] {dag.py:2573} INFO - Sync 1 DAGs
[2022-09-21T20:23:27.889+0000] {logging_mixin.py:117} INFO - [2022-09-21T20:23:27.889+0000] {dag.py:3328} INFO - Setting next_dagrun for example_time_delta_sensor_async to None, run_after=None
[2022-09-21T20:23:27.947+0000] {processor.py:178} INFO - Processing /home/airflow/.local/lib/python3.7/site-packages/airflow/example_dags/example_time_delta_sensor_async.py took 0.614 seconds
[2022-09-21T20:23:57.993+0000] {processor.py:156} INFO - Started process (PID=465) to work on /home/airflow/.local/lib/python3.7/site-packages/airflow/example_dags/example_time_delta_sensor_async.py
[2022-09-21T20:23:57.994+0000] {processor.py:758} INFO - Processing file /home/airflow/.local/lib/python3.7/site-packages/airflow/example_dags/example_time_delta_sensor_async.py for tasks to queue
[2022-09-21T20:23:57.995+0000] {logging_mixin.py:117} INFO - [2022-09-21T20:23:57.994+0000] {dagbag.py:525} INFO - Filling up the DagBag from /home/airflow/.local/lib/python3.7/site-packages/airflow/example_dags/example_time_delta_sensor_async.py
[2022-09-21T20:23:58.011+0000] {processor.py:768} INFO - DAG(s) dict_keys(['example_time_delta_sensor_async']) retrieved from /home/airflow/.local/lib/python3.7/site-packages/airflow/example_dags/example_time_delta_sensor_async.py
[2022-09-21T20:23:58.304+0000] {logging_mixin.py:117} INFO - [2022-09-21T20:23:58.303+0000] {dag.py:2573} INFO - Sync 1 DAGs
[2022-09-21T20:23:58.346+0000] {logging_mixin.py:117} INFO - [2022-09-21T20:23:58.346+0000] {dag.py:3328} INFO - Setting next_dagrun for example_time_delta_sensor_async to None, run_after=None
[2022-09-21T20:23:58.381+0000] {processor.py:178} INFO - Processing /home/airflow/.local/lib/python3.7/site-packages/airflow/example_dags/example_time_delta_sensor_async.py took 0.394 seconds
[2022-09-21T20:24:28.526+0000] {processor.py:156} INFO - Started process (PID=530) to work on /home/airflow/.local/lib/python3.7/site-packages/airflow/example_dags/example_time_delta_sensor_async.py
[2022-09-21T20:24:28.527+0000] {processor.py:758} INFO - Processing file /home/airflow/.local/lib/python3.7/site-packages/airflow/example_dags/example_time_delta_sensor_async.py for tasks to queue
[2022-09-21T20:24:28.528+0000] {logging_mixin.py:117} INFO - [2022-09-21T20:24:28.527+0000] {dagbag.py:525} INFO - Filling up the DagBag from /home/airflow/.local/lib/python3.7/site-packages/airflow/example_dags/example_time_delta_sensor_async.py
[2022-09-21T20:24:28.547+0000] {processor.py:768} INFO - DAG(s) dict_keys(['example_time_delta_sensor_async']) retrieved from /home/airflow/.local/lib/python3.7/site-packages/airflow/example_dags/example_time_delta_sensor_async.py
[2022-09-21T20:24:28.937+0000] {logging_mixin.py:117} INFO - [2022-09-21T20:24:28.937+0000] {dag.py:2573} INFO - Sync 1 DAGs
[2022-09-21T20:24:28.984+0000] {logging_mixin.py:117} INFO - [2022-09-21T20:24:28.983+0000] {dag.py:3328} INFO - Setting next_dagrun for example_time_delta_sensor_async to None, run_after=None
[2022-09-21T20:24:29.017+0000] {processor.py:178} INFO - Processing /home/airflow/.local/lib/python3.7/site-packages/airflow/example_dags/example_time_delta_sensor_async.py took 0.496 seconds
[2022-09-21T20:24:59.081+0000] {processor.py:156} INFO - Started process (PID=586) to work on /home/airflow/.local/lib/python3.7/site-packages/airflow/example_dags/example_time_delta_sensor_async.py
[2022-09-21T20:24:59.082+0000] {processor.py:758} INFO - Processing file /home/airflow/.local/lib/python3.7/site-packages/airflow/example_dags/example_time_delta_sensor_async.py for tasks to queue
[2022-09-21T20:24:59.083+0000] {logging_mixin.py:117} INFO - [2022-09-21T20:24:59.083+0000] {dagbag.py:525} INFO - Filling up the DagBag from /home/airflow/.local/lib/python3.7/site-packages/airflow/example_dags/example_time_delta_sensor_async.py
[2022-09-21T20:24:59.097+0000] {processor.py:768} INFO - DAG(s) dict_keys(['example_time_delta_sensor_async']) retrieved from /home/airflow/.local/lib/python3.7/site-packages/airflow/example_dags/example_time_delta_sensor_async.py
[2022-09-21T20:24:59.125+0000] {logging_mixin.py:117} INFO - [2022-09-21T20:24:59.125+0000] {dag.py:2573} INFO - Sync 1 DAGs
[2022-09-21T20:24:59.164+0000] {logging_mixin.py:117} INFO - [2022-09-21T20:24:59.164+0000] {dag.py:3328} INFO - Setting next_dagrun for example_time_delta_sensor_async to None, run_after=None
[2022-09-21T20:24:59.188+0000] {processor.py:178} INFO - Processing /home/airflow/.local/lib/python3.7/site-packages/airflow/example_dags/example_time_delta_sensor_async.py took 0.111 seconds
[2022-09-21T20:25:29.460+0000] {processor.py:156} INFO - Started process (PID=649) to work on /home/airflow/.local/lib/python3.7/site-packages/airflow/example_dags/example_time_delta_sensor_async.py
[2022-09-21T20:25:29.461+0000] {processor.py:758} INFO - Processing file /home/airflow/.local/lib/python3.7/site-packages/airflow/example_dags/example_time_delta_sensor_async.py for tasks to queue
[2022-09-21T20:25:29.462+0000] {logging_mixin.py:117} INFO - [2022-09-21T20:25:29.462+0000] {dagbag.py:525} INFO - Filling up the DagBag from /home/airflow/.local/lib/python3.7/site-packages/airflow/example_dags/example_time_delta_sensor_async.py
[2022-09-21T20:25:29.476+0000] {processor.py:768} INFO - DAG(s) dict_keys(['example_time_delta_sensor_async']) retrieved from /home/airflow/.local/lib/python3.7/site-packages/airflow/example_dags/example_time_delta_sensor_async.py
[2022-09-21T20:25:29.745+0000] {logging_mixin.py:117} INFO - [2022-09-21T20:25:29.745+0000] {dag.py:2573} INFO - Sync 1 DAGs
[2022-09-21T20:25:29.785+0000] {logging_mixin.py:117} INFO - [2022-09-21T20:25:29.785+0000] {dag.py:3328} INFO - Setting next_dagrun for example_time_delta_sensor_async to None, run_after=None
[2022-09-21T20:25:29.814+0000] {processor.py:178} INFO - Processing /home/airflow/.local/lib/python3.7/site-packages/airflow/example_dags/example_time_delta_sensor_async.py took 0.358 seconds
[2022-09-21T20:25:59.959+0000] {processor.py:156} INFO - Started process (PID=704) to work on /home/airflow/.local/lib/python3.7/site-packages/airflow/example_dags/example_time_delta_sensor_async.py
[2022-09-21T20:25:59.959+0000] {processor.py:758} INFO - Processing file /home/airflow/.local/lib/python3.7/site-packages/airflow/example_dags/example_time_delta_sensor_async.py for tasks to queue
[2022-09-21T20:25:59.960+0000] {logging_mixin.py:117} INFO - [2022-09-21T20:25:59.960+0000] {dagbag.py:525} INFO - Filling up the DagBag from /home/airflow/.local/lib/python3.7/site-packages/airflow/example_dags/example_time_delta_sensor_async.py
[2022-09-21T20:25:59.971+0000] {processor.py:768} INFO - DAG(s) dict_keys(['example_time_delta_sensor_async']) retrieved from /home/airflow/.local/lib/python3.7/site-packages/airflow/example_dags/example_time_delta_sensor_async.py
[2022-09-21T20:26:00.160+0000] {logging_mixin.py:117} INFO - [2022-09-21T20:26:00.160+0000] {dag.py:2573} INFO - Sync 1 DAGs
[2022-09-21T20:26:00.183+0000] {logging_mixin.py:117} INFO - [2022-09-21T20:26:00.182+0000] {dag.py:3328} INFO - Setting next_dagrun for example_time_delta_sensor_async to None, run_after=None
[2022-09-21T20:26:00.202+0000] {processor.py:178} INFO - Processing /home/airflow/.local/lib/python3.7/site-packages/airflow/example_dags/example_time_delta_sensor_async.py took 0.246 seconds
[2022-09-21T20:26:30.285+0000] {processor.py:156} INFO - Started process (PID=767) to work on /home/airflow/.local/lib/python3.7/site-packages/airflow/example_dags/example_time_delta_sensor_async.py
[2022-09-21T20:26:30.285+0000] {processor.py:758} INFO - Processing file /home/airflow/.local/lib/python3.7/site-packages/airflow/example_dags/example_time_delta_sensor_async.py for tasks to queue
[2022-09-21T20:26:30.286+0000] {logging_mixin.py:117} INFO - [2022-09-21T20:26:30.286+0000] {dagbag.py:525} INFO - Filling up the DagBag from /home/airflow/.local/lib/python3.7/site-packages/airflow/example_dags/example_time_delta_sensor_async.py
[2022-09-21T20:26:30.302+0000] {processor.py:768} INFO - DAG(s) dict_keys(['example_time_delta_sensor_async']) retrieved from /home/airflow/.local/lib/python3.7/site-packages/airflow/example_dags/example_time_delta_sensor_async.py
[2022-09-21T20:26:30.606+0000] {logging_mixin.py:117} INFO - [2022-09-21T20:26:30.605+0000] {dag.py:2573} INFO - Sync 1 DAGs
[2022-09-21T20:26:30.638+0000] {logging_mixin.py:117} INFO - [2022-09-21T20:26:30.637+0000] {dag.py:3328} INFO - Setting next_dagrun for example_time_delta_sensor_async to None, run_after=None
[2022-09-21T20:26:30.662+0000] {processor.py:178} INFO - Processing /home/airflow/.local/lib/python3.7/site-packages/airflow/example_dags/example_time_delta_sensor_async.py took 0.382 seconds
[2022-09-21T20:27:01.406+0000] {processor.py:156} INFO - Started process (PID=831) to work on /home/airflow/.local/lib/python3.7/site-packages/airflow/example_dags/example_time_delta_sensor_async.py
[2022-09-21T20:27:01.407+0000] {processor.py:758} INFO - Processing file /home/airflow/.local/lib/python3.7/site-packages/airflow/example_dags/example_time_delta_sensor_async.py for tasks to queue
[2022-09-21T20:27:01.408+0000] {logging_mixin.py:117} INFO - [2022-09-21T20:27:01.407+0000] {dagbag.py:525} INFO - Filling up the DagBag from /home/airflow/.local/lib/python3.7/site-packages/airflow/example_dags/example_time_delta_sensor_async.py
[2022-09-21T20:27:01.420+0000] {processor.py:768} INFO - DAG(s) dict_keys(['example_time_delta_sensor_async']) retrieved from /home/airflow/.local/lib/python3.7/site-packages/airflow/example_dags/example_time_delta_sensor_async.py
[2022-09-21T20:27:01.614+0000] {logging_mixin.py:117} INFO - [2022-09-21T20:27:01.614+0000] {dag.py:2573} INFO - Sync 1 DAGs
[2022-09-21T20:27:01.637+0000] {logging_mixin.py:117} INFO - [2022-09-21T20:27:01.637+0000] {dag.py:3328} INFO - Setting next_dagrun for example_time_delta_sensor_async to None, run_after=None
[2022-09-21T20:27:01.664+0000] {processor.py:178} INFO - Processing /home/airflow/.local/lib/python3.7/site-packages/airflow/example_dags/example_time_delta_sensor_async.py took 0.260 seconds
[2022-09-21T20:27:31.787+0000] {processor.py:156} INFO - Started process (PID=887) to work on /home/airflow/.local/lib/python3.7/site-packages/airflow/example_dags/example_time_delta_sensor_async.py
[2022-09-21T20:27:31.787+0000] {processor.py:758} INFO - Processing file /home/airflow/.local/lib/python3.7/site-packages/airflow/example_dags/example_time_delta_sensor_async.py for tasks to queue
[2022-09-21T20:27:31.788+0000] {logging_mixin.py:117} INFO - [2022-09-21T20:27:31.788+0000] {dagbag.py:525} INFO - Filling up the DagBag from /home/airflow/.local/lib/python3.7/site-packages/airflow/example_dags/example_time_delta_sensor_async.py
[2022-09-21T20:27:31.803+0000] {processor.py:768} INFO - DAG(s) dict_keys(['example_time_delta_sensor_async']) retrieved from /home/airflow/.local/lib/python3.7/site-packages/airflow/example_dags/example_time_delta_sensor_async.py
[2022-09-21T20:27:32.017+0000] {logging_mixin.py:117} INFO - [2022-09-21T20:27:32.017+0000] {dag.py:2573} INFO - Sync 1 DAGs
[2022-09-21T20:27:32.040+0000] {logging_mixin.py:117} INFO - [2022-09-21T20:27:32.040+0000] {dag.py:3328} INFO - Setting next_dagrun for example_time_delta_sensor_async to None, run_after=None
[2022-09-21T20:27:32.057+0000] {processor.py:178} INFO - Processing /home/airflow/.local/lib/python3.7/site-packages/airflow/example_dags/example_time_delta_sensor_async.py took 0.274 seconds
[2022-09-21T20:28:02.222+0000] {processor.py:156} INFO - Started process (PID=952) to work on /home/airflow/.local/lib/python3.7/site-packages/airflow/example_dags/example_time_delta_sensor_async.py
[2022-09-21T20:28:02.223+0000] {processor.py:758} INFO - Processing file /home/airflow/.local/lib/python3.7/site-packages/airflow/example_dags/example_time_delta_sensor_async.py for tasks to queue
[2022-09-21T20:28:02.224+0000] {logging_mixin.py:117} INFO - [2022-09-21T20:28:02.224+0000] {dagbag.py:525} INFO - Filling up the DagBag from /home/airflow/.local/lib/python3.7/site-packages/airflow/example_dags/example_time_delta_sensor_async.py
[2022-09-21T20:28:02.241+0000] {processor.py:768} INFO - DAG(s) dict_keys(['example_time_delta_sensor_async']) retrieved from /home/airflow/.local/lib/python3.7/site-packages/airflow/example_dags/example_time_delta_sensor_async.py
[2022-09-21T20:28:02.552+0000] {logging_mixin.py:117} INFO - [2022-09-21T20:28:02.552+0000] {dag.py:2573} INFO - Sync 1 DAGs
[2022-09-21T20:28:02.591+0000] {logging_mixin.py:117} INFO - [2022-09-21T20:28:02.591+0000] {dag.py:3328} INFO - Setting next_dagrun for example_time_delta_sensor_async to None, run_after=None
[2022-09-21T20:28:02.615+0000] {processor.py:178} INFO - Processing /home/airflow/.local/lib/python3.7/site-packages/airflow/example_dags/example_time_delta_sensor_async.py took 0.399 seconds
[2022-09-21T20:28:33.162+0000] {processor.py:156} INFO - Started process (PID=1015) to work on /home/airflow/.local/lib/python3.7/site-packages/airflow/example_dags/example_time_delta_sensor_async.py
[2022-09-21T20:28:33.163+0000] {processor.py:758} INFO - Processing file /home/airflow/.local/lib/python3.7/site-packages/airflow/example_dags/example_time_delta_sensor_async.py for tasks to queue
[2022-09-21T20:28:33.163+0000] {logging_mixin.py:117} INFO - [2022-09-21T20:28:33.163+0000] {dagbag.py:525} INFO - Filling up the DagBag from /home/airflow/.local/lib/python3.7/site-packages/airflow/example_dags/example_time_delta_sensor_async.py
[2022-09-21T20:28:33.177+0000] {processor.py:768} INFO - DAG(s) dict_keys(['example_time_delta_sensor_async']) retrieved from /home/airflow/.local/lib/python3.7/site-packages/airflow/example_dags/example_time_delta_sensor_async.py
[2022-09-21T20:28:33.430+0000] {logging_mixin.py:117} INFO - [2022-09-21T20:28:33.430+0000] {dag.py:2573} INFO - Sync 1 DAGs
[2022-09-21T20:28:33.452+0000] {logging_mixin.py:117} INFO - [2022-09-21T20:28:33.452+0000] {dag.py:3328} INFO - Setting next_dagrun for example_time_delta_sensor_async to None, run_after=None
[2022-09-21T20:28:33.467+0000] {processor.py:178} INFO - Processing /home/airflow/.local/lib/python3.7/site-packages/airflow/example_dags/example_time_delta_sensor_async.py took 0.307 seconds
[2022-09-21T20:29:04.201+0000] {processor.py:156} INFO - Started process (PID=1072) to work on /home/airflow/.local/lib/python3.7/site-packages/airflow/example_dags/example_time_delta_sensor_async.py
[2022-09-21T20:29:04.202+0000] {processor.py:758} INFO - Processing file /home/airflow/.local/lib/python3.7/site-packages/airflow/example_dags/example_time_delta_sensor_async.py for tasks to queue
[2022-09-21T20:29:04.202+0000] {logging_mixin.py:117} INFO - [2022-09-21T20:29:04.202+0000] {dagbag.py:525} INFO - Filling up the DagBag from /home/airflow/.local/lib/python3.7/site-packages/airflow/example_dags/example_time_delta_sensor_async.py
[2022-09-21T20:29:04.215+0000] {processor.py:768} INFO - DAG(s) dict_keys(['example_time_delta_sensor_async']) retrieved from /home/airflow/.local/lib/python3.7/site-packages/airflow/example_dags/example_time_delta_sensor_async.py
[2022-09-21T20:29:04.458+0000] {logging_mixin.py:117} INFO - [2022-09-21T20:29:04.458+0000] {dag.py:2573} INFO - Sync 1 DAGs
[2022-09-21T20:29:04.484+0000] {logging_mixin.py:117} INFO - [2022-09-21T20:29:04.484+0000] {dag.py:3328} INFO - Setting next_dagrun for example_time_delta_sensor_async to None, run_after=None
[2022-09-21T20:29:04.511+0000] {processor.py:178} INFO - Processing /home/airflow/.local/lib/python3.7/site-packages/airflow/example_dags/example_time_delta_sensor_async.py took 0.312 seconds
[2022-09-21T20:29:35.064+0000] {processor.py:156} INFO - Started process (PID=1136) to work on /home/airflow/.local/lib/python3.7/site-packages/airflow/example_dags/example_time_delta_sensor_async.py
[2022-09-21T20:29:35.065+0000] {processor.py:758} INFO - Processing file /home/airflow/.local/lib/python3.7/site-packages/airflow/example_dags/example_time_delta_sensor_async.py for tasks to queue
[2022-09-21T20:29:35.066+0000] {logging_mixin.py:117} INFO - [2022-09-21T20:29:35.066+0000] {dagbag.py:525} INFO - Filling up the DagBag from /home/airflow/.local/lib/python3.7/site-packages/airflow/example_dags/example_time_delta_sensor_async.py
[2022-09-21T20:29:35.081+0000] {processor.py:768} INFO - DAG(s) dict_keys(['example_time_delta_sensor_async']) retrieved from /home/airflow/.local/lib/python3.7/site-packages/airflow/example_dags/example_time_delta_sensor_async.py
[2022-09-21T20:29:35.311+0000] {logging_mixin.py:117} INFO - [2022-09-21T20:29:35.311+0000] {dag.py:2573} INFO - Sync 1 DAGs
[2022-09-21T20:29:35.339+0000] {logging_mixin.py:117} INFO - [2022-09-21T20:29:35.339+0000] {dag.py:3328} INFO - Setting next_dagrun for example_time_delta_sensor_async to None, run_after=None
[2022-09-21T20:29:35.359+0000] {processor.py:178} INFO - Processing /home/airflow/.local/lib/python3.7/site-packages/airflow/example_dags/example_time_delta_sensor_async.py took 0.298 seconds
[2022-09-21T20:30:06.098+0000] {processor.py:156} INFO - Started process (PID=1190) to work on /home/airflow/.local/lib/python3.7/site-packages/airflow/example_dags/example_time_delta_sensor_async.py
[2022-09-21T20:30:06.103+0000] {processor.py:758} INFO - Processing file /home/airflow/.local/lib/python3.7/site-packages/airflow/example_dags/example_time_delta_sensor_async.py for tasks to queue
[2022-09-21T20:30:06.104+0000] {logging_mixin.py:117} INFO - [2022-09-21T20:30:06.104+0000] {dagbag.py:525} INFO - Filling up the DagBag from /home/airflow/.local/lib/python3.7/site-packages/airflow/example_dags/example_time_delta_sensor_async.py
[2022-09-21T20:30:06.137+0000] {processor.py:768} INFO - DAG(s) dict_keys(['example_time_delta_sensor_async']) retrieved from /home/airflow/.local/lib/python3.7/site-packages/airflow/example_dags/example_time_delta_sensor_async.py
[2022-09-21T20:30:06.731+0000] {logging_mixin.py:117} INFO - [2022-09-21T20:30:06.730+0000] {dag.py:2573} INFO - Sync 1 DAGs
[2022-09-21T20:30:06.827+0000] {logging_mixin.py:117} INFO - [2022-09-21T20:30:06.827+0000] {dag.py:3328} INFO - Setting next_dagrun for example_time_delta_sensor_async to None, run_after=None
[2022-09-21T20:30:06.889+0000] {processor.py:178} INFO - Processing /home/airflow/.local/lib/python3.7/site-packages/airflow/example_dags/example_time_delta_sensor_async.py took 0.805 seconds
[2022-09-21T20:30:37.222+0000] {processor.py:156} INFO - Started process (PID=1246) to work on /home/airflow/.local/lib/python3.7/site-packages/airflow/example_dags/example_time_delta_sensor_async.py
[2022-09-21T20:30:37.223+0000] {processor.py:758} INFO - Processing file /home/airflow/.local/lib/python3.7/site-packages/airflow/example_dags/example_time_delta_sensor_async.py for tasks to queue
[2022-09-21T20:30:37.223+0000] {logging_mixin.py:117} INFO - [2022-09-21T20:30:37.223+0000] {dagbag.py:525} INFO - Filling up the DagBag from /home/airflow/.local/lib/python3.7/site-packages/airflow/example_dags/example_time_delta_sensor_async.py
[2022-09-21T20:30:37.239+0000] {processor.py:768} INFO - DAG(s) dict_keys(['example_time_delta_sensor_async']) retrieved from /home/airflow/.local/lib/python3.7/site-packages/airflow/example_dags/example_time_delta_sensor_async.py
[2022-09-21T20:30:37.563+0000] {logging_mixin.py:117} INFO - [2022-09-21T20:30:37.563+0000] {dag.py:2573} INFO - Sync 1 DAGs
[2022-09-21T20:30:37.599+0000] {logging_mixin.py:117} INFO - [2022-09-21T20:30:37.599+0000] {dag.py:3328} INFO - Setting next_dagrun for example_time_delta_sensor_async to None, run_after=None
[2022-09-21T20:30:37.632+0000] {processor.py:178} INFO - Processing /home/airflow/.local/lib/python3.7/site-packages/airflow/example_dags/example_time_delta_sensor_async.py took 0.415 seconds
[2022-09-21T20:31:07.705+0000] {processor.py:156} INFO - Started process (PID=1312) to work on /home/airflow/.local/lib/python3.7/site-packages/airflow/example_dags/example_time_delta_sensor_async.py
[2022-09-21T20:31:07.706+0000] {processor.py:758} INFO - Processing file /home/airflow/.local/lib/python3.7/site-packages/airflow/example_dags/example_time_delta_sensor_async.py for tasks to queue
[2022-09-21T20:31:07.707+0000] {logging_mixin.py:117} INFO - [2022-09-21T20:31:07.707+0000] {dagbag.py:525} INFO - Filling up the DagBag from /home/airflow/.local/lib/python3.7/site-packages/airflow/example_dags/example_time_delta_sensor_async.py
[2022-09-21T20:31:07.727+0000] {processor.py:768} INFO - DAG(s) dict_keys(['example_time_delta_sensor_async']) retrieved from /home/airflow/.local/lib/python3.7/site-packages/airflow/example_dags/example_time_delta_sensor_async.py
[2022-09-21T20:31:08.169+0000] {logging_mixin.py:117} INFO - [2022-09-21T20:31:08.169+0000] {dag.py:2573} INFO - Sync 1 DAGs
[2022-09-21T20:31:08.218+0000] {logging_mixin.py:117} INFO - [2022-09-21T20:31:08.218+0000] {dag.py:3328} INFO - Setting next_dagrun for example_time_delta_sensor_async to None, run_after=None
[2022-09-21T20:31:08.254+0000] {processor.py:178} INFO - Processing /home/airflow/.local/lib/python3.7/site-packages/airflow/example_dags/example_time_delta_sensor_async.py took 0.553 seconds
[2022-09-21T20:31:38.513+0000] {processor.py:156} INFO - Started process (PID=1373) to work on /home/airflow/.local/lib/python3.7/site-packages/airflow/example_dags/example_time_delta_sensor_async.py
[2022-09-21T20:31:38.515+0000] {processor.py:758} INFO - Processing file /home/airflow/.local/lib/python3.7/site-packages/airflow/example_dags/example_time_delta_sensor_async.py for tasks to queue
[2022-09-21T20:31:38.516+0000] {logging_mixin.py:117} INFO - [2022-09-21T20:31:38.516+0000] {dagbag.py:525} INFO - Filling up the DagBag from /home/airflow/.local/lib/python3.7/site-packages/airflow/example_dags/example_time_delta_sensor_async.py
[2022-09-21T20:31:38.540+0000] {processor.py:768} INFO - DAG(s) dict_keys(['example_time_delta_sensor_async']) retrieved from /home/airflow/.local/lib/python3.7/site-packages/airflow/example_dags/example_time_delta_sensor_async.py
[2022-09-21T20:31:38.841+0000] {logging_mixin.py:117} INFO - [2022-09-21T20:31:38.841+0000] {dag.py:2573} INFO - Sync 1 DAGs
[2022-09-21T20:31:38.886+0000] {logging_mixin.py:117} INFO - [2022-09-21T20:31:38.886+0000] {dag.py:3328} INFO - Setting next_dagrun for example_time_delta_sensor_async to None, run_after=None
[2022-09-21T20:31:38.919+0000] {processor.py:178} INFO - Processing /home/airflow/.local/lib/python3.7/site-packages/airflow/example_dags/example_time_delta_sensor_async.py took 0.411 seconds
[2022-09-21T20:32:09.909+0000] {processor.py:156} INFO - Started process (PID=1430) to work on /home/airflow/.local/lib/python3.7/site-packages/airflow/example_dags/example_time_delta_sensor_async.py
[2022-09-21T20:32:09.910+0000] {processor.py:758} INFO - Processing file /home/airflow/.local/lib/python3.7/site-packages/airflow/example_dags/example_time_delta_sensor_async.py for tasks to queue
[2022-09-21T20:32:09.910+0000] {logging_mixin.py:117} INFO - [2022-09-21T20:32:09.910+0000] {dagbag.py:525} INFO - Filling up the DagBag from /home/airflow/.local/lib/python3.7/site-packages/airflow/example_dags/example_time_delta_sensor_async.py
[2022-09-21T20:32:09.923+0000] {processor.py:768} INFO - DAG(s) dict_keys(['example_time_delta_sensor_async']) retrieved from /home/airflow/.local/lib/python3.7/site-packages/airflow/example_dags/example_time_delta_sensor_async.py
[2022-09-21T20:32:10.147+0000] {logging_mixin.py:117} INFO - [2022-09-21T20:32:10.147+0000] {dag.py:2573} INFO - Sync 1 DAGs
[2022-09-21T20:32:10.178+0000] {logging_mixin.py:117} INFO - [2022-09-21T20:32:10.178+0000] {dag.py:3328} INFO - Setting next_dagrun for example_time_delta_sensor_async to None, run_after=None
[2022-09-21T20:32:10.204+0000] {processor.py:178} INFO - Processing /home/airflow/.local/lib/python3.7/site-packages/airflow/example_dags/example_time_delta_sensor_async.py took 0.298 seconds
[2022-09-21T20:32:40.352+0000] {processor.py:156} INFO - Started process (PID=1495) to work on /home/airflow/.local/lib/python3.7/site-packages/airflow/example_dags/example_time_delta_sensor_async.py
[2022-09-21T20:32:40.353+0000] {processor.py:758} INFO - Processing file /home/airflow/.local/lib/python3.7/site-packages/airflow/example_dags/example_time_delta_sensor_async.py for tasks to queue
[2022-09-21T20:32:40.353+0000] {logging_mixin.py:117} INFO - [2022-09-21T20:32:40.353+0000] {dagbag.py:525} INFO - Filling up the DagBag from /home/airflow/.local/lib/python3.7/site-packages/airflow/example_dags/example_time_delta_sensor_async.py
[2022-09-21T20:32:40.366+0000] {processor.py:768} INFO - DAG(s) dict_keys(['example_time_delta_sensor_async']) retrieved from /home/airflow/.local/lib/python3.7/site-packages/airflow/example_dags/example_time_delta_sensor_async.py
[2022-09-21T20:32:40.618+0000] {logging_mixin.py:117} INFO - [2022-09-21T20:32:40.618+0000] {dag.py:2573} INFO - Sync 1 DAGs
[2022-09-21T20:32:40.653+0000] {logging_mixin.py:117} INFO - [2022-09-21T20:32:40.653+0000] {dag.py:3328} INFO - Setting next_dagrun for example_time_delta_sensor_async to None, run_after=None
[2022-09-21T20:32:40.679+0000] {processor.py:178} INFO - Processing /home/airflow/.local/lib/python3.7/site-packages/airflow/example_dags/example_time_delta_sensor_async.py took 0.330 seconds
[2022-09-21T20:33:10.835+0000] {processor.py:156} INFO - Started process (PID=1549) to work on /home/airflow/.local/lib/python3.7/site-packages/airflow/example_dags/example_time_delta_sensor_async.py
[2022-09-21T20:33:10.836+0000] {processor.py:758} INFO - Processing file /home/airflow/.local/lib/python3.7/site-packages/airflow/example_dags/example_time_delta_sensor_async.py for tasks to queue
[2022-09-21T20:33:10.838+0000] {logging_mixin.py:117} INFO - [2022-09-21T20:33:10.838+0000] {dagbag.py:525} INFO - Filling up the DagBag from /home/airflow/.local/lib/python3.7/site-packages/airflow/example_dags/example_time_delta_sensor_async.py
[2022-09-21T20:33:10.868+0000] {processor.py:768} INFO - DAG(s) dict_keys(['example_time_delta_sensor_async']) retrieved from /home/airflow/.local/lib/python3.7/site-packages/airflow/example_dags/example_time_delta_sensor_async.py
[2022-09-21T20:33:11.198+0000] {logging_mixin.py:117} INFO - [2022-09-21T20:33:11.198+0000] {dag.py:2573} INFO - Sync 1 DAGs
[2022-09-21T20:33:11.244+0000] {logging_mixin.py:117} INFO - [2022-09-21T20:33:11.244+0000] {dag.py:3328} INFO - Setting next_dagrun for example_time_delta_sensor_async to None, run_after=None
[2022-09-21T20:33:11.279+0000] {processor.py:178} INFO - Processing /home/airflow/.local/lib/python3.7/site-packages/airflow/example_dags/example_time_delta_sensor_async.py took 0.448 seconds
[2022-09-21T20:33:41.816+0000] {processor.py:156} INFO - Started process (PID=1603) to work on /home/airflow/.local/lib/python3.7/site-packages/airflow/example_dags/example_time_delta_sensor_async.py
[2022-09-21T20:33:41.817+0000] {processor.py:758} INFO - Processing file /home/airflow/.local/lib/python3.7/site-packages/airflow/example_dags/example_time_delta_sensor_async.py for tasks to queue
[2022-09-21T20:33:41.817+0000] {logging_mixin.py:117} INFO - [2022-09-21T20:33:41.817+0000] {dagbag.py:525} INFO - Filling up the DagBag from /home/airflow/.local/lib/python3.7/site-packages/airflow/example_dags/example_time_delta_sensor_async.py
[2022-09-21T20:33:41.828+0000] {processor.py:768} INFO - DAG(s) dict_keys(['example_time_delta_sensor_async']) retrieved from /home/airflow/.local/lib/python3.7/site-packages/airflow/example_dags/example_time_delta_sensor_async.py
[2022-09-21T20:33:42.021+0000] {logging_mixin.py:117} INFO - [2022-09-21T20:33:42.020+0000] {dag.py:2573} INFO - Sync 1 DAGs
[2022-09-21T20:33:42.047+0000] {logging_mixin.py:117} INFO - [2022-09-21T20:33:42.047+0000] {dag.py:3328} INFO - Setting next_dagrun for example_time_delta_sensor_async to None, run_after=None
[2022-09-21T20:33:42.068+0000] {processor.py:178} INFO - Processing /home/airflow/.local/lib/python3.7/site-packages/airflow/example_dags/example_time_delta_sensor_async.py took 0.254 seconds
[2022-09-21T20:34:12.328+0000] {processor.py:156} INFO - Started process (PID=1666) to work on /home/airflow/.local/lib/python3.7/site-packages/airflow/example_dags/example_time_delta_sensor_async.py
[2022-09-21T20:34:12.339+0000] {processor.py:758} INFO - Processing file /home/airflow/.local/lib/python3.7/site-packages/airflow/example_dags/example_time_delta_sensor_async.py for tasks to queue
[2022-09-21T20:34:12.341+0000] {logging_mixin.py:117} INFO - [2022-09-21T20:34:12.340+0000] {dagbag.py:525} INFO - Filling up the DagBag from /home/airflow/.local/lib/python3.7/site-packages/airflow/example_dags/example_time_delta_sensor_async.py
[2022-09-21T20:34:12.367+0000] {processor.py:768} INFO - DAG(s) dict_keys(['example_time_delta_sensor_async']) retrieved from /home/airflow/.local/lib/python3.7/site-packages/airflow/example_dags/example_time_delta_sensor_async.py
[2022-09-21T20:34:12.872+0000] {logging_mixin.py:117} INFO - [2022-09-21T20:34:12.872+0000] {dag.py:2573} INFO - Sync 1 DAGs
[2022-09-21T20:34:12.926+0000] {logging_mixin.py:117} INFO - [2022-09-21T20:34:12.926+0000] {dag.py:3328} INFO - Setting next_dagrun for example_time_delta_sensor_async to None, run_after=None
[2022-09-21T20:34:12.967+0000] {processor.py:178} INFO - Processing /home/airflow/.local/lib/python3.7/site-packages/airflow/example_dags/example_time_delta_sensor_async.py took 0.646 seconds
[2022-09-21T20:34:43.487+0000] {processor.py:156} INFO - Started process (PID=1721) to work on /home/airflow/.local/lib/python3.7/site-packages/airflow/example_dags/example_time_delta_sensor_async.py
[2022-09-21T20:34:43.487+0000] {processor.py:758} INFO - Processing file /home/airflow/.local/lib/python3.7/site-packages/airflow/example_dags/example_time_delta_sensor_async.py for tasks to queue
[2022-09-21T20:34:43.488+0000] {logging_mixin.py:117} INFO - [2022-09-21T20:34:43.488+0000] {dagbag.py:525} INFO - Filling up the DagBag from /home/airflow/.local/lib/python3.7/site-packages/airflow/example_dags/example_time_delta_sensor_async.py
[2022-09-21T20:34:43.501+0000] {processor.py:768} INFO - DAG(s) dict_keys(['example_time_delta_sensor_async']) retrieved from /home/airflow/.local/lib/python3.7/site-packages/airflow/example_dags/example_time_delta_sensor_async.py
[2022-09-21T20:34:43.756+0000] {logging_mixin.py:117} INFO - [2022-09-21T20:34:43.756+0000] {dag.py:2573} INFO - Sync 1 DAGs
[2022-09-21T20:34:43.785+0000] {logging_mixin.py:117} INFO - [2022-09-21T20:34:43.785+0000] {dag.py:3328} INFO - Setting next_dagrun for example_time_delta_sensor_async to None, run_after=None
[2022-09-21T20:34:43.808+0000] {processor.py:178} INFO - Processing /home/airflow/.local/lib/python3.7/site-packages/airflow/example_dags/example_time_delta_sensor_async.py took 0.324 seconds
[2022-09-21T20:35:14.277+0000] {processor.py:156} INFO - Started process (PID=1786) to work on /home/airflow/.local/lib/python3.7/site-packages/airflow/example_dags/example_time_delta_sensor_async.py
[2022-09-21T20:35:14.278+0000] {processor.py:758} INFO - Processing file /home/airflow/.local/lib/python3.7/site-packages/airflow/example_dags/example_time_delta_sensor_async.py for tasks to queue
[2022-09-21T20:35:14.279+0000] {logging_mixin.py:117} INFO - [2022-09-21T20:35:14.279+0000] {dagbag.py:525} INFO - Filling up the DagBag from /home/airflow/.local/lib/python3.7/site-packages/airflow/example_dags/example_time_delta_sensor_async.py
[2022-09-21T20:35:14.307+0000] {processor.py:768} INFO - DAG(s) dict_keys(['example_time_delta_sensor_async']) retrieved from /home/airflow/.local/lib/python3.7/site-packages/airflow/example_dags/example_time_delta_sensor_async.py
[2022-09-21T20:35:14.696+0000] {logging_mixin.py:117} INFO - [2022-09-21T20:35:14.696+0000] {dag.py:2573} INFO - Sync 1 DAGs
[2022-09-21T20:35:14.741+0000] {logging_mixin.py:117} INFO - [2022-09-21T20:35:14.741+0000] {dag.py:3328} INFO - Setting next_dagrun for example_time_delta_sensor_async to None, run_after=None
[2022-09-21T20:35:14.775+0000] {processor.py:178} INFO - Processing /home/airflow/.local/lib/python3.7/site-packages/airflow/example_dags/example_time_delta_sensor_async.py took 0.503 seconds
