[2022-09-21T20:16:37.677+0000] {processor.py:156} INFO - Started process (PID=52) to work on /home/airflow/.local/lib/python3.7/site-packages/airflow/example_dags/example_branch_python_dop_operator_3.py
[2022-09-21T20:16:37.678+0000] {processor.py:758} INFO - Processing file /home/airflow/.local/lib/python3.7/site-packages/airflow/example_dags/example_branch_python_dop_operator_3.py for tasks to queue
[2022-09-21T20:16:37.697+0000] {logging_mixin.py:117} INFO - [2022-09-21T20:16:37.696+0000] {dagbag.py:525} INFO - Filling up the DagBag from /home/airflow/.local/lib/python3.7/site-packages/airflow/example_dags/example_branch_python_dop_operator_3.py
[2022-09-21T20:16:37.821+0000] {processor.py:768} INFO - DAG(s) dict_keys(['example_branch_dop_operator_v3']) retrieved from /home/airflow/.local/lib/python3.7/site-packages/airflow/example_dags/example_branch_python_dop_operator_3.py
[2022-09-21T20:16:37.907+0000] {logging_mixin.py:117} INFO - [2022-09-21T20:16:37.907+0000] {dag.py:2573} INFO - Sync 1 DAGs
[2022-09-21T20:16:38.055+0000] {logging_mixin.py:117} INFO - [2022-09-21T20:16:38.054+0000] {dag.py:3328} INFO - Setting next_dagrun for example_branch_dop_operator_v3 to 2022-09-21T20:15:00+00:00, run_after=2022-09-21T20:16:00+00:00
[2022-09-21T20:16:38.092+0000] {processor.py:178} INFO - Processing /home/airflow/.local/lib/python3.7/site-packages/airflow/example_dags/example_branch_python_dop_operator_3.py took 0.436 seconds
[2022-09-21T20:20:20.507+0000] {processor.py:156} INFO - Started process (PID=50) to work on /home/airflow/.local/lib/python3.7/site-packages/airflow/example_dags/example_branch_python_dop_operator_3.py
[2022-09-21T20:20:20.517+0000] {processor.py:758} INFO - Processing file /home/airflow/.local/lib/python3.7/site-packages/airflow/example_dags/example_branch_python_dop_operator_3.py for tasks to queue
[2022-09-21T20:20:20.518+0000] {logging_mixin.py:117} INFO - [2022-09-21T20:20:20.518+0000] {dagbag.py:525} INFO - Filling up the DagBag from /home/airflow/.local/lib/python3.7/site-packages/airflow/example_dags/example_branch_python_dop_operator_3.py
[2022-09-21T20:20:20.611+0000] {processor.py:768} INFO - DAG(s) dict_keys(['example_branch_dop_operator_v3']) retrieved from /home/airflow/.local/lib/python3.7/site-packages/airflow/example_dags/example_branch_python_dop_operator_3.py
[2022-09-21T20:20:21.271+0000] {logging_mixin.py:117} INFO - [2022-09-21T20:20:21.270+0000] {dag.py:2573} INFO - Sync 1 DAGs
[2022-09-21T20:20:21.444+0000] {logging_mixin.py:117} INFO - [2022-09-21T20:20:21.444+0000] {dag.py:3328} INFO - Setting next_dagrun for example_branch_dop_operator_v3 to 2022-09-21T20:19:00+00:00, run_after=2022-09-21T20:20:00+00:00
[2022-09-21T20:20:21.569+0000] {processor.py:178} INFO - Processing /home/airflow/.local/lib/python3.7/site-packages/airflow/example_dags/example_branch_python_dop_operator_3.py took 1.067 seconds
[2022-09-21T20:20:51.762+0000] {processor.py:156} INFO - Started process (PID=105) to work on /home/airflow/.local/lib/python3.7/site-packages/airflow/example_dags/example_branch_python_dop_operator_3.py
[2022-09-21T20:20:51.769+0000] {processor.py:758} INFO - Processing file /home/airflow/.local/lib/python3.7/site-packages/airflow/example_dags/example_branch_python_dop_operator_3.py for tasks to queue
[2022-09-21T20:20:51.770+0000] {logging_mixin.py:117} INFO - [2022-09-21T20:20:51.769+0000] {dagbag.py:525} INFO - Filling up the DagBag from /home/airflow/.local/lib/python3.7/site-packages/airflow/example_dags/example_branch_python_dop_operator_3.py
[2022-09-21T20:20:51.842+0000] {processor.py:768} INFO - DAG(s) dict_keys(['example_branch_dop_operator_v3']) retrieved from /home/airflow/.local/lib/python3.7/site-packages/airflow/example_dags/example_branch_python_dop_operator_3.py
[2022-09-21T20:20:52.117+0000] {logging_mixin.py:117} INFO - [2022-09-21T20:20:52.117+0000] {dag.py:2573} INFO - Sync 1 DAGs
[2022-09-21T20:20:52.191+0000] {logging_mixin.py:117} INFO - [2022-09-21T20:20:52.191+0000] {dag.py:3328} INFO - Setting next_dagrun for example_branch_dop_operator_v3 to 2022-09-21T20:19:00+00:00, run_after=2022-09-21T20:20:00+00:00
[2022-09-21T20:20:52.236+0000] {processor.py:178} INFO - Processing /home/airflow/.local/lib/python3.7/site-packages/airflow/example_dags/example_branch_python_dop_operator_3.py took 0.479 seconds
[2022-09-21T20:21:23.425+0000] {processor.py:156} INFO - Started process (PID=161) to work on /home/airflow/.local/lib/python3.7/site-packages/airflow/example_dags/example_branch_python_dop_operator_3.py
[2022-09-21T20:21:23.426+0000] {processor.py:758} INFO - Processing file /home/airflow/.local/lib/python3.7/site-packages/airflow/example_dags/example_branch_python_dop_operator_3.py for tasks to queue
[2022-09-21T20:21:23.427+0000] {logging_mixin.py:117} INFO - [2022-09-21T20:21:23.427+0000] {dagbag.py:525} INFO - Filling up the DagBag from /home/airflow/.local/lib/python3.7/site-packages/airflow/example_dags/example_branch_python_dop_operator_3.py
[2022-09-21T20:21:23.635+0000] {processor.py:768} INFO - DAG(s) dict_keys(['example_branch_dop_operator_v3']) retrieved from /home/airflow/.local/lib/python3.7/site-packages/airflow/example_dags/example_branch_python_dop_operator_3.py
[2022-09-21T20:21:23.688+0000] {logging_mixin.py:117} INFO - [2022-09-21T20:21:23.687+0000] {dag.py:2573} INFO - Sync 1 DAGs
[2022-09-21T20:21:23.749+0000] {logging_mixin.py:117} INFO - [2022-09-21T20:21:23.749+0000] {dag.py:3328} INFO - Setting next_dagrun for example_branch_dop_operator_v3 to 2022-09-21T20:20:00+00:00, run_after=2022-09-21T20:21:00+00:00
[2022-09-21T20:21:23.778+0000] {processor.py:178} INFO - Processing /home/airflow/.local/lib/python3.7/site-packages/airflow/example_dags/example_branch_python_dop_operator_3.py took 0.358 seconds
[2022-09-21T20:21:54.378+0000] {processor.py:156} INFO - Started process (PID=224) to work on /home/airflow/.local/lib/python3.7/site-packages/airflow/example_dags/example_branch_python_dop_operator_3.py
[2022-09-21T20:21:54.379+0000] {processor.py:758} INFO - Processing file /home/airflow/.local/lib/python3.7/site-packages/airflow/example_dags/example_branch_python_dop_operator_3.py for tasks to queue
[2022-09-21T20:21:54.379+0000] {logging_mixin.py:117} INFO - [2022-09-21T20:21:54.379+0000] {dagbag.py:525} INFO - Filling up the DagBag from /home/airflow/.local/lib/python3.7/site-packages/airflow/example_dags/example_branch_python_dop_operator_3.py
[2022-09-21T20:21:54.541+0000] {processor.py:768} INFO - DAG(s) dict_keys(['example_branch_dop_operator_v3']) retrieved from /home/airflow/.local/lib/python3.7/site-packages/airflow/example_dags/example_branch_python_dop_operator_3.py
[2022-09-21T20:21:54.566+0000] {logging_mixin.py:117} INFO - [2022-09-21T20:21:54.566+0000] {dag.py:2573} INFO - Sync 1 DAGs
[2022-09-21T20:21:54.606+0000] {logging_mixin.py:117} INFO - [2022-09-21T20:21:54.606+0000] {dag.py:3328} INFO - Setting next_dagrun for example_branch_dop_operator_v3 to 2022-09-21T20:20:00+00:00, run_after=2022-09-21T20:21:00+00:00
[2022-09-21T20:21:54.635+0000] {processor.py:178} INFO - Processing /home/airflow/.local/lib/python3.7/site-packages/airflow/example_dags/example_branch_python_dop_operator_3.py took 0.261 seconds
[2022-09-21T20:22:25.278+0000] {processor.py:156} INFO - Started process (PID=279) to work on /home/airflow/.local/lib/python3.7/site-packages/airflow/example_dags/example_branch_python_dop_operator_3.py
[2022-09-21T20:22:25.279+0000] {processor.py:758} INFO - Processing file /home/airflow/.local/lib/python3.7/site-packages/airflow/example_dags/example_branch_python_dop_operator_3.py for tasks to queue
[2022-09-21T20:22:25.279+0000] {logging_mixin.py:117} INFO - [2022-09-21T20:22:25.279+0000] {dagbag.py:525} INFO - Filling up the DagBag from /home/airflow/.local/lib/python3.7/site-packages/airflow/example_dags/example_branch_python_dop_operator_3.py
[2022-09-21T20:22:25.310+0000] {processor.py:768} INFO - DAG(s) dict_keys(['example_branch_dop_operator_v3']) retrieved from /home/airflow/.local/lib/python3.7/site-packages/airflow/example_dags/example_branch_python_dop_operator_3.py
[2022-09-21T20:22:25.361+0000] {logging_mixin.py:117} INFO - [2022-09-21T20:22:25.361+0000] {dag.py:2573} INFO - Sync 1 DAGs
[2022-09-21T20:22:25.413+0000] {logging_mixin.py:117} INFO - [2022-09-21T20:22:25.413+0000] {dag.py:3328} INFO - Setting next_dagrun for example_branch_dop_operator_v3 to 2022-09-21T20:21:00+00:00, run_after=2022-09-21T20:22:00+00:00
[2022-09-21T20:22:25.445+0000] {processor.py:178} INFO - Processing /home/airflow/.local/lib/python3.7/site-packages/airflow/example_dags/example_branch_python_dop_operator_3.py took 0.171 seconds
[2022-09-21T20:22:56.320+0000] {processor.py:156} INFO - Started process (PID=343) to work on /home/airflow/.local/lib/python3.7/site-packages/airflow/example_dags/example_branch_python_dop_operator_3.py
[2022-09-21T20:22:56.320+0000] {processor.py:758} INFO - Processing file /home/airflow/.local/lib/python3.7/site-packages/airflow/example_dags/example_branch_python_dop_operator_3.py for tasks to queue
[2022-09-21T20:22:56.321+0000] {logging_mixin.py:117} INFO - [2022-09-21T20:22:56.321+0000] {dagbag.py:525} INFO - Filling up the DagBag from /home/airflow/.local/lib/python3.7/site-packages/airflow/example_dags/example_branch_python_dop_operator_3.py
[2022-09-21T20:22:56.342+0000] {processor.py:768} INFO - DAG(s) dict_keys(['example_branch_dop_operator_v3']) retrieved from /home/airflow/.local/lib/python3.7/site-packages/airflow/example_dags/example_branch_python_dop_operator_3.py
[2022-09-21T20:22:56.365+0000] {logging_mixin.py:117} INFO - [2022-09-21T20:22:56.364+0000] {dag.py:2573} INFO - Sync 1 DAGs
[2022-09-21T20:22:56.395+0000] {logging_mixin.py:117} INFO - [2022-09-21T20:22:56.395+0000] {dag.py:3328} INFO - Setting next_dagrun for example_branch_dop_operator_v3 to 2022-09-21T20:21:00+00:00, run_after=2022-09-21T20:22:00+00:00
[2022-09-21T20:22:56.417+0000] {processor.py:178} INFO - Processing /home/airflow/.local/lib/python3.7/site-packages/airflow/example_dags/example_branch_python_dop_operator_3.py took 0.100 seconds
[2022-09-21T20:23:26.819+0000] {processor.py:156} INFO - Started process (PID=398) to work on /home/airflow/.local/lib/python3.7/site-packages/airflow/example_dags/example_branch_python_dop_operator_3.py
[2022-09-21T20:23:26.820+0000] {processor.py:758} INFO - Processing file /home/airflow/.local/lib/python3.7/site-packages/airflow/example_dags/example_branch_python_dop_operator_3.py for tasks to queue
[2022-09-21T20:23:26.820+0000] {logging_mixin.py:117} INFO - [2022-09-21T20:23:26.820+0000] {dagbag.py:525} INFO - Filling up the DagBag from /home/airflow/.local/lib/python3.7/site-packages/airflow/example_dags/example_branch_python_dop_operator_3.py
[2022-09-21T20:23:26.849+0000] {processor.py:768} INFO - DAG(s) dict_keys(['example_branch_dop_operator_v3']) retrieved from /home/airflow/.local/lib/python3.7/site-packages/airflow/example_dags/example_branch_python_dop_operator_3.py
[2022-09-21T20:23:26.891+0000] {logging_mixin.py:117} INFO - [2022-09-21T20:23:26.891+0000] {dag.py:2573} INFO - Sync 1 DAGs
[2022-09-21T20:23:26.945+0000] {logging_mixin.py:117} INFO - [2022-09-21T20:23:26.945+0000] {dag.py:3328} INFO - Setting next_dagrun for example_branch_dop_operator_v3 to 2022-09-21T20:22:00+00:00, run_after=2022-09-21T20:23:00+00:00
[2022-09-21T20:23:26.982+0000] {processor.py:178} INFO - Processing /home/airflow/.local/lib/python3.7/site-packages/airflow/example_dags/example_branch_python_dop_operator_3.py took 0.166 seconds
[2022-09-21T20:23:57.542+0000] {processor.py:156} INFO - Started process (PID=462) to work on /home/airflow/.local/lib/python3.7/site-packages/airflow/example_dags/example_branch_python_dop_operator_3.py
[2022-09-21T20:23:57.542+0000] {processor.py:758} INFO - Processing file /home/airflow/.local/lib/python3.7/site-packages/airflow/example_dags/example_branch_python_dop_operator_3.py for tasks to queue
[2022-09-21T20:23:57.543+0000] {logging_mixin.py:117} INFO - [2022-09-21T20:23:57.543+0000] {dagbag.py:525} INFO - Filling up the DagBag from /home/airflow/.local/lib/python3.7/site-packages/airflow/example_dags/example_branch_python_dop_operator_3.py
[2022-09-21T20:23:57.571+0000] {processor.py:768} INFO - DAG(s) dict_keys(['example_branch_dop_operator_v3']) retrieved from /home/airflow/.local/lib/python3.7/site-packages/airflow/example_dags/example_branch_python_dop_operator_3.py
[2022-09-21T20:23:57.624+0000] {logging_mixin.py:117} INFO - [2022-09-21T20:23:57.624+0000] {dag.py:2573} INFO - Sync 1 DAGs
[2022-09-21T20:23:57.667+0000] {logging_mixin.py:117} INFO - [2022-09-21T20:23:57.667+0000] {dag.py:3328} INFO - Setting next_dagrun for example_branch_dop_operator_v3 to 2022-09-21T20:22:00+00:00, run_after=2022-09-21T20:23:00+00:00
[2022-09-21T20:23:57.696+0000] {processor.py:178} INFO - Processing /home/airflow/.local/lib/python3.7/site-packages/airflow/example_dags/example_branch_python_dop_operator_3.py took 0.157 seconds
[2022-09-21T20:24:28.003+0000] {processor.py:156} INFO - Started process (PID=524) to work on /home/airflow/.local/lib/python3.7/site-packages/airflow/example_dags/example_branch_python_dop_operator_3.py
[2022-09-21T20:24:28.004+0000] {processor.py:758} INFO - Processing file /home/airflow/.local/lib/python3.7/site-packages/airflow/example_dags/example_branch_python_dop_operator_3.py for tasks to queue
[2022-09-21T20:24:28.005+0000] {logging_mixin.py:117} INFO - [2022-09-21T20:24:28.005+0000] {dagbag.py:525} INFO - Filling up the DagBag from /home/airflow/.local/lib/python3.7/site-packages/airflow/example_dags/example_branch_python_dop_operator_3.py
[2022-09-21T20:24:28.043+0000] {processor.py:768} INFO - DAG(s) dict_keys(['example_branch_dop_operator_v3']) retrieved from /home/airflow/.local/lib/python3.7/site-packages/airflow/example_dags/example_branch_python_dop_operator_3.py
[2022-09-21T20:24:28.104+0000] {logging_mixin.py:117} INFO - [2022-09-21T20:24:28.104+0000] {dag.py:2573} INFO - Sync 1 DAGs
[2022-09-21T20:24:28.153+0000] {logging_mixin.py:117} INFO - [2022-09-21T20:24:28.153+0000] {dag.py:3328} INFO - Setting next_dagrun for example_branch_dop_operator_v3 to 2022-09-21T20:23:00+00:00, run_after=2022-09-21T20:24:00+00:00
[2022-09-21T20:24:28.182+0000] {processor.py:178} INFO - Processing /home/airflow/.local/lib/python3.7/site-packages/airflow/example_dags/example_branch_python_dop_operator_3.py took 0.183 seconds
[2022-09-21T20:24:58.325+0000] {processor.py:156} INFO - Started process (PID=580) to work on /home/airflow/.local/lib/python3.7/site-packages/airflow/example_dags/example_branch_python_dop_operator_3.py
[2022-09-21T20:24:58.326+0000] {processor.py:758} INFO - Processing file /home/airflow/.local/lib/python3.7/site-packages/airflow/example_dags/example_branch_python_dop_operator_3.py for tasks to queue
[2022-09-21T20:24:58.326+0000] {logging_mixin.py:117} INFO - [2022-09-21T20:24:58.326+0000] {dagbag.py:525} INFO - Filling up the DagBag from /home/airflow/.local/lib/python3.7/site-packages/airflow/example_dags/example_branch_python_dop_operator_3.py
[2022-09-21T20:24:58.353+0000] {processor.py:768} INFO - DAG(s) dict_keys(['example_branch_dop_operator_v3']) retrieved from /home/airflow/.local/lib/python3.7/site-packages/airflow/example_dags/example_branch_python_dop_operator_3.py
[2022-09-21T20:24:58.390+0000] {logging_mixin.py:117} INFO - [2022-09-21T20:24:58.390+0000] {dag.py:2573} INFO - Sync 1 DAGs
[2022-09-21T20:24:58.439+0000] {logging_mixin.py:117} INFO - [2022-09-21T20:24:58.439+0000] {dag.py:3328} INFO - Setting next_dagrun for example_branch_dop_operator_v3 to 2022-09-21T20:23:00+00:00, run_after=2022-09-21T20:24:00+00:00
[2022-09-21T20:24:58.464+0000] {processor.py:178} INFO - Processing /home/airflow/.local/lib/python3.7/site-packages/airflow/example_dags/example_branch_python_dop_operator_3.py took 0.142 seconds
[2022-09-21T20:25:28.978+0000] {processor.py:156} INFO - Started process (PID=646) to work on /home/airflow/.local/lib/python3.7/site-packages/airflow/example_dags/example_branch_python_dop_operator_3.py
[2022-09-21T20:25:28.979+0000] {processor.py:758} INFO - Processing file /home/airflow/.local/lib/python3.7/site-packages/airflow/example_dags/example_branch_python_dop_operator_3.py for tasks to queue
[2022-09-21T20:25:28.980+0000] {logging_mixin.py:117} INFO - [2022-09-21T20:25:28.979+0000] {dagbag.py:525} INFO - Filling up the DagBag from /home/airflow/.local/lib/python3.7/site-packages/airflow/example_dags/example_branch_python_dop_operator_3.py
[2022-09-21T20:25:29.012+0000] {processor.py:768} INFO - DAG(s) dict_keys(['example_branch_dop_operator_v3']) retrieved from /home/airflow/.local/lib/python3.7/site-packages/airflow/example_dags/example_branch_python_dop_operator_3.py
[2022-09-21T20:25:29.066+0000] {logging_mixin.py:117} INFO - [2022-09-21T20:25:29.066+0000] {dag.py:2573} INFO - Sync 1 DAGs
[2022-09-21T20:25:29.125+0000] {logging_mixin.py:117} INFO - [2022-09-21T20:25:29.125+0000] {dag.py:3328} INFO - Setting next_dagrun for example_branch_dop_operator_v3 to 2022-09-21T20:24:00+00:00, run_after=2022-09-21T20:25:00+00:00
[2022-09-21T20:25:29.155+0000] {processor.py:178} INFO - Processing /home/airflow/.local/lib/python3.7/site-packages/airflow/example_dags/example_branch_python_dop_operator_3.py took 0.182 seconds
[2022-09-21T20:25:59.677+0000] {processor.py:156} INFO - Started process (PID=701) to work on /home/airflow/.local/lib/python3.7/site-packages/airflow/example_dags/example_branch_python_dop_operator_3.py
[2022-09-21T20:25:59.678+0000] {processor.py:758} INFO - Processing file /home/airflow/.local/lib/python3.7/site-packages/airflow/example_dags/example_branch_python_dop_operator_3.py for tasks to queue
[2022-09-21T20:25:59.678+0000] {logging_mixin.py:117} INFO - [2022-09-21T20:25:59.678+0000] {dagbag.py:525} INFO - Filling up the DagBag from /home/airflow/.local/lib/python3.7/site-packages/airflow/example_dags/example_branch_python_dop_operator_3.py
[2022-09-21T20:25:59.698+0000] {processor.py:768} INFO - DAG(s) dict_keys(['example_branch_dop_operator_v3']) retrieved from /home/airflow/.local/lib/python3.7/site-packages/airflow/example_dags/example_branch_python_dop_operator_3.py
[2022-09-21T20:25:59.730+0000] {logging_mixin.py:117} INFO - [2022-09-21T20:25:59.729+0000] {dag.py:2573} INFO - Sync 1 DAGs
[2022-09-21T20:25:59.756+0000] {logging_mixin.py:117} INFO - [2022-09-21T20:25:59.756+0000] {dag.py:3328} INFO - Setting next_dagrun for example_branch_dop_operator_v3 to 2022-09-21T20:24:00+00:00, run_after=2022-09-21T20:25:00+00:00
[2022-09-21T20:25:59.777+0000] {processor.py:178} INFO - Processing /home/airflow/.local/lib/python3.7/site-packages/airflow/example_dags/example_branch_python_dop_operator_3.py took 0.103 seconds
[2022-09-21T20:26:29.900+0000] {processor.py:156} INFO - Started process (PID=763) to work on /home/airflow/.local/lib/python3.7/site-packages/airflow/example_dags/example_branch_python_dop_operator_3.py
[2022-09-21T20:26:29.901+0000] {processor.py:758} INFO - Processing file /home/airflow/.local/lib/python3.7/site-packages/airflow/example_dags/example_branch_python_dop_operator_3.py for tasks to queue
[2022-09-21T20:26:29.902+0000] {logging_mixin.py:117} INFO - [2022-09-21T20:26:29.902+0000] {dagbag.py:525} INFO - Filling up the DagBag from /home/airflow/.local/lib/python3.7/site-packages/airflow/example_dags/example_branch_python_dop_operator_3.py
[2022-09-21T20:26:29.931+0000] {processor.py:768} INFO - DAG(s) dict_keys(['example_branch_dop_operator_v3']) retrieved from /home/airflow/.local/lib/python3.7/site-packages/airflow/example_dags/example_branch_python_dop_operator_3.py
[2022-09-21T20:26:29.974+0000] {logging_mixin.py:117} INFO - [2022-09-21T20:26:29.974+0000] {dag.py:2573} INFO - Sync 1 DAGs
[2022-09-21T20:26:30.017+0000] {logging_mixin.py:117} INFO - [2022-09-21T20:26:30.016+0000] {dag.py:3328} INFO - Setting next_dagrun for example_branch_dop_operator_v3 to 2022-09-21T20:25:00+00:00, run_after=2022-09-21T20:26:00+00:00
[2022-09-21T20:26:30.040+0000] {processor.py:178} INFO - Processing /home/airflow/.local/lib/python3.7/site-packages/airflow/example_dags/example_branch_python_dop_operator_3.py took 0.144 seconds
[2022-09-21T20:27:01.007+0000] {processor.py:156} INFO - Started process (PID=828) to work on /home/airflow/.local/lib/python3.7/site-packages/airflow/example_dags/example_branch_python_dop_operator_3.py
[2022-09-21T20:27:01.008+0000] {processor.py:758} INFO - Processing file /home/airflow/.local/lib/python3.7/site-packages/airflow/example_dags/example_branch_python_dop_operator_3.py for tasks to queue
[2022-09-21T20:27:01.008+0000] {logging_mixin.py:117} INFO - [2022-09-21T20:27:01.008+0000] {dagbag.py:525} INFO - Filling up the DagBag from /home/airflow/.local/lib/python3.7/site-packages/airflow/example_dags/example_branch_python_dop_operator_3.py
[2022-09-21T20:27:01.029+0000] {processor.py:768} INFO - DAG(s) dict_keys(['example_branch_dop_operator_v3']) retrieved from /home/airflow/.local/lib/python3.7/site-packages/airflow/example_dags/example_branch_python_dop_operator_3.py
[2022-09-21T20:27:01.069+0000] {logging_mixin.py:117} INFO - [2022-09-21T20:27:01.069+0000] {dag.py:2573} INFO - Sync 1 DAGs
[2022-09-21T20:27:01.125+0000] {logging_mixin.py:117} INFO - [2022-09-21T20:27:01.125+0000] {dag.py:3328} INFO - Setting next_dagrun for example_branch_dop_operator_v3 to 2022-09-21T20:26:00+00:00, run_after=2022-09-21T20:27:00+00:00
[2022-09-21T20:27:01.146+0000] {processor.py:178} INFO - Processing /home/airflow/.local/lib/python3.7/site-packages/airflow/example_dags/example_branch_python_dop_operator_3.py took 0.142 seconds
[2022-09-21T20:27:31.249+0000] {processor.py:156} INFO - Started process (PID=882) to work on /home/airflow/.local/lib/python3.7/site-packages/airflow/example_dags/example_branch_python_dop_operator_3.py
[2022-09-21T20:27:31.250+0000] {processor.py:758} INFO - Processing file /home/airflow/.local/lib/python3.7/site-packages/airflow/example_dags/example_branch_python_dop_operator_3.py for tasks to queue
[2022-09-21T20:27:31.250+0000] {logging_mixin.py:117} INFO - [2022-09-21T20:27:31.250+0000] {dagbag.py:525} INFO - Filling up the DagBag from /home/airflow/.local/lib/python3.7/site-packages/airflow/example_dags/example_branch_python_dop_operator_3.py
[2022-09-21T20:27:31.282+0000] {processor.py:768} INFO - DAG(s) dict_keys(['example_branch_dop_operator_v3']) retrieved from /home/airflow/.local/lib/python3.7/site-packages/airflow/example_dags/example_branch_python_dop_operator_3.py
[2022-09-21T20:27:31.318+0000] {logging_mixin.py:117} INFO - [2022-09-21T20:27:31.318+0000] {dag.py:2573} INFO - Sync 1 DAGs
[2022-09-21T20:27:31.348+0000] {logging_mixin.py:117} INFO - [2022-09-21T20:27:31.348+0000] {dag.py:3328} INFO - Setting next_dagrun for example_branch_dop_operator_v3 to 2022-09-21T20:26:00+00:00, run_after=2022-09-21T20:27:00+00:00
[2022-09-21T20:27:31.367+0000] {processor.py:178} INFO - Processing /home/airflow/.local/lib/python3.7/site-packages/airflow/example_dags/example_branch_python_dop_operator_3.py took 0.121 seconds
[2022-09-21T20:28:01.538+0000] {processor.py:156} INFO - Started process (PID=946) to work on /home/airflow/.local/lib/python3.7/site-packages/airflow/example_dags/example_branch_python_dop_operator_3.py
[2022-09-21T20:28:01.542+0000] {processor.py:758} INFO - Processing file /home/airflow/.local/lib/python3.7/site-packages/airflow/example_dags/example_branch_python_dop_operator_3.py for tasks to queue
[2022-09-21T20:28:01.542+0000] {logging_mixin.py:117} INFO - [2022-09-21T20:28:01.542+0000] {dagbag.py:525} INFO - Filling up the DagBag from /home/airflow/.local/lib/python3.7/site-packages/airflow/example_dags/example_branch_python_dop_operator_3.py
[2022-09-21T20:28:01.561+0000] {processor.py:768} INFO - DAG(s) dict_keys(['example_branch_dop_operator_v3']) retrieved from /home/airflow/.local/lib/python3.7/site-packages/airflow/example_dags/example_branch_python_dop_operator_3.py
[2022-09-21T20:28:01.597+0000] {logging_mixin.py:117} INFO - [2022-09-21T20:28:01.596+0000] {dag.py:2573} INFO - Sync 1 DAGs
[2022-09-21T20:28:01.648+0000] {logging_mixin.py:117} INFO - [2022-09-21T20:28:01.648+0000] {dag.py:3328} INFO - Setting next_dagrun for example_branch_dop_operator_v3 to 2022-09-21T20:27:00+00:00, run_after=2022-09-21T20:28:00+00:00
[2022-09-21T20:28:01.666+0000] {processor.py:178} INFO - Processing /home/airflow/.local/lib/python3.7/site-packages/airflow/example_dags/example_branch_python_dop_operator_3.py took 0.131 seconds
[2022-09-21T20:28:32.510+0000] {processor.py:156} INFO - Started process (PID=1010) to work on /home/airflow/.local/lib/python3.7/site-packages/airflow/example_dags/example_branch_python_dop_operator_3.py
[2022-09-21T20:28:32.510+0000] {processor.py:758} INFO - Processing file /home/airflow/.local/lib/python3.7/site-packages/airflow/example_dags/example_branch_python_dop_operator_3.py for tasks to queue
[2022-09-21T20:28:32.511+0000] {logging_mixin.py:117} INFO - [2022-09-21T20:28:32.511+0000] {dagbag.py:525} INFO - Filling up the DagBag from /home/airflow/.local/lib/python3.7/site-packages/airflow/example_dags/example_branch_python_dop_operator_3.py
[2022-09-21T20:28:32.540+0000] {processor.py:768} INFO - DAG(s) dict_keys(['example_branch_dop_operator_v3']) retrieved from /home/airflow/.local/lib/python3.7/site-packages/airflow/example_dags/example_branch_python_dop_operator_3.py
[2022-09-21T20:28:32.623+0000] {logging_mixin.py:117} INFO - [2022-09-21T20:28:32.623+0000] {dag.py:2573} INFO - Sync 1 DAGs
[2022-09-21T20:28:32.683+0000] {logging_mixin.py:117} INFO - [2022-09-21T20:28:32.683+0000] {dag.py:3328} INFO - Setting next_dagrun for example_branch_dop_operator_v3 to 2022-09-21T20:27:00+00:00, run_after=2022-09-21T20:28:00+00:00
[2022-09-21T20:28:32.709+0000] {processor.py:178} INFO - Processing /home/airflow/.local/lib/python3.7/site-packages/airflow/example_dags/example_branch_python_dop_operator_3.py took 0.201 seconds
[2022-09-21T20:29:03.431+0000] {processor.py:156} INFO - Started process (PID=1065) to work on /home/airflow/.local/lib/python3.7/site-packages/airflow/example_dags/example_branch_python_dop_operator_3.py
[2022-09-21T20:29:03.432+0000] {processor.py:758} INFO - Processing file /home/airflow/.local/lib/python3.7/site-packages/airflow/example_dags/example_branch_python_dop_operator_3.py for tasks to queue
[2022-09-21T20:29:03.433+0000] {logging_mixin.py:117} INFO - [2022-09-21T20:29:03.433+0000] {dagbag.py:525} INFO - Filling up the DagBag from /home/airflow/.local/lib/python3.7/site-packages/airflow/example_dags/example_branch_python_dop_operator_3.py
[2022-09-21T20:29:03.467+0000] {processor.py:768} INFO - DAG(s) dict_keys(['example_branch_dop_operator_v3']) retrieved from /home/airflow/.local/lib/python3.7/site-packages/airflow/example_dags/example_branch_python_dop_operator_3.py
[2022-09-21T20:29:03.520+0000] {logging_mixin.py:117} INFO - [2022-09-21T20:29:03.520+0000] {dag.py:2573} INFO - Sync 1 DAGs
[2022-09-21T20:29:03.569+0000] {logging_mixin.py:117} INFO - [2022-09-21T20:29:03.569+0000] {dag.py:3328} INFO - Setting next_dagrun for example_branch_dop_operator_v3 to 2022-09-21T20:28:00+00:00, run_after=2022-09-21T20:29:00+00:00
[2022-09-21T20:29:03.599+0000] {processor.py:178} INFO - Processing /home/airflow/.local/lib/python3.7/site-packages/airflow/example_dags/example_branch_python_dop_operator_3.py took 0.171 seconds
[2022-09-21T20:29:33.770+0000] {processor.py:156} INFO - Started process (PID=1128) to work on /home/airflow/.local/lib/python3.7/site-packages/airflow/example_dags/example_branch_python_dop_operator_3.py
[2022-09-21T20:29:33.771+0000] {processor.py:758} INFO - Processing file /home/airflow/.local/lib/python3.7/site-packages/airflow/example_dags/example_branch_python_dop_operator_3.py for tasks to queue
[2022-09-21T20:29:33.772+0000] {logging_mixin.py:117} INFO - [2022-09-21T20:29:33.772+0000] {dagbag.py:525} INFO - Filling up the DagBag from /home/airflow/.local/lib/python3.7/site-packages/airflow/example_dags/example_branch_python_dop_operator_3.py
[2022-09-21T20:29:33.819+0000] {processor.py:768} INFO - DAG(s) dict_keys(['example_branch_dop_operator_v3']) retrieved from /home/airflow/.local/lib/python3.7/site-packages/airflow/example_dags/example_branch_python_dop_operator_3.py
[2022-09-21T20:29:33.893+0000] {logging_mixin.py:117} INFO - [2022-09-21T20:29:33.892+0000] {dag.py:2573} INFO - Sync 1 DAGs
[2022-09-21T20:29:33.965+0000] {logging_mixin.py:117} INFO - [2022-09-21T20:29:33.965+0000] {dag.py:3328} INFO - Setting next_dagrun for example_branch_dop_operator_v3 to 2022-09-21T20:28:00+00:00, run_after=2022-09-21T20:29:00+00:00
[2022-09-21T20:29:34.030+0000] {processor.py:178} INFO - Processing /home/airflow/.local/lib/python3.7/site-packages/airflow/example_dags/example_branch_python_dop_operator_3.py took 0.265 seconds
[2022-09-21T20:30:04.449+0000] {processor.py:156} INFO - Started process (PID=1184) to work on /home/airflow/.local/lib/python3.7/site-packages/airflow/example_dags/example_branch_python_dop_operator_3.py
[2022-09-21T20:30:04.451+0000] {processor.py:758} INFO - Processing file /home/airflow/.local/lib/python3.7/site-packages/airflow/example_dags/example_branch_python_dop_operator_3.py for tasks to queue
[2022-09-21T20:30:04.454+0000] {logging_mixin.py:117} INFO - [2022-09-21T20:30:04.453+0000] {dagbag.py:525} INFO - Filling up the DagBag from /home/airflow/.local/lib/python3.7/site-packages/airflow/example_dags/example_branch_python_dop_operator_3.py
[2022-09-21T20:30:04.529+0000] {processor.py:768} INFO - DAG(s) dict_keys(['example_branch_dop_operator_v3']) retrieved from /home/airflow/.local/lib/python3.7/site-packages/airflow/example_dags/example_branch_python_dop_operator_3.py
[2022-09-21T20:30:04.651+0000] {logging_mixin.py:117} INFO - [2022-09-21T20:30:04.651+0000] {dag.py:2573} INFO - Sync 1 DAGs
[2022-09-21T20:30:04.773+0000] {logging_mixin.py:117} INFO - [2022-09-21T20:30:04.772+0000] {dag.py:3328} INFO - Setting next_dagrun for example_branch_dop_operator_v3 to 2022-09-21T20:29:00+00:00, run_after=2022-09-21T20:30:00+00:00
[2022-09-21T20:30:04.833+0000] {processor.py:178} INFO - Processing /home/airflow/.local/lib/python3.7/site-packages/airflow/example_dags/example_branch_python_dop_operator_3.py took 0.395 seconds
[2022-09-21T20:30:35.506+0000] {processor.py:156} INFO - Started process (PID=1239) to work on /home/airflow/.local/lib/python3.7/site-packages/airflow/example_dags/example_branch_python_dop_operator_3.py
[2022-09-21T20:30:35.507+0000] {processor.py:758} INFO - Processing file /home/airflow/.local/lib/python3.7/site-packages/airflow/example_dags/example_branch_python_dop_operator_3.py for tasks to queue
[2022-09-21T20:30:35.508+0000] {logging_mixin.py:117} INFO - [2022-09-21T20:30:35.508+0000] {dagbag.py:525} INFO - Filling up the DagBag from /home/airflow/.local/lib/python3.7/site-packages/airflow/example_dags/example_branch_python_dop_operator_3.py
[2022-09-21T20:30:35.538+0000] {processor.py:768} INFO - DAG(s) dict_keys(['example_branch_dop_operator_v3']) retrieved from /home/airflow/.local/lib/python3.7/site-packages/airflow/example_dags/example_branch_python_dop_operator_3.py
[2022-09-21T20:30:35.586+0000] {logging_mixin.py:117} INFO - [2022-09-21T20:30:35.585+0000] {dag.py:2573} INFO - Sync 1 DAGs
[2022-09-21T20:30:35.626+0000] {logging_mixin.py:117} INFO - [2022-09-21T20:30:35.626+0000] {dag.py:3328} INFO - Setting next_dagrun for example_branch_dop_operator_v3 to 2022-09-21T20:29:00+00:00, run_after=2022-09-21T20:30:00+00:00
[2022-09-21T20:30:35.652+0000] {processor.py:178} INFO - Processing /home/airflow/.local/lib/python3.7/site-packages/airflow/example_dags/example_branch_python_dop_operator_3.py took 0.150 seconds
[2022-09-21T20:31:05.752+0000] {processor.py:156} INFO - Started process (PID=1304) to work on /home/airflow/.local/lib/python3.7/site-packages/airflow/example_dags/example_branch_python_dop_operator_3.py
[2022-09-21T20:31:05.752+0000] {processor.py:758} INFO - Processing file /home/airflow/.local/lib/python3.7/site-packages/airflow/example_dags/example_branch_python_dop_operator_3.py for tasks to queue
[2022-09-21T20:31:05.753+0000] {logging_mixin.py:117} INFO - [2022-09-21T20:31:05.753+0000] {dagbag.py:525} INFO - Filling up the DagBag from /home/airflow/.local/lib/python3.7/site-packages/airflow/example_dags/example_branch_python_dop_operator_3.py
[2022-09-21T20:31:05.788+0000] {processor.py:768} INFO - DAG(s) dict_keys(['example_branch_dop_operator_v3']) retrieved from /home/airflow/.local/lib/python3.7/site-packages/airflow/example_dags/example_branch_python_dop_operator_3.py
[2022-09-21T20:31:05.826+0000] {logging_mixin.py:117} INFO - [2022-09-21T20:31:05.826+0000] {dag.py:2573} INFO - Sync 1 DAGs
[2022-09-21T20:31:05.856+0000] {logging_mixin.py:117} INFO - [2022-09-21T20:31:05.856+0000] {dag.py:3328} INFO - Setting next_dagrun for example_branch_dop_operator_v3 to 2022-09-21T20:30:00+00:00, run_after=2022-09-21T20:31:00+00:00
[2022-09-21T20:31:05.878+0000] {processor.py:178} INFO - Processing /home/airflow/.local/lib/python3.7/site-packages/airflow/example_dags/example_branch_python_dop_operator_3.py took 0.129 seconds
[2022-09-21T20:31:35.980+0000] {processor.py:156} INFO - Started process (PID=1359) to work on /home/airflow/.local/lib/python3.7/site-packages/airflow/example_dags/example_branch_python_dop_operator_3.py
[2022-09-21T20:31:35.980+0000] {processor.py:758} INFO - Processing file /home/airflow/.local/lib/python3.7/site-packages/airflow/example_dags/example_branch_python_dop_operator_3.py for tasks to queue
[2022-09-21T20:31:35.981+0000] {logging_mixin.py:117} INFO - [2022-09-21T20:31:35.981+0000] {dagbag.py:525} INFO - Filling up the DagBag from /home/airflow/.local/lib/python3.7/site-packages/airflow/example_dags/example_branch_python_dop_operator_3.py
[2022-09-21T20:31:36.007+0000] {processor.py:768} INFO - DAG(s) dict_keys(['example_branch_dop_operator_v3']) retrieved from /home/airflow/.local/lib/python3.7/site-packages/airflow/example_dags/example_branch_python_dop_operator_3.py
[2022-09-21T20:31:36.060+0000] {logging_mixin.py:117} INFO - [2022-09-21T20:31:36.060+0000] {dag.py:2573} INFO - Sync 1 DAGs
[2022-09-21T20:31:36.101+0000] {logging_mixin.py:117} INFO - [2022-09-21T20:31:36.101+0000] {dag.py:3328} INFO - Setting next_dagrun for example_branch_dop_operator_v3 to 2022-09-21T20:30:00+00:00, run_after=2022-09-21T20:31:00+00:00
[2022-09-21T20:31:36.133+0000] {processor.py:178} INFO - Processing /home/airflow/.local/lib/python3.7/site-packages/airflow/example_dags/example_branch_python_dop_operator_3.py took 0.156 seconds
[2022-09-21T20:32:06.251+0000] {processor.py:156} INFO - Started process (PID=1423) to work on /home/airflow/.local/lib/python3.7/site-packages/airflow/example_dags/example_branch_python_dop_operator_3.py
[2022-09-21T20:32:06.252+0000] {processor.py:758} INFO - Processing file /home/airflow/.local/lib/python3.7/site-packages/airflow/example_dags/example_branch_python_dop_operator_3.py for tasks to queue
[2022-09-21T20:32:06.253+0000] {logging_mixin.py:117} INFO - [2022-09-21T20:32:06.253+0000] {dagbag.py:525} INFO - Filling up the DagBag from /home/airflow/.local/lib/python3.7/site-packages/airflow/example_dags/example_branch_python_dop_operator_3.py
[2022-09-21T20:32:06.297+0000] {processor.py:768} INFO - DAG(s) dict_keys(['example_branch_dop_operator_v3']) retrieved from /home/airflow/.local/lib/python3.7/site-packages/airflow/example_dags/example_branch_python_dop_operator_3.py
[2022-09-21T20:32:06.360+0000] {logging_mixin.py:117} INFO - [2022-09-21T20:32:06.359+0000] {dag.py:2573} INFO - Sync 1 DAGs
[2022-09-21T20:32:06.408+0000] {logging_mixin.py:117} INFO - [2022-09-21T20:32:06.408+0000] {dag.py:3328} INFO - Setting next_dagrun for example_branch_dop_operator_v3 to 2022-09-21T20:31:00+00:00, run_after=2022-09-21T20:32:00+00:00
[2022-09-21T20:32:06.436+0000] {processor.py:178} INFO - Processing /home/airflow/.local/lib/python3.7/site-packages/airflow/example_dags/example_branch_python_dop_operator_3.py took 0.190 seconds
[2022-09-21T20:32:36.593+0000] {processor.py:156} INFO - Started process (PID=1478) to work on /home/airflow/.local/lib/python3.7/site-packages/airflow/example_dags/example_branch_python_dop_operator_3.py
[2022-09-21T20:32:36.595+0000] {processor.py:758} INFO - Processing file /home/airflow/.local/lib/python3.7/site-packages/airflow/example_dags/example_branch_python_dop_operator_3.py for tasks to queue
[2022-09-21T20:32:36.596+0000] {logging_mixin.py:117} INFO - [2022-09-21T20:32:36.595+0000] {dagbag.py:525} INFO - Filling up the DagBag from /home/airflow/.local/lib/python3.7/site-packages/airflow/example_dags/example_branch_python_dop_operator_3.py
[2022-09-21T20:32:36.640+0000] {processor.py:768} INFO - DAG(s) dict_keys(['example_branch_dop_operator_v3']) retrieved from /home/airflow/.local/lib/python3.7/site-packages/airflow/example_dags/example_branch_python_dop_operator_3.py
[2022-09-21T20:32:36.704+0000] {logging_mixin.py:117} INFO - [2022-09-21T20:32:36.704+0000] {dag.py:2573} INFO - Sync 1 DAGs
[2022-09-21T20:32:36.771+0000] {logging_mixin.py:117} INFO - [2022-09-21T20:32:36.771+0000] {dag.py:3328} INFO - Setting next_dagrun for example_branch_dop_operator_v3 to 2022-09-21T20:31:00+00:00, run_after=2022-09-21T20:32:00+00:00
[2022-09-21T20:32:36.817+0000] {processor.py:178} INFO - Processing /home/airflow/.local/lib/python3.7/site-packages/airflow/example_dags/example_branch_python_dop_operator_3.py took 0.227 seconds
[2022-09-21T20:33:06.998+0000] {processor.py:156} INFO - Started process (PID=1542) to work on /home/airflow/.local/lib/python3.7/site-packages/airflow/example_dags/example_branch_python_dop_operator_3.py
[2022-09-21T20:33:06.999+0000] {processor.py:758} INFO - Processing file /home/airflow/.local/lib/python3.7/site-packages/airflow/example_dags/example_branch_python_dop_operator_3.py for tasks to queue
[2022-09-21T20:33:07.000+0000] {logging_mixin.py:117} INFO - [2022-09-21T20:33:06.999+0000] {dagbag.py:525} INFO - Filling up the DagBag from /home/airflow/.local/lib/python3.7/site-packages/airflow/example_dags/example_branch_python_dop_operator_3.py
[2022-09-21T20:33:07.038+0000] {processor.py:768} INFO - DAG(s) dict_keys(['example_branch_dop_operator_v3']) retrieved from /home/airflow/.local/lib/python3.7/site-packages/airflow/example_dags/example_branch_python_dop_operator_3.py
[2022-09-21T20:33:07.128+0000] {logging_mixin.py:117} INFO - [2022-09-21T20:33:07.128+0000] {dag.py:2573} INFO - Sync 1 DAGs
[2022-09-21T20:33:07.212+0000] {logging_mixin.py:117} INFO - [2022-09-21T20:33:07.211+0000] {dag.py:3328} INFO - Setting next_dagrun for example_branch_dop_operator_v3 to 2022-09-21T20:32:00+00:00, run_after=2022-09-21T20:33:00+00:00
[2022-09-21T20:33:07.268+0000] {processor.py:178} INFO - Processing /home/airflow/.local/lib/python3.7/site-packages/airflow/example_dags/example_branch_python_dop_operator_3.py took 0.274 seconds
[2022-09-21T20:33:37.679+0000] {processor.py:156} INFO - Started process (PID=1596) to work on /home/airflow/.local/lib/python3.7/site-packages/airflow/example_dags/example_branch_python_dop_operator_3.py
[2022-09-21T20:33:37.680+0000] {processor.py:758} INFO - Processing file /home/airflow/.local/lib/python3.7/site-packages/airflow/example_dags/example_branch_python_dop_operator_3.py for tasks to queue
[2022-09-21T20:33:37.681+0000] {logging_mixin.py:117} INFO - [2022-09-21T20:33:37.681+0000] {dagbag.py:525} INFO - Filling up the DagBag from /home/airflow/.local/lib/python3.7/site-packages/airflow/example_dags/example_branch_python_dop_operator_3.py
[2022-09-21T20:33:37.725+0000] {processor.py:768} INFO - DAG(s) dict_keys(['example_branch_dop_operator_v3']) retrieved from /home/airflow/.local/lib/python3.7/site-packages/airflow/example_dags/example_branch_python_dop_operator_3.py
[2022-09-21T20:33:37.796+0000] {logging_mixin.py:117} INFO - [2022-09-21T20:33:37.796+0000] {dag.py:2573} INFO - Sync 1 DAGs
[2022-09-21T20:33:37.897+0000] {logging_mixin.py:117} INFO - [2022-09-21T20:33:37.897+0000] {dag.py:3328} INFO - Setting next_dagrun for example_branch_dop_operator_v3 to 2022-09-21T20:32:00+00:00, run_after=2022-09-21T20:33:00+00:00
[2022-09-21T20:33:37.979+0000] {processor.py:178} INFO - Processing /home/airflow/.local/lib/python3.7/site-packages/airflow/example_dags/example_branch_python_dop_operator_3.py took 0.305 seconds
[2022-09-21T20:34:08.290+0000] {processor.py:156} INFO - Started process (PID=1651) to work on /home/airflow/.local/lib/python3.7/site-packages/airflow/example_dags/example_branch_python_dop_operator_3.py
[2022-09-21T20:34:08.291+0000] {processor.py:758} INFO - Processing file /home/airflow/.local/lib/python3.7/site-packages/airflow/example_dags/example_branch_python_dop_operator_3.py for tasks to queue
[2022-09-21T20:34:08.291+0000] {logging_mixin.py:117} INFO - [2022-09-21T20:34:08.291+0000] {dagbag.py:525} INFO - Filling up the DagBag from /home/airflow/.local/lib/python3.7/site-packages/airflow/example_dags/example_branch_python_dop_operator_3.py
[2022-09-21T20:34:08.316+0000] {processor.py:768} INFO - DAG(s) dict_keys(['example_branch_dop_operator_v3']) retrieved from /home/airflow/.local/lib/python3.7/site-packages/airflow/example_dags/example_branch_python_dop_operator_3.py
[2022-09-21T20:34:08.361+0000] {logging_mixin.py:117} INFO - [2022-09-21T20:34:08.361+0000] {dag.py:2573} INFO - Sync 1 DAGs
[2022-09-21T20:34:08.402+0000] {logging_mixin.py:117} INFO - [2022-09-21T20:34:08.402+0000] {dag.py:3328} INFO - Setting next_dagrun for example_branch_dop_operator_v3 to 2022-09-21T20:33:00+00:00, run_after=2022-09-21T20:34:00+00:00
[2022-09-21T20:34:08.434+0000] {processor.py:178} INFO - Processing /home/airflow/.local/lib/python3.7/site-packages/airflow/example_dags/example_branch_python_dop_operator_3.py took 0.147 seconds
[2022-09-21T20:34:38.750+0000] {processor.py:156} INFO - Started process (PID=1714) to work on /home/airflow/.local/lib/python3.7/site-packages/airflow/example_dags/example_branch_python_dop_operator_3.py
[2022-09-21T20:34:38.751+0000] {processor.py:758} INFO - Processing file /home/airflow/.local/lib/python3.7/site-packages/airflow/example_dags/example_branch_python_dop_operator_3.py for tasks to queue
[2022-09-21T20:34:38.752+0000] {logging_mixin.py:117} INFO - [2022-09-21T20:34:38.752+0000] {dagbag.py:525} INFO - Filling up the DagBag from /home/airflow/.local/lib/python3.7/site-packages/airflow/example_dags/example_branch_python_dop_operator_3.py
[2022-09-21T20:34:38.800+0000] {processor.py:768} INFO - DAG(s) dict_keys(['example_branch_dop_operator_v3']) retrieved from /home/airflow/.local/lib/python3.7/site-packages/airflow/example_dags/example_branch_python_dop_operator_3.py
[2022-09-21T20:34:38.876+0000] {logging_mixin.py:117} INFO - [2022-09-21T20:34:38.876+0000] {dag.py:2573} INFO - Sync 1 DAGs
[2022-09-21T20:34:38.953+0000] {logging_mixin.py:117} INFO - [2022-09-21T20:34:38.953+0000] {dag.py:3328} INFO - Setting next_dagrun for example_branch_dop_operator_v3 to 2022-09-21T20:33:00+00:00, run_after=2022-09-21T20:34:00+00:00
[2022-09-21T20:34:38.993+0000] {processor.py:178} INFO - Processing /home/airflow/.local/lib/python3.7/site-packages/airflow/example_dags/example_branch_python_dop_operator_3.py took 0.248 seconds
[2022-09-21T20:35:09.768+0000] {processor.py:156} INFO - Started process (PID=1770) to work on /home/airflow/.local/lib/python3.7/site-packages/airflow/example_dags/example_branch_python_dop_operator_3.py
[2022-09-21T20:35:09.768+0000] {processor.py:758} INFO - Processing file /home/airflow/.local/lib/python3.7/site-packages/airflow/example_dags/example_branch_python_dop_operator_3.py for tasks to queue
[2022-09-21T20:35:09.769+0000] {logging_mixin.py:117} INFO - [2022-09-21T20:35:09.769+0000] {dagbag.py:525} INFO - Filling up the DagBag from /home/airflow/.local/lib/python3.7/site-packages/airflow/example_dags/example_branch_python_dop_operator_3.py
[2022-09-21T20:35:09.792+0000] {processor.py:768} INFO - DAG(s) dict_keys(['example_branch_dop_operator_v3']) retrieved from /home/airflow/.local/lib/python3.7/site-packages/airflow/example_dags/example_branch_python_dop_operator_3.py
[2022-09-21T20:35:09.831+0000] {logging_mixin.py:117} INFO - [2022-09-21T20:35:09.831+0000] {dag.py:2573} INFO - Sync 1 DAGs
[2022-09-21T20:35:09.863+0000] {logging_mixin.py:117} INFO - [2022-09-21T20:35:09.863+0000] {dag.py:3328} INFO - Setting next_dagrun for example_branch_dop_operator_v3 to 2022-09-21T20:34:00+00:00, run_after=2022-09-21T20:35:00+00:00
[2022-09-21T20:35:09.884+0000] {processor.py:178} INFO - Processing /home/airflow/.local/lib/python3.7/site-packages/airflow/example_dags/example_branch_python_dop_operator_3.py took 0.119 seconds
