[2022-09-21T20:17:30.755+0000] {processor.py:156} INFO - Started process (PID=78) to work on /home/airflow/.local/lib/python3.7/site-packages/airflow/example_dags/tutorial_dag.py
[2022-09-21T20:17:30.771+0000] {processor.py:758} INFO - Processing file /home/airflow/.local/lib/python3.7/site-packages/airflow/example_dags/tutorial_dag.py for tasks to queue
[2022-09-21T20:17:30.772+0000] {logging_mixin.py:117} INFO - [2022-09-21T20:17:30.772+0000] {dagbag.py:525} INFO - Filling up the DagBag from /home/airflow/.local/lib/python3.7/site-packages/airflow/example_dags/tutorial_dag.py
[2022-09-21T20:17:31.060+0000] {processor.py:768} INFO - DAG(s) dict_keys(['tutorial_dag']) retrieved from /home/airflow/.local/lib/python3.7/site-packages/airflow/example_dags/tutorial_dag.py
[2022-09-21T20:17:31.471+0000] {logging_mixin.py:117} INFO - [2022-09-21T20:17:31.471+0000] {dag.py:2573} INFO - Sync 1 DAGs
[2022-09-21T20:17:31.614+0000] {logging_mixin.py:117} INFO - [2022-09-21T20:17:31.614+0000] {dag.py:3328} INFO - Setting next_dagrun for tutorial_dag to None, run_after=None
[2022-09-21T20:17:31.734+0000] {processor.py:178} INFO - Processing /home/airflow/.local/lib/python3.7/site-packages/airflow/example_dags/tutorial_dag.py took 1.037 seconds
[2022-09-21T20:20:26.651+0000] {processor.py:156} INFO - Started process (PID=67) to work on /home/airflow/.local/lib/python3.7/site-packages/airflow/example_dags/tutorial_dag.py
[2022-09-21T20:20:26.655+0000] {processor.py:758} INFO - Processing file /home/airflow/.local/lib/python3.7/site-packages/airflow/example_dags/tutorial_dag.py for tasks to queue
[2022-09-21T20:20:26.656+0000] {logging_mixin.py:117} INFO - [2022-09-21T20:20:26.656+0000] {dagbag.py:525} INFO - Filling up the DagBag from /home/airflow/.local/lib/python3.7/site-packages/airflow/example_dags/tutorial_dag.py
[2022-09-21T20:20:26.692+0000] {processor.py:768} INFO - DAG(s) dict_keys(['tutorial_dag']) retrieved from /home/airflow/.local/lib/python3.7/site-packages/airflow/example_dags/tutorial_dag.py
[2022-09-21T20:20:27.009+0000] {logging_mixin.py:117} INFO - [2022-09-21T20:20:27.009+0000] {dag.py:2573} INFO - Sync 1 DAGs
[2022-09-21T20:20:27.066+0000] {logging_mixin.py:117} INFO - [2022-09-21T20:20:27.066+0000] {dag.py:3328} INFO - Setting next_dagrun for tutorial_dag to None, run_after=None
[2022-09-21T20:20:27.114+0000] {processor.py:178} INFO - Processing /home/airflow/.local/lib/python3.7/site-packages/airflow/example_dags/tutorial_dag.py took 0.476 seconds
[2022-09-21T20:20:58.535+0000] {processor.py:156} INFO - Started process (PID=129) to work on /home/airflow/.local/lib/python3.7/site-packages/airflow/example_dags/tutorial_dag.py
[2022-09-21T20:20:58.545+0000] {processor.py:758} INFO - Processing file /home/airflow/.local/lib/python3.7/site-packages/airflow/example_dags/tutorial_dag.py for tasks to queue
[2022-09-21T20:20:58.546+0000] {logging_mixin.py:117} INFO - [2022-09-21T20:20:58.546+0000] {dagbag.py:525} INFO - Filling up the DagBag from /home/airflow/.local/lib/python3.7/site-packages/airflow/example_dags/tutorial_dag.py
[2022-09-21T20:20:58.676+0000] {processor.py:768} INFO - DAG(s) dict_keys(['tutorial_dag']) retrieved from /home/airflow/.local/lib/python3.7/site-packages/airflow/example_dags/tutorial_dag.py
[2022-09-21T20:20:59.112+0000] {logging_mixin.py:117} INFO - [2022-09-21T20:20:59.111+0000] {dag.py:2573} INFO - Sync 1 DAGs
[2022-09-21T20:20:59.185+0000] {logging_mixin.py:117} INFO - [2022-09-21T20:20:59.184+0000] {dag.py:3328} INFO - Setting next_dagrun for tutorial_dag to None, run_after=None
[2022-09-21T20:20:59.231+0000] {processor.py:178} INFO - Processing /home/airflow/.local/lib/python3.7/site-packages/airflow/example_dags/tutorial_dag.py took 0.709 seconds
[2022-09-21T20:21:29.720+0000] {processor.py:156} INFO - Started process (PID=187) to work on /home/airflow/.local/lib/python3.7/site-packages/airflow/example_dags/tutorial_dag.py
[2022-09-21T20:21:29.721+0000] {processor.py:758} INFO - Processing file /home/airflow/.local/lib/python3.7/site-packages/airflow/example_dags/tutorial_dag.py for tasks to queue
[2022-09-21T20:21:29.722+0000] {logging_mixin.py:117} INFO - [2022-09-21T20:21:29.722+0000] {dagbag.py:525} INFO - Filling up the DagBag from /home/airflow/.local/lib/python3.7/site-packages/airflow/example_dags/tutorial_dag.py
[2022-09-21T20:21:30.057+0000] {processor.py:768} INFO - DAG(s) dict_keys(['tutorial_dag']) retrieved from /home/airflow/.local/lib/python3.7/site-packages/airflow/example_dags/tutorial_dag.py
[2022-09-21T20:21:30.133+0000] {logging_mixin.py:117} INFO - [2022-09-21T20:21:30.133+0000] {dag.py:2573} INFO - Sync 1 DAGs
[2022-09-21T20:21:30.187+0000] {logging_mixin.py:117} INFO - [2022-09-21T20:21:30.187+0000] {dag.py:3328} INFO - Setting next_dagrun for tutorial_dag to None, run_after=None
[2022-09-21T20:21:30.235+0000] {processor.py:178} INFO - Processing /home/airflow/.local/lib/python3.7/site-packages/airflow/example_dags/tutorial_dag.py took 0.520 seconds
[2022-09-21T20:22:00.627+0000] {processor.py:156} INFO - Started process (PID=241) to work on /home/airflow/.local/lib/python3.7/site-packages/airflow/example_dags/tutorial_dag.py
[2022-09-21T20:22:00.628+0000] {processor.py:758} INFO - Processing file /home/airflow/.local/lib/python3.7/site-packages/airflow/example_dags/tutorial_dag.py for tasks to queue
[2022-09-21T20:22:00.629+0000] {logging_mixin.py:117} INFO - [2022-09-21T20:22:00.629+0000] {dagbag.py:525} INFO - Filling up the DagBag from /home/airflow/.local/lib/python3.7/site-packages/airflow/example_dags/tutorial_dag.py
[2022-09-21T20:22:00.649+0000] {processor.py:768} INFO - DAG(s) dict_keys(['tutorial_dag']) retrieved from /home/airflow/.local/lib/python3.7/site-packages/airflow/example_dags/tutorial_dag.py
[2022-09-21T20:22:00.715+0000] {logging_mixin.py:117} INFO - [2022-09-21T20:22:00.715+0000] {dag.py:2573} INFO - Sync 1 DAGs
[2022-09-21T20:22:00.758+0000] {logging_mixin.py:117} INFO - [2022-09-21T20:22:00.758+0000] {dag.py:3328} INFO - Setting next_dagrun for tutorial_dag to None, run_after=None
[2022-09-21T20:22:00.789+0000] {processor.py:178} INFO - Processing /home/airflow/.local/lib/python3.7/site-packages/airflow/example_dags/tutorial_dag.py took 0.166 seconds
[2022-09-21T20:22:31.163+0000] {processor.py:156} INFO - Started process (PID=306) to work on /home/airflow/.local/lib/python3.7/site-packages/airflow/example_dags/tutorial_dag.py
[2022-09-21T20:22:31.164+0000] {processor.py:758} INFO - Processing file /home/airflow/.local/lib/python3.7/site-packages/airflow/example_dags/tutorial_dag.py for tasks to queue
[2022-09-21T20:22:31.165+0000] {logging_mixin.py:117} INFO - [2022-09-21T20:22:31.165+0000] {dagbag.py:525} INFO - Filling up the DagBag from /home/airflow/.local/lib/python3.7/site-packages/airflow/example_dags/tutorial_dag.py
[2022-09-21T20:22:31.182+0000] {processor.py:768} INFO - DAG(s) dict_keys(['tutorial_dag']) retrieved from /home/airflow/.local/lib/python3.7/site-packages/airflow/example_dags/tutorial_dag.py
[2022-09-21T20:22:31.237+0000] {logging_mixin.py:117} INFO - [2022-09-21T20:22:31.237+0000] {dag.py:2573} INFO - Sync 1 DAGs
[2022-09-21T20:22:31.276+0000] {logging_mixin.py:117} INFO - [2022-09-21T20:22:31.276+0000] {dag.py:3328} INFO - Setting next_dagrun for tutorial_dag to None, run_after=None
[2022-09-21T20:22:31.302+0000] {processor.py:178} INFO - Processing /home/airflow/.local/lib/python3.7/site-packages/airflow/example_dags/tutorial_dag.py took 0.141 seconds
[2022-09-21T20:23:01.436+0000] {processor.py:156} INFO - Started process (PID=361) to work on /home/airflow/.local/lib/python3.7/site-packages/airflow/example_dags/tutorial_dag.py
[2022-09-21T20:23:01.437+0000] {processor.py:758} INFO - Processing file /home/airflow/.local/lib/python3.7/site-packages/airflow/example_dags/tutorial_dag.py for tasks to queue
[2022-09-21T20:23:01.437+0000] {logging_mixin.py:117} INFO - [2022-09-21T20:23:01.437+0000] {dagbag.py:525} INFO - Filling up the DagBag from /home/airflow/.local/lib/python3.7/site-packages/airflow/example_dags/tutorial_dag.py
[2022-09-21T20:23:01.457+0000] {processor.py:768} INFO - DAG(s) dict_keys(['tutorial_dag']) retrieved from /home/airflow/.local/lib/python3.7/site-packages/airflow/example_dags/tutorial_dag.py
[2022-09-21T20:23:01.482+0000] {logging_mixin.py:117} INFO - [2022-09-21T20:23:01.482+0000] {dag.py:2573} INFO - Sync 1 DAGs
[2022-09-21T20:23:01.512+0000] {logging_mixin.py:117} INFO - [2022-09-21T20:23:01.512+0000] {dag.py:3328} INFO - Setting next_dagrun for tutorial_dag to None, run_after=None
[2022-09-21T20:23:01.535+0000] {processor.py:178} INFO - Processing /home/airflow/.local/lib/python3.7/site-packages/airflow/example_dags/tutorial_dag.py took 0.101 seconds
[2022-09-21T20:23:32.069+0000] {processor.py:156} INFO - Started process (PID=425) to work on /home/airflow/.local/lib/python3.7/site-packages/airflow/example_dags/tutorial_dag.py
[2022-09-21T20:23:32.070+0000] {processor.py:758} INFO - Processing file /home/airflow/.local/lib/python3.7/site-packages/airflow/example_dags/tutorial_dag.py for tasks to queue
[2022-09-21T20:23:32.071+0000] {logging_mixin.py:117} INFO - [2022-09-21T20:23:32.071+0000] {dagbag.py:525} INFO - Filling up the DagBag from /home/airflow/.local/lib/python3.7/site-packages/airflow/example_dags/tutorial_dag.py
[2022-09-21T20:23:32.087+0000] {processor.py:768} INFO - DAG(s) dict_keys(['tutorial_dag']) retrieved from /home/airflow/.local/lib/python3.7/site-packages/airflow/example_dags/tutorial_dag.py
[2022-09-21T20:23:32.127+0000] {logging_mixin.py:117} INFO - [2022-09-21T20:23:32.126+0000] {dag.py:2573} INFO - Sync 1 DAGs
[2022-09-21T20:23:32.151+0000] {logging_mixin.py:117} INFO - [2022-09-21T20:23:32.150+0000] {dag.py:3328} INFO - Setting next_dagrun for tutorial_dag to None, run_after=None
[2022-09-21T20:23:32.168+0000] {processor.py:178} INFO - Processing /home/airflow/.local/lib/python3.7/site-packages/airflow/example_dags/tutorial_dag.py took 0.103 seconds
[2022-09-21T20:24:02.373+0000] {processor.py:156} INFO - Started process (PID=480) to work on /home/airflow/.local/lib/python3.7/site-packages/airflow/example_dags/tutorial_dag.py
[2022-09-21T20:24:02.373+0000] {processor.py:758} INFO - Processing file /home/airflow/.local/lib/python3.7/site-packages/airflow/example_dags/tutorial_dag.py for tasks to queue
[2022-09-21T20:24:02.374+0000] {logging_mixin.py:117} INFO - [2022-09-21T20:24:02.374+0000] {dagbag.py:525} INFO - Filling up the DagBag from /home/airflow/.local/lib/python3.7/site-packages/airflow/example_dags/tutorial_dag.py
[2022-09-21T20:24:02.388+0000] {processor.py:768} INFO - DAG(s) dict_keys(['tutorial_dag']) retrieved from /home/airflow/.local/lib/python3.7/site-packages/airflow/example_dags/tutorial_dag.py
[2022-09-21T20:24:02.425+0000] {logging_mixin.py:117} INFO - [2022-09-21T20:24:02.425+0000] {dag.py:2573} INFO - Sync 1 DAGs
[2022-09-21T20:24:02.452+0000] {logging_mixin.py:117} INFO - [2022-09-21T20:24:02.452+0000] {dag.py:3328} INFO - Setting next_dagrun for tutorial_dag to None, run_after=None
[2022-09-21T20:24:02.473+0000] {processor.py:178} INFO - Processing /home/airflow/.local/lib/python3.7/site-packages/airflow/example_dags/tutorial_dag.py took 0.103 seconds
[2022-09-21T20:24:32.982+0000] {processor.py:156} INFO - Started process (PID=544) to work on /home/airflow/.local/lib/python3.7/site-packages/airflow/example_dags/tutorial_dag.py
[2022-09-21T20:24:32.983+0000] {processor.py:758} INFO - Processing file /home/airflow/.local/lib/python3.7/site-packages/airflow/example_dags/tutorial_dag.py for tasks to queue
[2022-09-21T20:24:32.984+0000] {logging_mixin.py:117} INFO - [2022-09-21T20:24:32.984+0000] {dagbag.py:525} INFO - Filling up the DagBag from /home/airflow/.local/lib/python3.7/site-packages/airflow/example_dags/tutorial_dag.py
[2022-09-21T20:24:33.005+0000] {processor.py:768} INFO - DAG(s) dict_keys(['tutorial_dag']) retrieved from /home/airflow/.local/lib/python3.7/site-packages/airflow/example_dags/tutorial_dag.py
[2022-09-21T20:24:33.047+0000] {logging_mixin.py:117} INFO - [2022-09-21T20:24:33.047+0000] {dag.py:2573} INFO - Sync 1 DAGs
[2022-09-21T20:24:33.078+0000] {logging_mixin.py:117} INFO - [2022-09-21T20:24:33.078+0000] {dag.py:3328} INFO - Setting next_dagrun for tutorial_dag to None, run_after=None
[2022-09-21T20:24:33.106+0000] {processor.py:178} INFO - Processing /home/airflow/.local/lib/python3.7/site-packages/airflow/example_dags/tutorial_dag.py took 0.127 seconds
[2022-09-21T20:25:03.348+0000] {processor.py:156} INFO - Started process (PID=599) to work on /home/airflow/.local/lib/python3.7/site-packages/airflow/example_dags/tutorial_dag.py
[2022-09-21T20:25:03.365+0000] {processor.py:758} INFO - Processing file /home/airflow/.local/lib/python3.7/site-packages/airflow/example_dags/tutorial_dag.py for tasks to queue
[2022-09-21T20:25:03.366+0000] {logging_mixin.py:117} INFO - [2022-09-21T20:25:03.365+0000] {dagbag.py:525} INFO - Filling up the DagBag from /home/airflow/.local/lib/python3.7/site-packages/airflow/example_dags/tutorial_dag.py
[2022-09-21T20:25:03.395+0000] {processor.py:768} INFO - DAG(s) dict_keys(['tutorial_dag']) retrieved from /home/airflow/.local/lib/python3.7/site-packages/airflow/example_dags/tutorial_dag.py
[2022-09-21T20:25:03.445+0000] {logging_mixin.py:117} INFO - [2022-09-21T20:25:03.444+0000] {dag.py:2573} INFO - Sync 1 DAGs
[2022-09-21T20:25:03.492+0000] {logging_mixin.py:117} INFO - [2022-09-21T20:25:03.492+0000] {dag.py:3328} INFO - Setting next_dagrun for tutorial_dag to None, run_after=None
[2022-09-21T20:25:03.531+0000] {processor.py:178} INFO - Processing /home/airflow/.local/lib/python3.7/site-packages/airflow/example_dags/tutorial_dag.py took 0.188 seconds
[2022-09-21T20:25:33.624+0000] {processor.py:156} INFO - Started process (PID=663) to work on /home/airflow/.local/lib/python3.7/site-packages/airflow/example_dags/tutorial_dag.py
[2022-09-21T20:25:33.625+0000] {processor.py:758} INFO - Processing file /home/airflow/.local/lib/python3.7/site-packages/airflow/example_dags/tutorial_dag.py for tasks to queue
[2022-09-21T20:25:33.625+0000] {logging_mixin.py:117} INFO - [2022-09-21T20:25:33.625+0000] {dagbag.py:525} INFO - Filling up the DagBag from /home/airflow/.local/lib/python3.7/site-packages/airflow/example_dags/tutorial_dag.py
[2022-09-21T20:25:33.638+0000] {processor.py:768} INFO - DAG(s) dict_keys(['tutorial_dag']) retrieved from /home/airflow/.local/lib/python3.7/site-packages/airflow/example_dags/tutorial_dag.py
[2022-09-21T20:25:33.672+0000] {logging_mixin.py:117} INFO - [2022-09-21T20:25:33.672+0000] {dag.py:2573} INFO - Sync 1 DAGs
[2022-09-21T20:25:33.697+0000] {logging_mixin.py:117} INFO - [2022-09-21T20:25:33.697+0000] {dag.py:3328} INFO - Setting next_dagrun for tutorial_dag to None, run_after=None
[2022-09-21T20:25:33.714+0000] {processor.py:178} INFO - Processing /home/airflow/.local/lib/python3.7/site-packages/airflow/example_dags/tutorial_dag.py took 0.093 seconds
[2022-09-21T20:26:04.034+0000] {processor.py:156} INFO - Started process (PID=726) to work on /home/airflow/.local/lib/python3.7/site-packages/airflow/example_dags/tutorial_dag.py
[2022-09-21T20:26:04.035+0000] {processor.py:758} INFO - Processing file /home/airflow/.local/lib/python3.7/site-packages/airflow/example_dags/tutorial_dag.py for tasks to queue
[2022-09-21T20:26:04.036+0000] {logging_mixin.py:117} INFO - [2022-09-21T20:26:04.035+0000] {dagbag.py:525} INFO - Filling up the DagBag from /home/airflow/.local/lib/python3.7/site-packages/airflow/example_dags/tutorial_dag.py
[2022-09-21T20:26:04.054+0000] {processor.py:768} INFO - DAG(s) dict_keys(['tutorial_dag']) retrieved from /home/airflow/.local/lib/python3.7/site-packages/airflow/example_dags/tutorial_dag.py
[2022-09-21T20:26:04.107+0000] {logging_mixin.py:117} INFO - [2022-09-21T20:26:04.107+0000] {dag.py:2573} INFO - Sync 1 DAGs
[2022-09-21T20:26:04.150+0000] {logging_mixin.py:117} INFO - [2022-09-21T20:26:04.150+0000] {dag.py:3328} INFO - Setting next_dagrun for tutorial_dag to None, run_after=None
[2022-09-21T20:26:04.177+0000] {processor.py:178} INFO - Processing /home/airflow/.local/lib/python3.7/site-packages/airflow/example_dags/tutorial_dag.py took 0.147 seconds
[2022-09-21T20:26:34.527+0000] {processor.py:156} INFO - Started process (PID=781) to work on /home/airflow/.local/lib/python3.7/site-packages/airflow/example_dags/tutorial_dag.py
[2022-09-21T20:26:34.528+0000] {processor.py:758} INFO - Processing file /home/airflow/.local/lib/python3.7/site-packages/airflow/example_dags/tutorial_dag.py for tasks to queue
[2022-09-21T20:26:34.528+0000] {logging_mixin.py:117} INFO - [2022-09-21T20:26:34.528+0000] {dagbag.py:525} INFO - Filling up the DagBag from /home/airflow/.local/lib/python3.7/site-packages/airflow/example_dags/tutorial_dag.py
[2022-09-21T20:26:34.540+0000] {processor.py:768} INFO - DAG(s) dict_keys(['tutorial_dag']) retrieved from /home/airflow/.local/lib/python3.7/site-packages/airflow/example_dags/tutorial_dag.py
[2022-09-21T20:26:34.573+0000] {logging_mixin.py:117} INFO - [2022-09-21T20:26:34.573+0000] {dag.py:2573} INFO - Sync 1 DAGs
[2022-09-21T20:26:34.594+0000] {logging_mixin.py:117} INFO - [2022-09-21T20:26:34.594+0000] {dag.py:3328} INFO - Setting next_dagrun for tutorial_dag to None, run_after=None
[2022-09-21T20:26:34.612+0000] {processor.py:178} INFO - Processing /home/airflow/.local/lib/python3.7/site-packages/airflow/example_dags/tutorial_dag.py took 0.086 seconds
[2022-09-21T20:27:05.318+0000] {processor.py:156} INFO - Started process (PID=845) to work on /home/airflow/.local/lib/python3.7/site-packages/airflow/example_dags/tutorial_dag.py
[2022-09-21T20:27:05.319+0000] {processor.py:758} INFO - Processing file /home/airflow/.local/lib/python3.7/site-packages/airflow/example_dags/tutorial_dag.py for tasks to queue
[2022-09-21T20:27:05.320+0000] {logging_mixin.py:117} INFO - [2022-09-21T20:27:05.319+0000] {dagbag.py:525} INFO - Filling up the DagBag from /home/airflow/.local/lib/python3.7/site-packages/airflow/example_dags/tutorial_dag.py
[2022-09-21T20:27:05.334+0000] {processor.py:768} INFO - DAG(s) dict_keys(['tutorial_dag']) retrieved from /home/airflow/.local/lib/python3.7/site-packages/airflow/example_dags/tutorial_dag.py
[2022-09-21T20:27:05.373+0000] {logging_mixin.py:117} INFO - [2022-09-21T20:27:05.373+0000] {dag.py:2573} INFO - Sync 1 DAGs
[2022-09-21T20:27:05.403+0000] {logging_mixin.py:117} INFO - [2022-09-21T20:27:05.403+0000] {dag.py:3328} INFO - Setting next_dagrun for tutorial_dag to None, run_after=None
[2022-09-21T20:27:05.423+0000] {processor.py:178} INFO - Processing /home/airflow/.local/lib/python3.7/site-packages/airflow/example_dags/tutorial_dag.py took 0.107 seconds
[2022-09-21T20:27:35.706+0000] {processor.py:156} INFO - Started process (PID=909) to work on /home/airflow/.local/lib/python3.7/site-packages/airflow/example_dags/tutorial_dag.py
[2022-09-21T20:27:35.707+0000] {processor.py:758} INFO - Processing file /home/airflow/.local/lib/python3.7/site-packages/airflow/example_dags/tutorial_dag.py for tasks to queue
[2022-09-21T20:27:35.707+0000] {logging_mixin.py:117} INFO - [2022-09-21T20:27:35.707+0000] {dagbag.py:525} INFO - Filling up the DagBag from /home/airflow/.local/lib/python3.7/site-packages/airflow/example_dags/tutorial_dag.py
[2022-09-21T20:27:35.720+0000] {processor.py:768} INFO - DAG(s) dict_keys(['tutorial_dag']) retrieved from /home/airflow/.local/lib/python3.7/site-packages/airflow/example_dags/tutorial_dag.py
[2022-09-21T20:27:35.753+0000] {logging_mixin.py:117} INFO - [2022-09-21T20:27:35.753+0000] {dag.py:2573} INFO - Sync 1 DAGs
[2022-09-21T20:27:35.783+0000] {logging_mixin.py:117} INFO - [2022-09-21T20:27:35.783+0000] {dag.py:3328} INFO - Setting next_dagrun for tutorial_dag to None, run_after=None
[2022-09-21T20:27:35.802+0000] {processor.py:178} INFO - Processing /home/airflow/.local/lib/python3.7/site-packages/airflow/example_dags/tutorial_dag.py took 0.098 seconds
[2022-09-21T20:28:06.326+0000] {processor.py:156} INFO - Started process (PID=964) to work on /home/airflow/.local/lib/python3.7/site-packages/airflow/example_dags/tutorial_dag.py
[2022-09-21T20:28:06.327+0000] {processor.py:758} INFO - Processing file /home/airflow/.local/lib/python3.7/site-packages/airflow/example_dags/tutorial_dag.py for tasks to queue
[2022-09-21T20:28:06.328+0000] {logging_mixin.py:117} INFO - [2022-09-21T20:28:06.328+0000] {dagbag.py:525} INFO - Filling up the DagBag from /home/airflow/.local/lib/python3.7/site-packages/airflow/example_dags/tutorial_dag.py
[2022-09-21T20:28:06.353+0000] {processor.py:768} INFO - DAG(s) dict_keys(['tutorial_dag']) retrieved from /home/airflow/.local/lib/python3.7/site-packages/airflow/example_dags/tutorial_dag.py
[2022-09-21T20:28:06.415+0000] {logging_mixin.py:117} INFO - [2022-09-21T20:28:06.415+0000] {dag.py:2573} INFO - Sync 1 DAGs
[2022-09-21T20:28:06.485+0000] {logging_mixin.py:117} INFO - [2022-09-21T20:28:06.485+0000] {dag.py:3328} INFO - Setting next_dagrun for tutorial_dag to None, run_after=None
[2022-09-21T20:28:06.516+0000] {processor.py:178} INFO - Processing /home/airflow/.local/lib/python3.7/site-packages/airflow/example_dags/tutorial_dag.py took 0.194 seconds
[2022-09-21T20:28:37.075+0000] {processor.py:156} INFO - Started process (PID=1027) to work on /home/airflow/.local/lib/python3.7/site-packages/airflow/example_dags/tutorial_dag.py
[2022-09-21T20:28:37.076+0000] {processor.py:758} INFO - Processing file /home/airflow/.local/lib/python3.7/site-packages/airflow/example_dags/tutorial_dag.py for tasks to queue
[2022-09-21T20:28:37.077+0000] {logging_mixin.py:117} INFO - [2022-09-21T20:28:37.077+0000] {dagbag.py:525} INFO - Filling up the DagBag from /home/airflow/.local/lib/python3.7/site-packages/airflow/example_dags/tutorial_dag.py
[2022-09-21T20:28:37.095+0000] {processor.py:768} INFO - DAG(s) dict_keys(['tutorial_dag']) retrieved from /home/airflow/.local/lib/python3.7/site-packages/airflow/example_dags/tutorial_dag.py
[2022-09-21T20:28:37.147+0000] {logging_mixin.py:117} INFO - [2022-09-21T20:28:37.147+0000] {dag.py:2573} INFO - Sync 1 DAGs
[2022-09-21T20:28:37.174+0000] {logging_mixin.py:117} INFO - [2022-09-21T20:28:37.173+0000] {dag.py:3328} INFO - Setting next_dagrun for tutorial_dag to None, run_after=None
[2022-09-21T20:28:37.197+0000] {processor.py:178} INFO - Processing /home/airflow/.local/lib/python3.7/site-packages/airflow/example_dags/tutorial_dag.py took 0.124 seconds
[2022-09-21T20:29:08.086+0000] {processor.py:156} INFO - Started process (PID=1091) to work on /home/airflow/.local/lib/python3.7/site-packages/airflow/example_dags/tutorial_dag.py
[2022-09-21T20:29:08.087+0000] {processor.py:758} INFO - Processing file /home/airflow/.local/lib/python3.7/site-packages/airflow/example_dags/tutorial_dag.py for tasks to queue
[2022-09-21T20:29:08.088+0000] {logging_mixin.py:117} INFO - [2022-09-21T20:29:08.087+0000] {dagbag.py:525} INFO - Filling up the DagBag from /home/airflow/.local/lib/python3.7/site-packages/airflow/example_dags/tutorial_dag.py
[2022-09-21T20:29:08.103+0000] {processor.py:768} INFO - DAG(s) dict_keys(['tutorial_dag']) retrieved from /home/airflow/.local/lib/python3.7/site-packages/airflow/example_dags/tutorial_dag.py
[2022-09-21T20:29:08.142+0000] {logging_mixin.py:117} INFO - [2022-09-21T20:29:08.142+0000] {dag.py:2573} INFO - Sync 1 DAGs
[2022-09-21T20:29:08.170+0000] {logging_mixin.py:117} INFO - [2022-09-21T20:29:08.170+0000] {dag.py:3328} INFO - Setting next_dagrun for tutorial_dag to None, run_after=None
[2022-09-21T20:29:08.202+0000] {processor.py:178} INFO - Processing /home/airflow/.local/lib/python3.7/site-packages/airflow/example_dags/tutorial_dag.py took 0.118 seconds
[2022-09-21T20:29:39.142+0000] {processor.py:156} INFO - Started process (PID=1146) to work on /home/airflow/.local/lib/python3.7/site-packages/airflow/example_dags/tutorial_dag.py
[2022-09-21T20:29:39.144+0000] {processor.py:758} INFO - Processing file /home/airflow/.local/lib/python3.7/site-packages/airflow/example_dags/tutorial_dag.py for tasks to queue
[2022-09-21T20:29:39.145+0000] {logging_mixin.py:117} INFO - [2022-09-21T20:29:39.145+0000] {dagbag.py:525} INFO - Filling up the DagBag from /home/airflow/.local/lib/python3.7/site-packages/airflow/example_dags/tutorial_dag.py
[2022-09-21T20:29:39.191+0000] {processor.py:768} INFO - DAG(s) dict_keys(['tutorial_dag']) retrieved from /home/airflow/.local/lib/python3.7/site-packages/airflow/example_dags/tutorial_dag.py
[2022-09-21T20:29:39.310+0000] {logging_mixin.py:117} INFO - [2022-09-21T20:29:39.310+0000] {dag.py:2573} INFO - Sync 1 DAGs
[2022-09-21T20:29:39.385+0000] {logging_mixin.py:117} INFO - [2022-09-21T20:29:39.384+0000] {dag.py:3328} INFO - Setting next_dagrun for tutorial_dag to None, run_after=None
[2022-09-21T20:29:39.438+0000] {processor.py:178} INFO - Processing /home/airflow/.local/lib/python3.7/site-packages/airflow/example_dags/tutorial_dag.py took 0.315 seconds
[2022-09-21T20:30:10.381+0000] {processor.py:156} INFO - Started process (PID=1211) to work on /home/airflow/.local/lib/python3.7/site-packages/airflow/example_dags/tutorial_dag.py
[2022-09-21T20:30:10.385+0000] {processor.py:758} INFO - Processing file /home/airflow/.local/lib/python3.7/site-packages/airflow/example_dags/tutorial_dag.py for tasks to queue
[2022-09-21T20:30:10.387+0000] {logging_mixin.py:117} INFO - [2022-09-21T20:30:10.387+0000] {dagbag.py:525} INFO - Filling up the DagBag from /home/airflow/.local/lib/python3.7/site-packages/airflow/example_dags/tutorial_dag.py
[2022-09-21T20:30:10.493+0000] {processor.py:768} INFO - DAG(s) dict_keys(['tutorial_dag']) retrieved from /home/airflow/.local/lib/python3.7/site-packages/airflow/example_dags/tutorial_dag.py
[2022-09-21T20:30:10.696+0000] {logging_mixin.py:117} INFO - [2022-09-21T20:30:10.695+0000] {dag.py:2573} INFO - Sync 1 DAGs
[2022-09-21T20:30:10.826+0000] {logging_mixin.py:117} INFO - [2022-09-21T20:30:10.821+0000] {dag.py:3328} INFO - Setting next_dagrun for tutorial_dag to None, run_after=None
[2022-09-21T20:30:10.970+0000] {processor.py:178} INFO - Processing /home/airflow/.local/lib/python3.7/site-packages/airflow/example_dags/tutorial_dag.py took 0.623 seconds
[2022-09-21T20:30:41.459+0000] {processor.py:156} INFO - Started process (PID=1267) to work on /home/airflow/.local/lib/python3.7/site-packages/airflow/example_dags/tutorial_dag.py
[2022-09-21T20:30:41.460+0000] {processor.py:758} INFO - Processing file /home/airflow/.local/lib/python3.7/site-packages/airflow/example_dags/tutorial_dag.py for tasks to queue
[2022-09-21T20:30:41.461+0000] {logging_mixin.py:117} INFO - [2022-09-21T20:30:41.461+0000] {dagbag.py:525} INFO - Filling up the DagBag from /home/airflow/.local/lib/python3.7/site-packages/airflow/example_dags/tutorial_dag.py
[2022-09-21T20:30:41.486+0000] {processor.py:768} INFO - DAG(s) dict_keys(['tutorial_dag']) retrieved from /home/airflow/.local/lib/python3.7/site-packages/airflow/example_dags/tutorial_dag.py
[2022-09-21T20:30:41.554+0000] {logging_mixin.py:117} INFO - [2022-09-21T20:30:41.553+0000] {dag.py:2573} INFO - Sync 1 DAGs
[2022-09-21T20:30:41.607+0000] {logging_mixin.py:117} INFO - [2022-09-21T20:30:41.607+0000] {dag.py:3328} INFO - Setting next_dagrun for tutorial_dag to None, run_after=None
[2022-09-21T20:30:41.641+0000] {processor.py:178} INFO - Processing /home/airflow/.local/lib/python3.7/site-packages/airflow/example_dags/tutorial_dag.py took 0.189 seconds
[2022-09-21T20:31:11.949+0000] {processor.py:156} INFO - Started process (PID=1322) to work on /home/airflow/.local/lib/python3.7/site-packages/airflow/example_dags/tutorial_dag.py
[2022-09-21T20:31:11.950+0000] {processor.py:758} INFO - Processing file /home/airflow/.local/lib/python3.7/site-packages/airflow/example_dags/tutorial_dag.py for tasks to queue
[2022-09-21T20:31:11.952+0000] {logging_mixin.py:117} INFO - [2022-09-21T20:31:11.952+0000] {dagbag.py:525} INFO - Filling up the DagBag from /home/airflow/.local/lib/python3.7/site-packages/airflow/example_dags/tutorial_dag.py
[2022-09-21T20:31:11.980+0000] {processor.py:768} INFO - DAG(s) dict_keys(['tutorial_dag']) retrieved from /home/airflow/.local/lib/python3.7/site-packages/airflow/example_dags/tutorial_dag.py
[2022-09-21T20:31:12.055+0000] {logging_mixin.py:117} INFO - [2022-09-21T20:31:12.054+0000] {dag.py:2573} INFO - Sync 1 DAGs
[2022-09-21T20:31:12.115+0000] {logging_mixin.py:117} INFO - [2022-09-21T20:31:12.115+0000] {dag.py:3328} INFO - Setting next_dagrun for tutorial_dag to None, run_after=None
[2022-09-21T20:31:12.180+0000] {processor.py:178} INFO - Processing /home/airflow/.local/lib/python3.7/site-packages/airflow/example_dags/tutorial_dag.py took 0.235 seconds
[2022-09-21T20:31:42.703+0000] {processor.py:156} INFO - Started process (PID=1386) to work on /home/airflow/.local/lib/python3.7/site-packages/airflow/example_dags/tutorial_dag.py
[2022-09-21T20:31:42.704+0000] {processor.py:758} INFO - Processing file /home/airflow/.local/lib/python3.7/site-packages/airflow/example_dags/tutorial_dag.py for tasks to queue
[2022-09-21T20:31:42.705+0000] {logging_mixin.py:117} INFO - [2022-09-21T20:31:42.705+0000] {dagbag.py:525} INFO - Filling up the DagBag from /home/airflow/.local/lib/python3.7/site-packages/airflow/example_dags/tutorial_dag.py
[2022-09-21T20:31:42.724+0000] {processor.py:768} INFO - DAG(s) dict_keys(['tutorial_dag']) retrieved from /home/airflow/.local/lib/python3.7/site-packages/airflow/example_dags/tutorial_dag.py
[2022-09-21T20:31:42.787+0000] {logging_mixin.py:117} INFO - [2022-09-21T20:31:42.786+0000] {dag.py:2573} INFO - Sync 1 DAGs
[2022-09-21T20:31:42.827+0000] {logging_mixin.py:117} INFO - [2022-09-21T20:31:42.827+0000] {dag.py:3328} INFO - Setting next_dagrun for tutorial_dag to None, run_after=None
[2022-09-21T20:31:42.856+0000] {processor.py:178} INFO - Processing /home/airflow/.local/lib/python3.7/site-packages/airflow/example_dags/tutorial_dag.py took 0.157 seconds
[2022-09-21T20:32:13.150+0000] {processor.py:156} INFO - Started process (PID=1441) to work on /home/airflow/.local/lib/python3.7/site-packages/airflow/example_dags/tutorial_dag.py
[2022-09-21T20:32:13.151+0000] {processor.py:758} INFO - Processing file /home/airflow/.local/lib/python3.7/site-packages/airflow/example_dags/tutorial_dag.py for tasks to queue
[2022-09-21T20:32:13.152+0000] {logging_mixin.py:117} INFO - [2022-09-21T20:32:13.151+0000] {dagbag.py:525} INFO - Filling up the DagBag from /home/airflow/.local/lib/python3.7/site-packages/airflow/example_dags/tutorial_dag.py
[2022-09-21T20:32:13.170+0000] {processor.py:768} INFO - DAG(s) dict_keys(['tutorial_dag']) retrieved from /home/airflow/.local/lib/python3.7/site-packages/airflow/example_dags/tutorial_dag.py
[2022-09-21T20:32:13.242+0000] {logging_mixin.py:117} INFO - [2022-09-21T20:32:13.242+0000] {dag.py:2573} INFO - Sync 1 DAGs
[2022-09-21T20:32:13.286+0000] {logging_mixin.py:117} INFO - [2022-09-21T20:32:13.285+0000] {dag.py:3328} INFO - Setting next_dagrun for tutorial_dag to None, run_after=None
[2022-09-21T20:32:13.311+0000] {processor.py:178} INFO - Processing /home/airflow/.local/lib/python3.7/site-packages/airflow/example_dags/tutorial_dag.py took 0.165 seconds
[2022-09-21T20:32:43.461+0000] {processor.py:156} INFO - Started process (PID=1506) to work on /home/airflow/.local/lib/python3.7/site-packages/airflow/example_dags/tutorial_dag.py
[2022-09-21T20:32:43.462+0000] {processor.py:758} INFO - Processing file /home/airflow/.local/lib/python3.7/site-packages/airflow/example_dags/tutorial_dag.py for tasks to queue
[2022-09-21T20:32:43.462+0000] {logging_mixin.py:117} INFO - [2022-09-21T20:32:43.462+0000] {dagbag.py:525} INFO - Filling up the DagBag from /home/airflow/.local/lib/python3.7/site-packages/airflow/example_dags/tutorial_dag.py
[2022-09-21T20:32:43.481+0000] {processor.py:768} INFO - DAG(s) dict_keys(['tutorial_dag']) retrieved from /home/airflow/.local/lib/python3.7/site-packages/airflow/example_dags/tutorial_dag.py
[2022-09-21T20:32:43.521+0000] {logging_mixin.py:117} INFO - [2022-09-21T20:32:43.521+0000] {dag.py:2573} INFO - Sync 1 DAGs
[2022-09-21T20:32:43.549+0000] {logging_mixin.py:117} INFO - [2022-09-21T20:32:43.549+0000] {dag.py:3328} INFO - Setting next_dagrun for tutorial_dag to None, run_after=None
[2022-09-21T20:32:43.570+0000] {processor.py:178} INFO - Processing /home/airflow/.local/lib/python3.7/site-packages/airflow/example_dags/tutorial_dag.py took 0.112 seconds
[2022-09-21T20:33:14.799+0000] {processor.py:156} INFO - Started process (PID=1566) to work on /home/airflow/.local/lib/python3.7/site-packages/airflow/example_dags/tutorial_dag.py
[2022-09-21T20:33:14.808+0000] {processor.py:758} INFO - Processing file /home/airflow/.local/lib/python3.7/site-packages/airflow/example_dags/tutorial_dag.py for tasks to queue
[2022-09-21T20:33:14.812+0000] {logging_mixin.py:117} INFO - [2022-09-21T20:33:14.812+0000] {dagbag.py:525} INFO - Filling up the DagBag from /home/airflow/.local/lib/python3.7/site-packages/airflow/example_dags/tutorial_dag.py
[2022-09-21T20:33:14.897+0000] {processor.py:768} INFO - DAG(s) dict_keys(['tutorial_dag']) retrieved from /home/airflow/.local/lib/python3.7/site-packages/airflow/example_dags/tutorial_dag.py
[2022-09-21T20:33:15.191+0000] {logging_mixin.py:117} INFO - [2022-09-21T20:33:15.190+0000] {dag.py:2573} INFO - Sync 1 DAGs
[2022-09-21T20:33:15.587+0000] {logging_mixin.py:117} INFO - [2022-09-21T20:33:15.586+0000] {dag.py:3328} INFO - Setting next_dagrun for tutorial_dag to None, run_after=None
[2022-09-21T20:33:15.838+0000] {processor.py:178} INFO - Processing /home/airflow/.local/lib/python3.7/site-packages/airflow/example_dags/tutorial_dag.py took 1.052 seconds
[2022-09-21T20:33:46.012+0000] {processor.py:156} INFO - Started process (PID=1622) to work on /home/airflow/.local/lib/python3.7/site-packages/airflow/example_dags/tutorial_dag.py
[2022-09-21T20:33:46.013+0000] {processor.py:758} INFO - Processing file /home/airflow/.local/lib/python3.7/site-packages/airflow/example_dags/tutorial_dag.py for tasks to queue
[2022-09-21T20:33:46.014+0000] {logging_mixin.py:117} INFO - [2022-09-21T20:33:46.014+0000] {dagbag.py:525} INFO - Filling up the DagBag from /home/airflow/.local/lib/python3.7/site-packages/airflow/example_dags/tutorial_dag.py
[2022-09-21T20:33:46.042+0000] {processor.py:768} INFO - DAG(s) dict_keys(['tutorial_dag']) retrieved from /home/airflow/.local/lib/python3.7/site-packages/airflow/example_dags/tutorial_dag.py
[2022-09-21T20:33:46.134+0000] {logging_mixin.py:117} INFO - [2022-09-21T20:33:46.134+0000] {dag.py:2573} INFO - Sync 1 DAGs
[2022-09-21T20:33:46.244+0000] {logging_mixin.py:117} INFO - [2022-09-21T20:33:46.244+0000] {dag.py:3328} INFO - Setting next_dagrun for tutorial_dag to None, run_after=None
[2022-09-21T20:33:46.287+0000] {processor.py:178} INFO - Processing /home/airflow/.local/lib/python3.7/site-packages/airflow/example_dags/tutorial_dag.py took 0.280 seconds
[2022-09-21T20:34:16.429+0000] {processor.py:156} INFO - Started process (PID=1678) to work on /home/airflow/.local/lib/python3.7/site-packages/airflow/example_dags/tutorial_dag.py
[2022-09-21T20:34:16.430+0000] {processor.py:758} INFO - Processing file /home/airflow/.local/lib/python3.7/site-packages/airflow/example_dags/tutorial_dag.py for tasks to queue
[2022-09-21T20:34:16.430+0000] {logging_mixin.py:117} INFO - [2022-09-21T20:34:16.430+0000] {dagbag.py:525} INFO - Filling up the DagBag from /home/airflow/.local/lib/python3.7/site-packages/airflow/example_dags/tutorial_dag.py
[2022-09-21T20:34:16.445+0000] {processor.py:768} INFO - DAG(s) dict_keys(['tutorial_dag']) retrieved from /home/airflow/.local/lib/python3.7/site-packages/airflow/example_dags/tutorial_dag.py
[2022-09-21T20:34:16.485+0000] {logging_mixin.py:117} INFO - [2022-09-21T20:34:16.485+0000] {dag.py:2573} INFO - Sync 1 DAGs
[2022-09-21T20:34:16.514+0000] {logging_mixin.py:117} INFO - [2022-09-21T20:34:16.514+0000] {dag.py:3328} INFO - Setting next_dagrun for tutorial_dag to None, run_after=None
[2022-09-21T20:34:16.534+0000] {processor.py:178} INFO - Processing /home/airflow/.local/lib/python3.7/site-packages/airflow/example_dags/tutorial_dag.py took 0.108 seconds
[2022-09-21T20:34:46.623+0000] {processor.py:156} INFO - Started process (PID=1732) to work on /home/airflow/.local/lib/python3.7/site-packages/airflow/example_dags/tutorial_dag.py
[2022-09-21T20:34:46.624+0000] {processor.py:758} INFO - Processing file /home/airflow/.local/lib/python3.7/site-packages/airflow/example_dags/tutorial_dag.py for tasks to queue
[2022-09-21T20:34:46.625+0000] {logging_mixin.py:117} INFO - [2022-09-21T20:34:46.625+0000] {dagbag.py:525} INFO - Filling up the DagBag from /home/airflow/.local/lib/python3.7/site-packages/airflow/example_dags/tutorial_dag.py
[2022-09-21T20:34:46.637+0000] {processor.py:768} INFO - DAG(s) dict_keys(['tutorial_dag']) retrieved from /home/airflow/.local/lib/python3.7/site-packages/airflow/example_dags/tutorial_dag.py
[2022-09-21T20:34:46.689+0000] {logging_mixin.py:117} INFO - [2022-09-21T20:34:46.688+0000] {dag.py:2573} INFO - Sync 1 DAGs
[2022-09-21T20:34:46.729+0000] {logging_mixin.py:117} INFO - [2022-09-21T20:34:46.729+0000] {dag.py:3328} INFO - Setting next_dagrun for tutorial_dag to None, run_after=None
[2022-09-21T20:34:46.758+0000] {processor.py:178} INFO - Processing /home/airflow/.local/lib/python3.7/site-packages/airflow/example_dags/tutorial_dag.py took 0.139 seconds
[2022-09-21T20:35:16.913+0000] {processor.py:156} INFO - Started process (PID=1797) to work on /home/airflow/.local/lib/python3.7/site-packages/airflow/example_dags/tutorial_dag.py
[2022-09-21T20:35:16.914+0000] {processor.py:758} INFO - Processing file /home/airflow/.local/lib/python3.7/site-packages/airflow/example_dags/tutorial_dag.py for tasks to queue
[2022-09-21T20:35:16.914+0000] {logging_mixin.py:117} INFO - [2022-09-21T20:35:16.914+0000] {dagbag.py:525} INFO - Filling up the DagBag from /home/airflow/.local/lib/python3.7/site-packages/airflow/example_dags/tutorial_dag.py
[2022-09-21T20:35:16.927+0000] {processor.py:768} INFO - DAG(s) dict_keys(['tutorial_dag']) retrieved from /home/airflow/.local/lib/python3.7/site-packages/airflow/example_dags/tutorial_dag.py
[2022-09-21T20:35:16.978+0000] {logging_mixin.py:117} INFO - [2022-09-21T20:35:16.978+0000] {dag.py:2573} INFO - Sync 1 DAGs
[2022-09-21T20:35:17.024+0000] {logging_mixin.py:117} INFO - [2022-09-21T20:35:17.024+0000] {dag.py:3328} INFO - Setting next_dagrun for tutorial_dag to None, run_after=None
[2022-09-21T20:35:17.055+0000] {processor.py:178} INFO - Processing /home/airflow/.local/lib/python3.7/site-packages/airflow/example_dags/tutorial_dag.py took 0.145 seconds
