[2022-09-21T20:16:39.633+0000] {processor.py:156} INFO - Started process (PID=60) to work on /home/airflow/.local/lib/python3.7/site-packages/airflow/example_dags/example_xcomargs.py
[2022-09-21T20:16:39.634+0000] {processor.py:758} INFO - Processing file /home/airflow/.local/lib/python3.7/site-packages/airflow/example_dags/example_xcomargs.py for tasks to queue
[2022-09-21T20:16:39.645+0000] {logging_mixin.py:117} INFO - [2022-09-21T20:16:39.645+0000] {dagbag.py:525} INFO - Filling up the DagBag from /home/airflow/.local/lib/python3.7/site-packages/airflow/example_dags/example_xcomargs.py
[2022-09-21T20:16:39.747+0000] {processor.py:768} INFO - DAG(s) dict_keys(['example_xcom_args_with_operators', 'example_xcom_args']) retrieved from /home/airflow/.local/lib/python3.7/site-packages/airflow/example_dags/example_xcomargs.py
[2022-09-21T20:16:57.110+0000] {logging_mixin.py:117} INFO - [2022-09-21T20:16:57.110+0000] {dag.py:2573} INFO - Sync 2 DAGs
[2022-09-21T20:16:57.231+0000] {logging_mixin.py:117} INFO - [2022-09-21T20:16:57.230+0000] {dag.py:3328} INFO - Setting next_dagrun for example_xcom_args to None, run_after=None
[2022-09-21T20:16:57.237+0000] {logging_mixin.py:117} INFO - [2022-09-21T20:16:57.237+0000] {dag.py:3328} INFO - Setting next_dagrun for example_xcom_args_with_operators to None, run_after=None
[2022-09-21T20:16:57.286+0000] {processor.py:178} INFO - Processing /home/airflow/.local/lib/python3.7/site-packages/airflow/example_dags/example_xcomargs.py took 17.660 seconds
[2022-09-21T20:20:23.976+0000] {processor.py:156} INFO - Started process (PID=58) to work on /home/airflow/.local/lib/python3.7/site-packages/airflow/example_dags/example_xcomargs.py
[2022-09-21T20:20:23.981+0000] {processor.py:758} INFO - Processing file /home/airflow/.local/lib/python3.7/site-packages/airflow/example_dags/example_xcomargs.py for tasks to queue
[2022-09-21T20:20:23.982+0000] {logging_mixin.py:117} INFO - [2022-09-21T20:20:23.982+0000] {dagbag.py:525} INFO - Filling up the DagBag from /home/airflow/.local/lib/python3.7/site-packages/airflow/example_dags/example_xcomargs.py
[2022-09-21T20:20:24.050+0000] {processor.py:768} INFO - DAG(s) dict_keys(['example_xcom_args', 'example_xcom_args_with_operators']) retrieved from /home/airflow/.local/lib/python3.7/site-packages/airflow/example_dags/example_xcomargs.py
[2022-09-21T20:20:24.399+0000] {logging_mixin.py:117} INFO - [2022-09-21T20:20:24.398+0000] {dag.py:2573} INFO - Sync 2 DAGs
[2022-09-21T20:20:24.494+0000] {logging_mixin.py:117} INFO - [2022-09-21T20:20:24.493+0000] {dag.py:3328} INFO - Setting next_dagrun for example_xcom_args to None, run_after=None
[2022-09-21T20:20:24.506+0000] {logging_mixin.py:117} INFO - [2022-09-21T20:20:24.506+0000] {dag.py:3328} INFO - Setting next_dagrun for example_xcom_args_with_operators to None, run_after=None
[2022-09-21T20:20:24.566+0000] {processor.py:178} INFO - Processing /home/airflow/.local/lib/python3.7/site-packages/airflow/example_dags/example_xcomargs.py took 0.607 seconds
[2022-09-21T20:20:54.887+0000] {processor.py:156} INFO - Started process (PID=113) to work on /home/airflow/.local/lib/python3.7/site-packages/airflow/example_dags/example_xcomargs.py
[2022-09-21T20:20:54.903+0000] {processor.py:758} INFO - Processing file /home/airflow/.local/lib/python3.7/site-packages/airflow/example_dags/example_xcomargs.py for tasks to queue
[2022-09-21T20:20:54.904+0000] {logging_mixin.py:117} INFO - [2022-09-21T20:20:54.904+0000] {dagbag.py:525} INFO - Filling up the DagBag from /home/airflow/.local/lib/python3.7/site-packages/airflow/example_dags/example_xcomargs.py
[2022-09-21T20:20:55.295+0000] {processor.py:768} INFO - DAG(s) dict_keys(['example_xcom_args_with_operators', 'example_xcom_args']) retrieved from /home/airflow/.local/lib/python3.7/site-packages/airflow/example_dags/example_xcomargs.py
[2022-09-21T20:20:55.477+0000] {logging_mixin.py:117} INFO - [2022-09-21T20:20:55.477+0000] {dag.py:2573} INFO - Sync 2 DAGs
[2022-09-21T20:20:55.547+0000] {logging_mixin.py:117} INFO - [2022-09-21T20:20:55.547+0000] {dag.py:3328} INFO - Setting next_dagrun for example_xcom_args to None, run_after=None
[2022-09-21T20:20:55.554+0000] {logging_mixin.py:117} INFO - [2022-09-21T20:20:55.553+0000] {dag.py:3328} INFO - Setting next_dagrun for example_xcom_args_with_operators to None, run_after=None
[2022-09-21T20:20:55.599+0000] {processor.py:178} INFO - Processing /home/airflow/.local/lib/python3.7/site-packages/airflow/example_dags/example_xcomargs.py took 0.716 seconds
[2022-09-21T20:21:26.352+0000] {processor.py:156} INFO - Started process (PID=169) to work on /home/airflow/.local/lib/python3.7/site-packages/airflow/example_dags/example_xcomargs.py
[2022-09-21T20:21:26.353+0000] {processor.py:758} INFO - Processing file /home/airflow/.local/lib/python3.7/site-packages/airflow/example_dags/example_xcomargs.py for tasks to queue
[2022-09-21T20:21:26.354+0000] {logging_mixin.py:117} INFO - [2022-09-21T20:21:26.354+0000] {dagbag.py:525} INFO - Filling up the DagBag from /home/airflow/.local/lib/python3.7/site-packages/airflow/example_dags/example_xcomargs.py
[2022-09-21T20:21:26.581+0000] {processor.py:768} INFO - DAG(s) dict_keys(['example_xcom_args_with_operators', 'example_xcom_args']) retrieved from /home/airflow/.local/lib/python3.7/site-packages/airflow/example_dags/example_xcomargs.py
[2022-09-21T20:21:26.645+0000] {logging_mixin.py:117} INFO - [2022-09-21T20:21:26.645+0000] {dag.py:2573} INFO - Sync 2 DAGs
[2022-09-21T20:21:26.692+0000] {logging_mixin.py:117} INFO - [2022-09-21T20:21:26.691+0000] {dag.py:3328} INFO - Setting next_dagrun for example_xcom_args to None, run_after=None
[2022-09-21T20:21:26.698+0000] {logging_mixin.py:117} INFO - [2022-09-21T20:21:26.697+0000] {dag.py:3328} INFO - Setting next_dagrun for example_xcom_args_with_operators to None, run_after=None
[2022-09-21T20:21:26.743+0000] {processor.py:178} INFO - Processing /home/airflow/.local/lib/python3.7/site-packages/airflow/example_dags/example_xcomargs.py took 0.395 seconds
[2022-09-21T20:21:57.068+0000] {processor.py:156} INFO - Started process (PID=232) to work on /home/airflow/.local/lib/python3.7/site-packages/airflow/example_dags/example_xcomargs.py
[2022-09-21T20:21:57.069+0000] {processor.py:758} INFO - Processing file /home/airflow/.local/lib/python3.7/site-packages/airflow/example_dags/example_xcomargs.py for tasks to queue
[2022-09-21T20:21:57.070+0000] {logging_mixin.py:117} INFO - [2022-09-21T20:21:57.070+0000] {dagbag.py:525} INFO - Filling up the DagBag from /home/airflow/.local/lib/python3.7/site-packages/airflow/example_dags/example_xcomargs.py
[2022-09-21T20:21:57.253+0000] {processor.py:768} INFO - DAG(s) dict_keys(['example_xcom_args', 'example_xcom_args_with_operators']) retrieved from /home/airflow/.local/lib/python3.7/site-packages/airflow/example_dags/example_xcomargs.py
[2022-09-21T20:21:57.286+0000] {logging_mixin.py:117} INFO - [2022-09-21T20:21:57.286+0000] {dag.py:2573} INFO - Sync 2 DAGs
[2022-09-21T20:21:57.319+0000] {logging_mixin.py:117} INFO - [2022-09-21T20:21:57.319+0000] {dag.py:3328} INFO - Setting next_dagrun for example_xcom_args to None, run_after=None
[2022-09-21T20:21:57.323+0000] {logging_mixin.py:117} INFO - [2022-09-21T20:21:57.322+0000] {dag.py:3328} INFO - Setting next_dagrun for example_xcom_args_with_operators to None, run_after=None
[2022-09-21T20:21:57.350+0000] {processor.py:178} INFO - Processing /home/airflow/.local/lib/python3.7/site-packages/airflow/example_dags/example_xcomargs.py took 0.286 seconds
[2022-09-21T20:22:28.246+0000] {processor.py:156} INFO - Started process (PID=288) to work on /home/airflow/.local/lib/python3.7/site-packages/airflow/example_dags/example_xcomargs.py
[2022-09-21T20:22:28.249+0000] {processor.py:758} INFO - Processing file /home/airflow/.local/lib/python3.7/site-packages/airflow/example_dags/example_xcomargs.py for tasks to queue
[2022-09-21T20:22:28.249+0000] {logging_mixin.py:117} INFO - [2022-09-21T20:22:28.249+0000] {dagbag.py:525} INFO - Filling up the DagBag from /home/airflow/.local/lib/python3.7/site-packages/airflow/example_dags/example_xcomargs.py
[2022-09-21T20:22:28.295+0000] {processor.py:768} INFO - DAG(s) dict_keys(['example_xcom_args_with_operators', 'example_xcom_args']) retrieved from /home/airflow/.local/lib/python3.7/site-packages/airflow/example_dags/example_xcomargs.py
[2022-09-21T20:22:28.373+0000] {logging_mixin.py:117} INFO - [2022-09-21T20:22:28.373+0000] {dag.py:2573} INFO - Sync 2 DAGs
[2022-09-21T20:22:28.426+0000] {logging_mixin.py:117} INFO - [2022-09-21T20:22:28.426+0000] {dag.py:3328} INFO - Setting next_dagrun for example_xcom_args to None, run_after=None
[2022-09-21T20:22:28.433+0000] {logging_mixin.py:117} INFO - [2022-09-21T20:22:28.433+0000] {dag.py:3328} INFO - Setting next_dagrun for example_xcom_args_with_operators to None, run_after=None
[2022-09-21T20:22:28.458+0000] {processor.py:178} INFO - Processing /home/airflow/.local/lib/python3.7/site-packages/airflow/example_dags/example_xcomargs.py took 0.217 seconds
[2022-09-21T20:22:58.889+0000] {processor.py:156} INFO - Started process (PID=352) to work on /home/airflow/.local/lib/python3.7/site-packages/airflow/example_dags/example_xcomargs.py
[2022-09-21T20:22:58.890+0000] {processor.py:758} INFO - Processing file /home/airflow/.local/lib/python3.7/site-packages/airflow/example_dags/example_xcomargs.py for tasks to queue
[2022-09-21T20:22:58.890+0000] {logging_mixin.py:117} INFO - [2022-09-21T20:22:58.890+0000] {dagbag.py:525} INFO - Filling up the DagBag from /home/airflow/.local/lib/python3.7/site-packages/airflow/example_dags/example_xcomargs.py
[2022-09-21T20:22:58.918+0000] {processor.py:768} INFO - DAG(s) dict_keys(['example_xcom_args', 'example_xcom_args_with_operators']) retrieved from /home/airflow/.local/lib/python3.7/site-packages/airflow/example_dags/example_xcomargs.py
[2022-09-21T20:22:58.947+0000] {logging_mixin.py:117} INFO - [2022-09-21T20:22:58.947+0000] {dag.py:2573} INFO - Sync 2 DAGs
[2022-09-21T20:22:58.974+0000] {logging_mixin.py:117} INFO - [2022-09-21T20:22:58.974+0000] {dag.py:3328} INFO - Setting next_dagrun for example_xcom_args to None, run_after=None
[2022-09-21T20:22:58.979+0000] {logging_mixin.py:117} INFO - [2022-09-21T20:22:58.979+0000] {dag.py:3328} INFO - Setting next_dagrun for example_xcom_args_with_operators to None, run_after=None
[2022-09-21T20:22:59.003+0000] {processor.py:178} INFO - Processing /home/airflow/.local/lib/python3.7/site-packages/airflow/example_dags/example_xcomargs.py took 0.118 seconds
[2022-09-21T20:23:29.377+0000] {processor.py:156} INFO - Started process (PID=416) to work on /home/airflow/.local/lib/python3.7/site-packages/airflow/example_dags/example_xcomargs.py
[2022-09-21T20:23:29.378+0000] {processor.py:758} INFO - Processing file /home/airflow/.local/lib/python3.7/site-packages/airflow/example_dags/example_xcomargs.py for tasks to queue
[2022-09-21T20:23:29.379+0000] {logging_mixin.py:117} INFO - [2022-09-21T20:23:29.379+0000] {dagbag.py:525} INFO - Filling up the DagBag from /home/airflow/.local/lib/python3.7/site-packages/airflow/example_dags/example_xcomargs.py
[2022-09-21T20:23:29.421+0000] {processor.py:768} INFO - DAG(s) dict_keys(['example_xcom_args', 'example_xcom_args_with_operators']) retrieved from /home/airflow/.local/lib/python3.7/site-packages/airflow/example_dags/example_xcomargs.py
[2022-09-21T20:23:29.487+0000] {logging_mixin.py:117} INFO - [2022-09-21T20:23:29.487+0000] {dag.py:2573} INFO - Sync 2 DAGs
[2022-09-21T20:23:29.535+0000] {logging_mixin.py:117} INFO - [2022-09-21T20:23:29.534+0000] {dag.py:3328} INFO - Setting next_dagrun for example_xcom_args to None, run_after=None
[2022-09-21T20:23:29.541+0000] {logging_mixin.py:117} INFO - [2022-09-21T20:23:29.540+0000] {dag.py:3328} INFO - Setting next_dagrun for example_xcom_args_with_operators to None, run_after=None
[2022-09-21T20:23:29.572+0000] {processor.py:178} INFO - Processing /home/airflow/.local/lib/python3.7/site-packages/airflow/example_dags/example_xcomargs.py took 0.199 seconds
[2022-09-21T20:23:59.709+0000] {processor.py:156} INFO - Started process (PID=471) to work on /home/airflow/.local/lib/python3.7/site-packages/airflow/example_dags/example_xcomargs.py
[2022-09-21T20:23:59.710+0000] {processor.py:758} INFO - Processing file /home/airflow/.local/lib/python3.7/site-packages/airflow/example_dags/example_xcomargs.py for tasks to queue
[2022-09-21T20:23:59.710+0000] {logging_mixin.py:117} INFO - [2022-09-21T20:23:59.710+0000] {dagbag.py:525} INFO - Filling up the DagBag from /home/airflow/.local/lib/python3.7/site-packages/airflow/example_dags/example_xcomargs.py
[2022-09-21T20:23:59.744+0000] {processor.py:768} INFO - DAG(s) dict_keys(['example_xcom_args', 'example_xcom_args_with_operators']) retrieved from /home/airflow/.local/lib/python3.7/site-packages/airflow/example_dags/example_xcomargs.py
[2022-09-21T20:23:59.796+0000] {logging_mixin.py:117} INFO - [2022-09-21T20:23:59.795+0000] {dag.py:2573} INFO - Sync 2 DAGs
[2022-09-21T20:23:59.825+0000] {logging_mixin.py:117} INFO - [2022-09-21T20:23:59.824+0000] {dag.py:3328} INFO - Setting next_dagrun for example_xcom_args to None, run_after=None
[2022-09-21T20:23:59.830+0000] {logging_mixin.py:117} INFO - [2022-09-21T20:23:59.830+0000] {dag.py:3328} INFO - Setting next_dagrun for example_xcom_args_with_operators to None, run_after=None
[2022-09-21T20:23:59.855+0000] {processor.py:178} INFO - Processing /home/airflow/.local/lib/python3.7/site-packages/airflow/example_dags/example_xcomargs.py took 0.150 seconds
[2022-09-21T20:24:30.247+0000] {processor.py:156} INFO - Started process (PID=535) to work on /home/airflow/.local/lib/python3.7/site-packages/airflow/example_dags/example_xcomargs.py
[2022-09-21T20:24:30.248+0000] {processor.py:758} INFO - Processing file /home/airflow/.local/lib/python3.7/site-packages/airflow/example_dags/example_xcomargs.py for tasks to queue
[2022-09-21T20:24:30.249+0000] {logging_mixin.py:117} INFO - [2022-09-21T20:24:30.249+0000] {dagbag.py:525} INFO - Filling up the DagBag from /home/airflow/.local/lib/python3.7/site-packages/airflow/example_dags/example_xcomargs.py
[2022-09-21T20:24:30.290+0000] {processor.py:768} INFO - DAG(s) dict_keys(['example_xcom_args_with_operators', 'example_xcom_args']) retrieved from /home/airflow/.local/lib/python3.7/site-packages/airflow/example_dags/example_xcomargs.py
[2022-09-21T20:24:30.374+0000] {logging_mixin.py:117} INFO - [2022-09-21T20:24:30.373+0000] {dag.py:2573} INFO - Sync 2 DAGs
[2022-09-21T20:24:30.425+0000] {logging_mixin.py:117} INFO - [2022-09-21T20:24:30.425+0000] {dag.py:3328} INFO - Setting next_dagrun for example_xcom_args to None, run_after=None
[2022-09-21T20:24:30.431+0000] {logging_mixin.py:117} INFO - [2022-09-21T20:24:30.431+0000] {dag.py:3328} INFO - Setting next_dagrun for example_xcom_args_with_operators to None, run_after=None
[2022-09-21T20:24:30.460+0000] {processor.py:178} INFO - Processing /home/airflow/.local/lib/python3.7/site-packages/airflow/example_dags/example_xcomargs.py took 0.217 seconds
[2022-09-21T20:25:00.603+0000] {processor.py:156} INFO - Started process (PID=590) to work on /home/airflow/.local/lib/python3.7/site-packages/airflow/example_dags/example_xcomargs.py
[2022-09-21T20:25:00.603+0000] {processor.py:758} INFO - Processing file /home/airflow/.local/lib/python3.7/site-packages/airflow/example_dags/example_xcomargs.py for tasks to queue
[2022-09-21T20:25:00.604+0000] {logging_mixin.py:117} INFO - [2022-09-21T20:25:00.604+0000] {dagbag.py:525} INFO - Filling up the DagBag from /home/airflow/.local/lib/python3.7/site-packages/airflow/example_dags/example_xcomargs.py
[2022-09-21T20:25:00.644+0000] {processor.py:768} INFO - DAG(s) dict_keys(['example_xcom_args', 'example_xcom_args_with_operators']) retrieved from /home/airflow/.local/lib/python3.7/site-packages/airflow/example_dags/example_xcomargs.py
[2022-09-21T20:25:00.684+0000] {logging_mixin.py:117} INFO - [2022-09-21T20:25:00.684+0000] {dag.py:2573} INFO - Sync 2 DAGs
[2022-09-21T20:25:00.731+0000] {logging_mixin.py:117} INFO - [2022-09-21T20:25:00.731+0000] {dag.py:3328} INFO - Setting next_dagrun for example_xcom_args to None, run_after=None
[2022-09-21T20:25:00.738+0000] {logging_mixin.py:117} INFO - [2022-09-21T20:25:00.737+0000] {dag.py:3328} INFO - Setting next_dagrun for example_xcom_args_with_operators to None, run_after=None
[2022-09-21T20:25:00.765+0000] {processor.py:178} INFO - Processing /home/airflow/.local/lib/python3.7/site-packages/airflow/example_dags/example_xcomargs.py took 0.167 seconds
[2022-09-21T20:25:31.039+0000] {processor.py:156} INFO - Started process (PID=654) to work on /home/airflow/.local/lib/python3.7/site-packages/airflow/example_dags/example_xcomargs.py
[2022-09-21T20:25:31.040+0000] {processor.py:758} INFO - Processing file /home/airflow/.local/lib/python3.7/site-packages/airflow/example_dags/example_xcomargs.py for tasks to queue
[2022-09-21T20:25:31.040+0000] {logging_mixin.py:117} INFO - [2022-09-21T20:25:31.040+0000] {dagbag.py:525} INFO - Filling up the DagBag from /home/airflow/.local/lib/python3.7/site-packages/airflow/example_dags/example_xcomargs.py
[2022-09-21T20:25:31.063+0000] {processor.py:768} INFO - DAG(s) dict_keys(['example_xcom_args_with_operators', 'example_xcom_args']) retrieved from /home/airflow/.local/lib/python3.7/site-packages/airflow/example_dags/example_xcomargs.py
[2022-09-21T20:25:31.099+0000] {logging_mixin.py:117} INFO - [2022-09-21T20:25:31.098+0000] {dag.py:2573} INFO - Sync 2 DAGs
[2022-09-21T20:25:31.124+0000] {logging_mixin.py:117} INFO - [2022-09-21T20:25:31.124+0000] {dag.py:3328} INFO - Setting next_dagrun for example_xcom_args to None, run_after=None
[2022-09-21T20:25:31.128+0000] {logging_mixin.py:117} INFO - [2022-09-21T20:25:31.128+0000] {dag.py:3328} INFO - Setting next_dagrun for example_xcom_args_with_operators to None, run_after=None
[2022-09-21T20:25:31.147+0000] {processor.py:178} INFO - Processing /home/airflow/.local/lib/python3.7/site-packages/airflow/example_dags/example_xcomargs.py took 0.111 seconds
[2022-09-21T20:26:01.379+0000] {processor.py:156} INFO - Started process (PID=709) to work on /home/airflow/.local/lib/python3.7/site-packages/airflow/example_dags/example_xcomargs.py
[2022-09-21T20:26:01.380+0000] {processor.py:758} INFO - Processing file /home/airflow/.local/lib/python3.7/site-packages/airflow/example_dags/example_xcomargs.py for tasks to queue
[2022-09-21T20:26:01.380+0000] {logging_mixin.py:117} INFO - [2022-09-21T20:26:01.380+0000] {dagbag.py:525} INFO - Filling up the DagBag from /home/airflow/.local/lib/python3.7/site-packages/airflow/example_dags/example_xcomargs.py
[2022-09-21T20:26:01.403+0000] {processor.py:768} INFO - DAG(s) dict_keys(['example_xcom_args_with_operators', 'example_xcom_args']) retrieved from /home/airflow/.local/lib/python3.7/site-packages/airflow/example_dags/example_xcomargs.py
[2022-09-21T20:26:01.446+0000] {logging_mixin.py:117} INFO - [2022-09-21T20:26:01.446+0000] {dag.py:2573} INFO - Sync 2 DAGs
[2022-09-21T20:26:01.471+0000] {logging_mixin.py:117} INFO - [2022-09-21T20:26:01.471+0000] {dag.py:3328} INFO - Setting next_dagrun for example_xcom_args to None, run_after=None
[2022-09-21T20:26:01.474+0000] {logging_mixin.py:117} INFO - [2022-09-21T20:26:01.474+0000] {dag.py:3328} INFO - Setting next_dagrun for example_xcom_args_with_operators to None, run_after=None
[2022-09-21T20:26:01.491+0000] {processor.py:178} INFO - Processing /home/airflow/.local/lib/python3.7/site-packages/airflow/example_dags/example_xcomargs.py took 0.115 seconds
[2022-09-21T20:26:31.884+0000] {processor.py:156} INFO - Started process (PID=772) to work on /home/airflow/.local/lib/python3.7/site-packages/airflow/example_dags/example_xcomargs.py
[2022-09-21T20:26:31.885+0000] {processor.py:758} INFO - Processing file /home/airflow/.local/lib/python3.7/site-packages/airflow/example_dags/example_xcomargs.py for tasks to queue
[2022-09-21T20:26:31.886+0000] {logging_mixin.py:117} INFO - [2022-09-21T20:26:31.885+0000] {dagbag.py:525} INFO - Filling up the DagBag from /home/airflow/.local/lib/python3.7/site-packages/airflow/example_dags/example_xcomargs.py
[2022-09-21T20:26:31.911+0000] {processor.py:768} INFO - DAG(s) dict_keys(['example_xcom_args_with_operators', 'example_xcom_args']) retrieved from /home/airflow/.local/lib/python3.7/site-packages/airflow/example_dags/example_xcomargs.py
[2022-09-21T20:26:31.957+0000] {logging_mixin.py:117} INFO - [2022-09-21T20:26:31.957+0000] {dag.py:2573} INFO - Sync 2 DAGs
[2022-09-21T20:26:31.992+0000] {logging_mixin.py:117} INFO - [2022-09-21T20:26:31.992+0000] {dag.py:3328} INFO - Setting next_dagrun for example_xcom_args to None, run_after=None
[2022-09-21T20:26:31.996+0000] {logging_mixin.py:117} INFO - [2022-09-21T20:26:31.996+0000] {dag.py:3328} INFO - Setting next_dagrun for example_xcom_args_with_operators to None, run_after=None
[2022-09-21T20:26:32.018+0000] {processor.py:178} INFO - Processing /home/airflow/.local/lib/python3.7/site-packages/airflow/example_dags/example_xcomargs.py took 0.136 seconds
[2022-09-21T20:27:02.813+0000] {processor.py:156} INFO - Started process (PID=836) to work on /home/airflow/.local/lib/python3.7/site-packages/airflow/example_dags/example_xcomargs.py
[2022-09-21T20:27:02.817+0000] {processor.py:758} INFO - Processing file /home/airflow/.local/lib/python3.7/site-packages/airflow/example_dags/example_xcomargs.py for tasks to queue
[2022-09-21T20:27:02.817+0000] {logging_mixin.py:117} INFO - [2022-09-21T20:27:02.817+0000] {dagbag.py:525} INFO - Filling up the DagBag from /home/airflow/.local/lib/python3.7/site-packages/airflow/example_dags/example_xcomargs.py
[2022-09-21T20:27:02.838+0000] {processor.py:768} INFO - DAG(s) dict_keys(['example_xcom_args', 'example_xcom_args_with_operators']) retrieved from /home/airflow/.local/lib/python3.7/site-packages/airflow/example_dags/example_xcomargs.py
[2022-09-21T20:27:02.873+0000] {logging_mixin.py:117} INFO - [2022-09-21T20:27:02.873+0000] {dag.py:2573} INFO - Sync 2 DAGs
[2022-09-21T20:27:02.894+0000] {logging_mixin.py:117} INFO - [2022-09-21T20:27:02.894+0000] {dag.py:3328} INFO - Setting next_dagrun for example_xcom_args to None, run_after=None
[2022-09-21T20:27:02.897+0000] {logging_mixin.py:117} INFO - [2022-09-21T20:27:02.896+0000] {dag.py:3328} INFO - Setting next_dagrun for example_xcom_args_with_operators to None, run_after=None
[2022-09-21T20:27:02.913+0000] {processor.py:178} INFO - Processing /home/airflow/.local/lib/python3.7/site-packages/airflow/example_dags/example_xcomargs.py took 0.102 seconds
[2022-09-21T20:27:33.108+0000] {processor.py:156} INFO - Started process (PID=891) to work on /home/airflow/.local/lib/python3.7/site-packages/airflow/example_dags/example_xcomargs.py
[2022-09-21T20:27:33.108+0000] {processor.py:758} INFO - Processing file /home/airflow/.local/lib/python3.7/site-packages/airflow/example_dags/example_xcomargs.py for tasks to queue
[2022-09-21T20:27:33.109+0000] {logging_mixin.py:117} INFO - [2022-09-21T20:27:33.109+0000] {dagbag.py:525} INFO - Filling up the DagBag from /home/airflow/.local/lib/python3.7/site-packages/airflow/example_dags/example_xcomargs.py
[2022-09-21T20:27:33.131+0000] {processor.py:768} INFO - DAG(s) dict_keys(['example_xcom_args', 'example_xcom_args_with_operators']) retrieved from /home/airflow/.local/lib/python3.7/site-packages/airflow/example_dags/example_xcomargs.py
[2022-09-21T20:27:33.170+0000] {logging_mixin.py:117} INFO - [2022-09-21T20:27:33.170+0000] {dag.py:2573} INFO - Sync 2 DAGs
[2022-09-21T20:27:33.195+0000] {logging_mixin.py:117} INFO - [2022-09-21T20:27:33.195+0000] {dag.py:3328} INFO - Setting next_dagrun for example_xcom_args to None, run_after=None
[2022-09-21T20:27:33.199+0000] {logging_mixin.py:117} INFO - [2022-09-21T20:27:33.198+0000] {dag.py:3328} INFO - Setting next_dagrun for example_xcom_args_with_operators to None, run_after=None
[2022-09-21T20:27:33.217+0000] {processor.py:178} INFO - Processing /home/airflow/.local/lib/python3.7/site-packages/airflow/example_dags/example_xcomargs.py took 0.112 seconds
[2022-09-21T20:28:03.649+0000] {processor.py:156} INFO - Started process (PID=955) to work on /home/airflow/.local/lib/python3.7/site-packages/airflow/example_dags/example_xcomargs.py
[2022-09-21T20:28:03.651+0000] {processor.py:758} INFO - Processing file /home/airflow/.local/lib/python3.7/site-packages/airflow/example_dags/example_xcomargs.py for tasks to queue
[2022-09-21T20:28:03.652+0000] {logging_mixin.py:117} INFO - [2022-09-21T20:28:03.652+0000] {dagbag.py:525} INFO - Filling up the DagBag from /home/airflow/.local/lib/python3.7/site-packages/airflow/example_dags/example_xcomargs.py
[2022-09-21T20:28:03.697+0000] {processor.py:768} INFO - DAG(s) dict_keys(['example_xcom_args', 'example_xcom_args_with_operators']) retrieved from /home/airflow/.local/lib/python3.7/site-packages/airflow/example_dags/example_xcomargs.py
[2022-09-21T20:28:03.762+0000] {logging_mixin.py:117} INFO - [2022-09-21T20:28:03.762+0000] {dag.py:2573} INFO - Sync 2 DAGs
[2022-09-21T20:28:03.786+0000] {logging_mixin.py:117} INFO - [2022-09-21T20:28:03.785+0000] {dag.py:3328} INFO - Setting next_dagrun for example_xcom_args to None, run_after=None
[2022-09-21T20:28:03.789+0000] {logging_mixin.py:117} INFO - [2022-09-21T20:28:03.789+0000] {dag.py:3328} INFO - Setting next_dagrun for example_xcom_args_with_operators to None, run_after=None
[2022-09-21T20:28:03.808+0000] {processor.py:178} INFO - Processing /home/airflow/.local/lib/python3.7/site-packages/airflow/example_dags/example_xcomargs.py took 0.164 seconds
[2022-09-21T20:28:34.430+0000] {processor.py:156} INFO - Started process (PID=1018) to work on /home/airflow/.local/lib/python3.7/site-packages/airflow/example_dags/example_xcomargs.py
[2022-09-21T20:28:34.434+0000] {processor.py:758} INFO - Processing file /home/airflow/.local/lib/python3.7/site-packages/airflow/example_dags/example_xcomargs.py for tasks to queue
[2022-09-21T20:28:34.434+0000] {logging_mixin.py:117} INFO - [2022-09-21T20:28:34.434+0000] {dagbag.py:525} INFO - Filling up the DagBag from /home/airflow/.local/lib/python3.7/site-packages/airflow/example_dags/example_xcomargs.py
[2022-09-21T20:28:34.456+0000] {processor.py:768} INFO - DAG(s) dict_keys(['example_xcom_args_with_operators', 'example_xcom_args']) retrieved from /home/airflow/.local/lib/python3.7/site-packages/airflow/example_dags/example_xcomargs.py
[2022-09-21T20:28:34.497+0000] {logging_mixin.py:117} INFO - [2022-09-21T20:28:34.497+0000] {dag.py:2573} INFO - Sync 2 DAGs
[2022-09-21T20:28:34.525+0000] {logging_mixin.py:117} INFO - [2022-09-21T20:28:34.525+0000] {dag.py:3328} INFO - Setting next_dagrun for example_xcom_args to None, run_after=None
[2022-09-21T20:28:34.530+0000] {logging_mixin.py:117} INFO - [2022-09-21T20:28:34.529+0000] {dag.py:3328} INFO - Setting next_dagrun for example_xcom_args_with_operators to None, run_after=None
[2022-09-21T20:28:34.546+0000] {processor.py:178} INFO - Processing /home/airflow/.local/lib/python3.7/site-packages/airflow/example_dags/example_xcomargs.py took 0.118 seconds
[2022-09-21T20:29:05.279+0000] {processor.py:156} INFO - Started process (PID=1073) to work on /home/airflow/.local/lib/python3.7/site-packages/airflow/example_dags/example_xcomargs.py
[2022-09-21T20:29:05.280+0000] {processor.py:758} INFO - Processing file /home/airflow/.local/lib/python3.7/site-packages/airflow/example_dags/example_xcomargs.py for tasks to queue
[2022-09-21T20:29:05.280+0000] {logging_mixin.py:117} INFO - [2022-09-21T20:29:05.280+0000] {dagbag.py:525} INFO - Filling up the DagBag from /home/airflow/.local/lib/python3.7/site-packages/airflow/example_dags/example_xcomargs.py
[2022-09-21T20:29:05.304+0000] {processor.py:768} INFO - DAG(s) dict_keys(['example_xcom_args', 'example_xcom_args_with_operators']) retrieved from /home/airflow/.local/lib/python3.7/site-packages/airflow/example_dags/example_xcomargs.py
[2022-09-21T20:29:05.352+0000] {logging_mixin.py:117} INFO - [2022-09-21T20:29:05.351+0000] {dag.py:2573} INFO - Sync 2 DAGs
[2022-09-21T20:29:05.388+0000] {logging_mixin.py:117} INFO - [2022-09-21T20:29:05.388+0000] {dag.py:3328} INFO - Setting next_dagrun for example_xcom_args to None, run_after=None
[2022-09-21T20:29:05.393+0000] {logging_mixin.py:117} INFO - [2022-09-21T20:29:05.393+0000] {dag.py:3328} INFO - Setting next_dagrun for example_xcom_args_with_operators to None, run_after=None
[2022-09-21T20:29:05.417+0000] {processor.py:178} INFO - Processing /home/airflow/.local/lib/python3.7/site-packages/airflow/example_dags/example_xcomargs.py took 0.142 seconds
[2022-09-21T20:29:36.070+0000] {processor.py:156} INFO - Started process (PID=1137) to work on /home/airflow/.local/lib/python3.7/site-packages/airflow/example_dags/example_xcomargs.py
[2022-09-21T20:29:36.074+0000] {processor.py:758} INFO - Processing file /home/airflow/.local/lib/python3.7/site-packages/airflow/example_dags/example_xcomargs.py for tasks to queue
[2022-09-21T20:29:36.074+0000] {logging_mixin.py:117} INFO - [2022-09-21T20:29:36.074+0000] {dagbag.py:525} INFO - Filling up the DagBag from /home/airflow/.local/lib/python3.7/site-packages/airflow/example_dags/example_xcomargs.py
[2022-09-21T20:29:36.096+0000] {processor.py:768} INFO - DAG(s) dict_keys(['example_xcom_args_with_operators', 'example_xcom_args']) retrieved from /home/airflow/.local/lib/python3.7/site-packages/airflow/example_dags/example_xcomargs.py
[2022-09-21T20:29:36.134+0000] {logging_mixin.py:117} INFO - [2022-09-21T20:29:36.133+0000] {dag.py:2573} INFO - Sync 2 DAGs
[2022-09-21T20:29:36.156+0000] {logging_mixin.py:117} INFO - [2022-09-21T20:29:36.156+0000] {dag.py:3328} INFO - Setting next_dagrun for example_xcom_args to None, run_after=None
[2022-09-21T20:29:36.159+0000] {logging_mixin.py:117} INFO - [2022-09-21T20:29:36.159+0000] {dag.py:3328} INFO - Setting next_dagrun for example_xcom_args_with_operators to None, run_after=None
[2022-09-21T20:29:36.174+0000] {processor.py:178} INFO - Processing /home/airflow/.local/lib/python3.7/site-packages/airflow/example_dags/example_xcomargs.py took 0.107 seconds
[2022-09-21T20:30:06.954+0000] {processor.py:156} INFO - Started process (PID=1193) to work on /home/airflow/.local/lib/python3.7/site-packages/airflow/example_dags/example_xcomargs.py
[2022-09-21T20:30:06.956+0000] {processor.py:758} INFO - Processing file /home/airflow/.local/lib/python3.7/site-packages/airflow/example_dags/example_xcomargs.py for tasks to queue
[2022-09-21T20:30:06.957+0000] {logging_mixin.py:117} INFO - [2022-09-21T20:30:06.957+0000] {dagbag.py:525} INFO - Filling up the DagBag from /home/airflow/.local/lib/python3.7/site-packages/airflow/example_dags/example_xcomargs.py
[2022-09-21T20:30:07.045+0000] {processor.py:768} INFO - DAG(s) dict_keys(['example_xcom_args', 'example_xcom_args_with_operators']) retrieved from /home/airflow/.local/lib/python3.7/site-packages/airflow/example_dags/example_xcomargs.py
[2022-09-21T20:30:07.174+0000] {logging_mixin.py:117} INFO - [2022-09-21T20:30:07.173+0000] {dag.py:2573} INFO - Sync 2 DAGs
[2022-09-21T20:30:07.252+0000] {logging_mixin.py:117} INFO - [2022-09-21T20:30:07.251+0000] {dag.py:3328} INFO - Setting next_dagrun for example_xcom_args to None, run_after=None
[2022-09-21T20:30:07.261+0000] {logging_mixin.py:117} INFO - [2022-09-21T20:30:07.261+0000] {dag.py:3328} INFO - Setting next_dagrun for example_xcom_args_with_operators to None, run_after=None
[2022-09-21T20:30:07.322+0000] {processor.py:178} INFO - Processing /home/airflow/.local/lib/python3.7/site-packages/airflow/example_dags/example_xcomargs.py took 0.379 seconds
[2022-09-21T20:30:37.482+0000] {processor.py:156} INFO - Started process (PID=1248) to work on /home/airflow/.local/lib/python3.7/site-packages/airflow/example_dags/example_xcomargs.py
[2022-09-21T20:30:37.483+0000] {processor.py:758} INFO - Processing file /home/airflow/.local/lib/python3.7/site-packages/airflow/example_dags/example_xcomargs.py for tasks to queue
[2022-09-21T20:30:37.484+0000] {logging_mixin.py:117} INFO - [2022-09-21T20:30:37.484+0000] {dagbag.py:525} INFO - Filling up the DagBag from /home/airflow/.local/lib/python3.7/site-packages/airflow/example_dags/example_xcomargs.py
[2022-09-21T20:30:37.527+0000] {processor.py:768} INFO - DAG(s) dict_keys(['example_xcom_args', 'example_xcom_args_with_operators']) retrieved from /home/airflow/.local/lib/python3.7/site-packages/airflow/example_dags/example_xcomargs.py
[2022-09-21T20:30:37.586+0000] {logging_mixin.py:117} INFO - [2022-09-21T20:30:37.586+0000] {dag.py:2573} INFO - Sync 2 DAGs
[2022-09-21T20:30:37.654+0000] {logging_mixin.py:117} INFO - [2022-09-21T20:30:37.654+0000] {dag.py:3328} INFO - Setting next_dagrun for example_xcom_args to None, run_after=None
[2022-09-21T20:30:37.658+0000] {logging_mixin.py:117} INFO - [2022-09-21T20:30:37.658+0000] {dag.py:3328} INFO - Setting next_dagrun for example_xcom_args_with_operators to None, run_after=None
[2022-09-21T20:30:37.683+0000] {processor.py:178} INFO - Processing /home/airflow/.local/lib/python3.7/site-packages/airflow/example_dags/example_xcomargs.py took 0.204 seconds
[2022-09-21T20:31:07.990+0000] {processor.py:156} INFO - Started process (PID=1313) to work on /home/airflow/.local/lib/python3.7/site-packages/airflow/example_dags/example_xcomargs.py
[2022-09-21T20:31:07.991+0000] {processor.py:758} INFO - Processing file /home/airflow/.local/lib/python3.7/site-packages/airflow/example_dags/example_xcomargs.py for tasks to queue
[2022-09-21T20:31:07.993+0000] {logging_mixin.py:117} INFO - [2022-09-21T20:31:07.992+0000] {dagbag.py:525} INFO - Filling up the DagBag from /home/airflow/.local/lib/python3.7/site-packages/airflow/example_dags/example_xcomargs.py
[2022-09-21T20:31:08.046+0000] {processor.py:768} INFO - DAG(s) dict_keys(['example_xcom_args_with_operators', 'example_xcom_args']) retrieved from /home/airflow/.local/lib/python3.7/site-packages/airflow/example_dags/example_xcomargs.py
[2022-09-21T20:31:08.129+0000] {logging_mixin.py:117} INFO - [2022-09-21T20:31:08.129+0000] {dag.py:2573} INFO - Sync 2 DAGs
[2022-09-21T20:31:08.184+0000] {logging_mixin.py:117} INFO - [2022-09-21T20:31:08.184+0000] {dag.py:3328} INFO - Setting next_dagrun for example_xcom_args to None, run_after=None
[2022-09-21T20:31:08.191+0000] {logging_mixin.py:117} INFO - [2022-09-21T20:31:08.191+0000] {dag.py:3328} INFO - Setting next_dagrun for example_xcom_args_with_operators to None, run_after=None
[2022-09-21T20:31:08.218+0000] {processor.py:178} INFO - Processing /home/airflow/.local/lib/python3.7/site-packages/airflow/example_dags/example_xcomargs.py took 0.232 seconds
[2022-09-21T20:31:39.131+0000] {processor.py:156} INFO - Started process (PID=1377) to work on /home/airflow/.local/lib/python3.7/site-packages/airflow/example_dags/example_xcomargs.py
[2022-09-21T20:31:39.132+0000] {processor.py:758} INFO - Processing file /home/airflow/.local/lib/python3.7/site-packages/airflow/example_dags/example_xcomargs.py for tasks to queue
[2022-09-21T20:31:39.133+0000] {logging_mixin.py:117} INFO - [2022-09-21T20:31:39.133+0000] {dagbag.py:525} INFO - Filling up the DagBag from /home/airflow/.local/lib/python3.7/site-packages/airflow/example_dags/example_xcomargs.py
[2022-09-21T20:31:39.174+0000] {processor.py:768} INFO - DAG(s) dict_keys(['example_xcom_args', 'example_xcom_args_with_operators']) retrieved from /home/airflow/.local/lib/python3.7/site-packages/airflow/example_dags/example_xcomargs.py
[2022-09-21T20:31:39.230+0000] {logging_mixin.py:117} INFO - [2022-09-21T20:31:39.230+0000] {dag.py:2573} INFO - Sync 2 DAGs
[2022-09-21T20:31:39.269+0000] {logging_mixin.py:117} INFO - [2022-09-21T20:31:39.268+0000] {dag.py:3328} INFO - Setting next_dagrun for example_xcom_args to None, run_after=None
[2022-09-21T20:31:39.274+0000] {logging_mixin.py:117} INFO - [2022-09-21T20:31:39.274+0000] {dag.py:3328} INFO - Setting next_dagrun for example_xcom_args_with_operators to None, run_after=None
[2022-09-21T20:31:39.304+0000] {processor.py:178} INFO - Processing /home/airflow/.local/lib/python3.7/site-packages/airflow/example_dags/example_xcomargs.py took 0.179 seconds
[2022-09-21T20:32:10.269+0000] {processor.py:156} INFO - Started process (PID=1432) to work on /home/airflow/.local/lib/python3.7/site-packages/airflow/example_dags/example_xcomargs.py
[2022-09-21T20:32:10.270+0000] {processor.py:758} INFO - Processing file /home/airflow/.local/lib/python3.7/site-packages/airflow/example_dags/example_xcomargs.py for tasks to queue
[2022-09-21T20:32:10.271+0000] {logging_mixin.py:117} INFO - [2022-09-21T20:32:10.271+0000] {dagbag.py:525} INFO - Filling up the DagBag from /home/airflow/.local/lib/python3.7/site-packages/airflow/example_dags/example_xcomargs.py
[2022-09-21T20:32:10.302+0000] {processor.py:768} INFO - DAG(s) dict_keys(['example_xcom_args_with_operators', 'example_xcom_args']) retrieved from /home/airflow/.local/lib/python3.7/site-packages/airflow/example_dags/example_xcomargs.py
[2022-09-21T20:32:10.350+0000] {logging_mixin.py:117} INFO - [2022-09-21T20:32:10.349+0000] {dag.py:2573} INFO - Sync 2 DAGs
[2022-09-21T20:32:10.384+0000] {logging_mixin.py:117} INFO - [2022-09-21T20:32:10.384+0000] {dag.py:3328} INFO - Setting next_dagrun for example_xcom_args to None, run_after=None
[2022-09-21T20:32:10.388+0000] {logging_mixin.py:117} INFO - [2022-09-21T20:32:10.388+0000] {dag.py:3328} INFO - Setting next_dagrun for example_xcom_args_with_operators to None, run_after=None
[2022-09-21T20:32:10.407+0000] {processor.py:178} INFO - Processing /home/airflow/.local/lib/python3.7/site-packages/airflow/example_dags/example_xcomargs.py took 0.142 seconds
[2022-09-21T20:32:40.773+0000] {processor.py:156} INFO - Started process (PID=1497) to work on /home/airflow/.local/lib/python3.7/site-packages/airflow/example_dags/example_xcomargs.py
[2022-09-21T20:32:40.773+0000] {processor.py:758} INFO - Processing file /home/airflow/.local/lib/python3.7/site-packages/airflow/example_dags/example_xcomargs.py for tasks to queue
[2022-09-21T20:32:40.774+0000] {logging_mixin.py:117} INFO - [2022-09-21T20:32:40.774+0000] {dagbag.py:525} INFO - Filling up the DagBag from /home/airflow/.local/lib/python3.7/site-packages/airflow/example_dags/example_xcomargs.py
[2022-09-21T20:32:40.807+0000] {processor.py:768} INFO - DAG(s) dict_keys(['example_xcom_args', 'example_xcom_args_with_operators']) retrieved from /home/airflow/.local/lib/python3.7/site-packages/airflow/example_dags/example_xcomargs.py
[2022-09-21T20:32:40.869+0000] {logging_mixin.py:117} INFO - [2022-09-21T20:32:40.869+0000] {dag.py:2573} INFO - Sync 2 DAGs
[2022-09-21T20:32:40.904+0000] {logging_mixin.py:117} INFO - [2022-09-21T20:32:40.904+0000] {dag.py:3328} INFO - Setting next_dagrun for example_xcom_args to None, run_after=None
[2022-09-21T20:32:40.909+0000] {logging_mixin.py:117} INFO - [2022-09-21T20:32:40.909+0000] {dag.py:3328} INFO - Setting next_dagrun for example_xcom_args_with_operators to None, run_after=None
[2022-09-21T20:32:40.939+0000] {processor.py:178} INFO - Processing /home/airflow/.local/lib/python3.7/site-packages/airflow/example_dags/example_xcomargs.py took 0.170 seconds
[2022-09-21T20:33:11.420+0000] {processor.py:156} INFO - Started process (PID=1551) to work on /home/airflow/.local/lib/python3.7/site-packages/airflow/example_dags/example_xcomargs.py
[2022-09-21T20:33:11.421+0000] {processor.py:758} INFO - Processing file /home/airflow/.local/lib/python3.7/site-packages/airflow/example_dags/example_xcomargs.py for tasks to queue
[2022-09-21T20:33:11.422+0000] {logging_mixin.py:117} INFO - [2022-09-21T20:33:11.422+0000] {dagbag.py:525} INFO - Filling up the DagBag from /home/airflow/.local/lib/python3.7/site-packages/airflow/example_dags/example_xcomargs.py
[2022-09-21T20:33:11.474+0000] {processor.py:768} INFO - DAG(s) dict_keys(['example_xcom_args_with_operators', 'example_xcom_args']) retrieved from /home/airflow/.local/lib/python3.7/site-packages/airflow/example_dags/example_xcomargs.py
[2022-09-21T20:33:11.574+0000] {logging_mixin.py:117} INFO - [2022-09-21T20:33:11.573+0000] {dag.py:2573} INFO - Sync 2 DAGs
[2022-09-21T20:33:11.637+0000] {logging_mixin.py:117} INFO - [2022-09-21T20:33:11.636+0000] {dag.py:3328} INFO - Setting next_dagrun for example_xcom_args to None, run_after=None
[2022-09-21T20:33:11.646+0000] {logging_mixin.py:117} INFO - [2022-09-21T20:33:11.646+0000] {dag.py:3328} INFO - Setting next_dagrun for example_xcom_args_with_operators to None, run_after=None
[2022-09-21T20:33:11.683+0000] {processor.py:178} INFO - Processing /home/airflow/.local/lib/python3.7/site-packages/airflow/example_dags/example_xcomargs.py took 0.270 seconds
[2022-09-21T20:33:42.101+0000] {processor.py:156} INFO - Started process (PID=1605) to work on /home/airflow/.local/lib/python3.7/site-packages/airflow/example_dags/example_xcomargs.py
[2022-09-21T20:33:42.102+0000] {processor.py:758} INFO - Processing file /home/airflow/.local/lib/python3.7/site-packages/airflow/example_dags/example_xcomargs.py for tasks to queue
[2022-09-21T20:33:42.102+0000] {logging_mixin.py:117} INFO - [2022-09-21T20:33:42.102+0000] {dagbag.py:525} INFO - Filling up the DagBag from /home/airflow/.local/lib/python3.7/site-packages/airflow/example_dags/example_xcomargs.py
[2022-09-21T20:33:42.130+0000] {processor.py:768} INFO - DAG(s) dict_keys(['example_xcom_args', 'example_xcom_args_with_operators']) retrieved from /home/airflow/.local/lib/python3.7/site-packages/airflow/example_dags/example_xcomargs.py
[2022-09-21T20:33:42.169+0000] {logging_mixin.py:117} INFO - [2022-09-21T20:33:42.169+0000] {dag.py:2573} INFO - Sync 2 DAGs
[2022-09-21T20:33:42.199+0000] {logging_mixin.py:117} INFO - [2022-09-21T20:33:42.198+0000] {dag.py:3328} INFO - Setting next_dagrun for example_xcom_args to None, run_after=None
[2022-09-21T20:33:42.202+0000] {logging_mixin.py:117} INFO - [2022-09-21T20:33:42.202+0000] {dag.py:3328} INFO - Setting next_dagrun for example_xcom_args_with_operators to None, run_after=None
[2022-09-21T20:33:42.225+0000] {processor.py:178} INFO - Processing /home/airflow/.local/lib/python3.7/site-packages/airflow/example_dags/example_xcomargs.py took 0.128 seconds
[2022-09-21T20:34:13.083+0000] {processor.py:156} INFO - Started process (PID=1668) to work on /home/airflow/.local/lib/python3.7/site-packages/airflow/example_dags/example_xcomargs.py
[2022-09-21T20:34:13.084+0000] {processor.py:758} INFO - Processing file /home/airflow/.local/lib/python3.7/site-packages/airflow/example_dags/example_xcomargs.py for tasks to queue
[2022-09-21T20:34:13.085+0000] {logging_mixin.py:117} INFO - [2022-09-21T20:34:13.085+0000] {dagbag.py:525} INFO - Filling up the DagBag from /home/airflow/.local/lib/python3.7/site-packages/airflow/example_dags/example_xcomargs.py
[2022-09-21T20:34:13.142+0000] {processor.py:768} INFO - DAG(s) dict_keys(['example_xcom_args', 'example_xcom_args_with_operators']) retrieved from /home/airflow/.local/lib/python3.7/site-packages/airflow/example_dags/example_xcomargs.py
[2022-09-21T20:34:13.221+0000] {logging_mixin.py:117} INFO - [2022-09-21T20:34:13.221+0000] {dag.py:2573} INFO - Sync 2 DAGs
[2022-09-21T20:34:13.267+0000] {logging_mixin.py:117} INFO - [2022-09-21T20:34:13.267+0000] {dag.py:3328} INFO - Setting next_dagrun for example_xcom_args to None, run_after=None
[2022-09-21T20:34:13.274+0000] {logging_mixin.py:117} INFO - [2022-09-21T20:34:13.274+0000] {dag.py:3328} INFO - Setting next_dagrun for example_xcom_args_with_operators to None, run_after=None
[2022-09-21T20:34:13.306+0000] {processor.py:178} INFO - Processing /home/airflow/.local/lib/python3.7/site-packages/airflow/example_dags/example_xcomargs.py took 0.229 seconds
[2022-09-21T20:34:43.860+0000] {processor.py:156} INFO - Started process (PID=1723) to work on /home/airflow/.local/lib/python3.7/site-packages/airflow/example_dags/example_xcomargs.py
[2022-09-21T20:34:43.861+0000] {processor.py:758} INFO - Processing file /home/airflow/.local/lib/python3.7/site-packages/airflow/example_dags/example_xcomargs.py for tasks to queue
[2022-09-21T20:34:43.862+0000] {logging_mixin.py:117} INFO - [2022-09-21T20:34:43.861+0000] {dagbag.py:525} INFO - Filling up the DagBag from /home/airflow/.local/lib/python3.7/site-packages/airflow/example_dags/example_xcomargs.py
[2022-09-21T20:34:43.893+0000] {processor.py:768} INFO - DAG(s) dict_keys(['example_xcom_args_with_operators', 'example_xcom_args']) retrieved from /home/airflow/.local/lib/python3.7/site-packages/airflow/example_dags/example_xcomargs.py
[2022-09-21T20:34:43.948+0000] {logging_mixin.py:117} INFO - [2022-09-21T20:34:43.947+0000] {dag.py:2573} INFO - Sync 2 DAGs
[2022-09-21T20:34:43.977+0000] {logging_mixin.py:117} INFO - [2022-09-21T20:34:43.977+0000] {dag.py:3328} INFO - Setting next_dagrun for example_xcom_args to None, run_after=None
[2022-09-21T20:34:43.983+0000] {logging_mixin.py:117} INFO - [2022-09-21T20:34:43.983+0000] {dag.py:3328} INFO - Setting next_dagrun for example_xcom_args_with_operators to None, run_after=None
[2022-09-21T20:34:44.003+0000] {processor.py:178} INFO - Processing /home/airflow/.local/lib/python3.7/site-packages/airflow/example_dags/example_xcomargs.py took 0.145 seconds
[2022-09-21T20:35:14.932+0000] {processor.py:156} INFO - Started process (PID=1788) to work on /home/airflow/.local/lib/python3.7/site-packages/airflow/example_dags/example_xcomargs.py
[2022-09-21T20:35:14.933+0000] {processor.py:758} INFO - Processing file /home/airflow/.local/lib/python3.7/site-packages/airflow/example_dags/example_xcomargs.py for tasks to queue
[2022-09-21T20:35:14.934+0000] {logging_mixin.py:117} INFO - [2022-09-21T20:35:14.933+0000] {dagbag.py:525} INFO - Filling up the DagBag from /home/airflow/.local/lib/python3.7/site-packages/airflow/example_dags/example_xcomargs.py
[2022-09-21T20:35:14.970+0000] {processor.py:768} INFO - DAG(s) dict_keys(['example_xcom_args', 'example_xcom_args_with_operators']) retrieved from /home/airflow/.local/lib/python3.7/site-packages/airflow/example_dags/example_xcomargs.py
[2022-09-21T20:35:15.031+0000] {logging_mixin.py:117} INFO - [2022-09-21T20:35:15.031+0000] {dag.py:2573} INFO - Sync 2 DAGs
[2022-09-21T20:35:15.070+0000] {logging_mixin.py:117} INFO - [2022-09-21T20:35:15.069+0000] {dag.py:3328} INFO - Setting next_dagrun for example_xcom_args to None, run_after=None
[2022-09-21T20:35:15.075+0000] {logging_mixin.py:117} INFO - [2022-09-21T20:35:15.075+0000] {dag.py:3328} INFO - Setting next_dagrun for example_xcom_args_with_operators to None, run_after=None
[2022-09-21T20:35:15.108+0000] {processor.py:178} INFO - Processing /home/airflow/.local/lib/python3.7/site-packages/airflow/example_dags/example_xcomargs.py took 0.180 seconds
