[2022-09-21T20:16:37.294+0000] {processor.py:156} INFO - Started process (PID=51) to work on /home/airflow/.local/lib/python3.7/site-packages/airflow/example_dags/example_dag_decorator.py
[2022-09-21T20:16:37.295+0000] {processor.py:758} INFO - Processing file /home/airflow/.local/lib/python3.7/site-packages/airflow/example_dags/example_dag_decorator.py for tasks to queue
[2022-09-21T20:16:37.296+0000] {logging_mixin.py:117} INFO - [2022-09-21T20:16:37.296+0000] {dagbag.py:525} INFO - Filling up the DagBag from /home/airflow/.local/lib/python3.7/site-packages/airflow/example_dags/example_dag_decorator.py
[2022-09-21T20:16:37.371+0000] {processor.py:768} INFO - DAG(s) dict_keys(['example_dag_decorator']) retrieved from /home/airflow/.local/lib/python3.7/site-packages/airflow/example_dags/example_dag_decorator.py
[2022-09-21T20:16:37.611+0000] {logging_mixin.py:117} INFO - [2022-09-21T20:16:37.611+0000] {dag.py:2573} INFO - Sync 1 DAGs
[2022-09-21T20:16:37.674+0000] {logging_mixin.py:117} INFO - [2022-09-21T20:16:37.674+0000] {dag.py:3328} INFO - Setting next_dagrun for example_dag_decorator to None, run_after=None
[2022-09-21T20:16:37.723+0000] {processor.py:178} INFO - Processing /home/airflow/.local/lib/python3.7/site-packages/airflow/example_dags/example_dag_decorator.py took 0.434 seconds
[2022-09-21T20:20:20.175+0000] {processor.py:156} INFO - Started process (PID=49) to work on /home/airflow/.local/lib/python3.7/site-packages/airflow/example_dags/example_dag_decorator.py
[2022-09-21T20:20:20.185+0000] {processor.py:758} INFO - Processing file /home/airflow/.local/lib/python3.7/site-packages/airflow/example_dags/example_dag_decorator.py for tasks to queue
[2022-09-21T20:20:20.186+0000] {logging_mixin.py:117} INFO - [2022-09-21T20:20:20.186+0000] {dagbag.py:525} INFO - Filling up the DagBag from /home/airflow/.local/lib/python3.7/site-packages/airflow/example_dags/example_dag_decorator.py
[2022-09-21T20:20:20.271+0000] {processor.py:768} INFO - DAG(s) dict_keys(['example_dag_decorator']) retrieved from /home/airflow/.local/lib/python3.7/site-packages/airflow/example_dags/example_dag_decorator.py
[2022-09-21T20:20:21.061+0000] {logging_mixin.py:117} INFO - [2022-09-21T20:20:21.061+0000] {dag.py:2573} INFO - Sync 1 DAGs
[2022-09-21T20:20:21.204+0000] {logging_mixin.py:117} INFO - [2022-09-21T20:20:21.203+0000] {dag.py:3328} INFO - Setting next_dagrun for example_dag_decorator to None, run_after=None
[2022-09-21T20:20:21.343+0000] {processor.py:178} INFO - Processing /home/airflow/.local/lib/python3.7/site-packages/airflow/example_dags/example_dag_decorator.py took 1.173 seconds
[2022-09-21T20:20:51.489+0000] {processor.py:156} INFO - Started process (PID=104) to work on /home/airflow/.local/lib/python3.7/site-packages/airflow/example_dags/example_dag_decorator.py
[2022-09-21T20:20:51.495+0000] {processor.py:758} INFO - Processing file /home/airflow/.local/lib/python3.7/site-packages/airflow/example_dags/example_dag_decorator.py for tasks to queue
[2022-09-21T20:20:51.496+0000] {logging_mixin.py:117} INFO - [2022-09-21T20:20:51.496+0000] {dagbag.py:525} INFO - Filling up the DagBag from /home/airflow/.local/lib/python3.7/site-packages/airflow/example_dags/example_dag_decorator.py
[2022-09-21T20:20:51.721+0000] {processor.py:768} INFO - DAG(s) dict_keys(['example_dag_decorator']) retrieved from /home/airflow/.local/lib/python3.7/site-packages/airflow/example_dags/example_dag_decorator.py
[2022-09-21T20:20:51.914+0000] {logging_mixin.py:117} INFO - [2022-09-21T20:20:51.914+0000] {dag.py:2573} INFO - Sync 1 DAGs
[2022-09-21T20:20:51.981+0000] {logging_mixin.py:117} INFO - [2022-09-21T20:20:51.981+0000] {dag.py:3328} INFO - Setting next_dagrun for example_dag_decorator to None, run_after=None
[2022-09-21T20:20:52.063+0000] {processor.py:178} INFO - Processing /home/airflow/.local/lib/python3.7/site-packages/airflow/example_dags/example_dag_decorator.py took 0.583 seconds
[2022-09-21T20:21:22.222+0000] {processor.py:156} INFO - Started process (PID=160) to work on /home/airflow/.local/lib/python3.7/site-packages/airflow/example_dags/example_dag_decorator.py
[2022-09-21T20:21:22.225+0000] {processor.py:758} INFO - Processing file /home/airflow/.local/lib/python3.7/site-packages/airflow/example_dags/example_dag_decorator.py for tasks to queue
[2022-09-21T20:21:22.226+0000] {logging_mixin.py:117} INFO - [2022-09-21T20:21:22.226+0000] {dagbag.py:525} INFO - Filling up the DagBag from /home/airflow/.local/lib/python3.7/site-packages/airflow/example_dags/example_dag_decorator.py
[2022-09-21T20:21:22.793+0000] {processor.py:768} INFO - DAG(s) dict_keys(['example_dag_decorator']) retrieved from /home/airflow/.local/lib/python3.7/site-packages/airflow/example_dags/example_dag_decorator.py
[2022-09-21T20:21:23.241+0000] {logging_mixin.py:117} INFO - [2022-09-21T20:21:23.241+0000] {dag.py:2573} INFO - Sync 1 DAGs
[2022-09-21T20:21:23.299+0000] {logging_mixin.py:117} INFO - [2022-09-21T20:21:23.298+0000] {dag.py:3328} INFO - Setting next_dagrun for example_dag_decorator to None, run_after=None
[2022-09-21T20:21:23.386+0000] {processor.py:178} INFO - Processing /home/airflow/.local/lib/python3.7/site-packages/airflow/example_dags/example_dag_decorator.py took 1.188 seconds
[2022-09-21T20:21:54.022+0000] {processor.py:156} INFO - Started process (PID=223) to work on /home/airflow/.local/lib/python3.7/site-packages/airflow/example_dags/example_dag_decorator.py
[2022-09-21T20:21:54.023+0000] {processor.py:758} INFO - Processing file /home/airflow/.local/lib/python3.7/site-packages/airflow/example_dags/example_dag_decorator.py for tasks to queue
[2022-09-21T20:21:54.024+0000] {logging_mixin.py:117} INFO - [2022-09-21T20:21:54.023+0000] {dagbag.py:525} INFO - Filling up the DagBag from /home/airflow/.local/lib/python3.7/site-packages/airflow/example_dags/example_dag_decorator.py
[2022-09-21T20:21:54.221+0000] {processor.py:768} INFO - DAG(s) dict_keys(['example_dag_decorator']) retrieved from /home/airflow/.local/lib/python3.7/site-packages/airflow/example_dags/example_dag_decorator.py
[2022-09-21T20:21:54.257+0000] {logging_mixin.py:117} INFO - [2022-09-21T20:21:54.257+0000] {dag.py:2573} INFO - Sync 1 DAGs
[2022-09-21T20:21:54.315+0000] {logging_mixin.py:117} INFO - [2022-09-21T20:21:54.314+0000] {dag.py:3328} INFO - Setting next_dagrun for example_dag_decorator to None, run_after=None
[2022-09-21T20:21:54.346+0000] {processor.py:178} INFO - Processing /home/airflow/.local/lib/python3.7/site-packages/airflow/example_dags/example_dag_decorator.py took 0.328 seconds
[2022-09-21T20:22:25.035+0000] {processor.py:156} INFO - Started process (PID=278) to work on /home/airflow/.local/lib/python3.7/site-packages/airflow/example_dags/example_dag_decorator.py
[2022-09-21T20:22:25.035+0000] {processor.py:758} INFO - Processing file /home/airflow/.local/lib/python3.7/site-packages/airflow/example_dags/example_dag_decorator.py for tasks to queue
[2022-09-21T20:22:25.036+0000] {logging_mixin.py:117} INFO - [2022-09-21T20:22:25.036+0000] {dagbag.py:525} INFO - Filling up the DagBag from /home/airflow/.local/lib/python3.7/site-packages/airflow/example_dags/example_dag_decorator.py
[2022-09-21T20:22:25.065+0000] {processor.py:768} INFO - DAG(s) dict_keys(['example_dag_decorator']) retrieved from /home/airflow/.local/lib/python3.7/site-packages/airflow/example_dags/example_dag_decorator.py
[2022-09-21T20:22:25.185+0000] {logging_mixin.py:117} INFO - [2022-09-21T20:22:25.185+0000] {dag.py:2573} INFO - Sync 1 DAGs
[2022-09-21T20:22:25.228+0000] {logging_mixin.py:117} INFO - [2022-09-21T20:22:25.227+0000] {dag.py:3328} INFO - Setting next_dagrun for example_dag_decorator to None, run_after=None
[2022-09-21T20:22:25.256+0000] {processor.py:178} INFO - Processing /home/airflow/.local/lib/python3.7/site-packages/airflow/example_dags/example_dag_decorator.py took 0.224 seconds
[2022-09-21T20:22:55.284+0000] {processor.py:156} INFO - Started process (PID=341) to work on /home/airflow/.local/lib/python3.7/site-packages/airflow/example_dags/example_dag_decorator.py
[2022-09-21T20:22:55.285+0000] {processor.py:758} INFO - Processing file /home/airflow/.local/lib/python3.7/site-packages/airflow/example_dags/example_dag_decorator.py for tasks to queue
[2022-09-21T20:22:55.285+0000] {logging_mixin.py:117} INFO - [2022-09-21T20:22:55.285+0000] {dagbag.py:525} INFO - Filling up the DagBag from /home/airflow/.local/lib/python3.7/site-packages/airflow/example_dags/example_dag_decorator.py
[2022-09-21T20:22:55.310+0000] {processor.py:768} INFO - DAG(s) dict_keys(['example_dag_decorator']) retrieved from /home/airflow/.local/lib/python3.7/site-packages/airflow/example_dags/example_dag_decorator.py
[2022-09-21T20:22:55.334+0000] {logging_mixin.py:117} INFO - [2022-09-21T20:22:55.333+0000] {dag.py:2573} INFO - Sync 1 DAGs
[2022-09-21T20:22:55.363+0000] {logging_mixin.py:117} INFO - [2022-09-21T20:22:55.362+0000] {dag.py:3328} INFO - Setting next_dagrun for example_dag_decorator to None, run_after=None
[2022-09-21T20:22:55.390+0000] {processor.py:178} INFO - Processing /home/airflow/.local/lib/python3.7/site-packages/airflow/example_dags/example_dag_decorator.py took 0.108 seconds
[2022-09-21T20:23:25.793+0000] {processor.py:156} INFO - Started process (PID=396) to work on /home/airflow/.local/lib/python3.7/site-packages/airflow/example_dags/example_dag_decorator.py
[2022-09-21T20:23:25.794+0000] {processor.py:758} INFO - Processing file /home/airflow/.local/lib/python3.7/site-packages/airflow/example_dags/example_dag_decorator.py for tasks to queue
[2022-09-21T20:23:25.795+0000] {logging_mixin.py:117} INFO - [2022-09-21T20:23:25.794+0000] {dagbag.py:525} INFO - Filling up the DagBag from /home/airflow/.local/lib/python3.7/site-packages/airflow/example_dags/example_dag_decorator.py
[2022-09-21T20:23:25.841+0000] {processor.py:768} INFO - DAG(s) dict_keys(['example_dag_decorator']) retrieved from /home/airflow/.local/lib/python3.7/site-packages/airflow/example_dags/example_dag_decorator.py
[2022-09-21T20:23:25.991+0000] {logging_mixin.py:117} INFO - [2022-09-21T20:23:25.990+0000] {dag.py:2573} INFO - Sync 1 DAGs
[2022-09-21T20:23:26.039+0000] {logging_mixin.py:117} INFO - [2022-09-21T20:23:26.039+0000] {dag.py:3328} INFO - Setting next_dagrun for example_dag_decorator to None, run_after=None
[2022-09-21T20:23:26.086+0000] {processor.py:178} INFO - Processing /home/airflow/.local/lib/python3.7/site-packages/airflow/example_dags/example_dag_decorator.py took 0.297 seconds
[2022-09-21T20:23:56.519+0000] {processor.py:156} INFO - Started process (PID=460) to work on /home/airflow/.local/lib/python3.7/site-packages/airflow/example_dags/example_dag_decorator.py
[2022-09-21T20:23:56.519+0000] {processor.py:758} INFO - Processing file /home/airflow/.local/lib/python3.7/site-packages/airflow/example_dags/example_dag_decorator.py for tasks to queue
[2022-09-21T20:23:56.520+0000] {logging_mixin.py:117} INFO - [2022-09-21T20:23:56.520+0000] {dagbag.py:525} INFO - Filling up the DagBag from /home/airflow/.local/lib/python3.7/site-packages/airflow/example_dags/example_dag_decorator.py
[2022-09-21T20:23:56.546+0000] {processor.py:768} INFO - DAG(s) dict_keys(['example_dag_decorator']) retrieved from /home/airflow/.local/lib/python3.7/site-packages/airflow/example_dags/example_dag_decorator.py
[2022-09-21T20:23:56.618+0000] {logging_mixin.py:117} INFO - [2022-09-21T20:23:56.618+0000] {dag.py:2573} INFO - Sync 1 DAGs
[2022-09-21T20:23:56.639+0000] {logging_mixin.py:117} INFO - [2022-09-21T20:23:56.639+0000] {dag.py:3328} INFO - Setting next_dagrun for example_dag_decorator to None, run_after=None
[2022-09-21T20:23:56.657+0000] {processor.py:178} INFO - Processing /home/airflow/.local/lib/python3.7/site-packages/airflow/example_dags/example_dag_decorator.py took 0.141 seconds
[2022-09-21T20:24:26.972+0000] {processor.py:156} INFO - Started process (PID=515) to work on /home/airflow/.local/lib/python3.7/site-packages/airflow/example_dags/example_dag_decorator.py
[2022-09-21T20:24:26.973+0000] {processor.py:758} INFO - Processing file /home/airflow/.local/lib/python3.7/site-packages/airflow/example_dags/example_dag_decorator.py for tasks to queue
[2022-09-21T20:24:26.973+0000] {logging_mixin.py:117} INFO - [2022-09-21T20:24:26.973+0000] {dagbag.py:525} INFO - Filling up the DagBag from /home/airflow/.local/lib/python3.7/site-packages/airflow/example_dags/example_dag_decorator.py
[2022-09-21T20:24:26.998+0000] {processor.py:768} INFO - DAG(s) dict_keys(['example_dag_decorator']) retrieved from /home/airflow/.local/lib/python3.7/site-packages/airflow/example_dags/example_dag_decorator.py
[2022-09-21T20:24:27.070+0000] {logging_mixin.py:117} INFO - [2022-09-21T20:24:27.070+0000] {dag.py:2573} INFO - Sync 1 DAGs
[2022-09-21T20:24:27.092+0000] {logging_mixin.py:117} INFO - [2022-09-21T20:24:27.092+0000] {dag.py:3328} INFO - Setting next_dagrun for example_dag_decorator to None, run_after=None
[2022-09-21T20:24:27.111+0000] {processor.py:178} INFO - Processing /home/airflow/.local/lib/python3.7/site-packages/airflow/example_dags/example_dag_decorator.py took 0.142 seconds
[2022-09-21T20:24:57.191+0000] {processor.py:156} INFO - Started process (PID=579) to work on /home/airflow/.local/lib/python3.7/site-packages/airflow/example_dags/example_dag_decorator.py
[2022-09-21T20:24:57.192+0000] {processor.py:758} INFO - Processing file /home/airflow/.local/lib/python3.7/site-packages/airflow/example_dags/example_dag_decorator.py for tasks to queue
[2022-09-21T20:24:57.193+0000] {logging_mixin.py:117} INFO - [2022-09-21T20:24:57.192+0000] {dagbag.py:525} INFO - Filling up the DagBag from /home/airflow/.local/lib/python3.7/site-packages/airflow/example_dags/example_dag_decorator.py
[2022-09-21T20:24:57.239+0000] {processor.py:768} INFO - DAG(s) dict_keys(['example_dag_decorator']) retrieved from /home/airflow/.local/lib/python3.7/site-packages/airflow/example_dags/example_dag_decorator.py
[2022-09-21T20:24:57.278+0000] {logging_mixin.py:117} INFO - [2022-09-21T20:24:57.278+0000] {dag.py:2573} INFO - Sync 1 DAGs
[2022-09-21T20:24:57.322+0000] {logging_mixin.py:117} INFO - [2022-09-21T20:24:57.322+0000] {dag.py:3328} INFO - Setting next_dagrun for example_dag_decorator to None, run_after=None
[2022-09-21T20:24:57.350+0000] {processor.py:178} INFO - Processing /home/airflow/.local/lib/python3.7/site-packages/airflow/example_dags/example_dag_decorator.py took 0.164 seconds
[2022-09-21T20:25:27.887+0000] {processor.py:156} INFO - Started process (PID=634) to work on /home/airflow/.local/lib/python3.7/site-packages/airflow/example_dags/example_dag_decorator.py
[2022-09-21T20:25:27.889+0000] {processor.py:758} INFO - Processing file /home/airflow/.local/lib/python3.7/site-packages/airflow/example_dags/example_dag_decorator.py for tasks to queue
[2022-09-21T20:25:27.890+0000] {logging_mixin.py:117} INFO - [2022-09-21T20:25:27.889+0000] {dagbag.py:525} INFO - Filling up the DagBag from /home/airflow/.local/lib/python3.7/site-packages/airflow/example_dags/example_dag_decorator.py
[2022-09-21T20:25:27.940+0000] {processor.py:768} INFO - DAG(s) dict_keys(['example_dag_decorator']) retrieved from /home/airflow/.local/lib/python3.7/site-packages/airflow/example_dags/example_dag_decorator.py
[2022-09-21T20:25:28.094+0000] {logging_mixin.py:117} INFO - [2022-09-21T20:25:28.093+0000] {dag.py:2573} INFO - Sync 1 DAGs
[2022-09-21T20:25:28.141+0000] {logging_mixin.py:117} INFO - [2022-09-21T20:25:28.141+0000] {dag.py:3328} INFO - Setting next_dagrun for example_dag_decorator to None, run_after=None
[2022-09-21T20:25:28.177+0000] {processor.py:178} INFO - Processing /home/airflow/.local/lib/python3.7/site-packages/airflow/example_dags/example_dag_decorator.py took 0.296 seconds
[2022-09-21T20:25:58.628+0000] {processor.py:156} INFO - Started process (PID=698) to work on /home/airflow/.local/lib/python3.7/site-packages/airflow/example_dags/example_dag_decorator.py
[2022-09-21T20:25:58.628+0000] {processor.py:758} INFO - Processing file /home/airflow/.local/lib/python3.7/site-packages/airflow/example_dags/example_dag_decorator.py for tasks to queue
[2022-09-21T20:25:58.629+0000] {logging_mixin.py:117} INFO - [2022-09-21T20:25:58.629+0000] {dagbag.py:525} INFO - Filling up the DagBag from /home/airflow/.local/lib/python3.7/site-packages/airflow/example_dags/example_dag_decorator.py
[2022-09-21T20:25:58.653+0000] {processor.py:768} INFO - DAG(s) dict_keys(['example_dag_decorator']) retrieved from /home/airflow/.local/lib/python3.7/site-packages/airflow/example_dags/example_dag_decorator.py
[2022-09-21T20:25:58.728+0000] {logging_mixin.py:117} INFO - [2022-09-21T20:25:58.728+0000] {dag.py:2573} INFO - Sync 1 DAGs
[2022-09-21T20:25:58.761+0000] {logging_mixin.py:117} INFO - [2022-09-21T20:25:58.760+0000] {dag.py:3328} INFO - Setting next_dagrun for example_dag_decorator to None, run_after=None
[2022-09-21T20:25:58.782+0000] {processor.py:178} INFO - Processing /home/airflow/.local/lib/python3.7/site-packages/airflow/example_dags/example_dag_decorator.py took 0.157 seconds
[2022-09-21T20:26:28.869+0000] {processor.py:156} INFO - Started process (PID=761) to work on /home/airflow/.local/lib/python3.7/site-packages/airflow/example_dags/example_dag_decorator.py
[2022-09-21T20:26:28.872+0000] {processor.py:758} INFO - Processing file /home/airflow/.local/lib/python3.7/site-packages/airflow/example_dags/example_dag_decorator.py for tasks to queue
[2022-09-21T20:26:28.872+0000] {logging_mixin.py:117} INFO - [2022-09-21T20:26:28.872+0000] {dagbag.py:525} INFO - Filling up the DagBag from /home/airflow/.local/lib/python3.7/site-packages/airflow/example_dags/example_dag_decorator.py
[2022-09-21T20:26:28.896+0000] {processor.py:768} INFO - DAG(s) dict_keys(['example_dag_decorator']) retrieved from /home/airflow/.local/lib/python3.7/site-packages/airflow/example_dags/example_dag_decorator.py
[2022-09-21T20:26:28.978+0000] {logging_mixin.py:117} INFO - [2022-09-21T20:26:28.978+0000] {dag.py:2573} INFO - Sync 1 DAGs
[2022-09-21T20:26:28.999+0000] {logging_mixin.py:117} INFO - [2022-09-21T20:26:28.999+0000] {dag.py:3328} INFO - Setting next_dagrun for example_dag_decorator to None, run_after=None
[2022-09-21T20:26:29.017+0000] {processor.py:178} INFO - Processing /home/airflow/.local/lib/python3.7/site-packages/airflow/example_dags/example_dag_decorator.py took 0.150 seconds
[2022-09-21T20:26:59.747+0000] {processor.py:156} INFO - Started process (PID=816) to work on /home/airflow/.local/lib/python3.7/site-packages/airflow/example_dags/example_dag_decorator.py
[2022-09-21T20:26:59.748+0000] {processor.py:758} INFO - Processing file /home/airflow/.local/lib/python3.7/site-packages/airflow/example_dags/example_dag_decorator.py for tasks to queue
[2022-09-21T20:26:59.748+0000] {logging_mixin.py:117} INFO - [2022-09-21T20:26:59.748+0000] {dagbag.py:525} INFO - Filling up the DagBag from /home/airflow/.local/lib/python3.7/site-packages/airflow/example_dags/example_dag_decorator.py
[2022-09-21T20:26:59.786+0000] {processor.py:768} INFO - DAG(s) dict_keys(['example_dag_decorator']) retrieved from /home/airflow/.local/lib/python3.7/site-packages/airflow/example_dags/example_dag_decorator.py
[2022-09-21T20:26:59.900+0000] {logging_mixin.py:117} INFO - [2022-09-21T20:26:59.900+0000] {dag.py:2573} INFO - Sync 1 DAGs
[2022-09-21T20:26:59.939+0000] {logging_mixin.py:117} INFO - [2022-09-21T20:26:59.938+0000] {dag.py:3328} INFO - Setting next_dagrun for example_dag_decorator to None, run_after=None
[2022-09-21T20:26:59.973+0000] {processor.py:178} INFO - Processing /home/airflow/.local/lib/python3.7/site-packages/airflow/example_dags/example_dag_decorator.py took 0.230 seconds
[2022-09-21T20:27:30.213+0000] {processor.py:156} INFO - Started process (PID=881) to work on /home/airflow/.local/lib/python3.7/site-packages/airflow/example_dags/example_dag_decorator.py
[2022-09-21T20:27:30.215+0000] {processor.py:758} INFO - Processing file /home/airflow/.local/lib/python3.7/site-packages/airflow/example_dags/example_dag_decorator.py for tasks to queue
[2022-09-21T20:27:30.216+0000] {logging_mixin.py:117} INFO - [2022-09-21T20:27:30.216+0000] {dagbag.py:525} INFO - Filling up the DagBag from /home/airflow/.local/lib/python3.7/site-packages/airflow/example_dags/example_dag_decorator.py
[2022-09-21T20:27:30.248+0000] {processor.py:768} INFO - DAG(s) dict_keys(['example_dag_decorator']) retrieved from /home/airflow/.local/lib/python3.7/site-packages/airflow/example_dags/example_dag_decorator.py
[2022-09-21T20:27:30.333+0000] {logging_mixin.py:117} INFO - [2022-09-21T20:27:30.333+0000] {dag.py:2573} INFO - Sync 1 DAGs
[2022-09-21T20:27:30.359+0000] {logging_mixin.py:117} INFO - [2022-09-21T20:27:30.359+0000] {dag.py:3328} INFO - Setting next_dagrun for example_dag_decorator to None, run_after=None
[2022-09-21T20:27:30.382+0000] {processor.py:178} INFO - Processing /home/airflow/.local/lib/python3.7/site-packages/airflow/example_dags/example_dag_decorator.py took 0.172 seconds
[2022-09-21T20:28:00.505+0000] {processor.py:156} INFO - Started process (PID=945) to work on /home/airflow/.local/lib/python3.7/site-packages/airflow/example_dags/example_dag_decorator.py
[2022-09-21T20:28:00.506+0000] {processor.py:758} INFO - Processing file /home/airflow/.local/lib/python3.7/site-packages/airflow/example_dags/example_dag_decorator.py for tasks to queue
[2022-09-21T20:28:00.506+0000] {logging_mixin.py:117} INFO - [2022-09-21T20:28:00.506+0000] {dagbag.py:525} INFO - Filling up the DagBag from /home/airflow/.local/lib/python3.7/site-packages/airflow/example_dags/example_dag_decorator.py
[2022-09-21T20:28:00.532+0000] {processor.py:768} INFO - DAG(s) dict_keys(['example_dag_decorator']) retrieved from /home/airflow/.local/lib/python3.7/site-packages/airflow/example_dags/example_dag_decorator.py
[2022-09-21T20:28:00.598+0000] {logging_mixin.py:117} INFO - [2022-09-21T20:28:00.598+0000] {dag.py:2573} INFO - Sync 1 DAGs
[2022-09-21T20:28:00.618+0000] {logging_mixin.py:117} INFO - [2022-09-21T20:28:00.618+0000] {dag.py:3328} INFO - Setting next_dagrun for example_dag_decorator to None, run_after=None
[2022-09-21T20:28:00.638+0000] {processor.py:178} INFO - Processing /home/airflow/.local/lib/python3.7/site-packages/airflow/example_dags/example_dag_decorator.py took 0.136 seconds
[2022-09-21T20:28:31.473+0000] {processor.py:156} INFO - Started process (PID=1000) to work on /home/airflow/.local/lib/python3.7/site-packages/airflow/example_dags/example_dag_decorator.py
[2022-09-21T20:28:31.473+0000] {processor.py:758} INFO - Processing file /home/airflow/.local/lib/python3.7/site-packages/airflow/example_dags/example_dag_decorator.py for tasks to queue
[2022-09-21T20:28:31.474+0000] {logging_mixin.py:117} INFO - [2022-09-21T20:28:31.474+0000] {dagbag.py:525} INFO - Filling up the DagBag from /home/airflow/.local/lib/python3.7/site-packages/airflow/example_dags/example_dag_decorator.py
[2022-09-21T20:28:31.500+0000] {processor.py:768} INFO - DAG(s) dict_keys(['example_dag_decorator']) retrieved from /home/airflow/.local/lib/python3.7/site-packages/airflow/example_dags/example_dag_decorator.py
[2022-09-21T20:28:31.587+0000] {logging_mixin.py:117} INFO - [2022-09-21T20:28:31.586+0000] {dag.py:2573} INFO - Sync 1 DAGs
[2022-09-21T20:28:31.609+0000] {logging_mixin.py:117} INFO - [2022-09-21T20:28:31.609+0000] {dag.py:3328} INFO - Setting next_dagrun for example_dag_decorator to None, run_after=None
[2022-09-21T20:28:31.638+0000] {processor.py:178} INFO - Processing /home/airflow/.local/lib/python3.7/site-packages/airflow/example_dags/example_dag_decorator.py took 0.168 seconds
[2022-09-21T20:29:02.348+0000] {processor.py:156} INFO - Started process (PID=1063) to work on /home/airflow/.local/lib/python3.7/site-packages/airflow/example_dags/example_dag_decorator.py
[2022-09-21T20:29:02.350+0000] {processor.py:758} INFO - Processing file /home/airflow/.local/lib/python3.7/site-packages/airflow/example_dags/example_dag_decorator.py for tasks to queue
[2022-09-21T20:29:02.351+0000] {logging_mixin.py:117} INFO - [2022-09-21T20:29:02.351+0000] {dagbag.py:525} INFO - Filling up the DagBag from /home/airflow/.local/lib/python3.7/site-packages/airflow/example_dags/example_dag_decorator.py
[2022-09-21T20:29:02.397+0000] {processor.py:768} INFO - DAG(s) dict_keys(['example_dag_decorator']) retrieved from /home/airflow/.local/lib/python3.7/site-packages/airflow/example_dags/example_dag_decorator.py
[2022-09-21T20:29:02.561+0000] {logging_mixin.py:117} INFO - [2022-09-21T20:29:02.561+0000] {dag.py:2573} INFO - Sync 1 DAGs
[2022-09-21T20:29:02.609+0000] {logging_mixin.py:117} INFO - [2022-09-21T20:29:02.609+0000] {dag.py:3328} INFO - Setting next_dagrun for example_dag_decorator to None, run_after=None
[2022-09-21T20:29:02.643+0000] {processor.py:178} INFO - Processing /home/airflow/.local/lib/python3.7/site-packages/airflow/example_dags/example_dag_decorator.py took 0.300 seconds
[2022-09-21T20:29:32.729+0000] {processor.py:156} INFO - Started process (PID=1127) to work on /home/airflow/.local/lib/python3.7/site-packages/airflow/example_dags/example_dag_decorator.py
[2022-09-21T20:29:32.730+0000] {processor.py:758} INFO - Processing file /home/airflow/.local/lib/python3.7/site-packages/airflow/example_dags/example_dag_decorator.py for tasks to queue
[2022-09-21T20:29:32.730+0000] {logging_mixin.py:117} INFO - [2022-09-21T20:29:32.730+0000] {dagbag.py:525} INFO - Filling up the DagBag from /home/airflow/.local/lib/python3.7/site-packages/airflow/example_dags/example_dag_decorator.py
[2022-09-21T20:29:32.771+0000] {processor.py:768} INFO - DAG(s) dict_keys(['example_dag_decorator']) retrieved from /home/airflow/.local/lib/python3.7/site-packages/airflow/example_dags/example_dag_decorator.py
[2022-09-21T20:29:32.882+0000] {logging_mixin.py:117} INFO - [2022-09-21T20:29:32.881+0000] {dag.py:2573} INFO - Sync 1 DAGs
[2022-09-21T20:29:32.910+0000] {logging_mixin.py:117} INFO - [2022-09-21T20:29:32.910+0000] {dag.py:3328} INFO - Setting next_dagrun for example_dag_decorator to None, run_after=None
[2022-09-21T20:29:32.940+0000] {processor.py:178} INFO - Processing /home/airflow/.local/lib/python3.7/site-packages/airflow/example_dags/example_dag_decorator.py took 0.213 seconds
[2022-09-21T20:30:02.974+0000] {processor.py:156} INFO - Started process (PID=1183) to work on /home/airflow/.local/lib/python3.7/site-packages/airflow/example_dags/example_dag_decorator.py
[2022-09-21T20:30:02.975+0000] {processor.py:758} INFO - Processing file /home/airflow/.local/lib/python3.7/site-packages/airflow/example_dags/example_dag_decorator.py for tasks to queue
[2022-09-21T20:30:02.977+0000] {logging_mixin.py:117} INFO - [2022-09-21T20:30:02.977+0000] {dagbag.py:525} INFO - Filling up the DagBag from /home/airflow/.local/lib/python3.7/site-packages/airflow/example_dags/example_dag_decorator.py
[2022-09-21T20:30:03.041+0000] {processor.py:768} INFO - DAG(s) dict_keys(['example_dag_decorator']) retrieved from /home/airflow/.local/lib/python3.7/site-packages/airflow/example_dags/example_dag_decorator.py
[2022-09-21T20:30:03.261+0000] {logging_mixin.py:117} INFO - [2022-09-21T20:30:03.260+0000] {dag.py:2573} INFO - Sync 1 DAGs
[2022-09-21T20:30:03.323+0000] {logging_mixin.py:117} INFO - [2022-09-21T20:30:03.322+0000] {dag.py:3328} INFO - Setting next_dagrun for example_dag_decorator to None, run_after=None
[2022-09-21T20:30:03.376+0000] {processor.py:178} INFO - Processing /home/airflow/.local/lib/python3.7/site-packages/airflow/example_dags/example_dag_decorator.py took 0.408 seconds
[2022-09-21T20:30:33.454+0000] {processor.py:156} INFO - Started process (PID=1238) to work on /home/airflow/.local/lib/python3.7/site-packages/airflow/example_dags/example_dag_decorator.py
[2022-09-21T20:30:33.456+0000] {processor.py:758} INFO - Processing file /home/airflow/.local/lib/python3.7/site-packages/airflow/example_dags/example_dag_decorator.py for tasks to queue
[2022-09-21T20:30:33.457+0000] {logging_mixin.py:117} INFO - [2022-09-21T20:30:33.457+0000] {dagbag.py:525} INFO - Filling up the DagBag from /home/airflow/.local/lib/python3.7/site-packages/airflow/example_dags/example_dag_decorator.py
[2022-09-21T20:30:33.502+0000] {processor.py:768} INFO - DAG(s) dict_keys(['example_dag_decorator']) retrieved from /home/airflow/.local/lib/python3.7/site-packages/airflow/example_dags/example_dag_decorator.py
[2022-09-21T20:30:33.660+0000] {logging_mixin.py:117} INFO - [2022-09-21T20:30:33.660+0000] {dag.py:2573} INFO - Sync 1 DAGs
[2022-09-21T20:30:33.713+0000] {logging_mixin.py:117} INFO - [2022-09-21T20:30:33.713+0000] {dag.py:3328} INFO - Setting next_dagrun for example_dag_decorator to None, run_after=None
[2022-09-21T20:30:33.754+0000] {processor.py:178} INFO - Processing /home/airflow/.local/lib/python3.7/site-packages/airflow/example_dags/example_dag_decorator.py took 0.304 seconds
[2022-09-21T20:31:04.426+0000] {processor.py:156} INFO - Started process (PID=1303) to work on /home/airflow/.local/lib/python3.7/site-packages/airflow/example_dags/example_dag_decorator.py
[2022-09-21T20:31:04.427+0000] {processor.py:758} INFO - Processing file /home/airflow/.local/lib/python3.7/site-packages/airflow/example_dags/example_dag_decorator.py for tasks to queue
[2022-09-21T20:31:04.428+0000] {logging_mixin.py:117} INFO - [2022-09-21T20:31:04.428+0000] {dagbag.py:525} INFO - Filling up the DagBag from /home/airflow/.local/lib/python3.7/site-packages/airflow/example_dags/example_dag_decorator.py
[2022-09-21T20:31:04.470+0000] {processor.py:768} INFO - DAG(s) dict_keys(['example_dag_decorator']) retrieved from /home/airflow/.local/lib/python3.7/site-packages/airflow/example_dags/example_dag_decorator.py
[2022-09-21T20:31:04.639+0000] {logging_mixin.py:117} INFO - [2022-09-21T20:31:04.639+0000] {dag.py:2573} INFO - Sync 1 DAGs
[2022-09-21T20:31:04.690+0000] {logging_mixin.py:117} INFO - [2022-09-21T20:31:04.689+0000] {dag.py:3328} INFO - Setting next_dagrun for example_dag_decorator to None, run_after=None
[2022-09-21T20:31:04.726+0000] {processor.py:178} INFO - Processing /home/airflow/.local/lib/python3.7/site-packages/airflow/example_dags/example_dag_decorator.py took 0.306 seconds
[2022-09-21T20:31:34.926+0000] {processor.py:156} INFO - Started process (PID=1358) to work on /home/airflow/.local/lib/python3.7/site-packages/airflow/example_dags/example_dag_decorator.py
[2022-09-21T20:31:34.927+0000] {processor.py:758} INFO - Processing file /home/airflow/.local/lib/python3.7/site-packages/airflow/example_dags/example_dag_decorator.py for tasks to queue
[2022-09-21T20:31:34.928+0000] {logging_mixin.py:117} INFO - [2022-09-21T20:31:34.928+0000] {dagbag.py:525} INFO - Filling up the DagBag from /home/airflow/.local/lib/python3.7/site-packages/airflow/example_dags/example_dag_decorator.py
[2022-09-21T20:31:34.986+0000] {processor.py:768} INFO - DAG(s) dict_keys(['example_dag_decorator']) retrieved from /home/airflow/.local/lib/python3.7/site-packages/airflow/example_dags/example_dag_decorator.py
[2022-09-21T20:31:35.172+0000] {logging_mixin.py:117} INFO - [2022-09-21T20:31:35.171+0000] {dag.py:2573} INFO - Sync 1 DAGs
[2022-09-21T20:31:35.206+0000] {logging_mixin.py:117} INFO - [2022-09-21T20:31:35.206+0000] {dag.py:3328} INFO - Setting next_dagrun for example_dag_decorator to None, run_after=None
[2022-09-21T20:31:35.233+0000] {processor.py:178} INFO - Processing /home/airflow/.local/lib/python3.7/site-packages/airflow/example_dags/example_dag_decorator.py took 0.311 seconds
[2022-09-21T20:32:06.244+0000] {processor.py:156} INFO - Started process (PID=1422) to work on /home/airflow/.local/lib/python3.7/site-packages/airflow/example_dags/example_dag_decorator.py
[2022-09-21T20:32:06.245+0000] {processor.py:758} INFO - Processing file /home/airflow/.local/lib/python3.7/site-packages/airflow/example_dags/example_dag_decorator.py for tasks to queue
[2022-09-21T20:32:06.247+0000] {logging_mixin.py:117} INFO - [2022-09-21T20:32:06.246+0000] {dagbag.py:525} INFO - Filling up the DagBag from /home/airflow/.local/lib/python3.7/site-packages/airflow/example_dags/example_dag_decorator.py
[2022-09-21T20:32:06.297+0000] {processor.py:768} INFO - DAG(s) dict_keys(['example_dag_decorator']) retrieved from /home/airflow/.local/lib/python3.7/site-packages/airflow/example_dags/example_dag_decorator.py
[2022-09-21T20:32:06.428+0000] {logging_mixin.py:117} INFO - [2022-09-21T20:32:06.427+0000] {dag.py:2573} INFO - Sync 1 DAGs
[2022-09-21T20:32:06.481+0000] {logging_mixin.py:117} INFO - [2022-09-21T20:32:06.481+0000] {dag.py:3328} INFO - Setting next_dagrun for example_dag_decorator to None, run_after=None
[2022-09-21T20:32:06.521+0000] {processor.py:178} INFO - Processing /home/airflow/.local/lib/python3.7/site-packages/airflow/example_dags/example_dag_decorator.py took 0.283 seconds
[2022-09-21T20:32:36.590+0000] {processor.py:156} INFO - Started process (PID=1477) to work on /home/airflow/.local/lib/python3.7/site-packages/airflow/example_dags/example_dag_decorator.py
[2022-09-21T20:32:36.590+0000] {processor.py:758} INFO - Processing file /home/airflow/.local/lib/python3.7/site-packages/airflow/example_dags/example_dag_decorator.py for tasks to queue
[2022-09-21T20:32:36.591+0000] {logging_mixin.py:117} INFO - [2022-09-21T20:32:36.591+0000] {dagbag.py:525} INFO - Filling up the DagBag from /home/airflow/.local/lib/python3.7/site-packages/airflow/example_dags/example_dag_decorator.py
[2022-09-21T20:32:36.625+0000] {processor.py:768} INFO - DAG(s) dict_keys(['example_dag_decorator']) retrieved from /home/airflow/.local/lib/python3.7/site-packages/airflow/example_dags/example_dag_decorator.py
[2022-09-21T20:32:36.775+0000] {logging_mixin.py:117} INFO - [2022-09-21T20:32:36.775+0000] {dag.py:2573} INFO - Sync 1 DAGs
[2022-09-21T20:32:36.814+0000] {logging_mixin.py:117} INFO - [2022-09-21T20:32:36.814+0000] {dag.py:3328} INFO - Setting next_dagrun for example_dag_decorator to None, run_after=None
[2022-09-21T20:32:36.852+0000] {processor.py:178} INFO - Processing /home/airflow/.local/lib/python3.7/site-packages/airflow/example_dags/example_dag_decorator.py took 0.267 seconds
[2022-09-21T20:33:06.991+0000] {processor.py:156} INFO - Started process (PID=1541) to work on /home/airflow/.local/lib/python3.7/site-packages/airflow/example_dags/example_dag_decorator.py
[2022-09-21T20:33:06.993+0000] {processor.py:758} INFO - Processing file /home/airflow/.local/lib/python3.7/site-packages/airflow/example_dags/example_dag_decorator.py for tasks to queue
[2022-09-21T20:33:06.994+0000] {logging_mixin.py:117} INFO - [2022-09-21T20:33:06.994+0000] {dagbag.py:525} INFO - Filling up the DagBag from /home/airflow/.local/lib/python3.7/site-packages/airflow/example_dags/example_dag_decorator.py
[2022-09-21T20:33:07.039+0000] {processor.py:768} INFO - DAG(s) dict_keys(['example_dag_decorator']) retrieved from /home/airflow/.local/lib/python3.7/site-packages/airflow/example_dags/example_dag_decorator.py
[2022-09-21T20:33:07.230+0000] {logging_mixin.py:117} INFO - [2022-09-21T20:33:07.230+0000] {dag.py:2573} INFO - Sync 1 DAGs
[2022-09-21T20:33:07.295+0000] {logging_mixin.py:117} INFO - [2022-09-21T20:33:07.295+0000] {dag.py:3328} INFO - Setting next_dagrun for example_dag_decorator to None, run_after=None
[2022-09-21T20:33:07.352+0000] {processor.py:178} INFO - Processing /home/airflow/.local/lib/python3.7/site-packages/airflow/example_dags/example_dag_decorator.py took 0.368 seconds
[2022-09-21T20:33:37.673+0000] {processor.py:156} INFO - Started process (PID=1595) to work on /home/airflow/.local/lib/python3.7/site-packages/airflow/example_dags/example_dag_decorator.py
[2022-09-21T20:33:37.674+0000] {processor.py:758} INFO - Processing file /home/airflow/.local/lib/python3.7/site-packages/airflow/example_dags/example_dag_decorator.py for tasks to queue
[2022-09-21T20:33:37.675+0000] {logging_mixin.py:117} INFO - [2022-09-21T20:33:37.675+0000] {dagbag.py:525} INFO - Filling up the DagBag from /home/airflow/.local/lib/python3.7/site-packages/airflow/example_dags/example_dag_decorator.py
[2022-09-21T20:33:37.731+0000] {processor.py:768} INFO - DAG(s) dict_keys(['example_dag_decorator']) retrieved from /home/airflow/.local/lib/python3.7/site-packages/airflow/example_dags/example_dag_decorator.py
[2022-09-21T20:33:37.981+0000] {logging_mixin.py:117} INFO - [2022-09-21T20:33:37.981+0000] {dag.py:2573} INFO - Sync 1 DAGs
[2022-09-21T20:33:38.040+0000] {logging_mixin.py:117} INFO - [2022-09-21T20:33:38.040+0000] {dag.py:3328} INFO - Setting next_dagrun for example_dag_decorator to None, run_after=None
[2022-09-21T20:33:38.092+0000] {processor.py:178} INFO - Processing /home/airflow/.local/lib/python3.7/site-packages/airflow/example_dags/example_dag_decorator.py took 0.424 seconds
[2022-09-21T20:34:08.285+0000] {processor.py:156} INFO - Started process (PID=1650) to work on /home/airflow/.local/lib/python3.7/site-packages/airflow/example_dags/example_dag_decorator.py
[2022-09-21T20:34:08.288+0000] {processor.py:758} INFO - Processing file /home/airflow/.local/lib/python3.7/site-packages/airflow/example_dags/example_dag_decorator.py for tasks to queue
[2022-09-21T20:34:08.289+0000] {logging_mixin.py:117} INFO - [2022-09-21T20:34:08.289+0000] {dagbag.py:525} INFO - Filling up the DagBag from /home/airflow/.local/lib/python3.7/site-packages/airflow/example_dags/example_dag_decorator.py
[2022-09-21T20:34:08.322+0000] {processor.py:768} INFO - DAG(s) dict_keys(['example_dag_decorator']) retrieved from /home/airflow/.local/lib/python3.7/site-packages/airflow/example_dags/example_dag_decorator.py
[2022-09-21T20:34:08.461+0000] {logging_mixin.py:117} INFO - [2022-09-21T20:34:08.461+0000] {dag.py:2573} INFO - Sync 1 DAGs
[2022-09-21T20:34:08.514+0000] {logging_mixin.py:117} INFO - [2022-09-21T20:34:08.514+0000] {dag.py:3328} INFO - Setting next_dagrun for example_dag_decorator to None, run_after=None
[2022-09-21T20:34:08.560+0000] {processor.py:178} INFO - Processing /home/airflow/.local/lib/python3.7/site-packages/airflow/example_dags/example_dag_decorator.py took 0.278 seconds
[2022-09-21T20:34:38.744+0000] {processor.py:156} INFO - Started process (PID=1713) to work on /home/airflow/.local/lib/python3.7/site-packages/airflow/example_dags/example_dag_decorator.py
[2022-09-21T20:34:38.745+0000] {processor.py:758} INFO - Processing file /home/airflow/.local/lib/python3.7/site-packages/airflow/example_dags/example_dag_decorator.py for tasks to queue
[2022-09-21T20:34:38.746+0000] {logging_mixin.py:117} INFO - [2022-09-21T20:34:38.746+0000] {dagbag.py:525} INFO - Filling up the DagBag from /home/airflow/.local/lib/python3.7/site-packages/airflow/example_dags/example_dag_decorator.py
[2022-09-21T20:34:38.795+0000] {processor.py:768} INFO - DAG(s) dict_keys(['example_dag_decorator']) retrieved from /home/airflow/.local/lib/python3.7/site-packages/airflow/example_dags/example_dag_decorator.py
[2022-09-21T20:34:38.957+0000] {logging_mixin.py:117} INFO - [2022-09-21T20:34:38.957+0000] {dag.py:2573} INFO - Sync 1 DAGs
[2022-09-21T20:34:39.023+0000] {logging_mixin.py:117} INFO - [2022-09-21T20:34:39.023+0000] {dag.py:3328} INFO - Setting next_dagrun for example_dag_decorator to None, run_after=None
[2022-09-21T20:34:39.074+0000] {processor.py:178} INFO - Processing /home/airflow/.local/lib/python3.7/site-packages/airflow/example_dags/example_dag_decorator.py took 0.336 seconds
[2022-09-21T20:35:09.764+0000] {processor.py:156} INFO - Started process (PID=1769) to work on /home/airflow/.local/lib/python3.7/site-packages/airflow/example_dags/example_dag_decorator.py
[2022-09-21T20:35:09.765+0000] {processor.py:758} INFO - Processing file /home/airflow/.local/lib/python3.7/site-packages/airflow/example_dags/example_dag_decorator.py for tasks to queue
[2022-09-21T20:35:09.765+0000] {logging_mixin.py:117} INFO - [2022-09-21T20:35:09.765+0000] {dagbag.py:525} INFO - Filling up the DagBag from /home/airflow/.local/lib/python3.7/site-packages/airflow/example_dags/example_dag_decorator.py
[2022-09-21T20:35:09.797+0000] {processor.py:768} INFO - DAG(s) dict_keys(['example_dag_decorator']) retrieved from /home/airflow/.local/lib/python3.7/site-packages/airflow/example_dags/example_dag_decorator.py
[2022-09-21T20:35:09.886+0000] {logging_mixin.py:117} INFO - [2022-09-21T20:35:09.885+0000] {dag.py:2573} INFO - Sync 1 DAGs
[2022-09-21T20:35:09.913+0000] {logging_mixin.py:117} INFO - [2022-09-21T20:35:09.913+0000] {dag.py:3328} INFO - Setting next_dagrun for example_dag_decorator to None, run_after=None
[2022-09-21T20:35:09.936+0000] {processor.py:178} INFO - Processing /home/airflow/.local/lib/python3.7/site-packages/airflow/example_dags/example_dag_decorator.py took 0.175 seconds
