[2022-09-21T20:16:39.989+0000] {processor.py:156} INFO - Started process (PID=61) to work on /home/airflow/.local/lib/python3.7/site-packages/airflow/example_dags/example_nested_branch_dag.py
[2022-09-21T20:16:39.999+0000] {processor.py:758} INFO - Processing file /home/airflow/.local/lib/python3.7/site-packages/airflow/example_dags/example_nested_branch_dag.py for tasks to queue
[2022-09-21T20:16:40.003+0000] {logging_mixin.py:117} INFO - [2022-09-21T20:16:40.000+0000] {dagbag.py:525} INFO - Filling up the DagBag from /home/airflow/.local/lib/python3.7/site-packages/airflow/example_dags/example_nested_branch_dag.py
[2022-09-21T20:16:57.304+0000] {processor.py:768} INFO - DAG(s) dict_keys(['example_nested_branch_dag']) retrieved from /home/airflow/.local/lib/python3.7/site-packages/airflow/example_dags/example_nested_branch_dag.py
[2022-09-21T20:16:57.568+0000] {logging_mixin.py:117} INFO - [2022-09-21T20:16:57.568+0000] {dag.py:2573} INFO - Sync 1 DAGs
[2022-09-21T20:16:57.977+0000] {logging_mixin.py:117} INFO - [2022-09-21T20:16:57.974+0000] {dag.py:3328} INFO - Setting next_dagrun for example_nested_branch_dag to 2022-09-20T00:00:00+00:00, run_after=2022-09-21T00:00:00+00:00
[2022-09-21T20:17:02.047+0000] {processor.py:178} INFO - Processing /home/airflow/.local/lib/python3.7/site-packages/airflow/example_dags/example_nested_branch_dag.py took 22.089 seconds
[2022-09-21T20:20:24.470+0000] {processor.py:156} INFO - Started process (PID=59) to work on /home/airflow/.local/lib/python3.7/site-packages/airflow/example_dags/example_nested_branch_dag.py
[2022-09-21T20:20:24.473+0000] {processor.py:758} INFO - Processing file /home/airflow/.local/lib/python3.7/site-packages/airflow/example_dags/example_nested_branch_dag.py for tasks to queue
[2022-09-21T20:20:24.474+0000] {logging_mixin.py:117} INFO - [2022-09-21T20:20:24.474+0000] {dagbag.py:525} INFO - Filling up the DagBag from /home/airflow/.local/lib/python3.7/site-packages/airflow/example_dags/example_nested_branch_dag.py
[2022-09-21T20:20:24.553+0000] {processor.py:768} INFO - DAG(s) dict_keys(['example_nested_branch_dag']) retrieved from /home/airflow/.local/lib/python3.7/site-packages/airflow/example_dags/example_nested_branch_dag.py
[2022-09-21T20:20:24.915+0000] {logging_mixin.py:117} INFO - [2022-09-21T20:20:24.915+0000] {dag.py:2573} INFO - Sync 1 DAGs
[2022-09-21T20:20:24.974+0000] {logging_mixin.py:117} INFO - [2022-09-21T20:20:24.974+0000] {dag.py:3328} INFO - Setting next_dagrun for example_nested_branch_dag to 2022-09-20T00:00:00+00:00, run_after=2022-09-21T00:00:00+00:00
[2022-09-21T20:20:25.007+0000] {processor.py:178} INFO - Processing /home/airflow/.local/lib/python3.7/site-packages/airflow/example_dags/example_nested_branch_dag.py took 0.545 seconds
[2022-09-21T20:20:55.366+0000] {processor.py:156} INFO - Started process (PID=114) to work on /home/airflow/.local/lib/python3.7/site-packages/airflow/example_dags/example_nested_branch_dag.py
[2022-09-21T20:20:55.373+0000] {processor.py:758} INFO - Processing file /home/airflow/.local/lib/python3.7/site-packages/airflow/example_dags/example_nested_branch_dag.py for tasks to queue
[2022-09-21T20:20:55.374+0000] {logging_mixin.py:117} INFO - [2022-09-21T20:20:55.373+0000] {dagbag.py:525} INFO - Filling up the DagBag from /home/airflow/.local/lib/python3.7/site-packages/airflow/example_dags/example_nested_branch_dag.py
[2022-09-21T20:20:55.417+0000] {processor.py:768} INFO - DAG(s) dict_keys(['example_nested_branch_dag']) retrieved from /home/airflow/.local/lib/python3.7/site-packages/airflow/example_dags/example_nested_branch_dag.py
[2022-09-21T20:20:55.929+0000] {logging_mixin.py:117} INFO - [2022-09-21T20:20:55.929+0000] {dag.py:2573} INFO - Sync 1 DAGs
[2022-09-21T20:20:56.004+0000] {logging_mixin.py:117} INFO - [2022-09-21T20:20:56.004+0000] {dag.py:3328} INFO - Setting next_dagrun for example_nested_branch_dag to 2022-09-20T00:00:00+00:00, run_after=2022-09-21T00:00:00+00:00
[2022-09-21T20:20:56.090+0000] {processor.py:178} INFO - Processing /home/airflow/.local/lib/python3.7/site-packages/airflow/example_dags/example_nested_branch_dag.py took 0.733 seconds
[2022-09-21T20:21:26.357+0000] {processor.py:156} INFO - Started process (PID=170) to work on /home/airflow/.local/lib/python3.7/site-packages/airflow/example_dags/example_nested_branch_dag.py
[2022-09-21T20:21:26.358+0000] {processor.py:758} INFO - Processing file /home/airflow/.local/lib/python3.7/site-packages/airflow/example_dags/example_nested_branch_dag.py for tasks to queue
[2022-09-21T20:21:26.359+0000] {logging_mixin.py:117} INFO - [2022-09-21T20:21:26.359+0000] {dagbag.py:525} INFO - Filling up the DagBag from /home/airflow/.local/lib/python3.7/site-packages/airflow/example_dags/example_nested_branch_dag.py
[2022-09-21T20:21:26.560+0000] {processor.py:768} INFO - DAG(s) dict_keys(['example_nested_branch_dag']) retrieved from /home/airflow/.local/lib/python3.7/site-packages/airflow/example_dags/example_nested_branch_dag.py
[2022-09-21T20:21:26.637+0000] {logging_mixin.py:117} INFO - [2022-09-21T20:21:26.636+0000] {dag.py:2573} INFO - Sync 1 DAGs
[2022-09-21T20:21:26.691+0000] {logging_mixin.py:117} INFO - [2022-09-21T20:21:26.691+0000] {dag.py:3328} INFO - Setting next_dagrun for example_nested_branch_dag to 2022-09-20T00:00:00+00:00, run_after=2022-09-21T00:00:00+00:00
[2022-09-21T20:21:26.727+0000] {processor.py:178} INFO - Processing /home/airflow/.local/lib/python3.7/site-packages/airflow/example_dags/example_nested_branch_dag.py took 0.375 seconds
[2022-09-21T20:21:57.072+0000] {processor.py:156} INFO - Started process (PID=233) to work on /home/airflow/.local/lib/python3.7/site-packages/airflow/example_dags/example_nested_branch_dag.py
[2022-09-21T20:21:57.073+0000] {processor.py:758} INFO - Processing file /home/airflow/.local/lib/python3.7/site-packages/airflow/example_dags/example_nested_branch_dag.py for tasks to queue
[2022-09-21T20:21:57.221+0000] {logging_mixin.py:117} INFO - [2022-09-21T20:21:57.073+0000] {dagbag.py:525} INFO - Filling up the DagBag from /home/airflow/.local/lib/python3.7/site-packages/airflow/example_dags/example_nested_branch_dag.py
[2022-09-21T20:21:57.245+0000] {processor.py:768} INFO - DAG(s) dict_keys(['example_nested_branch_dag']) retrieved from /home/airflow/.local/lib/python3.7/site-packages/airflow/example_dags/example_nested_branch_dag.py
[2022-09-21T20:21:57.275+0000] {logging_mixin.py:117} INFO - [2022-09-21T20:21:57.275+0000] {dag.py:2573} INFO - Sync 1 DAGs
[2022-09-21T20:21:57.318+0000] {logging_mixin.py:117} INFO - [2022-09-21T20:21:57.318+0000] {dag.py:3328} INFO - Setting next_dagrun for example_nested_branch_dag to 2022-09-20T00:00:00+00:00, run_after=2022-09-21T00:00:00+00:00
[2022-09-21T20:21:57.346+0000] {processor.py:178} INFO - Processing /home/airflow/.local/lib/python3.7/site-packages/airflow/example_dags/example_nested_branch_dag.py took 0.278 seconds
[2022-09-21T20:22:28.257+0000] {processor.py:156} INFO - Started process (PID=289) to work on /home/airflow/.local/lib/python3.7/site-packages/airflow/example_dags/example_nested_branch_dag.py
[2022-09-21T20:22:28.261+0000] {processor.py:758} INFO - Processing file /home/airflow/.local/lib/python3.7/site-packages/airflow/example_dags/example_nested_branch_dag.py for tasks to queue
[2022-09-21T20:22:28.262+0000] {logging_mixin.py:117} INFO - [2022-09-21T20:22:28.262+0000] {dagbag.py:525} INFO - Filling up the DagBag from /home/airflow/.local/lib/python3.7/site-packages/airflow/example_dags/example_nested_branch_dag.py
[2022-09-21T20:22:28.301+0000] {processor.py:768} INFO - DAG(s) dict_keys(['example_nested_branch_dag']) retrieved from /home/airflow/.local/lib/python3.7/site-packages/airflow/example_dags/example_nested_branch_dag.py
[2022-09-21T20:22:28.380+0000] {logging_mixin.py:117} INFO - [2022-09-21T20:22:28.380+0000] {dag.py:2573} INFO - Sync 1 DAGs
[2022-09-21T20:22:28.428+0000] {logging_mixin.py:117} INFO - [2022-09-21T20:22:28.428+0000] {dag.py:3328} INFO - Setting next_dagrun for example_nested_branch_dag to 2022-09-20T00:00:00+00:00, run_after=2022-09-21T00:00:00+00:00
[2022-09-21T20:22:28.459+0000] {processor.py:178} INFO - Processing /home/airflow/.local/lib/python3.7/site-packages/airflow/example_dags/example_nested_branch_dag.py took 0.205 seconds
[2022-09-21T20:22:58.895+0000] {processor.py:156} INFO - Started process (PID=353) to work on /home/airflow/.local/lib/python3.7/site-packages/airflow/example_dags/example_nested_branch_dag.py
[2022-09-21T20:22:58.895+0000] {processor.py:758} INFO - Processing file /home/airflow/.local/lib/python3.7/site-packages/airflow/example_dags/example_nested_branch_dag.py for tasks to queue
[2022-09-21T20:22:58.896+0000] {logging_mixin.py:117} INFO - [2022-09-21T20:22:58.896+0000] {dagbag.py:525} INFO - Filling up the DagBag from /home/airflow/.local/lib/python3.7/site-packages/airflow/example_dags/example_nested_branch_dag.py
[2022-09-21T20:22:58.924+0000] {processor.py:768} INFO - DAG(s) dict_keys(['example_nested_branch_dag']) retrieved from /home/airflow/.local/lib/python3.7/site-packages/airflow/example_dags/example_nested_branch_dag.py
[2022-09-21T20:22:58.952+0000] {logging_mixin.py:117} INFO - [2022-09-21T20:22:58.952+0000] {dag.py:2573} INFO - Sync 1 DAGs
[2022-09-21T20:22:58.996+0000] {logging_mixin.py:117} INFO - [2022-09-21T20:22:58.996+0000] {dag.py:3328} INFO - Setting next_dagrun for example_nested_branch_dag to 2022-09-20T00:00:00+00:00, run_after=2022-09-21T00:00:00+00:00
[2022-09-21T20:22:59.024+0000] {processor.py:178} INFO - Processing /home/airflow/.local/lib/python3.7/site-packages/airflow/example_dags/example_nested_branch_dag.py took 0.133 seconds
[2022-09-21T20:23:29.383+0000] {processor.py:156} INFO - Started process (PID=417) to work on /home/airflow/.local/lib/python3.7/site-packages/airflow/example_dags/example_nested_branch_dag.py
[2022-09-21T20:23:29.384+0000] {processor.py:758} INFO - Processing file /home/airflow/.local/lib/python3.7/site-packages/airflow/example_dags/example_nested_branch_dag.py for tasks to queue
[2022-09-21T20:23:29.384+0000] {logging_mixin.py:117} INFO - [2022-09-21T20:23:29.384+0000] {dagbag.py:525} INFO - Filling up the DagBag from /home/airflow/.local/lib/python3.7/site-packages/airflow/example_dags/example_nested_branch_dag.py
[2022-09-21T20:23:29.419+0000] {processor.py:768} INFO - DAG(s) dict_keys(['example_nested_branch_dag']) retrieved from /home/airflow/.local/lib/python3.7/site-packages/airflow/example_dags/example_nested_branch_dag.py
[2022-09-21T20:23:29.475+0000] {logging_mixin.py:117} INFO - [2022-09-21T20:23:29.475+0000] {dag.py:2573} INFO - Sync 1 DAGs
[2022-09-21T20:23:29.526+0000] {logging_mixin.py:117} INFO - [2022-09-21T20:23:29.525+0000] {dag.py:3328} INFO - Setting next_dagrun for example_nested_branch_dag to 2022-09-20T00:00:00+00:00, run_after=2022-09-21T00:00:00+00:00
[2022-09-21T20:23:29.560+0000] {processor.py:178} INFO - Processing /home/airflow/.local/lib/python3.7/site-packages/airflow/example_dags/example_nested_branch_dag.py took 0.181 seconds
[2022-09-21T20:23:59.716+0000] {processor.py:156} INFO - Started process (PID=472) to work on /home/airflow/.local/lib/python3.7/site-packages/airflow/example_dags/example_nested_branch_dag.py
[2022-09-21T20:23:59.716+0000] {processor.py:758} INFO - Processing file /home/airflow/.local/lib/python3.7/site-packages/airflow/example_dags/example_nested_branch_dag.py for tasks to queue
[2022-09-21T20:23:59.717+0000] {logging_mixin.py:117} INFO - [2022-09-21T20:23:59.717+0000] {dagbag.py:525} INFO - Filling up the DagBag from /home/airflow/.local/lib/python3.7/site-packages/airflow/example_dags/example_nested_branch_dag.py
[2022-09-21T20:23:59.757+0000] {processor.py:768} INFO - DAG(s) dict_keys(['example_nested_branch_dag']) retrieved from /home/airflow/.local/lib/python3.7/site-packages/airflow/example_dags/example_nested_branch_dag.py
[2022-09-21T20:23:59.817+0000] {logging_mixin.py:117} INFO - [2022-09-21T20:23:59.817+0000] {dag.py:2573} INFO - Sync 1 DAGs
[2022-09-21T20:23:59.849+0000] {logging_mixin.py:117} INFO - [2022-09-21T20:23:59.849+0000] {dag.py:3328} INFO - Setting next_dagrun for example_nested_branch_dag to 2022-09-20T00:00:00+00:00, run_after=2022-09-21T00:00:00+00:00
[2022-09-21T20:23:59.876+0000] {processor.py:178} INFO - Processing /home/airflow/.local/lib/python3.7/site-packages/airflow/example_dags/example_nested_branch_dag.py took 0.165 seconds
[2022-09-21T20:24:30.251+0000] {processor.py:156} INFO - Started process (PID=536) to work on /home/airflow/.local/lib/python3.7/site-packages/airflow/example_dags/example_nested_branch_dag.py
[2022-09-21T20:24:30.252+0000] {processor.py:758} INFO - Processing file /home/airflow/.local/lib/python3.7/site-packages/airflow/example_dags/example_nested_branch_dag.py for tasks to queue
[2022-09-21T20:24:30.253+0000] {logging_mixin.py:117} INFO - [2022-09-21T20:24:30.253+0000] {dagbag.py:525} INFO - Filling up the DagBag from /home/airflow/.local/lib/python3.7/site-packages/airflow/example_dags/example_nested_branch_dag.py
[2022-09-21T20:24:30.287+0000] {processor.py:768} INFO - DAG(s) dict_keys(['example_nested_branch_dag']) retrieved from /home/airflow/.local/lib/python3.7/site-packages/airflow/example_dags/example_nested_branch_dag.py
[2022-09-21T20:24:30.358+0000] {logging_mixin.py:117} INFO - [2022-09-21T20:24:30.358+0000] {dag.py:2573} INFO - Sync 1 DAGs
[2022-09-21T20:24:30.411+0000] {logging_mixin.py:117} INFO - [2022-09-21T20:24:30.411+0000] {dag.py:3328} INFO - Setting next_dagrun for example_nested_branch_dag to 2022-09-20T00:00:00+00:00, run_after=2022-09-21T00:00:00+00:00
[2022-09-21T20:24:30.447+0000] {processor.py:178} INFO - Processing /home/airflow/.local/lib/python3.7/site-packages/airflow/example_dags/example_nested_branch_dag.py took 0.200 seconds
[2022-09-21T20:25:00.607+0000] {processor.py:156} INFO - Started process (PID=591) to work on /home/airflow/.local/lib/python3.7/site-packages/airflow/example_dags/example_nested_branch_dag.py
[2022-09-21T20:25:00.608+0000] {processor.py:758} INFO - Processing file /home/airflow/.local/lib/python3.7/site-packages/airflow/example_dags/example_nested_branch_dag.py for tasks to queue
[2022-09-21T20:25:00.609+0000] {logging_mixin.py:117} INFO - [2022-09-21T20:25:00.608+0000] {dagbag.py:525} INFO - Filling up the DagBag from /home/airflow/.local/lib/python3.7/site-packages/airflow/example_dags/example_nested_branch_dag.py
[2022-09-21T20:25:00.639+0000] {processor.py:768} INFO - DAG(s) dict_keys(['example_nested_branch_dag']) retrieved from /home/airflow/.local/lib/python3.7/site-packages/airflow/example_dags/example_nested_branch_dag.py
[2022-09-21T20:25:00.672+0000] {logging_mixin.py:117} INFO - [2022-09-21T20:25:00.671+0000] {dag.py:2573} INFO - Sync 1 DAGs
[2022-09-21T20:25:00.721+0000] {logging_mixin.py:117} INFO - [2022-09-21T20:25:00.721+0000] {dag.py:3328} INFO - Setting next_dagrun for example_nested_branch_dag to 2022-09-20T00:00:00+00:00, run_after=2022-09-21T00:00:00+00:00
[2022-09-21T20:25:00.757+0000] {processor.py:178} INFO - Processing /home/airflow/.local/lib/python3.7/site-packages/airflow/example_dags/example_nested_branch_dag.py took 0.154 seconds
[2022-09-21T20:25:31.042+0000] {processor.py:156} INFO - Started process (PID=655) to work on /home/airflow/.local/lib/python3.7/site-packages/airflow/example_dags/example_nested_branch_dag.py
[2022-09-21T20:25:31.043+0000] {processor.py:758} INFO - Processing file /home/airflow/.local/lib/python3.7/site-packages/airflow/example_dags/example_nested_branch_dag.py for tasks to queue
[2022-09-21T20:25:31.043+0000] {logging_mixin.py:117} INFO - [2022-09-21T20:25:31.043+0000] {dagbag.py:525} INFO - Filling up the DagBag from /home/airflow/.local/lib/python3.7/site-packages/airflow/example_dags/example_nested_branch_dag.py
[2022-09-21T20:25:31.071+0000] {processor.py:768} INFO - DAG(s) dict_keys(['example_nested_branch_dag']) retrieved from /home/airflow/.local/lib/python3.7/site-packages/airflow/example_dags/example_nested_branch_dag.py
[2022-09-21T20:25:31.104+0000] {logging_mixin.py:117} INFO - [2022-09-21T20:25:31.104+0000] {dag.py:2573} INFO - Sync 1 DAGs
[2022-09-21T20:25:31.128+0000] {logging_mixin.py:117} INFO - [2022-09-21T20:25:31.128+0000] {dag.py:3328} INFO - Setting next_dagrun for example_nested_branch_dag to 2022-09-20T00:00:00+00:00, run_after=2022-09-21T00:00:00+00:00
[2022-09-21T20:25:31.152+0000] {processor.py:178} INFO - Processing /home/airflow/.local/lib/python3.7/site-packages/airflow/example_dags/example_nested_branch_dag.py took 0.112 seconds
[2022-09-21T20:26:01.383+0000] {processor.py:156} INFO - Started process (PID=710) to work on /home/airflow/.local/lib/python3.7/site-packages/airflow/example_dags/example_nested_branch_dag.py
[2022-09-21T20:26:01.383+0000] {processor.py:758} INFO - Processing file /home/airflow/.local/lib/python3.7/site-packages/airflow/example_dags/example_nested_branch_dag.py for tasks to queue
[2022-09-21T20:26:01.384+0000] {logging_mixin.py:117} INFO - [2022-09-21T20:26:01.384+0000] {dagbag.py:525} INFO - Filling up the DagBag from /home/airflow/.local/lib/python3.7/site-packages/airflow/example_dags/example_nested_branch_dag.py
[2022-09-21T20:26:01.406+0000] {processor.py:768} INFO - DAG(s) dict_keys(['example_nested_branch_dag']) retrieved from /home/airflow/.local/lib/python3.7/site-packages/airflow/example_dags/example_nested_branch_dag.py
[2022-09-21T20:26:01.444+0000] {logging_mixin.py:117} INFO - [2022-09-21T20:26:01.443+0000] {dag.py:2573} INFO - Sync 1 DAGs
[2022-09-21T20:26:01.467+0000] {logging_mixin.py:117} INFO - [2022-09-21T20:26:01.467+0000] {dag.py:3328} INFO - Setting next_dagrun for example_nested_branch_dag to 2022-09-20T00:00:00+00:00, run_after=2022-09-21T00:00:00+00:00
[2022-09-21T20:26:01.485+0000] {processor.py:178} INFO - Processing /home/airflow/.local/lib/python3.7/site-packages/airflow/example_dags/example_nested_branch_dag.py took 0.105 seconds
[2022-09-21T20:26:31.888+0000] {processor.py:156} INFO - Started process (PID=773) to work on /home/airflow/.local/lib/python3.7/site-packages/airflow/example_dags/example_nested_branch_dag.py
[2022-09-21T20:26:31.889+0000] {processor.py:758} INFO - Processing file /home/airflow/.local/lib/python3.7/site-packages/airflow/example_dags/example_nested_branch_dag.py for tasks to queue
[2022-09-21T20:26:31.889+0000] {logging_mixin.py:117} INFO - [2022-09-21T20:26:31.889+0000] {dagbag.py:525} INFO - Filling up the DagBag from /home/airflow/.local/lib/python3.7/site-packages/airflow/example_dags/example_nested_branch_dag.py
[2022-09-21T20:26:31.915+0000] {processor.py:768} INFO - DAG(s) dict_keys(['example_nested_branch_dag']) retrieved from /home/airflow/.local/lib/python3.7/site-packages/airflow/example_dags/example_nested_branch_dag.py
[2022-09-21T20:26:31.958+0000] {logging_mixin.py:117} INFO - [2022-09-21T20:26:31.958+0000] {dag.py:2573} INFO - Sync 1 DAGs
[2022-09-21T20:26:31.995+0000] {logging_mixin.py:117} INFO - [2022-09-21T20:26:31.994+0000] {dag.py:3328} INFO - Setting next_dagrun for example_nested_branch_dag to 2022-09-20T00:00:00+00:00, run_after=2022-09-21T00:00:00+00:00
[2022-09-21T20:26:32.017+0000] {processor.py:178} INFO - Processing /home/airflow/.local/lib/python3.7/site-packages/airflow/example_dags/example_nested_branch_dag.py took 0.131 seconds
[2022-09-21T20:27:02.817+0000] {processor.py:156} INFO - Started process (PID=837) to work on /home/airflow/.local/lib/python3.7/site-packages/airflow/example_dags/example_nested_branch_dag.py
[2022-09-21T20:27:02.817+0000] {processor.py:758} INFO - Processing file /home/airflow/.local/lib/python3.7/site-packages/airflow/example_dags/example_nested_branch_dag.py for tasks to queue
[2022-09-21T20:27:02.818+0000] {logging_mixin.py:117} INFO - [2022-09-21T20:27:02.818+0000] {dagbag.py:525} INFO - Filling up the DagBag from /home/airflow/.local/lib/python3.7/site-packages/airflow/example_dags/example_nested_branch_dag.py
[2022-09-21T20:27:02.838+0000] {processor.py:768} INFO - DAG(s) dict_keys(['example_nested_branch_dag']) retrieved from /home/airflow/.local/lib/python3.7/site-packages/airflow/example_dags/example_nested_branch_dag.py
[2022-09-21T20:27:02.873+0000] {logging_mixin.py:117} INFO - [2022-09-21T20:27:02.873+0000] {dag.py:2573} INFO - Sync 1 DAGs
[2022-09-21T20:27:02.895+0000] {logging_mixin.py:117} INFO - [2022-09-21T20:27:02.895+0000] {dag.py:3328} INFO - Setting next_dagrun for example_nested_branch_dag to 2022-09-20T00:00:00+00:00, run_after=2022-09-21T00:00:00+00:00
[2022-09-21T20:27:02.913+0000] {processor.py:178} INFO - Processing /home/airflow/.local/lib/python3.7/site-packages/airflow/example_dags/example_nested_branch_dag.py took 0.099 seconds
[2022-09-21T20:27:33.111+0000] {processor.py:156} INFO - Started process (PID=892) to work on /home/airflow/.local/lib/python3.7/site-packages/airflow/example_dags/example_nested_branch_dag.py
[2022-09-21T20:27:33.112+0000] {processor.py:758} INFO - Processing file /home/airflow/.local/lib/python3.7/site-packages/airflow/example_dags/example_nested_branch_dag.py for tasks to queue
[2022-09-21T20:27:33.112+0000] {logging_mixin.py:117} INFO - [2022-09-21T20:27:33.112+0000] {dagbag.py:525} INFO - Filling up the DagBag from /home/airflow/.local/lib/python3.7/site-packages/airflow/example_dags/example_nested_branch_dag.py
[2022-09-21T20:27:33.135+0000] {processor.py:768} INFO - DAG(s) dict_keys(['example_nested_branch_dag']) retrieved from /home/airflow/.local/lib/python3.7/site-packages/airflow/example_dags/example_nested_branch_dag.py
[2022-09-21T20:27:33.172+0000] {logging_mixin.py:117} INFO - [2022-09-21T20:27:33.171+0000] {dag.py:2573} INFO - Sync 1 DAGs
[2022-09-21T20:27:33.197+0000] {logging_mixin.py:117} INFO - [2022-09-21T20:27:33.197+0000] {dag.py:3328} INFO - Setting next_dagrun for example_nested_branch_dag to 2022-09-20T00:00:00+00:00, run_after=2022-09-21T00:00:00+00:00
[2022-09-21T20:27:33.218+0000] {processor.py:178} INFO - Processing /home/airflow/.local/lib/python3.7/site-packages/airflow/example_dags/example_nested_branch_dag.py took 0.109 seconds
[2022-09-21T20:28:03.662+0000] {processor.py:156} INFO - Started process (PID=956) to work on /home/airflow/.local/lib/python3.7/site-packages/airflow/example_dags/example_nested_branch_dag.py
[2022-09-21T20:28:03.663+0000] {processor.py:758} INFO - Processing file /home/airflow/.local/lib/python3.7/site-packages/airflow/example_dags/example_nested_branch_dag.py for tasks to queue
[2022-09-21T20:28:03.664+0000] {logging_mixin.py:117} INFO - [2022-09-21T20:28:03.664+0000] {dagbag.py:525} INFO - Filling up the DagBag from /home/airflow/.local/lib/python3.7/site-packages/airflow/example_dags/example_nested_branch_dag.py
[2022-09-21T20:28:03.708+0000] {processor.py:768} INFO - DAG(s) dict_keys(['example_nested_branch_dag']) retrieved from /home/airflow/.local/lib/python3.7/site-packages/airflow/example_dags/example_nested_branch_dag.py
[2022-09-21T20:28:03.766+0000] {logging_mixin.py:117} INFO - [2022-09-21T20:28:03.766+0000] {dag.py:2573} INFO - Sync 1 DAGs
[2022-09-21T20:28:03.792+0000] {logging_mixin.py:117} INFO - [2022-09-21T20:28:03.792+0000] {dag.py:3328} INFO - Setting next_dagrun for example_nested_branch_dag to 2022-09-20T00:00:00+00:00, run_after=2022-09-21T00:00:00+00:00
[2022-09-21T20:28:03.812+0000] {processor.py:178} INFO - Processing /home/airflow/.local/lib/python3.7/site-packages/airflow/example_dags/example_nested_branch_dag.py took 0.158 seconds
[2022-09-21T20:28:34.434+0000] {processor.py:156} INFO - Started process (PID=1019) to work on /home/airflow/.local/lib/python3.7/site-packages/airflow/example_dags/example_nested_branch_dag.py
[2022-09-21T20:28:34.434+0000] {processor.py:758} INFO - Processing file /home/airflow/.local/lib/python3.7/site-packages/airflow/example_dags/example_nested_branch_dag.py for tasks to queue
[2022-09-21T20:28:34.435+0000] {logging_mixin.py:117} INFO - [2022-09-21T20:28:34.435+0000] {dagbag.py:525} INFO - Filling up the DagBag from /home/airflow/.local/lib/python3.7/site-packages/airflow/example_dags/example_nested_branch_dag.py
[2022-09-21T20:28:34.456+0000] {processor.py:768} INFO - DAG(s) dict_keys(['example_nested_branch_dag']) retrieved from /home/airflow/.local/lib/python3.7/site-packages/airflow/example_dags/example_nested_branch_dag.py
[2022-09-21T20:28:34.495+0000] {logging_mixin.py:117} INFO - [2022-09-21T20:28:34.495+0000] {dag.py:2573} INFO - Sync 1 DAGs
[2022-09-21T20:28:34.524+0000] {logging_mixin.py:117} INFO - [2022-09-21T20:28:34.524+0000] {dag.py:3328} INFO - Setting next_dagrun for example_nested_branch_dag to 2022-09-20T00:00:00+00:00, run_after=2022-09-21T00:00:00+00:00
[2022-09-21T20:28:34.542+0000] {processor.py:178} INFO - Processing /home/airflow/.local/lib/python3.7/site-packages/airflow/example_dags/example_nested_branch_dag.py took 0.111 seconds
[2022-09-21T20:29:05.284+0000] {processor.py:156} INFO - Started process (PID=1074) to work on /home/airflow/.local/lib/python3.7/site-packages/airflow/example_dags/example_nested_branch_dag.py
[2022-09-21T20:29:05.284+0000] {processor.py:758} INFO - Processing file /home/airflow/.local/lib/python3.7/site-packages/airflow/example_dags/example_nested_branch_dag.py for tasks to queue
[2022-09-21T20:29:05.285+0000] {logging_mixin.py:117} INFO - [2022-09-21T20:29:05.285+0000] {dagbag.py:525} INFO - Filling up the DagBag from /home/airflow/.local/lib/python3.7/site-packages/airflow/example_dags/example_nested_branch_dag.py
[2022-09-21T20:29:05.308+0000] {processor.py:768} INFO - DAG(s) dict_keys(['example_nested_branch_dag']) retrieved from /home/airflow/.local/lib/python3.7/site-packages/airflow/example_dags/example_nested_branch_dag.py
[2022-09-21T20:29:05.347+0000] {logging_mixin.py:117} INFO - [2022-09-21T20:29:05.346+0000] {dag.py:2573} INFO - Sync 1 DAGs
[2022-09-21T20:29:05.385+0000] {logging_mixin.py:117} INFO - [2022-09-21T20:29:05.384+0000] {dag.py:3328} INFO - Setting next_dagrun for example_nested_branch_dag to 2022-09-20T00:00:00+00:00, run_after=2022-09-21T00:00:00+00:00
[2022-09-21T20:29:05.409+0000] {processor.py:178} INFO - Processing /home/airflow/.local/lib/python3.7/site-packages/airflow/example_dags/example_nested_branch_dag.py took 0.128 seconds
[2022-09-21T20:29:36.073+0000] {processor.py:156} INFO - Started process (PID=1138) to work on /home/airflow/.local/lib/python3.7/site-packages/airflow/example_dags/example_nested_branch_dag.py
[2022-09-21T20:29:36.074+0000] {processor.py:758} INFO - Processing file /home/airflow/.local/lib/python3.7/site-packages/airflow/example_dags/example_nested_branch_dag.py for tasks to queue
[2022-09-21T20:29:36.075+0000] {logging_mixin.py:117} INFO - [2022-09-21T20:29:36.075+0000] {dagbag.py:525} INFO - Filling up the DagBag from /home/airflow/.local/lib/python3.7/site-packages/airflow/example_dags/example_nested_branch_dag.py
[2022-09-21T20:29:36.096+0000] {processor.py:768} INFO - DAG(s) dict_keys(['example_nested_branch_dag']) retrieved from /home/airflow/.local/lib/python3.7/site-packages/airflow/example_dags/example_nested_branch_dag.py
[2022-09-21T20:29:36.131+0000] {logging_mixin.py:117} INFO - [2022-09-21T20:29:36.131+0000] {dag.py:2573} INFO - Sync 1 DAGs
[2022-09-21T20:29:36.159+0000] {logging_mixin.py:117} INFO - [2022-09-21T20:29:36.159+0000] {dag.py:3328} INFO - Setting next_dagrun for example_nested_branch_dag to 2022-09-20T00:00:00+00:00, run_after=2022-09-21T00:00:00+00:00
[2022-09-21T20:29:36.175+0000] {processor.py:178} INFO - Processing /home/airflow/.local/lib/python3.7/site-packages/airflow/example_dags/example_nested_branch_dag.py took 0.104 seconds
[2022-09-21T20:30:07.120+0000] {processor.py:156} INFO - Started process (PID=1194) to work on /home/airflow/.local/lib/python3.7/site-packages/airflow/example_dags/example_nested_branch_dag.py
[2022-09-21T20:30:07.133+0000] {processor.py:758} INFO - Processing file /home/airflow/.local/lib/python3.7/site-packages/airflow/example_dags/example_nested_branch_dag.py for tasks to queue
[2022-09-21T20:30:07.134+0000] {logging_mixin.py:117} INFO - [2022-09-21T20:30:07.134+0000] {dagbag.py:525} INFO - Filling up the DagBag from /home/airflow/.local/lib/python3.7/site-packages/airflow/example_dags/example_nested_branch_dag.py
[2022-09-21T20:30:07.211+0000] {processor.py:768} INFO - DAG(s) dict_keys(['example_nested_branch_dag']) retrieved from /home/airflow/.local/lib/python3.7/site-packages/airflow/example_dags/example_nested_branch_dag.py
[2022-09-21T20:30:07.349+0000] {logging_mixin.py:117} INFO - [2022-09-21T20:30:07.348+0000] {dag.py:2573} INFO - Sync 1 DAGs
[2022-09-21T20:30:07.503+0000] {logging_mixin.py:117} INFO - [2022-09-21T20:30:07.503+0000] {dag.py:3328} INFO - Setting next_dagrun for example_nested_branch_dag to 2022-09-20T00:00:00+00:00, run_after=2022-09-21T00:00:00+00:00
[2022-09-21T20:30:07.606+0000] {processor.py:178} INFO - Processing /home/airflow/.local/lib/python3.7/site-packages/airflow/example_dags/example_nested_branch_dag.py took 0.508 seconds
[2022-09-21T20:30:37.679+0000] {processor.py:156} INFO - Started process (PID=1249) to work on /home/airflow/.local/lib/python3.7/site-packages/airflow/example_dags/example_nested_branch_dag.py
[2022-09-21T20:30:37.682+0000] {processor.py:758} INFO - Processing file /home/airflow/.local/lib/python3.7/site-packages/airflow/example_dags/example_nested_branch_dag.py for tasks to queue
[2022-09-21T20:30:37.683+0000] {logging_mixin.py:117} INFO - [2022-09-21T20:30:37.683+0000] {dagbag.py:525} INFO - Filling up the DagBag from /home/airflow/.local/lib/python3.7/site-packages/airflow/example_dags/example_nested_branch_dag.py
[2022-09-21T20:30:37.750+0000] {processor.py:768} INFO - DAG(s) dict_keys(['example_nested_branch_dag']) retrieved from /home/airflow/.local/lib/python3.7/site-packages/airflow/example_dags/example_nested_branch_dag.py
[2022-09-21T20:30:37.827+0000] {logging_mixin.py:117} INFO - [2022-09-21T20:30:37.827+0000] {dag.py:2573} INFO - Sync 1 DAGs
[2022-09-21T20:30:37.887+0000] {logging_mixin.py:117} INFO - [2022-09-21T20:30:37.887+0000] {dag.py:3328} INFO - Setting next_dagrun for example_nested_branch_dag to 2022-09-20T00:00:00+00:00, run_after=2022-09-21T00:00:00+00:00
[2022-09-21T20:30:37.914+0000] {processor.py:178} INFO - Processing /home/airflow/.local/lib/python3.7/site-packages/airflow/example_dags/example_nested_branch_dag.py took 0.240 seconds
[2022-09-21T20:31:08.243+0000] {processor.py:156} INFO - Started process (PID=1314) to work on /home/airflow/.local/lib/python3.7/site-packages/airflow/example_dags/example_nested_branch_dag.py
[2022-09-21T20:31:08.244+0000] {processor.py:758} INFO - Processing file /home/airflow/.local/lib/python3.7/site-packages/airflow/example_dags/example_nested_branch_dag.py for tasks to queue
[2022-09-21T20:31:08.245+0000] {logging_mixin.py:117} INFO - [2022-09-21T20:31:08.245+0000] {dagbag.py:525} INFO - Filling up the DagBag from /home/airflow/.local/lib/python3.7/site-packages/airflow/example_dags/example_nested_branch_dag.py
[2022-09-21T20:31:08.282+0000] {processor.py:768} INFO - DAG(s) dict_keys(['example_nested_branch_dag']) retrieved from /home/airflow/.local/lib/python3.7/site-packages/airflow/example_dags/example_nested_branch_dag.py
[2022-09-21T20:31:08.335+0000] {logging_mixin.py:117} INFO - [2022-09-21T20:31:08.334+0000] {dag.py:2573} INFO - Sync 1 DAGs
[2022-09-21T20:31:08.370+0000] {logging_mixin.py:117} INFO - [2022-09-21T20:31:08.370+0000] {dag.py:3328} INFO - Setting next_dagrun for example_nested_branch_dag to 2022-09-20T00:00:00+00:00, run_after=2022-09-21T00:00:00+00:00
[2022-09-21T20:31:08.398+0000] {processor.py:178} INFO - Processing /home/airflow/.local/lib/python3.7/site-packages/airflow/example_dags/example_nested_branch_dag.py took 0.159 seconds
[2022-09-21T20:31:39.137+0000] {processor.py:156} INFO - Started process (PID=1378) to work on /home/airflow/.local/lib/python3.7/site-packages/airflow/example_dags/example_nested_branch_dag.py
[2022-09-21T20:31:39.139+0000] {processor.py:758} INFO - Processing file /home/airflow/.local/lib/python3.7/site-packages/airflow/example_dags/example_nested_branch_dag.py for tasks to queue
[2022-09-21T20:31:39.140+0000] {logging_mixin.py:117} INFO - [2022-09-21T20:31:39.139+0000] {dagbag.py:525} INFO - Filling up the DagBag from /home/airflow/.local/lib/python3.7/site-packages/airflow/example_dags/example_nested_branch_dag.py
[2022-09-21T20:31:39.178+0000] {processor.py:768} INFO - DAG(s) dict_keys(['example_nested_branch_dag']) retrieved from /home/airflow/.local/lib/python3.7/site-packages/airflow/example_dags/example_nested_branch_dag.py
[2022-09-21T20:31:39.235+0000] {logging_mixin.py:117} INFO - [2022-09-21T20:31:39.235+0000] {dag.py:2573} INFO - Sync 1 DAGs
[2022-09-21T20:31:39.279+0000] {logging_mixin.py:117} INFO - [2022-09-21T20:31:39.279+0000] {dag.py:3328} INFO - Setting next_dagrun for example_nested_branch_dag to 2022-09-20T00:00:00+00:00, run_after=2022-09-21T00:00:00+00:00
[2022-09-21T20:31:39.308+0000] {processor.py:178} INFO - Processing /home/airflow/.local/lib/python3.7/site-packages/airflow/example_dags/example_nested_branch_dag.py took 0.175 seconds
[2022-09-21T20:32:10.367+0000] {processor.py:156} INFO - Started process (PID=1433) to work on /home/airflow/.local/lib/python3.7/site-packages/airflow/example_dags/example_nested_branch_dag.py
[2022-09-21T20:32:10.367+0000] {processor.py:758} INFO - Processing file /home/airflow/.local/lib/python3.7/site-packages/airflow/example_dags/example_nested_branch_dag.py for tasks to queue
[2022-09-21T20:32:10.368+0000] {logging_mixin.py:117} INFO - [2022-09-21T20:32:10.368+0000] {dagbag.py:525} INFO - Filling up the DagBag from /home/airflow/.local/lib/python3.7/site-packages/airflow/example_dags/example_nested_branch_dag.py
[2022-09-21T20:32:10.400+0000] {processor.py:768} INFO - DAG(s) dict_keys(['example_nested_branch_dag']) retrieved from /home/airflow/.local/lib/python3.7/site-packages/airflow/example_dags/example_nested_branch_dag.py
[2022-09-21T20:32:10.450+0000] {logging_mixin.py:117} INFO - [2022-09-21T20:32:10.450+0000] {dag.py:2573} INFO - Sync 1 DAGs
[2022-09-21T20:32:10.494+0000] {logging_mixin.py:117} INFO - [2022-09-21T20:32:10.494+0000] {dag.py:3328} INFO - Setting next_dagrun for example_nested_branch_dag to 2022-09-20T00:00:00+00:00, run_after=2022-09-21T00:00:00+00:00
[2022-09-21T20:32:10.527+0000] {processor.py:178} INFO - Processing /home/airflow/.local/lib/python3.7/site-packages/airflow/example_dags/example_nested_branch_dag.py took 0.164 seconds
[2022-09-21T20:32:40.878+0000] {processor.py:156} INFO - Started process (PID=1498) to work on /home/airflow/.local/lib/python3.7/site-packages/airflow/example_dags/example_nested_branch_dag.py
[2022-09-21T20:32:40.879+0000] {processor.py:758} INFO - Processing file /home/airflow/.local/lib/python3.7/site-packages/airflow/example_dags/example_nested_branch_dag.py for tasks to queue
[2022-09-21T20:32:40.879+0000] {logging_mixin.py:117} INFO - [2022-09-21T20:32:40.879+0000] {dagbag.py:525} INFO - Filling up the DagBag from /home/airflow/.local/lib/python3.7/site-packages/airflow/example_dags/example_nested_branch_dag.py
[2022-09-21T20:32:40.912+0000] {processor.py:768} INFO - DAG(s) dict_keys(['example_nested_branch_dag']) retrieved from /home/airflow/.local/lib/python3.7/site-packages/airflow/example_dags/example_nested_branch_dag.py
[2022-09-21T20:32:40.983+0000] {logging_mixin.py:117} INFO - [2022-09-21T20:32:40.983+0000] {dag.py:2573} INFO - Sync 1 DAGs
[2022-09-21T20:32:41.040+0000] {logging_mixin.py:117} INFO - [2022-09-21T20:32:41.039+0000] {dag.py:3328} INFO - Setting next_dagrun for example_nested_branch_dag to 2022-09-20T00:00:00+00:00, run_after=2022-09-21T00:00:00+00:00
[2022-09-21T20:32:41.076+0000] {processor.py:178} INFO - Processing /home/airflow/.local/lib/python3.7/site-packages/airflow/example_dags/example_nested_branch_dag.py took 0.202 seconds
[2022-09-21T20:33:11.534+0000] {processor.py:156} INFO - Started process (PID=1552) to work on /home/airflow/.local/lib/python3.7/site-packages/airflow/example_dags/example_nested_branch_dag.py
[2022-09-21T20:33:11.535+0000] {processor.py:758} INFO - Processing file /home/airflow/.local/lib/python3.7/site-packages/airflow/example_dags/example_nested_branch_dag.py for tasks to queue
[2022-09-21T20:33:11.536+0000] {logging_mixin.py:117} INFO - [2022-09-21T20:33:11.536+0000] {dagbag.py:525} INFO - Filling up the DagBag from /home/airflow/.local/lib/python3.7/site-packages/airflow/example_dags/example_nested_branch_dag.py
[2022-09-21T20:33:11.588+0000] {processor.py:768} INFO - DAG(s) dict_keys(['example_nested_branch_dag']) retrieved from /home/airflow/.local/lib/python3.7/site-packages/airflow/example_dags/example_nested_branch_dag.py
[2022-09-21T20:33:11.678+0000] {logging_mixin.py:117} INFO - [2022-09-21T20:33:11.677+0000] {dag.py:2573} INFO - Sync 1 DAGs
[2022-09-21T20:33:11.749+0000] {logging_mixin.py:117} INFO - [2022-09-21T20:33:11.748+0000] {dag.py:3328} INFO - Setting next_dagrun for example_nested_branch_dag to 2022-09-20T00:00:00+00:00, run_after=2022-09-21T00:00:00+00:00
[2022-09-21T20:33:11.784+0000] {processor.py:178} INFO - Processing /home/airflow/.local/lib/python3.7/site-packages/airflow/example_dags/example_nested_branch_dag.py took 0.255 seconds
[2022-09-21T20:33:42.225+0000] {processor.py:156} INFO - Started process (PID=1606) to work on /home/airflow/.local/lib/python3.7/site-packages/airflow/example_dags/example_nested_branch_dag.py
[2022-09-21T20:33:42.226+0000] {processor.py:758} INFO - Processing file /home/airflow/.local/lib/python3.7/site-packages/airflow/example_dags/example_nested_branch_dag.py for tasks to queue
[2022-09-21T20:33:42.227+0000] {logging_mixin.py:117} INFO - [2022-09-21T20:33:42.226+0000] {dagbag.py:525} INFO - Filling up the DagBag from /home/airflow/.local/lib/python3.7/site-packages/airflow/example_dags/example_nested_branch_dag.py
[2022-09-21T20:33:42.263+0000] {processor.py:768} INFO - DAG(s) dict_keys(['example_nested_branch_dag']) retrieved from /home/airflow/.local/lib/python3.7/site-packages/airflow/example_dags/example_nested_branch_dag.py
[2022-09-21T20:33:42.320+0000] {logging_mixin.py:117} INFO - [2022-09-21T20:33:42.320+0000] {dag.py:2573} INFO - Sync 1 DAGs
[2022-09-21T20:33:42.355+0000] {logging_mixin.py:117} INFO - [2022-09-21T20:33:42.355+0000] {dag.py:3328} INFO - Setting next_dagrun for example_nested_branch_dag to 2022-09-20T00:00:00+00:00, run_after=2022-09-21T00:00:00+00:00
[2022-09-21T20:33:42.376+0000] {processor.py:178} INFO - Processing /home/airflow/.local/lib/python3.7/site-packages/airflow/example_dags/example_nested_branch_dag.py took 0.154 seconds
[2022-09-21T20:34:13.269+0000] {processor.py:156} INFO - Started process (PID=1669) to work on /home/airflow/.local/lib/python3.7/site-packages/airflow/example_dags/example_nested_branch_dag.py
[2022-09-21T20:34:13.270+0000] {processor.py:758} INFO - Processing file /home/airflow/.local/lib/python3.7/site-packages/airflow/example_dags/example_nested_branch_dag.py for tasks to queue
[2022-09-21T20:34:13.271+0000] {logging_mixin.py:117} INFO - [2022-09-21T20:34:13.271+0000] {dagbag.py:525} INFO - Filling up the DagBag from /home/airflow/.local/lib/python3.7/site-packages/airflow/example_dags/example_nested_branch_dag.py
[2022-09-21T20:34:13.312+0000] {processor.py:768} INFO - DAG(s) dict_keys(['example_nested_branch_dag']) retrieved from /home/airflow/.local/lib/python3.7/site-packages/airflow/example_dags/example_nested_branch_dag.py
[2022-09-21T20:34:13.371+0000] {logging_mixin.py:117} INFO - [2022-09-21T20:34:13.370+0000] {dag.py:2573} INFO - Sync 1 DAGs
[2022-09-21T20:34:13.424+0000] {logging_mixin.py:117} INFO - [2022-09-21T20:34:13.424+0000] {dag.py:3328} INFO - Setting next_dagrun for example_nested_branch_dag to 2022-09-20T00:00:00+00:00, run_after=2022-09-21T00:00:00+00:00
[2022-09-21T20:34:13.461+0000] {processor.py:178} INFO - Processing /home/airflow/.local/lib/python3.7/site-packages/airflow/example_dags/example_nested_branch_dag.py took 0.197 seconds
[2022-09-21T20:34:43.964+0000] {processor.py:156} INFO - Started process (PID=1724) to work on /home/airflow/.local/lib/python3.7/site-packages/airflow/example_dags/example_nested_branch_dag.py
[2022-09-21T20:34:43.965+0000] {processor.py:758} INFO - Processing file /home/airflow/.local/lib/python3.7/site-packages/airflow/example_dags/example_nested_branch_dag.py for tasks to queue
[2022-09-21T20:34:43.966+0000] {logging_mixin.py:117} INFO - [2022-09-21T20:34:43.965+0000] {dagbag.py:525} INFO - Filling up the DagBag from /home/airflow/.local/lib/python3.7/site-packages/airflow/example_dags/example_nested_branch_dag.py
[2022-09-21T20:34:43.995+0000] {processor.py:768} INFO - DAG(s) dict_keys(['example_nested_branch_dag']) retrieved from /home/airflow/.local/lib/python3.7/site-packages/airflow/example_dags/example_nested_branch_dag.py
[2022-09-21T20:34:44.052+0000] {logging_mixin.py:117} INFO - [2022-09-21T20:34:44.052+0000] {dag.py:2573} INFO - Sync 1 DAGs
[2022-09-21T20:34:44.090+0000] {logging_mixin.py:117} INFO - [2022-09-21T20:34:44.090+0000] {dag.py:3328} INFO - Setting next_dagrun for example_nested_branch_dag to 2022-09-20T00:00:00+00:00, run_after=2022-09-21T00:00:00+00:00
[2022-09-21T20:34:44.114+0000] {processor.py:178} INFO - Processing /home/airflow/.local/lib/python3.7/site-packages/airflow/example_dags/example_nested_branch_dag.py took 0.153 seconds
[2022-09-21T20:35:15.019+0000] {processor.py:156} INFO - Started process (PID=1789) to work on /home/airflow/.local/lib/python3.7/site-packages/airflow/example_dags/example_nested_branch_dag.py
[2022-09-21T20:35:15.020+0000] {processor.py:758} INFO - Processing file /home/airflow/.local/lib/python3.7/site-packages/airflow/example_dags/example_nested_branch_dag.py for tasks to queue
[2022-09-21T20:35:15.021+0000] {logging_mixin.py:117} INFO - [2022-09-21T20:35:15.021+0000] {dagbag.py:525} INFO - Filling up the DagBag from /home/airflow/.local/lib/python3.7/site-packages/airflow/example_dags/example_nested_branch_dag.py
[2022-09-21T20:35:15.068+0000] {processor.py:768} INFO - DAG(s) dict_keys(['example_nested_branch_dag']) retrieved from /home/airflow/.local/lib/python3.7/site-packages/airflow/example_dags/example_nested_branch_dag.py
[2022-09-21T20:35:15.130+0000] {logging_mixin.py:117} INFO - [2022-09-21T20:35:15.129+0000] {dag.py:2573} INFO - Sync 1 DAGs
[2022-09-21T20:35:15.172+0000] {logging_mixin.py:117} INFO - [2022-09-21T20:35:15.171+0000] {dag.py:3328} INFO - Setting next_dagrun for example_nested_branch_dag to 2022-09-20T00:00:00+00:00, run_after=2022-09-21T00:00:00+00:00
[2022-09-21T20:35:15.198+0000] {processor.py:178} INFO - Processing /home/airflow/.local/lib/python3.7/site-packages/airflow/example_dags/example_nested_branch_dag.py took 0.183 seconds
