[2022-09-21T20:20:28.190+0000] {processor.py:156} INFO - Started process (PID=73) to work on /home/airflow/.local/lib/python3.7/site-packages/airflow/example_dags/example_trigger_target_dag.py
[2022-09-21T20:20:28.191+0000] {processor.py:758} INFO - Processing file /home/airflow/.local/lib/python3.7/site-packages/airflow/example_dags/example_trigger_target_dag.py for tasks to queue
[2022-09-21T20:20:28.192+0000] {logging_mixin.py:117} INFO - [2022-09-21T20:20:28.192+0000] {dagbag.py:525} INFO - Filling up the DagBag from /home/airflow/.local/lib/python3.7/site-packages/airflow/example_dags/example_trigger_target_dag.py
[2022-09-21T20:20:28.229+0000] {processor.py:768} INFO - DAG(s) dict_keys(['example_trigger_target_dag']) retrieved from /home/airflow/.local/lib/python3.7/site-packages/airflow/example_dags/example_trigger_target_dag.py
[2022-09-21T20:20:28.561+0000] {logging_mixin.py:117} INFO - [2022-09-21T20:20:28.561+0000] {dag.py:2573} INFO - Sync 1 DAGs
[2022-09-21T20:20:28.625+0000] {logging_mixin.py:117} INFO - [2022-09-21T20:20:28.625+0000] {dag.py:3328} INFO - Setting next_dagrun for example_trigger_target_dag to None, run_after=None
[2022-09-21T20:20:28.685+0000] {processor.py:178} INFO - Processing /home/airflow/.local/lib/python3.7/site-packages/airflow/example_dags/example_trigger_target_dag.py took 0.499 seconds
[2022-09-21T20:21:01.306+0000] {processor.py:156} INFO - Started process (PID=137) to work on /home/airflow/.local/lib/python3.7/site-packages/airflow/example_dags/example_trigger_target_dag.py
[2022-09-21T20:21:01.313+0000] {processor.py:758} INFO - Processing file /home/airflow/.local/lib/python3.7/site-packages/airflow/example_dags/example_trigger_target_dag.py for tasks to queue
[2022-09-21T20:21:01.314+0000] {logging_mixin.py:117} INFO - [2022-09-21T20:21:01.313+0000] {dagbag.py:525} INFO - Filling up the DagBag from /home/airflow/.local/lib/python3.7/site-packages/airflow/example_dags/example_trigger_target_dag.py
[2022-09-21T20:21:01.825+0000] {processor.py:768} INFO - DAG(s) dict_keys(['example_trigger_target_dag']) retrieved from /home/airflow/.local/lib/python3.7/site-packages/airflow/example_dags/example_trigger_target_dag.py
[2022-09-21T20:21:01.915+0000] {logging_mixin.py:117} INFO - [2022-09-21T20:21:01.915+0000] {dag.py:2573} INFO - Sync 1 DAGs
[2022-09-21T20:21:02.013+0000] {logging_mixin.py:117} INFO - [2022-09-21T20:21:02.013+0000] {dag.py:3328} INFO - Setting next_dagrun for example_trigger_target_dag to None, run_after=None
[2022-09-21T20:21:02.081+0000] {processor.py:178} INFO - Processing /home/airflow/.local/lib/python3.7/site-packages/airflow/example_dags/example_trigger_target_dag.py took 0.785 seconds
[2022-09-21T20:21:32.130+0000] {processor.py:156} INFO - Started process (PID=193) to work on /home/airflow/.local/lib/python3.7/site-packages/airflow/example_dags/example_trigger_target_dag.py
[2022-09-21T20:21:32.131+0000] {processor.py:758} INFO - Processing file /home/airflow/.local/lib/python3.7/site-packages/airflow/example_dags/example_trigger_target_dag.py for tasks to queue
[2022-09-21T20:21:32.132+0000] {logging_mixin.py:117} INFO - [2022-09-21T20:21:32.132+0000] {dagbag.py:525} INFO - Filling up the DagBag from /home/airflow/.local/lib/python3.7/site-packages/airflow/example_dags/example_trigger_target_dag.py
[2022-09-21T20:21:32.272+0000] {processor.py:768} INFO - DAG(s) dict_keys(['example_trigger_target_dag']) retrieved from /home/airflow/.local/lib/python3.7/site-packages/airflow/example_dags/example_trigger_target_dag.py
[2022-09-21T20:21:32.305+0000] {logging_mixin.py:117} INFO - [2022-09-21T20:21:32.305+0000] {dag.py:2573} INFO - Sync 1 DAGs
[2022-09-21T20:21:32.331+0000] {logging_mixin.py:117} INFO - [2022-09-21T20:21:32.331+0000] {dag.py:3328} INFO - Setting next_dagrun for example_trigger_target_dag to None, run_after=None
[2022-09-21T20:21:32.350+0000] {processor.py:178} INFO - Processing /home/airflow/.local/lib/python3.7/site-packages/airflow/example_dags/example_trigger_target_dag.py took 0.222 seconds
[2022-09-21T20:22:03.249+0000] {processor.py:156} INFO - Started process (PID=247) to work on /home/airflow/.local/lib/python3.7/site-packages/airflow/example_dags/example_trigger_target_dag.py
[2022-09-21T20:22:03.250+0000] {processor.py:758} INFO - Processing file /home/airflow/.local/lib/python3.7/site-packages/airflow/example_dags/example_trigger_target_dag.py for tasks to queue
[2022-09-21T20:22:03.251+0000] {logging_mixin.py:117} INFO - [2022-09-21T20:22:03.251+0000] {dagbag.py:525} INFO - Filling up the DagBag from /home/airflow/.local/lib/python3.7/site-packages/airflow/example_dags/example_trigger_target_dag.py
[2022-09-21T20:22:03.272+0000] {processor.py:768} INFO - DAG(s) dict_keys(['example_trigger_target_dag']) retrieved from /home/airflow/.local/lib/python3.7/site-packages/airflow/example_dags/example_trigger_target_dag.py
[2022-09-21T20:22:03.296+0000] {logging_mixin.py:117} INFO - [2022-09-21T20:22:03.296+0000] {dag.py:2573} INFO - Sync 1 DAGs
[2022-09-21T20:22:03.325+0000] {logging_mixin.py:117} INFO - [2022-09-21T20:22:03.325+0000] {dag.py:3328} INFO - Setting next_dagrun for example_trigger_target_dag to None, run_after=None
[2022-09-21T20:22:03.345+0000] {processor.py:178} INFO - Processing /home/airflow/.local/lib/python3.7/site-packages/airflow/example_dags/example_trigger_target_dag.py took 0.099 seconds
[2022-09-21T20:22:33.717+0000] {processor.py:156} INFO - Started process (PID=312) to work on /home/airflow/.local/lib/python3.7/site-packages/airflow/example_dags/example_trigger_target_dag.py
[2022-09-21T20:22:33.720+0000] {processor.py:758} INFO - Processing file /home/airflow/.local/lib/python3.7/site-packages/airflow/example_dags/example_trigger_target_dag.py for tasks to queue
[2022-09-21T20:22:33.721+0000] {logging_mixin.py:117} INFO - [2022-09-21T20:22:33.721+0000] {dagbag.py:525} INFO - Filling up the DagBag from /home/airflow/.local/lib/python3.7/site-packages/airflow/example_dags/example_trigger_target_dag.py
[2022-09-21T20:22:33.768+0000] {processor.py:768} INFO - DAG(s) dict_keys(['example_trigger_target_dag']) retrieved from /home/airflow/.local/lib/python3.7/site-packages/airflow/example_dags/example_trigger_target_dag.py
[2022-09-21T20:22:33.842+0000] {logging_mixin.py:117} INFO - [2022-09-21T20:22:33.842+0000] {dag.py:2573} INFO - Sync 1 DAGs
[2022-09-21T20:22:33.888+0000] {logging_mixin.py:117} INFO - [2022-09-21T20:22:33.888+0000] {dag.py:3328} INFO - Setting next_dagrun for example_trigger_target_dag to None, run_after=None
[2022-09-21T20:22:33.918+0000] {processor.py:178} INFO - Processing /home/airflow/.local/lib/python3.7/site-packages/airflow/example_dags/example_trigger_target_dag.py took 0.214 seconds
[2022-09-21T20:23:04.820+0000] {processor.py:156} INFO - Started process (PID=376) to work on /home/airflow/.local/lib/python3.7/site-packages/airflow/example_dags/example_trigger_target_dag.py
[2022-09-21T20:23:04.821+0000] {processor.py:758} INFO - Processing file /home/airflow/.local/lib/python3.7/site-packages/airflow/example_dags/example_trigger_target_dag.py for tasks to queue
[2022-09-21T20:23:04.821+0000] {logging_mixin.py:117} INFO - [2022-09-21T20:23:04.821+0000] {dagbag.py:525} INFO - Filling up the DagBag from /home/airflow/.local/lib/python3.7/site-packages/airflow/example_dags/example_trigger_target_dag.py
[2022-09-21T20:23:04.849+0000] {processor.py:768} INFO - DAG(s) dict_keys(['example_trigger_target_dag']) retrieved from /home/airflow/.local/lib/python3.7/site-packages/airflow/example_dags/example_trigger_target_dag.py
[2022-09-21T20:23:04.881+0000] {logging_mixin.py:117} INFO - [2022-09-21T20:23:04.881+0000] {dag.py:2573} INFO - Sync 1 DAGs
[2022-09-21T20:23:04.914+0000] {logging_mixin.py:117} INFO - [2022-09-21T20:23:04.914+0000] {dag.py:3328} INFO - Setting next_dagrun for example_trigger_target_dag to None, run_after=None
[2022-09-21T20:23:04.940+0000] {processor.py:178} INFO - Processing /home/airflow/.local/lib/python3.7/site-packages/airflow/example_dags/example_trigger_target_dag.py took 0.124 seconds
[2022-09-21T20:23:35.465+0000] {processor.py:156} INFO - Started process (PID=431) to work on /home/airflow/.local/lib/python3.7/site-packages/airflow/example_dags/example_trigger_target_dag.py
[2022-09-21T20:23:35.466+0000] {processor.py:758} INFO - Processing file /home/airflow/.local/lib/python3.7/site-packages/airflow/example_dags/example_trigger_target_dag.py for tasks to queue
[2022-09-21T20:23:35.467+0000] {logging_mixin.py:117} INFO - [2022-09-21T20:23:35.467+0000] {dagbag.py:525} INFO - Filling up the DagBag from /home/airflow/.local/lib/python3.7/site-packages/airflow/example_dags/example_trigger_target_dag.py
[2022-09-21T20:23:35.495+0000] {processor.py:768} INFO - DAG(s) dict_keys(['example_trigger_target_dag']) retrieved from /home/airflow/.local/lib/python3.7/site-packages/airflow/example_dags/example_trigger_target_dag.py
[2022-09-21T20:23:35.540+0000] {logging_mixin.py:117} INFO - [2022-09-21T20:23:35.540+0000] {dag.py:2573} INFO - Sync 1 DAGs
[2022-09-21T20:23:35.569+0000] {logging_mixin.py:117} INFO - [2022-09-21T20:23:35.569+0000] {dag.py:3328} INFO - Setting next_dagrun for example_trigger_target_dag to None, run_after=None
[2022-09-21T20:23:35.598+0000] {processor.py:178} INFO - Processing /home/airflow/.local/lib/python3.7/site-packages/airflow/example_dags/example_trigger_target_dag.py took 0.136 seconds
[2022-09-21T20:24:05.886+0000] {processor.py:156} INFO - Started process (PID=495) to work on /home/airflow/.local/lib/python3.7/site-packages/airflow/example_dags/example_trigger_target_dag.py
[2022-09-21T20:24:05.886+0000] {processor.py:758} INFO - Processing file /home/airflow/.local/lib/python3.7/site-packages/airflow/example_dags/example_trigger_target_dag.py for tasks to queue
[2022-09-21T20:24:05.887+0000] {logging_mixin.py:117} INFO - [2022-09-21T20:24:05.887+0000] {dagbag.py:525} INFO - Filling up the DagBag from /home/airflow/.local/lib/python3.7/site-packages/airflow/example_dags/example_trigger_target_dag.py
[2022-09-21T20:24:05.917+0000] {processor.py:768} INFO - DAG(s) dict_keys(['example_trigger_target_dag']) retrieved from /home/airflow/.local/lib/python3.7/site-packages/airflow/example_dags/example_trigger_target_dag.py
[2022-09-21T20:24:05.962+0000] {logging_mixin.py:117} INFO - [2022-09-21T20:24:05.962+0000] {dag.py:2573} INFO - Sync 1 DAGs
[2022-09-21T20:24:05.989+0000] {logging_mixin.py:117} INFO - [2022-09-21T20:24:05.989+0000] {dag.py:3328} INFO - Setting next_dagrun for example_trigger_target_dag to None, run_after=None
[2022-09-21T20:24:06.014+0000] {processor.py:178} INFO - Processing /home/airflow/.local/lib/python3.7/site-packages/airflow/example_dags/example_trigger_target_dag.py took 0.132 seconds
[2022-09-21T20:24:36.357+0000] {processor.py:156} INFO - Started process (PID=550) to work on /home/airflow/.local/lib/python3.7/site-packages/airflow/example_dags/example_trigger_target_dag.py
[2022-09-21T20:24:36.357+0000] {processor.py:758} INFO - Processing file /home/airflow/.local/lib/python3.7/site-packages/airflow/example_dags/example_trigger_target_dag.py for tasks to queue
[2022-09-21T20:24:36.358+0000] {logging_mixin.py:117} INFO - [2022-09-21T20:24:36.358+0000] {dagbag.py:525} INFO - Filling up the DagBag from /home/airflow/.local/lib/python3.7/site-packages/airflow/example_dags/example_trigger_target_dag.py
[2022-09-21T20:24:36.376+0000] {processor.py:768} INFO - DAG(s) dict_keys(['example_trigger_target_dag']) retrieved from /home/airflow/.local/lib/python3.7/site-packages/airflow/example_dags/example_trigger_target_dag.py
[2022-09-21T20:24:36.409+0000] {logging_mixin.py:117} INFO - [2022-09-21T20:24:36.409+0000] {dag.py:2573} INFO - Sync 1 DAGs
[2022-09-21T20:24:36.431+0000] {logging_mixin.py:117} INFO - [2022-09-21T20:24:36.431+0000] {dag.py:3328} INFO - Setting next_dagrun for example_trigger_target_dag to None, run_after=None
[2022-09-21T20:24:36.448+0000] {processor.py:178} INFO - Processing /home/airflow/.local/lib/python3.7/site-packages/airflow/example_dags/example_trigger_target_dag.py took 0.094 seconds
[2022-09-21T20:25:06.938+0000] {processor.py:156} INFO - Started process (PID=614) to work on /home/airflow/.local/lib/python3.7/site-packages/airflow/example_dags/example_trigger_target_dag.py
[2022-09-21T20:25:06.938+0000] {processor.py:758} INFO - Processing file /home/airflow/.local/lib/python3.7/site-packages/airflow/example_dags/example_trigger_target_dag.py for tasks to queue
[2022-09-21T20:25:06.939+0000] {logging_mixin.py:117} INFO - [2022-09-21T20:25:06.939+0000] {dagbag.py:525} INFO - Filling up the DagBag from /home/airflow/.local/lib/python3.7/site-packages/airflow/example_dags/example_trigger_target_dag.py
[2022-09-21T20:25:06.960+0000] {processor.py:768} INFO - DAG(s) dict_keys(['example_trigger_target_dag']) retrieved from /home/airflow/.local/lib/python3.7/site-packages/airflow/example_dags/example_trigger_target_dag.py
[2022-09-21T20:25:06.984+0000] {logging_mixin.py:117} INFO - [2022-09-21T20:25:06.983+0000] {dag.py:2573} INFO - Sync 1 DAGs
[2022-09-21T20:25:07.010+0000] {logging_mixin.py:117} INFO - [2022-09-21T20:25:07.009+0000] {dag.py:3328} INFO - Setting next_dagrun for example_trigger_target_dag to None, run_after=None
[2022-09-21T20:25:07.031+0000] {processor.py:178} INFO - Processing /home/airflow/.local/lib/python3.7/site-packages/airflow/example_dags/example_trigger_target_dag.py took 0.097 seconds
[2022-09-21T20:25:37.978+0000] {processor.py:156} INFO - Started process (PID=669) to work on /home/airflow/.local/lib/python3.7/site-packages/airflow/example_dags/example_trigger_target_dag.py
[2022-09-21T20:25:37.979+0000] {processor.py:758} INFO - Processing file /home/airflow/.local/lib/python3.7/site-packages/airflow/example_dags/example_trigger_target_dag.py for tasks to queue
[2022-09-21T20:25:37.979+0000] {logging_mixin.py:117} INFO - [2022-09-21T20:25:37.979+0000] {dagbag.py:525} INFO - Filling up the DagBag from /home/airflow/.local/lib/python3.7/site-packages/airflow/example_dags/example_trigger_target_dag.py
[2022-09-21T20:25:37.997+0000] {processor.py:768} INFO - DAG(s) dict_keys(['example_trigger_target_dag']) retrieved from /home/airflow/.local/lib/python3.7/site-packages/airflow/example_dags/example_trigger_target_dag.py
[2022-09-21T20:25:38.028+0000] {logging_mixin.py:117} INFO - [2022-09-21T20:25:38.028+0000] {dag.py:2573} INFO - Sync 1 DAGs
[2022-09-21T20:25:38.049+0000] {logging_mixin.py:117} INFO - [2022-09-21T20:25:38.049+0000] {dag.py:3328} INFO - Setting next_dagrun for example_trigger_target_dag to None, run_after=None
[2022-09-21T20:25:38.065+0000] {processor.py:178} INFO - Processing /home/airflow/.local/lib/python3.7/site-packages/airflow/example_dags/example_trigger_target_dag.py took 0.089 seconds
[2022-09-21T20:26:08.293+0000] {processor.py:156} INFO - Started process (PID=732) to work on /home/airflow/.local/lib/python3.7/site-packages/airflow/example_dags/example_trigger_target_dag.py
[2022-09-21T20:26:08.294+0000] {processor.py:758} INFO - Processing file /home/airflow/.local/lib/python3.7/site-packages/airflow/example_dags/example_trigger_target_dag.py for tasks to queue
[2022-09-21T20:26:08.294+0000] {logging_mixin.py:117} INFO - [2022-09-21T20:26:08.294+0000] {dagbag.py:525} INFO - Filling up the DagBag from /home/airflow/.local/lib/python3.7/site-packages/airflow/example_dags/example_trigger_target_dag.py
[2022-09-21T20:26:08.312+0000] {processor.py:768} INFO - DAG(s) dict_keys(['example_trigger_target_dag']) retrieved from /home/airflow/.local/lib/python3.7/site-packages/airflow/example_dags/example_trigger_target_dag.py
[2022-09-21T20:26:08.343+0000] {logging_mixin.py:117} INFO - [2022-09-21T20:26:08.343+0000] {dag.py:2573} INFO - Sync 1 DAGs
[2022-09-21T20:26:08.363+0000] {logging_mixin.py:117} INFO - [2022-09-21T20:26:08.363+0000] {dag.py:3328} INFO - Setting next_dagrun for example_trigger_target_dag to None, run_after=None
[2022-09-21T20:26:08.380+0000] {processor.py:178} INFO - Processing /home/airflow/.local/lib/python3.7/site-packages/airflow/example_dags/example_trigger_target_dag.py took 0.089 seconds
[2022-09-21T20:26:38.948+0000] {processor.py:156} INFO - Started process (PID=796) to work on /home/airflow/.local/lib/python3.7/site-packages/airflow/example_dags/example_trigger_target_dag.py
[2022-09-21T20:26:38.949+0000] {processor.py:758} INFO - Processing file /home/airflow/.local/lib/python3.7/site-packages/airflow/example_dags/example_trigger_target_dag.py for tasks to queue
[2022-09-21T20:26:38.950+0000] {logging_mixin.py:117} INFO - [2022-09-21T20:26:38.950+0000] {dagbag.py:525} INFO - Filling up the DagBag from /home/airflow/.local/lib/python3.7/site-packages/airflow/example_dags/example_trigger_target_dag.py
[2022-09-21T20:26:38.969+0000] {processor.py:768} INFO - DAG(s) dict_keys(['example_trigger_target_dag']) retrieved from /home/airflow/.local/lib/python3.7/site-packages/airflow/example_dags/example_trigger_target_dag.py
[2022-09-21T20:26:39.005+0000] {logging_mixin.py:117} INFO - [2022-09-21T20:26:39.005+0000] {dag.py:2573} INFO - Sync 1 DAGs
[2022-09-21T20:26:39.030+0000] {logging_mixin.py:117} INFO - [2022-09-21T20:26:39.030+0000] {dag.py:3328} INFO - Setting next_dagrun for example_trigger_target_dag to None, run_after=None
[2022-09-21T20:26:39.046+0000] {processor.py:178} INFO - Processing /home/airflow/.local/lib/python3.7/site-packages/airflow/example_dags/example_trigger_target_dag.py took 0.100 seconds
[2022-09-21T20:27:09.594+0000] {processor.py:156} INFO - Started process (PID=851) to work on /home/airflow/.local/lib/python3.7/site-packages/airflow/example_dags/example_trigger_target_dag.py
[2022-09-21T20:27:09.597+0000] {processor.py:758} INFO - Processing file /home/airflow/.local/lib/python3.7/site-packages/airflow/example_dags/example_trigger_target_dag.py for tasks to queue
[2022-09-21T20:27:09.598+0000] {logging_mixin.py:117} INFO - [2022-09-21T20:27:09.598+0000] {dagbag.py:525} INFO - Filling up the DagBag from /home/airflow/.local/lib/python3.7/site-packages/airflow/example_dags/example_trigger_target_dag.py
[2022-09-21T20:27:09.618+0000] {processor.py:768} INFO - DAG(s) dict_keys(['example_trigger_target_dag']) retrieved from /home/airflow/.local/lib/python3.7/site-packages/airflow/example_dags/example_trigger_target_dag.py
[2022-09-21T20:27:09.649+0000] {logging_mixin.py:117} INFO - [2022-09-21T20:27:09.649+0000] {dag.py:2573} INFO - Sync 1 DAGs
[2022-09-21T20:27:09.669+0000] {logging_mixin.py:117} INFO - [2022-09-21T20:27:09.669+0000] {dag.py:3328} INFO - Setting next_dagrun for example_trigger_target_dag to None, run_after=None
[2022-09-21T20:27:09.685+0000] {processor.py:178} INFO - Processing /home/airflow/.local/lib/python3.7/site-packages/airflow/example_dags/example_trigger_target_dag.py took 0.094 seconds
[2022-09-21T20:27:39.987+0000] {processor.py:156} INFO - Started process (PID=915) to work on /home/airflow/.local/lib/python3.7/site-packages/airflow/example_dags/example_trigger_target_dag.py
[2022-09-21T20:27:39.988+0000] {processor.py:758} INFO - Processing file /home/airflow/.local/lib/python3.7/site-packages/airflow/example_dags/example_trigger_target_dag.py for tasks to queue
[2022-09-21T20:27:39.989+0000] {logging_mixin.py:117} INFO - [2022-09-21T20:27:39.989+0000] {dagbag.py:525} INFO - Filling up the DagBag from /home/airflow/.local/lib/python3.7/site-packages/airflow/example_dags/example_trigger_target_dag.py
[2022-09-21T20:27:40.010+0000] {processor.py:768} INFO - DAG(s) dict_keys(['example_trigger_target_dag']) retrieved from /home/airflow/.local/lib/python3.7/site-packages/airflow/example_dags/example_trigger_target_dag.py
[2022-09-21T20:27:40.048+0000] {logging_mixin.py:117} INFO - [2022-09-21T20:27:40.048+0000] {dag.py:2573} INFO - Sync 1 DAGs
[2022-09-21T20:27:40.074+0000] {logging_mixin.py:117} INFO - [2022-09-21T20:27:40.074+0000] {dag.py:3328} INFO - Setting next_dagrun for example_trigger_target_dag to None, run_after=None
[2022-09-21T20:27:40.098+0000] {processor.py:178} INFO - Processing /home/airflow/.local/lib/python3.7/site-packages/airflow/example_dags/example_trigger_target_dag.py took 0.114 seconds
[2022-09-21T20:28:10.755+0000] {processor.py:156} INFO - Started process (PID=979) to work on /home/airflow/.local/lib/python3.7/site-packages/airflow/example_dags/example_trigger_target_dag.py
[2022-09-21T20:28:10.758+0000] {processor.py:758} INFO - Processing file /home/airflow/.local/lib/python3.7/site-packages/airflow/example_dags/example_trigger_target_dag.py for tasks to queue
[2022-09-21T20:28:10.758+0000] {logging_mixin.py:117} INFO - [2022-09-21T20:28:10.758+0000] {dagbag.py:525} INFO - Filling up the DagBag from /home/airflow/.local/lib/python3.7/site-packages/airflow/example_dags/example_trigger_target_dag.py
[2022-09-21T20:28:10.779+0000] {processor.py:768} INFO - DAG(s) dict_keys(['example_trigger_target_dag']) retrieved from /home/airflow/.local/lib/python3.7/site-packages/airflow/example_dags/example_trigger_target_dag.py
[2022-09-21T20:28:10.811+0000] {logging_mixin.py:117} INFO - [2022-09-21T20:28:10.811+0000] {dag.py:2573} INFO - Sync 1 DAGs
[2022-09-21T20:28:10.832+0000] {logging_mixin.py:117} INFO - [2022-09-21T20:28:10.832+0000] {dag.py:3328} INFO - Setting next_dagrun for example_trigger_target_dag to None, run_after=None
[2022-09-21T20:28:10.850+0000] {processor.py:178} INFO - Processing /home/airflow/.local/lib/python3.7/site-packages/airflow/example_dags/example_trigger_target_dag.py took 0.098 seconds
[2022-09-21T20:28:41.543+0000] {processor.py:156} INFO - Started process (PID=1033) to work on /home/airflow/.local/lib/python3.7/site-packages/airflow/example_dags/example_trigger_target_dag.py
[2022-09-21T20:28:41.546+0000] {processor.py:758} INFO - Processing file /home/airflow/.local/lib/python3.7/site-packages/airflow/example_dags/example_trigger_target_dag.py for tasks to queue
[2022-09-21T20:28:41.547+0000] {logging_mixin.py:117} INFO - [2022-09-21T20:28:41.547+0000] {dagbag.py:525} INFO - Filling up the DagBag from /home/airflow/.local/lib/python3.7/site-packages/airflow/example_dags/example_trigger_target_dag.py
[2022-09-21T20:28:41.566+0000] {processor.py:768} INFO - DAG(s) dict_keys(['example_trigger_target_dag']) retrieved from /home/airflow/.local/lib/python3.7/site-packages/airflow/example_dags/example_trigger_target_dag.py
[2022-09-21T20:28:41.599+0000] {logging_mixin.py:117} INFO - [2022-09-21T20:28:41.599+0000] {dag.py:2573} INFO - Sync 1 DAGs
[2022-09-21T20:28:41.626+0000] {logging_mixin.py:117} INFO - [2022-09-21T20:28:41.626+0000] {dag.py:3328} INFO - Setting next_dagrun for example_trigger_target_dag to None, run_after=None
[2022-09-21T20:28:41.646+0000] {processor.py:178} INFO - Processing /home/airflow/.local/lib/python3.7/site-packages/airflow/example_dags/example_trigger_target_dag.py took 0.105 seconds
[2022-09-21T20:29:11.678+0000] {processor.py:156} INFO - Started process (PID=1097) to work on /home/airflow/.local/lib/python3.7/site-packages/airflow/example_dags/example_trigger_target_dag.py
[2022-09-21T20:29:11.679+0000] {processor.py:758} INFO - Processing file /home/airflow/.local/lib/python3.7/site-packages/airflow/example_dags/example_trigger_target_dag.py for tasks to queue
[2022-09-21T20:29:11.680+0000] {logging_mixin.py:117} INFO - [2022-09-21T20:29:11.680+0000] {dagbag.py:525} INFO - Filling up the DagBag from /home/airflow/.local/lib/python3.7/site-packages/airflow/example_dags/example_trigger_target_dag.py
[2022-09-21T20:29:11.720+0000] {processor.py:768} INFO - DAG(s) dict_keys(['example_trigger_target_dag']) retrieved from /home/airflow/.local/lib/python3.7/site-packages/airflow/example_dags/example_trigger_target_dag.py
[2022-09-21T20:29:11.801+0000] {logging_mixin.py:117} INFO - [2022-09-21T20:29:11.801+0000] {dag.py:2573} INFO - Sync 1 DAGs
[2022-09-21T20:29:11.879+0000] {logging_mixin.py:117} INFO - [2022-09-21T20:29:11.878+0000] {dag.py:3328} INFO - Setting next_dagrun for example_trigger_target_dag to None, run_after=None
[2022-09-21T20:29:11.943+0000] {processor.py:178} INFO - Processing /home/airflow/.local/lib/python3.7/site-packages/airflow/example_dags/example_trigger_target_dag.py took 0.269 seconds
[2022-09-21T20:29:42.485+0000] {processor.py:156} INFO - Started process (PID=1159) to work on /home/airflow/.local/lib/python3.7/site-packages/airflow/example_dags/example_trigger_target_dag.py
[2022-09-21T20:29:42.486+0000] {processor.py:758} INFO - Processing file /home/airflow/.local/lib/python3.7/site-packages/airflow/example_dags/example_trigger_target_dag.py for tasks to queue
[2022-09-21T20:29:42.487+0000] {logging_mixin.py:117} INFO - [2022-09-21T20:29:42.487+0000] {dagbag.py:525} INFO - Filling up the DagBag from /home/airflow/.local/lib/python3.7/site-packages/airflow/example_dags/example_trigger_target_dag.py
[2022-09-21T20:29:42.571+0000] {processor.py:768} INFO - DAG(s) dict_keys(['example_trigger_target_dag']) retrieved from /home/airflow/.local/lib/python3.7/site-packages/airflow/example_dags/example_trigger_target_dag.py
[2022-09-21T20:29:42.693+0000] {logging_mixin.py:117} INFO - [2022-09-21T20:29:42.693+0000] {dag.py:2573} INFO - Sync 1 DAGs
[2022-09-21T20:29:42.776+0000] {logging_mixin.py:117} INFO - [2022-09-21T20:29:42.776+0000] {dag.py:3328} INFO - Setting next_dagrun for example_trigger_target_dag to None, run_after=None
[2022-09-21T20:29:42.832+0000] {processor.py:178} INFO - Processing /home/airflow/.local/lib/python3.7/site-packages/airflow/example_dags/example_trigger_target_dag.py took 0.354 seconds
[2022-09-21T20:30:13.037+0000] {processor.py:156} INFO - Started process (PID=1217) to work on /home/airflow/.local/lib/python3.7/site-packages/airflow/example_dags/example_trigger_target_dag.py
[2022-09-21T20:30:13.039+0000] {processor.py:758} INFO - Processing file /home/airflow/.local/lib/python3.7/site-packages/airflow/example_dags/example_trigger_target_dag.py for tasks to queue
[2022-09-21T20:30:13.040+0000] {logging_mixin.py:117} INFO - [2022-09-21T20:30:13.040+0000] {dagbag.py:525} INFO - Filling up the DagBag from /home/airflow/.local/lib/python3.7/site-packages/airflow/example_dags/example_trigger_target_dag.py
[2022-09-21T20:30:13.105+0000] {processor.py:768} INFO - DAG(s) dict_keys(['example_trigger_target_dag']) retrieved from /home/airflow/.local/lib/python3.7/site-packages/airflow/example_dags/example_trigger_target_dag.py
[2022-09-21T20:30:13.213+0000] {logging_mixin.py:117} INFO - [2022-09-21T20:30:13.212+0000] {dag.py:2573} INFO - Sync 1 DAGs
[2022-09-21T20:30:13.319+0000] {logging_mixin.py:117} INFO - [2022-09-21T20:30:13.318+0000] {dag.py:3328} INFO - Setting next_dagrun for example_trigger_target_dag to None, run_after=None
[2022-09-21T20:30:13.401+0000] {processor.py:178} INFO - Processing /home/airflow/.local/lib/python3.7/site-packages/airflow/example_dags/example_trigger_target_dag.py took 0.372 seconds
[2022-09-21T20:30:43.530+0000] {processor.py:156} INFO - Started process (PID=1273) to work on /home/airflow/.local/lib/python3.7/site-packages/airflow/example_dags/example_trigger_target_dag.py
[2022-09-21T20:30:43.536+0000] {processor.py:758} INFO - Processing file /home/airflow/.local/lib/python3.7/site-packages/airflow/example_dags/example_trigger_target_dag.py for tasks to queue
[2022-09-21T20:30:43.539+0000] {logging_mixin.py:117} INFO - [2022-09-21T20:30:43.538+0000] {dagbag.py:525} INFO - Filling up the DagBag from /home/airflow/.local/lib/python3.7/site-packages/airflow/example_dags/example_trigger_target_dag.py
[2022-09-21T20:30:43.627+0000] {processor.py:768} INFO - DAG(s) dict_keys(['example_trigger_target_dag']) retrieved from /home/airflow/.local/lib/python3.7/site-packages/airflow/example_dags/example_trigger_target_dag.py
[2022-09-21T20:30:43.733+0000] {logging_mixin.py:117} INFO - [2022-09-21T20:30:43.733+0000] {dag.py:2573} INFO - Sync 1 DAGs
[2022-09-21T20:30:43.805+0000] {logging_mixin.py:117} INFO - [2022-09-21T20:30:43.805+0000] {dag.py:3328} INFO - Setting next_dagrun for example_trigger_target_dag to None, run_after=None
[2022-09-21T20:30:43.861+0000] {processor.py:178} INFO - Processing /home/airflow/.local/lib/python3.7/site-packages/airflow/example_dags/example_trigger_target_dag.py took 0.342 seconds
[2022-09-21T20:31:13.928+0000] {processor.py:156} INFO - Started process (PID=1328) to work on /home/airflow/.local/lib/python3.7/site-packages/airflow/example_dags/example_trigger_target_dag.py
[2022-09-21T20:31:13.929+0000] {processor.py:758} INFO - Processing file /home/airflow/.local/lib/python3.7/site-packages/airflow/example_dags/example_trigger_target_dag.py for tasks to queue
[2022-09-21T20:31:13.930+0000] {logging_mixin.py:117} INFO - [2022-09-21T20:31:13.930+0000] {dagbag.py:525} INFO - Filling up the DagBag from /home/airflow/.local/lib/python3.7/site-packages/airflow/example_dags/example_trigger_target_dag.py
[2022-09-21T20:31:13.980+0000] {processor.py:768} INFO - DAG(s) dict_keys(['example_trigger_target_dag']) retrieved from /home/airflow/.local/lib/python3.7/site-packages/airflow/example_dags/example_trigger_target_dag.py
[2022-09-21T20:31:14.083+0000] {logging_mixin.py:117} INFO - [2022-09-21T20:31:14.083+0000] {dag.py:2573} INFO - Sync 1 DAGs
[2022-09-21T20:31:14.149+0000] {logging_mixin.py:117} INFO - [2022-09-21T20:31:14.148+0000] {dag.py:3328} INFO - Setting next_dagrun for example_trigger_target_dag to None, run_after=None
[2022-09-21T20:31:14.190+0000] {processor.py:178} INFO - Processing /home/airflow/.local/lib/python3.7/site-packages/airflow/example_dags/example_trigger_target_dag.py took 0.267 seconds
[2022-09-21T20:31:44.239+0000] {processor.py:156} INFO - Started process (PID=1392) to work on /home/airflow/.local/lib/python3.7/site-packages/airflow/example_dags/example_trigger_target_dag.py
[2022-09-21T20:31:44.240+0000] {processor.py:758} INFO - Processing file /home/airflow/.local/lib/python3.7/site-packages/airflow/example_dags/example_trigger_target_dag.py for tasks to queue
[2022-09-21T20:31:44.240+0000] {logging_mixin.py:117} INFO - [2022-09-21T20:31:44.240+0000] {dagbag.py:525} INFO - Filling up the DagBag from /home/airflow/.local/lib/python3.7/site-packages/airflow/example_dags/example_trigger_target_dag.py
[2022-09-21T20:31:44.266+0000] {processor.py:768} INFO - DAG(s) dict_keys(['example_trigger_target_dag']) retrieved from /home/airflow/.local/lib/python3.7/site-packages/airflow/example_dags/example_trigger_target_dag.py
[2022-09-21T20:31:44.310+0000] {logging_mixin.py:117} INFO - [2022-09-21T20:31:44.310+0000] {dag.py:2573} INFO - Sync 1 DAGs
[2022-09-21T20:31:44.347+0000] {logging_mixin.py:117} INFO - [2022-09-21T20:31:44.347+0000] {dag.py:3328} INFO - Setting next_dagrun for example_trigger_target_dag to None, run_after=None
[2022-09-21T20:31:44.370+0000] {processor.py:178} INFO - Processing /home/airflow/.local/lib/python3.7/site-packages/airflow/example_dags/example_trigger_target_dag.py took 0.135 seconds
[2022-09-21T20:32:14.752+0000] {processor.py:156} INFO - Started process (PID=1456) to work on /home/airflow/.local/lib/python3.7/site-packages/airflow/example_dags/example_trigger_target_dag.py
[2022-09-21T20:32:14.753+0000] {processor.py:758} INFO - Processing file /home/airflow/.local/lib/python3.7/site-packages/airflow/example_dags/example_trigger_target_dag.py for tasks to queue
[2022-09-21T20:32:14.754+0000] {logging_mixin.py:117} INFO - [2022-09-21T20:32:14.754+0000] {dagbag.py:525} INFO - Filling up the DagBag from /home/airflow/.local/lib/python3.7/site-packages/airflow/example_dags/example_trigger_target_dag.py
[2022-09-21T20:32:14.798+0000] {processor.py:768} INFO - DAG(s) dict_keys(['example_trigger_target_dag']) retrieved from /home/airflow/.local/lib/python3.7/site-packages/airflow/example_dags/example_trigger_target_dag.py
[2022-09-21T20:32:14.878+0000] {logging_mixin.py:117} INFO - [2022-09-21T20:32:14.878+0000] {dag.py:2573} INFO - Sync 1 DAGs
[2022-09-21T20:32:14.937+0000] {logging_mixin.py:117} INFO - [2022-09-21T20:32:14.937+0000] {dag.py:3328} INFO - Setting next_dagrun for example_trigger_target_dag to None, run_after=None
[2022-09-21T20:32:14.977+0000] {processor.py:178} INFO - Processing /home/airflow/.local/lib/python3.7/site-packages/airflow/example_dags/example_trigger_target_dag.py took 0.233 seconds
[2022-09-21T20:32:45.089+0000] {processor.py:156} INFO - Started process (PID=1512) to work on /home/airflow/.local/lib/python3.7/site-packages/airflow/example_dags/example_trigger_target_dag.py
[2022-09-21T20:32:45.090+0000] {processor.py:758} INFO - Processing file /home/airflow/.local/lib/python3.7/site-packages/airflow/example_dags/example_trigger_target_dag.py for tasks to queue
[2022-09-21T20:32:45.091+0000] {logging_mixin.py:117} INFO - [2022-09-21T20:32:45.091+0000] {dagbag.py:525} INFO - Filling up the DagBag from /home/airflow/.local/lib/python3.7/site-packages/airflow/example_dags/example_trigger_target_dag.py
[2022-09-21T20:32:45.117+0000] {processor.py:768} INFO - DAG(s) dict_keys(['example_trigger_target_dag']) retrieved from /home/airflow/.local/lib/python3.7/site-packages/airflow/example_dags/example_trigger_target_dag.py
[2022-09-21T20:32:45.163+0000] {logging_mixin.py:117} INFO - [2022-09-21T20:32:45.163+0000] {dag.py:2573} INFO - Sync 1 DAGs
[2022-09-21T20:32:45.194+0000] {logging_mixin.py:117} INFO - [2022-09-21T20:32:45.194+0000] {dag.py:3328} INFO - Setting next_dagrun for example_trigger_target_dag to None, run_after=None
[2022-09-21T20:32:45.217+0000] {processor.py:178} INFO - Processing /home/airflow/.local/lib/python3.7/site-packages/airflow/example_dags/example_trigger_target_dag.py took 0.132 seconds
[2022-09-21T20:33:18.340+0000] {processor.py:156} INFO - Started process (PID=1574) to work on /home/airflow/.local/lib/python3.7/site-packages/airflow/example_dags/example_trigger_target_dag.py
[2022-09-21T20:33:18.354+0000] {processor.py:758} INFO - Processing file /home/airflow/.local/lib/python3.7/site-packages/airflow/example_dags/example_trigger_target_dag.py for tasks to queue
[2022-09-21T20:33:18.370+0000] {logging_mixin.py:117} INFO - [2022-09-21T20:33:18.356+0000] {dagbag.py:525} INFO - Filling up the DagBag from /home/airflow/.local/lib/python3.7/site-packages/airflow/example_dags/example_trigger_target_dag.py
[2022-09-21T20:33:18.759+0000] {processor.py:768} INFO - DAG(s) dict_keys(['example_trigger_target_dag']) retrieved from /home/airflow/.local/lib/python3.7/site-packages/airflow/example_dags/example_trigger_target_dag.py
[2022-09-21T20:33:19.117+0000] {logging_mixin.py:117} INFO - [2022-09-21T20:33:19.116+0000] {dag.py:2573} INFO - Sync 1 DAGs
[2022-09-21T20:33:19.408+0000] {logging_mixin.py:117} INFO - [2022-09-21T20:33:19.407+0000] {dag.py:3328} INFO - Setting next_dagrun for example_trigger_target_dag to None, run_after=None
[2022-09-21T20:33:19.646+0000] {processor.py:178} INFO - Processing /home/airflow/.local/lib/python3.7/site-packages/airflow/example_dags/example_trigger_target_dag.py took 1.318 seconds
[2022-09-21T20:33:50.538+0000] {processor.py:156} INFO - Started process (PID=1629) to work on /home/airflow/.local/lib/python3.7/site-packages/airflow/example_dags/example_trigger_target_dag.py
[2022-09-21T20:33:50.539+0000] {processor.py:758} INFO - Processing file /home/airflow/.local/lib/python3.7/site-packages/airflow/example_dags/example_trigger_target_dag.py for tasks to queue
[2022-09-21T20:33:50.539+0000] {logging_mixin.py:117} INFO - [2022-09-21T20:33:50.539+0000] {dagbag.py:525} INFO - Filling up the DagBag from /home/airflow/.local/lib/python3.7/site-packages/airflow/example_dags/example_trigger_target_dag.py
[2022-09-21T20:33:50.569+0000] {processor.py:768} INFO - DAG(s) dict_keys(['example_trigger_target_dag']) retrieved from /home/airflow/.local/lib/python3.7/site-packages/airflow/example_dags/example_trigger_target_dag.py
[2022-09-21T20:33:50.620+0000] {logging_mixin.py:117} INFO - [2022-09-21T20:33:50.620+0000] {dag.py:2573} INFO - Sync 1 DAGs
[2022-09-21T20:33:50.652+0000] {logging_mixin.py:117} INFO - [2022-09-21T20:33:50.652+0000] {dag.py:3328} INFO - Setting next_dagrun for example_trigger_target_dag to None, run_after=None
[2022-09-21T20:33:50.681+0000] {processor.py:178} INFO - Processing /home/airflow/.local/lib/python3.7/site-packages/airflow/example_dags/example_trigger_target_dag.py took 0.146 seconds
[2022-09-21T20:34:20.746+0000] {processor.py:156} INFO - Started process (PID=1683) to work on /home/airflow/.local/lib/python3.7/site-packages/airflow/example_dags/example_trigger_target_dag.py
[2022-09-21T20:34:20.750+0000] {processor.py:758} INFO - Processing file /home/airflow/.local/lib/python3.7/site-packages/airflow/example_dags/example_trigger_target_dag.py for tasks to queue
[2022-09-21T20:34:20.750+0000] {logging_mixin.py:117} INFO - [2022-09-21T20:34:20.750+0000] {dagbag.py:525} INFO - Filling up the DagBag from /home/airflow/.local/lib/python3.7/site-packages/airflow/example_dags/example_trigger_target_dag.py
[2022-09-21T20:34:20.769+0000] {processor.py:768} INFO - DAG(s) dict_keys(['example_trigger_target_dag']) retrieved from /home/airflow/.local/lib/python3.7/site-packages/airflow/example_dags/example_trigger_target_dag.py
[2022-09-21T20:34:20.801+0000] {logging_mixin.py:117} INFO - [2022-09-21T20:34:20.801+0000] {dag.py:2573} INFO - Sync 1 DAGs
[2022-09-21T20:34:20.826+0000] {logging_mixin.py:117} INFO - [2022-09-21T20:34:20.826+0000] {dag.py:3328} INFO - Setting next_dagrun for example_trigger_target_dag to None, run_after=None
[2022-09-21T20:34:20.843+0000] {processor.py:178} INFO - Processing /home/airflow/.local/lib/python3.7/site-packages/airflow/example_dags/example_trigger_target_dag.py took 0.098 seconds
[2022-09-21T20:34:51.041+0000] {processor.py:156} INFO - Started process (PID=1747) to work on /home/airflow/.local/lib/python3.7/site-packages/airflow/example_dags/example_trigger_target_dag.py
[2022-09-21T20:34:51.044+0000] {processor.py:758} INFO - Processing file /home/airflow/.local/lib/python3.7/site-packages/airflow/example_dags/example_trigger_target_dag.py for tasks to queue
[2022-09-21T20:34:51.045+0000] {logging_mixin.py:117} INFO - [2022-09-21T20:34:51.045+0000] {dagbag.py:525} INFO - Filling up the DagBag from /home/airflow/.local/lib/python3.7/site-packages/airflow/example_dags/example_trigger_target_dag.py
[2022-09-21T20:34:51.068+0000] {processor.py:768} INFO - DAG(s) dict_keys(['example_trigger_target_dag']) retrieved from /home/airflow/.local/lib/python3.7/site-packages/airflow/example_dags/example_trigger_target_dag.py
[2022-09-21T20:34:51.110+0000] {logging_mixin.py:117} INFO - [2022-09-21T20:34:51.109+0000] {dag.py:2573} INFO - Sync 1 DAGs
[2022-09-21T20:34:51.137+0000] {logging_mixin.py:117} INFO - [2022-09-21T20:34:51.137+0000] {dag.py:3328} INFO - Setting next_dagrun for example_trigger_target_dag to None, run_after=None
[2022-09-21T20:34:51.160+0000] {processor.py:178} INFO - Processing /home/airflow/.local/lib/python3.7/site-packages/airflow/example_dags/example_trigger_target_dag.py took 0.122 seconds
[2022-09-21T20:35:21.307+0000] {processor.py:156} INFO - Started process (PID=1803) to work on /home/airflow/.local/lib/python3.7/site-packages/airflow/example_dags/example_trigger_target_dag.py
[2022-09-21T20:35:21.308+0000] {processor.py:758} INFO - Processing file /home/airflow/.local/lib/python3.7/site-packages/airflow/example_dags/example_trigger_target_dag.py for tasks to queue
[2022-09-21T20:35:21.309+0000] {logging_mixin.py:117} INFO - [2022-09-21T20:35:21.308+0000] {dagbag.py:525} INFO - Filling up the DagBag from /home/airflow/.local/lib/python3.7/site-packages/airflow/example_dags/example_trigger_target_dag.py
[2022-09-21T20:35:21.333+0000] {processor.py:768} INFO - DAG(s) dict_keys(['example_trigger_target_dag']) retrieved from /home/airflow/.local/lib/python3.7/site-packages/airflow/example_dags/example_trigger_target_dag.py
[2022-09-21T20:35:21.373+0000] {logging_mixin.py:117} INFO - [2022-09-21T20:35:21.373+0000] {dag.py:2573} INFO - Sync 1 DAGs
[2022-09-21T20:35:21.402+0000] {logging_mixin.py:117} INFO - [2022-09-21T20:35:21.401+0000] {dag.py:3328} INFO - Setting next_dagrun for example_trigger_target_dag to None, run_after=None
[2022-09-21T20:35:21.424+0000] {processor.py:178} INFO - Processing /home/airflow/.local/lib/python3.7/site-packages/airflow/example_dags/example_trigger_target_dag.py took 0.119 seconds
