[2022-09-21T20:20:28.462+0000] {processor.py:156} INFO - Started process (PID=74) to work on /home/airflow/.local/lib/python3.7/site-packages/airflow/example_dags/example_datasets.py
[2022-09-21T20:20:28.463+0000] {processor.py:758} INFO - Processing file /home/airflow/.local/lib/python3.7/site-packages/airflow/example_dags/example_datasets.py for tasks to queue
[2022-09-21T20:20:28.464+0000] {logging_mixin.py:117} INFO - [2022-09-21T20:20:28.464+0000] {dagbag.py:525} INFO - Filling up the DagBag from /home/airflow/.local/lib/python3.7/site-packages/airflow/example_dags/example_datasets.py
[2022-09-21T20:20:28.513+0000] {processor.py:768} INFO - DAG(s) dict_keys(['dataset_consumes_1_and_2', 'dataset_produces_2', 'dataset_consumes_1', 'dataset_consumes_unknown_never_scheduled', 'dataset_produces_1', 'dataset_consumes_1_never_scheduled']) retrieved from /home/airflow/.local/lib/python3.7/site-packages/airflow/example_dags/example_datasets.py
[2022-09-21T20:20:29.258+0000] {logging_mixin.py:117} INFO - [2022-09-21T20:20:29.258+0000] {dag.py:2573} INFO - Sync 6 DAGs
[2022-09-21T20:20:29.347+0000] {logging_mixin.py:117} INFO - [2022-09-21T20:20:29.347+0000] {dag.py:3328} INFO - Setting next_dagrun for dataset_consumes_1 to None, run_after=None
[2022-09-21T20:20:29.352+0000] {logging_mixin.py:117} INFO - [2022-09-21T20:20:29.352+0000] {dag.py:3328} INFO - Setting next_dagrun for dataset_consumes_1_and_2 to None, run_after=None
[2022-09-21T20:20:29.354+0000] {logging_mixin.py:117} INFO - [2022-09-21T20:20:29.354+0000] {dag.py:3328} INFO - Setting next_dagrun for dataset_consumes_1_never_scheduled to None, run_after=None
[2022-09-21T20:20:29.356+0000] {logging_mixin.py:117} INFO - [2022-09-21T20:20:29.356+0000] {dag.py:3328} INFO - Setting next_dagrun for dataset_consumes_unknown_never_scheduled to None, run_after=None
[2022-09-21T20:20:29.361+0000] {logging_mixin.py:117} INFO - [2022-09-21T20:20:29.360+0000] {dag.py:3328} INFO - Setting next_dagrun for dataset_produces_1 to 2022-09-20T00:00:00+00:00, run_after=2022-09-21T00:00:00+00:00
[2022-09-21T20:20:29.362+0000] {logging_mixin.py:117} INFO - [2022-09-21T20:20:29.362+0000] {dag.py:3328} INFO - Setting next_dagrun for dataset_produces_2 to None, run_after=None
[2022-09-21T20:20:29.459+0000] {processor.py:178} INFO - Processing /home/airflow/.local/lib/python3.7/site-packages/airflow/example_dags/example_datasets.py took 1.001 seconds
[2022-09-21T20:21:01.297+0000] {processor.py:156} INFO - Started process (PID=138) to work on /home/airflow/.local/lib/python3.7/site-packages/airflow/example_dags/example_datasets.py
[2022-09-21T20:21:01.301+0000] {processor.py:758} INFO - Processing file /home/airflow/.local/lib/python3.7/site-packages/airflow/example_dags/example_datasets.py for tasks to queue
[2022-09-21T20:21:01.301+0000] {logging_mixin.py:117} INFO - [2022-09-21T20:21:01.301+0000] {dagbag.py:525} INFO - Filling up the DagBag from /home/airflow/.local/lib/python3.7/site-packages/airflow/example_dags/example_datasets.py
[2022-09-21T20:21:01.359+0000] {processor.py:768} INFO - DAG(s) dict_keys(['dataset_consumes_1_never_scheduled', 'dataset_consumes_1', 'dataset_consumes_1_and_2', 'dataset_consumes_unknown_never_scheduled', 'dataset_produces_2', 'dataset_produces_1']) retrieved from /home/airflow/.local/lib/python3.7/site-packages/airflow/example_dags/example_datasets.py
[2022-09-21T20:21:02.161+0000] {logging_mixin.py:117} INFO - [2022-09-21T20:21:02.161+0000] {dag.py:2573} INFO - Sync 6 DAGs
[2022-09-21T20:21:02.346+0000] {logging_mixin.py:117} INFO - [2022-09-21T20:21:02.345+0000] {dag.py:3328} INFO - Setting next_dagrun for dataset_consumes_1 to None, run_after=None
[2022-09-21T20:21:02.362+0000] {logging_mixin.py:117} INFO - [2022-09-21T20:21:02.362+0000] {dag.py:3328} INFO - Setting next_dagrun for dataset_consumes_1_and_2 to None, run_after=None
[2022-09-21T20:21:02.365+0000] {logging_mixin.py:117} INFO - [2022-09-21T20:21:02.364+0000] {dag.py:3328} INFO - Setting next_dagrun for dataset_consumes_1_never_scheduled to None, run_after=None
[2022-09-21T20:21:02.378+0000] {logging_mixin.py:117} INFO - [2022-09-21T20:21:02.378+0000] {dag.py:3328} INFO - Setting next_dagrun for dataset_consumes_unknown_never_scheduled to None, run_after=None
[2022-09-21T20:21:02.384+0000] {logging_mixin.py:117} INFO - [2022-09-21T20:21:02.384+0000] {dag.py:3328} INFO - Setting next_dagrun for dataset_produces_1 to 2022-09-20T00:00:00+00:00, run_after=2022-09-21T00:00:00+00:00
[2022-09-21T20:21:02.394+0000] {logging_mixin.py:117} INFO - [2022-09-21T20:21:02.393+0000] {dag.py:3328} INFO - Setting next_dagrun for dataset_produces_2 to None, run_after=None
[2022-09-21T20:21:02.490+0000] {processor.py:178} INFO - Processing /home/airflow/.local/lib/python3.7/site-packages/airflow/example_dags/example_datasets.py took 1.199 seconds
[2022-09-21T20:21:33.147+0000] {processor.py:156} INFO - Started process (PID=194) to work on /home/airflow/.local/lib/python3.7/site-packages/airflow/example_dags/example_datasets.py
[2022-09-21T20:21:33.148+0000] {processor.py:758} INFO - Processing file /home/airflow/.local/lib/python3.7/site-packages/airflow/example_dags/example_datasets.py for tasks to queue
[2022-09-21T20:21:33.149+0000] {logging_mixin.py:117} INFO - [2022-09-21T20:21:33.149+0000] {dagbag.py:525} INFO - Filling up the DagBag from /home/airflow/.local/lib/python3.7/site-packages/airflow/example_dags/example_datasets.py
[2022-09-21T20:21:33.543+0000] {processor.py:768} INFO - DAG(s) dict_keys(['dataset_produces_1', 'dataset_produces_2', 'dataset_consumes_1_never_scheduled', 'dataset_consumes_unknown_never_scheduled', 'dataset_consumes_1', 'dataset_consumes_1_and_2']) retrieved from /home/airflow/.local/lib/python3.7/site-packages/airflow/example_dags/example_datasets.py
[2022-09-21T20:21:33.641+0000] {logging_mixin.py:117} INFO - [2022-09-21T20:21:33.640+0000] {dag.py:2573} INFO - Sync 6 DAGs
[2022-09-21T20:21:33.692+0000] {logging_mixin.py:117} INFO - [2022-09-21T20:21:33.692+0000] {dag.py:3328} INFO - Setting next_dagrun for dataset_consumes_1 to None, run_after=None
[2022-09-21T20:21:33.700+0000] {logging_mixin.py:117} INFO - [2022-09-21T20:21:33.699+0000] {dag.py:3328} INFO - Setting next_dagrun for dataset_consumes_1_and_2 to None, run_after=None
[2022-09-21T20:21:33.702+0000] {logging_mixin.py:117} INFO - [2022-09-21T20:21:33.702+0000] {dag.py:3328} INFO - Setting next_dagrun for dataset_consumes_1_never_scheduled to None, run_after=None
[2022-09-21T20:21:33.704+0000] {logging_mixin.py:117} INFO - [2022-09-21T20:21:33.704+0000] {dag.py:3328} INFO - Setting next_dagrun for dataset_consumes_unknown_never_scheduled to None, run_after=None
[2022-09-21T20:21:33.710+0000] {logging_mixin.py:117} INFO - [2022-09-21T20:21:33.709+0000] {dag.py:3328} INFO - Setting next_dagrun for dataset_produces_1 to 2022-09-20T00:00:00+00:00, run_after=2022-09-21T00:00:00+00:00
[2022-09-21T20:21:33.712+0000] {logging_mixin.py:117} INFO - [2022-09-21T20:21:33.712+0000] {dag.py:3328} INFO - Setting next_dagrun for dataset_produces_2 to None, run_after=None
[2022-09-21T20:21:33.763+0000] {processor.py:178} INFO - Processing /home/airflow/.local/lib/python3.7/site-packages/airflow/example_dags/example_datasets.py took 0.621 seconds
[2022-09-21T20:22:04.291+0000] {processor.py:156} INFO - Started process (PID=248) to work on /home/airflow/.local/lib/python3.7/site-packages/airflow/example_dags/example_datasets.py
[2022-09-21T20:22:04.292+0000] {processor.py:758} INFO - Processing file /home/airflow/.local/lib/python3.7/site-packages/airflow/example_dags/example_datasets.py for tasks to queue
[2022-09-21T20:22:04.292+0000] {logging_mixin.py:117} INFO - [2022-09-21T20:22:04.292+0000] {dagbag.py:525} INFO - Filling up the DagBag from /home/airflow/.local/lib/python3.7/site-packages/airflow/example_dags/example_datasets.py
[2022-09-21T20:22:04.313+0000] {processor.py:768} INFO - DAG(s) dict_keys(['dataset_consumes_1_and_2', 'dataset_produces_1', 'dataset_consumes_1', 'dataset_consumes_unknown_never_scheduled', 'dataset_produces_2', 'dataset_consumes_1_never_scheduled']) retrieved from /home/airflow/.local/lib/python3.7/site-packages/airflow/example_dags/example_datasets.py
[2022-09-21T20:22:04.351+0000] {logging_mixin.py:117} INFO - [2022-09-21T20:22:04.351+0000] {dag.py:2573} INFO - Sync 6 DAGs
[2022-09-21T20:22:04.379+0000] {logging_mixin.py:117} INFO - [2022-09-21T20:22:04.379+0000] {dag.py:3328} INFO - Setting next_dagrun for dataset_consumes_1 to None, run_after=None
[2022-09-21T20:22:04.382+0000] {logging_mixin.py:117} INFO - [2022-09-21T20:22:04.382+0000] {dag.py:3328} INFO - Setting next_dagrun for dataset_consumes_1_and_2 to None, run_after=None
[2022-09-21T20:22:04.384+0000] {logging_mixin.py:117} INFO - [2022-09-21T20:22:04.384+0000] {dag.py:3328} INFO - Setting next_dagrun for dataset_consumes_1_never_scheduled to None, run_after=None
[2022-09-21T20:22:04.385+0000] {logging_mixin.py:117} INFO - [2022-09-21T20:22:04.385+0000] {dag.py:3328} INFO - Setting next_dagrun for dataset_consumes_unknown_never_scheduled to None, run_after=None
[2022-09-21T20:22:04.388+0000] {logging_mixin.py:117} INFO - [2022-09-21T20:22:04.388+0000] {dag.py:3328} INFO - Setting next_dagrun for dataset_produces_1 to 2022-09-20T00:00:00+00:00, run_after=2022-09-21T00:00:00+00:00
[2022-09-21T20:22:04.389+0000] {logging_mixin.py:117} INFO - [2022-09-21T20:22:04.389+0000] {dag.py:3328} INFO - Setting next_dagrun for dataset_produces_2 to None, run_after=None
[2022-09-21T20:22:04.420+0000] {processor.py:178} INFO - Processing /home/airflow/.local/lib/python3.7/site-packages/airflow/example_dags/example_datasets.py took 0.132 seconds
[2022-09-21T20:22:34.722+0000] {processor.py:156} INFO - Started process (PID=313) to work on /home/airflow/.local/lib/python3.7/site-packages/airflow/example_dags/example_datasets.py
[2022-09-21T20:22:34.725+0000] {processor.py:758} INFO - Processing file /home/airflow/.local/lib/python3.7/site-packages/airflow/example_dags/example_datasets.py for tasks to queue
[2022-09-21T20:22:34.725+0000] {logging_mixin.py:117} INFO - [2022-09-21T20:22:34.725+0000] {dagbag.py:525} INFO - Filling up the DagBag from /home/airflow/.local/lib/python3.7/site-packages/airflow/example_dags/example_datasets.py
[2022-09-21T20:22:34.828+0000] {processor.py:768} INFO - DAG(s) dict_keys(['dataset_produces_2', 'dataset_consumes_1_and_2', 'dataset_consumes_1', 'dataset_consumes_unknown_never_scheduled', 'dataset_produces_1', 'dataset_consumes_1_never_scheduled']) retrieved from /home/airflow/.local/lib/python3.7/site-packages/airflow/example_dags/example_datasets.py
[2022-09-21T20:22:35.294+0000] {logging_mixin.py:117} INFO - [2022-09-21T20:22:35.293+0000] {dag.py:2573} INFO - Sync 6 DAGs
[2022-09-21T20:22:35.380+0000] {logging_mixin.py:117} INFO - [2022-09-21T20:22:35.380+0000] {dag.py:3328} INFO - Setting next_dagrun for dataset_consumes_1 to None, run_after=None
[2022-09-21T20:22:35.386+0000] {logging_mixin.py:117} INFO - [2022-09-21T20:22:35.386+0000] {dag.py:3328} INFO - Setting next_dagrun for dataset_consumes_1_and_2 to None, run_after=None
[2022-09-21T20:22:35.388+0000] {logging_mixin.py:117} INFO - [2022-09-21T20:22:35.388+0000] {dag.py:3328} INFO - Setting next_dagrun for dataset_consumes_1_never_scheduled to None, run_after=None
[2022-09-21T20:22:35.391+0000] {logging_mixin.py:117} INFO - [2022-09-21T20:22:35.391+0000] {dag.py:3328} INFO - Setting next_dagrun for dataset_consumes_unknown_never_scheduled to None, run_after=None
[2022-09-21T20:22:35.397+0000] {logging_mixin.py:117} INFO - [2022-09-21T20:22:35.396+0000] {dag.py:3328} INFO - Setting next_dagrun for dataset_produces_1 to 2022-09-20T00:00:00+00:00, run_after=2022-09-21T00:00:00+00:00
[2022-09-21T20:22:35.399+0000] {logging_mixin.py:117} INFO - [2022-09-21T20:22:35.399+0000] {dag.py:3328} INFO - Setting next_dagrun for dataset_produces_2 to None, run_after=None
[2022-09-21T20:22:35.487+0000] {processor.py:178} INFO - Processing /home/airflow/.local/lib/python3.7/site-packages/airflow/example_dags/example_datasets.py took 0.770 seconds
[2022-09-21T20:23:05.897+0000] {processor.py:156} INFO - Started process (PID=377) to work on /home/airflow/.local/lib/python3.7/site-packages/airflow/example_dags/example_datasets.py
[2022-09-21T20:23:05.898+0000] {processor.py:758} INFO - Processing file /home/airflow/.local/lib/python3.7/site-packages/airflow/example_dags/example_datasets.py for tasks to queue
[2022-09-21T20:23:05.898+0000] {logging_mixin.py:117} INFO - [2022-09-21T20:23:05.898+0000] {dagbag.py:525} INFO - Filling up the DagBag from /home/airflow/.local/lib/python3.7/site-packages/airflow/example_dags/example_datasets.py
[2022-09-21T20:23:05.914+0000] {processor.py:768} INFO - DAG(s) dict_keys(['dataset_consumes_1_never_scheduled', 'dataset_produces_2', 'dataset_consumes_1_and_2', 'dataset_consumes_1', 'dataset_consumes_unknown_never_scheduled', 'dataset_produces_1']) retrieved from /home/airflow/.local/lib/python3.7/site-packages/airflow/example_dags/example_datasets.py
[2022-09-21T20:23:05.950+0000] {logging_mixin.py:117} INFO - [2022-09-21T20:23:05.950+0000] {dag.py:2573} INFO - Sync 6 DAGs
[2022-09-21T20:23:05.983+0000] {logging_mixin.py:117} INFO - [2022-09-21T20:23:05.983+0000] {dag.py:3328} INFO - Setting next_dagrun for dataset_consumes_1 to None, run_after=None
[2022-09-21T20:23:05.988+0000] {logging_mixin.py:117} INFO - [2022-09-21T20:23:05.987+0000] {dag.py:3328} INFO - Setting next_dagrun for dataset_consumes_1_and_2 to None, run_after=None
[2022-09-21T20:23:05.989+0000] {logging_mixin.py:117} INFO - [2022-09-21T20:23:05.989+0000] {dag.py:3328} INFO - Setting next_dagrun for dataset_consumes_1_never_scheduled to None, run_after=None
[2022-09-21T20:23:05.991+0000] {logging_mixin.py:117} INFO - [2022-09-21T20:23:05.991+0000] {dag.py:3328} INFO - Setting next_dagrun for dataset_consumes_unknown_never_scheduled to None, run_after=None
[2022-09-21T20:23:05.995+0000] {logging_mixin.py:117} INFO - [2022-09-21T20:23:05.995+0000] {dag.py:3328} INFO - Setting next_dagrun for dataset_produces_1 to 2022-09-20T00:00:00+00:00, run_after=2022-09-21T00:00:00+00:00
[2022-09-21T20:23:05.997+0000] {logging_mixin.py:117} INFO - [2022-09-21T20:23:05.997+0000] {dag.py:3328} INFO - Setting next_dagrun for dataset_produces_2 to None, run_after=None
[2022-09-21T20:23:06.031+0000] {processor.py:178} INFO - Processing /home/airflow/.local/lib/python3.7/site-packages/airflow/example_dags/example_datasets.py took 0.137 seconds
[2022-09-21T20:23:36.478+0000] {processor.py:156} INFO - Started process (PID=432) to work on /home/airflow/.local/lib/python3.7/site-packages/airflow/example_dags/example_datasets.py
[2022-09-21T20:23:36.479+0000] {processor.py:758} INFO - Processing file /home/airflow/.local/lib/python3.7/site-packages/airflow/example_dags/example_datasets.py for tasks to queue
[2022-09-21T20:23:36.479+0000] {logging_mixin.py:117} INFO - [2022-09-21T20:23:36.479+0000] {dagbag.py:525} INFO - Filling up the DagBag from /home/airflow/.local/lib/python3.7/site-packages/airflow/example_dags/example_datasets.py
[2022-09-21T20:23:36.496+0000] {processor.py:768} INFO - DAG(s) dict_keys(['dataset_consumes_1_and_2', 'dataset_produces_2', 'dataset_consumes_1', 'dataset_consumes_1_never_scheduled', 'dataset_produces_1', 'dataset_consumes_unknown_never_scheduled']) retrieved from /home/airflow/.local/lib/python3.7/site-packages/airflow/example_dags/example_datasets.py
[2022-09-21T20:23:36.639+0000] {logging_mixin.py:117} INFO - [2022-09-21T20:23:36.638+0000] {dag.py:2573} INFO - Sync 6 DAGs
[2022-09-21T20:23:36.704+0000] {logging_mixin.py:117} INFO - [2022-09-21T20:23:36.703+0000] {dag.py:3328} INFO - Setting next_dagrun for dataset_consumes_1 to None, run_after=None
[2022-09-21T20:23:36.709+0000] {logging_mixin.py:117} INFO - [2022-09-21T20:23:36.709+0000] {dag.py:3328} INFO - Setting next_dagrun for dataset_consumes_1_and_2 to None, run_after=None
[2022-09-21T20:23:36.711+0000] {logging_mixin.py:117} INFO - [2022-09-21T20:23:36.711+0000] {dag.py:3328} INFO - Setting next_dagrun for dataset_consumes_1_never_scheduled to None, run_after=None
[2022-09-21T20:23:36.712+0000] {logging_mixin.py:117} INFO - [2022-09-21T20:23:36.712+0000] {dag.py:3328} INFO - Setting next_dagrun for dataset_consumes_unknown_never_scheduled to None, run_after=None
[2022-09-21T20:23:36.716+0000] {logging_mixin.py:117} INFO - [2022-09-21T20:23:36.716+0000] {dag.py:3328} INFO - Setting next_dagrun for dataset_produces_1 to 2022-09-20T00:00:00+00:00, run_after=2022-09-21T00:00:00+00:00
[2022-09-21T20:23:36.718+0000] {logging_mixin.py:117} INFO - [2022-09-21T20:23:36.718+0000] {dag.py:3328} INFO - Setting next_dagrun for dataset_produces_2 to None, run_after=None
[2022-09-21T20:23:36.781+0000] {processor.py:178} INFO - Processing /home/airflow/.local/lib/python3.7/site-packages/airflow/example_dags/example_datasets.py took 0.306 seconds
[2022-09-21T20:24:06.911+0000] {processor.py:156} INFO - Started process (PID=496) to work on /home/airflow/.local/lib/python3.7/site-packages/airflow/example_dags/example_datasets.py
[2022-09-21T20:24:06.912+0000] {processor.py:758} INFO - Processing file /home/airflow/.local/lib/python3.7/site-packages/airflow/example_dags/example_datasets.py for tasks to queue
[2022-09-21T20:24:06.912+0000] {logging_mixin.py:117} INFO - [2022-09-21T20:24:06.912+0000] {dagbag.py:525} INFO - Filling up the DagBag from /home/airflow/.local/lib/python3.7/site-packages/airflow/example_dags/example_datasets.py
[2022-09-21T20:24:06.928+0000] {processor.py:768} INFO - DAG(s) dict_keys(['dataset_consumes_1_never_scheduled', 'dataset_consumes_1_and_2', 'dataset_consumes_unknown_never_scheduled', 'dataset_consumes_1', 'dataset_produces_2', 'dataset_produces_1']) retrieved from /home/airflow/.local/lib/python3.7/site-packages/airflow/example_dags/example_datasets.py
[2022-09-21T20:24:06.997+0000] {logging_mixin.py:117} INFO - [2022-09-21T20:24:06.997+0000] {dag.py:2573} INFO - Sync 6 DAGs
[2022-09-21T20:24:07.032+0000] {logging_mixin.py:117} INFO - [2022-09-21T20:24:07.032+0000] {dag.py:3328} INFO - Setting next_dagrun for dataset_consumes_1 to None, run_after=None
[2022-09-21T20:24:07.037+0000] {logging_mixin.py:117} INFO - [2022-09-21T20:24:07.037+0000] {dag.py:3328} INFO - Setting next_dagrun for dataset_consumes_1_and_2 to None, run_after=None
[2022-09-21T20:24:07.038+0000] {logging_mixin.py:117} INFO - [2022-09-21T20:24:07.038+0000] {dag.py:3328} INFO - Setting next_dagrun for dataset_consumes_1_never_scheduled to None, run_after=None
[2022-09-21T20:24:07.040+0000] {logging_mixin.py:117} INFO - [2022-09-21T20:24:07.040+0000] {dag.py:3328} INFO - Setting next_dagrun for dataset_consumes_unknown_never_scheduled to None, run_after=None
[2022-09-21T20:24:07.044+0000] {logging_mixin.py:117} INFO - [2022-09-21T20:24:07.043+0000] {dag.py:3328} INFO - Setting next_dagrun for dataset_produces_1 to 2022-09-20T00:00:00+00:00, run_after=2022-09-21T00:00:00+00:00
[2022-09-21T20:24:07.045+0000] {logging_mixin.py:117} INFO - [2022-09-21T20:24:07.045+0000] {dag.py:3328} INFO - Setting next_dagrun for dataset_produces_2 to None, run_after=None
[2022-09-21T20:24:07.078+0000] {processor.py:178} INFO - Processing /home/airflow/.local/lib/python3.7/site-packages/airflow/example_dags/example_datasets.py took 0.170 seconds
[2022-09-21T20:24:37.363+0000] {processor.py:156} INFO - Started process (PID=551) to work on /home/airflow/.local/lib/python3.7/site-packages/airflow/example_dags/example_datasets.py
[2022-09-21T20:24:37.364+0000] {processor.py:758} INFO - Processing file /home/airflow/.local/lib/python3.7/site-packages/airflow/example_dags/example_datasets.py for tasks to queue
[2022-09-21T20:24:37.365+0000] {logging_mixin.py:117} INFO - [2022-09-21T20:24:37.365+0000] {dagbag.py:525} INFO - Filling up the DagBag from /home/airflow/.local/lib/python3.7/site-packages/airflow/example_dags/example_datasets.py
[2022-09-21T20:24:37.382+0000] {processor.py:768} INFO - DAG(s) dict_keys(['dataset_consumes_1_never_scheduled', 'dataset_produces_1', 'dataset_consumes_1', 'dataset_produces_2', 'dataset_consumes_unknown_never_scheduled', 'dataset_consumes_1_and_2']) retrieved from /home/airflow/.local/lib/python3.7/site-packages/airflow/example_dags/example_datasets.py
[2022-09-21T20:24:37.433+0000] {logging_mixin.py:117} INFO - [2022-09-21T20:24:37.433+0000] {dag.py:2573} INFO - Sync 6 DAGs
[2022-09-21T20:24:37.459+0000] {logging_mixin.py:117} INFO - [2022-09-21T20:24:37.459+0000] {dag.py:3328} INFO - Setting next_dagrun for dataset_consumes_1 to None, run_after=None
[2022-09-21T20:24:37.463+0000] {logging_mixin.py:117} INFO - [2022-09-21T20:24:37.463+0000] {dag.py:3328} INFO - Setting next_dagrun for dataset_consumes_1_and_2 to None, run_after=None
[2022-09-21T20:24:37.464+0000] {logging_mixin.py:117} INFO - [2022-09-21T20:24:37.464+0000] {dag.py:3328} INFO - Setting next_dagrun for dataset_consumes_1_never_scheduled to None, run_after=None
[2022-09-21T20:24:37.465+0000] {logging_mixin.py:117} INFO - [2022-09-21T20:24:37.465+0000] {dag.py:3328} INFO - Setting next_dagrun for dataset_consumes_unknown_never_scheduled to None, run_after=None
[2022-09-21T20:24:37.468+0000] {logging_mixin.py:117} INFO - [2022-09-21T20:24:37.468+0000] {dag.py:3328} INFO - Setting next_dagrun for dataset_produces_1 to 2022-09-20T00:00:00+00:00, run_after=2022-09-21T00:00:00+00:00
[2022-09-21T20:24:37.469+0000] {logging_mixin.py:117} INFO - [2022-09-21T20:24:37.469+0000] {dag.py:3328} INFO - Setting next_dagrun for dataset_produces_2 to None, run_after=None
[2022-09-21T20:24:37.501+0000] {processor.py:178} INFO - Processing /home/airflow/.local/lib/python3.7/site-packages/airflow/example_dags/example_datasets.py took 0.140 seconds
[2022-09-21T20:25:07.969+0000] {processor.py:156} INFO - Started process (PID=615) to work on /home/airflow/.local/lib/python3.7/site-packages/airflow/example_dags/example_datasets.py
[2022-09-21T20:25:07.977+0000] {processor.py:758} INFO - Processing file /home/airflow/.local/lib/python3.7/site-packages/airflow/example_dags/example_datasets.py for tasks to queue
[2022-09-21T20:25:07.978+0000] {logging_mixin.py:117} INFO - [2022-09-21T20:25:07.977+0000] {dagbag.py:525} INFO - Filling up the DagBag from /home/airflow/.local/lib/python3.7/site-packages/airflow/example_dags/example_datasets.py
[2022-09-21T20:25:08.027+0000] {processor.py:768} INFO - DAG(s) dict_keys(['dataset_produces_1', 'dataset_consumes_1_and_2', 'dataset_consumes_1', 'dataset_produces_2', 'dataset_consumes_unknown_never_scheduled', 'dataset_consumes_1_never_scheduled']) retrieved from /home/airflow/.local/lib/python3.7/site-packages/airflow/example_dags/example_datasets.py
[2022-09-21T20:25:08.132+0000] {logging_mixin.py:117} INFO - [2022-09-21T20:25:08.131+0000] {dag.py:2573} INFO - Sync 6 DAGs
[2022-09-21T20:25:08.180+0000] {logging_mixin.py:117} INFO - [2022-09-21T20:25:08.180+0000] {dag.py:3328} INFO - Setting next_dagrun for dataset_consumes_1 to None, run_after=None
[2022-09-21T20:25:08.185+0000] {logging_mixin.py:117} INFO - [2022-09-21T20:25:08.185+0000] {dag.py:3328} INFO - Setting next_dagrun for dataset_consumes_1_and_2 to None, run_after=None
[2022-09-21T20:25:08.187+0000] {logging_mixin.py:117} INFO - [2022-09-21T20:25:08.187+0000] {dag.py:3328} INFO - Setting next_dagrun for dataset_consumes_1_never_scheduled to None, run_after=None
[2022-09-21T20:25:08.189+0000] {logging_mixin.py:117} INFO - [2022-09-21T20:25:08.189+0000] {dag.py:3328} INFO - Setting next_dagrun for dataset_consumes_unknown_never_scheduled to None, run_after=None
[2022-09-21T20:25:08.193+0000] {logging_mixin.py:117} INFO - [2022-09-21T20:25:08.193+0000] {dag.py:3328} INFO - Setting next_dagrun for dataset_produces_1 to 2022-09-20T00:00:00+00:00, run_after=2022-09-21T00:00:00+00:00
[2022-09-21T20:25:08.196+0000] {logging_mixin.py:117} INFO - [2022-09-21T20:25:08.195+0000] {dag.py:3328} INFO - Setting next_dagrun for dataset_produces_2 to None, run_after=None
[2022-09-21T20:25:08.241+0000] {processor.py:178} INFO - Processing /home/airflow/.local/lib/python3.7/site-packages/airflow/example_dags/example_datasets.py took 0.285 seconds
[2022-09-21T20:25:38.995+0000] {processor.py:156} INFO - Started process (PID=670) to work on /home/airflow/.local/lib/python3.7/site-packages/airflow/example_dags/example_datasets.py
[2022-09-21T20:25:38.996+0000] {processor.py:758} INFO - Processing file /home/airflow/.local/lib/python3.7/site-packages/airflow/example_dags/example_datasets.py for tasks to queue
[2022-09-21T20:25:38.997+0000] {logging_mixin.py:117} INFO - [2022-09-21T20:25:38.996+0000] {dagbag.py:525} INFO - Filling up the DagBag from /home/airflow/.local/lib/python3.7/site-packages/airflow/example_dags/example_datasets.py
[2022-09-21T20:25:39.012+0000] {processor.py:768} INFO - DAG(s) dict_keys(['dataset_produces_1', 'dataset_consumes_1_and_2', 'dataset_produces_2', 'dataset_consumes_unknown_never_scheduled', 'dataset_consumes_1_never_scheduled', 'dataset_consumes_1']) retrieved from /home/airflow/.local/lib/python3.7/site-packages/airflow/example_dags/example_datasets.py
[2022-09-21T20:25:39.136+0000] {logging_mixin.py:117} INFO - [2022-09-21T20:25:39.136+0000] {dag.py:2573} INFO - Sync 6 DAGs
[2022-09-21T20:25:39.171+0000] {logging_mixin.py:117} INFO - [2022-09-21T20:25:39.171+0000] {dag.py:3328} INFO - Setting next_dagrun for dataset_consumes_1 to None, run_after=None
[2022-09-21T20:25:39.174+0000] {logging_mixin.py:117} INFO - [2022-09-21T20:25:39.174+0000] {dag.py:3328} INFO - Setting next_dagrun for dataset_consumes_1_and_2 to None, run_after=None
[2022-09-21T20:25:39.175+0000] {logging_mixin.py:117} INFO - [2022-09-21T20:25:39.175+0000] {dag.py:3328} INFO - Setting next_dagrun for dataset_consumes_1_never_scheduled to None, run_after=None
[2022-09-21T20:25:39.176+0000] {logging_mixin.py:117} INFO - [2022-09-21T20:25:39.176+0000] {dag.py:3328} INFO - Setting next_dagrun for dataset_consumes_unknown_never_scheduled to None, run_after=None
[2022-09-21T20:25:39.179+0000] {logging_mixin.py:117} INFO - [2022-09-21T20:25:39.179+0000] {dag.py:3328} INFO - Setting next_dagrun for dataset_produces_1 to 2022-09-20T00:00:00+00:00, run_after=2022-09-21T00:00:00+00:00
[2022-09-21T20:25:39.180+0000] {logging_mixin.py:117} INFO - [2022-09-21T20:25:39.180+0000] {dag.py:3328} INFO - Setting next_dagrun for dataset_produces_2 to None, run_after=None
[2022-09-21T20:25:39.218+0000] {processor.py:178} INFO - Processing /home/airflow/.local/lib/python3.7/site-packages/airflow/example_dags/example_datasets.py took 0.225 seconds
[2022-09-21T20:26:09.301+0000] {processor.py:156} INFO - Started process (PID=733) to work on /home/airflow/.local/lib/python3.7/site-packages/airflow/example_dags/example_datasets.py
[2022-09-21T20:26:09.302+0000] {processor.py:758} INFO - Processing file /home/airflow/.local/lib/python3.7/site-packages/airflow/example_dags/example_datasets.py for tasks to queue
[2022-09-21T20:26:09.303+0000] {logging_mixin.py:117} INFO - [2022-09-21T20:26:09.303+0000] {dagbag.py:525} INFO - Filling up the DagBag from /home/airflow/.local/lib/python3.7/site-packages/airflow/example_dags/example_datasets.py
[2022-09-21T20:26:09.318+0000] {processor.py:768} INFO - DAG(s) dict_keys(['dataset_consumes_1_never_scheduled', 'dataset_consumes_1', 'dataset_produces_1', 'dataset_consumes_unknown_never_scheduled', 'dataset_produces_2', 'dataset_consumes_1_and_2']) retrieved from /home/airflow/.local/lib/python3.7/site-packages/airflow/example_dags/example_datasets.py
[2022-09-21T20:26:09.371+0000] {logging_mixin.py:117} INFO - [2022-09-21T20:26:09.370+0000] {dag.py:2573} INFO - Sync 6 DAGs
[2022-09-21T20:26:09.408+0000] {logging_mixin.py:117} INFO - [2022-09-21T20:26:09.408+0000] {dag.py:3328} INFO - Setting next_dagrun for dataset_consumes_1 to None, run_after=None
[2022-09-21T20:26:09.413+0000] {logging_mixin.py:117} INFO - [2022-09-21T20:26:09.412+0000] {dag.py:3328} INFO - Setting next_dagrun for dataset_consumes_1_and_2 to None, run_after=None
[2022-09-21T20:26:09.414+0000] {logging_mixin.py:117} INFO - [2022-09-21T20:26:09.414+0000] {dag.py:3328} INFO - Setting next_dagrun for dataset_consumes_1_never_scheduled to None, run_after=None
[2022-09-21T20:26:09.415+0000] {logging_mixin.py:117} INFO - [2022-09-21T20:26:09.415+0000] {dag.py:3328} INFO - Setting next_dagrun for dataset_consumes_unknown_never_scheduled to None, run_after=None
[2022-09-21T20:26:09.419+0000] {logging_mixin.py:117} INFO - [2022-09-21T20:26:09.419+0000] {dag.py:3328} INFO - Setting next_dagrun for dataset_produces_1 to 2022-09-20T00:00:00+00:00, run_after=2022-09-21T00:00:00+00:00
[2022-09-21T20:26:09.421+0000] {logging_mixin.py:117} INFO - [2022-09-21T20:26:09.421+0000] {dag.py:3328} INFO - Setting next_dagrun for dataset_produces_2 to None, run_after=None
[2022-09-21T20:26:09.450+0000] {processor.py:178} INFO - Processing /home/airflow/.local/lib/python3.7/site-packages/airflow/example_dags/example_datasets.py took 0.151 seconds
[2022-09-21T20:26:39.985+0000] {processor.py:156} INFO - Started process (PID=797) to work on /home/airflow/.local/lib/python3.7/site-packages/airflow/example_dags/example_datasets.py
[2022-09-21T20:26:39.987+0000] {processor.py:758} INFO - Processing file /home/airflow/.local/lib/python3.7/site-packages/airflow/example_dags/example_datasets.py for tasks to queue
[2022-09-21T20:26:39.988+0000] {logging_mixin.py:117} INFO - [2022-09-21T20:26:39.987+0000] {dagbag.py:525} INFO - Filling up the DagBag from /home/airflow/.local/lib/python3.7/site-packages/airflow/example_dags/example_datasets.py
[2022-09-21T20:26:40.028+0000] {processor.py:768} INFO - DAG(s) dict_keys(['dataset_consumes_1_and_2', 'dataset_produces_2', 'dataset_produces_1', 'dataset_consumes_1_never_scheduled', 'dataset_consumes_1', 'dataset_consumes_unknown_never_scheduled']) retrieved from /home/airflow/.local/lib/python3.7/site-packages/airflow/example_dags/example_datasets.py
[2022-09-21T20:26:40.115+0000] {logging_mixin.py:117} INFO - [2022-09-21T20:26:40.115+0000] {dag.py:2573} INFO - Sync 6 DAGs
[2022-09-21T20:26:40.168+0000] {logging_mixin.py:117} INFO - [2022-09-21T20:26:40.168+0000] {dag.py:3328} INFO - Setting next_dagrun for dataset_consumes_1 to None, run_after=None
[2022-09-21T20:26:40.174+0000] {logging_mixin.py:117} INFO - [2022-09-21T20:26:40.174+0000] {dag.py:3328} INFO - Setting next_dagrun for dataset_consumes_1_and_2 to None, run_after=None
[2022-09-21T20:26:40.176+0000] {logging_mixin.py:117} INFO - [2022-09-21T20:26:40.176+0000] {dag.py:3328} INFO - Setting next_dagrun for dataset_consumes_1_never_scheduled to None, run_after=None
[2022-09-21T20:26:40.180+0000] {logging_mixin.py:117} INFO - [2022-09-21T20:26:40.179+0000] {dag.py:3328} INFO - Setting next_dagrun for dataset_consumes_unknown_never_scheduled to None, run_after=None
[2022-09-21T20:26:40.186+0000] {logging_mixin.py:117} INFO - [2022-09-21T20:26:40.186+0000] {dag.py:3328} INFO - Setting next_dagrun for dataset_produces_1 to 2022-09-20T00:00:00+00:00, run_after=2022-09-21T00:00:00+00:00
[2022-09-21T20:26:40.189+0000] {logging_mixin.py:117} INFO - [2022-09-21T20:26:40.189+0000] {dag.py:3328} INFO - Setting next_dagrun for dataset_produces_2 to None, run_after=None
[2022-09-21T20:26:40.244+0000] {processor.py:178} INFO - Processing /home/airflow/.local/lib/python3.7/site-packages/airflow/example_dags/example_datasets.py took 0.264 seconds
[2022-09-21T20:27:10.603+0000] {processor.py:156} INFO - Started process (PID=852) to work on /home/airflow/.local/lib/python3.7/site-packages/airflow/example_dags/example_datasets.py
[2022-09-21T20:27:10.603+0000] {processor.py:758} INFO - Processing file /home/airflow/.local/lib/python3.7/site-packages/airflow/example_dags/example_datasets.py for tasks to queue
[2022-09-21T20:27:10.604+0000] {logging_mixin.py:117} INFO - [2022-09-21T20:27:10.604+0000] {dagbag.py:525} INFO - Filling up the DagBag from /home/airflow/.local/lib/python3.7/site-packages/airflow/example_dags/example_datasets.py
[2022-09-21T20:27:10.621+0000] {processor.py:768} INFO - DAG(s) dict_keys(['dataset_consumes_1_never_scheduled', 'dataset_produces_2', 'dataset_consumes_unknown_never_scheduled', 'dataset_consumes_1_and_2', 'dataset_produces_1', 'dataset_consumes_1']) retrieved from /home/airflow/.local/lib/python3.7/site-packages/airflow/example_dags/example_datasets.py
[2022-09-21T20:27:10.685+0000] {logging_mixin.py:117} INFO - [2022-09-21T20:27:10.685+0000] {dag.py:2573} INFO - Sync 6 DAGs
[2022-09-21T20:27:10.724+0000] {logging_mixin.py:117} INFO - [2022-09-21T20:27:10.724+0000] {dag.py:3328} INFO - Setting next_dagrun for dataset_consumes_1 to None, run_after=None
[2022-09-21T20:27:10.728+0000] {logging_mixin.py:117} INFO - [2022-09-21T20:27:10.728+0000] {dag.py:3328} INFO - Setting next_dagrun for dataset_consumes_1_and_2 to None, run_after=None
[2022-09-21T20:27:10.730+0000] {logging_mixin.py:117} INFO - [2022-09-21T20:27:10.730+0000] {dag.py:3328} INFO - Setting next_dagrun for dataset_consumes_1_never_scheduled to None, run_after=None
[2022-09-21T20:27:10.732+0000] {logging_mixin.py:117} INFO - [2022-09-21T20:27:10.732+0000] {dag.py:3328} INFO - Setting next_dagrun for dataset_consumes_unknown_never_scheduled to None, run_after=None
[2022-09-21T20:27:10.738+0000] {logging_mixin.py:117} INFO - [2022-09-21T20:27:10.738+0000] {dag.py:3328} INFO - Setting next_dagrun for dataset_produces_1 to 2022-09-20T00:00:00+00:00, run_after=2022-09-21T00:00:00+00:00
[2022-09-21T20:27:10.739+0000] {logging_mixin.py:117} INFO - [2022-09-21T20:27:10.739+0000] {dag.py:3328} INFO - Setting next_dagrun for dataset_produces_2 to None, run_after=None
[2022-09-21T20:27:10.773+0000] {processor.py:178} INFO - Processing /home/airflow/.local/lib/python3.7/site-packages/airflow/example_dags/example_datasets.py took 0.174 seconds
[2022-09-21T20:27:40.996+0000] {processor.py:156} INFO - Started process (PID=916) to work on /home/airflow/.local/lib/python3.7/site-packages/airflow/example_dags/example_datasets.py
[2022-09-21T20:27:40.996+0000] {processor.py:758} INFO - Processing file /home/airflow/.local/lib/python3.7/site-packages/airflow/example_dags/example_datasets.py for tasks to queue
[2022-09-21T20:27:40.997+0000] {logging_mixin.py:117} INFO - [2022-09-21T20:27:40.997+0000] {dagbag.py:525} INFO - Filling up the DagBag from /home/airflow/.local/lib/python3.7/site-packages/airflow/example_dags/example_datasets.py
[2022-09-21T20:27:41.013+0000] {processor.py:768} INFO - DAG(s) dict_keys(['dataset_consumes_1_never_scheduled', 'dataset_consumes_1', 'dataset_produces_1', 'dataset_consumes_1_and_2', 'dataset_consumes_unknown_never_scheduled', 'dataset_produces_2']) retrieved from /home/airflow/.local/lib/python3.7/site-packages/airflow/example_dags/example_datasets.py
[2022-09-21T20:27:41.104+0000] {logging_mixin.py:117} INFO - [2022-09-21T20:27:41.104+0000] {dag.py:2573} INFO - Sync 6 DAGs
[2022-09-21T20:27:41.150+0000] {logging_mixin.py:117} INFO - [2022-09-21T20:27:41.150+0000] {dag.py:3328} INFO - Setting next_dagrun for dataset_consumes_1 to None, run_after=None
[2022-09-21T20:27:41.155+0000] {logging_mixin.py:117} INFO - [2022-09-21T20:27:41.155+0000] {dag.py:3328} INFO - Setting next_dagrun for dataset_consumes_1_and_2 to None, run_after=None
[2022-09-21T20:27:41.157+0000] {logging_mixin.py:117} INFO - [2022-09-21T20:27:41.157+0000] {dag.py:3328} INFO - Setting next_dagrun for dataset_consumes_1_never_scheduled to None, run_after=None
[2022-09-21T20:27:41.159+0000] {logging_mixin.py:117} INFO - [2022-09-21T20:27:41.159+0000] {dag.py:3328} INFO - Setting next_dagrun for dataset_consumes_unknown_never_scheduled to None, run_after=None
[2022-09-21T20:27:41.164+0000] {logging_mixin.py:117} INFO - [2022-09-21T20:27:41.163+0000] {dag.py:3328} INFO - Setting next_dagrun for dataset_produces_1 to 2022-09-20T00:00:00+00:00, run_after=2022-09-21T00:00:00+00:00
[2022-09-21T20:27:41.165+0000] {logging_mixin.py:117} INFO - [2022-09-21T20:27:41.165+0000] {dag.py:3328} INFO - Setting next_dagrun for dataset_produces_2 to None, run_after=None
[2022-09-21T20:27:41.205+0000] {processor.py:178} INFO - Processing /home/airflow/.local/lib/python3.7/site-packages/airflow/example_dags/example_datasets.py took 0.213 seconds
[2022-09-21T20:28:11.765+0000] {processor.py:156} INFO - Started process (PID=980) to work on /home/airflow/.local/lib/python3.7/site-packages/airflow/example_dags/example_datasets.py
[2022-09-21T20:28:11.766+0000] {processor.py:758} INFO - Processing file /home/airflow/.local/lib/python3.7/site-packages/airflow/example_dags/example_datasets.py for tasks to queue
[2022-09-21T20:28:11.766+0000] {logging_mixin.py:117} INFO - [2022-09-21T20:28:11.766+0000] {dagbag.py:525} INFO - Filling up the DagBag from /home/airflow/.local/lib/python3.7/site-packages/airflow/example_dags/example_datasets.py
[2022-09-21T20:28:11.785+0000] {processor.py:768} INFO - DAG(s) dict_keys(['dataset_consumes_1_and_2', 'dataset_consumes_unknown_never_scheduled', 'dataset_consumes_1', 'dataset_produces_2', 'dataset_produces_1', 'dataset_consumes_1_never_scheduled']) retrieved from /home/airflow/.local/lib/python3.7/site-packages/airflow/example_dags/example_datasets.py
[2022-09-21T20:28:11.851+0000] {logging_mixin.py:117} INFO - [2022-09-21T20:28:11.851+0000] {dag.py:2573} INFO - Sync 6 DAGs
[2022-09-21T20:28:11.899+0000] {logging_mixin.py:117} INFO - [2022-09-21T20:28:11.898+0000] {dag.py:3328} INFO - Setting next_dagrun for dataset_consumes_1 to None, run_after=None
[2022-09-21T20:28:11.905+0000] {logging_mixin.py:117} INFO - [2022-09-21T20:28:11.904+0000] {dag.py:3328} INFO - Setting next_dagrun for dataset_consumes_1_and_2 to None, run_after=None
[2022-09-21T20:28:11.906+0000] {logging_mixin.py:117} INFO - [2022-09-21T20:28:11.906+0000] {dag.py:3328} INFO - Setting next_dagrun for dataset_consumes_1_never_scheduled to None, run_after=None
[2022-09-21T20:28:11.908+0000] {logging_mixin.py:117} INFO - [2022-09-21T20:28:11.908+0000] {dag.py:3328} INFO - Setting next_dagrun for dataset_consumes_unknown_never_scheduled to None, run_after=None
[2022-09-21T20:28:11.914+0000] {logging_mixin.py:117} INFO - [2022-09-21T20:28:11.914+0000] {dag.py:3328} INFO - Setting next_dagrun for dataset_produces_1 to 2022-09-20T00:00:00+00:00, run_after=2022-09-21T00:00:00+00:00
[2022-09-21T20:28:11.918+0000] {logging_mixin.py:117} INFO - [2022-09-21T20:28:11.917+0000] {dag.py:3328} INFO - Setting next_dagrun for dataset_produces_2 to None, run_after=None
[2022-09-21T20:28:11.988+0000] {processor.py:178} INFO - Processing /home/airflow/.local/lib/python3.7/site-packages/airflow/example_dags/example_datasets.py took 0.227 seconds
[2022-09-21T20:28:42.559+0000] {processor.py:156} INFO - Started process (PID=1034) to work on /home/airflow/.local/lib/python3.7/site-packages/airflow/example_dags/example_datasets.py
[2022-09-21T20:28:42.563+0000] {processor.py:758} INFO - Processing file /home/airflow/.local/lib/python3.7/site-packages/airflow/example_dags/example_datasets.py for tasks to queue
[2022-09-21T20:28:42.563+0000] {logging_mixin.py:117} INFO - [2022-09-21T20:28:42.563+0000] {dagbag.py:525} INFO - Filling up the DagBag from /home/airflow/.local/lib/python3.7/site-packages/airflow/example_dags/example_datasets.py
[2022-09-21T20:28:42.587+0000] {processor.py:768} INFO - DAG(s) dict_keys(['dataset_consumes_1', 'dataset_produces_2', 'dataset_consumes_1_never_scheduled', 'dataset_produces_1', 'dataset_consumes_1_and_2', 'dataset_consumes_unknown_never_scheduled']) retrieved from /home/airflow/.local/lib/python3.7/site-packages/airflow/example_dags/example_datasets.py
[2022-09-21T20:28:42.644+0000] {logging_mixin.py:117} INFO - [2022-09-21T20:28:42.644+0000] {dag.py:2573} INFO - Sync 6 DAGs
[2022-09-21T20:28:42.667+0000] {logging_mixin.py:117} INFO - [2022-09-21T20:28:42.667+0000] {dag.py:3328} INFO - Setting next_dagrun for dataset_consumes_1 to None, run_after=None
[2022-09-21T20:28:42.670+0000] {logging_mixin.py:117} INFO - [2022-09-21T20:28:42.670+0000] {dag.py:3328} INFO - Setting next_dagrun for dataset_consumes_1_and_2 to None, run_after=None
[2022-09-21T20:28:42.671+0000] {logging_mixin.py:117} INFO - [2022-09-21T20:28:42.671+0000] {dag.py:3328} INFO - Setting next_dagrun for dataset_consumes_1_never_scheduled to None, run_after=None
[2022-09-21T20:28:42.672+0000] {logging_mixin.py:117} INFO - [2022-09-21T20:28:42.672+0000] {dag.py:3328} INFO - Setting next_dagrun for dataset_consumes_unknown_never_scheduled to None, run_after=None
[2022-09-21T20:28:42.674+0000] {logging_mixin.py:117} INFO - [2022-09-21T20:28:42.674+0000] {dag.py:3328} INFO - Setting next_dagrun for dataset_produces_1 to 2022-09-20T00:00:00+00:00, run_after=2022-09-21T00:00:00+00:00
[2022-09-21T20:28:42.676+0000] {logging_mixin.py:117} INFO - [2022-09-21T20:28:42.676+0000] {dag.py:3328} INFO - Setting next_dagrun for dataset_produces_2 to None, run_after=None
[2022-09-21T20:28:42.702+0000] {processor.py:178} INFO - Processing /home/airflow/.local/lib/python3.7/site-packages/airflow/example_dags/example_datasets.py took 0.147 seconds
[2022-09-21T20:29:12.987+0000] {processor.py:156} INFO - Started process (PID=1098) to work on /home/airflow/.local/lib/python3.7/site-packages/airflow/example_dags/example_datasets.py
[2022-09-21T20:29:12.987+0000] {processor.py:758} INFO - Processing file /home/airflow/.local/lib/python3.7/site-packages/airflow/example_dags/example_datasets.py for tasks to queue
[2022-09-21T20:29:12.988+0000] {logging_mixin.py:117} INFO - [2022-09-21T20:29:12.988+0000] {dagbag.py:525} INFO - Filling up the DagBag from /home/airflow/.local/lib/python3.7/site-packages/airflow/example_dags/example_datasets.py
[2022-09-21T20:29:13.003+0000] {processor.py:768} INFO - DAG(s) dict_keys(['dataset_consumes_1_never_scheduled', 'dataset_produces_2', 'dataset_consumes_1', 'dataset_consumes_1_and_2', 'dataset_produces_1', 'dataset_consumes_unknown_never_scheduled']) retrieved from /home/airflow/.local/lib/python3.7/site-packages/airflow/example_dags/example_datasets.py
[2022-09-21T20:29:13.053+0000] {logging_mixin.py:117} INFO - [2022-09-21T20:29:13.053+0000] {dag.py:2573} INFO - Sync 6 DAGs
[2022-09-21T20:29:13.079+0000] {logging_mixin.py:117} INFO - [2022-09-21T20:29:13.078+0000] {dag.py:3328} INFO - Setting next_dagrun for dataset_consumes_1 to None, run_after=None
[2022-09-21T20:29:13.082+0000] {logging_mixin.py:117} INFO - [2022-09-21T20:29:13.082+0000] {dag.py:3328} INFO - Setting next_dagrun for dataset_consumes_1_and_2 to None, run_after=None
[2022-09-21T20:29:13.084+0000] {logging_mixin.py:117} INFO - [2022-09-21T20:29:13.084+0000] {dag.py:3328} INFO - Setting next_dagrun for dataset_consumes_1_never_scheduled to None, run_after=None
[2022-09-21T20:29:13.086+0000] {logging_mixin.py:117} INFO - [2022-09-21T20:29:13.086+0000] {dag.py:3328} INFO - Setting next_dagrun for dataset_consumes_unknown_never_scheduled to None, run_after=None
[2022-09-21T20:29:13.089+0000] {logging_mixin.py:117} INFO - [2022-09-21T20:29:13.089+0000] {dag.py:3328} INFO - Setting next_dagrun for dataset_produces_1 to 2022-09-20T00:00:00+00:00, run_after=2022-09-21T00:00:00+00:00
[2022-09-21T20:29:13.092+0000] {logging_mixin.py:117} INFO - [2022-09-21T20:29:13.091+0000] {dag.py:3328} INFO - Setting next_dagrun for dataset_produces_2 to None, run_after=None
[2022-09-21T20:29:13.126+0000] {processor.py:178} INFO - Processing /home/airflow/.local/lib/python3.7/site-packages/airflow/example_dags/example_datasets.py took 0.142 seconds
[2022-09-21T20:29:43.540+0000] {processor.py:156} INFO - Started process (PID=1162) to work on /home/airflow/.local/lib/python3.7/site-packages/airflow/example_dags/example_datasets.py
[2022-09-21T20:29:43.544+0000] {processor.py:758} INFO - Processing file /home/airflow/.local/lib/python3.7/site-packages/airflow/example_dags/example_datasets.py for tasks to queue
[2022-09-21T20:29:43.545+0000] {logging_mixin.py:117} INFO - [2022-09-21T20:29:43.545+0000] {dagbag.py:525} INFO - Filling up the DagBag from /home/airflow/.local/lib/python3.7/site-packages/airflow/example_dags/example_datasets.py
[2022-09-21T20:29:43.572+0000] {processor.py:768} INFO - DAG(s) dict_keys(['dataset_consumes_1', 'dataset_produces_2', 'dataset_consumes_1_never_scheduled', 'dataset_consumes_unknown_never_scheduled', 'dataset_produces_1', 'dataset_consumes_1_and_2']) retrieved from /home/airflow/.local/lib/python3.7/site-packages/airflow/example_dags/example_datasets.py
[2022-09-21T20:29:43.671+0000] {logging_mixin.py:117} INFO - [2022-09-21T20:29:43.670+0000] {dag.py:2573} INFO - Sync 6 DAGs
[2022-09-21T20:29:43.727+0000] {logging_mixin.py:117} INFO - [2022-09-21T20:29:43.727+0000] {dag.py:3328} INFO - Setting next_dagrun for dataset_consumes_1 to None, run_after=None
[2022-09-21T20:29:43.735+0000] {logging_mixin.py:117} INFO - [2022-09-21T20:29:43.735+0000] {dag.py:3328} INFO - Setting next_dagrun for dataset_consumes_1_and_2 to None, run_after=None
[2022-09-21T20:29:43.737+0000] {logging_mixin.py:117} INFO - [2022-09-21T20:29:43.737+0000] {dag.py:3328} INFO - Setting next_dagrun for dataset_consumes_1_never_scheduled to None, run_after=None
[2022-09-21T20:29:43.739+0000] {logging_mixin.py:117} INFO - [2022-09-21T20:29:43.739+0000] {dag.py:3328} INFO - Setting next_dagrun for dataset_consumes_unknown_never_scheduled to None, run_after=None
[2022-09-21T20:29:43.745+0000] {logging_mixin.py:117} INFO - [2022-09-21T20:29:43.744+0000] {dag.py:3328} INFO - Setting next_dagrun for dataset_produces_1 to 2022-09-20T00:00:00+00:00, run_after=2022-09-21T00:00:00+00:00
[2022-09-21T20:29:43.747+0000] {logging_mixin.py:117} INFO - [2022-09-21T20:29:43.747+0000] {dag.py:3328} INFO - Setting next_dagrun for dataset_produces_2 to None, run_after=None
[2022-09-21T20:29:43.805+0000] {processor.py:178} INFO - Processing /home/airflow/.local/lib/python3.7/site-packages/airflow/example_dags/example_datasets.py took 0.271 seconds
[2022-09-21T20:30:14.142+0000] {processor.py:156} INFO - Started process (PID=1218) to work on /home/airflow/.local/lib/python3.7/site-packages/airflow/example_dags/example_datasets.py
[2022-09-21T20:30:14.155+0000] {processor.py:758} INFO - Processing file /home/airflow/.local/lib/python3.7/site-packages/airflow/example_dags/example_datasets.py for tasks to queue
[2022-09-21T20:30:14.159+0000] {logging_mixin.py:117} INFO - [2022-09-21T20:30:14.158+0000] {dagbag.py:525} INFO - Filling up the DagBag from /home/airflow/.local/lib/python3.7/site-packages/airflow/example_dags/example_datasets.py
[2022-09-21T20:30:14.343+0000] {processor.py:768} INFO - DAG(s) dict_keys(['dataset_consumes_1_and_2', 'dataset_consumes_unknown_never_scheduled', 'dataset_produces_2', 'dataset_produces_1', 'dataset_consumes_1', 'dataset_consumes_1_never_scheduled']) retrieved from /home/airflow/.local/lib/python3.7/site-packages/airflow/example_dags/example_datasets.py
[2022-09-21T20:30:14.715+0000] {logging_mixin.py:117} INFO - [2022-09-21T20:30:14.715+0000] {dag.py:2573} INFO - Sync 6 DAGs
[2022-09-21T20:30:14.885+0000] {logging_mixin.py:117} INFO - [2022-09-21T20:30:14.885+0000] {dag.py:3328} INFO - Setting next_dagrun for dataset_consumes_1 to None, run_after=None
[2022-09-21T20:30:14.903+0000] {logging_mixin.py:117} INFO - [2022-09-21T20:30:14.902+0000] {dag.py:3328} INFO - Setting next_dagrun for dataset_consumes_1_and_2 to None, run_after=None
[2022-09-21T20:30:14.913+0000] {logging_mixin.py:117} INFO - [2022-09-21T20:30:14.913+0000] {dag.py:3328} INFO - Setting next_dagrun for dataset_consumes_1_never_scheduled to None, run_after=None
[2022-09-21T20:30:14.922+0000] {logging_mixin.py:117} INFO - [2022-09-21T20:30:14.921+0000] {dag.py:3328} INFO - Setting next_dagrun for dataset_consumes_unknown_never_scheduled to None, run_after=None
[2022-09-21T20:30:14.933+0000] {logging_mixin.py:117} INFO - [2022-09-21T20:30:14.933+0000] {dag.py:3328} INFO - Setting next_dagrun for dataset_produces_1 to 2022-09-20T00:00:00+00:00, run_after=2022-09-21T00:00:00+00:00
[2022-09-21T20:30:14.940+0000] {logging_mixin.py:117} INFO - [2022-09-21T20:30:14.939+0000] {dag.py:3328} INFO - Setting next_dagrun for dataset_produces_2 to None, run_after=None
[2022-09-21T20:30:15.401+0000] {processor.py:178} INFO - Processing /home/airflow/.local/lib/python3.7/site-packages/airflow/example_dags/example_datasets.py took 1.301 seconds
[2022-09-21T20:30:45.928+0000] {processor.py:156} INFO - Started process (PID=1275) to work on /home/airflow/.local/lib/python3.7/site-packages/airflow/example_dags/example_datasets.py
[2022-09-21T20:30:45.930+0000] {processor.py:758} INFO - Processing file /home/airflow/.local/lib/python3.7/site-packages/airflow/example_dags/example_datasets.py for tasks to queue
[2022-09-21T20:30:45.932+0000] {logging_mixin.py:117} INFO - [2022-09-21T20:30:45.932+0000] {dagbag.py:525} INFO - Filling up the DagBag from /home/airflow/.local/lib/python3.7/site-packages/airflow/example_dags/example_datasets.py
[2022-09-21T20:30:45.979+0000] {processor.py:768} INFO - DAG(s) dict_keys(['dataset_consumes_1', 'dataset_produces_1', 'dataset_consumes_unknown_never_scheduled', 'dataset_produces_2', 'dataset_consumes_1_and_2', 'dataset_consumes_1_never_scheduled']) retrieved from /home/airflow/.local/lib/python3.7/site-packages/airflow/example_dags/example_datasets.py
[2022-09-21T20:30:46.129+0000] {logging_mixin.py:117} INFO - [2022-09-21T20:30:46.129+0000] {dag.py:2573} INFO - Sync 6 DAGs
[2022-09-21T20:30:46.208+0000] {logging_mixin.py:117} INFO - [2022-09-21T20:30:46.207+0000] {dag.py:3328} INFO - Setting next_dagrun for dataset_consumes_1 to None, run_after=None
[2022-09-21T20:30:46.220+0000] {logging_mixin.py:117} INFO - [2022-09-21T20:30:46.219+0000] {dag.py:3328} INFO - Setting next_dagrun for dataset_consumes_1_and_2 to None, run_after=None
[2022-09-21T20:30:46.224+0000] {logging_mixin.py:117} INFO - [2022-09-21T20:30:46.224+0000] {dag.py:3328} INFO - Setting next_dagrun for dataset_consumes_1_never_scheduled to None, run_after=None
[2022-09-21T20:30:46.228+0000] {logging_mixin.py:117} INFO - [2022-09-21T20:30:46.227+0000] {dag.py:3328} INFO - Setting next_dagrun for dataset_consumes_unknown_never_scheduled to None, run_after=None
[2022-09-21T20:30:46.240+0000] {logging_mixin.py:117} INFO - [2022-09-21T20:30:46.239+0000] {dag.py:3328} INFO - Setting next_dagrun for dataset_produces_1 to 2022-09-20T00:00:00+00:00, run_after=2022-09-21T00:00:00+00:00
[2022-09-21T20:30:46.243+0000] {logging_mixin.py:117} INFO - [2022-09-21T20:30:46.243+0000] {dag.py:3328} INFO - Setting next_dagrun for dataset_produces_2 to None, run_after=None
[2022-09-21T20:30:46.339+0000] {processor.py:178} INFO - Processing /home/airflow/.local/lib/python3.7/site-packages/airflow/example_dags/example_datasets.py took 0.420 seconds
[2022-09-21T20:31:16.422+0000] {processor.py:156} INFO - Started process (PID=1338) to work on /home/airflow/.local/lib/python3.7/site-packages/airflow/example_dags/example_datasets.py
[2022-09-21T20:31:16.422+0000] {processor.py:758} INFO - Processing file /home/airflow/.local/lib/python3.7/site-packages/airflow/example_dags/example_datasets.py for tasks to queue
[2022-09-21T20:31:16.423+0000] {logging_mixin.py:117} INFO - [2022-09-21T20:31:16.423+0000] {dagbag.py:525} INFO - Filling up the DagBag from /home/airflow/.local/lib/python3.7/site-packages/airflow/example_dags/example_datasets.py
[2022-09-21T20:31:16.443+0000] {processor.py:768} INFO - DAG(s) dict_keys(['dataset_produces_1', 'dataset_consumes_1_never_scheduled', 'dataset_consumes_1_and_2', 'dataset_produces_2', 'dataset_consumes_unknown_never_scheduled', 'dataset_consumes_1']) retrieved from /home/airflow/.local/lib/python3.7/site-packages/airflow/example_dags/example_datasets.py
[2022-09-21T20:31:16.515+0000] {logging_mixin.py:117} INFO - [2022-09-21T20:31:16.515+0000] {dag.py:2573} INFO - Sync 6 DAGs
[2022-09-21T20:31:16.553+0000] {logging_mixin.py:117} INFO - [2022-09-21T20:31:16.552+0000] {dag.py:3328} INFO - Setting next_dagrun for dataset_consumes_1 to None, run_after=None
[2022-09-21T20:31:16.557+0000] {logging_mixin.py:117} INFO - [2022-09-21T20:31:16.557+0000] {dag.py:3328} INFO - Setting next_dagrun for dataset_consumes_1_and_2 to None, run_after=None
[2022-09-21T20:31:16.559+0000] {logging_mixin.py:117} INFO - [2022-09-21T20:31:16.559+0000] {dag.py:3328} INFO - Setting next_dagrun for dataset_consumes_1_never_scheduled to None, run_after=None
[2022-09-21T20:31:16.562+0000] {logging_mixin.py:117} INFO - [2022-09-21T20:31:16.561+0000] {dag.py:3328} INFO - Setting next_dagrun for dataset_consumes_unknown_never_scheduled to None, run_after=None
[2022-09-21T20:31:16.565+0000] {logging_mixin.py:117} INFO - [2022-09-21T20:31:16.565+0000] {dag.py:3328} INFO - Setting next_dagrun for dataset_produces_1 to 2022-09-20T00:00:00+00:00, run_after=2022-09-21T00:00:00+00:00
[2022-09-21T20:31:16.567+0000] {logging_mixin.py:117} INFO - [2022-09-21T20:31:16.567+0000] {dag.py:3328} INFO - Setting next_dagrun for dataset_produces_2 to None, run_after=None
[2022-09-21T20:31:16.604+0000] {processor.py:178} INFO - Processing /home/airflow/.local/lib/python3.7/site-packages/airflow/example_dags/example_datasets.py took 0.185 seconds
[2022-09-21T20:31:47.255+0000] {processor.py:156} INFO - Started process (PID=1394) to work on /home/airflow/.local/lib/python3.7/site-packages/airflow/example_dags/example_datasets.py
[2022-09-21T20:31:47.256+0000] {processor.py:758} INFO - Processing file /home/airflow/.local/lib/python3.7/site-packages/airflow/example_dags/example_datasets.py for tasks to queue
[2022-09-21T20:31:47.256+0000] {logging_mixin.py:117} INFO - [2022-09-21T20:31:47.256+0000] {dagbag.py:525} INFO - Filling up the DagBag from /home/airflow/.local/lib/python3.7/site-packages/airflow/example_dags/example_datasets.py
[2022-09-21T20:31:47.279+0000] {processor.py:768} INFO - DAG(s) dict_keys(['dataset_consumes_1_never_scheduled', 'dataset_consumes_1_and_2', 'dataset_consumes_unknown_never_scheduled', 'dataset_consumes_1', 'dataset_produces_1', 'dataset_produces_2']) retrieved from /home/airflow/.local/lib/python3.7/site-packages/airflow/example_dags/example_datasets.py
[2022-09-21T20:31:47.358+0000] {logging_mixin.py:117} INFO - [2022-09-21T20:31:47.358+0000] {dag.py:2573} INFO - Sync 6 DAGs
[2022-09-21T20:31:47.404+0000] {logging_mixin.py:117} INFO - [2022-09-21T20:31:47.404+0000] {dag.py:3328} INFO - Setting next_dagrun for dataset_consumes_1 to None, run_after=None
[2022-09-21T20:31:47.413+0000] {logging_mixin.py:117} INFO - [2022-09-21T20:31:47.413+0000] {dag.py:3328} INFO - Setting next_dagrun for dataset_consumes_1_and_2 to None, run_after=None
[2022-09-21T20:31:47.415+0000] {logging_mixin.py:117} INFO - [2022-09-21T20:31:47.415+0000] {dag.py:3328} INFO - Setting next_dagrun for dataset_consumes_1_never_scheduled to None, run_after=None
[2022-09-21T20:31:47.417+0000] {logging_mixin.py:117} INFO - [2022-09-21T20:31:47.417+0000] {dag.py:3328} INFO - Setting next_dagrun for dataset_consumes_unknown_never_scheduled to None, run_after=None
[2022-09-21T20:31:47.421+0000] {logging_mixin.py:117} INFO - [2022-09-21T20:31:47.421+0000] {dag.py:3328} INFO - Setting next_dagrun for dataset_produces_1 to 2022-09-20T00:00:00+00:00, run_after=2022-09-21T00:00:00+00:00
[2022-09-21T20:31:47.423+0000] {logging_mixin.py:117} INFO - [2022-09-21T20:31:47.423+0000] {dag.py:3328} INFO - Setting next_dagrun for dataset_produces_2 to None, run_after=None
[2022-09-21T20:31:47.470+0000] {processor.py:178} INFO - Processing /home/airflow/.local/lib/python3.7/site-packages/airflow/example_dags/example_datasets.py took 0.218 seconds
[2022-09-21T20:32:18.020+0000] {processor.py:156} INFO - Started process (PID=1458) to work on /home/airflow/.local/lib/python3.7/site-packages/airflow/example_dags/example_datasets.py
[2022-09-21T20:32:18.021+0000] {processor.py:758} INFO - Processing file /home/airflow/.local/lib/python3.7/site-packages/airflow/example_dags/example_datasets.py for tasks to queue
[2022-09-21T20:32:18.022+0000] {logging_mixin.py:117} INFO - [2022-09-21T20:32:18.022+0000] {dagbag.py:525} INFO - Filling up the DagBag from /home/airflow/.local/lib/python3.7/site-packages/airflow/example_dags/example_datasets.py
[2022-09-21T20:32:18.039+0000] {processor.py:768} INFO - DAG(s) dict_keys(['dataset_produces_2', 'dataset_consumes_1_and_2', 'dataset_produces_1', 'dataset_consumes_1', 'dataset_consumes_unknown_never_scheduled', 'dataset_consumes_1_never_scheduled']) retrieved from /home/airflow/.local/lib/python3.7/site-packages/airflow/example_dags/example_datasets.py
[2022-09-21T20:32:18.105+0000] {logging_mixin.py:117} INFO - [2022-09-21T20:32:18.105+0000] {dag.py:2573} INFO - Sync 6 DAGs
[2022-09-21T20:32:18.142+0000] {logging_mixin.py:117} INFO - [2022-09-21T20:32:18.141+0000] {dag.py:3328} INFO - Setting next_dagrun for dataset_consumes_1 to None, run_after=None
[2022-09-21T20:32:18.145+0000] {logging_mixin.py:117} INFO - [2022-09-21T20:32:18.145+0000] {dag.py:3328} INFO - Setting next_dagrun for dataset_consumes_1_and_2 to None, run_after=None
[2022-09-21T20:32:18.146+0000] {logging_mixin.py:117} INFO - [2022-09-21T20:32:18.146+0000] {dag.py:3328} INFO - Setting next_dagrun for dataset_consumes_1_never_scheduled to None, run_after=None
[2022-09-21T20:32:18.147+0000] {logging_mixin.py:117} INFO - [2022-09-21T20:32:18.147+0000] {dag.py:3328} INFO - Setting next_dagrun for dataset_consumes_unknown_never_scheduled to None, run_after=None
[2022-09-21T20:32:18.150+0000] {logging_mixin.py:117} INFO - [2022-09-21T20:32:18.150+0000] {dag.py:3328} INFO - Setting next_dagrun for dataset_produces_1 to 2022-09-20T00:00:00+00:00, run_after=2022-09-21T00:00:00+00:00
[2022-09-21T20:32:18.151+0000] {logging_mixin.py:117} INFO - [2022-09-21T20:32:18.151+0000] {dag.py:3328} INFO - Setting next_dagrun for dataset_produces_2 to None, run_after=None
[2022-09-21T20:32:18.182+0000] {processor.py:178} INFO - Processing /home/airflow/.local/lib/python3.7/site-packages/airflow/example_dags/example_datasets.py took 0.166 seconds
[2022-09-21T20:32:48.212+0000] {processor.py:156} INFO - Started process (PID=1514) to work on /home/airflow/.local/lib/python3.7/site-packages/airflow/example_dags/example_datasets.py
[2022-09-21T20:32:48.215+0000] {processor.py:758} INFO - Processing file /home/airflow/.local/lib/python3.7/site-packages/airflow/example_dags/example_datasets.py for tasks to queue
[2022-09-21T20:32:48.216+0000] {logging_mixin.py:117} INFO - [2022-09-21T20:32:48.215+0000] {dagbag.py:525} INFO - Filling up the DagBag from /home/airflow/.local/lib/python3.7/site-packages/airflow/example_dags/example_datasets.py
[2022-09-21T20:32:48.230+0000] {processor.py:768} INFO - DAG(s) dict_keys(['dataset_consumes_1_never_scheduled', 'dataset_consumes_1_and_2', 'dataset_consumes_1', 'dataset_produces_1', 'dataset_produces_2', 'dataset_consumes_unknown_never_scheduled']) retrieved from /home/airflow/.local/lib/python3.7/site-packages/airflow/example_dags/example_datasets.py
[2022-09-21T20:32:48.276+0000] {logging_mixin.py:117} INFO - [2022-09-21T20:32:48.276+0000] {dag.py:2573} INFO - Sync 6 DAGs
[2022-09-21T20:32:48.297+0000] {logging_mixin.py:117} INFO - [2022-09-21T20:32:48.297+0000] {dag.py:3328} INFO - Setting next_dagrun for dataset_consumes_1 to None, run_after=None
[2022-09-21T20:32:48.299+0000] {logging_mixin.py:117} INFO - [2022-09-21T20:32:48.299+0000] {dag.py:3328} INFO - Setting next_dagrun for dataset_consumes_1_and_2 to None, run_after=None
[2022-09-21T20:32:48.300+0000] {logging_mixin.py:117} INFO - [2022-09-21T20:32:48.300+0000] {dag.py:3328} INFO - Setting next_dagrun for dataset_consumes_1_never_scheduled to None, run_after=None
[2022-09-21T20:32:48.301+0000] {logging_mixin.py:117} INFO - [2022-09-21T20:32:48.301+0000] {dag.py:3328} INFO - Setting next_dagrun for dataset_consumes_unknown_never_scheduled to None, run_after=None
[2022-09-21T20:32:48.303+0000] {logging_mixin.py:117} INFO - [2022-09-21T20:32:48.303+0000] {dag.py:3328} INFO - Setting next_dagrun for dataset_produces_1 to 2022-09-20T00:00:00+00:00, run_after=2022-09-21T00:00:00+00:00
[2022-09-21T20:32:48.304+0000] {logging_mixin.py:117} INFO - [2022-09-21T20:32:48.304+0000] {dag.py:3328} INFO - Setting next_dagrun for dataset_produces_2 to None, run_after=None
[2022-09-21T20:32:48.326+0000] {processor.py:178} INFO - Processing /home/airflow/.local/lib/python3.7/site-packages/airflow/example_dags/example_datasets.py took 0.117 seconds
[2022-09-21T20:33:19.354+0000] {processor.py:156} INFO - Started process (PID=1575) to work on /home/airflow/.local/lib/python3.7/site-packages/airflow/example_dags/example_datasets.py
[2022-09-21T20:33:19.358+0000] {processor.py:758} INFO - Processing file /home/airflow/.local/lib/python3.7/site-packages/airflow/example_dags/example_datasets.py for tasks to queue
[2022-09-21T20:33:19.360+0000] {logging_mixin.py:117} INFO - [2022-09-21T20:33:19.360+0000] {dagbag.py:525} INFO - Filling up the DagBag from /home/airflow/.local/lib/python3.7/site-packages/airflow/example_dags/example_datasets.py
[2022-09-21T20:33:19.443+0000] {processor.py:768} INFO - DAG(s) dict_keys(['dataset_consumes_1_and_2', 'dataset_consumes_unknown_never_scheduled', 'dataset_produces_2', 'dataset_produces_1', 'dataset_consumes_1_never_scheduled', 'dataset_consumes_1']) retrieved from /home/airflow/.local/lib/python3.7/site-packages/airflow/example_dags/example_datasets.py
[2022-09-21T20:33:19.975+0000] {logging_mixin.py:117} INFO - [2022-09-21T20:33:19.975+0000] {dag.py:2573} INFO - Sync 6 DAGs
[2022-09-21T20:33:20.608+0000] {logging_mixin.py:117} INFO - [2022-09-21T20:33:20.608+0000] {dag.py:3328} INFO - Setting next_dagrun for dataset_consumes_1 to None, run_after=None
[2022-09-21T20:33:20.663+0000] {logging_mixin.py:117} INFO - [2022-09-21T20:33:20.662+0000] {dag.py:3328} INFO - Setting next_dagrun for dataset_consumes_1_and_2 to None, run_after=None
[2022-09-21T20:33:20.667+0000] {logging_mixin.py:117} INFO - [2022-09-21T20:33:20.666+0000] {dag.py:3328} INFO - Setting next_dagrun for dataset_consumes_1_never_scheduled to None, run_after=None
[2022-09-21T20:33:20.695+0000] {logging_mixin.py:117} INFO - [2022-09-21T20:33:20.694+0000] {dag.py:3328} INFO - Setting next_dagrun for dataset_consumes_unknown_never_scheduled to None, run_after=None
[2022-09-21T20:33:20.783+0000] {logging_mixin.py:117} INFO - [2022-09-21T20:33:20.782+0000] {dag.py:3328} INFO - Setting next_dagrun for dataset_produces_1 to 2022-09-20T00:00:00+00:00, run_after=2022-09-21T00:00:00+00:00
[2022-09-21T20:33:20.791+0000] {logging_mixin.py:117} INFO - [2022-09-21T20:33:20.791+0000] {dag.py:3328} INFO - Setting next_dagrun for dataset_produces_2 to None, run_after=None
[2022-09-21T20:33:21.208+0000] {processor.py:178} INFO - Processing /home/airflow/.local/lib/python3.7/site-packages/airflow/example_dags/example_datasets.py took 1.865 seconds
[2022-09-21T20:33:51.670+0000] {processor.py:156} INFO - Started process (PID=1630) to work on /home/airflow/.local/lib/python3.7/site-packages/airflow/example_dags/example_datasets.py
[2022-09-21T20:33:51.672+0000] {processor.py:758} INFO - Processing file /home/airflow/.local/lib/python3.7/site-packages/airflow/example_dags/example_datasets.py for tasks to queue
[2022-09-21T20:33:51.673+0000] {logging_mixin.py:117} INFO - [2022-09-21T20:33:51.672+0000] {dagbag.py:525} INFO - Filling up the DagBag from /home/airflow/.local/lib/python3.7/site-packages/airflow/example_dags/example_datasets.py
[2022-09-21T20:33:51.703+0000] {processor.py:768} INFO - DAG(s) dict_keys(['dataset_consumes_1', 'dataset_consumes_unknown_never_scheduled', 'dataset_produces_2', 'dataset_consumes_1_and_2', 'dataset_consumes_1_never_scheduled', 'dataset_produces_1']) retrieved from /home/airflow/.local/lib/python3.7/site-packages/airflow/example_dags/example_datasets.py
[2022-09-21T20:33:51.799+0000] {logging_mixin.py:117} INFO - [2022-09-21T20:33:51.798+0000] {dag.py:2573} INFO - Sync 6 DAGs
[2022-09-21T20:33:51.860+0000] {logging_mixin.py:117} INFO - [2022-09-21T20:33:51.859+0000] {dag.py:3328} INFO - Setting next_dagrun for dataset_consumes_1 to None, run_after=None
[2022-09-21T20:33:51.872+0000] {logging_mixin.py:117} INFO - [2022-09-21T20:33:51.872+0000] {dag.py:3328} INFO - Setting next_dagrun for dataset_consumes_1_and_2 to None, run_after=None
[2022-09-21T20:33:51.874+0000] {logging_mixin.py:117} INFO - [2022-09-21T20:33:51.874+0000] {dag.py:3328} INFO - Setting next_dagrun for dataset_consumes_1_never_scheduled to None, run_after=None
[2022-09-21T20:33:51.877+0000] {logging_mixin.py:117} INFO - [2022-09-21T20:33:51.876+0000] {dag.py:3328} INFO - Setting next_dagrun for dataset_consumes_unknown_never_scheduled to None, run_after=None
[2022-09-21T20:33:51.882+0000] {logging_mixin.py:117} INFO - [2022-09-21T20:33:51.881+0000] {dag.py:3328} INFO - Setting next_dagrun for dataset_produces_1 to 2022-09-20T00:00:00+00:00, run_after=2022-09-21T00:00:00+00:00
[2022-09-21T20:33:51.884+0000] {logging_mixin.py:117} INFO - [2022-09-21T20:33:51.884+0000] {dag.py:3328} INFO - Setting next_dagrun for dataset_produces_2 to None, run_after=None
[2022-09-21T20:33:51.950+0000] {processor.py:178} INFO - Processing /home/airflow/.local/lib/python3.7/site-packages/airflow/example_dags/example_datasets.py took 0.284 seconds
[2022-09-21T20:34:22.769+0000] {processor.py:156} INFO - Started process (PID=1684) to work on /home/airflow/.local/lib/python3.7/site-packages/airflow/example_dags/example_datasets.py
[2022-09-21T20:34:22.770+0000] {processor.py:758} INFO - Processing file /home/airflow/.local/lib/python3.7/site-packages/airflow/example_dags/example_datasets.py for tasks to queue
[2022-09-21T20:34:22.771+0000] {logging_mixin.py:117} INFO - [2022-09-21T20:34:22.771+0000] {dagbag.py:525} INFO - Filling up the DagBag from /home/airflow/.local/lib/python3.7/site-packages/airflow/example_dags/example_datasets.py
[2022-09-21T20:34:22.801+0000] {processor.py:768} INFO - DAG(s) dict_keys(['dataset_produces_1', 'dataset_consumes_1_and_2', 'dataset_produces_2', 'dataset_consumes_1', 'dataset_consumes_1_never_scheduled', 'dataset_consumes_unknown_never_scheduled']) retrieved from /home/airflow/.local/lib/python3.7/site-packages/airflow/example_dags/example_datasets.py
[2022-09-21T20:34:22.894+0000] {logging_mixin.py:117} INFO - [2022-09-21T20:34:22.894+0000] {dag.py:2573} INFO - Sync 6 DAGs
[2022-09-21T20:34:22.942+0000] {logging_mixin.py:117} INFO - [2022-09-21T20:34:22.942+0000] {dag.py:3328} INFO - Setting next_dagrun for dataset_consumes_1 to None, run_after=None
[2022-09-21T20:34:22.951+0000] {logging_mixin.py:117} INFO - [2022-09-21T20:34:22.951+0000] {dag.py:3328} INFO - Setting next_dagrun for dataset_consumes_1_and_2 to None, run_after=None
[2022-09-21T20:34:22.954+0000] {logging_mixin.py:117} INFO - [2022-09-21T20:34:22.954+0000] {dag.py:3328} INFO - Setting next_dagrun for dataset_consumes_1_never_scheduled to None, run_after=None
[2022-09-21T20:34:22.956+0000] {logging_mixin.py:117} INFO - [2022-09-21T20:34:22.956+0000] {dag.py:3328} INFO - Setting next_dagrun for dataset_consumes_unknown_never_scheduled to None, run_after=None
[2022-09-21T20:34:22.963+0000] {logging_mixin.py:117} INFO - [2022-09-21T20:34:22.962+0000] {dag.py:3328} INFO - Setting next_dagrun for dataset_produces_1 to 2022-09-20T00:00:00+00:00, run_after=2022-09-21T00:00:00+00:00
[2022-09-21T20:34:22.965+0000] {logging_mixin.py:117} INFO - [2022-09-21T20:34:22.965+0000] {dag.py:3328} INFO - Setting next_dagrun for dataset_produces_2 to None, run_after=None
[2022-09-21T20:34:23.015+0000] {processor.py:178} INFO - Processing /home/airflow/.local/lib/python3.7/site-packages/airflow/example_dags/example_datasets.py took 0.251 seconds
[2022-09-21T20:34:53.050+0000] {processor.py:156} INFO - Started process (PID=1748) to work on /home/airflow/.local/lib/python3.7/site-packages/airflow/example_dags/example_datasets.py
[2022-09-21T20:34:53.054+0000] {processor.py:758} INFO - Processing file /home/airflow/.local/lib/python3.7/site-packages/airflow/example_dags/example_datasets.py for tasks to queue
[2022-09-21T20:34:53.054+0000] {logging_mixin.py:117} INFO - [2022-09-21T20:34:53.054+0000] {dagbag.py:525} INFO - Filling up the DagBag from /home/airflow/.local/lib/python3.7/site-packages/airflow/example_dags/example_datasets.py
[2022-09-21T20:34:53.071+0000] {processor.py:768} INFO - DAG(s) dict_keys(['dataset_consumes_1', 'dataset_consumes_1_and_2', 'dataset_produces_1', 'dataset_consumes_unknown_never_scheduled', 'dataset_produces_2', 'dataset_consumes_1_never_scheduled']) retrieved from /home/airflow/.local/lib/python3.7/site-packages/airflow/example_dags/example_datasets.py
[2022-09-21T20:34:53.123+0000] {logging_mixin.py:117} INFO - [2022-09-21T20:34:53.123+0000] {dag.py:2573} INFO - Sync 6 DAGs
[2022-09-21T20:34:53.157+0000] {logging_mixin.py:117} INFO - [2022-09-21T20:34:53.157+0000] {dag.py:3328} INFO - Setting next_dagrun for dataset_consumes_1 to None, run_after=None
[2022-09-21T20:34:53.161+0000] {logging_mixin.py:117} INFO - [2022-09-21T20:34:53.160+0000] {dag.py:3328} INFO - Setting next_dagrun for dataset_consumes_1_and_2 to None, run_after=None
[2022-09-21T20:34:53.162+0000] {logging_mixin.py:117} INFO - [2022-09-21T20:34:53.162+0000] {dag.py:3328} INFO - Setting next_dagrun for dataset_consumes_1_never_scheduled to None, run_after=None
[2022-09-21T20:34:53.163+0000] {logging_mixin.py:117} INFO - [2022-09-21T20:34:53.162+0000] {dag.py:3328} INFO - Setting next_dagrun for dataset_consumes_unknown_never_scheduled to None, run_after=None
[2022-09-21T20:34:53.165+0000] {logging_mixin.py:117} INFO - [2022-09-21T20:34:53.165+0000] {dag.py:3328} INFO - Setting next_dagrun for dataset_produces_1 to 2022-09-20T00:00:00+00:00, run_after=2022-09-21T00:00:00+00:00
[2022-09-21T20:34:53.166+0000] {logging_mixin.py:117} INFO - [2022-09-21T20:34:53.166+0000] {dag.py:3328} INFO - Setting next_dagrun for dataset_produces_2 to None, run_after=None
[2022-09-21T20:34:53.191+0000] {processor.py:178} INFO - Processing /home/airflow/.local/lib/python3.7/site-packages/airflow/example_dags/example_datasets.py took 0.143 seconds
[2022-09-21T20:35:23.406+0000] {processor.py:156} INFO - Started process (PID=1804) to work on /home/airflow/.local/lib/python3.7/site-packages/airflow/example_dags/example_datasets.py
[2022-09-21T20:35:23.406+0000] {processor.py:758} INFO - Processing file /home/airflow/.local/lib/python3.7/site-packages/airflow/example_dags/example_datasets.py for tasks to queue
[2022-09-21T20:35:23.407+0000] {logging_mixin.py:117} INFO - [2022-09-21T20:35:23.407+0000] {dagbag.py:525} INFO - Filling up the DagBag from /home/airflow/.local/lib/python3.7/site-packages/airflow/example_dags/example_datasets.py
[2022-09-21T20:35:23.425+0000] {processor.py:768} INFO - DAG(s) dict_keys(['dataset_consumes_unknown_never_scheduled', 'dataset_produces_2', 'dataset_consumes_1_never_scheduled', 'dataset_produces_1', 'dataset_consumes_1_and_2', 'dataset_consumes_1']) retrieved from /home/airflow/.local/lib/python3.7/site-packages/airflow/example_dags/example_datasets.py
[2022-09-21T20:35:23.483+0000] {logging_mixin.py:117} INFO - [2022-09-21T20:35:23.483+0000] {dag.py:2573} INFO - Sync 6 DAGs
[2022-09-21T20:35:23.511+0000] {logging_mixin.py:117} INFO - [2022-09-21T20:35:23.511+0000] {dag.py:3328} INFO - Setting next_dagrun for dataset_consumes_1 to None, run_after=None
[2022-09-21T20:35:23.514+0000] {logging_mixin.py:117} INFO - [2022-09-21T20:35:23.514+0000] {dag.py:3328} INFO - Setting next_dagrun for dataset_consumes_1_and_2 to None, run_after=None
[2022-09-21T20:35:23.516+0000] {logging_mixin.py:117} INFO - [2022-09-21T20:35:23.516+0000] {dag.py:3328} INFO - Setting next_dagrun for dataset_consumes_1_never_scheduled to None, run_after=None
[2022-09-21T20:35:23.517+0000] {logging_mixin.py:117} INFO - [2022-09-21T20:35:23.517+0000] {dag.py:3328} INFO - Setting next_dagrun for dataset_consumes_unknown_never_scheduled to None, run_after=None
[2022-09-21T20:35:23.520+0000] {logging_mixin.py:117} INFO - [2022-09-21T20:35:23.519+0000] {dag.py:3328} INFO - Setting next_dagrun for dataset_produces_1 to 2022-09-20T00:00:00+00:00, run_after=2022-09-21T00:00:00+00:00
[2022-09-21T20:35:23.521+0000] {logging_mixin.py:117} INFO - [2022-09-21T20:35:23.521+0000] {dag.py:3328} INFO - Setting next_dagrun for dataset_produces_2 to None, run_after=None
[2022-09-21T20:35:23.552+0000] {processor.py:178} INFO - Processing /home/airflow/.local/lib/python3.7/site-packages/airflow/example_dags/example_datasets.py took 0.149 seconds
