[2022-09-21T20:17:31.809+0000] {processor.py:156} INFO - Started process (PID=80) to work on /home/airflow/.local/lib/python3.7/site-packages/airflow/example_dags/example_branch_operator.py
[2022-09-21T20:17:31.812+0000] {processor.py:758} INFO - Processing file /home/airflow/.local/lib/python3.7/site-packages/airflow/example_dags/example_branch_operator.py for tasks to queue
[2022-09-21T20:17:31.818+0000] {logging_mixin.py:117} INFO - [2022-09-21T20:17:31.818+0000] {dagbag.py:525} INFO - Filling up the DagBag from /home/airflow/.local/lib/python3.7/site-packages/airflow/example_dags/example_branch_operator.py
[2022-09-21T20:17:32.008+0000] {processor.py:768} INFO - DAG(s) dict_keys(['example_branch_operator']) retrieved from /home/airflow/.local/lib/python3.7/site-packages/airflow/example_dags/example_branch_operator.py
[2022-09-21T20:17:32.715+0000] {logging_mixin.py:117} INFO - [2022-09-21T20:17:32.714+0000] {dag.py:2573} INFO - Sync 1 DAGs
[2022-09-21T20:17:32.924+0000] {logging_mixin.py:117} INFO - [2022-09-21T20:17:32.923+0000] {dag.py:3328} INFO - Setting next_dagrun for example_branch_operator to 2022-09-20T00:00:00+00:00, run_after=2022-09-21T00:00:00+00:00
[2022-09-21T20:17:33.392+0000] {processor.py:178} INFO - Processing /home/airflow/.local/lib/python3.7/site-packages/airflow/example_dags/example_branch_operator.py took 1.594 seconds
[2022-09-21T20:20:27.171+0000] {processor.py:156} INFO - Started process (PID=69) to work on /home/airflow/.local/lib/python3.7/site-packages/airflow/example_dags/example_branch_operator.py
[2022-09-21T20:20:27.181+0000] {processor.py:758} INFO - Processing file /home/airflow/.local/lib/python3.7/site-packages/airflow/example_dags/example_branch_operator.py for tasks to queue
[2022-09-21T20:20:27.182+0000] {logging_mixin.py:117} INFO - [2022-09-21T20:20:27.182+0000] {dagbag.py:525} INFO - Filling up the DagBag from /home/airflow/.local/lib/python3.7/site-packages/airflow/example_dags/example_branch_operator.py
[2022-09-21T20:20:27.212+0000] {processor.py:768} INFO - DAG(s) dict_keys(['example_branch_operator']) retrieved from /home/airflow/.local/lib/python3.7/site-packages/airflow/example_dags/example_branch_operator.py
[2022-09-21T20:20:27.546+0000] {logging_mixin.py:117} INFO - [2022-09-21T20:20:27.545+0000] {dag.py:2573} INFO - Sync 1 DAGs
[2022-09-21T20:20:27.615+0000] {logging_mixin.py:117} INFO - [2022-09-21T20:20:27.615+0000] {dag.py:3328} INFO - Setting next_dagrun for example_branch_operator to 2022-09-20T00:00:00+00:00, run_after=2022-09-21T00:00:00+00:00
[2022-09-21T20:20:27.648+0000] {processor.py:178} INFO - Processing /home/airflow/.local/lib/python3.7/site-packages/airflow/example_dags/example_branch_operator.py took 0.481 seconds
[2022-09-21T20:20:59.297+0000] {processor.py:156} INFO - Started process (PID=133) to work on /home/airflow/.local/lib/python3.7/site-packages/airflow/example_dags/example_branch_operator.py
[2022-09-21T20:20:59.304+0000] {processor.py:758} INFO - Processing file /home/airflow/.local/lib/python3.7/site-packages/airflow/example_dags/example_branch_operator.py for tasks to queue
[2022-09-21T20:20:59.305+0000] {logging_mixin.py:117} INFO - [2022-09-21T20:20:59.305+0000] {dagbag.py:525} INFO - Filling up the DagBag from /home/airflow/.local/lib/python3.7/site-packages/airflow/example_dags/example_branch_operator.py
[2022-09-21T20:20:59.359+0000] {processor.py:768} INFO - DAG(s) dict_keys(['example_branch_operator']) retrieved from /home/airflow/.local/lib/python3.7/site-packages/airflow/example_dags/example_branch_operator.py
[2022-09-21T20:20:59.657+0000] {logging_mixin.py:117} INFO - [2022-09-21T20:20:59.657+0000] {dag.py:2573} INFO - Sync 1 DAGs
[2022-09-21T20:20:59.812+0000] {logging_mixin.py:117} INFO - [2022-09-21T20:20:59.812+0000] {dag.py:3328} INFO - Setting next_dagrun for example_branch_operator to 2022-09-20T00:00:00+00:00, run_after=2022-09-21T00:00:00+00:00
[2022-09-21T20:20:59.931+0000] {processor.py:178} INFO - Processing /home/airflow/.local/lib/python3.7/site-packages/airflow/example_dags/example_branch_operator.py took 0.647 seconds
[2022-09-21T20:21:30.319+0000] {processor.py:156} INFO - Started process (PID=189) to work on /home/airflow/.local/lib/python3.7/site-packages/airflow/example_dags/example_branch_operator.py
[2022-09-21T20:21:30.320+0000] {processor.py:758} INFO - Processing file /home/airflow/.local/lib/python3.7/site-packages/airflow/example_dags/example_branch_operator.py for tasks to queue
[2022-09-21T20:21:30.321+0000] {logging_mixin.py:117} INFO - [2022-09-21T20:21:30.321+0000] {dagbag.py:525} INFO - Filling up the DagBag from /home/airflow/.local/lib/python3.7/site-packages/airflow/example_dags/example_branch_operator.py
[2022-09-21T20:21:30.573+0000] {processor.py:768} INFO - DAG(s) dict_keys(['example_branch_operator']) retrieved from /home/airflow/.local/lib/python3.7/site-packages/airflow/example_dags/example_branch_operator.py
[2022-09-21T20:21:30.647+0000] {logging_mixin.py:117} INFO - [2022-09-21T20:21:30.646+0000] {dag.py:2573} INFO - Sync 1 DAGs
[2022-09-21T20:21:30.713+0000] {logging_mixin.py:117} INFO - [2022-09-21T20:21:30.713+0000] {dag.py:3328} INFO - Setting next_dagrun for example_branch_operator to 2022-09-20T00:00:00+00:00, run_after=2022-09-21T00:00:00+00:00
[2022-09-21T20:21:30.755+0000] {processor.py:178} INFO - Processing /home/airflow/.local/lib/python3.7/site-packages/airflow/example_dags/example_branch_operator.py took 0.442 seconds
[2022-09-21T20:22:00.959+0000] {processor.py:156} INFO - Started process (PID=243) to work on /home/airflow/.local/lib/python3.7/site-packages/airflow/example_dags/example_branch_operator.py
[2022-09-21T20:22:00.960+0000] {processor.py:758} INFO - Processing file /home/airflow/.local/lib/python3.7/site-packages/airflow/example_dags/example_branch_operator.py for tasks to queue
[2022-09-21T20:22:00.961+0000] {logging_mixin.py:117} INFO - [2022-09-21T20:22:00.961+0000] {dagbag.py:525} INFO - Filling up the DagBag from /home/airflow/.local/lib/python3.7/site-packages/airflow/example_dags/example_branch_operator.py
[2022-09-21T20:22:00.986+0000] {processor.py:768} INFO - DAG(s) dict_keys(['example_branch_operator']) retrieved from /home/airflow/.local/lib/python3.7/site-packages/airflow/example_dags/example_branch_operator.py
[2022-09-21T20:22:01.024+0000] {logging_mixin.py:117} INFO - [2022-09-21T20:22:01.024+0000] {dag.py:2573} INFO - Sync 1 DAGs
[2022-09-21T20:22:01.059+0000] {logging_mixin.py:117} INFO - [2022-09-21T20:22:01.059+0000] {dag.py:3328} INFO - Setting next_dagrun for example_branch_operator to 2022-09-20T00:00:00+00:00, run_after=2022-09-21T00:00:00+00:00
[2022-09-21T20:22:01.083+0000] {processor.py:178} INFO - Processing /home/airflow/.local/lib/python3.7/site-packages/airflow/example_dags/example_branch_operator.py took 0.128 seconds
[2022-09-21T20:22:31.326+0000] {processor.py:156} INFO - Started process (PID=308) to work on /home/airflow/.local/lib/python3.7/site-packages/airflow/example_dags/example_branch_operator.py
[2022-09-21T20:22:31.327+0000] {processor.py:758} INFO - Processing file /home/airflow/.local/lib/python3.7/site-packages/airflow/example_dags/example_branch_operator.py for tasks to queue
[2022-09-21T20:22:31.328+0000] {logging_mixin.py:117} INFO - [2022-09-21T20:22:31.327+0000] {dagbag.py:525} INFO - Filling up the DagBag from /home/airflow/.local/lib/python3.7/site-packages/airflow/example_dags/example_branch_operator.py
[2022-09-21T20:22:31.355+0000] {processor.py:768} INFO - DAG(s) dict_keys(['example_branch_operator']) retrieved from /home/airflow/.local/lib/python3.7/site-packages/airflow/example_dags/example_branch_operator.py
[2022-09-21T20:22:31.409+0000] {logging_mixin.py:117} INFO - [2022-09-21T20:22:31.409+0000] {dag.py:2573} INFO - Sync 1 DAGs
[2022-09-21T20:22:31.453+0000] {logging_mixin.py:117} INFO - [2022-09-21T20:22:31.453+0000] {dag.py:3328} INFO - Setting next_dagrun for example_branch_operator to 2022-09-20T00:00:00+00:00, run_after=2022-09-21T00:00:00+00:00
[2022-09-21T20:22:31.480+0000] {processor.py:178} INFO - Processing /home/airflow/.local/lib/python3.7/site-packages/airflow/example_dags/example_branch_operator.py took 0.158 seconds
[2022-09-21T20:23:01.558+0000] {processor.py:156} INFO - Started process (PID=363) to work on /home/airflow/.local/lib/python3.7/site-packages/airflow/example_dags/example_branch_operator.py
[2022-09-21T20:23:01.559+0000] {processor.py:758} INFO - Processing file /home/airflow/.local/lib/python3.7/site-packages/airflow/example_dags/example_branch_operator.py for tasks to queue
[2022-09-21T20:23:01.559+0000] {logging_mixin.py:117} INFO - [2022-09-21T20:23:01.559+0000] {dagbag.py:525} INFO - Filling up the DagBag from /home/airflow/.local/lib/python3.7/site-packages/airflow/example_dags/example_branch_operator.py
[2022-09-21T20:23:01.577+0000] {processor.py:768} INFO - DAG(s) dict_keys(['example_branch_operator']) retrieved from /home/airflow/.local/lib/python3.7/site-packages/airflow/example_dags/example_branch_operator.py
[2022-09-21T20:23:01.603+0000] {logging_mixin.py:117} INFO - [2022-09-21T20:23:01.603+0000] {dag.py:2573} INFO - Sync 1 DAGs
[2022-09-21T20:23:01.634+0000] {logging_mixin.py:117} INFO - [2022-09-21T20:23:01.634+0000] {dag.py:3328} INFO - Setting next_dagrun for example_branch_operator to 2022-09-20T00:00:00+00:00, run_after=2022-09-21T00:00:00+00:00
[2022-09-21T20:23:01.655+0000] {processor.py:178} INFO - Processing /home/airflow/.local/lib/python3.7/site-packages/airflow/example_dags/example_branch_operator.py took 0.100 seconds
[2022-09-21T20:23:32.187+0000] {processor.py:156} INFO - Started process (PID=427) to work on /home/airflow/.local/lib/python3.7/site-packages/airflow/example_dags/example_branch_operator.py
[2022-09-21T20:23:32.188+0000] {processor.py:758} INFO - Processing file /home/airflow/.local/lib/python3.7/site-packages/airflow/example_dags/example_branch_operator.py for tasks to queue
[2022-09-21T20:23:32.188+0000] {logging_mixin.py:117} INFO - [2022-09-21T20:23:32.188+0000] {dagbag.py:525} INFO - Filling up the DagBag from /home/airflow/.local/lib/python3.7/site-packages/airflow/example_dags/example_branch_operator.py
[2022-09-21T20:23:32.206+0000] {processor.py:768} INFO - DAG(s) dict_keys(['example_branch_operator']) retrieved from /home/airflow/.local/lib/python3.7/site-packages/airflow/example_dags/example_branch_operator.py
[2022-09-21T20:23:32.245+0000] {logging_mixin.py:117} INFO - [2022-09-21T20:23:32.245+0000] {dag.py:2573} INFO - Sync 1 DAGs
[2022-09-21T20:23:32.281+0000] {logging_mixin.py:117} INFO - [2022-09-21T20:23:32.280+0000] {dag.py:3328} INFO - Setting next_dagrun for example_branch_operator to 2022-09-20T00:00:00+00:00, run_after=2022-09-21T00:00:00+00:00
[2022-09-21T20:23:32.302+0000] {processor.py:178} INFO - Processing /home/airflow/.local/lib/python3.7/site-packages/airflow/example_dags/example_branch_operator.py took 0.117 seconds
[2022-09-21T20:24:02.495+0000] {processor.py:156} INFO - Started process (PID=482) to work on /home/airflow/.local/lib/python3.7/site-packages/airflow/example_dags/example_branch_operator.py
[2022-09-21T20:24:02.496+0000] {processor.py:758} INFO - Processing file /home/airflow/.local/lib/python3.7/site-packages/airflow/example_dags/example_branch_operator.py for tasks to queue
[2022-09-21T20:24:02.496+0000] {logging_mixin.py:117} INFO - [2022-09-21T20:24:02.496+0000] {dagbag.py:525} INFO - Filling up the DagBag from /home/airflow/.local/lib/python3.7/site-packages/airflow/example_dags/example_branch_operator.py
[2022-09-21T20:24:02.513+0000] {processor.py:768} INFO - DAG(s) dict_keys(['example_branch_operator']) retrieved from /home/airflow/.local/lib/python3.7/site-packages/airflow/example_dags/example_branch_operator.py
[2022-09-21T20:24:02.564+0000] {logging_mixin.py:117} INFO - [2022-09-21T20:24:02.564+0000] {dag.py:2573} INFO - Sync 1 DAGs
[2022-09-21T20:24:02.600+0000] {logging_mixin.py:117} INFO - [2022-09-21T20:24:02.600+0000] {dag.py:3328} INFO - Setting next_dagrun for example_branch_operator to 2022-09-20T00:00:00+00:00, run_after=2022-09-21T00:00:00+00:00
[2022-09-21T20:24:02.625+0000] {processor.py:178} INFO - Processing /home/airflow/.local/lib/python3.7/site-packages/airflow/example_dags/example_branch_operator.py took 0.133 seconds
[2022-09-21T20:24:33.127+0000] {processor.py:156} INFO - Started process (PID=546) to work on /home/airflow/.local/lib/python3.7/site-packages/airflow/example_dags/example_branch_operator.py
[2022-09-21T20:24:33.128+0000] {processor.py:758} INFO - Processing file /home/airflow/.local/lib/python3.7/site-packages/airflow/example_dags/example_branch_operator.py for tasks to queue
[2022-09-21T20:24:33.128+0000] {logging_mixin.py:117} INFO - [2022-09-21T20:24:33.128+0000] {dagbag.py:525} INFO - Filling up the DagBag from /home/airflow/.local/lib/python3.7/site-packages/airflow/example_dags/example_branch_operator.py
[2022-09-21T20:24:33.149+0000] {processor.py:768} INFO - DAG(s) dict_keys(['example_branch_operator']) retrieved from /home/airflow/.local/lib/python3.7/site-packages/airflow/example_dags/example_branch_operator.py
[2022-09-21T20:24:33.195+0000] {logging_mixin.py:117} INFO - [2022-09-21T20:24:33.195+0000] {dag.py:2573} INFO - Sync 1 DAGs
[2022-09-21T20:24:33.228+0000] {logging_mixin.py:117} INFO - [2022-09-21T20:24:33.228+0000] {dag.py:3328} INFO - Setting next_dagrun for example_branch_operator to 2022-09-20T00:00:00+00:00, run_after=2022-09-21T00:00:00+00:00
[2022-09-21T20:24:33.253+0000] {processor.py:178} INFO - Processing /home/airflow/.local/lib/python3.7/site-packages/airflow/example_dags/example_branch_operator.py took 0.129 seconds
[2022-09-21T20:25:03.568+0000] {processor.py:156} INFO - Started process (PID=601) to work on /home/airflow/.local/lib/python3.7/site-packages/airflow/example_dags/example_branch_operator.py
[2022-09-21T20:25:03.574+0000] {processor.py:758} INFO - Processing file /home/airflow/.local/lib/python3.7/site-packages/airflow/example_dags/example_branch_operator.py for tasks to queue
[2022-09-21T20:25:03.575+0000] {logging_mixin.py:117} INFO - [2022-09-21T20:25:03.575+0000] {dagbag.py:525} INFO - Filling up the DagBag from /home/airflow/.local/lib/python3.7/site-packages/airflow/example_dags/example_branch_operator.py
[2022-09-21T20:25:03.606+0000] {processor.py:768} INFO - DAG(s) dict_keys(['example_branch_operator']) retrieved from /home/airflow/.local/lib/python3.7/site-packages/airflow/example_dags/example_branch_operator.py
[2022-09-21T20:25:03.664+0000] {logging_mixin.py:117} INFO - [2022-09-21T20:25:03.664+0000] {dag.py:2573} INFO - Sync 1 DAGs
[2022-09-21T20:25:03.730+0000] {logging_mixin.py:117} INFO - [2022-09-21T20:25:03.730+0000] {dag.py:3328} INFO - Setting next_dagrun for example_branch_operator to 2022-09-20T00:00:00+00:00, run_after=2022-09-21T00:00:00+00:00
[2022-09-21T20:25:03.776+0000] {processor.py:178} INFO - Processing /home/airflow/.local/lib/python3.7/site-packages/airflow/example_dags/example_branch_operator.py took 0.213 seconds
[2022-09-21T20:25:34.736+0000] {processor.py:156} INFO - Started process (PID=665) to work on /home/airflow/.local/lib/python3.7/site-packages/airflow/example_dags/example_branch_operator.py
[2022-09-21T20:25:34.737+0000] {processor.py:758} INFO - Processing file /home/airflow/.local/lib/python3.7/site-packages/airflow/example_dags/example_branch_operator.py for tasks to queue
[2022-09-21T20:25:34.738+0000] {logging_mixin.py:117} INFO - [2022-09-21T20:25:34.738+0000] {dagbag.py:525} INFO - Filling up the DagBag from /home/airflow/.local/lib/python3.7/site-packages/airflow/example_dags/example_branch_operator.py
[2022-09-21T20:25:34.753+0000] {processor.py:768} INFO - DAG(s) dict_keys(['example_branch_operator']) retrieved from /home/airflow/.local/lib/python3.7/site-packages/airflow/example_dags/example_branch_operator.py
[2022-09-21T20:25:34.791+0000] {logging_mixin.py:117} INFO - [2022-09-21T20:25:34.791+0000] {dag.py:2573} INFO - Sync 1 DAGs
[2022-09-21T20:25:34.818+0000] {logging_mixin.py:117} INFO - [2022-09-21T20:25:34.818+0000] {dag.py:3328} INFO - Setting next_dagrun for example_branch_operator to 2022-09-20T00:00:00+00:00, run_after=2022-09-21T00:00:00+00:00
[2022-09-21T20:25:34.835+0000] {processor.py:178} INFO - Processing /home/airflow/.local/lib/python3.7/site-packages/airflow/example_dags/example_branch_operator.py took 0.102 seconds
[2022-09-21T20:26:05.214+0000] {processor.py:156} INFO - Started process (PID=728) to work on /home/airflow/.local/lib/python3.7/site-packages/airflow/example_dags/example_branch_operator.py
[2022-09-21T20:26:05.215+0000] {processor.py:758} INFO - Processing file /home/airflow/.local/lib/python3.7/site-packages/airflow/example_dags/example_branch_operator.py for tasks to queue
[2022-09-21T20:26:05.216+0000] {logging_mixin.py:117} INFO - [2022-09-21T20:26:05.216+0000] {dagbag.py:525} INFO - Filling up the DagBag from /home/airflow/.local/lib/python3.7/site-packages/airflow/example_dags/example_branch_operator.py
[2022-09-21T20:26:05.282+0000] {processor.py:768} INFO - DAG(s) dict_keys(['example_branch_operator']) retrieved from /home/airflow/.local/lib/python3.7/site-packages/airflow/example_dags/example_branch_operator.py
[2022-09-21T20:26:05.423+0000] {logging_mixin.py:117} INFO - [2022-09-21T20:26:05.422+0000] {dag.py:2573} INFO - Sync 1 DAGs
[2022-09-21T20:26:05.492+0000] {logging_mixin.py:117} INFO - [2022-09-21T20:26:05.492+0000] {dag.py:3328} INFO - Setting next_dagrun for example_branch_operator to 2022-09-20T00:00:00+00:00, run_after=2022-09-21T00:00:00+00:00
[2022-09-21T20:26:05.565+0000] {processor.py:178} INFO - Processing /home/airflow/.local/lib/python3.7/site-packages/airflow/example_dags/example_branch_operator.py took 0.356 seconds
[2022-09-21T20:26:35.654+0000] {processor.py:156} INFO - Started process (PID=783) to work on /home/airflow/.local/lib/python3.7/site-packages/airflow/example_dags/example_branch_operator.py
[2022-09-21T20:26:35.654+0000] {processor.py:758} INFO - Processing file /home/airflow/.local/lib/python3.7/site-packages/airflow/example_dags/example_branch_operator.py for tasks to queue
[2022-09-21T20:26:35.655+0000] {logging_mixin.py:117} INFO - [2022-09-21T20:26:35.654+0000] {dagbag.py:525} INFO - Filling up the DagBag from /home/airflow/.local/lib/python3.7/site-packages/airflow/example_dags/example_branch_operator.py
[2022-09-21T20:26:35.671+0000] {processor.py:768} INFO - DAG(s) dict_keys(['example_branch_operator']) retrieved from /home/airflow/.local/lib/python3.7/site-packages/airflow/example_dags/example_branch_operator.py
[2022-09-21T20:26:35.712+0000] {logging_mixin.py:117} INFO - [2022-09-21T20:26:35.712+0000] {dag.py:2573} INFO - Sync 1 DAGs
[2022-09-21T20:26:35.739+0000] {logging_mixin.py:117} INFO - [2022-09-21T20:26:35.739+0000] {dag.py:3328} INFO - Setting next_dagrun for example_branch_operator to 2022-09-20T00:00:00+00:00, run_after=2022-09-21T00:00:00+00:00
[2022-09-21T20:26:35.756+0000] {processor.py:178} INFO - Processing /home/airflow/.local/lib/python3.7/site-packages/airflow/example_dags/example_branch_operator.py took 0.105 seconds
[2022-09-21T20:27:06.445+0000] {processor.py:156} INFO - Started process (PID=847) to work on /home/airflow/.local/lib/python3.7/site-packages/airflow/example_dags/example_branch_operator.py
[2022-09-21T20:27:06.446+0000] {processor.py:758} INFO - Processing file /home/airflow/.local/lib/python3.7/site-packages/airflow/example_dags/example_branch_operator.py for tasks to queue
[2022-09-21T20:27:06.446+0000] {logging_mixin.py:117} INFO - [2022-09-21T20:27:06.446+0000] {dagbag.py:525} INFO - Filling up the DagBag from /home/airflow/.local/lib/python3.7/site-packages/airflow/example_dags/example_branch_operator.py
[2022-09-21T20:27:06.468+0000] {processor.py:768} INFO - DAG(s) dict_keys(['example_branch_operator']) retrieved from /home/airflow/.local/lib/python3.7/site-packages/airflow/example_dags/example_branch_operator.py
[2022-09-21T20:27:06.505+0000] {logging_mixin.py:117} INFO - [2022-09-21T20:27:06.505+0000] {dag.py:2573} INFO - Sync 1 DAGs
[2022-09-21T20:27:06.529+0000] {logging_mixin.py:117} INFO - [2022-09-21T20:27:06.529+0000] {dag.py:3328} INFO - Setting next_dagrun for example_branch_operator to 2022-09-20T00:00:00+00:00, run_after=2022-09-21T00:00:00+00:00
[2022-09-21T20:27:06.546+0000] {processor.py:178} INFO - Processing /home/airflow/.local/lib/python3.7/site-packages/airflow/example_dags/example_branch_operator.py took 0.103 seconds
[2022-09-21T20:27:36.825+0000] {processor.py:156} INFO - Started process (PID=911) to work on /home/airflow/.local/lib/python3.7/site-packages/airflow/example_dags/example_branch_operator.py
[2022-09-21T20:27:36.826+0000] {processor.py:758} INFO - Processing file /home/airflow/.local/lib/python3.7/site-packages/airflow/example_dags/example_branch_operator.py for tasks to queue
[2022-09-21T20:27:36.827+0000] {logging_mixin.py:117} INFO - [2022-09-21T20:27:36.827+0000] {dagbag.py:525} INFO - Filling up the DagBag from /home/airflow/.local/lib/python3.7/site-packages/airflow/example_dags/example_branch_operator.py
[2022-09-21T20:27:36.845+0000] {processor.py:768} INFO - DAG(s) dict_keys(['example_branch_operator']) retrieved from /home/airflow/.local/lib/python3.7/site-packages/airflow/example_dags/example_branch_operator.py
[2022-09-21T20:27:36.888+0000] {logging_mixin.py:117} INFO - [2022-09-21T20:27:36.888+0000] {dag.py:2573} INFO - Sync 1 DAGs
[2022-09-21T20:27:36.928+0000] {logging_mixin.py:117} INFO - [2022-09-21T20:27:36.928+0000] {dag.py:3328} INFO - Setting next_dagrun for example_branch_operator to 2022-09-20T00:00:00+00:00, run_after=2022-09-21T00:00:00+00:00
[2022-09-21T20:27:36.952+0000] {processor.py:178} INFO - Processing /home/airflow/.local/lib/python3.7/site-packages/airflow/example_dags/example_branch_operator.py took 0.131 seconds
[2022-09-21T20:28:07.552+0000] {processor.py:156} INFO - Started process (PID=966) to work on /home/airflow/.local/lib/python3.7/site-packages/airflow/example_dags/example_branch_operator.py
[2022-09-21T20:28:07.555+0000] {processor.py:758} INFO - Processing file /home/airflow/.local/lib/python3.7/site-packages/airflow/example_dags/example_branch_operator.py for tasks to queue
[2022-09-21T20:28:07.556+0000] {logging_mixin.py:117} INFO - [2022-09-21T20:28:07.556+0000] {dagbag.py:525} INFO - Filling up the DagBag from /home/airflow/.local/lib/python3.7/site-packages/airflow/example_dags/example_branch_operator.py
[2022-09-21T20:28:07.573+0000] {processor.py:768} INFO - DAG(s) dict_keys(['example_branch_operator']) retrieved from /home/airflow/.local/lib/python3.7/site-packages/airflow/example_dags/example_branch_operator.py
[2022-09-21T20:28:07.608+0000] {logging_mixin.py:117} INFO - [2022-09-21T20:28:07.608+0000] {dag.py:2573} INFO - Sync 1 DAGs
[2022-09-21T20:28:07.646+0000] {logging_mixin.py:117} INFO - [2022-09-21T20:28:07.646+0000] {dag.py:3328} INFO - Setting next_dagrun for example_branch_operator to 2022-09-20T00:00:00+00:00, run_after=2022-09-21T00:00:00+00:00
[2022-09-21T20:28:07.666+0000] {processor.py:178} INFO - Processing /home/airflow/.local/lib/python3.7/site-packages/airflow/example_dags/example_branch_operator.py took 0.117 seconds
[2022-09-21T20:28:38.223+0000] {processor.py:156} INFO - Started process (PID=1029) to work on /home/airflow/.local/lib/python3.7/site-packages/airflow/example_dags/example_branch_operator.py
[2022-09-21T20:28:38.224+0000] {processor.py:758} INFO - Processing file /home/airflow/.local/lib/python3.7/site-packages/airflow/example_dags/example_branch_operator.py for tasks to queue
[2022-09-21T20:28:38.225+0000] {logging_mixin.py:117} INFO - [2022-09-21T20:28:38.225+0000] {dagbag.py:525} INFO - Filling up the DagBag from /home/airflow/.local/lib/python3.7/site-packages/airflow/example_dags/example_branch_operator.py
[2022-09-21T20:28:38.240+0000] {processor.py:768} INFO - DAG(s) dict_keys(['example_branch_operator']) retrieved from /home/airflow/.local/lib/python3.7/site-packages/airflow/example_dags/example_branch_operator.py
[2022-09-21T20:28:38.282+0000] {logging_mixin.py:117} INFO - [2022-09-21T20:28:38.282+0000] {dag.py:2573} INFO - Sync 1 DAGs
[2022-09-21T20:28:38.316+0000] {logging_mixin.py:117} INFO - [2022-09-21T20:28:38.316+0000] {dag.py:3328} INFO - Setting next_dagrun for example_branch_operator to 2022-09-20T00:00:00+00:00, run_after=2022-09-21T00:00:00+00:00
[2022-09-21T20:28:38.344+0000] {processor.py:178} INFO - Processing /home/airflow/.local/lib/python3.7/site-packages/airflow/example_dags/example_branch_operator.py took 0.123 seconds
[2022-09-21T20:29:09.107+0000] {processor.py:156} INFO - Started process (PID=1093) to work on /home/airflow/.local/lib/python3.7/site-packages/airflow/example_dags/example_branch_operator.py
[2022-09-21T20:29:09.107+0000] {processor.py:758} INFO - Processing file /home/airflow/.local/lib/python3.7/site-packages/airflow/example_dags/example_branch_operator.py for tasks to queue
[2022-09-21T20:29:09.108+0000] {logging_mixin.py:117} INFO - [2022-09-21T20:29:09.108+0000] {dagbag.py:525} INFO - Filling up the DagBag from /home/airflow/.local/lib/python3.7/site-packages/airflow/example_dags/example_branch_operator.py
[2022-09-21T20:29:09.126+0000] {processor.py:768} INFO - DAG(s) dict_keys(['example_branch_operator']) retrieved from /home/airflow/.local/lib/python3.7/site-packages/airflow/example_dags/example_branch_operator.py
[2022-09-21T20:29:09.174+0000] {logging_mixin.py:117} INFO - [2022-09-21T20:29:09.174+0000] {dag.py:2573} INFO - Sync 1 DAGs
[2022-09-21T20:29:09.217+0000] {logging_mixin.py:117} INFO - [2022-09-21T20:29:09.216+0000] {dag.py:3328} INFO - Setting next_dagrun for example_branch_operator to 2022-09-20T00:00:00+00:00, run_after=2022-09-21T00:00:00+00:00
[2022-09-21T20:29:09.246+0000] {processor.py:178} INFO - Processing /home/airflow/.local/lib/python3.7/site-packages/airflow/example_dags/example_branch_operator.py took 0.142 seconds
[2022-09-21T20:29:39.474+0000] {processor.py:156} INFO - Started process (PID=1148) to work on /home/airflow/.local/lib/python3.7/site-packages/airflow/example_dags/example_branch_operator.py
[2022-09-21T20:29:39.476+0000] {processor.py:758} INFO - Processing file /home/airflow/.local/lib/python3.7/site-packages/airflow/example_dags/example_branch_operator.py for tasks to queue
[2022-09-21T20:29:39.477+0000] {logging_mixin.py:117} INFO - [2022-09-21T20:29:39.477+0000] {dagbag.py:525} INFO - Filling up the DagBag from /home/airflow/.local/lib/python3.7/site-packages/airflow/example_dags/example_branch_operator.py
[2022-09-21T20:29:39.517+0000] {processor.py:768} INFO - DAG(s) dict_keys(['example_branch_operator']) retrieved from /home/airflow/.local/lib/python3.7/site-packages/airflow/example_dags/example_branch_operator.py
[2022-09-21T20:29:39.597+0000] {logging_mixin.py:117} INFO - [2022-09-21T20:29:39.597+0000] {dag.py:2573} INFO - Sync 1 DAGs
[2022-09-21T20:29:39.668+0000] {logging_mixin.py:117} INFO - [2022-09-21T20:29:39.667+0000] {dag.py:3328} INFO - Setting next_dagrun for example_branch_operator to 2022-09-20T00:00:00+00:00, run_after=2022-09-21T00:00:00+00:00
[2022-09-21T20:29:39.712+0000] {processor.py:178} INFO - Processing /home/airflow/.local/lib/python3.7/site-packages/airflow/example_dags/example_branch_operator.py took 0.244 seconds
[2022-09-21T20:30:11.170+0000] {processor.py:156} INFO - Started process (PID=1213) to work on /home/airflow/.local/lib/python3.7/site-packages/airflow/example_dags/example_branch_operator.py
[2022-09-21T20:30:11.172+0000] {processor.py:758} INFO - Processing file /home/airflow/.local/lib/python3.7/site-packages/airflow/example_dags/example_branch_operator.py for tasks to queue
[2022-09-21T20:30:11.184+0000] {logging_mixin.py:117} INFO - [2022-09-21T20:30:11.183+0000] {dagbag.py:525} INFO - Filling up the DagBag from /home/airflow/.local/lib/python3.7/site-packages/airflow/example_dags/example_branch_operator.py
[2022-09-21T20:30:11.235+0000] {processor.py:768} INFO - DAG(s) dict_keys(['example_branch_operator']) retrieved from /home/airflow/.local/lib/python3.7/site-packages/airflow/example_dags/example_branch_operator.py
[2022-09-21T20:30:11.582+0000] {logging_mixin.py:117} INFO - [2022-09-21T20:30:11.582+0000] {dag.py:2573} INFO - Sync 1 DAGs
[2022-09-21T20:30:11.861+0000] {logging_mixin.py:117} INFO - [2022-09-21T20:30:11.860+0000] {dag.py:3328} INFO - Setting next_dagrun for example_branch_operator to 2022-09-20T00:00:00+00:00, run_after=2022-09-21T00:00:00+00:00
[2022-09-21T20:30:11.968+0000] {processor.py:178} INFO - Processing /home/airflow/.local/lib/python3.7/site-packages/airflow/example_dags/example_branch_operator.py took 0.827 seconds
[2022-09-21T20:30:42.678+0000] {processor.py:156} INFO - Started process (PID=1269) to work on /home/airflow/.local/lib/python3.7/site-packages/airflow/example_dags/example_branch_operator.py
[2022-09-21T20:30:42.681+0000] {processor.py:758} INFO - Processing file /home/airflow/.local/lib/python3.7/site-packages/airflow/example_dags/example_branch_operator.py for tasks to queue
[2022-09-21T20:30:42.682+0000] {logging_mixin.py:117} INFO - [2022-09-21T20:30:42.682+0000] {dagbag.py:525} INFO - Filling up the DagBag from /home/airflow/.local/lib/python3.7/site-packages/airflow/example_dags/example_branch_operator.py
[2022-09-21T20:30:42.705+0000] {processor.py:768} INFO - DAG(s) dict_keys(['example_branch_operator']) retrieved from /home/airflow/.local/lib/python3.7/site-packages/airflow/example_dags/example_branch_operator.py
[2022-09-21T20:30:42.758+0000] {logging_mixin.py:117} INFO - [2022-09-21T20:30:42.758+0000] {dag.py:2573} INFO - Sync 1 DAGs
[2022-09-21T20:30:42.808+0000] {logging_mixin.py:117} INFO - [2022-09-21T20:30:42.808+0000] {dag.py:3328} INFO - Setting next_dagrun for example_branch_operator to 2022-09-20T00:00:00+00:00, run_after=2022-09-21T00:00:00+00:00
[2022-09-21T20:30:42.866+0000] {processor.py:178} INFO - Processing /home/airflow/.local/lib/python3.7/site-packages/airflow/example_dags/example_branch_operator.py took 0.192 seconds
[2022-09-21T20:31:13.245+0000] {processor.py:156} INFO - Started process (PID=1324) to work on /home/airflow/.local/lib/python3.7/site-packages/airflow/example_dags/example_branch_operator.py
[2022-09-21T20:31:13.246+0000] {processor.py:758} INFO - Processing file /home/airflow/.local/lib/python3.7/site-packages/airflow/example_dags/example_branch_operator.py for tasks to queue
[2022-09-21T20:31:13.247+0000] {logging_mixin.py:117} INFO - [2022-09-21T20:31:13.247+0000] {dagbag.py:525} INFO - Filling up the DagBag from /home/airflow/.local/lib/python3.7/site-packages/airflow/example_dags/example_branch_operator.py
[2022-09-21T20:31:13.273+0000] {processor.py:768} INFO - DAG(s) dict_keys(['example_branch_operator']) retrieved from /home/airflow/.local/lib/python3.7/site-packages/airflow/example_dags/example_branch_operator.py
[2022-09-21T20:31:13.342+0000] {logging_mixin.py:117} INFO - [2022-09-21T20:31:13.342+0000] {dag.py:2573} INFO - Sync 1 DAGs
[2022-09-21T20:31:13.381+0000] {logging_mixin.py:117} INFO - [2022-09-21T20:31:13.380+0000] {dag.py:3328} INFO - Setting next_dagrun for example_branch_operator to 2022-09-20T00:00:00+00:00, run_after=2022-09-21T00:00:00+00:00
[2022-09-21T20:31:13.439+0000] {processor.py:178} INFO - Processing /home/airflow/.local/lib/python3.7/site-packages/airflow/example_dags/example_branch_operator.py took 0.200 seconds
[2022-09-21T20:31:43.885+0000] {processor.py:156} INFO - Started process (PID=1388) to work on /home/airflow/.local/lib/python3.7/site-packages/airflow/example_dags/example_branch_operator.py
[2022-09-21T20:31:43.888+0000] {processor.py:758} INFO - Processing file /home/airflow/.local/lib/python3.7/site-packages/airflow/example_dags/example_branch_operator.py for tasks to queue
[2022-09-21T20:31:43.889+0000] {logging_mixin.py:117} INFO - [2022-09-21T20:31:43.889+0000] {dagbag.py:525} INFO - Filling up the DagBag from /home/airflow/.local/lib/python3.7/site-packages/airflow/example_dags/example_branch_operator.py
[2022-09-21T20:31:43.908+0000] {processor.py:768} INFO - DAG(s) dict_keys(['example_branch_operator']) retrieved from /home/airflow/.local/lib/python3.7/site-packages/airflow/example_dags/example_branch_operator.py
[2022-09-21T20:31:43.956+0000] {logging_mixin.py:117} INFO - [2022-09-21T20:31:43.956+0000] {dag.py:2573} INFO - Sync 1 DAGs
[2022-09-21T20:31:43.986+0000] {logging_mixin.py:117} INFO - [2022-09-21T20:31:43.986+0000] {dag.py:3328} INFO - Setting next_dagrun for example_branch_operator to 2022-09-20T00:00:00+00:00, run_after=2022-09-21T00:00:00+00:00
[2022-09-21T20:31:44.013+0000] {processor.py:178} INFO - Processing /home/airflow/.local/lib/python3.7/site-packages/airflow/example_dags/example_branch_operator.py took 0.131 seconds
[2022-09-21T20:32:14.351+0000] {processor.py:156} INFO - Started process (PID=1452) to work on /home/airflow/.local/lib/python3.7/site-packages/airflow/example_dags/example_branch_operator.py
[2022-09-21T20:32:14.355+0000] {processor.py:758} INFO - Processing file /home/airflow/.local/lib/python3.7/site-packages/airflow/example_dags/example_branch_operator.py for tasks to queue
[2022-09-21T20:32:14.356+0000] {logging_mixin.py:117} INFO - [2022-09-21T20:32:14.356+0000] {dagbag.py:525} INFO - Filling up the DagBag from /home/airflow/.local/lib/python3.7/site-packages/airflow/example_dags/example_branch_operator.py
[2022-09-21T20:32:14.380+0000] {processor.py:768} INFO - DAG(s) dict_keys(['example_branch_operator']) retrieved from /home/airflow/.local/lib/python3.7/site-packages/airflow/example_dags/example_branch_operator.py
[2022-09-21T20:32:14.445+0000] {logging_mixin.py:117} INFO - [2022-09-21T20:32:14.445+0000] {dag.py:2573} INFO - Sync 1 DAGs
[2022-09-21T20:32:14.495+0000] {logging_mixin.py:117} INFO - [2022-09-21T20:32:14.495+0000] {dag.py:3328} INFO - Setting next_dagrun for example_branch_operator to 2022-09-20T00:00:00+00:00, run_after=2022-09-21T00:00:00+00:00
[2022-09-21T20:32:14.525+0000] {processor.py:178} INFO - Processing /home/airflow/.local/lib/python3.7/site-packages/airflow/example_dags/example_branch_operator.py took 0.179 seconds
[2022-09-21T20:32:44.598+0000] {processor.py:156} INFO - Started process (PID=1508) to work on /home/airflow/.local/lib/python3.7/site-packages/airflow/example_dags/example_branch_operator.py
[2022-09-21T20:32:44.599+0000] {processor.py:758} INFO - Processing file /home/airflow/.local/lib/python3.7/site-packages/airflow/example_dags/example_branch_operator.py for tasks to queue
[2022-09-21T20:32:44.600+0000] {logging_mixin.py:117} INFO - [2022-09-21T20:32:44.599+0000] {dagbag.py:525} INFO - Filling up the DagBag from /home/airflow/.local/lib/python3.7/site-packages/airflow/example_dags/example_branch_operator.py
[2022-09-21T20:32:44.619+0000] {processor.py:768} INFO - DAG(s) dict_keys(['example_branch_operator']) retrieved from /home/airflow/.local/lib/python3.7/site-packages/airflow/example_dags/example_branch_operator.py
[2022-09-21T20:32:44.675+0000] {logging_mixin.py:117} INFO - [2022-09-21T20:32:44.675+0000] {dag.py:2573} INFO - Sync 1 DAGs
[2022-09-21T20:32:44.724+0000] {logging_mixin.py:117} INFO - [2022-09-21T20:32:44.723+0000] {dag.py:3328} INFO - Setting next_dagrun for example_branch_operator to 2022-09-20T00:00:00+00:00, run_after=2022-09-21T00:00:00+00:00
[2022-09-21T20:32:44.754+0000] {processor.py:178} INFO - Processing /home/airflow/.local/lib/python3.7/site-packages/airflow/example_dags/example_branch_operator.py took 0.159 seconds
[2022-09-21T20:33:15.938+0000] {processor.py:156} INFO - Started process (PID=1568) to work on /home/airflow/.local/lib/python3.7/site-packages/airflow/example_dags/example_branch_operator.py
[2022-09-21T20:33:15.954+0000] {processor.py:758} INFO - Processing file /home/airflow/.local/lib/python3.7/site-packages/airflow/example_dags/example_branch_operator.py for tasks to queue
[2022-09-21T20:33:15.958+0000] {logging_mixin.py:117} INFO - [2022-09-21T20:33:15.957+0000] {dagbag.py:525} INFO - Filling up the DagBag from /home/airflow/.local/lib/python3.7/site-packages/airflow/example_dags/example_branch_operator.py
[2022-09-21T20:33:16.078+0000] {processor.py:768} INFO - DAG(s) dict_keys(['example_branch_operator']) retrieved from /home/airflow/.local/lib/python3.7/site-packages/airflow/example_dags/example_branch_operator.py
[2022-09-21T20:33:16.408+0000] {logging_mixin.py:117} INFO - [2022-09-21T20:33:16.407+0000] {dag.py:2573} INFO - Sync 1 DAGs
[2022-09-21T20:33:16.610+0000] {logging_mixin.py:117} INFO - [2022-09-21T20:33:16.609+0000] {dag.py:3328} INFO - Setting next_dagrun for example_branch_operator to 2022-09-20T00:00:00+00:00, run_after=2022-09-21T00:00:00+00:00
[2022-09-21T20:33:16.768+0000] {processor.py:178} INFO - Processing /home/airflow/.local/lib/python3.7/site-packages/airflow/example_dags/example_branch_operator.py took 0.843 seconds
[2022-09-21T20:33:47.187+0000] {processor.py:156} INFO - Started process (PID=1625) to work on /home/airflow/.local/lib/python3.7/site-packages/airflow/example_dags/example_branch_operator.py
[2022-09-21T20:33:47.188+0000] {processor.py:758} INFO - Processing file /home/airflow/.local/lib/python3.7/site-packages/airflow/example_dags/example_branch_operator.py for tasks to queue
[2022-09-21T20:33:47.189+0000] {logging_mixin.py:117} INFO - [2022-09-21T20:33:47.189+0000] {dagbag.py:525} INFO - Filling up the DagBag from /home/airflow/.local/lib/python3.7/site-packages/airflow/example_dags/example_branch_operator.py
[2022-09-21T20:33:47.234+0000] {processor.py:768} INFO - DAG(s) dict_keys(['example_branch_operator']) retrieved from /home/airflow/.local/lib/python3.7/site-packages/airflow/example_dags/example_branch_operator.py
[2022-09-21T20:33:47.332+0000] {logging_mixin.py:117} INFO - [2022-09-21T20:33:47.331+0000] {dag.py:2573} INFO - Sync 1 DAGs
[2022-09-21T20:33:47.404+0000] {logging_mixin.py:117} INFO - [2022-09-21T20:33:47.403+0000] {dag.py:3328} INFO - Setting next_dagrun for example_branch_operator to 2022-09-20T00:00:00+00:00, run_after=2022-09-21T00:00:00+00:00
[2022-09-21T20:33:47.448+0000] {processor.py:178} INFO - Processing /home/airflow/.local/lib/python3.7/site-packages/airflow/example_dags/example_branch_operator.py took 0.267 seconds
[2022-09-21T20:34:17.557+0000] {processor.py:156} INFO - Started process (PID=1679) to work on /home/airflow/.local/lib/python3.7/site-packages/airflow/example_dags/example_branch_operator.py
[2022-09-21T20:34:17.558+0000] {processor.py:758} INFO - Processing file /home/airflow/.local/lib/python3.7/site-packages/airflow/example_dags/example_branch_operator.py for tasks to queue
[2022-09-21T20:34:17.559+0000] {logging_mixin.py:117} INFO - [2022-09-21T20:34:17.559+0000] {dagbag.py:525} INFO - Filling up the DagBag from /home/airflow/.local/lib/python3.7/site-packages/airflow/example_dags/example_branch_operator.py
[2022-09-21T20:34:17.584+0000] {processor.py:768} INFO - DAG(s) dict_keys(['example_branch_operator']) retrieved from /home/airflow/.local/lib/python3.7/site-packages/airflow/example_dags/example_branch_operator.py
[2022-09-21T20:34:17.624+0000] {logging_mixin.py:117} INFO - [2022-09-21T20:34:17.624+0000] {dag.py:2573} INFO - Sync 1 DAGs
[2022-09-21T20:34:17.652+0000] {logging_mixin.py:117} INFO - [2022-09-21T20:34:17.652+0000] {dag.py:3328} INFO - Setting next_dagrun for example_branch_operator to 2022-09-20T00:00:00+00:00, run_after=2022-09-21T00:00:00+00:00
[2022-09-21T20:34:17.671+0000] {processor.py:178} INFO - Processing /home/airflow/.local/lib/python3.7/site-packages/airflow/example_dags/example_branch_operator.py took 0.116 seconds
[2022-09-21T20:34:47.793+0000] {processor.py:156} INFO - Started process (PID=1734) to work on /home/airflow/.local/lib/python3.7/site-packages/airflow/example_dags/example_branch_operator.py
[2022-09-21T20:34:47.794+0000] {processor.py:758} INFO - Processing file /home/airflow/.local/lib/python3.7/site-packages/airflow/example_dags/example_branch_operator.py for tasks to queue
[2022-09-21T20:34:47.795+0000] {logging_mixin.py:117} INFO - [2022-09-21T20:34:47.795+0000] {dagbag.py:525} INFO - Filling up the DagBag from /home/airflow/.local/lib/python3.7/site-packages/airflow/example_dags/example_branch_operator.py
[2022-09-21T20:34:47.814+0000] {processor.py:768} INFO - DAG(s) dict_keys(['example_branch_operator']) retrieved from /home/airflow/.local/lib/python3.7/site-packages/airflow/example_dags/example_branch_operator.py
[2022-09-21T20:34:47.898+0000] {logging_mixin.py:117} INFO - [2022-09-21T20:34:47.898+0000] {dag.py:2573} INFO - Sync 1 DAGs
[2022-09-21T20:34:47.934+0000] {logging_mixin.py:117} INFO - [2022-09-21T20:34:47.934+0000] {dag.py:3328} INFO - Setting next_dagrun for example_branch_operator to 2022-09-20T00:00:00+00:00, run_after=2022-09-21T00:00:00+00:00
[2022-09-21T20:34:47.968+0000] {processor.py:178} INFO - Processing /home/airflow/.local/lib/python3.7/site-packages/airflow/example_dags/example_branch_operator.py took 0.177 seconds
[2022-09-21T20:35:18.083+0000] {processor.py:156} INFO - Started process (PID=1799) to work on /home/airflow/.local/lib/python3.7/site-packages/airflow/example_dags/example_branch_operator.py
[2022-09-21T20:35:18.084+0000] {processor.py:758} INFO - Processing file /home/airflow/.local/lib/python3.7/site-packages/airflow/example_dags/example_branch_operator.py for tasks to queue
[2022-09-21T20:35:18.085+0000] {logging_mixin.py:117} INFO - [2022-09-21T20:35:18.085+0000] {dagbag.py:525} INFO - Filling up the DagBag from /home/airflow/.local/lib/python3.7/site-packages/airflow/example_dags/example_branch_operator.py
[2022-09-21T20:35:18.113+0000] {processor.py:768} INFO - DAG(s) dict_keys(['example_branch_operator']) retrieved from /home/airflow/.local/lib/python3.7/site-packages/airflow/example_dags/example_branch_operator.py
[2022-09-21T20:35:18.164+0000] {logging_mixin.py:117} INFO - [2022-09-21T20:35:18.164+0000] {dag.py:2573} INFO - Sync 1 DAGs
[2022-09-21T20:35:18.199+0000] {logging_mixin.py:117} INFO - [2022-09-21T20:35:18.199+0000] {dag.py:3328} INFO - Setting next_dagrun for example_branch_operator to 2022-09-20T00:00:00+00:00, run_after=2022-09-21T00:00:00+00:00
[2022-09-21T20:35:18.226+0000] {processor.py:178} INFO - Processing /home/airflow/.local/lib/python3.7/site-packages/airflow/example_dags/example_branch_operator.py took 0.146 seconds
