[2022-09-21T20:16:36.736+0000] {processor.py:156} INFO - Started process (PID=50) to work on /home/airflow/.local/lib/python3.7/site-packages/airflow/example_dags/example_complex.py
[2022-09-21T20:16:36.737+0000] {processor.py:758} INFO - Processing file /home/airflow/.local/lib/python3.7/site-packages/airflow/example_dags/example_complex.py for tasks to queue
[2022-09-21T20:16:36.738+0000] {logging_mixin.py:117} INFO - [2022-09-21T20:16:36.737+0000] {dagbag.py:525} INFO - Filling up the DagBag from /home/airflow/.local/lib/python3.7/site-packages/airflow/example_dags/example_complex.py
[2022-09-21T20:16:36.857+0000] {processor.py:768} INFO - DAG(s) dict_keys(['example_complex']) retrieved from /home/airflow/.local/lib/python3.7/site-packages/airflow/example_dags/example_complex.py
[2022-09-21T20:16:37.067+0000] {logging_mixin.py:117} INFO - [2022-09-21T20:16:37.066+0000] {dag.py:2573} INFO - Sync 1 DAGs
[2022-09-21T20:16:37.194+0000] {logging_mixin.py:117} INFO - [2022-09-21T20:16:37.193+0000] {dag.py:3328} INFO - Setting next_dagrun for example_complex to None, run_after=None
[2022-09-21T20:16:37.243+0000] {processor.py:178} INFO - Processing /home/airflow/.local/lib/python3.7/site-packages/airflow/example_dags/example_complex.py took 0.513 seconds
[2022-09-21T20:20:19.382+0000] {processor.py:156} INFO - Started process (PID=48) to work on /home/airflow/.local/lib/python3.7/site-packages/airflow/example_dags/example_complex.py
[2022-09-21T20:20:19.392+0000] {processor.py:758} INFO - Processing file /home/airflow/.local/lib/python3.7/site-packages/airflow/example_dags/example_complex.py for tasks to queue
[2022-09-21T20:20:19.393+0000] {logging_mixin.py:117} INFO - [2022-09-21T20:20:19.393+0000] {dagbag.py:525} INFO - Filling up the DagBag from /home/airflow/.local/lib/python3.7/site-packages/airflow/example_dags/example_complex.py
[2022-09-21T20:20:19.533+0000] {processor.py:768} INFO - DAG(s) dict_keys(['example_complex']) retrieved from /home/airflow/.local/lib/python3.7/site-packages/airflow/example_dags/example_complex.py
[2022-09-21T20:20:20.018+0000] {logging_mixin.py:117} INFO - [2022-09-21T20:20:20.018+0000] {dag.py:2573} INFO - Sync 1 DAGs
[2022-09-21T20:20:20.076+0000] {logging_mixin.py:117} INFO - [2022-09-21T20:20:20.076+0000] {dag.py:3328} INFO - Setting next_dagrun for example_complex to None, run_after=None
[2022-09-21T20:20:20.132+0000] {processor.py:178} INFO - Processing /home/airflow/.local/lib/python3.7/site-packages/airflow/example_dags/example_complex.py took 0.763 seconds
[2022-09-21T20:20:50.197+0000] {processor.py:156} INFO - Started process (PID=102) to work on /home/airflow/.local/lib/python3.7/site-packages/airflow/example_dags/example_complex.py
[2022-09-21T20:20:50.198+0000] {processor.py:758} INFO - Processing file /home/airflow/.local/lib/python3.7/site-packages/airflow/example_dags/example_complex.py for tasks to queue
[2022-09-21T20:20:50.199+0000] {logging_mixin.py:117} INFO - [2022-09-21T20:20:50.199+0000] {dagbag.py:525} INFO - Filling up the DagBag from /home/airflow/.local/lib/python3.7/site-packages/airflow/example_dags/example_complex.py
[2022-09-21T20:20:50.245+0000] {processor.py:768} INFO - DAG(s) dict_keys(['example_complex']) retrieved from /home/airflow/.local/lib/python3.7/site-packages/airflow/example_dags/example_complex.py
[2022-09-21T20:20:50.618+0000] {logging_mixin.py:117} INFO - [2022-09-21T20:20:50.618+0000] {dag.py:2573} INFO - Sync 1 DAGs
[2022-09-21T20:20:50.660+0000] {logging_mixin.py:117} INFO - [2022-09-21T20:20:50.660+0000] {dag.py:3328} INFO - Setting next_dagrun for example_complex to None, run_after=None
[2022-09-21T20:20:50.694+0000] {processor.py:178} INFO - Processing /home/airflow/.local/lib/python3.7/site-packages/airflow/example_dags/example_complex.py took 0.501 seconds
[2022-09-21T20:21:20.858+0000] {processor.py:156} INFO - Started process (PID=158) to work on /home/airflow/.local/lib/python3.7/site-packages/airflow/example_dags/example_complex.py
[2022-09-21T20:21:20.863+0000] {processor.py:758} INFO - Processing file /home/airflow/.local/lib/python3.7/site-packages/airflow/example_dags/example_complex.py for tasks to queue
[2022-09-21T20:21:20.864+0000] {logging_mixin.py:117} INFO - [2022-09-21T20:21:20.864+0000] {dagbag.py:525} INFO - Filling up the DagBag from /home/airflow/.local/lib/python3.7/site-packages/airflow/example_dags/example_complex.py
[2022-09-21T20:21:21.137+0000] {processor.py:768} INFO - DAG(s) dict_keys(['example_complex']) retrieved from /home/airflow/.local/lib/python3.7/site-packages/airflow/example_dags/example_complex.py
[2022-09-21T20:21:21.214+0000] {logging_mixin.py:117} INFO - [2022-09-21T20:21:21.214+0000] {dag.py:2573} INFO - Sync 1 DAGs
[2022-09-21T20:21:21.263+0000] {logging_mixin.py:117} INFO - [2022-09-21T20:21:21.263+0000] {dag.py:3328} INFO - Setting next_dagrun for example_complex to None, run_after=None
[2022-09-21T20:21:21.297+0000] {processor.py:178} INFO - Processing /home/airflow/.local/lib/python3.7/site-packages/airflow/example_dags/example_complex.py took 0.456 seconds
[2022-09-21T20:21:51.673+0000] {processor.py:156} INFO - Started process (PID=212) to work on /home/airflow/.local/lib/python3.7/site-packages/airflow/example_dags/example_complex.py
[2022-09-21T20:21:51.674+0000] {processor.py:758} INFO - Processing file /home/airflow/.local/lib/python3.7/site-packages/airflow/example_dags/example_complex.py for tasks to queue
[2022-09-21T20:21:51.675+0000] {logging_mixin.py:117} INFO - [2022-09-21T20:21:51.674+0000] {dagbag.py:525} INFO - Filling up the DagBag from /home/airflow/.local/lib/python3.7/site-packages/airflow/example_dags/example_complex.py
[2022-09-21T20:21:51.883+0000] {processor.py:768} INFO - DAG(s) dict_keys(['example_complex']) retrieved from /home/airflow/.local/lib/python3.7/site-packages/airflow/example_dags/example_complex.py
[2022-09-21T20:21:51.914+0000] {logging_mixin.py:117} INFO - [2022-09-21T20:21:51.914+0000] {dag.py:2573} INFO - Sync 1 DAGs
[2022-09-21T20:21:51.955+0000] {logging_mixin.py:117} INFO - [2022-09-21T20:21:51.955+0000] {dag.py:3328} INFO - Setting next_dagrun for example_complex to None, run_after=None
[2022-09-21T20:21:51.986+0000] {processor.py:178} INFO - Processing /home/airflow/.local/lib/python3.7/site-packages/airflow/example_dags/example_complex.py took 0.317 seconds
[2022-09-21T20:22:22.867+0000] {processor.py:156} INFO - Started process (PID=276) to work on /home/airflow/.local/lib/python3.7/site-packages/airflow/example_dags/example_complex.py
[2022-09-21T20:22:22.868+0000] {processor.py:758} INFO - Processing file /home/airflow/.local/lib/python3.7/site-packages/airflow/example_dags/example_complex.py for tasks to queue
[2022-09-21T20:22:22.868+0000] {logging_mixin.py:117} INFO - [2022-09-21T20:22:22.868+0000] {dagbag.py:525} INFO - Filling up the DagBag from /home/airflow/.local/lib/python3.7/site-packages/airflow/example_dags/example_complex.py
[2022-09-21T20:22:22.893+0000] {processor.py:768} INFO - DAG(s) dict_keys(['example_complex']) retrieved from /home/airflow/.local/lib/python3.7/site-packages/airflow/example_dags/example_complex.py
[2022-09-21T20:22:22.954+0000] {logging_mixin.py:117} INFO - [2022-09-21T20:22:22.954+0000] {dag.py:2573} INFO - Sync 1 DAGs
[2022-09-21T20:22:22.988+0000] {logging_mixin.py:117} INFO - [2022-09-21T20:22:22.988+0000] {dag.py:3328} INFO - Setting next_dagrun for example_complex to None, run_after=None
[2022-09-21T20:22:23.017+0000] {processor.py:178} INFO - Processing /home/airflow/.local/lib/python3.7/site-packages/airflow/example_dags/example_complex.py took 0.155 seconds
[2022-09-21T20:22:53.135+0000] {processor.py:156} INFO - Started process (PID=340) to work on /home/airflow/.local/lib/python3.7/site-packages/airflow/example_dags/example_complex.py
[2022-09-21T20:22:53.136+0000] {processor.py:758} INFO - Processing file /home/airflow/.local/lib/python3.7/site-packages/airflow/example_dags/example_complex.py for tasks to queue
[2022-09-21T20:22:53.137+0000] {logging_mixin.py:117} INFO - [2022-09-21T20:22:53.137+0000] {dagbag.py:525} INFO - Filling up the DagBag from /home/airflow/.local/lib/python3.7/site-packages/airflow/example_dags/example_complex.py
[2022-09-21T20:22:53.170+0000] {processor.py:768} INFO - DAG(s) dict_keys(['example_complex']) retrieved from /home/airflow/.local/lib/python3.7/site-packages/airflow/example_dags/example_complex.py
[2022-09-21T20:22:53.211+0000] {logging_mixin.py:117} INFO - [2022-09-21T20:22:53.211+0000] {dag.py:2573} INFO - Sync 1 DAGs
[2022-09-21T20:22:53.253+0000] {logging_mixin.py:117} INFO - [2022-09-21T20:22:53.253+0000] {dag.py:3328} INFO - Setting next_dagrun for example_complex to None, run_after=None
[2022-09-21T20:22:53.282+0000] {processor.py:178} INFO - Processing /home/airflow/.local/lib/python3.7/site-packages/airflow/example_dags/example_complex.py took 0.151 seconds
[2022-09-21T20:23:23.478+0000] {processor.py:156} INFO - Started process (PID=395) to work on /home/airflow/.local/lib/python3.7/site-packages/airflow/example_dags/example_complex.py
[2022-09-21T20:23:23.479+0000] {processor.py:758} INFO - Processing file /home/airflow/.local/lib/python3.7/site-packages/airflow/example_dags/example_complex.py for tasks to queue
[2022-09-21T20:23:23.479+0000] {logging_mixin.py:117} INFO - [2022-09-21T20:23:23.479+0000] {dagbag.py:525} INFO - Filling up the DagBag from /home/airflow/.local/lib/python3.7/site-packages/airflow/example_dags/example_complex.py
[2022-09-21T20:23:23.556+0000] {processor.py:768} INFO - DAG(s) dict_keys(['example_complex']) retrieved from /home/airflow/.local/lib/python3.7/site-packages/airflow/example_dags/example_complex.py
[2022-09-21T20:23:23.658+0000] {logging_mixin.py:117} INFO - [2022-09-21T20:23:23.658+0000] {dag.py:2573} INFO - Sync 1 DAGs
[2022-09-21T20:23:23.715+0000] {logging_mixin.py:117} INFO - [2022-09-21T20:23:23.715+0000] {dag.py:3328} INFO - Setting next_dagrun for example_complex to None, run_after=None
[2022-09-21T20:23:23.766+0000] {processor.py:178} INFO - Processing /home/airflow/.local/lib/python3.7/site-packages/airflow/example_dags/example_complex.py took 0.294 seconds
[2022-09-21T20:23:54.257+0000] {processor.py:156} INFO - Started process (PID=459) to work on /home/airflow/.local/lib/python3.7/site-packages/airflow/example_dags/example_complex.py
[2022-09-21T20:23:54.258+0000] {processor.py:758} INFO - Processing file /home/airflow/.local/lib/python3.7/site-packages/airflow/example_dags/example_complex.py for tasks to queue
[2022-09-21T20:23:54.261+0000] {logging_mixin.py:117} INFO - [2022-09-21T20:23:54.260+0000] {dagbag.py:525} INFO - Filling up the DagBag from /home/airflow/.local/lib/python3.7/site-packages/airflow/example_dags/example_complex.py
[2022-09-21T20:23:54.323+0000] {processor.py:768} INFO - DAG(s) dict_keys(['example_complex']) retrieved from /home/airflow/.local/lib/python3.7/site-packages/airflow/example_dags/example_complex.py
[2022-09-21T20:23:54.428+0000] {logging_mixin.py:117} INFO - [2022-09-21T20:23:54.428+0000] {dag.py:2573} INFO - Sync 1 DAGs
[2022-09-21T20:23:54.470+0000] {logging_mixin.py:117} INFO - [2022-09-21T20:23:54.470+0000] {dag.py:3328} INFO - Setting next_dagrun for example_complex to None, run_after=None
[2022-09-21T20:23:54.500+0000] {processor.py:178} INFO - Processing /home/airflow/.local/lib/python3.7/site-packages/airflow/example_dags/example_complex.py took 0.250 seconds
[2022-09-21T20:24:24.846+0000] {processor.py:156} INFO - Started process (PID=514) to work on /home/airflow/.local/lib/python3.7/site-packages/airflow/example_dags/example_complex.py
[2022-09-21T20:24:24.847+0000] {processor.py:758} INFO - Processing file /home/airflow/.local/lib/python3.7/site-packages/airflow/example_dags/example_complex.py for tasks to queue
[2022-09-21T20:24:24.847+0000] {logging_mixin.py:117} INFO - [2022-09-21T20:24:24.847+0000] {dagbag.py:525} INFO - Filling up the DagBag from /home/airflow/.local/lib/python3.7/site-packages/airflow/example_dags/example_complex.py
[2022-09-21T20:24:24.866+0000] {processor.py:768} INFO - DAG(s) dict_keys(['example_complex']) retrieved from /home/airflow/.local/lib/python3.7/site-packages/airflow/example_dags/example_complex.py
[2022-09-21T20:24:24.915+0000] {logging_mixin.py:117} INFO - [2022-09-21T20:24:24.915+0000] {dag.py:2573} INFO - Sync 1 DAGs
[2022-09-21T20:24:24.941+0000] {logging_mixin.py:117} INFO - [2022-09-21T20:24:24.940+0000] {dag.py:3328} INFO - Setting next_dagrun for example_complex to None, run_after=None
[2022-09-21T20:24:24.959+0000] {processor.py:178} INFO - Processing /home/airflow/.local/lib/python3.7/site-packages/airflow/example_dags/example_complex.py took 0.116 seconds
[2022-09-21T20:24:55.170+0000] {processor.py:156} INFO - Started process (PID=578) to work on /home/airflow/.local/lib/python3.7/site-packages/airflow/example_dags/example_complex.py
[2022-09-21T20:24:55.171+0000] {processor.py:758} INFO - Processing file /home/airflow/.local/lib/python3.7/site-packages/airflow/example_dags/example_complex.py for tasks to queue
[2022-09-21T20:24:55.172+0000] {logging_mixin.py:117} INFO - [2022-09-21T20:24:55.172+0000] {dagbag.py:525} INFO - Filling up the DagBag from /home/airflow/.local/lib/python3.7/site-packages/airflow/example_dags/example_complex.py
[2022-09-21T20:24:55.199+0000] {processor.py:768} INFO - DAG(s) dict_keys(['example_complex']) retrieved from /home/airflow/.local/lib/python3.7/site-packages/airflow/example_dags/example_complex.py
[2022-09-21T20:24:55.230+0000] {logging_mixin.py:117} INFO - [2022-09-21T20:24:55.230+0000] {dag.py:2573} INFO - Sync 1 DAGs
[2022-09-21T20:24:55.263+0000] {logging_mixin.py:117} INFO - [2022-09-21T20:24:55.263+0000] {dag.py:3328} INFO - Setting next_dagrun for example_complex to None, run_after=None
[2022-09-21T20:24:55.288+0000] {processor.py:178} INFO - Processing /home/airflow/.local/lib/python3.7/site-packages/airflow/example_dags/example_complex.py took 0.123 seconds
[2022-09-21T20:25:25.635+0000] {processor.py:156} INFO - Started process (PID=633) to work on /home/airflow/.local/lib/python3.7/site-packages/airflow/example_dags/example_complex.py
[2022-09-21T20:25:25.641+0000] {processor.py:758} INFO - Processing file /home/airflow/.local/lib/python3.7/site-packages/airflow/example_dags/example_complex.py for tasks to queue
[2022-09-21T20:25:25.642+0000] {logging_mixin.py:117} INFO - [2022-09-21T20:25:25.642+0000] {dagbag.py:525} INFO - Filling up the DagBag from /home/airflow/.local/lib/python3.7/site-packages/airflow/example_dags/example_complex.py
[2022-09-21T20:25:25.713+0000] {processor.py:768} INFO - DAG(s) dict_keys(['example_complex']) retrieved from /home/airflow/.local/lib/python3.7/site-packages/airflow/example_dags/example_complex.py
[2022-09-21T20:25:25.819+0000] {logging_mixin.py:117} INFO - [2022-09-21T20:25:25.819+0000] {dag.py:2573} INFO - Sync 1 DAGs
[2022-09-21T20:25:25.865+0000] {logging_mixin.py:117} INFO - [2022-09-21T20:25:25.865+0000] {dag.py:3328} INFO - Setting next_dagrun for example_complex to None, run_after=None
[2022-09-21T20:25:25.888+0000] {processor.py:178} INFO - Processing /home/airflow/.local/lib/python3.7/site-packages/airflow/example_dags/example_complex.py took 0.257 seconds
[2022-09-21T20:25:56.506+0000] {processor.py:156} INFO - Started process (PID=697) to work on /home/airflow/.local/lib/python3.7/site-packages/airflow/example_dags/example_complex.py
[2022-09-21T20:25:56.506+0000] {processor.py:758} INFO - Processing file /home/airflow/.local/lib/python3.7/site-packages/airflow/example_dags/example_complex.py for tasks to queue
[2022-09-21T20:25:56.507+0000] {logging_mixin.py:117} INFO - [2022-09-21T20:25:56.507+0000] {dagbag.py:525} INFO - Filling up the DagBag from /home/airflow/.local/lib/python3.7/site-packages/airflow/example_dags/example_complex.py
[2022-09-21T20:25:56.525+0000] {processor.py:768} INFO - DAG(s) dict_keys(['example_complex']) retrieved from /home/airflow/.local/lib/python3.7/site-packages/airflow/example_dags/example_complex.py
[2022-09-21T20:25:56.563+0000] {logging_mixin.py:117} INFO - [2022-09-21T20:25:56.563+0000] {dag.py:2573} INFO - Sync 1 DAGs
[2022-09-21T20:25:56.594+0000] {logging_mixin.py:117} INFO - [2022-09-21T20:25:56.594+0000] {dag.py:3328} INFO - Setting next_dagrun for example_complex to None, run_after=None
[2022-09-21T20:25:56.617+0000] {processor.py:178} INFO - Processing /home/airflow/.local/lib/python3.7/site-packages/airflow/example_dags/example_complex.py took 0.114 seconds
[2022-09-21T20:26:26.728+0000] {processor.py:156} INFO - Started process (PID=760) to work on /home/airflow/.local/lib/python3.7/site-packages/airflow/example_dags/example_complex.py
[2022-09-21T20:26:26.729+0000] {processor.py:758} INFO - Processing file /home/airflow/.local/lib/python3.7/site-packages/airflow/example_dags/example_complex.py for tasks to queue
[2022-09-21T20:26:26.729+0000] {logging_mixin.py:117} INFO - [2022-09-21T20:26:26.729+0000] {dagbag.py:525} INFO - Filling up the DagBag from /home/airflow/.local/lib/python3.7/site-packages/airflow/example_dags/example_complex.py
[2022-09-21T20:26:26.749+0000] {processor.py:768} INFO - DAG(s) dict_keys(['example_complex']) retrieved from /home/airflow/.local/lib/python3.7/site-packages/airflow/example_dags/example_complex.py
[2022-09-21T20:26:26.795+0000] {logging_mixin.py:117} INFO - [2022-09-21T20:26:26.794+0000] {dag.py:2573} INFO - Sync 1 DAGs
[2022-09-21T20:26:26.821+0000] {logging_mixin.py:117} INFO - [2022-09-21T20:26:26.821+0000] {dag.py:3328} INFO - Setting next_dagrun for example_complex to None, run_after=None
[2022-09-21T20:26:26.843+0000] {processor.py:178} INFO - Processing /home/airflow/.local/lib/python3.7/site-packages/airflow/example_dags/example_complex.py took 0.118 seconds
[2022-09-21T20:26:57.586+0000] {processor.py:156} INFO - Started process (PID=815) to work on /home/airflow/.local/lib/python3.7/site-packages/airflow/example_dags/example_complex.py
[2022-09-21T20:26:57.587+0000] {processor.py:758} INFO - Processing file /home/airflow/.local/lib/python3.7/site-packages/airflow/example_dags/example_complex.py for tasks to queue
[2022-09-21T20:26:57.588+0000] {logging_mixin.py:117} INFO - [2022-09-21T20:26:57.588+0000] {dagbag.py:525} INFO - Filling up the DagBag from /home/airflow/.local/lib/python3.7/site-packages/airflow/example_dags/example_complex.py
[2022-09-21T20:26:57.627+0000] {processor.py:768} INFO - DAG(s) dict_keys(['example_complex']) retrieved from /home/airflow/.local/lib/python3.7/site-packages/airflow/example_dags/example_complex.py
[2022-09-21T20:26:57.679+0000] {logging_mixin.py:117} INFO - [2022-09-21T20:26:57.679+0000] {dag.py:2573} INFO - Sync 1 DAGs
[2022-09-21T20:26:57.709+0000] {logging_mixin.py:117} INFO - [2022-09-21T20:26:57.709+0000] {dag.py:3328} INFO - Setting next_dagrun for example_complex to None, run_after=None
[2022-09-21T20:26:57.730+0000] {processor.py:178} INFO - Processing /home/airflow/.local/lib/python3.7/site-packages/airflow/example_dags/example_complex.py took 0.147 seconds
[2022-09-21T20:27:28.043+0000] {processor.py:156} INFO - Started process (PID=879) to work on /home/airflow/.local/lib/python3.7/site-packages/airflow/example_dags/example_complex.py
[2022-09-21T20:27:28.044+0000] {processor.py:758} INFO - Processing file /home/airflow/.local/lib/python3.7/site-packages/airflow/example_dags/example_complex.py for tasks to queue
[2022-09-21T20:27:28.044+0000] {logging_mixin.py:117} INFO - [2022-09-21T20:27:28.044+0000] {dagbag.py:525} INFO - Filling up the DagBag from /home/airflow/.local/lib/python3.7/site-packages/airflow/example_dags/example_complex.py
[2022-09-21T20:27:28.066+0000] {processor.py:768} INFO - DAG(s) dict_keys(['example_complex']) retrieved from /home/airflow/.local/lib/python3.7/site-packages/airflow/example_dags/example_complex.py
[2022-09-21T20:27:28.111+0000] {logging_mixin.py:117} INFO - [2022-09-21T20:27:28.111+0000] {dag.py:2573} INFO - Sync 1 DAGs
[2022-09-21T20:27:28.162+0000] {logging_mixin.py:117} INFO - [2022-09-21T20:27:28.162+0000] {dag.py:3328} INFO - Setting next_dagrun for example_complex to None, run_after=None
[2022-09-21T20:27:28.197+0000] {processor.py:178} INFO - Processing /home/airflow/.local/lib/python3.7/site-packages/airflow/example_dags/example_complex.py took 0.157 seconds
[2022-09-21T20:27:58.491+0000] {processor.py:156} INFO - Started process (PID=943) to work on /home/airflow/.local/lib/python3.7/site-packages/airflow/example_dags/example_complex.py
[2022-09-21T20:27:58.492+0000] {processor.py:758} INFO - Processing file /home/airflow/.local/lib/python3.7/site-packages/airflow/example_dags/example_complex.py for tasks to queue
[2022-09-21T20:27:58.492+0000] {logging_mixin.py:117} INFO - [2022-09-21T20:27:58.492+0000] {dagbag.py:525} INFO - Filling up the DagBag from /home/airflow/.local/lib/python3.7/site-packages/airflow/example_dags/example_complex.py
[2022-09-21T20:27:58.510+0000] {processor.py:768} INFO - DAG(s) dict_keys(['example_complex']) retrieved from /home/airflow/.local/lib/python3.7/site-packages/airflow/example_dags/example_complex.py
[2022-09-21T20:27:58.548+0000] {logging_mixin.py:117} INFO - [2022-09-21T20:27:58.548+0000] {dag.py:2573} INFO - Sync 1 DAGs
[2022-09-21T20:27:58.572+0000] {logging_mixin.py:117} INFO - [2022-09-21T20:27:58.572+0000] {dag.py:3328} INFO - Setting next_dagrun for example_complex to None, run_after=None
[2022-09-21T20:27:58.589+0000] {processor.py:178} INFO - Processing /home/airflow/.local/lib/python3.7/site-packages/airflow/example_dags/example_complex.py took 0.100 seconds
[2022-09-21T20:28:29.305+0000] {processor.py:156} INFO - Started process (PID=998) to work on /home/airflow/.local/lib/python3.7/site-packages/airflow/example_dags/example_complex.py
[2022-09-21T20:28:29.306+0000] {processor.py:758} INFO - Processing file /home/airflow/.local/lib/python3.7/site-packages/airflow/example_dags/example_complex.py for tasks to queue
[2022-09-21T20:28:29.306+0000] {logging_mixin.py:117} INFO - [2022-09-21T20:28:29.306+0000] {dagbag.py:525} INFO - Filling up the DagBag from /home/airflow/.local/lib/python3.7/site-packages/airflow/example_dags/example_complex.py
[2022-09-21T20:28:29.326+0000] {processor.py:768} INFO - DAG(s) dict_keys(['example_complex']) retrieved from /home/airflow/.local/lib/python3.7/site-packages/airflow/example_dags/example_complex.py
[2022-09-21T20:28:29.398+0000] {logging_mixin.py:117} INFO - [2022-09-21T20:28:29.398+0000] {dag.py:2573} INFO - Sync 1 DAGs
[2022-09-21T20:28:29.428+0000] {logging_mixin.py:117} INFO - [2022-09-21T20:28:29.428+0000] {dag.py:3328} INFO - Setting next_dagrun for example_complex to None, run_after=None
[2022-09-21T20:28:29.454+0000] {processor.py:178} INFO - Processing /home/airflow/.local/lib/python3.7/site-packages/airflow/example_dags/example_complex.py took 0.151 seconds
[2022-09-21T20:29:00.071+0000] {processor.py:156} INFO - Started process (PID=1061) to work on /home/airflow/.local/lib/python3.7/site-packages/airflow/example_dags/example_complex.py
[2022-09-21T20:29:00.073+0000] {processor.py:758} INFO - Processing file /home/airflow/.local/lib/python3.7/site-packages/airflow/example_dags/example_complex.py for tasks to queue
[2022-09-21T20:29:00.074+0000] {logging_mixin.py:117} INFO - [2022-09-21T20:29:00.074+0000] {dagbag.py:525} INFO - Filling up the DagBag from /home/airflow/.local/lib/python3.7/site-packages/airflow/example_dags/example_complex.py
[2022-09-21T20:29:00.138+0000] {processor.py:768} INFO - DAG(s) dict_keys(['example_complex']) retrieved from /home/airflow/.local/lib/python3.7/site-packages/airflow/example_dags/example_complex.py
[2022-09-21T20:29:00.261+0000] {logging_mixin.py:117} INFO - [2022-09-21T20:29:00.260+0000] {dag.py:2573} INFO - Sync 1 DAGs
[2022-09-21T20:29:00.306+0000] {logging_mixin.py:117} INFO - [2022-09-21T20:29:00.306+0000] {dag.py:3328} INFO - Setting next_dagrun for example_complex to None, run_after=None
[2022-09-21T20:29:00.331+0000] {processor.py:178} INFO - Processing /home/airflow/.local/lib/python3.7/site-packages/airflow/example_dags/example_complex.py took 0.269 seconds
[2022-09-21T20:29:30.498+0000] {processor.py:156} INFO - Started process (PID=1125) to work on /home/airflow/.local/lib/python3.7/site-packages/airflow/example_dags/example_complex.py
[2022-09-21T20:29:30.499+0000] {processor.py:758} INFO - Processing file /home/airflow/.local/lib/python3.7/site-packages/airflow/example_dags/example_complex.py for tasks to queue
[2022-09-21T20:29:30.501+0000] {logging_mixin.py:117} INFO - [2022-09-21T20:29:30.500+0000] {dagbag.py:525} INFO - Filling up the DagBag from /home/airflow/.local/lib/python3.7/site-packages/airflow/example_dags/example_complex.py
[2022-09-21T20:29:30.563+0000] {processor.py:768} INFO - DAG(s) dict_keys(['example_complex']) retrieved from /home/airflow/.local/lib/python3.7/site-packages/airflow/example_dags/example_complex.py
[2022-09-21T20:29:30.651+0000] {logging_mixin.py:117} INFO - [2022-09-21T20:29:30.650+0000] {dag.py:2573} INFO - Sync 1 DAGs
[2022-09-21T20:29:30.692+0000] {logging_mixin.py:117} INFO - [2022-09-21T20:29:30.692+0000] {dag.py:3328} INFO - Setting next_dagrun for example_complex to None, run_after=None
[2022-09-21T20:29:30.730+0000] {processor.py:178} INFO - Processing /home/airflow/.local/lib/python3.7/site-packages/airflow/example_dags/example_complex.py took 0.237 seconds
[2022-09-21T20:30:00.873+0000] {processor.py:156} INFO - Started process (PID=1181) to work on /home/airflow/.local/lib/python3.7/site-packages/airflow/example_dags/example_complex.py
[2022-09-21T20:30:00.874+0000] {processor.py:758} INFO - Processing file /home/airflow/.local/lib/python3.7/site-packages/airflow/example_dags/example_complex.py for tasks to queue
[2022-09-21T20:30:00.874+0000] {logging_mixin.py:117} INFO - [2022-09-21T20:30:00.874+0000] {dagbag.py:525} INFO - Filling up the DagBag from /home/airflow/.local/lib/python3.7/site-packages/airflow/example_dags/example_complex.py
[2022-09-21T20:30:00.903+0000] {processor.py:768} INFO - DAG(s) dict_keys(['example_complex']) retrieved from /home/airflow/.local/lib/python3.7/site-packages/airflow/example_dags/example_complex.py
[2022-09-21T20:30:00.961+0000] {logging_mixin.py:117} INFO - [2022-09-21T20:30:00.961+0000] {dag.py:2573} INFO - Sync 1 DAGs
[2022-09-21T20:30:01.006+0000] {logging_mixin.py:117} INFO - [2022-09-21T20:30:01.006+0000] {dag.py:3328} INFO - Setting next_dagrun for example_complex to None, run_after=None
[2022-09-21T20:30:01.053+0000] {processor.py:178} INFO - Processing /home/airflow/.local/lib/python3.7/site-packages/airflow/example_dags/example_complex.py took 0.184 seconds
[2022-09-21T20:30:31.219+0000] {processor.py:156} INFO - Started process (PID=1236) to work on /home/airflow/.local/lib/python3.7/site-packages/airflow/example_dags/example_complex.py
[2022-09-21T20:30:31.220+0000] {processor.py:758} INFO - Processing file /home/airflow/.local/lib/python3.7/site-packages/airflow/example_dags/example_complex.py for tasks to queue
[2022-09-21T20:30:31.221+0000] {logging_mixin.py:117} INFO - [2022-09-21T20:30:31.221+0000] {dagbag.py:525} INFO - Filling up the DagBag from /home/airflow/.local/lib/python3.7/site-packages/airflow/example_dags/example_complex.py
[2022-09-21T20:30:31.264+0000] {processor.py:768} INFO - DAG(s) dict_keys(['example_complex']) retrieved from /home/airflow/.local/lib/python3.7/site-packages/airflow/example_dags/example_complex.py
[2022-09-21T20:30:31.352+0000] {logging_mixin.py:117} INFO - [2022-09-21T20:30:31.352+0000] {dag.py:2573} INFO - Sync 1 DAGs
[2022-09-21T20:30:31.399+0000] {logging_mixin.py:117} INFO - [2022-09-21T20:30:31.398+0000] {dag.py:3328} INFO - Setting next_dagrun for example_complex to None, run_after=None
[2022-09-21T20:30:31.432+0000] {processor.py:178} INFO - Processing /home/airflow/.local/lib/python3.7/site-packages/airflow/example_dags/example_complex.py took 0.218 seconds
[2022-09-21T20:31:02.152+0000] {processor.py:156} INFO - Started process (PID=1292) to work on /home/airflow/.local/lib/python3.7/site-packages/airflow/example_dags/example_complex.py
[2022-09-21T20:31:02.157+0000] {processor.py:758} INFO - Processing file /home/airflow/.local/lib/python3.7/site-packages/airflow/example_dags/example_complex.py for tasks to queue
[2022-09-21T20:31:02.158+0000] {logging_mixin.py:117} INFO - [2022-09-21T20:31:02.158+0000] {dagbag.py:525} INFO - Filling up the DagBag from /home/airflow/.local/lib/python3.7/site-packages/airflow/example_dags/example_complex.py
[2022-09-21T20:31:02.217+0000] {processor.py:768} INFO - DAG(s) dict_keys(['example_complex']) retrieved from /home/airflow/.local/lib/python3.7/site-packages/airflow/example_dags/example_complex.py
[2022-09-21T20:31:02.307+0000] {logging_mixin.py:117} INFO - [2022-09-21T20:31:02.307+0000] {dag.py:2573} INFO - Sync 1 DAGs
[2022-09-21T20:31:02.354+0000] {logging_mixin.py:117} INFO - [2022-09-21T20:31:02.354+0000] {dag.py:3328} INFO - Setting next_dagrun for example_complex to None, run_after=None
[2022-09-21T20:31:02.399+0000] {processor.py:178} INFO - Processing /home/airflow/.local/lib/python3.7/site-packages/airflow/example_dags/example_complex.py took 0.253 seconds
[2022-09-21T20:31:32.754+0000] {processor.py:156} INFO - Started process (PID=1356) to work on /home/airflow/.local/lib/python3.7/site-packages/airflow/example_dags/example_complex.py
[2022-09-21T20:31:32.755+0000] {processor.py:758} INFO - Processing file /home/airflow/.local/lib/python3.7/site-packages/airflow/example_dags/example_complex.py for tasks to queue
[2022-09-21T20:31:32.755+0000] {logging_mixin.py:117} INFO - [2022-09-21T20:31:32.755+0000] {dagbag.py:525} INFO - Filling up the DagBag from /home/airflow/.local/lib/python3.7/site-packages/airflow/example_dags/example_complex.py
[2022-09-21T20:31:32.782+0000] {processor.py:768} INFO - DAG(s) dict_keys(['example_complex']) retrieved from /home/airflow/.local/lib/python3.7/site-packages/airflow/example_dags/example_complex.py
[2022-09-21T20:31:32.837+0000] {logging_mixin.py:117} INFO - [2022-09-21T20:31:32.837+0000] {dag.py:2573} INFO - Sync 1 DAGs
[2022-09-21T20:31:32.876+0000] {logging_mixin.py:117} INFO - [2022-09-21T20:31:32.876+0000] {dag.py:3328} INFO - Setting next_dagrun for example_complex to None, run_after=None
[2022-09-21T20:31:32.899+0000] {processor.py:178} INFO - Processing /home/airflow/.local/lib/python3.7/site-packages/airflow/example_dags/example_complex.py took 0.148 seconds
[2022-09-21T20:32:03.059+0000] {processor.py:156} INFO - Started process (PID=1420) to work on /home/airflow/.local/lib/python3.7/site-packages/airflow/example_dags/example_complex.py
[2022-09-21T20:32:03.060+0000] {processor.py:758} INFO - Processing file /home/airflow/.local/lib/python3.7/site-packages/airflow/example_dags/example_complex.py for tasks to queue
[2022-09-21T20:32:03.061+0000] {logging_mixin.py:117} INFO - [2022-09-21T20:32:03.060+0000] {dagbag.py:525} INFO - Filling up the DagBag from /home/airflow/.local/lib/python3.7/site-packages/airflow/example_dags/example_complex.py
[2022-09-21T20:32:03.084+0000] {processor.py:768} INFO - DAG(s) dict_keys(['example_complex']) retrieved from /home/airflow/.local/lib/python3.7/site-packages/airflow/example_dags/example_complex.py
[2022-09-21T20:32:03.136+0000] {logging_mixin.py:117} INFO - [2022-09-21T20:32:03.136+0000] {dag.py:2573} INFO - Sync 1 DAGs
[2022-09-21T20:32:03.166+0000] {logging_mixin.py:117} INFO - [2022-09-21T20:32:03.166+0000] {dag.py:3328} INFO - Setting next_dagrun for example_complex to None, run_after=None
[2022-09-21T20:32:03.187+0000] {processor.py:178} INFO - Processing /home/airflow/.local/lib/python3.7/site-packages/airflow/example_dags/example_complex.py took 0.132 seconds
[2022-09-21T20:32:33.416+0000] {processor.py:156} INFO - Started process (PID=1475) to work on /home/airflow/.local/lib/python3.7/site-packages/airflow/example_dags/example_complex.py
[2022-09-21T20:32:33.417+0000] {processor.py:758} INFO - Processing file /home/airflow/.local/lib/python3.7/site-packages/airflow/example_dags/example_complex.py for tasks to queue
[2022-09-21T20:32:33.417+0000] {logging_mixin.py:117} INFO - [2022-09-21T20:32:33.417+0000] {dagbag.py:525} INFO - Filling up the DagBag from /home/airflow/.local/lib/python3.7/site-packages/airflow/example_dags/example_complex.py
[2022-09-21T20:32:33.440+0000] {processor.py:768} INFO - DAG(s) dict_keys(['example_complex']) retrieved from /home/airflow/.local/lib/python3.7/site-packages/airflow/example_dags/example_complex.py
[2022-09-21T20:32:33.492+0000] {logging_mixin.py:117} INFO - [2022-09-21T20:32:33.492+0000] {dag.py:2573} INFO - Sync 1 DAGs
[2022-09-21T20:32:33.527+0000] {logging_mixin.py:117} INFO - [2022-09-21T20:32:33.527+0000] {dag.py:3328} INFO - Setting next_dagrun for example_complex to None, run_after=None
[2022-09-21T20:32:33.553+0000] {processor.py:178} INFO - Processing /home/airflow/.local/lib/python3.7/site-packages/airflow/example_dags/example_complex.py took 0.141 seconds
[2022-09-21T20:33:03.714+0000] {processor.py:156} INFO - Started process (PID=1539) to work on /home/airflow/.local/lib/python3.7/site-packages/airflow/example_dags/example_complex.py
[2022-09-21T20:33:03.715+0000] {processor.py:758} INFO - Processing file /home/airflow/.local/lib/python3.7/site-packages/airflow/example_dags/example_complex.py for tasks to queue
[2022-09-21T20:33:03.717+0000] {logging_mixin.py:117} INFO - [2022-09-21T20:33:03.716+0000] {dagbag.py:525} INFO - Filling up the DagBag from /home/airflow/.local/lib/python3.7/site-packages/airflow/example_dags/example_complex.py
[2022-09-21T20:33:03.757+0000] {processor.py:768} INFO - DAG(s) dict_keys(['example_complex']) retrieved from /home/airflow/.local/lib/python3.7/site-packages/airflow/example_dags/example_complex.py
[2022-09-21T20:33:03.855+0000] {logging_mixin.py:117} INFO - [2022-09-21T20:33:03.855+0000] {dag.py:2573} INFO - Sync 1 DAGs
[2022-09-21T20:33:03.906+0000] {logging_mixin.py:117} INFO - [2022-09-21T20:33:03.906+0000] {dag.py:3328} INFO - Setting next_dagrun for example_complex to None, run_after=None
[2022-09-21T20:33:03.937+0000] {processor.py:178} INFO - Processing /home/airflow/.local/lib/python3.7/site-packages/airflow/example_dags/example_complex.py took 0.229 seconds
[2022-09-21T20:33:34.342+0000] {processor.py:156} INFO - Started process (PID=1593) to work on /home/airflow/.local/lib/python3.7/site-packages/airflow/example_dags/example_complex.py
[2022-09-21T20:33:34.343+0000] {processor.py:758} INFO - Processing file /home/airflow/.local/lib/python3.7/site-packages/airflow/example_dags/example_complex.py for tasks to queue
[2022-09-21T20:33:34.345+0000] {logging_mixin.py:117} INFO - [2022-09-21T20:33:34.344+0000] {dagbag.py:525} INFO - Filling up the DagBag from /home/airflow/.local/lib/python3.7/site-packages/airflow/example_dags/example_complex.py
[2022-09-21T20:33:34.399+0000] {processor.py:768} INFO - DAG(s) dict_keys(['example_complex']) retrieved from /home/airflow/.local/lib/python3.7/site-packages/airflow/example_dags/example_complex.py
[2022-09-21T20:33:34.500+0000] {logging_mixin.py:117} INFO - [2022-09-21T20:33:34.500+0000] {dag.py:2573} INFO - Sync 1 DAGs
[2022-09-21T20:33:34.563+0000] {logging_mixin.py:117} INFO - [2022-09-21T20:33:34.562+0000] {dag.py:3328} INFO - Setting next_dagrun for example_complex to None, run_after=None
[2022-09-21T20:33:34.616+0000] {processor.py:178} INFO - Processing /home/airflow/.local/lib/python3.7/site-packages/airflow/example_dags/example_complex.py took 0.282 seconds
[2022-09-21T20:34:05.107+0000] {processor.py:156} INFO - Started process (PID=1648) to work on /home/airflow/.local/lib/python3.7/site-packages/airflow/example_dags/example_complex.py
[2022-09-21T20:34:05.108+0000] {processor.py:758} INFO - Processing file /home/airflow/.local/lib/python3.7/site-packages/airflow/example_dags/example_complex.py for tasks to queue
[2022-09-21T20:34:05.109+0000] {logging_mixin.py:117} INFO - [2022-09-21T20:34:05.108+0000] {dagbag.py:525} INFO - Filling up the DagBag from /home/airflow/.local/lib/python3.7/site-packages/airflow/example_dags/example_complex.py
[2022-09-21T20:34:05.131+0000] {processor.py:768} INFO - DAG(s) dict_keys(['example_complex']) retrieved from /home/airflow/.local/lib/python3.7/site-packages/airflow/example_dags/example_complex.py
[2022-09-21T20:34:05.187+0000] {logging_mixin.py:117} INFO - [2022-09-21T20:34:05.186+0000] {dag.py:2573} INFO - Sync 1 DAGs
[2022-09-21T20:34:05.214+0000] {logging_mixin.py:117} INFO - [2022-09-21T20:34:05.214+0000] {dag.py:3328} INFO - Setting next_dagrun for example_complex to None, run_after=None
[2022-09-21T20:34:05.233+0000] {processor.py:178} INFO - Processing /home/airflow/.local/lib/python3.7/site-packages/airflow/example_dags/example_complex.py took 0.130 seconds
[2022-09-21T20:34:35.687+0000] {processor.py:156} INFO - Started process (PID=1702) to work on /home/airflow/.local/lib/python3.7/site-packages/airflow/example_dags/example_complex.py
[2022-09-21T20:34:35.687+0000] {processor.py:758} INFO - Processing file /home/airflow/.local/lib/python3.7/site-packages/airflow/example_dags/example_complex.py for tasks to queue
[2022-09-21T20:34:35.688+0000] {logging_mixin.py:117} INFO - [2022-09-21T20:34:35.688+0000] {dagbag.py:525} INFO - Filling up the DagBag from /home/airflow/.local/lib/python3.7/site-packages/airflow/example_dags/example_complex.py
[2022-09-21T20:34:35.714+0000] {processor.py:768} INFO - DAG(s) dict_keys(['example_complex']) retrieved from /home/airflow/.local/lib/python3.7/site-packages/airflow/example_dags/example_complex.py
[2022-09-21T20:34:35.784+0000] {logging_mixin.py:117} INFO - [2022-09-21T20:34:35.784+0000] {dag.py:2573} INFO - Sync 1 DAGs
[2022-09-21T20:34:35.812+0000] {logging_mixin.py:117} INFO - [2022-09-21T20:34:35.812+0000] {dag.py:3328} INFO - Setting next_dagrun for example_complex to None, run_after=None
[2022-09-21T20:34:35.832+0000] {processor.py:178} INFO - Processing /home/airflow/.local/lib/python3.7/site-packages/airflow/example_dags/example_complex.py took 0.148 seconds
[2022-09-21T20:35:06.557+0000] {processor.py:156} INFO - Started process (PID=1767) to work on /home/airflow/.local/lib/python3.7/site-packages/airflow/example_dags/example_complex.py
[2022-09-21T20:35:06.558+0000] {processor.py:758} INFO - Processing file /home/airflow/.local/lib/python3.7/site-packages/airflow/example_dags/example_complex.py for tasks to queue
[2022-09-21T20:35:06.559+0000] {logging_mixin.py:117} INFO - [2022-09-21T20:35:06.558+0000] {dagbag.py:525} INFO - Filling up the DagBag from /home/airflow/.local/lib/python3.7/site-packages/airflow/example_dags/example_complex.py
[2022-09-21T20:35:06.589+0000] {processor.py:768} INFO - DAG(s) dict_keys(['example_complex']) retrieved from /home/airflow/.local/lib/python3.7/site-packages/airflow/example_dags/example_complex.py
[2022-09-21T20:35:06.653+0000] {logging_mixin.py:117} INFO - [2022-09-21T20:35:06.653+0000] {dag.py:2573} INFO - Sync 1 DAGs
[2022-09-21T20:35:06.687+0000] {logging_mixin.py:117} INFO - [2022-09-21T20:35:06.687+0000] {dag.py:3328} INFO - Setting next_dagrun for example_complex to None, run_after=None
[2022-09-21T20:35:06.724+0000] {processor.py:178} INFO - Processing /home/airflow/.local/lib/python3.7/site-packages/airflow/example_dags/example_complex.py took 0.171 seconds
