[2022-09-21T20:16:39.137+0000] {processor.py:156} INFO - Started process (PID=58) to work on /home/airflow/.local/lib/python3.7/site-packages/airflow/example_dags/example_bash_operator.py
[2022-09-21T20:16:39.138+0000] {processor.py:758} INFO - Processing file /home/airflow/.local/lib/python3.7/site-packages/airflow/example_dags/example_bash_operator.py for tasks to queue
[2022-09-21T20:16:39.139+0000] {logging_mixin.py:117} INFO - [2022-09-21T20:16:39.139+0000] {dagbag.py:525} INFO - Filling up the DagBag from /home/airflow/.local/lib/python3.7/site-packages/airflow/example_dags/example_bash_operator.py
[2022-09-21T20:16:39.241+0000] {processor.py:768} INFO - DAG(s) dict_keys(['example_bash_operator']) retrieved from /home/airflow/.local/lib/python3.7/site-packages/airflow/example_dags/example_bash_operator.py
[2022-09-21T20:16:39.373+0000] {logging_mixin.py:117} INFO - [2022-09-21T20:16:39.373+0000] {dag.py:2573} INFO - Sync 1 DAGs
[2022-09-21T20:16:39.527+0000] {logging_mixin.py:117} INFO - [2022-09-21T20:16:39.527+0000] {dag.py:3328} INFO - Setting next_dagrun for example_bash_operator to 2022-09-20T00:00:00+00:00, run_after=2022-09-21T00:00:00+00:00
[2022-09-21T20:16:39.583+0000] {processor.py:178} INFO - Processing /home/airflow/.local/lib/python3.7/site-packages/airflow/example_dags/example_bash_operator.py took 0.463 seconds
[2022-09-21T20:20:23.312+0000] {processor.py:156} INFO - Started process (PID=56) to work on /home/airflow/.local/lib/python3.7/site-packages/airflow/example_dags/example_bash_operator.py
[2022-09-21T20:20:23.321+0000] {processor.py:758} INFO - Processing file /home/airflow/.local/lib/python3.7/site-packages/airflow/example_dags/example_bash_operator.py for tasks to queue
[2022-09-21T20:20:23.322+0000] {logging_mixin.py:117} INFO - [2022-09-21T20:20:23.322+0000] {dagbag.py:525} INFO - Filling up the DagBag from /home/airflow/.local/lib/python3.7/site-packages/airflow/example_dags/example_bash_operator.py
[2022-09-21T20:20:23.398+0000] {processor.py:768} INFO - DAG(s) dict_keys(['example_bash_operator']) retrieved from /home/airflow/.local/lib/python3.7/site-packages/airflow/example_dags/example_bash_operator.py
[2022-09-21T20:20:23.843+0000] {logging_mixin.py:117} INFO - [2022-09-21T20:20:23.842+0000] {dag.py:2573} INFO - Sync 1 DAGs
[2022-09-21T20:20:23.895+0000] {logging_mixin.py:117} INFO - [2022-09-21T20:20:23.894+0000] {dag.py:3328} INFO - Setting next_dagrun for example_bash_operator to 2022-09-20T00:00:00+00:00, run_after=2022-09-21T00:00:00+00:00
[2022-09-21T20:20:23.927+0000] {processor.py:178} INFO - Processing /home/airflow/.local/lib/python3.7/site-packages/airflow/example_dags/example_bash_operator.py took 0.627 seconds
[2022-09-21T20:20:54.194+0000] {processor.py:156} INFO - Started process (PID=111) to work on /home/airflow/.local/lib/python3.7/site-packages/airflow/example_dags/example_bash_operator.py
[2022-09-21T20:20:54.195+0000] {processor.py:758} INFO - Processing file /home/airflow/.local/lib/python3.7/site-packages/airflow/example_dags/example_bash_operator.py for tasks to queue
[2022-09-21T20:20:54.196+0000] {logging_mixin.py:117} INFO - [2022-09-21T20:20:54.196+0000] {dagbag.py:525} INFO - Filling up the DagBag from /home/airflow/.local/lib/python3.7/site-packages/airflow/example_dags/example_bash_operator.py
[2022-09-21T20:20:54.242+0000] {processor.py:768} INFO - DAG(s) dict_keys(['example_bash_operator']) retrieved from /home/airflow/.local/lib/python3.7/site-packages/airflow/example_dags/example_bash_operator.py
[2022-09-21T20:20:54.527+0000] {logging_mixin.py:117} INFO - [2022-09-21T20:20:54.527+0000] {dag.py:2573} INFO - Sync 1 DAGs
[2022-09-21T20:20:54.593+0000] {logging_mixin.py:117} INFO - [2022-09-21T20:20:54.593+0000] {dag.py:3328} INFO - Setting next_dagrun for example_bash_operator to 2022-09-20T00:00:00+00:00, run_after=2022-09-21T00:00:00+00:00
[2022-09-21T20:20:54.658+0000] {processor.py:178} INFO - Processing /home/airflow/.local/lib/python3.7/site-packages/airflow/example_dags/example_bash_operator.py took 0.473 seconds
[2022-09-21T20:21:24.741+0000] {processor.py:156} INFO - Started process (PID=166) to work on /home/airflow/.local/lib/python3.7/site-packages/airflow/example_dags/example_bash_operator.py
[2022-09-21T20:21:24.742+0000] {processor.py:758} INFO - Processing file /home/airflow/.local/lib/python3.7/site-packages/airflow/example_dags/example_bash_operator.py for tasks to queue
[2022-09-21T20:21:24.743+0000] {logging_mixin.py:117} INFO - [2022-09-21T20:21:24.742+0000] {dagbag.py:525} INFO - Filling up the DagBag from /home/airflow/.local/lib/python3.7/site-packages/airflow/example_dags/example_bash_operator.py
[2022-09-21T20:21:24.909+0000] {processor.py:768} INFO - DAG(s) dict_keys(['example_bash_operator']) retrieved from /home/airflow/.local/lib/python3.7/site-packages/airflow/example_dags/example_bash_operator.py
[2022-09-21T20:21:24.975+0000] {logging_mixin.py:117} INFO - [2022-09-21T20:21:24.975+0000] {dag.py:2573} INFO - Sync 1 DAGs
[2022-09-21T20:21:25.015+0000] {logging_mixin.py:117} INFO - [2022-09-21T20:21:25.015+0000] {dag.py:3328} INFO - Setting next_dagrun for example_bash_operator to 2022-09-20T00:00:00+00:00, run_after=2022-09-21T00:00:00+00:00
[2022-09-21T20:21:25.044+0000] {processor.py:178} INFO - Processing /home/airflow/.local/lib/python3.7/site-packages/airflow/example_dags/example_bash_operator.py took 0.306 seconds
[2022-09-21T20:21:55.685+0000] {processor.py:156} INFO - Started process (PID=230) to work on /home/airflow/.local/lib/python3.7/site-packages/airflow/example_dags/example_bash_operator.py
[2022-09-21T20:21:55.689+0000] {processor.py:758} INFO - Processing file /home/airflow/.local/lib/python3.7/site-packages/airflow/example_dags/example_bash_operator.py for tasks to queue
[2022-09-21T20:21:55.690+0000] {logging_mixin.py:117} INFO - [2022-09-21T20:21:55.690+0000] {dagbag.py:525} INFO - Filling up the DagBag from /home/airflow/.local/lib/python3.7/site-packages/airflow/example_dags/example_bash_operator.py
[2022-09-21T20:21:55.913+0000] {processor.py:768} INFO - DAG(s) dict_keys(['example_bash_operator']) retrieved from /home/airflow/.local/lib/python3.7/site-packages/airflow/example_dags/example_bash_operator.py
[2022-09-21T20:21:55.947+0000] {logging_mixin.py:117} INFO - [2022-09-21T20:21:55.947+0000] {dag.py:2573} INFO - Sync 1 DAGs
[2022-09-21T20:21:55.999+0000] {logging_mixin.py:117} INFO - [2022-09-21T20:21:55.999+0000] {dag.py:3328} INFO - Setting next_dagrun for example_bash_operator to 2022-09-20T00:00:00+00:00, run_after=2022-09-21T00:00:00+00:00
[2022-09-21T20:21:56.029+0000] {processor.py:178} INFO - Processing /home/airflow/.local/lib/python3.7/site-packages/airflow/example_dags/example_bash_operator.py took 0.350 seconds
[2022-09-21T20:22:27.051+0000] {processor.py:156} INFO - Started process (PID=286) to work on /home/airflow/.local/lib/python3.7/site-packages/airflow/example_dags/example_bash_operator.py
[2022-09-21T20:22:27.052+0000] {processor.py:758} INFO - Processing file /home/airflow/.local/lib/python3.7/site-packages/airflow/example_dags/example_bash_operator.py for tasks to queue
[2022-09-21T20:22:27.052+0000] {logging_mixin.py:117} INFO - [2022-09-21T20:22:27.052+0000] {dagbag.py:525} INFO - Filling up the DagBag from /home/airflow/.local/lib/python3.7/site-packages/airflow/example_dags/example_bash_operator.py
[2022-09-21T20:22:27.080+0000] {processor.py:768} INFO - DAG(s) dict_keys(['example_bash_operator']) retrieved from /home/airflow/.local/lib/python3.7/site-packages/airflow/example_dags/example_bash_operator.py
[2022-09-21T20:22:27.138+0000] {logging_mixin.py:117} INFO - [2022-09-21T20:22:27.138+0000] {dag.py:2573} INFO - Sync 1 DAGs
[2022-09-21T20:22:27.182+0000] {logging_mixin.py:117} INFO - [2022-09-21T20:22:27.182+0000] {dag.py:3328} INFO - Setting next_dagrun for example_bash_operator to 2022-09-20T00:00:00+00:00, run_after=2022-09-21T00:00:00+00:00
[2022-09-21T20:22:27.212+0000] {processor.py:178} INFO - Processing /home/airflow/.local/lib/python3.7/site-packages/airflow/example_dags/example_bash_operator.py took 0.165 seconds
[2022-09-21T20:22:57.769+0000] {processor.py:156} INFO - Started process (PID=350) to work on /home/airflow/.local/lib/python3.7/site-packages/airflow/example_dags/example_bash_operator.py
[2022-09-21T20:22:57.770+0000] {processor.py:758} INFO - Processing file /home/airflow/.local/lib/python3.7/site-packages/airflow/example_dags/example_bash_operator.py for tasks to queue
[2022-09-21T20:22:57.770+0000] {logging_mixin.py:117} INFO - [2022-09-21T20:22:57.770+0000] {dagbag.py:525} INFO - Filling up the DagBag from /home/airflow/.local/lib/python3.7/site-packages/airflow/example_dags/example_bash_operator.py
[2022-09-21T20:22:57.795+0000] {processor.py:768} INFO - DAG(s) dict_keys(['example_bash_operator']) retrieved from /home/airflow/.local/lib/python3.7/site-packages/airflow/example_dags/example_bash_operator.py
[2022-09-21T20:22:57.818+0000] {logging_mixin.py:117} INFO - [2022-09-21T20:22:57.818+0000] {dag.py:2573} INFO - Sync 1 DAGs
[2022-09-21T20:22:57.845+0000] {logging_mixin.py:117} INFO - [2022-09-21T20:22:57.845+0000] {dag.py:3328} INFO - Setting next_dagrun for example_bash_operator to 2022-09-20T00:00:00+00:00, run_after=2022-09-21T00:00:00+00:00
[2022-09-21T20:22:57.865+0000] {processor.py:178} INFO - Processing /home/airflow/.local/lib/python3.7/site-packages/airflow/example_dags/example_bash_operator.py took 0.100 seconds
[2022-09-21T20:23:28.075+0000] {processor.py:156} INFO - Started process (PID=414) to work on /home/airflow/.local/lib/python3.7/site-packages/airflow/example_dags/example_bash_operator.py
[2022-09-21T20:23:28.082+0000] {processor.py:758} INFO - Processing file /home/airflow/.local/lib/python3.7/site-packages/airflow/example_dags/example_bash_operator.py for tasks to queue
[2022-09-21T20:23:28.084+0000] {logging_mixin.py:117} INFO - [2022-09-21T20:23:28.083+0000] {dagbag.py:525} INFO - Filling up the DagBag from /home/airflow/.local/lib/python3.7/site-packages/airflow/example_dags/example_bash_operator.py
[2022-09-21T20:23:28.133+0000] {processor.py:768} INFO - DAG(s) dict_keys(['example_bash_operator']) retrieved from /home/airflow/.local/lib/python3.7/site-packages/airflow/example_dags/example_bash_operator.py
[2022-09-21T20:23:28.231+0000] {logging_mixin.py:117} INFO - [2022-09-21T20:23:28.231+0000] {dag.py:2573} INFO - Sync 1 DAGs
[2022-09-21T20:23:28.287+0000] {logging_mixin.py:117} INFO - [2022-09-21T20:23:28.286+0000] {dag.py:3328} INFO - Setting next_dagrun for example_bash_operator to 2022-09-20T00:00:00+00:00, run_after=2022-09-21T00:00:00+00:00
[2022-09-21T20:23:28.331+0000] {processor.py:178} INFO - Processing /home/airflow/.local/lib/python3.7/site-packages/airflow/example_dags/example_bash_operator.py took 0.261 seconds
[2022-09-21T20:23:58.416+0000] {processor.py:156} INFO - Started process (PID=469) to work on /home/airflow/.local/lib/python3.7/site-packages/airflow/example_dags/example_bash_operator.py
[2022-09-21T20:23:58.419+0000] {processor.py:758} INFO - Processing file /home/airflow/.local/lib/python3.7/site-packages/airflow/example_dags/example_bash_operator.py for tasks to queue
[2022-09-21T20:23:58.420+0000] {logging_mixin.py:117} INFO - [2022-09-21T20:23:58.420+0000] {dagbag.py:525} INFO - Filling up the DagBag from /home/airflow/.local/lib/python3.7/site-packages/airflow/example_dags/example_bash_operator.py
[2022-09-21T20:23:58.462+0000] {processor.py:768} INFO - DAG(s) dict_keys(['example_bash_operator']) retrieved from /home/airflow/.local/lib/python3.7/site-packages/airflow/example_dags/example_bash_operator.py
[2022-09-21T20:23:58.583+0000] {logging_mixin.py:117} INFO - [2022-09-21T20:23:58.583+0000] {dag.py:2573} INFO - Sync 1 DAGs
[2022-09-21T20:23:58.645+0000] {logging_mixin.py:117} INFO - [2022-09-21T20:23:58.644+0000] {dag.py:3328} INFO - Setting next_dagrun for example_bash_operator to 2022-09-20T00:00:00+00:00, run_after=2022-09-21T00:00:00+00:00
[2022-09-21T20:23:58.676+0000] {processor.py:178} INFO - Processing /home/airflow/.local/lib/python3.7/site-packages/airflow/example_dags/example_bash_operator.py took 0.265 seconds
[2022-09-21T20:24:29.048+0000] {processor.py:156} INFO - Started process (PID=533) to work on /home/airflow/.local/lib/python3.7/site-packages/airflow/example_dags/example_bash_operator.py
[2022-09-21T20:24:29.049+0000] {processor.py:758} INFO - Processing file /home/airflow/.local/lib/python3.7/site-packages/airflow/example_dags/example_bash_operator.py for tasks to queue
[2022-09-21T20:24:29.050+0000] {logging_mixin.py:117} INFO - [2022-09-21T20:24:29.050+0000] {dagbag.py:525} INFO - Filling up the DagBag from /home/airflow/.local/lib/python3.7/site-packages/airflow/example_dags/example_bash_operator.py
[2022-09-21T20:24:29.087+0000] {processor.py:768} INFO - DAG(s) dict_keys(['example_bash_operator']) retrieved from /home/airflow/.local/lib/python3.7/site-packages/airflow/example_dags/example_bash_operator.py
[2022-09-21T20:24:29.155+0000] {logging_mixin.py:117} INFO - [2022-09-21T20:24:29.155+0000] {dag.py:2573} INFO - Sync 1 DAGs
[2022-09-21T20:24:29.189+0000] {logging_mixin.py:117} INFO - [2022-09-21T20:24:29.189+0000] {dag.py:3328} INFO - Setting next_dagrun for example_bash_operator to 2022-09-20T00:00:00+00:00, run_after=2022-09-21T00:00:00+00:00
[2022-09-21T20:24:29.216+0000] {processor.py:178} INFO - Processing /home/airflow/.local/lib/python3.7/site-packages/airflow/example_dags/example_bash_operator.py took 0.172 seconds
[2022-09-21T20:24:59.359+0000] {processor.py:156} INFO - Started process (PID=588) to work on /home/airflow/.local/lib/python3.7/site-packages/airflow/example_dags/example_bash_operator.py
[2022-09-21T20:24:59.360+0000] {processor.py:758} INFO - Processing file /home/airflow/.local/lib/python3.7/site-packages/airflow/example_dags/example_bash_operator.py for tasks to queue
[2022-09-21T20:24:59.361+0000] {logging_mixin.py:117} INFO - [2022-09-21T20:24:59.361+0000] {dagbag.py:525} INFO - Filling up the DagBag from /home/airflow/.local/lib/python3.7/site-packages/airflow/example_dags/example_bash_operator.py
[2022-09-21T20:24:59.394+0000] {processor.py:768} INFO - DAG(s) dict_keys(['example_bash_operator']) retrieved from /home/airflow/.local/lib/python3.7/site-packages/airflow/example_dags/example_bash_operator.py
[2022-09-21T20:24:59.461+0000] {logging_mixin.py:117} INFO - [2022-09-21T20:24:59.461+0000] {dag.py:2573} INFO - Sync 1 DAGs
[2022-09-21T20:24:59.525+0000] {logging_mixin.py:117} INFO - [2022-09-21T20:24:59.524+0000] {dag.py:3328} INFO - Setting next_dagrun for example_bash_operator to 2022-09-20T00:00:00+00:00, run_after=2022-09-21T00:00:00+00:00
[2022-09-21T20:24:59.566+0000] {processor.py:178} INFO - Processing /home/airflow/.local/lib/python3.7/site-packages/airflow/example_dags/example_bash_operator.py took 0.211 seconds
[2022-09-21T20:25:29.842+0000] {processor.py:156} INFO - Started process (PID=652) to work on /home/airflow/.local/lib/python3.7/site-packages/airflow/example_dags/example_bash_operator.py
[2022-09-21T20:25:29.843+0000] {processor.py:758} INFO - Processing file /home/airflow/.local/lib/python3.7/site-packages/airflow/example_dags/example_bash_operator.py for tasks to queue
[2022-09-21T20:25:29.844+0000] {logging_mixin.py:117} INFO - [2022-09-21T20:25:29.844+0000] {dagbag.py:525} INFO - Filling up the DagBag from /home/airflow/.local/lib/python3.7/site-packages/airflow/example_dags/example_bash_operator.py
[2022-09-21T20:25:29.870+0000] {processor.py:768} INFO - DAG(s) dict_keys(['example_bash_operator']) retrieved from /home/airflow/.local/lib/python3.7/site-packages/airflow/example_dags/example_bash_operator.py
[2022-09-21T20:25:29.927+0000] {logging_mixin.py:117} INFO - [2022-09-21T20:25:29.926+0000] {dag.py:2573} INFO - Sync 1 DAGs
[2022-09-21T20:25:29.964+0000] {logging_mixin.py:117} INFO - [2022-09-21T20:25:29.964+0000] {dag.py:3328} INFO - Setting next_dagrun for example_bash_operator to 2022-09-20T00:00:00+00:00, run_after=2022-09-21T00:00:00+00:00
[2022-09-21T20:25:29.998+0000] {processor.py:178} INFO - Processing /home/airflow/.local/lib/python3.7/site-packages/airflow/example_dags/example_bash_operator.py took 0.159 seconds
[2022-09-21T20:26:00.220+0000] {processor.py:156} INFO - Started process (PID=707) to work on /home/airflow/.local/lib/python3.7/site-packages/airflow/example_dags/example_bash_operator.py
[2022-09-21T20:26:00.221+0000] {processor.py:758} INFO - Processing file /home/airflow/.local/lib/python3.7/site-packages/airflow/example_dags/example_bash_operator.py for tasks to queue
[2022-09-21T20:26:00.221+0000] {logging_mixin.py:117} INFO - [2022-09-21T20:26:00.221+0000] {dagbag.py:525} INFO - Filling up the DagBag from /home/airflow/.local/lib/python3.7/site-packages/airflow/example_dags/example_bash_operator.py
[2022-09-21T20:26:00.241+0000] {processor.py:768} INFO - DAG(s) dict_keys(['example_bash_operator']) retrieved from /home/airflow/.local/lib/python3.7/site-packages/airflow/example_dags/example_bash_operator.py
[2022-09-21T20:26:00.288+0000] {logging_mixin.py:117} INFO - [2022-09-21T20:26:00.288+0000] {dag.py:2573} INFO - Sync 1 DAGs
[2022-09-21T20:26:00.317+0000] {logging_mixin.py:117} INFO - [2022-09-21T20:26:00.317+0000] {dag.py:3328} INFO - Setting next_dagrun for example_bash_operator to 2022-09-20T00:00:00+00:00, run_after=2022-09-21T00:00:00+00:00
[2022-09-21T20:26:00.348+0000] {processor.py:178} INFO - Processing /home/airflow/.local/lib/python3.7/site-packages/airflow/example_dags/example_bash_operator.py took 0.131 seconds
[2022-09-21T20:26:30.693+0000] {processor.py:156} INFO - Started process (PID=770) to work on /home/airflow/.local/lib/python3.7/site-packages/airflow/example_dags/example_bash_operator.py
[2022-09-21T20:26:30.693+0000] {processor.py:758} INFO - Processing file /home/airflow/.local/lib/python3.7/site-packages/airflow/example_dags/example_bash_operator.py for tasks to queue
[2022-09-21T20:26:30.694+0000] {logging_mixin.py:117} INFO - [2022-09-21T20:26:30.694+0000] {dagbag.py:525} INFO - Filling up the DagBag from /home/airflow/.local/lib/python3.7/site-packages/airflow/example_dags/example_bash_operator.py
[2022-09-21T20:26:30.726+0000] {processor.py:768} INFO - DAG(s) dict_keys(['example_bash_operator']) retrieved from /home/airflow/.local/lib/python3.7/site-packages/airflow/example_dags/example_bash_operator.py
[2022-09-21T20:26:30.787+0000] {logging_mixin.py:117} INFO - [2022-09-21T20:26:30.787+0000] {dag.py:2573} INFO - Sync 1 DAGs
[2022-09-21T20:26:30.834+0000] {logging_mixin.py:117} INFO - [2022-09-21T20:26:30.833+0000] {dag.py:3328} INFO - Setting next_dagrun for example_bash_operator to 2022-09-20T00:00:00+00:00, run_after=2022-09-21T00:00:00+00:00
[2022-09-21T20:26:30.861+0000] {processor.py:178} INFO - Processing /home/airflow/.local/lib/python3.7/site-packages/airflow/example_dags/example_bash_operator.py took 0.172 seconds
[2022-09-21T20:27:01.667+0000] {processor.py:156} INFO - Started process (PID=834) to work on /home/airflow/.local/lib/python3.7/site-packages/airflow/example_dags/example_bash_operator.py
[2022-09-21T20:27:01.668+0000] {processor.py:758} INFO - Processing file /home/airflow/.local/lib/python3.7/site-packages/airflow/example_dags/example_bash_operator.py for tasks to queue
[2022-09-21T20:27:01.668+0000] {logging_mixin.py:117} INFO - [2022-09-21T20:27:01.668+0000] {dagbag.py:525} INFO - Filling up the DagBag from /home/airflow/.local/lib/python3.7/site-packages/airflow/example_dags/example_bash_operator.py
[2022-09-21T20:27:01.697+0000] {processor.py:768} INFO - DAG(s) dict_keys(['example_bash_operator']) retrieved from /home/airflow/.local/lib/python3.7/site-packages/airflow/example_dags/example_bash_operator.py
[2022-09-21T20:27:01.755+0000] {logging_mixin.py:117} INFO - [2022-09-21T20:27:01.755+0000] {dag.py:2573} INFO - Sync 1 DAGs
[2022-09-21T20:27:01.781+0000] {logging_mixin.py:117} INFO - [2022-09-21T20:27:01.781+0000] {dag.py:3328} INFO - Setting next_dagrun for example_bash_operator to 2022-09-20T00:00:00+00:00, run_after=2022-09-21T00:00:00+00:00
[2022-09-21T20:27:01.798+0000] {processor.py:178} INFO - Processing /home/airflow/.local/lib/python3.7/site-packages/airflow/example_dags/example_bash_operator.py took 0.135 seconds
[2022-09-21T20:27:31.972+0000] {processor.py:156} INFO - Started process (PID=889) to work on /home/airflow/.local/lib/python3.7/site-packages/airflow/example_dags/example_bash_operator.py
[2022-09-21T20:27:31.973+0000] {processor.py:758} INFO - Processing file /home/airflow/.local/lib/python3.7/site-packages/airflow/example_dags/example_bash_operator.py for tasks to queue
[2022-09-21T20:27:31.973+0000] {logging_mixin.py:117} INFO - [2022-09-21T20:27:31.973+0000] {dagbag.py:525} INFO - Filling up the DagBag from /home/airflow/.local/lib/python3.7/site-packages/airflow/example_dags/example_bash_operator.py
[2022-09-21T20:27:31.995+0000] {processor.py:768} INFO - DAG(s) dict_keys(['example_bash_operator']) retrieved from /home/airflow/.local/lib/python3.7/site-packages/airflow/example_dags/example_bash_operator.py
[2022-09-21T20:27:32.037+0000] {logging_mixin.py:117} INFO - [2022-09-21T20:27:32.037+0000] {dag.py:2573} INFO - Sync 1 DAGs
[2022-09-21T20:27:32.064+0000] {logging_mixin.py:117} INFO - [2022-09-21T20:27:32.064+0000] {dag.py:3328} INFO - Setting next_dagrun for example_bash_operator to 2022-09-20T00:00:00+00:00, run_after=2022-09-21T00:00:00+00:00
[2022-09-21T20:27:32.086+0000] {processor.py:178} INFO - Processing /home/airflow/.local/lib/python3.7/site-packages/airflow/example_dags/example_bash_operator.py took 0.117 seconds
[2022-09-21T20:28:02.353+0000] {processor.py:156} INFO - Started process (PID=953) to work on /home/airflow/.local/lib/python3.7/site-packages/airflow/example_dags/example_bash_operator.py
[2022-09-21T20:28:02.354+0000] {processor.py:758} INFO - Processing file /home/airflow/.local/lib/python3.7/site-packages/airflow/example_dags/example_bash_operator.py for tasks to queue
[2022-09-21T20:28:02.355+0000] {logging_mixin.py:117} INFO - [2022-09-21T20:28:02.354+0000] {dagbag.py:525} INFO - Filling up the DagBag from /home/airflow/.local/lib/python3.7/site-packages/airflow/example_dags/example_bash_operator.py
[2022-09-21T20:28:02.378+0000] {processor.py:768} INFO - DAG(s) dict_keys(['example_bash_operator']) retrieved from /home/airflow/.local/lib/python3.7/site-packages/airflow/example_dags/example_bash_operator.py
[2022-09-21T20:28:02.431+0000] {logging_mixin.py:117} INFO - [2022-09-21T20:28:02.431+0000] {dag.py:2573} INFO - Sync 1 DAGs
[2022-09-21T20:28:02.476+0000] {logging_mixin.py:117} INFO - [2022-09-21T20:28:02.475+0000] {dag.py:3328} INFO - Setting next_dagrun for example_bash_operator to 2022-09-20T00:00:00+00:00, run_after=2022-09-21T00:00:00+00:00
[2022-09-21T20:28:02.506+0000] {processor.py:178} INFO - Processing /home/airflow/.local/lib/python3.7/site-packages/airflow/example_dags/example_bash_operator.py took 0.158 seconds
[2022-09-21T20:28:33.166+0000] {processor.py:156} INFO - Started process (PID=1016) to work on /home/airflow/.local/lib/python3.7/site-packages/airflow/example_dags/example_bash_operator.py
[2022-09-21T20:28:33.166+0000] {processor.py:758} INFO - Processing file /home/airflow/.local/lib/python3.7/site-packages/airflow/example_dags/example_bash_operator.py for tasks to queue
[2022-09-21T20:28:33.167+0000] {logging_mixin.py:117} INFO - [2022-09-21T20:28:33.167+0000] {dagbag.py:525} INFO - Filling up the DagBag from /home/airflow/.local/lib/python3.7/site-packages/airflow/example_dags/example_bash_operator.py
[2022-09-21T20:28:33.189+0000] {processor.py:768} INFO - DAG(s) dict_keys(['example_bash_operator']) retrieved from /home/airflow/.local/lib/python3.7/site-packages/airflow/example_dags/example_bash_operator.py
[2022-09-21T20:28:33.250+0000] {logging_mixin.py:117} INFO - [2022-09-21T20:28:33.250+0000] {dag.py:2573} INFO - Sync 1 DAGs
[2022-09-21T20:28:33.278+0000] {logging_mixin.py:117} INFO - [2022-09-21T20:28:33.277+0000] {dag.py:3328} INFO - Setting next_dagrun for example_bash_operator to 2022-09-20T00:00:00+00:00, run_after=2022-09-21T00:00:00+00:00
[2022-09-21T20:28:33.295+0000] {processor.py:178} INFO - Processing /home/airflow/.local/lib/python3.7/site-packages/airflow/example_dags/example_bash_operator.py took 0.132 seconds
[2022-09-21T20:29:04.049+0000] {processor.py:156} INFO - Started process (PID=1070) to work on /home/airflow/.local/lib/python3.7/site-packages/airflow/example_dags/example_bash_operator.py
[2022-09-21T20:29:04.050+0000] {processor.py:758} INFO - Processing file /home/airflow/.local/lib/python3.7/site-packages/airflow/example_dags/example_bash_operator.py for tasks to queue
[2022-09-21T20:29:04.050+0000] {logging_mixin.py:117} INFO - [2022-09-21T20:29:04.050+0000] {dagbag.py:525} INFO - Filling up the DagBag from /home/airflow/.local/lib/python3.7/site-packages/airflow/example_dags/example_bash_operator.py
[2022-09-21T20:29:04.083+0000] {processor.py:768} INFO - DAG(s) dict_keys(['example_bash_operator']) retrieved from /home/airflow/.local/lib/python3.7/site-packages/airflow/example_dags/example_bash_operator.py
[2022-09-21T20:29:04.133+0000] {logging_mixin.py:117} INFO - [2022-09-21T20:29:04.133+0000] {dag.py:2573} INFO - Sync 1 DAGs
[2022-09-21T20:29:04.160+0000] {logging_mixin.py:117} INFO - [2022-09-21T20:29:04.160+0000] {dag.py:3328} INFO - Setting next_dagrun for example_bash_operator to 2022-09-20T00:00:00+00:00, run_after=2022-09-21T00:00:00+00:00
[2022-09-21T20:29:04.180+0000] {processor.py:178} INFO - Processing /home/airflow/.local/lib/python3.7/site-packages/airflow/example_dags/example_bash_operator.py took 0.135 seconds
[2022-09-21T20:29:34.751+0000] {processor.py:156} INFO - Started process (PID=1134) to work on /home/airflow/.local/lib/python3.7/site-packages/airflow/example_dags/example_bash_operator.py
[2022-09-21T20:29:34.752+0000] {processor.py:758} INFO - Processing file /home/airflow/.local/lib/python3.7/site-packages/airflow/example_dags/example_bash_operator.py for tasks to queue
[2022-09-21T20:29:34.752+0000] {logging_mixin.py:117} INFO - [2022-09-21T20:29:34.752+0000] {dagbag.py:525} INFO - Filling up the DagBag from /home/airflow/.local/lib/python3.7/site-packages/airflow/example_dags/example_bash_operator.py
[2022-09-21T20:29:34.782+0000] {processor.py:768} INFO - DAG(s) dict_keys(['example_bash_operator']) retrieved from /home/airflow/.local/lib/python3.7/site-packages/airflow/example_dags/example_bash_operator.py
[2022-09-21T20:29:34.842+0000] {logging_mixin.py:117} INFO - [2022-09-21T20:29:34.842+0000] {dag.py:2573} INFO - Sync 1 DAGs
[2022-09-21T20:29:34.875+0000] {logging_mixin.py:117} INFO - [2022-09-21T20:29:34.875+0000] {dag.py:3328} INFO - Setting next_dagrun for example_bash_operator to 2022-09-20T00:00:00+00:00, run_after=2022-09-21T00:00:00+00:00
[2022-09-21T20:29:34.901+0000] {processor.py:178} INFO - Processing /home/airflow/.local/lib/python3.7/site-packages/airflow/example_dags/example_bash_operator.py took 0.154 seconds
[2022-09-21T20:30:06.300+0000] {processor.py:156} INFO - Started process (PID=1191) to work on /home/airflow/.local/lib/python3.7/site-packages/airflow/example_dags/example_bash_operator.py
[2022-09-21T20:30:06.309+0000] {processor.py:758} INFO - Processing file /home/airflow/.local/lib/python3.7/site-packages/airflow/example_dags/example_bash_operator.py for tasks to queue
[2022-09-21T20:30:06.310+0000] {logging_mixin.py:117} INFO - [2022-09-21T20:30:06.310+0000] {dagbag.py:525} INFO - Filling up the DagBag from /home/airflow/.local/lib/python3.7/site-packages/airflow/example_dags/example_bash_operator.py
[2022-09-21T20:30:06.368+0000] {processor.py:768} INFO - DAG(s) dict_keys(['example_bash_operator']) retrieved from /home/airflow/.local/lib/python3.7/site-packages/airflow/example_dags/example_bash_operator.py
[2022-09-21T20:30:06.489+0000] {logging_mixin.py:117} INFO - [2022-09-21T20:30:06.489+0000] {dag.py:2573} INFO - Sync 1 DAGs
[2022-09-21T20:30:06.554+0000] {logging_mixin.py:117} INFO - [2022-09-21T20:30:06.554+0000] {dag.py:3328} INFO - Setting next_dagrun for example_bash_operator to 2022-09-20T00:00:00+00:00, run_after=2022-09-21T00:00:00+00:00
[2022-09-21T20:30:06.604+0000] {processor.py:178} INFO - Processing /home/airflow/.local/lib/python3.7/site-packages/airflow/example_dags/example_bash_operator.py took 0.312 seconds
[2022-09-21T20:30:37.014+0000] {processor.py:156} INFO - Started process (PID=1245) to work on /home/airflow/.local/lib/python3.7/site-packages/airflow/example_dags/example_bash_operator.py
[2022-09-21T20:30:37.015+0000] {processor.py:758} INFO - Processing file /home/airflow/.local/lib/python3.7/site-packages/airflow/example_dags/example_bash_operator.py for tasks to queue
[2022-09-21T20:30:37.015+0000] {logging_mixin.py:117} INFO - [2022-09-21T20:30:37.015+0000] {dagbag.py:525} INFO - Filling up the DagBag from /home/airflow/.local/lib/python3.7/site-packages/airflow/example_dags/example_bash_operator.py
[2022-09-21T20:30:37.043+0000] {processor.py:768} INFO - DAG(s) dict_keys(['example_bash_operator']) retrieved from /home/airflow/.local/lib/python3.7/site-packages/airflow/example_dags/example_bash_operator.py
[2022-09-21T20:30:37.100+0000] {logging_mixin.py:117} INFO - [2022-09-21T20:30:37.100+0000] {dag.py:2573} INFO - Sync 1 DAGs
[2022-09-21T20:30:37.141+0000] {logging_mixin.py:117} INFO - [2022-09-21T20:30:37.141+0000] {dag.py:3328} INFO - Setting next_dagrun for example_bash_operator to 2022-09-20T00:00:00+00:00, run_after=2022-09-21T00:00:00+00:00
[2022-09-21T20:30:37.180+0000] {processor.py:178} INFO - Processing /home/airflow/.local/lib/python3.7/site-packages/airflow/example_dags/example_bash_operator.py took 0.169 seconds
[2022-09-21T20:31:07.298+0000] {processor.py:156} INFO - Started process (PID=1309) to work on /home/airflow/.local/lib/python3.7/site-packages/airflow/example_dags/example_bash_operator.py
[2022-09-21T20:31:07.299+0000] {processor.py:758} INFO - Processing file /home/airflow/.local/lib/python3.7/site-packages/airflow/example_dags/example_bash_operator.py for tasks to queue
[2022-09-21T20:31:07.299+0000] {logging_mixin.py:117} INFO - [2022-09-21T20:31:07.299+0000] {dagbag.py:525} INFO - Filling up the DagBag from /home/airflow/.local/lib/python3.7/site-packages/airflow/example_dags/example_bash_operator.py
[2022-09-21T20:31:07.328+0000] {processor.py:768} INFO - DAG(s) dict_keys(['example_bash_operator']) retrieved from /home/airflow/.local/lib/python3.7/site-packages/airflow/example_dags/example_bash_operator.py
[2022-09-21T20:31:07.405+0000] {logging_mixin.py:117} INFO - [2022-09-21T20:31:07.404+0000] {dag.py:2573} INFO - Sync 1 DAGs
[2022-09-21T20:31:07.441+0000] {logging_mixin.py:117} INFO - [2022-09-21T20:31:07.441+0000] {dag.py:3328} INFO - Setting next_dagrun for example_bash_operator to 2022-09-20T00:00:00+00:00, run_after=2022-09-21T00:00:00+00:00
[2022-09-21T20:31:07.467+0000] {processor.py:178} INFO - Processing /home/airflow/.local/lib/python3.7/site-packages/airflow/example_dags/example_bash_operator.py took 0.173 seconds
[2022-09-21T20:31:37.494+0000] {processor.py:156} INFO - Started process (PID=1364) to work on /home/airflow/.local/lib/python3.7/site-packages/airflow/example_dags/example_bash_operator.py
[2022-09-21T20:31:37.495+0000] {processor.py:758} INFO - Processing file /home/airflow/.local/lib/python3.7/site-packages/airflow/example_dags/example_bash_operator.py for tasks to queue
[2022-09-21T20:31:37.495+0000] {logging_mixin.py:117} INFO - [2022-09-21T20:31:37.495+0000] {dagbag.py:525} INFO - Filling up the DagBag from /home/airflow/.local/lib/python3.7/site-packages/airflow/example_dags/example_bash_operator.py
[2022-09-21T20:31:37.523+0000] {processor.py:768} INFO - DAG(s) dict_keys(['example_bash_operator']) retrieved from /home/airflow/.local/lib/python3.7/site-packages/airflow/example_dags/example_bash_operator.py
[2022-09-21T20:31:37.588+0000] {logging_mixin.py:117} INFO - [2022-09-21T20:31:37.587+0000] {dag.py:2573} INFO - Sync 1 DAGs
[2022-09-21T20:31:37.623+0000] {logging_mixin.py:117} INFO - [2022-09-21T20:31:37.623+0000] {dag.py:3328} INFO - Setting next_dagrun for example_bash_operator to 2022-09-20T00:00:00+00:00, run_after=2022-09-21T00:00:00+00:00
[2022-09-21T20:31:37.653+0000] {processor.py:178} INFO - Processing /home/airflow/.local/lib/python3.7/site-packages/airflow/example_dags/example_bash_operator.py took 0.162 seconds
[2022-09-21T20:32:07.776+0000] {processor.py:156} INFO - Started process (PID=1428) to work on /home/airflow/.local/lib/python3.7/site-packages/airflow/example_dags/example_bash_operator.py
[2022-09-21T20:32:07.777+0000] {processor.py:758} INFO - Processing file /home/airflow/.local/lib/python3.7/site-packages/airflow/example_dags/example_bash_operator.py for tasks to queue
[2022-09-21T20:32:07.777+0000] {logging_mixin.py:117} INFO - [2022-09-21T20:32:07.777+0000] {dagbag.py:525} INFO - Filling up the DagBag from /home/airflow/.local/lib/python3.7/site-packages/airflow/example_dags/example_bash_operator.py
[2022-09-21T20:32:07.798+0000] {processor.py:768} INFO - DAG(s) dict_keys(['example_bash_operator']) retrieved from /home/airflow/.local/lib/python3.7/site-packages/airflow/example_dags/example_bash_operator.py
[2022-09-21T20:32:07.843+0000] {logging_mixin.py:117} INFO - [2022-09-21T20:32:07.843+0000] {dag.py:2573} INFO - Sync 1 DAGs
[2022-09-21T20:32:07.874+0000] {logging_mixin.py:117} INFO - [2022-09-21T20:32:07.874+0000] {dag.py:3328} INFO - Setting next_dagrun for example_bash_operator to 2022-09-20T00:00:00+00:00, run_after=2022-09-21T00:00:00+00:00
[2022-09-21T20:32:07.898+0000] {processor.py:178} INFO - Processing /home/airflow/.local/lib/python3.7/site-packages/airflow/example_dags/example_bash_operator.py took 0.125 seconds
[2022-09-21T20:32:38.155+0000] {processor.py:156} INFO - Started process (PID=1491) to work on /home/airflow/.local/lib/python3.7/site-packages/airflow/example_dags/example_bash_operator.py
[2022-09-21T20:32:38.156+0000] {processor.py:758} INFO - Processing file /home/airflow/.local/lib/python3.7/site-packages/airflow/example_dags/example_bash_operator.py for tasks to queue
[2022-09-21T20:32:38.157+0000] {logging_mixin.py:117} INFO - [2022-09-21T20:32:38.157+0000] {dagbag.py:525} INFO - Filling up the DagBag from /home/airflow/.local/lib/python3.7/site-packages/airflow/example_dags/example_bash_operator.py
[2022-09-21T20:32:38.199+0000] {processor.py:768} INFO - DAG(s) dict_keys(['example_bash_operator']) retrieved from /home/airflow/.local/lib/python3.7/site-packages/airflow/example_dags/example_bash_operator.py
[2022-09-21T20:32:38.294+0000] {logging_mixin.py:117} INFO - [2022-09-21T20:32:38.293+0000] {dag.py:2573} INFO - Sync 1 DAGs
[2022-09-21T20:32:38.355+0000] {logging_mixin.py:117} INFO - [2022-09-21T20:32:38.355+0000] {dag.py:3328} INFO - Setting next_dagrun for example_bash_operator to 2022-09-20T00:00:00+00:00, run_after=2022-09-21T00:00:00+00:00
[2022-09-21T20:32:38.394+0000] {processor.py:178} INFO - Processing /home/airflow/.local/lib/python3.7/site-packages/airflow/example_dags/example_bash_operator.py took 0.245 seconds
[2022-09-21T20:33:08.665+0000] {processor.py:156} INFO - Started process (PID=1547) to work on /home/airflow/.local/lib/python3.7/site-packages/airflow/example_dags/example_bash_operator.py
[2022-09-21T20:33:08.665+0000] {processor.py:758} INFO - Processing file /home/airflow/.local/lib/python3.7/site-packages/airflow/example_dags/example_bash_operator.py for tasks to queue
[2022-09-21T20:33:08.666+0000] {logging_mixin.py:117} INFO - [2022-09-21T20:33:08.666+0000] {dagbag.py:525} INFO - Filling up the DagBag from /home/airflow/.local/lib/python3.7/site-packages/airflow/example_dags/example_bash_operator.py
[2022-09-21T20:33:08.689+0000] {processor.py:768} INFO - DAG(s) dict_keys(['example_bash_operator']) retrieved from /home/airflow/.local/lib/python3.7/site-packages/airflow/example_dags/example_bash_operator.py
[2022-09-21T20:33:08.745+0000] {logging_mixin.py:117} INFO - [2022-09-21T20:33:08.745+0000] {dag.py:2573} INFO - Sync 1 DAGs
[2022-09-21T20:33:08.777+0000] {logging_mixin.py:117} INFO - [2022-09-21T20:33:08.777+0000] {dag.py:3328} INFO - Setting next_dagrun for example_bash_operator to 2022-09-20T00:00:00+00:00, run_after=2022-09-21T00:00:00+00:00
[2022-09-21T20:33:08.803+0000] {processor.py:178} INFO - Processing /home/airflow/.local/lib/python3.7/site-packages/airflow/example_dags/example_bash_operator.py took 0.142 seconds
[2022-09-21T20:33:39.509+0000] {processor.py:156} INFO - Started process (PID=1601) to work on /home/airflow/.local/lib/python3.7/site-packages/airflow/example_dags/example_bash_operator.py
[2022-09-21T20:33:39.511+0000] {processor.py:758} INFO - Processing file /home/airflow/.local/lib/python3.7/site-packages/airflow/example_dags/example_bash_operator.py for tasks to queue
[2022-09-21T20:33:39.513+0000] {logging_mixin.py:117} INFO - [2022-09-21T20:33:39.513+0000] {dagbag.py:525} INFO - Filling up the DagBag from /home/airflow/.local/lib/python3.7/site-packages/airflow/example_dags/example_bash_operator.py
[2022-09-21T20:33:39.571+0000] {processor.py:768} INFO - DAG(s) dict_keys(['example_bash_operator']) retrieved from /home/airflow/.local/lib/python3.7/site-packages/airflow/example_dags/example_bash_operator.py
[2022-09-21T20:33:39.688+0000] {logging_mixin.py:117} INFO - [2022-09-21T20:33:39.687+0000] {dag.py:2573} INFO - Sync 1 DAGs
[2022-09-21T20:33:39.757+0000] {logging_mixin.py:117} INFO - [2022-09-21T20:33:39.756+0000] {dag.py:3328} INFO - Setting next_dagrun for example_bash_operator to 2022-09-20T00:00:00+00:00, run_after=2022-09-21T00:00:00+00:00
[2022-09-21T20:33:39.824+0000] {processor.py:178} INFO - Processing /home/airflow/.local/lib/python3.7/site-packages/airflow/example_dags/example_bash_operator.py took 0.322 seconds
[2022-09-21T20:34:10.045+0000] {processor.py:156} INFO - Started process (PID=1656) to work on /home/airflow/.local/lib/python3.7/site-packages/airflow/example_dags/example_bash_operator.py
[2022-09-21T20:34:10.046+0000] {processor.py:758} INFO - Processing file /home/airflow/.local/lib/python3.7/site-packages/airflow/example_dags/example_bash_operator.py for tasks to queue
[2022-09-21T20:34:10.047+0000] {logging_mixin.py:117} INFO - [2022-09-21T20:34:10.047+0000] {dagbag.py:525} INFO - Filling up the DagBag from /home/airflow/.local/lib/python3.7/site-packages/airflow/example_dags/example_bash_operator.py
[2022-09-21T20:34:10.079+0000] {processor.py:768} INFO - DAG(s) dict_keys(['example_bash_operator']) retrieved from /home/airflow/.local/lib/python3.7/site-packages/airflow/example_dags/example_bash_operator.py
[2022-09-21T20:34:10.184+0000] {logging_mixin.py:117} INFO - [2022-09-21T20:34:10.184+0000] {dag.py:2573} INFO - Sync 1 DAGs
[2022-09-21T20:34:10.222+0000] {logging_mixin.py:117} INFO - [2022-09-21T20:34:10.222+0000] {dag.py:3328} INFO - Setting next_dagrun for example_bash_operator to 2022-09-20T00:00:00+00:00, run_after=2022-09-21T00:00:00+00:00
[2022-09-21T20:34:10.262+0000] {processor.py:178} INFO - Processing /home/airflow/.local/lib/python3.7/site-packages/airflow/example_dags/example_bash_operator.py took 0.220 seconds
[2022-09-21T20:34:40.328+0000] {processor.py:156} INFO - Started process (PID=1719) to work on /home/airflow/.local/lib/python3.7/site-packages/airflow/example_dags/example_bash_operator.py
[2022-09-21T20:34:40.328+0000] {processor.py:758} INFO - Processing file /home/airflow/.local/lib/python3.7/site-packages/airflow/example_dags/example_bash_operator.py for tasks to queue
[2022-09-21T20:34:40.329+0000] {logging_mixin.py:117} INFO - [2022-09-21T20:34:40.329+0000] {dagbag.py:525} INFO - Filling up the DagBag from /home/airflow/.local/lib/python3.7/site-packages/airflow/example_dags/example_bash_operator.py
[2022-09-21T20:34:40.352+0000] {processor.py:768} INFO - DAG(s) dict_keys(['example_bash_operator']) retrieved from /home/airflow/.local/lib/python3.7/site-packages/airflow/example_dags/example_bash_operator.py
[2022-09-21T20:34:40.419+0000] {logging_mixin.py:117} INFO - [2022-09-21T20:34:40.419+0000] {dag.py:2573} INFO - Sync 1 DAGs
[2022-09-21T20:34:40.450+0000] {logging_mixin.py:117} INFO - [2022-09-21T20:34:40.449+0000] {dag.py:3328} INFO - Setting next_dagrun for example_bash_operator to 2022-09-20T00:00:00+00:00, run_after=2022-09-21T00:00:00+00:00
[2022-09-21T20:34:40.471+0000] {processor.py:178} INFO - Processing /home/airflow/.local/lib/python3.7/site-packages/airflow/example_dags/example_bash_operator.py took 0.146 seconds
[2022-09-21T20:35:11.113+0000] {processor.py:156} INFO - Started process (PID=1775) to work on /home/airflow/.local/lib/python3.7/site-packages/airflow/example_dags/example_bash_operator.py
[2022-09-21T20:35:11.114+0000] {processor.py:758} INFO - Processing file /home/airflow/.local/lib/python3.7/site-packages/airflow/example_dags/example_bash_operator.py for tasks to queue
[2022-09-21T20:35:11.114+0000] {logging_mixin.py:117} INFO - [2022-09-21T20:35:11.114+0000] {dagbag.py:525} INFO - Filling up the DagBag from /home/airflow/.local/lib/python3.7/site-packages/airflow/example_dags/example_bash_operator.py
[2022-09-21T20:35:11.137+0000] {processor.py:768} INFO - DAG(s) dict_keys(['example_bash_operator']) retrieved from /home/airflow/.local/lib/python3.7/site-packages/airflow/example_dags/example_bash_operator.py
[2022-09-21T20:35:11.192+0000] {logging_mixin.py:117} INFO - [2022-09-21T20:35:11.192+0000] {dag.py:2573} INFO - Sync 1 DAGs
[2022-09-21T20:35:11.223+0000] {logging_mixin.py:117} INFO - [2022-09-21T20:35:11.223+0000] {dag.py:3328} INFO - Setting next_dagrun for example_bash_operator to 2022-09-20T00:00:00+00:00, run_after=2022-09-21T00:00:00+00:00
[2022-09-21T20:35:11.248+0000] {processor.py:178} INFO - Processing /home/airflow/.local/lib/python3.7/site-packages/airflow/example_dags/example_bash_operator.py took 0.138 seconds
