[2022-09-21T20:16:39.393+0000] {processor.py:156} INFO - Started process (PID=59) to work on /home/airflow/.local/lib/python3.7/site-packages/airflow/example_dags/tutorial.py
[2022-09-21T20:16:39.394+0000] {processor.py:758} INFO - Processing file /home/airflow/.local/lib/python3.7/site-packages/airflow/example_dags/tutorial.py for tasks to queue
[2022-09-21T20:16:39.435+0000] {logging_mixin.py:117} INFO - [2022-09-21T20:16:39.434+0000] {dagbag.py:525} INFO - Filling up the DagBag from /home/airflow/.local/lib/python3.7/site-packages/airflow/example_dags/tutorial.py
[2022-09-21T20:16:39.508+0000] {processor.py:768} INFO - DAG(s) dict_keys(['tutorial']) retrieved from /home/airflow/.local/lib/python3.7/site-packages/airflow/example_dags/tutorial.py
[2022-09-21T20:16:39.659+0000] {logging_mixin.py:117} INFO - [2022-09-21T20:16:39.658+0000] {dag.py:2573} INFO - Sync 1 DAGs
[2022-09-21T20:16:39.743+0000] {logging_mixin.py:117} INFO - [2022-09-21T20:16:39.743+0000] {dag.py:3328} INFO - Setting next_dagrun for tutorial to 2022-09-20T20:16:39.743024+00:00, run_after=2022-09-21T20:16:39.743024+00:00
[2022-09-21T20:16:39.871+0000] {processor.py:178} INFO - Processing /home/airflow/.local/lib/python3.7/site-packages/airflow/example_dags/tutorial.py took 0.483 seconds
[2022-09-21T20:20:23.841+0000] {processor.py:156} INFO - Started process (PID=57) to work on /home/airflow/.local/lib/python3.7/site-packages/airflow/example_dags/tutorial.py
[2022-09-21T20:20:23.849+0000] {processor.py:758} INFO - Processing file /home/airflow/.local/lib/python3.7/site-packages/airflow/example_dags/tutorial.py for tasks to queue
[2022-09-21T20:20:23.850+0000] {logging_mixin.py:117} INFO - [2022-09-21T20:20:23.850+0000] {dagbag.py:525} INFO - Filling up the DagBag from /home/airflow/.local/lib/python3.7/site-packages/airflow/example_dags/tutorial.py
[2022-09-21T20:20:23.897+0000] {processor.py:768} INFO - DAG(s) dict_keys(['tutorial']) retrieved from /home/airflow/.local/lib/python3.7/site-packages/airflow/example_dags/tutorial.py
[2022-09-21T20:20:24.329+0000] {logging_mixin.py:117} INFO - [2022-09-21T20:20:24.329+0000] {dag.py:2573} INFO - Sync 1 DAGs
[2022-09-21T20:20:24.383+0000] {logging_mixin.py:117} INFO - [2022-09-21T20:20:24.383+0000] {dag.py:3328} INFO - Setting next_dagrun for tutorial to 2022-09-20T20:20:24.382797+00:00, run_after=2022-09-21T20:20:24.382797+00:00
[2022-09-21T20:20:24.429+0000] {processor.py:178} INFO - Processing /home/airflow/.local/lib/python3.7/site-packages/airflow/example_dags/tutorial.py took 0.601 seconds
[2022-09-21T20:20:54.735+0000] {processor.py:156} INFO - Started process (PID=112) to work on /home/airflow/.local/lib/python3.7/site-packages/airflow/example_dags/tutorial.py
[2022-09-21T20:20:54.745+0000] {processor.py:758} INFO - Processing file /home/airflow/.local/lib/python3.7/site-packages/airflow/example_dags/tutorial.py for tasks to queue
[2022-09-21T20:20:54.746+0000] {logging_mixin.py:117} INFO - [2022-09-21T20:20:54.745+0000] {dagbag.py:525} INFO - Filling up the DagBag from /home/airflow/.local/lib/python3.7/site-packages/airflow/example_dags/tutorial.py
[2022-09-21T20:20:54.794+0000] {processor.py:768} INFO - DAG(s) dict_keys(['tutorial']) retrieved from /home/airflow/.local/lib/python3.7/site-packages/airflow/example_dags/tutorial.py
[2022-09-21T20:20:55.194+0000] {logging_mixin.py:117} INFO - [2022-09-21T20:20:55.193+0000] {dag.py:2573} INFO - Sync 1 DAGs
[2022-09-21T20:20:55.238+0000] {logging_mixin.py:117} INFO - [2022-09-21T20:20:55.238+0000] {dag.py:3328} INFO - Setting next_dagrun for tutorial to 2022-09-20T20:20:55.237710+00:00, run_after=2022-09-21T20:20:55.237710+00:00
[2022-09-21T20:20:55.287+0000] {processor.py:178} INFO - Processing /home/airflow/.local/lib/python3.7/site-packages/airflow/example_dags/tutorial.py took 0.565 seconds
[2022-09-21T20:21:25.342+0000] {processor.py:156} INFO - Started process (PID=168) to work on /home/airflow/.local/lib/python3.7/site-packages/airflow/example_dags/tutorial.py
[2022-09-21T20:21:25.342+0000] {processor.py:758} INFO - Processing file /home/airflow/.local/lib/python3.7/site-packages/airflow/example_dags/tutorial.py for tasks to queue
[2022-09-21T20:21:25.343+0000] {logging_mixin.py:117} INFO - [2022-09-21T20:21:25.343+0000] {dagbag.py:525} INFO - Filling up the DagBag from /home/airflow/.local/lib/python3.7/site-packages/airflow/example_dags/tutorial.py
[2022-09-21T20:21:25.470+0000] {processor.py:768} INFO - DAG(s) dict_keys(['tutorial']) retrieved from /home/airflow/.local/lib/python3.7/site-packages/airflow/example_dags/tutorial.py
[2022-09-21T20:21:25.504+0000] {logging_mixin.py:117} INFO - [2022-09-21T20:21:25.504+0000] {dag.py:2573} INFO - Sync 1 DAGs
[2022-09-21T20:21:25.535+0000] {logging_mixin.py:117} INFO - [2022-09-21T20:21:25.535+0000] {dag.py:3328} INFO - Setting next_dagrun for tutorial to 2022-09-20T20:21:25.535144+00:00, run_after=2022-09-21T20:21:25.535144+00:00
[2022-09-21T20:21:25.554+0000] {processor.py:178} INFO - Processing /home/airflow/.local/lib/python3.7/site-packages/airflow/example_dags/tutorial.py took 0.216 seconds
[2022-09-21T20:21:55.719+0000] {processor.py:156} INFO - Started process (PID=231) to work on /home/airflow/.local/lib/python3.7/site-packages/airflow/example_dags/tutorial.py
[2022-09-21T20:21:55.721+0000] {processor.py:758} INFO - Processing file /home/airflow/.local/lib/python3.7/site-packages/airflow/example_dags/tutorial.py for tasks to queue
[2022-09-21T20:21:55.722+0000] {logging_mixin.py:117} INFO - [2022-09-21T20:21:55.722+0000] {dagbag.py:525} INFO - Filling up the DagBag from /home/airflow/.local/lib/python3.7/site-packages/airflow/example_dags/tutorial.py
[2022-09-21T20:21:55.945+0000] {processor.py:768} INFO - DAG(s) dict_keys(['tutorial']) retrieved from /home/airflow/.local/lib/python3.7/site-packages/airflow/example_dags/tutorial.py
[2022-09-21T20:21:55.978+0000] {logging_mixin.py:117} INFO - [2022-09-21T20:21:55.978+0000] {dag.py:2573} INFO - Sync 1 DAGs
[2022-09-21T20:21:56.022+0000] {logging_mixin.py:117} INFO - [2022-09-21T20:21:56.022+0000] {dag.py:3328} INFO - Setting next_dagrun for tutorial to 2022-09-20T20:21:56.022432+00:00, run_after=2022-09-21T20:21:56.022432+00:00
[2022-09-21T20:21:56.057+0000] {processor.py:178} INFO - Processing /home/airflow/.local/lib/python3.7/site-packages/airflow/example_dags/tutorial.py took 0.343 seconds
[2022-09-21T20:22:27.083+0000] {processor.py:156} INFO - Started process (PID=287) to work on /home/airflow/.local/lib/python3.7/site-packages/airflow/example_dags/tutorial.py
[2022-09-21T20:22:27.083+0000] {processor.py:758} INFO - Processing file /home/airflow/.local/lib/python3.7/site-packages/airflow/example_dags/tutorial.py for tasks to queue
[2022-09-21T20:22:27.084+0000] {logging_mixin.py:117} INFO - [2022-09-21T20:22:27.084+0000] {dagbag.py:525} INFO - Filling up the DagBag from /home/airflow/.local/lib/python3.7/site-packages/airflow/example_dags/tutorial.py
[2022-09-21T20:22:27.097+0000] {processor.py:768} INFO - DAG(s) dict_keys(['tutorial']) retrieved from /home/airflow/.local/lib/python3.7/site-packages/airflow/example_dags/tutorial.py
[2022-09-21T20:22:27.149+0000] {logging_mixin.py:117} INFO - [2022-09-21T20:22:27.149+0000] {dag.py:2573} INFO - Sync 1 DAGs
[2022-09-21T20:22:27.191+0000] {logging_mixin.py:117} INFO - [2022-09-21T20:22:27.191+0000] {dag.py:3328} INFO - Setting next_dagrun for tutorial to 2022-09-20T20:22:27.191123+00:00, run_after=2022-09-21T20:22:27.191123+00:00
[2022-09-21T20:22:27.224+0000] {processor.py:178} INFO - Processing /home/airflow/.local/lib/python3.7/site-packages/airflow/example_dags/tutorial.py took 0.144 seconds
[2022-09-21T20:22:57.797+0000] {processor.py:156} INFO - Started process (PID=351) to work on /home/airflow/.local/lib/python3.7/site-packages/airflow/example_dags/tutorial.py
[2022-09-21T20:22:57.798+0000] {processor.py:758} INFO - Processing file /home/airflow/.local/lib/python3.7/site-packages/airflow/example_dags/tutorial.py for tasks to queue
[2022-09-21T20:22:57.798+0000] {logging_mixin.py:117} INFO - [2022-09-21T20:22:57.798+0000] {dagbag.py:525} INFO - Filling up the DagBag from /home/airflow/.local/lib/python3.7/site-packages/airflow/example_dags/tutorial.py
[2022-09-21T20:22:57.810+0000] {processor.py:768} INFO - DAG(s) dict_keys(['tutorial']) retrieved from /home/airflow/.local/lib/python3.7/site-packages/airflow/example_dags/tutorial.py
[2022-09-21T20:22:57.836+0000] {logging_mixin.py:117} INFO - [2022-09-21T20:22:57.836+0000] {dag.py:2573} INFO - Sync 1 DAGs
[2022-09-21T20:22:57.872+0000] {logging_mixin.py:117} INFO - [2022-09-21T20:22:57.871+0000] {dag.py:3328} INFO - Setting next_dagrun for tutorial to 2022-09-20T20:22:57.871709+00:00, run_after=2022-09-21T20:22:57.871709+00:00
[2022-09-21T20:22:57.896+0000] {processor.py:178} INFO - Processing /home/airflow/.local/lib/python3.7/site-packages/airflow/example_dags/tutorial.py took 0.102 seconds
[2022-09-21T20:23:28.229+0000] {processor.py:156} INFO - Started process (PID=415) to work on /home/airflow/.local/lib/python3.7/site-packages/airflow/example_dags/tutorial.py
[2022-09-21T20:23:28.232+0000] {processor.py:758} INFO - Processing file /home/airflow/.local/lib/python3.7/site-packages/airflow/example_dags/tutorial.py for tasks to queue
[2022-09-21T20:23:28.233+0000] {logging_mixin.py:117} INFO - [2022-09-21T20:23:28.232+0000] {dagbag.py:525} INFO - Filling up the DagBag from /home/airflow/.local/lib/python3.7/site-packages/airflow/example_dags/tutorial.py
[2022-09-21T20:23:28.273+0000] {processor.py:768} INFO - DAG(s) dict_keys(['tutorial']) retrieved from /home/airflow/.local/lib/python3.7/site-packages/airflow/example_dags/tutorial.py
[2022-09-21T20:23:28.375+0000] {logging_mixin.py:117} INFO - [2022-09-21T20:23:28.374+0000] {dag.py:2573} INFO - Sync 1 DAGs
[2022-09-21T20:23:28.429+0000] {logging_mixin.py:117} INFO - [2022-09-21T20:23:28.429+0000] {dag.py:3328} INFO - Setting next_dagrun for tutorial to 2022-09-20T20:23:28.429081+00:00, run_after=2022-09-21T20:23:28.429081+00:00
[2022-09-21T20:23:28.488+0000] {processor.py:178} INFO - Processing /home/airflow/.local/lib/python3.7/site-packages/airflow/example_dags/tutorial.py took 0.268 seconds
[2022-09-21T20:23:58.573+0000] {processor.py:156} INFO - Started process (PID=470) to work on /home/airflow/.local/lib/python3.7/site-packages/airflow/example_dags/tutorial.py
[2022-09-21T20:23:58.574+0000] {processor.py:758} INFO - Processing file /home/airflow/.local/lib/python3.7/site-packages/airflow/example_dags/tutorial.py for tasks to queue
[2022-09-21T20:23:58.575+0000] {logging_mixin.py:117} INFO - [2022-09-21T20:23:58.574+0000] {dagbag.py:525} INFO - Filling up the DagBag from /home/airflow/.local/lib/python3.7/site-packages/airflow/example_dags/tutorial.py
[2022-09-21T20:23:58.636+0000] {processor.py:768} INFO - DAG(s) dict_keys(['tutorial']) retrieved from /home/airflow/.local/lib/python3.7/site-packages/airflow/example_dags/tutorial.py
[2022-09-21T20:23:58.698+0000] {logging_mixin.py:117} INFO - [2022-09-21T20:23:58.698+0000] {dag.py:2573} INFO - Sync 1 DAGs
[2022-09-21T20:23:58.740+0000] {logging_mixin.py:117} INFO - [2022-09-21T20:23:58.740+0000] {dag.py:3328} INFO - Setting next_dagrun for tutorial to 2022-09-20T20:23:58.740195+00:00, run_after=2022-09-21T20:23:58.740195+00:00
[2022-09-21T20:23:58.771+0000] {processor.py:178} INFO - Processing /home/airflow/.local/lib/python3.7/site-packages/airflow/example_dags/tutorial.py took 0.204 seconds
[2022-09-21T20:24:29.155+0000] {processor.py:156} INFO - Started process (PID=534) to work on /home/airflow/.local/lib/python3.7/site-packages/airflow/example_dags/tutorial.py
[2022-09-21T20:24:29.156+0000] {processor.py:758} INFO - Processing file /home/airflow/.local/lib/python3.7/site-packages/airflow/example_dags/tutorial.py for tasks to queue
[2022-09-21T20:24:29.156+0000] {logging_mixin.py:117} INFO - [2022-09-21T20:24:29.156+0000] {dagbag.py:525} INFO - Filling up the DagBag from /home/airflow/.local/lib/python3.7/site-packages/airflow/example_dags/tutorial.py
[2022-09-21T20:24:29.175+0000] {processor.py:768} INFO - DAG(s) dict_keys(['tutorial']) retrieved from /home/airflow/.local/lib/python3.7/site-packages/airflow/example_dags/tutorial.py
[2022-09-21T20:24:29.228+0000] {logging_mixin.py:117} INFO - [2022-09-21T20:24:29.228+0000] {dag.py:2573} INFO - Sync 1 DAGs
[2022-09-21T20:24:29.256+0000] {logging_mixin.py:117} INFO - [2022-09-21T20:24:29.256+0000] {dag.py:3328} INFO - Setting next_dagrun for tutorial to 2022-09-20T20:24:29.256593+00:00, run_after=2022-09-21T20:24:29.256593+00:00
[2022-09-21T20:24:29.277+0000] {processor.py:178} INFO - Processing /home/airflow/.local/lib/python3.7/site-packages/airflow/example_dags/tutorial.py took 0.125 seconds
[2022-09-21T20:24:59.365+0000] {processor.py:156} INFO - Started process (PID=589) to work on /home/airflow/.local/lib/python3.7/site-packages/airflow/example_dags/tutorial.py
[2022-09-21T20:24:59.366+0000] {processor.py:758} INFO - Processing file /home/airflow/.local/lib/python3.7/site-packages/airflow/example_dags/tutorial.py for tasks to queue
[2022-09-21T20:24:59.367+0000] {logging_mixin.py:117} INFO - [2022-09-21T20:24:59.367+0000] {dagbag.py:525} INFO - Filling up the DagBag from /home/airflow/.local/lib/python3.7/site-packages/airflow/example_dags/tutorial.py
[2022-09-21T20:24:59.387+0000] {processor.py:768} INFO - DAG(s) dict_keys(['tutorial']) retrieved from /home/airflow/.local/lib/python3.7/site-packages/airflow/example_dags/tutorial.py
[2022-09-21T20:24:59.510+0000] {logging_mixin.py:117} INFO - [2022-09-21T20:24:59.510+0000] {dag.py:2573} INFO - Sync 1 DAGs
[2022-09-21T20:24:59.571+0000] {logging_mixin.py:117} INFO - [2022-09-21T20:24:59.571+0000] {dag.py:3328} INFO - Setting next_dagrun for tutorial to 2022-09-20T20:24:59.571347+00:00, run_after=2022-09-21T20:24:59.571347+00:00
[2022-09-21T20:24:59.607+0000] {processor.py:178} INFO - Processing /home/airflow/.local/lib/python3.7/site-packages/airflow/example_dags/tutorial.py took 0.247 seconds
[2022-09-21T20:25:29.957+0000] {processor.py:156} INFO - Started process (PID=653) to work on /home/airflow/.local/lib/python3.7/site-packages/airflow/example_dags/tutorial.py
[2022-09-21T20:25:29.957+0000] {processor.py:758} INFO - Processing file /home/airflow/.local/lib/python3.7/site-packages/airflow/example_dags/tutorial.py for tasks to queue
[2022-09-21T20:25:29.958+0000] {logging_mixin.py:117} INFO - [2022-09-21T20:25:29.958+0000] {dagbag.py:525} INFO - Filling up the DagBag from /home/airflow/.local/lib/python3.7/site-packages/airflow/example_dags/tutorial.py
[2022-09-21T20:25:29.981+0000] {processor.py:768} INFO - DAG(s) dict_keys(['tutorial']) retrieved from /home/airflow/.local/lib/python3.7/site-packages/airflow/example_dags/tutorial.py
[2022-09-21T20:25:30.050+0000] {logging_mixin.py:117} INFO - [2022-09-21T20:25:30.049+0000] {dag.py:2573} INFO - Sync 1 DAGs
[2022-09-21T20:25:30.087+0000] {logging_mixin.py:117} INFO - [2022-09-21T20:25:30.087+0000] {dag.py:3328} INFO - Setting next_dagrun for tutorial to 2022-09-20T20:25:30.087130+00:00, run_after=2022-09-21T20:25:30.087130+00:00
[2022-09-21T20:25:30.114+0000] {processor.py:178} INFO - Processing /home/airflow/.local/lib/python3.7/site-packages/airflow/example_dags/tutorial.py took 0.161 seconds
[2022-09-21T20:26:00.281+0000] {processor.py:156} INFO - Started process (PID=708) to work on /home/airflow/.local/lib/python3.7/site-packages/airflow/example_dags/tutorial.py
[2022-09-21T20:26:00.282+0000] {processor.py:758} INFO - Processing file /home/airflow/.local/lib/python3.7/site-packages/airflow/example_dags/tutorial.py for tasks to queue
[2022-09-21T20:26:00.282+0000] {logging_mixin.py:117} INFO - [2022-09-21T20:26:00.282+0000] {dagbag.py:525} INFO - Filling up the DagBag from /home/airflow/.local/lib/python3.7/site-packages/airflow/example_dags/tutorial.py
[2022-09-21T20:26:00.294+0000] {processor.py:768} INFO - DAG(s) dict_keys(['tutorial']) retrieved from /home/airflow/.local/lib/python3.7/site-packages/airflow/example_dags/tutorial.py
[2022-09-21T20:26:00.336+0000] {logging_mixin.py:117} INFO - [2022-09-21T20:26:00.336+0000] {dag.py:2573} INFO - Sync 1 DAGs
[2022-09-21T20:26:00.366+0000] {logging_mixin.py:117} INFO - [2022-09-21T20:26:00.366+0000] {dag.py:3328} INFO - Setting next_dagrun for tutorial to 2022-09-20T20:26:00.365983+00:00, run_after=2022-09-21T20:26:00.365983+00:00
[2022-09-21T20:26:00.386+0000] {processor.py:178} INFO - Processing /home/airflow/.local/lib/python3.7/site-packages/airflow/example_dags/tutorial.py took 0.108 seconds
[2022-09-21T20:26:30.800+0000] {processor.py:156} INFO - Started process (PID=771) to work on /home/airflow/.local/lib/python3.7/site-packages/airflow/example_dags/tutorial.py
[2022-09-21T20:26:30.801+0000] {processor.py:758} INFO - Processing file /home/airflow/.local/lib/python3.7/site-packages/airflow/example_dags/tutorial.py for tasks to queue
[2022-09-21T20:26:30.801+0000] {logging_mixin.py:117} INFO - [2022-09-21T20:26:30.801+0000] {dagbag.py:525} INFO - Filling up the DagBag from /home/airflow/.local/lib/python3.7/site-packages/airflow/example_dags/tutorial.py
[2022-09-21T20:26:30.820+0000] {processor.py:768} INFO - DAG(s) dict_keys(['tutorial']) retrieved from /home/airflow/.local/lib/python3.7/site-packages/airflow/example_dags/tutorial.py
[2022-09-21T20:26:30.868+0000] {logging_mixin.py:117} INFO - [2022-09-21T20:26:30.868+0000] {dag.py:2573} INFO - Sync 1 DAGs
[2022-09-21T20:26:30.895+0000] {logging_mixin.py:117} INFO - [2022-09-21T20:26:30.895+0000] {dag.py:3328} INFO - Setting next_dagrun for tutorial to 2022-09-20T20:26:30.895193+00:00, run_after=2022-09-21T20:26:30.895193+00:00
[2022-09-21T20:26:30.913+0000] {processor.py:178} INFO - Processing /home/airflow/.local/lib/python3.7/site-packages/airflow/example_dags/tutorial.py took 0.117 seconds
[2022-09-21T20:27:01.685+0000] {processor.py:156} INFO - Started process (PID=835) to work on /home/airflow/.local/lib/python3.7/site-packages/airflow/example_dags/tutorial.py
[2022-09-21T20:27:01.685+0000] {processor.py:758} INFO - Processing file /home/airflow/.local/lib/python3.7/site-packages/airflow/example_dags/tutorial.py for tasks to queue
[2022-09-21T20:27:01.686+0000] {logging_mixin.py:117} INFO - [2022-09-21T20:27:01.686+0000] {dagbag.py:525} INFO - Filling up the DagBag from /home/airflow/.local/lib/python3.7/site-packages/airflow/example_dags/tutorial.py
[2022-09-21T20:27:01.700+0000] {processor.py:768} INFO - DAG(s) dict_keys(['tutorial']) retrieved from /home/airflow/.local/lib/python3.7/site-packages/airflow/example_dags/tutorial.py
[2022-09-21T20:27:01.748+0000] {logging_mixin.py:117} INFO - [2022-09-21T20:27:01.747+0000] {dag.py:2573} INFO - Sync 1 DAGs
[2022-09-21T20:27:01.776+0000] {logging_mixin.py:117} INFO - [2022-09-21T20:27:01.776+0000] {dag.py:3328} INFO - Setting next_dagrun for tutorial to 2022-09-20T20:27:01.775804+00:00, run_after=2022-09-21T20:27:01.775804+00:00
[2022-09-21T20:27:01.793+0000] {processor.py:178} INFO - Processing /home/airflow/.local/lib/python3.7/site-packages/airflow/example_dags/tutorial.py took 0.111 seconds
[2022-09-21T20:27:32.076+0000] {processor.py:156} INFO - Started process (PID=890) to work on /home/airflow/.local/lib/python3.7/site-packages/airflow/example_dags/tutorial.py
[2022-09-21T20:27:32.077+0000] {processor.py:758} INFO - Processing file /home/airflow/.local/lib/python3.7/site-packages/airflow/example_dags/tutorial.py for tasks to queue
[2022-09-21T20:27:32.078+0000] {logging_mixin.py:117} INFO - [2022-09-21T20:27:32.078+0000] {dagbag.py:525} INFO - Filling up the DagBag from /home/airflow/.local/lib/python3.7/site-packages/airflow/example_dags/tutorial.py
[2022-09-21T20:27:32.093+0000] {processor.py:768} INFO - DAG(s) dict_keys(['tutorial']) retrieved from /home/airflow/.local/lib/python3.7/site-packages/airflow/example_dags/tutorial.py
[2022-09-21T20:27:32.129+0000] {logging_mixin.py:117} INFO - [2022-09-21T20:27:32.129+0000] {dag.py:2573} INFO - Sync 1 DAGs
[2022-09-21T20:27:32.153+0000] {logging_mixin.py:117} INFO - [2022-09-21T20:27:32.153+0000] {dag.py:3328} INFO - Setting next_dagrun for tutorial to 2022-09-20T20:27:32.153260+00:00, run_after=2022-09-21T20:27:32.153260+00:00
[2022-09-21T20:27:32.171+0000] {processor.py:178} INFO - Processing /home/airflow/.local/lib/python3.7/site-packages/airflow/example_dags/tutorial.py took 0.097 seconds
[2022-09-21T20:28:02.533+0000] {processor.py:156} INFO - Started process (PID=954) to work on /home/airflow/.local/lib/python3.7/site-packages/airflow/example_dags/tutorial.py
[2022-09-21T20:28:02.534+0000] {processor.py:758} INFO - Processing file /home/airflow/.local/lib/python3.7/site-packages/airflow/example_dags/tutorial.py for tasks to queue
[2022-09-21T20:28:02.534+0000] {logging_mixin.py:117} INFO - [2022-09-21T20:28:02.534+0000] {dagbag.py:525} INFO - Filling up the DagBag from /home/airflow/.local/lib/python3.7/site-packages/airflow/example_dags/tutorial.py
[2022-09-21T20:28:02.552+0000] {processor.py:768} INFO - DAG(s) dict_keys(['tutorial']) retrieved from /home/airflow/.local/lib/python3.7/site-packages/airflow/example_dags/tutorial.py
[2022-09-21T20:28:02.600+0000] {logging_mixin.py:117} INFO - [2022-09-21T20:28:02.600+0000] {dag.py:2573} INFO - Sync 1 DAGs
[2022-09-21T20:28:02.640+0000] {logging_mixin.py:117} INFO - [2022-09-21T20:28:02.640+0000] {dag.py:3328} INFO - Setting next_dagrun for tutorial to 2022-09-20T20:28:02.640305+00:00, run_after=2022-09-21T20:28:02.640305+00:00
[2022-09-21T20:28:02.667+0000] {processor.py:178} INFO - Processing /home/airflow/.local/lib/python3.7/site-packages/airflow/example_dags/tutorial.py took 0.138 seconds
[2022-09-21T20:28:33.314+0000] {processor.py:156} INFO - Started process (PID=1017) to work on /home/airflow/.local/lib/python3.7/site-packages/airflow/example_dags/tutorial.py
[2022-09-21T20:28:33.315+0000] {processor.py:758} INFO - Processing file /home/airflow/.local/lib/python3.7/site-packages/airflow/example_dags/tutorial.py for tasks to queue
[2022-09-21T20:28:33.315+0000] {logging_mixin.py:117} INFO - [2022-09-21T20:28:33.315+0000] {dagbag.py:525} INFO - Filling up the DagBag from /home/airflow/.local/lib/python3.7/site-packages/airflow/example_dags/tutorial.py
[2022-09-21T20:28:33.329+0000] {processor.py:768} INFO - DAG(s) dict_keys(['tutorial']) retrieved from /home/airflow/.local/lib/python3.7/site-packages/airflow/example_dags/tutorial.py
[2022-09-21T20:28:33.364+0000] {logging_mixin.py:117} INFO - [2022-09-21T20:28:33.364+0000] {dag.py:2573} INFO - Sync 1 DAGs
[2022-09-21T20:28:33.389+0000] {logging_mixin.py:117} INFO - [2022-09-21T20:28:33.389+0000] {dag.py:3328} INFO - Setting next_dagrun for tutorial to 2022-09-20T20:28:33.389214+00:00, run_after=2022-09-21T20:28:33.389214+00:00
[2022-09-21T20:28:33.407+0000] {processor.py:178} INFO - Processing /home/airflow/.local/lib/python3.7/site-packages/airflow/example_dags/tutorial.py took 0.095 seconds
[2022-09-21T20:29:04.156+0000] {processor.py:156} INFO - Started process (PID=1071) to work on /home/airflow/.local/lib/python3.7/site-packages/airflow/example_dags/tutorial.py
[2022-09-21T20:29:04.157+0000] {processor.py:758} INFO - Processing file /home/airflow/.local/lib/python3.7/site-packages/airflow/example_dags/tutorial.py for tasks to queue
[2022-09-21T20:29:04.157+0000] {logging_mixin.py:117} INFO - [2022-09-21T20:29:04.157+0000] {dagbag.py:525} INFO - Filling up the DagBag from /home/airflow/.local/lib/python3.7/site-packages/airflow/example_dags/tutorial.py
[2022-09-21T20:29:04.171+0000] {processor.py:768} INFO - DAG(s) dict_keys(['tutorial']) retrieved from /home/airflow/.local/lib/python3.7/site-packages/airflow/example_dags/tutorial.py
[2022-09-21T20:29:04.210+0000] {logging_mixin.py:117} INFO - [2022-09-21T20:29:04.209+0000] {dag.py:2573} INFO - Sync 1 DAGs
[2022-09-21T20:29:04.236+0000] {logging_mixin.py:117} INFO - [2022-09-21T20:29:04.236+0000] {dag.py:3328} INFO - Setting next_dagrun for tutorial to 2022-09-20T20:29:04.235889+00:00, run_after=2022-09-21T20:29:04.235889+00:00
[2022-09-21T20:29:04.256+0000] {processor.py:178} INFO - Processing /home/airflow/.local/lib/python3.7/site-packages/airflow/example_dags/tutorial.py took 0.103 seconds
[2022-09-21T20:29:34.922+0000] {processor.py:156} INFO - Started process (PID=1135) to work on /home/airflow/.local/lib/python3.7/site-packages/airflow/example_dags/tutorial.py
[2022-09-21T20:29:34.923+0000] {processor.py:758} INFO - Processing file /home/airflow/.local/lib/python3.7/site-packages/airflow/example_dags/tutorial.py for tasks to queue
[2022-09-21T20:29:34.923+0000] {logging_mixin.py:117} INFO - [2022-09-21T20:29:34.923+0000] {dagbag.py:525} INFO - Filling up the DagBag from /home/airflow/.local/lib/python3.7/site-packages/airflow/example_dags/tutorial.py
[2022-09-21T20:29:34.939+0000] {processor.py:768} INFO - DAG(s) dict_keys(['tutorial']) retrieved from /home/airflow/.local/lib/python3.7/site-packages/airflow/example_dags/tutorial.py
[2022-09-21T20:29:34.986+0000] {logging_mixin.py:117} INFO - [2022-09-21T20:29:34.986+0000] {dag.py:2573} INFO - Sync 1 DAGs
[2022-09-21T20:29:35.015+0000] {logging_mixin.py:117} INFO - [2022-09-21T20:29:35.015+0000] {dag.py:3328} INFO - Setting next_dagrun for tutorial to 2022-09-20T20:29:35.014794+00:00, run_after=2022-09-21T20:29:35.014794+00:00
[2022-09-21T20:29:35.042+0000] {processor.py:178} INFO - Processing /home/airflow/.local/lib/python3.7/site-packages/airflow/example_dags/tutorial.py took 0.124 seconds
[2022-09-21T20:30:06.659+0000] {processor.py:156} INFO - Started process (PID=1192) to work on /home/airflow/.local/lib/python3.7/site-packages/airflow/example_dags/tutorial.py
[2022-09-21T20:30:06.665+0000] {processor.py:758} INFO - Processing file /home/airflow/.local/lib/python3.7/site-packages/airflow/example_dags/tutorial.py for tasks to queue
[2022-09-21T20:30:06.666+0000] {logging_mixin.py:117} INFO - [2022-09-21T20:30:06.666+0000] {dagbag.py:525} INFO - Filling up the DagBag from /home/airflow/.local/lib/python3.7/site-packages/airflow/example_dags/tutorial.py
[2022-09-21T20:30:06.713+0000] {processor.py:768} INFO - DAG(s) dict_keys(['tutorial']) retrieved from /home/airflow/.local/lib/python3.7/site-packages/airflow/example_dags/tutorial.py
[2022-09-21T20:30:06.833+0000] {logging_mixin.py:117} INFO - [2022-09-21T20:30:06.833+0000] {dag.py:2573} INFO - Sync 1 DAGs
[2022-09-21T20:30:06.950+0000] {logging_mixin.py:117} INFO - [2022-09-21T20:30:06.950+0000] {dag.py:3328} INFO - Setting next_dagrun for tutorial to 2022-09-20T20:30:06.949699+00:00, run_after=2022-09-21T20:30:06.949699+00:00
[2022-09-21T20:30:07.021+0000] {processor.py:178} INFO - Processing /home/airflow/.local/lib/python3.7/site-packages/airflow/example_dags/tutorial.py took 0.369 seconds
[2022-09-21T20:30:37.325+0000] {processor.py:156} INFO - Started process (PID=1247) to work on /home/airflow/.local/lib/python3.7/site-packages/airflow/example_dags/tutorial.py
[2022-09-21T20:30:37.326+0000] {processor.py:758} INFO - Processing file /home/airflow/.local/lib/python3.7/site-packages/airflow/example_dags/tutorial.py for tasks to queue
[2022-09-21T20:30:37.326+0000] {logging_mixin.py:117} INFO - [2022-09-21T20:30:37.326+0000] {dagbag.py:525} INFO - Filling up the DagBag from /home/airflow/.local/lib/python3.7/site-packages/airflow/example_dags/tutorial.py
[2022-09-21T20:30:37.344+0000] {processor.py:768} INFO - DAG(s) dict_keys(['tutorial']) retrieved from /home/airflow/.local/lib/python3.7/site-packages/airflow/example_dags/tutorial.py
[2022-09-21T20:30:37.393+0000] {logging_mixin.py:117} INFO - [2022-09-21T20:30:37.393+0000] {dag.py:2573} INFO - Sync 1 DAGs
[2022-09-21T20:30:37.431+0000] {logging_mixin.py:117} INFO - [2022-09-21T20:30:37.431+0000] {dag.py:3328} INFO - Setting next_dagrun for tutorial to 2022-09-20T20:30:37.431202+00:00, run_after=2022-09-21T20:30:37.431202+00:00
[2022-09-21T20:30:37.458+0000] {processor.py:178} INFO - Processing /home/airflow/.local/lib/python3.7/site-packages/airflow/example_dags/tutorial.py took 0.137 seconds
[2022-09-21T20:31:07.498+0000] {processor.py:156} INFO - Started process (PID=1311) to work on /home/airflow/.local/lib/python3.7/site-packages/airflow/example_dags/tutorial.py
[2022-09-21T20:31:07.499+0000] {processor.py:758} INFO - Processing file /home/airflow/.local/lib/python3.7/site-packages/airflow/example_dags/tutorial.py for tasks to queue
[2022-09-21T20:31:07.500+0000] {logging_mixin.py:117} INFO - [2022-09-21T20:31:07.499+0000] {dagbag.py:525} INFO - Filling up the DagBag from /home/airflow/.local/lib/python3.7/site-packages/airflow/example_dags/tutorial.py
[2022-09-21T20:31:07.518+0000] {processor.py:768} INFO - DAG(s) dict_keys(['tutorial']) retrieved from /home/airflow/.local/lib/python3.7/site-packages/airflow/example_dags/tutorial.py
[2022-09-21T20:31:07.583+0000] {logging_mixin.py:117} INFO - [2022-09-21T20:31:07.583+0000] {dag.py:2573} INFO - Sync 1 DAGs
[2022-09-21T20:31:07.636+0000] {logging_mixin.py:117} INFO - [2022-09-21T20:31:07.636+0000] {dag.py:3328} INFO - Setting next_dagrun for tutorial to 2022-09-20T20:31:07.635786+00:00, run_after=2022-09-21T20:31:07.635786+00:00
[2022-09-21T20:31:07.674+0000] {processor.py:178} INFO - Processing /home/airflow/.local/lib/python3.7/site-packages/airflow/example_dags/tutorial.py took 0.180 seconds
[2022-09-21T20:31:38.945+0000] {processor.py:156} INFO - Started process (PID=1376) to work on /home/airflow/.local/lib/python3.7/site-packages/airflow/example_dags/tutorial.py
[2022-09-21T20:31:38.945+0000] {processor.py:758} INFO - Processing file /home/airflow/.local/lib/python3.7/site-packages/airflow/example_dags/tutorial.py for tasks to queue
[2022-09-21T20:31:38.946+0000] {logging_mixin.py:117} INFO - [2022-09-21T20:31:38.946+0000] {dagbag.py:525} INFO - Filling up the DagBag from /home/airflow/.local/lib/python3.7/site-packages/airflow/example_dags/tutorial.py
[2022-09-21T20:31:38.965+0000] {processor.py:768} INFO - DAG(s) dict_keys(['tutorial']) retrieved from /home/airflow/.local/lib/python3.7/site-packages/airflow/example_dags/tutorial.py
[2022-09-21T20:31:39.032+0000] {logging_mixin.py:117} INFO - [2022-09-21T20:31:39.032+0000] {dag.py:2573} INFO - Sync 1 DAGs
[2022-09-21T20:31:39.074+0000] {logging_mixin.py:117} INFO - [2022-09-21T20:31:39.074+0000] {dag.py:3328} INFO - Setting next_dagrun for tutorial to 2022-09-20T20:31:39.073857+00:00, run_after=2022-09-21T20:31:39.073857+00:00
[2022-09-21T20:31:39.102+0000] {processor.py:178} INFO - Processing /home/airflow/.local/lib/python3.7/site-packages/airflow/example_dags/tutorial.py took 0.161 seconds
[2022-09-21T20:32:10.227+0000] {processor.py:156} INFO - Started process (PID=1431) to work on /home/airflow/.local/lib/python3.7/site-packages/airflow/example_dags/tutorial.py
[2022-09-21T20:32:10.227+0000] {processor.py:758} INFO - Processing file /home/airflow/.local/lib/python3.7/site-packages/airflow/example_dags/tutorial.py for tasks to queue
[2022-09-21T20:32:10.228+0000] {logging_mixin.py:117} INFO - [2022-09-21T20:32:10.228+0000] {dagbag.py:525} INFO - Filling up the DagBag from /home/airflow/.local/lib/python3.7/site-packages/airflow/example_dags/tutorial.py
[2022-09-21T20:32:10.244+0000] {processor.py:768} INFO - DAG(s) dict_keys(['tutorial']) retrieved from /home/airflow/.local/lib/python3.7/site-packages/airflow/example_dags/tutorial.py
[2022-09-21T20:32:10.291+0000] {logging_mixin.py:117} INFO - [2022-09-21T20:32:10.291+0000] {dag.py:2573} INFO - Sync 1 DAGs
[2022-09-21T20:32:10.323+0000] {logging_mixin.py:117} INFO - [2022-09-21T20:32:10.322+0000] {dag.py:3328} INFO - Setting next_dagrun for tutorial to 2022-09-20T20:32:10.322691+00:00, run_after=2022-09-21T20:32:10.322691+00:00
[2022-09-21T20:32:10.345+0000] {processor.py:178} INFO - Processing /home/airflow/.local/lib/python3.7/site-packages/airflow/example_dags/tutorial.py took 0.121 seconds
[2022-09-21T20:32:40.708+0000] {processor.py:156} INFO - Started process (PID=1496) to work on /home/airflow/.local/lib/python3.7/site-packages/airflow/example_dags/tutorial.py
[2022-09-21T20:32:40.709+0000] {processor.py:758} INFO - Processing file /home/airflow/.local/lib/python3.7/site-packages/airflow/example_dags/tutorial.py for tasks to queue
[2022-09-21T20:32:40.710+0000] {logging_mixin.py:117} INFO - [2022-09-21T20:32:40.710+0000] {dagbag.py:525} INFO - Filling up the DagBag from /home/airflow/.local/lib/python3.7/site-packages/airflow/example_dags/tutorial.py
[2022-09-21T20:32:40.731+0000] {processor.py:768} INFO - DAG(s) dict_keys(['tutorial']) retrieved from /home/airflow/.local/lib/python3.7/site-packages/airflow/example_dags/tutorial.py
[2022-09-21T20:32:40.788+0000] {logging_mixin.py:117} INFO - [2022-09-21T20:32:40.788+0000] {dag.py:2573} INFO - Sync 1 DAGs
[2022-09-21T20:32:40.820+0000] {logging_mixin.py:117} INFO - [2022-09-21T20:32:40.820+0000] {dag.py:3328} INFO - Setting next_dagrun for tutorial to 2022-09-20T20:32:40.820364+00:00, run_after=2022-09-21T20:32:40.820364+00:00
[2022-09-21T20:32:40.849+0000] {processor.py:178} INFO - Processing /home/airflow/.local/lib/python3.7/site-packages/airflow/example_dags/tutorial.py took 0.147 seconds
[2022-09-21T20:33:11.308+0000] {processor.py:156} INFO - Started process (PID=1550) to work on /home/airflow/.local/lib/python3.7/site-packages/airflow/example_dags/tutorial.py
[2022-09-21T20:33:11.309+0000] {processor.py:758} INFO - Processing file /home/airflow/.local/lib/python3.7/site-packages/airflow/example_dags/tutorial.py for tasks to queue
[2022-09-21T20:33:11.310+0000] {logging_mixin.py:117} INFO - [2022-09-21T20:33:11.310+0000] {dagbag.py:525} INFO - Filling up the DagBag from /home/airflow/.local/lib/python3.7/site-packages/airflow/example_dags/tutorial.py
[2022-09-21T20:33:11.331+0000] {processor.py:768} INFO - DAG(s) dict_keys(['tutorial']) retrieved from /home/airflow/.local/lib/python3.7/site-packages/airflow/example_dags/tutorial.py
[2022-09-21T20:33:11.404+0000] {logging_mixin.py:117} INFO - [2022-09-21T20:33:11.404+0000] {dag.py:2573} INFO - Sync 1 DAGs
[2022-09-21T20:33:11.456+0000] {logging_mixin.py:117} INFO - [2022-09-21T20:33:11.456+0000] {dag.py:3328} INFO - Setting next_dagrun for tutorial to 2022-09-20T20:33:11.455692+00:00, run_after=2022-09-21T20:33:11.455692+00:00
[2022-09-21T20:33:11.492+0000] {processor.py:178} INFO - Processing /home/airflow/.local/lib/python3.7/site-packages/airflow/example_dags/tutorial.py took 0.187 seconds
[2022-09-21T20:33:42.086+0000] {processor.py:156} INFO - Started process (PID=1604) to work on /home/airflow/.local/lib/python3.7/site-packages/airflow/example_dags/tutorial.py
[2022-09-21T20:33:42.086+0000] {processor.py:758} INFO - Processing file /home/airflow/.local/lib/python3.7/site-packages/airflow/example_dags/tutorial.py for tasks to queue
[2022-09-21T20:33:42.087+0000] {logging_mixin.py:117} INFO - [2022-09-21T20:33:42.087+0000] {dagbag.py:525} INFO - Filling up the DagBag from /home/airflow/.local/lib/python3.7/site-packages/airflow/example_dags/tutorial.py
[2022-09-21T20:33:42.102+0000] {processor.py:768} INFO - DAG(s) dict_keys(['tutorial']) retrieved from /home/airflow/.local/lib/python3.7/site-packages/airflow/example_dags/tutorial.py
[2022-09-21T20:33:42.145+0000] {logging_mixin.py:117} INFO - [2022-09-21T20:33:42.144+0000] {dag.py:2573} INFO - Sync 1 DAGs
[2022-09-21T20:33:42.180+0000] {logging_mixin.py:117} INFO - [2022-09-21T20:33:42.180+0000] {dag.py:3328} INFO - Setting next_dagrun for tutorial to 2022-09-20T20:33:42.179958+00:00, run_after=2022-09-21T20:33:42.179958+00:00
[2022-09-21T20:33:42.205+0000] {processor.py:178} INFO - Processing /home/airflow/.local/lib/python3.7/site-packages/airflow/example_dags/tutorial.py took 0.122 seconds
[2022-09-21T20:34:13.058+0000] {processor.py:156} INFO - Started process (PID=1667) to work on /home/airflow/.local/lib/python3.7/site-packages/airflow/example_dags/tutorial.py
[2022-09-21T20:34:13.060+0000] {processor.py:758} INFO - Processing file /home/airflow/.local/lib/python3.7/site-packages/airflow/example_dags/tutorial.py for tasks to queue
[2022-09-21T20:34:13.061+0000] {logging_mixin.py:117} INFO - [2022-09-21T20:34:13.060+0000] {dagbag.py:525} INFO - Filling up the DagBag from /home/airflow/.local/lib/python3.7/site-packages/airflow/example_dags/tutorial.py
[2022-09-21T20:34:13.091+0000] {processor.py:768} INFO - DAG(s) dict_keys(['tutorial']) retrieved from /home/airflow/.local/lib/python3.7/site-packages/airflow/example_dags/tutorial.py
[2022-09-21T20:34:13.158+0000] {logging_mixin.py:117} INFO - [2022-09-21T20:34:13.158+0000] {dag.py:2573} INFO - Sync 1 DAGs
[2022-09-21T20:34:13.205+0000] {logging_mixin.py:117} INFO - [2022-09-21T20:34:13.205+0000] {dag.py:3328} INFO - Setting next_dagrun for tutorial to 2022-09-20T20:34:13.205315+00:00, run_after=2022-09-21T20:34:13.205315+00:00
[2022-09-21T20:34:13.239+0000] {processor.py:178} INFO - Processing /home/airflow/.local/lib/python3.7/site-packages/airflow/example_dags/tutorial.py took 0.187 seconds
[2022-09-21T20:34:43.828+0000] {processor.py:156} INFO - Started process (PID=1722) to work on /home/airflow/.local/lib/python3.7/site-packages/airflow/example_dags/tutorial.py
[2022-09-21T20:34:43.829+0000] {processor.py:758} INFO - Processing file /home/airflow/.local/lib/python3.7/site-packages/airflow/example_dags/tutorial.py for tasks to queue
[2022-09-21T20:34:43.829+0000] {logging_mixin.py:117} INFO - [2022-09-21T20:34:43.829+0000] {dagbag.py:525} INFO - Filling up the DagBag from /home/airflow/.local/lib/python3.7/site-packages/airflow/example_dags/tutorial.py
[2022-09-21T20:34:43.845+0000] {processor.py:768} INFO - DAG(s) dict_keys(['tutorial']) retrieved from /home/airflow/.local/lib/python3.7/site-packages/airflow/example_dags/tutorial.py
[2022-09-21T20:34:43.887+0000] {logging_mixin.py:117} INFO - [2022-09-21T20:34:43.887+0000] {dag.py:2573} INFO - Sync 1 DAGs
[2022-09-21T20:34:43.920+0000] {logging_mixin.py:117} INFO - [2022-09-21T20:34:43.920+0000] {dag.py:3328} INFO - Setting next_dagrun for tutorial to 2022-09-20T20:34:43.920478+00:00, run_after=2022-09-21T20:34:43.920478+00:00
[2022-09-21T20:34:43.942+0000] {processor.py:178} INFO - Processing /home/airflow/.local/lib/python3.7/site-packages/airflow/example_dags/tutorial.py took 0.118 seconds
[2022-09-21T20:35:14.803+0000] {processor.py:156} INFO - Started process (PID=1787) to work on /home/airflow/.local/lib/python3.7/site-packages/airflow/example_dags/tutorial.py
[2022-09-21T20:35:14.803+0000] {processor.py:758} INFO - Processing file /home/airflow/.local/lib/python3.7/site-packages/airflow/example_dags/tutorial.py for tasks to queue
[2022-09-21T20:35:14.804+0000] {logging_mixin.py:117} INFO - [2022-09-21T20:35:14.804+0000] {dagbag.py:525} INFO - Filling up the DagBag from /home/airflow/.local/lib/python3.7/site-packages/airflow/example_dags/tutorial.py
[2022-09-21T20:35:14.825+0000] {processor.py:768} INFO - DAG(s) dict_keys(['tutorial']) retrieved from /home/airflow/.local/lib/python3.7/site-packages/airflow/example_dags/tutorial.py
[2022-09-21T20:35:14.894+0000] {logging_mixin.py:117} INFO - [2022-09-21T20:35:14.893+0000] {dag.py:2573} INFO - Sync 1 DAGs
[2022-09-21T20:35:14.952+0000] {logging_mixin.py:117} INFO - [2022-09-21T20:35:14.952+0000] {dag.py:3328} INFO - Setting next_dagrun for tutorial to 2022-09-20T20:35:14.952217+00:00, run_after=2022-09-21T20:35:14.952217+00:00
[2022-09-21T20:35:14.988+0000] {processor.py:178} INFO - Processing /home/airflow/.local/lib/python3.7/site-packages/airflow/example_dags/tutorial.py took 0.191 seconds
