[2022-09-21T22:04:48.803+0000] {processor.py:156} INFO - Started process (PID=3797) to work on /opt/airflow/dags/postgre_create_table.py
[2022-09-21T22:04:48.804+0000] {processor.py:758} INFO - Processing file /opt/airflow/dags/postgre_create_table.py for tasks to queue
[2022-09-21T22:04:48.804+0000] {logging_mixin.py:117} INFO - [2022-09-21T22:04:48.804+0000] {dagbag.py:525} INFO - Filling up the DagBag from /opt/airflow/dags/postgre_create_table.py
[2022-09-21T22:04:48.806+0000] {processor.py:770} WARNING - No viable dags retrieved from /opt/airflow/dags/postgre_create_table.py
[2022-09-21T22:04:48.819+0000] {processor.py:178} INFO - Processing /opt/airflow/dags/postgre_create_table.py took 0.020 seconds
[2022-09-21T22:05:18.982+0000] {processor.py:156} INFO - Started process (PID=3823) to work on /opt/airflow/dags/postgre_create_table.py
[2022-09-21T22:05:18.983+0000] {processor.py:758} INFO - Processing file /opt/airflow/dags/postgre_create_table.py for tasks to queue
[2022-09-21T22:05:18.984+0000] {logging_mixin.py:117} INFO - [2022-09-21T22:05:18.983+0000] {dagbag.py:525} INFO - Filling up the DagBag from /opt/airflow/dags/postgre_create_table.py
[2022-09-21T22:05:18.985+0000] {processor.py:770} WARNING - No viable dags retrieved from /opt/airflow/dags/postgre_create_table.py
[2022-09-21T22:05:19.004+0000] {processor.py:178} INFO - Processing /opt/airflow/dags/postgre_create_table.py took 0.026 seconds
[2022-09-21T22:05:49.173+0000] {processor.py:156} INFO - Started process (PID=3842) to work on /opt/airflow/dags/postgre_create_table.py
[2022-09-21T22:05:49.177+0000] {processor.py:758} INFO - Processing file /opt/airflow/dags/postgre_create_table.py for tasks to queue
[2022-09-21T22:05:49.178+0000] {logging_mixin.py:117} INFO - [2022-09-21T22:05:49.178+0000] {dagbag.py:525} INFO - Filling up the DagBag from /opt/airflow/dags/postgre_create_table.py
[2022-09-21T22:05:49.180+0000] {processor.py:770} WARNING - No viable dags retrieved from /opt/airflow/dags/postgre_create_table.py
[2022-09-21T22:05:49.198+0000] {processor.py:178} INFO - Processing /opt/airflow/dags/postgre_create_table.py took 0.031 seconds
[2022-09-21T22:06:19.355+0000] {processor.py:156} INFO - Started process (PID=3871) to work on /opt/airflow/dags/postgre_create_table.py
[2022-09-21T22:06:19.356+0000] {processor.py:758} INFO - Processing file /opt/airflow/dags/postgre_create_table.py for tasks to queue
[2022-09-21T22:06:19.357+0000] {logging_mixin.py:117} INFO - [2022-09-21T22:06:19.357+0000] {dagbag.py:525} INFO - Filling up the DagBag from /opt/airflow/dags/postgre_create_table.py
[2022-09-21T22:06:19.358+0000] {processor.py:770} WARNING - No viable dags retrieved from /opt/airflow/dags/postgre_create_table.py
[2022-09-21T22:06:19.374+0000] {processor.py:178} INFO - Processing /opt/airflow/dags/postgre_create_table.py took 0.023 seconds
[2022-09-21T22:06:49.551+0000] {processor.py:156} INFO - Started process (PID=3891) to work on /opt/airflow/dags/postgre_create_table.py
[2022-09-21T22:06:49.554+0000] {processor.py:758} INFO - Processing file /opt/airflow/dags/postgre_create_table.py for tasks to queue
[2022-09-21T22:06:49.555+0000] {logging_mixin.py:117} INFO - [2022-09-21T22:06:49.555+0000] {dagbag.py:525} INFO - Filling up the DagBag from /opt/airflow/dags/postgre_create_table.py
[2022-09-21T22:06:49.557+0000] {processor.py:770} WARNING - No viable dags retrieved from /opt/airflow/dags/postgre_create_table.py
[2022-09-21T22:06:49.578+0000] {processor.py:178} INFO - Processing /opt/airflow/dags/postgre_create_table.py took 0.032 seconds
[2022-09-21T22:07:19.762+0000] {processor.py:156} INFO - Started process (PID=3919) to work on /opt/airflow/dags/postgre_create_table.py
[2022-09-21T22:07:19.765+0000] {processor.py:758} INFO - Processing file /opt/airflow/dags/postgre_create_table.py for tasks to queue
[2022-09-21T22:07:19.766+0000] {logging_mixin.py:117} INFO - [2022-09-21T22:07:19.766+0000] {dagbag.py:525} INFO - Filling up the DagBag from /opt/airflow/dags/postgre_create_table.py
[2022-09-21T22:07:19.768+0000] {processor.py:770} WARNING - No viable dags retrieved from /opt/airflow/dags/postgre_create_table.py
[2022-09-21T22:07:19.784+0000] {processor.py:178} INFO - Processing /opt/airflow/dags/postgre_create_table.py took 0.027 seconds
[2022-09-21T22:07:49.982+0000] {processor.py:156} INFO - Started process (PID=3938) to work on /opt/airflow/dags/postgre_create_table.py
[2022-09-21T22:07:49.987+0000] {processor.py:758} INFO - Processing file /opt/airflow/dags/postgre_create_table.py for tasks to queue
[2022-09-21T22:07:49.988+0000] {logging_mixin.py:117} INFO - [2022-09-21T22:07:49.988+0000] {dagbag.py:525} INFO - Filling up the DagBag from /opt/airflow/dags/postgre_create_table.py
[2022-09-21T22:07:49.991+0000] {processor.py:770} WARNING - No viable dags retrieved from /opt/airflow/dags/postgre_create_table.py
[2022-09-21T22:07:50.011+0000] {processor.py:178} INFO - Processing /opt/airflow/dags/postgre_create_table.py took 0.038 seconds
[2022-09-21T22:08:20.190+0000] {processor.py:156} INFO - Started process (PID=3966) to work on /opt/airflow/dags/postgre_create_table.py
[2022-09-21T22:08:20.190+0000] {processor.py:758} INFO - Processing file /opt/airflow/dags/postgre_create_table.py for tasks to queue
[2022-09-21T22:08:20.191+0000] {logging_mixin.py:117} INFO - [2022-09-21T22:08:20.191+0000] {dagbag.py:525} INFO - Filling up the DagBag from /opt/airflow/dags/postgre_create_table.py
[2022-09-21T22:08:20.192+0000] {processor.py:770} WARNING - No viable dags retrieved from /opt/airflow/dags/postgre_create_table.py
[2022-09-21T22:08:20.208+0000] {processor.py:178} INFO - Processing /opt/airflow/dags/postgre_create_table.py took 0.022 seconds
[2022-09-21T22:08:50.397+0000] {processor.py:156} INFO - Started process (PID=3985) to work on /opt/airflow/dags/postgre_create_table.py
[2022-09-21T22:08:50.398+0000] {processor.py:758} INFO - Processing file /opt/airflow/dags/postgre_create_table.py for tasks to queue
[2022-09-21T22:08:50.399+0000] {logging_mixin.py:117} INFO - [2022-09-21T22:08:50.398+0000] {dagbag.py:525} INFO - Filling up the DagBag from /opt/airflow/dags/postgre_create_table.py
[2022-09-21T22:08:50.402+0000] {processor.py:770} WARNING - No viable dags retrieved from /opt/airflow/dags/postgre_create_table.py
[2022-09-21T22:08:50.420+0000] {processor.py:178} INFO - Processing /opt/airflow/dags/postgre_create_table.py took 0.029 seconds
[2022-09-21T22:09:20.550+0000] {processor.py:156} INFO - Started process (PID=4013) to work on /opt/airflow/dags/postgre_create_table.py
[2022-09-21T22:09:20.551+0000] {processor.py:758} INFO - Processing file /opt/airflow/dags/postgre_create_table.py for tasks to queue
[2022-09-21T22:09:20.552+0000] {logging_mixin.py:117} INFO - [2022-09-21T22:09:20.552+0000] {dagbag.py:525} INFO - Filling up the DagBag from /opt/airflow/dags/postgre_create_table.py
[2022-09-21T22:09:20.553+0000] {processor.py:770} WARNING - No viable dags retrieved from /opt/airflow/dags/postgre_create_table.py
[2022-09-21T22:09:20.577+0000] {processor.py:178} INFO - Processing /opt/airflow/dags/postgre_create_table.py took 0.032 seconds
[2022-09-21T22:09:50.750+0000] {processor.py:156} INFO - Started process (PID=4032) to work on /opt/airflow/dags/postgre_create_table.py
[2022-09-21T22:09:50.751+0000] {processor.py:758} INFO - Processing file /opt/airflow/dags/postgre_create_table.py for tasks to queue
[2022-09-21T22:09:50.752+0000] {logging_mixin.py:117} INFO - [2022-09-21T22:09:50.752+0000] {dagbag.py:525} INFO - Filling up the DagBag from /opt/airflow/dags/postgre_create_table.py
[2022-09-21T22:09:50.754+0000] {processor.py:770} WARNING - No viable dags retrieved from /opt/airflow/dags/postgre_create_table.py
[2022-09-21T22:09:50.769+0000] {processor.py:178} INFO - Processing /opt/airflow/dags/postgre_create_table.py took 0.024 seconds
[2022-09-21T22:10:20.914+0000] {processor.py:156} INFO - Started process (PID=4060) to work on /opt/airflow/dags/postgre_create_table.py
[2022-09-21T22:10:20.915+0000] {processor.py:758} INFO - Processing file /opt/airflow/dags/postgre_create_table.py for tasks to queue
[2022-09-21T22:10:20.915+0000] {logging_mixin.py:117} INFO - [2022-09-21T22:10:20.915+0000] {dagbag.py:525} INFO - Filling up the DagBag from /opt/airflow/dags/postgre_create_table.py
[2022-09-21T22:10:20.917+0000] {processor.py:770} WARNING - No viable dags retrieved from /opt/airflow/dags/postgre_create_table.py
[2022-09-21T22:10:20.930+0000] {processor.py:178} INFO - Processing /opt/airflow/dags/postgre_create_table.py took 0.020 seconds
[2022-09-21T22:10:51.076+0000] {processor.py:156} INFO - Started process (PID=4079) to work on /opt/airflow/dags/postgre_create_table.py
[2022-09-21T22:10:51.077+0000] {processor.py:758} INFO - Processing file /opt/airflow/dags/postgre_create_table.py for tasks to queue
[2022-09-21T22:10:51.078+0000] {logging_mixin.py:117} INFO - [2022-09-21T22:10:51.077+0000] {dagbag.py:525} INFO - Filling up the DagBag from /opt/airflow/dags/postgre_create_table.py
[2022-09-21T22:10:51.079+0000] {processor.py:770} WARNING - No viable dags retrieved from /opt/airflow/dags/postgre_create_table.py
[2022-09-21T22:10:51.094+0000] {processor.py:178} INFO - Processing /opt/airflow/dags/postgre_create_table.py took 0.021 seconds
[2022-09-21T22:11:21.270+0000] {processor.py:156} INFO - Started process (PID=4107) to work on /opt/airflow/dags/postgre_create_table.py
[2022-09-21T22:11:21.271+0000] {processor.py:758} INFO - Processing file /opt/airflow/dags/postgre_create_table.py for tasks to queue
[2022-09-21T22:11:21.272+0000] {logging_mixin.py:117} INFO - [2022-09-21T22:11:21.272+0000] {dagbag.py:525} INFO - Filling up the DagBag from /opt/airflow/dags/postgre_create_table.py
[2022-09-21T22:11:21.273+0000] {processor.py:770} WARNING - No viable dags retrieved from /opt/airflow/dags/postgre_create_table.py
[2022-09-21T22:11:21.290+0000] {processor.py:178} INFO - Processing /opt/airflow/dags/postgre_create_table.py took 0.024 seconds
[2022-09-21T22:11:51.431+0000] {processor.py:156} INFO - Started process (PID=4126) to work on /opt/airflow/dags/postgre_create_table.py
[2022-09-21T22:11:51.434+0000] {processor.py:758} INFO - Processing file /opt/airflow/dags/postgre_create_table.py for tasks to queue
[2022-09-21T22:11:51.435+0000] {logging_mixin.py:117} INFO - [2022-09-21T22:11:51.435+0000] {dagbag.py:525} INFO - Filling up the DagBag from /opt/airflow/dags/postgre_create_table.py
[2022-09-21T22:11:51.436+0000] {processor.py:770} WARNING - No viable dags retrieved from /opt/airflow/dags/postgre_create_table.py
[2022-09-21T22:11:51.450+0000] {processor.py:178} INFO - Processing /opt/airflow/dags/postgre_create_table.py took 0.022 seconds
[2022-09-21T22:12:21.596+0000] {processor.py:156} INFO - Started process (PID=4154) to work on /opt/airflow/dags/postgre_create_table.py
[2022-09-21T22:12:21.599+0000] {processor.py:758} INFO - Processing file /opt/airflow/dags/postgre_create_table.py for tasks to queue
[2022-09-21T22:12:21.599+0000] {logging_mixin.py:117} INFO - [2022-09-21T22:12:21.599+0000] {dagbag.py:525} INFO - Filling up the DagBag from /opt/airflow/dags/postgre_create_table.py
[2022-09-21T22:12:21.600+0000] {processor.py:770} WARNING - No viable dags retrieved from /opt/airflow/dags/postgre_create_table.py
[2022-09-21T22:12:21.614+0000] {processor.py:178} INFO - Processing /opt/airflow/dags/postgre_create_table.py took 0.022 seconds
[2022-09-21T22:12:51.739+0000] {processor.py:156} INFO - Started process (PID=4180) to work on /opt/airflow/dags/postgre_create_table.py
[2022-09-21T22:12:51.740+0000] {processor.py:758} INFO - Processing file /opt/airflow/dags/postgre_create_table.py for tasks to queue
[2022-09-21T22:12:51.740+0000] {logging_mixin.py:117} INFO - [2022-09-21T22:12:51.740+0000] {dagbag.py:525} INFO - Filling up the DagBag from /opt/airflow/dags/postgre_create_table.py
[2022-09-21T22:12:51.742+0000] {processor.py:770} WARNING - No viable dags retrieved from /opt/airflow/dags/postgre_create_table.py
[2022-09-21T22:12:51.781+0000] {processor.py:178} INFO - Processing /opt/airflow/dags/postgre_create_table.py took 0.046 seconds
[2022-09-21T22:13:21.889+0000] {processor.py:156} INFO - Started process (PID=4201) to work on /opt/airflow/dags/postgre_create_table.py
[2022-09-21T22:13:21.890+0000] {processor.py:758} INFO - Processing file /opt/airflow/dags/postgre_create_table.py for tasks to queue
[2022-09-21T22:13:21.891+0000] {logging_mixin.py:117} INFO - [2022-09-21T22:13:21.891+0000] {dagbag.py:525} INFO - Filling up the DagBag from /opt/airflow/dags/postgre_create_table.py
[2022-09-21T22:13:21.892+0000] {processor.py:770} WARNING - No viable dags retrieved from /opt/airflow/dags/postgre_create_table.py
[2022-09-21T22:13:21.907+0000] {processor.py:178} INFO - Processing /opt/airflow/dags/postgre_create_table.py took 0.022 seconds
[2022-09-21T22:13:52.070+0000] {processor.py:156} INFO - Started process (PID=4229) to work on /opt/airflow/dags/postgre_create_table.py
[2022-09-21T22:13:52.071+0000] {processor.py:758} INFO - Processing file /opt/airflow/dags/postgre_create_table.py for tasks to queue
[2022-09-21T22:13:52.072+0000] {logging_mixin.py:117} INFO - [2022-09-21T22:13:52.072+0000] {dagbag.py:525} INFO - Filling up the DagBag from /opt/airflow/dags/postgre_create_table.py
[2022-09-21T22:13:52.073+0000] {processor.py:770} WARNING - No viable dags retrieved from /opt/airflow/dags/postgre_create_table.py
[2022-09-21T22:13:52.088+0000] {processor.py:178} INFO - Processing /opt/airflow/dags/postgre_create_table.py took 0.021 seconds
[2022-09-21T22:14:22.266+0000] {processor.py:156} INFO - Started process (PID=4249) to work on /opt/airflow/dags/postgre_create_table.py
[2022-09-21T22:14:22.267+0000] {processor.py:758} INFO - Processing file /opt/airflow/dags/postgre_create_table.py for tasks to queue
[2022-09-21T22:14:22.268+0000] {logging_mixin.py:117} INFO - [2022-09-21T22:14:22.268+0000] {dagbag.py:525} INFO - Filling up the DagBag from /opt/airflow/dags/postgre_create_table.py
[2022-09-21T22:14:22.270+0000] {processor.py:770} WARNING - No viable dags retrieved from /opt/airflow/dags/postgre_create_table.py
[2022-09-21T22:14:22.294+0000] {processor.py:178} INFO - Processing /opt/airflow/dags/postgre_create_table.py took 0.032 seconds
[2022-09-21T22:14:52.445+0000] {processor.py:156} INFO - Started process (PID=4277) to work on /opt/airflow/dags/postgre_create_table.py
[2022-09-21T22:14:52.445+0000] {processor.py:758} INFO - Processing file /opt/airflow/dags/postgre_create_table.py for tasks to queue
[2022-09-21T22:14:52.446+0000] {logging_mixin.py:117} INFO - [2022-09-21T22:14:52.446+0000] {dagbag.py:525} INFO - Filling up the DagBag from /opt/airflow/dags/postgre_create_table.py
[2022-09-21T22:14:52.448+0000] {processor.py:770} WARNING - No viable dags retrieved from /opt/airflow/dags/postgre_create_table.py
[2022-09-21T22:14:52.462+0000] {processor.py:178} INFO - Processing /opt/airflow/dags/postgre_create_table.py took 0.021 seconds
[2022-09-21T22:15:22.642+0000] {processor.py:156} INFO - Started process (PID=4297) to work on /opt/airflow/dags/postgre_create_table.py
[2022-09-21T22:15:22.646+0000] {processor.py:758} INFO - Processing file /opt/airflow/dags/postgre_create_table.py for tasks to queue
[2022-09-21T22:15:22.646+0000] {logging_mixin.py:117} INFO - [2022-09-21T22:15:22.646+0000] {dagbag.py:525} INFO - Filling up the DagBag from /opt/airflow/dags/postgre_create_table.py
[2022-09-21T22:15:22.648+0000] {processor.py:770} WARNING - No viable dags retrieved from /opt/airflow/dags/postgre_create_table.py
[2022-09-21T22:15:22.663+0000] {processor.py:178} INFO - Processing /opt/airflow/dags/postgre_create_table.py took 0.025 seconds
[2022-09-21T22:15:52.832+0000] {processor.py:156} INFO - Started process (PID=4325) to work on /opt/airflow/dags/postgre_create_table.py
[2022-09-21T22:15:52.833+0000] {processor.py:758} INFO - Processing file /opt/airflow/dags/postgre_create_table.py for tasks to queue
[2022-09-21T22:15:52.833+0000] {logging_mixin.py:117} INFO - [2022-09-21T22:15:52.833+0000] {dagbag.py:525} INFO - Filling up the DagBag from /opt/airflow/dags/postgre_create_table.py
[2022-09-21T22:15:52.835+0000] {processor.py:770} WARNING - No viable dags retrieved from /opt/airflow/dags/postgre_create_table.py
[2022-09-21T22:15:52.850+0000] {processor.py:178} INFO - Processing /opt/airflow/dags/postgre_create_table.py took 0.021 seconds
[2022-09-21T22:16:23.028+0000] {processor.py:156} INFO - Started process (PID=4344) to work on /opt/airflow/dags/postgre_create_table.py
[2022-09-21T22:16:23.031+0000] {processor.py:758} INFO - Processing file /opt/airflow/dags/postgre_create_table.py for tasks to queue
[2022-09-21T22:16:23.032+0000] {logging_mixin.py:117} INFO - [2022-09-21T22:16:23.032+0000] {dagbag.py:525} INFO - Filling up the DagBag from /opt/airflow/dags/postgre_create_table.py
[2022-09-21T22:16:23.033+0000] {processor.py:770} WARNING - No viable dags retrieved from /opt/airflow/dags/postgre_create_table.py
[2022-09-21T22:16:23.047+0000] {processor.py:178} INFO - Processing /opt/airflow/dags/postgre_create_table.py took 0.022 seconds
[2022-09-21T22:16:53.220+0000] {processor.py:156} INFO - Started process (PID=4372) to work on /opt/airflow/dags/postgre_create_table.py
[2022-09-21T22:16:53.221+0000] {processor.py:758} INFO - Processing file /opt/airflow/dags/postgre_create_table.py for tasks to queue
[2022-09-21T22:16:53.222+0000] {logging_mixin.py:117} INFO - [2022-09-21T22:16:53.222+0000] {dagbag.py:525} INFO - Filling up the DagBag from /opt/airflow/dags/postgre_create_table.py
[2022-09-21T22:16:53.223+0000] {processor.py:770} WARNING - No viable dags retrieved from /opt/airflow/dags/postgre_create_table.py
[2022-09-21T22:16:53.237+0000] {processor.py:178} INFO - Processing /opt/airflow/dags/postgre_create_table.py took 0.020 seconds
[2022-09-21T22:17:23.394+0000] {processor.py:156} INFO - Started process (PID=4390) to work on /opt/airflow/dags/postgre_create_table.py
[2022-09-21T22:17:23.395+0000] {processor.py:758} INFO - Processing file /opt/airflow/dags/postgre_create_table.py for tasks to queue
[2022-09-21T22:17:23.396+0000] {logging_mixin.py:117} INFO - [2022-09-21T22:17:23.396+0000] {dagbag.py:525} INFO - Filling up the DagBag from /opt/airflow/dags/postgre_create_table.py
[2022-09-21T22:17:23.397+0000] {processor.py:770} WARNING - No viable dags retrieved from /opt/airflow/dags/postgre_create_table.py
[2022-09-21T22:17:23.415+0000] {processor.py:178} INFO - Processing /opt/airflow/dags/postgre_create_table.py took 0.025 seconds
[2022-09-21T22:17:53.552+0000] {processor.py:156} INFO - Started process (PID=4417) to work on /opt/airflow/dags/postgre_create_table.py
[2022-09-21T22:17:53.553+0000] {processor.py:758} INFO - Processing file /opt/airflow/dags/postgre_create_table.py for tasks to queue
[2022-09-21T22:17:53.554+0000] {logging_mixin.py:117} INFO - [2022-09-21T22:17:53.554+0000] {dagbag.py:525} INFO - Filling up the DagBag from /opt/airflow/dags/postgre_create_table.py
[2022-09-21T22:17:53.556+0000] {processor.py:770} WARNING - No viable dags retrieved from /opt/airflow/dags/postgre_create_table.py
[2022-09-21T22:17:53.572+0000] {processor.py:178} INFO - Processing /opt/airflow/dags/postgre_create_table.py took 0.024 seconds
[2022-09-21T22:18:23.731+0000] {processor.py:156} INFO - Started process (PID=4436) to work on /opt/airflow/dags/postgre_create_table.py
[2022-09-21T22:18:23.732+0000] {processor.py:758} INFO - Processing file /opt/airflow/dags/postgre_create_table.py for tasks to queue
[2022-09-21T22:18:23.733+0000] {logging_mixin.py:117} INFO - [2022-09-21T22:18:23.733+0000] {dagbag.py:525} INFO - Filling up the DagBag from /opt/airflow/dags/postgre_create_table.py
[2022-09-21T22:18:23.734+0000] {processor.py:770} WARNING - No viable dags retrieved from /opt/airflow/dags/postgre_create_table.py
[2022-09-21T22:18:23.751+0000] {processor.py:178} INFO - Processing /opt/airflow/dags/postgre_create_table.py took 0.023 seconds
[2022-09-21T22:18:53.910+0000] {processor.py:156} INFO - Started process (PID=4463) to work on /opt/airflow/dags/postgre_create_table.py
[2022-09-21T22:18:53.914+0000] {processor.py:758} INFO - Processing file /opt/airflow/dags/postgre_create_table.py for tasks to queue
[2022-09-21T22:18:53.914+0000] {logging_mixin.py:117} INFO - [2022-09-21T22:18:53.914+0000] {dagbag.py:525} INFO - Filling up the DagBag from /opt/airflow/dags/postgre_create_table.py
[2022-09-21T22:18:53.916+0000] {processor.py:770} WARNING - No viable dags retrieved from /opt/airflow/dags/postgre_create_table.py
[2022-09-21T22:18:53.931+0000] {processor.py:178} INFO - Processing /opt/airflow/dags/postgre_create_table.py took 0.023 seconds
[2022-09-21T22:19:24.074+0000] {processor.py:156} INFO - Started process (PID=4491) to work on /opt/airflow/dags/postgre_create_table.py
[2022-09-21T22:19:24.077+0000] {processor.py:758} INFO - Processing file /opt/airflow/dags/postgre_create_table.py for tasks to queue
[2022-09-21T22:19:24.078+0000] {logging_mixin.py:117} INFO - [2022-09-21T22:19:24.077+0000] {dagbag.py:525} INFO - Filling up the DagBag from /opt/airflow/dags/postgre_create_table.py
[2022-09-21T22:19:24.079+0000] {processor.py:770} WARNING - No viable dags retrieved from /opt/airflow/dags/postgre_create_table.py
[2022-09-21T22:19:24.093+0000] {processor.py:178} INFO - Processing /opt/airflow/dags/postgre_create_table.py took 0.022 seconds
[2022-09-21T22:19:54.283+0000] {processor.py:156} INFO - Started process (PID=4510) to work on /opt/airflow/dags/postgre_create_table.py
[2022-09-21T22:19:54.284+0000] {processor.py:758} INFO - Processing file /opt/airflow/dags/postgre_create_table.py for tasks to queue
[2022-09-21T22:19:54.285+0000] {logging_mixin.py:117} INFO - [2022-09-21T22:19:54.285+0000] {dagbag.py:525} INFO - Filling up the DagBag from /opt/airflow/dags/postgre_create_table.py
[2022-09-21T22:19:54.286+0000] {processor.py:770} WARNING - No viable dags retrieved from /opt/airflow/dags/postgre_create_table.py
[2022-09-21T22:19:54.303+0000] {processor.py:178} INFO - Processing /opt/airflow/dags/postgre_create_table.py took 0.025 seconds
[2022-09-21T22:20:24.472+0000] {processor.py:156} INFO - Started process (PID=4537) to work on /opt/airflow/dags/postgre_create_table.py
[2022-09-21T22:20:24.476+0000] {processor.py:758} INFO - Processing file /opt/airflow/dags/postgre_create_table.py for tasks to queue
[2022-09-21T22:20:24.477+0000] {logging_mixin.py:117} INFO - [2022-09-21T22:20:24.477+0000] {dagbag.py:525} INFO - Filling up the DagBag from /opt/airflow/dags/postgre_create_table.py
[2022-09-21T22:20:24.479+0000] {processor.py:770} WARNING - No viable dags retrieved from /opt/airflow/dags/postgre_create_table.py
[2022-09-21T22:20:24.503+0000] {processor.py:178} INFO - Processing /opt/airflow/dags/postgre_create_table.py took 0.037 seconds
[2022-09-21T22:20:54.616+0000] {processor.py:156} INFO - Started process (PID=4556) to work on /opt/airflow/dags/postgre_create_table.py
[2022-09-21T22:20:54.617+0000] {processor.py:758} INFO - Processing file /opt/airflow/dags/postgre_create_table.py for tasks to queue
[2022-09-21T22:20:54.618+0000] {logging_mixin.py:117} INFO - [2022-09-21T22:20:54.618+0000] {dagbag.py:525} INFO - Filling up the DagBag from /opt/airflow/dags/postgre_create_table.py
[2022-09-21T22:20:54.619+0000] {processor.py:770} WARNING - No viable dags retrieved from /opt/airflow/dags/postgre_create_table.py
[2022-09-21T22:20:54.636+0000] {processor.py:178} INFO - Processing /opt/airflow/dags/postgre_create_table.py took 0.023 seconds
[2022-09-21T22:21:24.798+0000] {processor.py:156} INFO - Started process (PID=4584) to work on /opt/airflow/dags/postgre_create_table.py
[2022-09-21T22:21:24.805+0000] {processor.py:758} INFO - Processing file /opt/airflow/dags/postgre_create_table.py for tasks to queue
[2022-09-21T22:21:24.808+0000] {logging_mixin.py:117} INFO - [2022-09-21T22:21:24.808+0000] {dagbag.py:525} INFO - Filling up the DagBag from /opt/airflow/dags/postgre_create_table.py
[2022-09-21T22:21:24.812+0000] {processor.py:770} WARNING - No viable dags retrieved from /opt/airflow/dags/postgre_create_table.py
[2022-09-21T22:21:24.887+0000] {processor.py:178} INFO - Processing /opt/airflow/dags/postgre_create_table.py took 0.097 seconds
[2022-09-21T22:21:54.975+0000] {processor.py:156} INFO - Started process (PID=4602) to work on /opt/airflow/dags/postgre_create_table.py
[2022-09-21T22:21:54.976+0000] {processor.py:758} INFO - Processing file /opt/airflow/dags/postgre_create_table.py for tasks to queue
[2022-09-21T22:21:54.977+0000] {logging_mixin.py:117} INFO - [2022-09-21T22:21:54.977+0000] {dagbag.py:525} INFO - Filling up the DagBag from /opt/airflow/dags/postgre_create_table.py
[2022-09-21T22:21:54.980+0000] {processor.py:770} WARNING - No viable dags retrieved from /opt/airflow/dags/postgre_create_table.py
[2022-09-21T22:21:55.005+0000] {processor.py:178} INFO - Processing /opt/airflow/dags/postgre_create_table.py took 0.037 seconds
[2022-09-21T22:22:25.126+0000] {processor.py:156} INFO - Started process (PID=4620) to work on /opt/airflow/dags/postgre_create_table.py
[2022-09-21T22:22:25.130+0000] {processor.py:758} INFO - Processing file /opt/airflow/dags/postgre_create_table.py for tasks to queue
[2022-09-21T22:22:25.131+0000] {logging_mixin.py:117} INFO - [2022-09-21T22:22:25.130+0000] {dagbag.py:525} INFO - Filling up the DagBag from /opt/airflow/dags/postgre_create_table.py
[2022-09-21T22:22:25.132+0000] {processor.py:770} WARNING - No viable dags retrieved from /opt/airflow/dags/postgre_create_table.py
[2022-09-21T22:22:25.150+0000] {processor.py:178} INFO - Processing /opt/airflow/dags/postgre_create_table.py took 0.027 seconds
[2022-09-21T22:22:55.327+0000] {processor.py:156} INFO - Started process (PID=4648) to work on /opt/airflow/dags/postgre_create_table.py
[2022-09-21T22:22:55.328+0000] {processor.py:758} INFO - Processing file /opt/airflow/dags/postgre_create_table.py for tasks to queue
[2022-09-21T22:22:55.328+0000] {logging_mixin.py:117} INFO - [2022-09-21T22:22:55.328+0000] {dagbag.py:525} INFO - Filling up the DagBag from /opt/airflow/dags/postgre_create_table.py
[2022-09-21T22:22:55.329+0000] {processor.py:770} WARNING - No viable dags retrieved from /opt/airflow/dags/postgre_create_table.py
[2022-09-21T22:22:55.343+0000] {processor.py:178} INFO - Processing /opt/airflow/dags/postgre_create_table.py took 0.020 seconds
[2022-09-21T22:23:25.488+0000] {processor.py:156} INFO - Started process (PID=4667) to work on /opt/airflow/dags/postgre_create_table.py
[2022-09-21T22:23:25.491+0000] {processor.py:758} INFO - Processing file /opt/airflow/dags/postgre_create_table.py for tasks to queue
[2022-09-21T22:23:25.492+0000] {logging_mixin.py:117} INFO - [2022-09-21T22:23:25.492+0000] {dagbag.py:525} INFO - Filling up the DagBag from /opt/airflow/dags/postgre_create_table.py
[2022-09-21T22:23:25.493+0000] {processor.py:770} WARNING - No viable dags retrieved from /opt/airflow/dags/postgre_create_table.py
[2022-09-21T22:23:25.511+0000] {processor.py:178} INFO - Processing /opt/airflow/dags/postgre_create_table.py took 0.027 seconds
[2022-09-21T22:23:55.627+0000] {processor.py:156} INFO - Started process (PID=4694) to work on /opt/airflow/dags/postgre_create_table.py
[2022-09-21T22:23:55.631+0000] {processor.py:758} INFO - Processing file /opt/airflow/dags/postgre_create_table.py for tasks to queue
[2022-09-21T22:23:55.632+0000] {logging_mixin.py:117} INFO - [2022-09-21T22:23:55.632+0000] {dagbag.py:525} INFO - Filling up the DagBag from /opt/airflow/dags/postgre_create_table.py
[2022-09-21T22:23:55.633+0000] {processor.py:770} WARNING - No viable dags retrieved from /opt/airflow/dags/postgre_create_table.py
[2022-09-21T22:23:55.647+0000] {processor.py:178} INFO - Processing /opt/airflow/dags/postgre_create_table.py took 0.024 seconds
[2022-09-21T22:24:25.816+0000] {processor.py:156} INFO - Started process (PID=4713) to work on /opt/airflow/dags/postgre_create_table.py
[2022-09-21T22:24:25.819+0000] {processor.py:758} INFO - Processing file /opt/airflow/dags/postgre_create_table.py for tasks to queue
[2022-09-21T22:24:25.820+0000] {logging_mixin.py:117} INFO - [2022-09-21T22:24:25.820+0000] {dagbag.py:525} INFO - Filling up the DagBag from /opt/airflow/dags/postgre_create_table.py
[2022-09-21T22:24:25.821+0000] {processor.py:770} WARNING - No viable dags retrieved from /opt/airflow/dags/postgre_create_table.py
[2022-09-21T22:24:25.838+0000] {processor.py:178} INFO - Processing /opt/airflow/dags/postgre_create_table.py took 0.026 seconds
[2022-09-21T22:24:56.005+0000] {processor.py:156} INFO - Started process (PID=4742) to work on /opt/airflow/dags/postgre_create_table.py
[2022-09-21T22:24:56.006+0000] {processor.py:758} INFO - Processing file /opt/airflow/dags/postgre_create_table.py for tasks to queue
[2022-09-21T22:24:56.007+0000] {logging_mixin.py:117} INFO - [2022-09-21T22:24:56.007+0000] {dagbag.py:525} INFO - Filling up the DagBag from /opt/airflow/dags/postgre_create_table.py
[2022-09-21T22:24:56.009+0000] {processor.py:770} WARNING - No viable dags retrieved from /opt/airflow/dags/postgre_create_table.py
[2022-09-21T22:24:56.028+0000] {processor.py:178} INFO - Processing /opt/airflow/dags/postgre_create_table.py took 0.026 seconds
[2022-09-21T22:25:26.221+0000] {processor.py:156} INFO - Started process (PID=4761) to work on /opt/airflow/dags/postgre_create_table.py
[2022-09-21T22:25:26.224+0000] {processor.py:758} INFO - Processing file /opt/airflow/dags/postgre_create_table.py for tasks to queue
[2022-09-21T22:25:26.226+0000] {logging_mixin.py:117} INFO - [2022-09-21T22:25:26.226+0000] {dagbag.py:525} INFO - Filling up the DagBag from /opt/airflow/dags/postgre_create_table.py
[2022-09-21T22:25:26.228+0000] {processor.py:770} WARNING - No viable dags retrieved from /opt/airflow/dags/postgre_create_table.py
[2022-09-21T22:25:26.247+0000] {processor.py:178} INFO - Processing /opt/airflow/dags/postgre_create_table.py took 0.032 seconds
[2022-09-21T22:25:56.400+0000] {processor.py:156} INFO - Started process (PID=4790) to work on /opt/airflow/dags/postgre_create_table.py
[2022-09-21T22:25:56.401+0000] {processor.py:758} INFO - Processing file /opt/airflow/dags/postgre_create_table.py for tasks to queue
[2022-09-21T22:25:56.401+0000] {logging_mixin.py:117} INFO - [2022-09-21T22:25:56.401+0000] {dagbag.py:525} INFO - Filling up the DagBag from /opt/airflow/dags/postgre_create_table.py
[2022-09-21T22:25:56.403+0000] {processor.py:770} WARNING - No viable dags retrieved from /opt/airflow/dags/postgre_create_table.py
[2022-09-21T22:25:56.418+0000] {processor.py:178} INFO - Processing /opt/airflow/dags/postgre_create_table.py took 0.021 seconds
[2022-09-21T22:26:26.591+0000] {processor.py:156} INFO - Started process (PID=4809) to work on /opt/airflow/dags/postgre_create_table.py
[2022-09-21T22:26:26.595+0000] {processor.py:758} INFO - Processing file /opt/airflow/dags/postgre_create_table.py for tasks to queue
[2022-09-21T22:26:26.596+0000] {logging_mixin.py:117} INFO - [2022-09-21T22:26:26.596+0000] {dagbag.py:525} INFO - Filling up the DagBag from /opt/airflow/dags/postgre_create_table.py
[2022-09-21T22:26:26.597+0000] {processor.py:770} WARNING - No viable dags retrieved from /opt/airflow/dags/postgre_create_table.py
[2022-09-21T22:26:26.616+0000] {processor.py:178} INFO - Processing /opt/airflow/dags/postgre_create_table.py took 0.033 seconds
[2022-09-21T22:26:56.781+0000] {processor.py:156} INFO - Started process (PID=4836) to work on /opt/airflow/dags/postgre_create_table.py
[2022-09-21T22:26:56.781+0000] {processor.py:758} INFO - Processing file /opt/airflow/dags/postgre_create_table.py for tasks to queue
[2022-09-21T22:26:56.782+0000] {logging_mixin.py:117} INFO - [2022-09-21T22:26:56.782+0000] {dagbag.py:525} INFO - Filling up the DagBag from /opt/airflow/dags/postgre_create_table.py
[2022-09-21T22:26:56.783+0000] {processor.py:770} WARNING - No viable dags retrieved from /opt/airflow/dags/postgre_create_table.py
[2022-09-21T22:26:56.798+0000] {processor.py:178} INFO - Processing /opt/airflow/dags/postgre_create_table.py took 0.020 seconds
[2022-09-21T22:27:26.953+0000] {processor.py:156} INFO - Started process (PID=4854) to work on /opt/airflow/dags/postgre_create_table.py
[2022-09-21T22:27:26.954+0000] {processor.py:758} INFO - Processing file /opt/airflow/dags/postgre_create_table.py for tasks to queue
[2022-09-21T22:27:26.955+0000] {logging_mixin.py:117} INFO - [2022-09-21T22:27:26.955+0000] {dagbag.py:525} INFO - Filling up the DagBag from /opt/airflow/dags/postgre_create_table.py
[2022-09-21T22:27:26.956+0000] {processor.py:770} WARNING - No viable dags retrieved from /opt/airflow/dags/postgre_create_table.py
[2022-09-21T22:27:26.978+0000] {processor.py:178} INFO - Processing /opt/airflow/dags/postgre_create_table.py took 0.030 seconds
[2022-09-21T22:27:57.129+0000] {processor.py:156} INFO - Started process (PID=4882) to work on /opt/airflow/dags/postgre_create_table.py
[2022-09-21T22:27:57.130+0000] {processor.py:758} INFO - Processing file /opt/airflow/dags/postgre_create_table.py for tasks to queue
[2022-09-21T22:27:57.131+0000] {logging_mixin.py:117} INFO - [2022-09-21T22:27:57.131+0000] {dagbag.py:525} INFO - Filling up the DagBag from /opt/airflow/dags/postgre_create_table.py
[2022-09-21T22:27:57.133+0000] {processor.py:770} WARNING - No viable dags retrieved from /opt/airflow/dags/postgre_create_table.py
[2022-09-21T22:27:57.150+0000] {processor.py:178} INFO - Processing /opt/airflow/dags/postgre_create_table.py took 0.026 seconds
[2022-09-21T22:28:27.296+0000] {processor.py:156} INFO - Started process (PID=4901) to work on /opt/airflow/dags/postgre_create_table.py
[2022-09-21T22:28:27.298+0000] {processor.py:758} INFO - Processing file /opt/airflow/dags/postgre_create_table.py for tasks to queue
[2022-09-21T22:28:27.299+0000] {logging_mixin.py:117} INFO - [2022-09-21T22:28:27.298+0000] {dagbag.py:525} INFO - Filling up the DagBag from /opt/airflow/dags/postgre_create_table.py
[2022-09-21T22:28:27.300+0000] {processor.py:770} WARNING - No viable dags retrieved from /opt/airflow/dags/postgre_create_table.py
[2022-09-21T22:28:27.316+0000] {processor.py:178} INFO - Processing /opt/airflow/dags/postgre_create_table.py took 0.024 seconds
[2022-09-21T22:28:57.458+0000] {processor.py:156} INFO - Started process (PID=4930) to work on /opt/airflow/dags/postgre_create_table.py
[2022-09-21T22:28:57.458+0000] {processor.py:758} INFO - Processing file /opt/airflow/dags/postgre_create_table.py for tasks to queue
[2022-09-21T22:28:57.459+0000] {logging_mixin.py:117} INFO - [2022-09-21T22:28:57.459+0000] {dagbag.py:525} INFO - Filling up the DagBag from /opt/airflow/dags/postgre_create_table.py
[2022-09-21T22:28:57.460+0000] {processor.py:770} WARNING - No viable dags retrieved from /opt/airflow/dags/postgre_create_table.py
[2022-09-21T22:28:57.473+0000] {processor.py:178} INFO - Processing /opt/airflow/dags/postgre_create_table.py took 0.020 seconds
[2022-09-21T22:29:27.632+0000] {processor.py:156} INFO - Started process (PID=4956) to work on /opt/airflow/dags/postgre_create_table.py
[2022-09-21T22:29:27.636+0000] {processor.py:758} INFO - Processing file /opt/airflow/dags/postgre_create_table.py for tasks to queue
[2022-09-21T22:29:27.637+0000] {logging_mixin.py:117} INFO - [2022-09-21T22:29:27.637+0000] {dagbag.py:525} INFO - Filling up the DagBag from /opt/airflow/dags/postgre_create_table.py
[2022-09-21T22:29:27.638+0000] {processor.py:770} WARNING - No viable dags retrieved from /opt/airflow/dags/postgre_create_table.py
[2022-09-21T22:29:27.654+0000] {processor.py:178} INFO - Processing /opt/airflow/dags/postgre_create_table.py took 0.025 seconds
[2022-09-21T22:29:57.809+0000] {processor.py:156} INFO - Started process (PID=4978) to work on /opt/airflow/dags/postgre_create_table.py
[2022-09-21T22:29:57.812+0000] {processor.py:758} INFO - Processing file /opt/airflow/dags/postgre_create_table.py for tasks to queue
[2022-09-21T22:29:57.813+0000] {logging_mixin.py:117} INFO - [2022-09-21T22:29:57.813+0000] {dagbag.py:525} INFO - Filling up the DagBag from /opt/airflow/dags/postgre_create_table.py
[2022-09-21T22:29:57.814+0000] {processor.py:770} WARNING - No viable dags retrieved from /opt/airflow/dags/postgre_create_table.py
[2022-09-21T22:29:57.829+0000] {processor.py:178} INFO - Processing /opt/airflow/dags/postgre_create_table.py took 0.023 seconds
[2022-09-21T22:30:27.977+0000] {processor.py:156} INFO - Started process (PID=5006) to work on /opt/airflow/dags/postgre_create_table.py
[2022-09-21T22:30:27.978+0000] {processor.py:758} INFO - Processing file /opt/airflow/dags/postgre_create_table.py for tasks to queue
[2022-09-21T22:30:27.978+0000] {logging_mixin.py:117} INFO - [2022-09-21T22:30:27.978+0000] {dagbag.py:525} INFO - Filling up the DagBag from /opt/airflow/dags/postgre_create_table.py
[2022-09-21T22:30:27.980+0000] {processor.py:770} WARNING - No viable dags retrieved from /opt/airflow/dags/postgre_create_table.py
[2022-09-21T22:30:27.994+0000] {processor.py:178} INFO - Processing /opt/airflow/dags/postgre_create_table.py took 0.021 seconds
[2022-09-21T22:30:58.154+0000] {processor.py:156} INFO - Started process (PID=5025) to work on /opt/airflow/dags/postgre_create_table.py
[2022-09-21T22:30:58.155+0000] {processor.py:758} INFO - Processing file /opt/airflow/dags/postgre_create_table.py for tasks to queue
[2022-09-21T22:30:58.156+0000] {logging_mixin.py:117} INFO - [2022-09-21T22:30:58.156+0000] {dagbag.py:525} INFO - Filling up the DagBag from /opt/airflow/dags/postgre_create_table.py
[2022-09-21T22:30:58.158+0000] {processor.py:770} WARNING - No viable dags retrieved from /opt/airflow/dags/postgre_create_table.py
[2022-09-21T22:30:58.179+0000] {processor.py:178} INFO - Processing /opt/airflow/dags/postgre_create_table.py took 0.030 seconds
